SLURM job running in:  /work-zfs/lhc/heshy/JHUGen/xsecs/JHUGen_new/JHUGenerator
LHAPDF 6.1.5 loading /work-zfs/lhc/cms/slc6_amd64_gcc493/external/lhapdf/6.1.5-kpegke3/share/LHAPDF/NNPDF30_lo_as_0130/NNPDF30_lo_as_0130_0000.dat
NNPDF30_lo_as_0130 PDF set, member #0, version 2; LHAPDF ID = 263000
 
                                                                                          
   ***************************************************************************************
   *                                JHU Generator v7.0.2                                 *
   ***************************************************************************************
   *                                                                                     *
   *   Spin and parity determination of single-produced resonances at hadron colliders   *
   *                                                                                     *
   *          I. Anderson, S. Bolognesi, F. Caola, Y. Gao, A. Gritsan, Z. Guo,           *
   *        C. Martin, K. Melnikov, R. Rontsch, H. Roskes, U. Sarica, M. Schulze,        *
   *                   N. Tran, A. Whitbeck, M. Xiao, C. You, Y. Zhou                    *
   *               Phys.Rev. D81 (2010) 075022;  arXiv:1001.3396  [hep-ph],              *
   *               Phys.Rev. D86 (2012) 095031;  arXiv:1208.4018  [hep-ph],              *
   *               Phys.Rev. D89 (2014) 035007;  arXiv:1309.4819  [hep-ph],              *
   *               Phys.Rev. D94 (2016) 055023;  arXiv:1606.03107 [hep-ph].              *
   *                                                                                     *
   ***************************************************************************************
                                                                                          
   
   Command line: ./JHUGen Unweighted=0 VegasNc0=99999999 VegasNc1=99999999 VegasNc2=99999999 LHAPDF=NNPDF30_lo_as_0130/NNPDF30_lo_as_0130.info MReso=226 DecayMode1=0 DecayMode2=0 Interf=0 Process=0 ghz1=1,0
   
   Input Parameter:
    Collider: P-P, sqrt(s)=13000.00
    Resonance: spin=0, mass= 226.00 width=   0.00407
    DecayMode1: 0  DecayMode2: 0
    Z-boson: mass=91.188, width=2.4952
    Random seed:   406293511
    To reproduce results using this seed, JHUGen should be compiled with the same compiler:
      GNU Fortran (GCC) 4.9.3
    
    OffXVV: TTT
    WidthScheme:   2
    PChannel: 0
    LHAPDF set NNPDF30_lo_as_0130/NNPDF30_lo_as_0130.info, member=  0
    Unweighted: F
    Interference: F
    Intermediate off-shell photons: F
    
    spin-0-VV couplings: 
      generate_as=F
      ghg2=  0.10000000E+01  0.00000000E+00i
      ghz1=  0.10000000E+01  0.00000000E+00i
      Lambda=  1000.0
    
    LHE output: ./data/output.lhe
    Histogram output: ./data/output.dat
    Log file: ./data/output.log
    
  Running

  Input parameters for vegas:  ndim= 11   ncall= 99999999.
                              it=    0    itmx=    5
                              acc=-1.00    
                              mds=  0     nd=  50
                              (xl,xu)= (  0.00000     ,  1.00000     )
                                       (  0.00000     ,  1.00000     )
                                       (  0.00000     ,  1.00000     )
                                       (  0.00000     ,  1.00000     )
                                       (  0.00000     ,  1.00000     )
                                       (  0.00000     ,  1.00000     )
                                       (  0.00000     ,  1.00000     )
                                       (  0.00000     ,  1.00000     )
                                       (  0.00000     ,  1.00000     )
                                       (  0.00000     ,  1.00000     )
                                       (  0.00000     ,  1.00000     )

#********** Integration by Vegas (iteration       1) ************
#                                                               *
#  integral  =  13868.579       accum. integral =  13868.579    *
#  std. dev. =  6.6911732       accum. std. dev =  6.6911732    *
#   min/max. wt. =    0.00000            0.371202E-01           *
#                                                               *
#*************   chi**2/iteration =  0.000       ****************


#********** Integration by Vegas (iteration       2) ************
#                                                               *
#  integral  =  13870.080       accum. integral =  13870.019    *
#  std. dev. =  1.3787632       accum. std. dev =  1.3503256    *
#   min/max. wt. =    0.00000            0.182208E-02           *
#                                                               *
#*************   chi**2/iteration = 0.4821E-01   ****************


#********** Integration by Vegas (iteration       3) ************
#                                                               *
#  integral  =  13871.343       accum. integral =  13871.024    *
#  std. dev. = 0.75993753       accum. std. dev = 0.66222249    *
#   min/max. wt. =    0.00000            0.648320E-03           *
#                                                               *
#*************   chi**2/iteration = 0.3887       ****************


#********** Integration by Vegas (iteration       4) ************
#                                                               *
#  integral  =  13870.886       accum. integral =  13870.958    *
#  std. dev. = 0.68924320       accum. std. dev = 0.47752183    *
#   min/max. wt. =    0.00000            0.115631E-02           *
#                                                               *
#*************   chi**2/iteration = 0.2662       ****************


#********** Integration by Vegas (iteration       5) ************
#                                                               *
#  integral  =  13871.689       accum. integral =  13871.196    *
#  std. dev. = 0.68630309       accum. std. dev = 0.39196986    *
#   min/max. wt. =    0.00000            0.142781E-02           *
#                                                               *
#*************   chi**2/iteration = 0.3909       ****************

 ****************************************************
 * Writing out vegas grid to ./data/output.grid                                                      
 ****************************************************

  Input parameters for vegas:  ndim= 11   ncall= 99999999.
                              it=    0    itmx=    2
                              acc=-1.00    
                              mds=  0     nd=  50
                              (xl,xu)= (  0.00000     ,  1.00000     )
                                       (  0.00000     ,  1.00000     )
                                       (  0.00000     ,  1.00000     )
                                       (  0.00000     ,  1.00000     )
                                       (  0.00000     ,  1.00000     )
                                       (  0.00000     ,  1.00000     )
                                       (  0.00000     ,  1.00000     )
                                       (  0.00000     ,  1.00000     )
                                       (  0.00000     ,  1.00000     )
                                       (  0.00000     ,  1.00000     )
                                       (  0.00000     ,  1.00000     )

#********** Integration by Vegas (iteration       1) ************
#                                                               *
#  integral  =  13871.482       accum. integral =  13871.482    *
#  std. dev. = 0.68729553       accum. std. dev = 0.68729553    *
#   min/max. wt. =    0.00000            0.158747E-02           *
#                                                               *
#*************   chi**2/iteration = 0.1262E-03   ****************


#********** Integration by Vegas (iteration       2) ************
#                                                               *
#  integral  =  13870.956       accum. integral =  13871.220    *
#  std. dev. = 0.68833937       accum. std. dev = 0.48635995    *
#   min/max. wt. =    0.00000            0.169750E-02           *
#                                                               *
#*************   chi**2/iteration = 0.2917       ****************

 Done
