SLURM job running in:  /work-zfs/lhc/heshy/JHUGen/xsecs/JHUGen_new/JHUGenerator
LHAPDF 6.1.5 loading /work-zfs/lhc/cms/slc6_amd64_gcc493/external/lhapdf/6.1.5-kpegke3/share/LHAPDF/NNPDF30_lo_as_0130/NNPDF30_lo_as_0130_0000.dat
NNPDF30_lo_as_0130 PDF set, member #0, version 2; LHAPDF ID = 263000
 
                                                                                          
   ***************************************************************************************
   *                                JHU Generator v7.0.2                                 *
   ***************************************************************************************
   *                                                                                     *
   *   Spin and parity determination of single-produced resonances at hadron colliders   *
   *                                                                                     *
   *          I. Anderson, S. Bolognesi, F. Caola, Y. Gao, A. Gritsan, Z. Guo,           *
   *        C. Martin, K. Melnikov, R. Rontsch, H. Roskes, U. Sarica, M. Schulze,        *
   *                   N. Tran, A. Whitbeck, M. Xiao, C. You, Y. Zhou                    *
   *               Phys.Rev. D81 (2010) 075022;  arXiv:1001.3396  [hep-ph],              *
   *               Phys.Rev. D86 (2012) 095031;  arXiv:1208.4018  [hep-ph],              *
   *               Phys.Rev. D89 (2014) 035007;  arXiv:1309.4819  [hep-ph],              *
   *               Phys.Rev. D94 (2016) 055023;  arXiv:1606.03107 [hep-ph].              *
   *                                                                                     *
   ***************************************************************************************
                                                                                          
   
   Command line: ./JHUGen Unweighted=0 VegasNc0=99999999 VegasNc1=99999999 VegasNc2=99999999 LHAPDF=NNPDF30_lo_as_0130/NNPDF30_lo_as_0130.info MReso=316 DecayMode1=0 DecayMode2=0 Interf=0 Process=0 ghz1=1,0
   
   Input Parameter:
    Collider: P-P, sqrt(s)=13000.00
    Resonance: spin=0, mass= 316.00 width=   0.00407
    DecayMode1: 0  DecayMode2: 0
    Z-boson: mass=91.188, width=2.4952
    Random seed:   481431782
    To reproduce results using this seed, JHUGen should be compiled with the same compiler:
      GNU Fortran (GCC) 4.9.3
    
    OffXVV: TTT
    WidthScheme:   2
    PChannel: 0
    LHAPDF set NNPDF30_lo_as_0130/NNPDF30_lo_as_0130.info, member=  0
    Unweighted: F
    Interference: F
    Intermediate off-shell photons: F
    
    spin-0-VV couplings: 
      generate_as=F
      ghg2=  0.10000000E+01  0.00000000E+00i
      ghz1=  0.10000000E+01  0.00000000E+00i
      Lambda=  1000.0
    
    LHE output: ./data/output.lhe
    Histogram output: ./data/output.dat
    Log file: ./data/output.log
    
  Running

  Input parameters for vegas:  ndim= 11   ncall= 99999999.
                              it=    0    itmx=    5
                              acc=-1.00    
                              mds=  0     nd=  50
                              (xl,xu)= (  0.00000     ,  1.00000     )
                                       (  0.00000     ,  1.00000     )
                                       (  0.00000     ,  1.00000     )
                                       (  0.00000     ,  1.00000     )
                                       (  0.00000     ,  1.00000     )
                                       (  0.00000     ,  1.00000     )
                                       (  0.00000     ,  1.00000     )
                                       (  0.00000     ,  1.00000     )
                                       (  0.00000     ,  1.00000     )
                                       (  0.00000     ,  1.00000     )
                                       (  0.00000     ,  1.00000     )

#********** Integration by Vegas (iteration       1) ************
#                                                               *
#  integral  =  26489.813       accum. integral =  26489.813    *
#  std. dev. =  11.657962       accum. std. dev =  11.657962    *
#   min/max. wt. =    0.00000            0.277706E-01           *
#                                                               *
#*************   chi**2/iteration =  0.000       ****************


#********** Integration by Vegas (iteration       2) ************
#                                                               *
#  integral  =  26474.295       accum. integral =  26475.077    *
#  std. dev. =  2.6830689       accum. std. dev =  2.6154028    *
#   min/max. wt. =    0.00000            0.188761E-02           *
#                                                               *
#*************   chi**2/iteration =  1.682       ****************


#********** Integration by Vegas (iteration       3) ************
#                                                               *
#  integral  =  26475.556       accum. integral =  26475.393    *
#  std. dev. =  1.8752692       accum. std. dev =  1.5241257    *
#   min/max. wt. =    0.00000            0.106333E-02           *
#                                                               *
#*************   chi**2/iteration = 0.8525       ****************


#********** Integration by Vegas (iteration       4) ************
#                                                               *
#  integral  =  26475.463       accum. integral =  26475.423    *
#  std. dev. =  1.7878639       accum. std. dev =  1.1599014    *
#   min/max. wt. =    0.00000            0.231550E-02           *
#                                                               *
#*************   chi**2/iteration = 0.5688       ****************


#********** Integration by Vegas (iteration       5) ************
#                                                               *
#  integral  =  26476.729       accum. integral =  26475.810    *
#  std. dev. =  1.7871870       accum. std. dev = 0.97295929    *
#   min/max. wt. =    0.00000            0.288586E-02           *
#                                                               *
#*************   chi**2/iteration = 0.5207       ****************

 ****************************************************
 * Writing out vegas grid to ./data/output.grid                                                      
 ****************************************************

  Input parameters for vegas:  ndim= 11   ncall= 99999999.
                              it=    0    itmx=    2
                              acc=-1.00    
                              mds=  0     nd=  50
                              (xl,xu)= (  0.00000     ,  1.00000     )
                                       (  0.00000     ,  1.00000     )
                                       (  0.00000     ,  1.00000     )
                                       (  0.00000     ,  1.00000     )
                                       (  0.00000     ,  1.00000     )
                                       (  0.00000     ,  1.00000     )
                                       (  0.00000     ,  1.00000     )
                                       (  0.00000     ,  1.00000     )
                                       (  0.00000     ,  1.00000     )
                                       (  0.00000     ,  1.00000     )
                                       (  0.00000     ,  1.00000     )

#********** Integration by Vegas (iteration       1) ************
#                                                               *
#  integral  =  26473.812       accum. integral =  26473.812    *
#  std. dev. =  1.7889913       accum. std. dev =  1.7889913    *
#   min/max. wt. =    0.00000            0.324210E-02           *
#                                                               *
#*************   chi**2/iteration = -.3725E-04   ****************


#********** Integration by Vegas (iteration       2) ************
#                                                               *
#  integral  =  26478.586       accum. integral =  26476.197    *
#  std. dev. =  1.7906072       accum. std. dev =  1.2655789    *
#   min/max. wt. =    0.00000            0.319294E-02           *
#                                                               *
#*************   chi**2/iteration =  3.554       ****************

 Done
