SLURM job running in:  /work-zfs/lhc/heshy/JHUGen/xsecs/JHUGen_new/JHUGenerator
LHAPDF 6.1.5 loading /work-zfs/lhc/cms/slc6_amd64_gcc493/external/lhapdf/6.1.5-kpegke3/share/LHAPDF/NNPDF30_lo_as_0130/NNPDF30_lo_as_0130_0000.dat
NNPDF30_lo_as_0130 PDF set, member #0, version 2; LHAPDF ID = 263000
 
                                                                                          
   ***************************************************************************************
   *                                JHU Generator v7.0.2                                 *
   ***************************************************************************************
   *                                                                                     *
   *   Spin and parity determination of single-produced resonances at hadron colliders   *
   *                                                                                     *
   *          I. Anderson, S. Bolognesi, F. Caola, Y. Gao, A. Gritsan, Z. Guo,           *
   *        C. Martin, K. Melnikov, R. Rontsch, H. Roskes, U. Sarica, M. Schulze,        *
   *                   N. Tran, A. Whitbeck, M. Xiao, C. You, Y. Zhou                    *
   *               Phys.Rev. D81 (2010) 075022;  arXiv:1001.3396  [hep-ph],              *
   *               Phys.Rev. D86 (2012) 095031;  arXiv:1208.4018  [hep-ph],              *
   *               Phys.Rev. D89 (2014) 035007;  arXiv:1309.4819  [hep-ph],              *
   *               Phys.Rev. D94 (2016) 055023;  arXiv:1606.03107 [hep-ph].              *
   *                                                                                     *
   ***************************************************************************************
                                                                                          
   
   Command line: ./JHUGen Unweighted=0 VegasNc0=99999999 VegasNc1=99999999 VegasNc2=99999999 LHAPDF=NNPDF30_lo_as_0130/NNPDF30_lo_as_0130.info MReso=1310 DecayMode1=0 DecayMode2=0 Interf=0 Process=0 ghz1=0,0 ghz2=1,0
   
   Input Parameter:
    Collider: P-P, sqrt(s)=13000.00
    Resonance: spin=0, mass=1310.00 width=   0.00407
    DecayMode1: 0  DecayMode2: 0
    Z-boson: mass=91.188, width=2.4952
    Random seed:   182498637
    To reproduce results using this seed, JHUGen should be compiled with the same compiler:
      GNU Fortran (GCC) 4.9.3
    
    OffXVV: TTT
    WidthScheme:   2
    PChannel: 0
    LHAPDF set NNPDF30_lo_as_0130/NNPDF30_lo_as_0130.info, member=  0
    Unweighted: F
    Interference: F
    Intermediate off-shell photons: F
    
    spin-0-VV couplings: 
      generate_as=F
      ghg2=  0.10000000E+01  0.00000000E+00i
      ghz2=  0.10000000E+01  0.00000000E+00i
      Lambda=  1000.0
    
    LHE output: ./data/output.lhe
    Histogram output: ./data/output.dat
    Log file: ./data/output.log
    
  Running

  Input parameters for vegas:  ndim= 11   ncall= 99999999.
                              it=    0    itmx=    5
                              acc=-1.00    
                              mds=  0     nd=  50
                              (xl,xu)= (  0.00000     ,  1.00000     )
                                       (  0.00000     ,  1.00000     )
                                       (  0.00000     ,  1.00000     )
                                       (  0.00000     ,  1.00000     )
                                       (  0.00000     ,  1.00000     )
                                       (  0.00000     ,  1.00000     )
                                       (  0.00000     ,  1.00000     )
                                       (  0.00000     ,  1.00000     )
                                       (  0.00000     ,  1.00000     )
                                       (  0.00000     ,  1.00000     )
                                       (  0.00000     ,  1.00000     )

#********** Integration by Vegas (iteration       1) ************
#                                                               *
#  integral  =  243768.42       accum. integral =  243768.42    *
#  std. dev. =  53.591493       accum. std. dev =  53.591493    *
#   min/max. wt. =    0.00000            0.115897               *
#                                                               *
#*************   chi**2/iteration =  0.000       ****************


#********** Integration by Vegas (iteration       2) ************
#                                                               *
#  integral  =  243722.02       accum. integral =  243726.52    *
#  std. dev. =  17.559681       accum. std. dev =  16.688049    *
#   min/max. wt. =    0.00000            0.183965E-01           *
#                                                               *
#*************   chi**2/iteration = 0.6764       ****************


#********** Integration by Vegas (iteration       3) ************
#                                                               *
#  integral  =  243732.76       accum. integral =  243730.50    *
#  std. dev. =  12.576542       accum. std. dev =  10.043884    *
#   min/max. wt. =    0.00000            0.136461E-01           *
#                                                               *
#*************   chi**2/iteration = 0.3830       ****************


#********** Integration by Vegas (iteration       4) ************
#                                                               *
#  integral  =  243720.90       accum. integral =  243726.56    *
#  std. dev. =  12.051503       accum. std. dev =  7.7157236    *
#   min/max. wt. =    0.00000            0.227648E-01           *
#                                                               *
#*************   chi**2/iteration = 0.3802       ****************


#********** Integration by Vegas (iteration       5) ************
#                                                               *
#  integral  =  243725.05       accum. integral =  243726.13    *
#  std. dev. =  12.083664       accum. std. dev =  6.5031105    *
#   min/max. wt. =    0.00000            0.267799E-01           *
#                                                               *
#*************   chi**2/iteration = 0.2879       ****************

 ****************************************************
 * Writing out vegas grid to ./data/output.grid                                                      
 ****************************************************

  Input parameters for vegas:  ndim= 11   ncall= 99999999.
                              it=    0    itmx=    2
                              acc=-1.00    
                              mds=  0     nd=  50
                              (xl,xu)= (  0.00000     ,  1.00000     )
                                       (  0.00000     ,  1.00000     )
                                       (  0.00000     ,  1.00000     )
                                       (  0.00000     ,  1.00000     )
                                       (  0.00000     ,  1.00000     )
                                       (  0.00000     ,  1.00000     )
                                       (  0.00000     ,  1.00000     )
                                       (  0.00000     ,  1.00000     )
                                       (  0.00000     ,  1.00000     )
                                       (  0.00000     ,  1.00000     )
                                       (  0.00000     ,  1.00000     )

#********** Integration by Vegas (iteration       1) ************
#                                                               *
#  integral  =  243731.13       accum. integral =  243731.13    *
#  std. dev. =  12.124114       accum. std. dev =  12.124114    *
#   min/max. wt. =    0.00000            0.320182E-01           *
#                                                               *
#*************   chi**2/iteration = 0.5190E-04   ****************


#********** Integration by Vegas (iteration       2) ************
#                                                               *
#  integral  =  243739.23       accum. integral =  243735.17    *
#  std. dev. =  12.157798       accum. std. dev =  8.5849283    *
#   min/max. wt. =    0.00000            0.271696E-01           *
#                                                               *
#*************   chi**2/iteration = 0.2222       ****************

 Done
