SLURM job running in:  /work-zfs/lhc/heshy/JHUGen/xsecs/JHUGen_new/JHUGenerator
LHAPDF 6.1.5 loading /work-zfs/lhc/cms/slc6_amd64_gcc493/external/lhapdf/6.1.5-kpegke3/share/LHAPDF/NNPDF30_lo_as_0130/NNPDF30_lo_as_0130_0000.dat
NNPDF30_lo_as_0130 PDF set, member #0, version 2; LHAPDF ID = 263000
 
                                                                                          
   ***************************************************************************************
   *                                JHU Generator v7.0.2                                 *
   ***************************************************************************************
   *                                                                                     *
   *   Spin and parity determination of single-produced resonances at hadron colliders   *
   *                                                                                     *
   *          I. Anderson, S. Bolognesi, F. Caola, Y. Gao, A. Gritsan, Z. Guo,           *
   *        C. Martin, K. Melnikov, R. Rontsch, H. Roskes, U. Sarica, M. Schulze,        *
   *                   N. Tran, A. Whitbeck, M. Xiao, C. You, Y. Zhou                    *
   *               Phys.Rev. D81 (2010) 075022;  arXiv:1001.3396  [hep-ph],              *
   *               Phys.Rev. D86 (2012) 095031;  arXiv:1208.4018  [hep-ph],              *
   *               Phys.Rev. D89 (2014) 035007;  arXiv:1309.4819  [hep-ph],              *
   *               Phys.Rev. D94 (2016) 055023;  arXiv:1606.03107 [hep-ph].              *
   *                                                                                     *
   ***************************************************************************************
                                                                                          
   
   Command line: ./JHUGen Unweighted=0 VegasNc0=99999999 VegasNc1=99999999 VegasNc2=99999999 LHAPDF=NNPDF30_lo_as_0130/NNPDF30_lo_as_0130.info MReso=1400 DecayMode1=0 DecayMode2=0 Interf=0 Process=0 ghz1=0,0 ghz2=1,0
   
   Input Parameter:
    Collider: P-P, sqrt(s)=13000.00
    Resonance: spin=0, mass=1400.00 width=   0.00407
    DecayMode1: 0  DecayMode2: 0
    Z-boson: mass=91.188, width=2.4952
    Random seed:   137091620
    To reproduce results using this seed, JHUGen should be compiled with the same compiler:
      GNU Fortran (GCC) 4.9.3
    
    OffXVV: TTT
    WidthScheme:   2
    PChannel: 0
    LHAPDF set NNPDF30_lo_as_0130/NNPDF30_lo_as_0130.info, member=  0
    Unweighted: F
    Interference: F
    Intermediate off-shell photons: F
    
    spin-0-VV couplings: 
      generate_as=F
      ghg2=  0.10000000E+01  0.00000000E+00i
      ghz2=  0.10000000E+01  0.00000000E+00i
      Lambda=  1000.0
    
    LHE output: ./data/output.lhe
    Histogram output: ./data/output.dat
    Log file: ./data/output.log
    
  Running

  Input parameters for vegas:  ndim= 11   ncall= 99999999.
                              it=    0    itmx=    5
                              acc=-1.00    
                              mds=  0     nd=  50
                              (xl,xu)= (  0.00000     ,  1.00000     )
                                       (  0.00000     ,  1.00000     )
                                       (  0.00000     ,  1.00000     )
                                       (  0.00000     ,  1.00000     )
                                       (  0.00000     ,  1.00000     )
                                       (  0.00000     ,  1.00000     )
                                       (  0.00000     ,  1.00000     )
                                       (  0.00000     ,  1.00000     )
                                       (  0.00000     ,  1.00000     )
                                       (  0.00000     ,  1.00000     )
                                       (  0.00000     ,  1.00000     )

#********** Integration by Vegas (iteration       1) ************
#                                                               *
#  integral  =  224324.14       accum. integral =  224324.14    *
#  std. dev. =  48.138398       accum. std. dev =  48.138398    *
#   min/max. wt. =    0.00000            0.971358E-01           *
#                                                               *
#*************   chi**2/iteration =  0.000       ****************


#********** Integration by Vegas (iteration       2) ************
#                                                               *
#  integral  =  224284.44       accum. integral =  224288.39    *
#  std. dev. =  16.005658       accum. std. dev =  15.189203    *
#   min/max. wt. =    0.00000            0.188739E-01           *
#                                                               *
#*************   chi**2/iteration = 0.6118       ****************


#********** Integration by Vegas (iteration       3) ************
#                                                               *
#  integral  =  224263.84       accum. integral =  224272.84    *
#  std. dev. =  11.549047       accum. std. dev =  9.1938809    *
#   min/max. wt. =    0.00000            0.121766E-01           *
#                                                               *
#*************   chi**2/iteration =  1.133       ****************


#********** Integration by Vegas (iteration       4) ************
#                                                               *
#  integral  =  224241.73       accum. integral =  224260.17    *
#  std. dev. =  11.089488       accum. std. dev =  7.0780216    *
#   min/max. wt. =    0.00000            0.193931E-01           *
#                                                               *
#*************   chi**2/iteration =  2.310       ****************


#********** Integration by Vegas (iteration       5) ************
#                                                               *
#  integral  =  224246.46       accum. integral =  224256.22    *
#  std. dev. =  11.121128       accum. std. dev =  5.9713010    *
#   min/max. wt. =    0.00000            0.262303E-01           *
#                                                               *
#*************   chi**2/iteration =  2.003       ****************

 ****************************************************
 * Writing out vegas grid to ./data/output.grid                                                      
 ****************************************************

  Input parameters for vegas:  ndim= 11   ncall= 99999999.
                              it=    0    itmx=    2
                              acc=-1.00    
                              mds=  0     nd=  50
                              (xl,xu)= (  0.00000     ,  1.00000     )
                                       (  0.00000     ,  1.00000     )
                                       (  0.00000     ,  1.00000     )
                                       (  0.00000     ,  1.00000     )
                                       (  0.00000     ,  1.00000     )
                                       (  0.00000     ,  1.00000     )
                                       (  0.00000     ,  1.00000     )
                                       (  0.00000     ,  1.00000     )
                                       (  0.00000     ,  1.00000     )
                                       (  0.00000     ,  1.00000     )
                                       (  0.00000     ,  1.00000     )

#********** Integration by Vegas (iteration       1) ************
#                                                               *
#  integral  =  224262.55       accum. integral =  224262.55    *
#  std. dev. =  11.159050       accum. std. dev =  11.159050    *
#   min/max. wt. =    0.00000            0.270269E-01           *
#                                                               *
#*************   chi**2/iteration =  0.000       ****************


#********** Integration by Vegas (iteration       2) ************
#                                                               *
#  integral  =  224243.64       accum. integral =  224253.12    *
#  std. dev. =  11.191749       accum. std. dev =  7.9021746    *
#   min/max. wt. =    0.00000            0.252396E-01           *
#                                                               *
#*************   chi**2/iteration =  1.430       ****************

 Done
