SLURM job running in:  /work-zfs/lhc/heshy/JHUGen/xsecs/JHUGen_new/JHUGenerator
LHAPDF 6.1.5 loading /work-zfs/lhc/cms/slc6_amd64_gcc493/external/lhapdf/6.1.5-kpegke3/share/LHAPDF/NNPDF30_lo_as_0130/NNPDF30_lo_as_0130_0000.dat
NNPDF30_lo_as_0130 PDF set, member #0, version 2; LHAPDF ID = 263000
 
                                                                                          
   ***************************************************************************************
   *                                JHU Generator v7.0.2                                 *
   ***************************************************************************************
   *                                                                                     *
   *   Spin and parity determination of single-produced resonances at hadron colliders   *
   *                                                                                     *
   *          I. Anderson, S. Bolognesi, F. Caola, Y. Gao, A. Gritsan, Z. Guo,           *
   *        C. Martin, K. Melnikov, R. Rontsch, H. Roskes, U. Sarica, M. Schulze,        *
   *                   N. Tran, A. Whitbeck, M. Xiao, C. You, Y. Zhou                    *
   *               Phys.Rev. D81 (2010) 075022;  arXiv:1001.3396  [hep-ph],              *
   *               Phys.Rev. D86 (2012) 095031;  arXiv:1208.4018  [hep-ph],              *
   *               Phys.Rev. D89 (2014) 035007;  arXiv:1309.4819  [hep-ph],              *
   *               Phys.Rev. D94 (2016) 055023;  arXiv:1606.03107 [hep-ph].              *
   *                                                                                     *
   ***************************************************************************************
                                                                                          
   
   Command line: ./JHUGen Unweighted=0 VegasNc0=99999999 VegasNc1=99999999 VegasNc2=99999999 LHAPDF=NNPDF30_lo_as_0130/NNPDF30_lo_as_0130.info MReso=535 DecayMode1=0 DecayMode2=0 Interf=0 Process=0 ghz1=0,0 ghz2=1,0
   
   Input Parameter:
    Collider: P-P, sqrt(s)=13000.00
    Resonance: spin=0, mass= 535.00 width=   0.00407
    DecayMode1: 0  DecayMode2: 0
    Z-boson: mass=91.188, width=2.4952
    Random seed:   223445700
    To reproduce results using this seed, JHUGen should be compiled with the same compiler:
      GNU Fortran (GCC) 4.9.3
    
    OffXVV: TTT
    WidthScheme:   2
    PChannel: 0
    LHAPDF set NNPDF30_lo_as_0130/NNPDF30_lo_as_0130.info, member=  0
    Unweighted: F
    Interference: F
    Intermediate off-shell photons: F
    
    spin-0-VV couplings: 
      generate_as=F
      ghg2=  0.10000000E+01  0.00000000E+00i
      ghz2=  0.10000000E+01  0.00000000E+00i
      Lambda=  1000.0
    
    LHE output: ./data/output.lhe
    Histogram output: ./data/output.dat
    Log file: ./data/output.log
    
  Running

  Input parameters for vegas:  ndim= 11   ncall= 99999999.
                              it=    0    itmx=    5
                              acc=-1.00    
                              mds=  0     nd=  50
                              (xl,xu)= (  0.00000     ,  1.00000     )
                                       (  0.00000     ,  1.00000     )
                                       (  0.00000     ,  1.00000     )
                                       (  0.00000     ,  1.00000     )
                                       (  0.00000     ,  1.00000     )
                                       (  0.00000     ,  1.00000     )
                                       (  0.00000     ,  1.00000     )
                                       (  0.00000     ,  1.00000     )
                                       (  0.00000     ,  1.00000     )
                                       (  0.00000     ,  1.00000     )
                                       (  0.00000     ,  1.00000     )

#********** Integration by Vegas (iteration       1) ************
#                                                               *
#  integral  =  332116.74       accum. integral =  332116.74    *
#  std. dev. =  105.41691       accum. std. dev =  105.41691    *
#   min/max. wt. =    0.00000            0.260076               *
#                                                               *
#*************   chi**2/iteration =  0.000       ****************


#********** Integration by Vegas (iteration       2) ************
#                                                               *
#  integral  =  332083.00       accum. integral =  332084.89    *
#  std. dev. =  25.648389       accum. std. dev =  24.922483    *
#   min/max. wt. =    0.00000            0.241720E-01           *
#                                                               *
#*************   chi**2/iteration = 0.9664E-01   ****************


#********** Integration by Vegas (iteration       3) ************
#                                                               *
#  integral  =  332089.21       accum. integral =  332087.80    *
#  std. dev. =  17.315612       accum. std. dev =  14.220452    *
#   min/max. wt. =    0.00000            0.186179E-01           *
#                                                               *
#*************   chi**2/iteration = 0.5849E-01   ****************


#********** Integration by Vegas (iteration       4) ************
#                                                               *
#  integral  =  332097.57       accum. integral =  332092.01    *
#  std. dev. =  16.366364       accum. std. dev =  10.734450    *
#   min/max. wt. =    0.00000            0.386748E-01           *
#                                                               *
#*************   chi**2/iteration = 0.1067       ****************


#********** Integration by Vegas (iteration       5) ************
#                                                               *
#  integral  =  332041.51       accum. integral =  332076.88    *
#  std. dev. =  16.413018       accum. std. dev =  8.9838399    *
#   min/max. wt. =    0.00000            0.401525E-01           *
#                                                               *
#*************   chi**2/iteration =  1.737       ****************

 ****************************************************
 * Writing out vegas grid to ./data/output.grid                                                      
 ****************************************************

  Input parameters for vegas:  ndim= 11   ncall= 99999999.
                              it=    0    itmx=    2
                              acc=-1.00    
                              mds=  0     nd=  50
                              (xl,xu)= (  0.00000     ,  1.00000     )
                                       (  0.00000     ,  1.00000     )
                                       (  0.00000     ,  1.00000     )
                                       (  0.00000     ,  1.00000     )
                                       (  0.00000     ,  1.00000     )
                                       (  0.00000     ,  1.00000     )
                                       (  0.00000     ,  1.00000     )
                                       (  0.00000     ,  1.00000     )
                                       (  0.00000     ,  1.00000     )
                                       (  0.00000     ,  1.00000     )
                                       (  0.00000     ,  1.00000     )

#********** Integration by Vegas (iteration       1) ************
#                                                               *
#  integral  =  332064.08       accum. integral =  332064.08    *
#  std. dev. =  16.466162       accum. std. dev =  16.466162    *
#   min/max. wt. =    0.00000            0.456950E-01           *
#                                                               *
#*************   chi**2/iteration = -.5628E-04   ****************


#********** Integration by Vegas (iteration       2) ************
#                                                               *
#  integral  =  332034.57       accum. integral =  332049.36    *
#  std. dev. =  16.506520       accum. std. dev =  11.657576    *
#   min/max. wt. =    0.00000            0.418077E-01           *
#                                                               *
#*************   chi**2/iteration =  1.599       ****************

 Done
