SLURM job running in:  /work-zfs/lhc/heshy/JHUGen/xsecs/JHUGen_new/JHUGenerator
LHAPDF 6.1.5 loading /work-zfs/lhc/cms/slc6_amd64_gcc493/external/lhapdf/6.1.5-kpegke3/share/LHAPDF/NNPDF30_lo_as_0130/NNPDF30_lo_as_0130_0000.dat
NNPDF30_lo_as_0130 PDF set, member #0, version 2; LHAPDF ID = 263000
 
                                                                                          
   ***************************************************************************************
   *                                JHU Generator v7.0.2                                 *
   ***************************************************************************************
   *                                                                                     *
   *   Spin and parity determination of single-produced resonances at hadron colliders   *
   *                                                                                     *
   *          I. Anderson, S. Bolognesi, F. Caola, Y. Gao, A. Gritsan, Z. Guo,           *
   *        C. Martin, K. Melnikov, R. Rontsch, H. Roskes, U. Sarica, M. Schulze,        *
   *                   N. Tran, A. Whitbeck, M. Xiao, C. You, Y. Zhou                    *
   *               Phys.Rev. D81 (2010) 075022;  arXiv:1001.3396  [hep-ph],              *
   *               Phys.Rev. D86 (2012) 095031;  arXiv:1208.4018  [hep-ph],              *
   *               Phys.Rev. D89 (2014) 035007;  arXiv:1309.4819  [hep-ph],              *
   *               Phys.Rev. D94 (2016) 055023;  arXiv:1606.03107 [hep-ph].              *
   *                                                                                     *
   ***************************************************************************************
                                                                                          
   
   Command line: ./JHUGen Unweighted=0 VegasNc0=99999999 VegasNc1=99999999 VegasNc2=99999999 LHAPDF=NNPDF30_lo_as_0130/NNPDF30_lo_as_0130.info MReso=630 DecayMode1=0 DecayMode2=0 Interf=0 Process=0 ghz1=0,0 ghz2=1,0
   
   Input Parameter:
    Collider: P-P, sqrt(s)=13000.00
    Resonance: spin=0, mass= 630.00 width=   0.00407
    DecayMode1: 0  DecayMode2: 0
    Z-boson: mass=91.188, width=2.4952
    Random seed:   360395171
    To reproduce results using this seed, JHUGen should be compiled with the same compiler:
      GNU Fortran (GCC) 4.9.3
    
    OffXVV: TTT
    WidthScheme:   2
    PChannel: 0
    LHAPDF set NNPDF30_lo_as_0130/NNPDF30_lo_as_0130.info, member=  0
    Unweighted: F
    Interference: F
    Intermediate off-shell photons: F
    
    spin-0-VV couplings: 
      generate_as=F
      ghg2=  0.10000000E+01  0.00000000E+00i
      ghz2=  0.10000000E+01  0.00000000E+00i
      Lambda=  1000.0
    
    LHE output: ./data/output.lhe
    Histogram output: ./data/output.dat
    Log file: ./data/output.log
    
  Running

  Input parameters for vegas:  ndim= 11   ncall= 99999999.
                              it=    0    itmx=    5
                              acc=-1.00    
                              mds=  0     nd=  50
                              (xl,xu)= (  0.00000     ,  1.00000     )
                                       (  0.00000     ,  1.00000     )
                                       (  0.00000     ,  1.00000     )
                                       (  0.00000     ,  1.00000     )
                                       (  0.00000     ,  1.00000     )
                                       (  0.00000     ,  1.00000     )
                                       (  0.00000     ,  1.00000     )
                                       (  0.00000     ,  1.00000     )
                                       (  0.00000     ,  1.00000     )
                                       (  0.00000     ,  1.00000     )
                                       (  0.00000     ,  1.00000     )

#********** Integration by Vegas (iteration       1) ************
#                                                               *
#  integral  =  347661.33       accum. integral =  347661.33    *
#  std. dev. =  102.69563       accum. std. dev =  102.69563    *
#   min/max. wt. =    0.00000            0.269563               *
#                                                               *
#*************   chi**2/iteration =  0.000       ****************


#********** Integration by Vegas (iteration       2) ************
#                                                               *
#  integral  =  347564.74       accum. integral =  347570.84    *
#  std. dev. =  26.646136       accum. std. dev =  25.795206    *
#   min/max. wt. =    0.00000            0.268053E-01           *
#                                                               *
#*************   chi**2/iteration = 0.8281       ****************


#********** Integration by Vegas (iteration       3) ************
#                                                               *
#  integral  =  347570.32       accum. integral =  347570.49    *
#  std. dev. =  18.110605       accum. std. dev =  14.822817    *
#   min/max. wt. =    0.00000            0.189934E-01           *
#                                                               *
#*************   chi**2/iteration = 0.4144       ****************


#********** Integration by Vegas (iteration       4) ************
#                                                               *
#  integral  =  347575.69       accum. integral =  347572.71    *
#  std. dev. =  17.155836       accum. std. dev =  11.216307    *
#   min/max. wt. =    0.00000            0.374527E-01           *
#                                                               *
#*************   chi**2/iteration = 0.2938       ****************


#********** Integration by Vegas (iteration       5) ************
#                                                               *
#  integral  =  347561.76       accum. integral =  347569.45    *
#  std. dev. =  17.214915       accum. std. dev =  9.3976801    *
#   min/max. wt. =    0.00000            0.461114E-01           *
#                                                               *
#*************   chi**2/iteration = 0.2914       ****************

 ****************************************************
 * Writing out vegas grid to ./data/output.grid                                                      
 ****************************************************

  Input parameters for vegas:  ndim= 11   ncall= 99999999.
                              it=    0    itmx=    2
                              acc=-1.00    
                              mds=  0     nd=  50
                              (xl,xu)= (  0.00000     ,  1.00000     )
                                       (  0.00000     ,  1.00000     )
                                       (  0.00000     ,  1.00000     )
                                       (  0.00000     ,  1.00000     )
                                       (  0.00000     ,  1.00000     )
                                       (  0.00000     ,  1.00000     )
                                       (  0.00000     ,  1.00000     )
                                       (  0.00000     ,  1.00000     )
                                       (  0.00000     ,  1.00000     )
                                       (  0.00000     ,  1.00000     )
                                       (  0.00000     ,  1.00000     )

#********** Integration by Vegas (iteration       1) ************
#                                                               *
#  integral  =  347583.70       accum. integral =  347583.70    *
#  std. dev. =  17.268112       accum. std. dev =  17.268112    *
#   min/max. wt. =    0.00000            0.449494E-01           *
#                                                               *
#*************   chi**2/iteration =  0.000       ****************


#********** Integration by Vegas (iteration       2) ************
#                                                               *
#  integral  =  347580.27       accum. integral =  347581.99    *
#  std. dev. =  17.318105       accum. std. dev =  12.228036    *
#   min/max. wt. =    0.00000            0.455899E-01           *
#                                                               *
#*************   chi**2/iteration = 0.1963E-01   ****************

 Done
