**** Following environment variables are going to be unset.
       UTM_XSD_DIR
       ROOT_TTREECACHE_PREFILL
       ROOT_TTREECACHE_SIZE
SLURM job running in:  /work-zfs/lhc/heshy/JHUGen/xsecs/JHUGen/JHUGenerator
LHAPDF 6.1.5 loading /work-zfs/lhc/cms/slc6_amd64_gcc493/external/lhapdf/6.1.5-kpegke3/share/LHAPDF/NNPDF30_lo_as_0130/NNPDF30_lo_as_0130_0000.dat
NNPDF30_lo_as_0130 PDF set, member #0, version 2; LHAPDF ID = 263000
 
  
  ***************************************************************************************
  *                                JHU Generator v7.0.2                                 *
  ***************************************************************************************
  *                                                                                     *
  *   Spin and parity determination of single-produced resonances at hadron colliders   *
  *                                                                                     *
  *          I. Anderson, S. Bolognesi, F. Caola, Y. Gao, A. Gritsan, Z. Guo,           *
  *        C. Martin, K. Melnikov, R. Rontsch, H. Roskes, U. Sarica, M. Schulze,        *
  *                   N. Tran, A. Whitbeck, M. Xiao, C. You, Y. Zhou                    *
  *              Phys.Rev. D81 (2010) 075022;  arXiv:1001.3396  [hep-ph],               *
  *              Phys.Rev. D86 (2012) 095031;  arXiv:1208.4018  [hep-ph],               *
  *              Phys.Rev. D89 (2014) 035007;  arXiv:1309.4819  [hep-ph],               *
  *              Phys.Rev. D94 (2016) 055023;  arXiv:1606.03107 [hep-ph].               *
  *                                                                                     *
  ***************************************************************************************
  
   
   Command line: ./JHUGen Unweighted=0 VegasNc0=99999999 VegasNc1=99999999 VegasNc2=99999999 LHAPDF=NNPDF30_lo_as_0130/NNPDF30_lo_as_0130.info MReso=8000 DecayMode1=0 DecayMode2=0 Interf=0 Process=0 ghz1=0,0 ghz2=1,0
   
   Input Parameter:
    Collider: P-P, sqrt(s)=13000.00
    Resonance: spin=0, mass=8000.00 width=   0.00407
    DecayMode1: 0  DecayMode2: 0
    Z-boson: mass=91.188, width=2.4952
    Random seed:   379046890
    To reproduce results using this seed, JHUGen should be compiled with the same compiler:
      GNU Fortran (GCC) 4.8.2
    
    OffXVV: TTT
    WidthScheme:   2
    PChannel: 0
    LHAPDF set NNPDF30_lo_as_0130/NNPDF30_lo_as_0130.info, member=  0
    Unweighted: F
    Interference: F
    Intermediate off-shell photons: F
    
    spin-0-VV couplings: 
      generate_as=F
      ghg2=  0.10000000E+01  0.00000000E+00i
      ghz2=  0.10000000E+01  0.00000000E+00i
      Lambda=  1000.0
    
    LHE output: ./data/output.lhe
    Histogram output: ./data/output.dat
    Log file: ./data/output.log
    
  Running

  Input parameters for vegas:  ndim= 11   ncall= 99999999.
                              it=    0    itmx=    5
                              acc=-1.00    
                              mds=  0     nd=  50
                              (xl,xu)= (  0.00000     ,  1.00000     )
                                       (  0.00000     ,  1.00000     )
                                       (  0.00000     ,  1.00000     )
                                       (  0.00000     ,  1.00000     )
                                       (  0.00000     ,  1.00000     )
                                       (  0.00000     ,  1.00000     )
                                       (  0.00000     ,  1.00000     )
                                       (  0.00000     ,  1.00000     )
                                       (  0.00000     ,  1.00000     )
                                       (  0.00000     ,  1.00000     )
                                       (  0.00000     ,  1.00000     )

#********** Integration by Vegas (iteration       1) ************
#                                                               *
#  integral  =  1.5500265       accum. integral =  1.5500265    *
#  std. dev. = 0.17624077E-03   accum. std. dev = 0.17624077E-03*
#   min/max. wt. =    0.00000            0.238347E-06           *
#                                                               *
#*************   chi**2/iteration =  0.000       ****************


#********** Integration by Vegas (iteration       2) ************
#                                                               *
#  integral  =  1.5498770       accum. integral =  1.5499075    *
#  std. dev. = 0.89262135E-04   accum. std. dev = 0.79633335E-04*
#   min/max. wt. =    0.00000            0.102379E-06           *
#                                                               *
#*************   chi**2/iteration = 0.5724       ****************


#********** Integration by Vegas (iteration       3) ************
#                                                               *
#  integral  =  1.5499775       accum. integral =  1.5499440    *
#  std. dev. = 0.76312601E-04   accum. std. dev = 0.55097551E-04*
#   min/max. wt. =    0.00000            0.870876E-07           *
#                                                               *
#*************   chi**2/iteration = 0.4877       ****************


#********** Integration by Vegas (iteration       4) ************
#                                                               *
#  integral  =  1.5498557       accum. integral =  1.5499132    *
#  std. dev. = 0.75384163E-04   accum. std. dev = 0.44483004E-04*
#   min/max. wt. =    0.00000            0.108195E-06           *
#                                                               *
#*************   chi**2/iteration = 0.6234       ****************


#********** Integration by Vegas (iteration       5) ************
#                                                               *
#  integral  =  1.5500777       accum. integral =  1.5499555    *
#  std. dev. = 0.75604890E-04   accum. std. dev = 0.38339106E-04*
#   min/max. wt. =    0.00000            0.115618E-06           *
#                                                               *
#*************   chi**2/iteration =  1.346       ****************

 ****************************************************
 * Writing out vegas grid to ./data/output.grid                                                      
 ****************************************************

  Input parameters for vegas:  ndim= 11   ncall= 99999999.
                              it=    0    itmx=    2
                              acc=-1.00    
                              mds=  0     nd=  50
                              (xl,xu)= (  0.00000     ,  1.00000     )
                                       (  0.00000     ,  1.00000     )
                                       (  0.00000     ,  1.00000     )
                                       (  0.00000     ,  1.00000     )
                                       (  0.00000     ,  1.00000     )
                                       (  0.00000     ,  1.00000     )
                                       (  0.00000     ,  1.00000     )
                                       (  0.00000     ,  1.00000     )
                                       (  0.00000     ,  1.00000     )
                                       (  0.00000     ,  1.00000     )
                                       (  0.00000     ,  1.00000     )

#********** Integration by Vegas (iteration       1) ************
#                                                               *
#  integral  =  1.5499340       accum. integral =  1.5499340    *
#  std. dev. = 0.75819145E-04   accum. std. dev = 0.75819145E-04*
#   min/max. wt. =    0.00000            0.123683E-06           *
#                                                               *
#*************   chi**2/iteration = 0.7725E-04   ****************


#********** Integration by Vegas (iteration       2) ************
#                                                               *
#  integral  =  1.5498757       accum. integral =  1.5499049    *
#  std. dev. = 0.76017814E-04   accum. std. dev = 0.53682331E-04*
#   min/max. wt. =    0.00000            0.130710E-06           *
#                                                               *
#*************   chi**2/iteration = 0.2939       ****************

 Done
