SLURM job running in:  /work-zfs/lhc/heshy/JHUGen/xsecs/JHUGen/JHUGenerator
LHAPDF 6.1.5 loading /work-zfs/lhc/cms/slc6_amd64_gcc493/external/lhapdf/6.1.5-kpegke3/share/LHAPDF/NNPDF30_lo_as_0130/NNPDF30_lo_as_0130_0000.dat
NNPDF30_lo_as_0130 PDF set, member #0, version 2; LHAPDF ID = 263000
 extending no. of histograms for vbf tests
 
                                                                                          
   ***************************************************************************************
   *                                JHU Generator v6.9.9                                 *
   ***************************************************************************************
   *                                                                                     *
   *   Spin and parity determination of single-produced resonances at hadron colliders   *
   *                                                                                     *
   *          I. Anderson, S. Bolognesi, F. Caola, Y. Gao, A. Gritsan, Z. Guo,           *
   *        C. Martin, K. Melnikov, R.Rontsch, H. Roskes, U. Sarica, M. Schulze,         *
   *                   N. Tran, A. Whitbeck, M. Xiao, C. You, Y. Zhou                    *
   *                Phys.Rev. D81 (2010) 075022;  arXiv:1001.3396 [hep-ph],              *
   *                Phys.Rev. D86 (2012) 095031;  arXiv:1208.4018 [hep-ph],              *
   *                Phys.Rev. D89 (2014) 035007;  arXiv:1309.4819 [hep-ph].              *
   *                                                                                     *
   ***************************************************************************************
                                                                                          
   
   Command line: ./JHUGen Unweighted=0 VegasNc0=99999999 VegasNc1=99999999 VegasNc2=99999999 LHAPDF=NNPDF30_lo_as_0130/NNPDF30_lo_as_0130.info MReso=1030 ghz1=0,0 ghz1_prime2=1,0 Process=60 pTjetcut=0 deltaRcut=0 pTjetcut=25 etajetcut=4.7 pTlepcut=5 etalepcut=2.5
   
   Input Parameter:
    Collider: P-P, sqrt(s)=13000.00
    Resonance: spin=0, mass=1030.00 width=   0.00407
    Z-boson: mass=91.188, width=2.4952
    W-boson: mass=80.399, width=2.0850
    Jet cuts:
            pT >=    25.00 GeV
         |eta| <=     4.70
        DeltaR >=     0.00
           mJJ >=     0.00 GeV
           m4l_min/max      -1.00     -1.00 GeV
    Random seed:   367299000
    To reproduce results using this seed, JHUGen should be compiled with the same compiler:
      GNU Fortran (GCC) 4.8.2
    
    WidthScheme:   2
    LHAPDF set NNPDF30_lo_as_0130/NNPDF30_lo_as_0130.info, member=  0
    Unweighted: F
    Intermediate off-shell photons: F
    
    spin-0-VV couplings: 
      generate_as=F
      ghg2=  0.10000000E+01  0.00000000E+00i
      ghg3=  0.00000000E+00  0.00000000E+00i
      ghg4=  0.00000000E+00  0.00000000E+00i
      ghz1=  0.00000000E+00  0.00000000E+00i
      ghz2=  0.00000000E+00  0.00000000E+00i
      ghz3=  0.00000000E+00  0.00000000E+00i
      ghz4=  0.00000000E+00  0.00000000E+00i
      ghz1_prime2=  0.10000000E+01  0.00000000E+00i,    Lambda_z1=  1.0000E+04
      Lambda=  1000.0
    
    LHE output: ./data/output.lhe
    Histogram output: ./data/output.dat
    Log file: ./data/output.log
    
  Running

  Input parameters for vegas:  ndim=  9   ncall= 80707214.
                              it=    0    itmx=   15
                              acc=-1.00    
                              mds=  1     nd=  50
                              (xl,xu)= (  0.00000     ,  1.00000     )
                                       (  0.00000     ,  1.00000     )
                                       (  0.00000     ,  1.00000     )
                                       (  0.00000     ,  1.00000     )
                                       (  0.00000     ,  1.00000     )
                                       (  0.00000     ,  1.00000     )
                                       (  0.00000     ,  1.00000     )
                                       (  0.00000     ,  1.00000     )
                                       (  0.00000     ,  1.00000     )

#********** Integration by Vegas (iteration       1) ************
#                                                               *
#  integral  = 0.13874295E-04   accum. integral = 0.13874295E-04*
#  std. dev. = 0.39166549E-05   accum. std. dev = 0.39166549E-05*
#   min/max. wt. =    0.00000            0.384909E-05           *
#                                                               *
#*************   chi**2/iteration = -.1685E-11   ****************


#********** Integration by Vegas (iteration       2) ************
#                                                               *
#  integral  = 0.19662936E-04   accum. integral = 0.16929119E-04*
#  std. dev. = 0.52510293E-05   accum. std. dev = 0.33012072E-05*
#   min/max. wt. =    0.00000            0.513429E-05           *
#                                                               *
#*************   chi**2/iteration = 0.7656       ****************


#********** Integration by Vegas (iteration       3) ************
#                                                               *
#  integral  = 0.16832247E-04   accum. integral = 0.16833142E-04*
#  std. dev. = 0.31526042E-06   accum. std. dev = 0.31609636E-06*
#   min/max. wt. =    0.00000            0.150280E-06           *
#                                                               *
#*************   chi**2/iteration = 0.3862       ****************


#********** Integration by Vegas (iteration       4) ************
#                                                               *
#  integral  = 0.17539600E-04   accum. integral = 0.17512477E-04*
#  std. dev. = 0.65336485E-07   accum. std. dev = 0.62476191E-07*
#   min/max. wt. =    0.00000            0.244777E-07           *
#                                                               *
#*************   chi**2/iteration =  1.826       ****************


#********** Integration by Vegas (iteration       5) ************
#                                                               *
#  integral  = 0.17523849E-04   accum. integral = 0.17523050E-04*
#  std. dev. = 0.17591222E-07   accum. std. dev = 0.16637502E-07*
#   min/max. wt. =    0.00000            0.258616E-08           *
#                                                               *
#*************   chi**2/iteration =  1.364       ****************


#********** Integration by Vegas (iteration       6) ************
#                                                               *
#  integral  = 0.17526708E-04   accum. integral = 0.17525553E-04*
#  std. dev. = 0.11523007E-07   accum. std. dev = 0.93789921E-08*
#   min/max. wt. =    0.00000            0.415880E-09           *
#                                                               *
#*************   chi**2/iteration =  1.090       ****************


#********** Integration by Vegas (iteration       7) ************
#                                                               *
#  integral  = 0.17522299E-04   accum. integral = 0.17524030E-04*
#  std. dev. = 0.10160352E-07   accum. std. dev = 0.68566544E-08*
#   min/max. wt. =    0.00000            0.304665E-09           *
#                                                               *
#*************   chi**2/iteration = 0.9139       ****************


#********** Integration by Vegas (iteration       8) ************
#                                                               *
#  integral  = 0.17527654E-04   accum. integral = 0.17525245E-04*
#  std. dev. = 0.97910962E-08   accum. std. dev = 0.56003353E-08*
#   min/max. wt. =    0.00000            0.361101E-09           *
#                                                               *
#*************   chi**2/iteration = 0.7939       ****************


#********** Integration by Vegas (iteration       9) ************
#                                                               *
#  integral  = 0.17527534E-04   accum. integral = 0.17525841E-04*
#  std. dev. = 0.95535700E-08   accum. std. dev = 0.48228416E-08*
#   min/max. wt. =    0.00000            0.278768E-09           *
#                                                               *
#*************   chi**2/iteration = 0.6982       ****************


#********** Integration by Vegas (iteration      10) ************
#                                                               *
#  integral  = 0.17521045E-04   accum. integral = 0.17524851E-04*
#  std. dev. = 0.95562333E-08   accum. std. dev = 0.43009318E-08*
#   min/max. wt. =    0.00000            0.572124E-09           *
#                                                               *
#*************   chi**2/iteration = 0.6420       ****************


#********** Integration by Vegas (iteration      11) ************
#                                                               *
#  integral  = 0.17539856E-04   accum. integral = 0.17527430E-04*
#  std. dev. = 0.95393898E-08   accum. std. dev = 0.39176273E-08*
#   min/max. wt. =    0.00000            0.295919E-09           *
#                                                               *
#*************   chi**2/iteration = 0.7855       ****************


#********** Integration by Vegas (iteration      12) ************
#                                                               *
#  integral  = 0.17522100E-04   accum. integral = 0.17526653E-04*
#  std. dev. = 0.95651311E-08   accum. std. dev = 0.36234677E-08*
#   min/max. wt. =    0.00000            0.356595E-09           *
#                                                               *
#*************   chi**2/iteration = 0.7375       ****************


#********** Integration by Vegas (iteration      13) ************
#                                                               *
#  integral  = 0.17508975E-04   accum. integral = 0.17524434E-04*
#  std. dev. = 0.96295256E-08   accum. std. dev = 0.33901936E-08*
#   min/max. wt. =    0.00000            0.405768E-09           *
#                                                               *
#*************   chi**2/iteration = 0.9241       ****************


#********** Integration by Vegas (iteration      14) ************
#                                                               *
#  integral  = 0.17509257E-04   accum. integral = 0.17522775E-04*
#  std. dev. = 0.97423534E-08   accum. std. dev = 0.32011045E-08*
#   min/max. wt. =    0.00000            0.296280E-09           *
#                                                               *
#*************   chi**2/iteration =  1.021       ****************


#********** Integration by Vegas (iteration      15) ************
#                                                               *
#  integral  = 0.17530108E-04   accum. integral = 0.17523475E-04*
#  std. dev. = 0.99302238E-08   accum. std. dev = 0.30461078E-08*
#   min/max. wt. =    0.00000            0.358504E-09           *
#                                                               *
#*************   chi**2/iteration = 0.9824       ****************

 ****************************************************
 * Writing out vegas grid to ./data/output.grid                                                      
 ****************************************************

  Input parameters for vegas:  ndim=  9   ncall= 80707214.
                              it=    0    itmx=    2
                              acc=-1.00    
                              mds=  1     nd=  50
                              (xl,xu)= (  0.00000     ,  1.00000     )
                                       (  0.00000     ,  1.00000     )
                                       (  0.00000     ,  1.00000     )
                                       (  0.00000     ,  1.00000     )
                                       (  0.00000     ,  1.00000     )
                                       (  0.00000     ,  1.00000     )
                                       (  0.00000     ,  1.00000     )
                                       (  0.00000     ,  1.00000     )
                                       (  0.00000     ,  1.00000     )

#********** Integration by Vegas (iteration       1) ************
#                                                               *
#  integral  = 0.17533299E-04   accum. integral = 0.17533299E-04*
#  std. dev. = 0.10121089E-07   accum. std. dev = 0.10121089E-07*
#   min/max. wt. =    0.00000            0.659099E-09           *
#                                                               *
#*************   chi**2/iteration =  0.000       ****************


#********** Integration by Vegas (iteration       2) ************
#                                                               *
#  integral  = 0.17527600E-04   accum. integral = 0.17530498E-04*
#  std. dev. = 0.10289052E-07   accum. std. dev = 0.72153220E-08*
#   min/max. wt. =    0.00000            0.583506E-09           *
#                                                               *
#*************   chi**2/iteration = 0.1557       ****************

 Done
