**** Following environment variables are going to be unset.
       UTM_XSD_DIR
       ROOT_TTREECACHE_PREFILL
       ROOT_TTREECACHE_SIZE
SLURM job running in:  /work-zfs/lhc/heshy/JHUGen/xsecs/JHUGen/JHUGenerator
LHAPDF 6.1.5 loading /work-zfs/lhc/cms/slc6_amd64_gcc493/external/lhapdf/6.1.5-kpegke3/share/LHAPDF/NNPDF30_lo_as_0130/NNPDF30_lo_as_0130_0000.dat
NNPDF30_lo_as_0130 PDF set, member #0, version 2; LHAPDF ID = 263000
 extending no. of histograms for vbf tests
 
  
  ***************************************************************************************
  *                                JHU Generator v7.0.2                                 *
  ***************************************************************************************
  *                                                                                     *
  *   Spin and parity determination of single-produced resonances at hadron colliders   *
  *                                                                                     *
  *          I. Anderson, S. Bolognesi, F. Caola, Y. Gao, A. Gritsan, Z. Guo,           *
  *        C. Martin, K. Melnikov, R. Rontsch, H. Roskes, U. Sarica, M. Schulze,        *
  *                   N. Tran, A. Whitbeck, M. Xiao, C. You, Y. Zhou                    *
  *              Phys.Rev. D81 (2010) 075022;  arXiv:1001.3396  [hep-ph],               *
  *              Phys.Rev. D86 (2012) 095031;  arXiv:1208.4018  [hep-ph],               *
  *              Phys.Rev. D89 (2014) 035007;  arXiv:1309.4819  [hep-ph],               *
  *              Phys.Rev. D94 (2016) 055023;  arXiv:1606.03107 [hep-ph].               *
  *                                                                                     *
  ***************************************************************************************
  
   
   Command line: ./JHUGen Unweighted=0 VegasNc0=99999999 VegasNc1=99999999 VegasNc2=99999999 LHAPDF=NNPDF30_lo_as_0130/NNPDF30_lo_as_0130.info MReso=11000 Process=60 deltaRcut=0 etajetcut=4.7 etalepcut=2.5 ghz1=0,0 ghz1_prime2=1,0 pTjetcut=25 pTlepcut=5
   
   Input Parameter:
    Collider: P-P, sqrt(s)=13000.00
    Resonance: spin=0, mass=******* width=   0.00407
    Z-boson: mass=91.188, width=2.4952
    W-boson: mass=80.399, width=2.0850
    Jet cuts:
            pT >=    25.00 GeV
         |eta| <=     4.70
        DeltaR >=     0.00
           mJJ >=     0.00 GeV
    Random seed:   692990886
    To reproduce results using this seed, JHUGen should be compiled with the same compiler:
      GNU Fortran (GCC) 4.8.2
    
    WidthScheme:   2
    LHAPDF set NNPDF30_lo_as_0130/NNPDF30_lo_as_0130.info, member=  0
    Unweighted: F
    Intermediate off-shell photons: F
    
    spin-0-VV couplings: 
      generate_as=F
      ghg2=  0.10000000E+01  0.00000000E+00i
      ghz1_prime2=  0.10000000E+01  0.00000000E+00i,    Lambda_z1=  1.0000E+04
      Lambda=  1000.0
    
    LHE output: ./data/output.lhe
    Histogram output: ./data/output.dat
    Log file: ./data/output.log
    
  Running

  Input parameters for vegas:  ndim=  9   ncall= 99999999.
                              it=    0    itmx=   15
                              acc=-1.00    
                              mds=  0     nd=  50
                              (xl,xu)= (  0.00000     ,  1.00000     )
                                       (  0.00000     ,  1.00000     )
                                       (  0.00000     ,  1.00000     )
                                       (  0.00000     ,  1.00000     )
                                       (  0.00000     ,  1.00000     )
                                       (  0.00000     ,  1.00000     )
                                       (  0.00000     ,  1.00000     )
                                       (  0.00000     ,  1.00000     )
                                       (  0.00000     ,  1.00000     )

#********** Integration by Vegas (iteration       1) ************
#                                                               *
#  integral  = 0.25893025E-16   accum. integral = 0.25893025E-16*
#  std. dev. = 0.12874708E-17   accum. std. dev = 0.12874708E-17*
#   min/max. wt. =    0.00000            0.635128E-18           *
#                                                               *
#*************   chi**2/iteration =  0.000       ****************


#********** Integration by Vegas (iteration       2) ************
#                                                               *
#  integral  = 0.43193679E-16   accum. integral = 0.28524739E-16*
#  std. dev. = 0.50705468E-17   accum. std. dev = 0.16304015E-17*
#   min/max. wt. =    0.00000            0.392795E-17           *
#                                                               *
#*************   chi**2/iteration =  14.51       ****************


#********** Integration by Vegas (iteration       3) ************
#                                                               *
#  integral  = 0.45538255E-16   accum. integral = 0.37443539E-16*
#  std. dev. = 0.19863084E-17   accum. std. dev = 0.12379709E-17*
#   min/max. wt. =    0.00000            0.174059E-17           *
#                                                               *
#*************   chi**2/iteration =  29.53       ****************


#********** Integration by Vegas (iteration       4) ************
#                                                               *
#  integral  = 0.47240396E-16   accum. integral = 0.46977220E-16*
#  std. dev. = 0.24787475E-18   accum. std. dev = 0.21406828E-18*
#   min/max. wt. =    0.00000            0.699443E-19           *
#                                                               *
#*************   chi**2/iteration =  35.93       ****************


#********** Integration by Vegas (iteration       5) ************
#                                                               *
#  integral  = 0.47148926E-16   accum. integral = 0.47139988E-16*
#  std. dev. = 0.57186801E-19   accum. std. dev = 0.50281108E-19*
#   min/max. wt. =    0.00000            0.647738E-20           *
#                                                               *
#*************   chi**2/iteration =  25.57       ****************


#********** Integration by Vegas (iteration       6) ************
#                                                               *
#  integral  = 0.47121844E-16   accum. integral = 0.47125845E-16*
#  std. dev. = 0.29598011E-19   accum. std. dev = 0.24050152E-19*
#   min/max. wt. =    0.00000            0.123743E-20           *
#                                                               *
#*************   chi**2/iteration =  19.74       ****************


#********** Integration by Vegas (iteration       7) ************
#                                                               *
#  integral  = 0.47162751E-16   accum. integral = 0.47146569E-16*
#  std. dev. = 0.23112049E-19   accum. std. dev = 0.16131991E-19*
#   min/max. wt. =    0.00000            0.727688E-21           *
#                                                               *
#*************   chi**2/iteration =  16.25       ****************


#********** Integration by Vegas (iteration       8) ************
#                                                               *
#  integral  = 0.47134262E-16   accum. integral = 0.47141529E-16*
#  std. dev. = 0.20783915E-19   accum. std. dev = 0.12512893E-19*
#   min/max. wt. =    0.00000            0.412728E-21           *
#                                                               *
#*************   chi**2/iteration =  13.70       ****************


#********** Integration by Vegas (iteration       9) ************
#                                                               *
#  integral  = 0.47127456E-16   accum. integral = 0.47137236E-16*
#  std. dev. = 0.20072659E-19   accum. std. dev = 0.10506088E-19*
#   min/max. wt. =    0.00000            0.620733E-21           *
#                                                               *
#*************   chi**2/iteration =  11.87       ****************


#********** Integration by Vegas (iteration      10) ************
#                                                               *
#  integral  = 0.47118048E-16   accum. integral = 0.47132648E-16*
#  std. dev. = 0.19771038E-19   accum. std. dev = 0.92158690E-20*
#   min/max. wt. =    0.00000            0.643441E-21           *
#                                                               *
#*************   chi**2/iteration =  10.52       ****************


#********** Integration by Vegas (iteration      11) ************
#                                                               *
#  integral  = 0.47129838E-16   accum. integral = 0.47132115E-16*
#  std. dev. = 0.19985607E-19   accum. std. dev = 0.83337628E-20*
#   min/max. wt. =    0.00000            0.435574E-21           *
#                                                               *
#*************   chi**2/iteration =  9.382       ****************


#********** Integration by Vegas (iteration      12) ************
#                                                               *
#  integral  = 0.47127931E-16   accum. integral = 0.47131466E-16*
#  std. dev. = 0.20329741E-19   accum. std. dev = 0.76900245E-20*
#   min/max. wt. =  -0.236563E-26        0.102046E-20           *
#                                                               *
#*************   chi**2/iteration =  8.468       ****************


#********** Integration by Vegas (iteration      13) ************
#                                                               *
#  integral  = 0.47115954E-16   accum. integral = 0.47129410E-16*
#  std. dev. = 0.20464149E-19   accum. std. dev = 0.71848129E-20*
#   min/max. wt. =    0.00000            0.634013E-21           *
#                                                               *
#*************   chi**2/iteration =  7.758       ****************


#********** Integration by Vegas (iteration      14) ************
#                                                               *
#  integral  = 0.47086838E-16   accum. integral = 0.47124556E-16*
#  std. dev. = 0.20756521E-19   accum. std. dev = 0.67806766E-20*
#   min/max. wt. =    0.00000            0.120129E-20           *
#                                                               *
#*************   chi**2/iteration =  7.430       ****************


#********** Integration by Vegas (iteration      15) ************
#                                                               *
#  integral  = 0.47164936E-16   accum. integral = 0.47128676E-16*
#  std. dev. = 0.20827234E-19   accum. std. dev = 0.64408488E-20*
#   min/max. wt. =    0.00000            0.413944E-21           *
#                                                               *
#*************   chi**2/iteration =  7.124       ****************

 ****************************************************
 * Writing out vegas grid to ./data/output.grid                                                      
 ****************************************************

  Input parameters for vegas:  ndim=  9   ncall= 99999999.
                              it=    0    itmx=    2
                              acc=-1.00    
                              mds=  0     nd=  50
                              (xl,xu)= (  0.00000     ,  1.00000     )
                                       (  0.00000     ,  1.00000     )
                                       (  0.00000     ,  1.00000     )
                                       (  0.00000     ,  1.00000     )
                                       (  0.00000     ,  1.00000     )
                                       (  0.00000     ,  1.00000     )
                                       (  0.00000     ,  1.00000     )
                                       (  0.00000     ,  1.00000     )
                                       (  0.00000     ,  1.00000     )

#********** Integration by Vegas (iteration       1) ************
#                                                               *
#  integral  = 0.47173123E-16   accum. integral = 0.47173123E-16*
#  std. dev. = 0.21089900E-19   accum. std. dev = 0.21089900E-19*
#   min/max. wt. =    0.00000            0.508603E-21           *
#                                                               *
#*************   chi**2/iteration =  0.000       ****************


#********** Integration by Vegas (iteration       2) ************
#                                                               *
#  integral  = 0.47123944E-16   accum. integral = 0.47148976E-16*
#  std. dev. = 0.21450329E-19   accum. std. dev = 0.15038490E-19*
#   min/max. wt. =    0.00000            0.765900E-21           *
#                                                               *
#*************   chi**2/iteration =  2.670       ****************

 Done
