SLURM job running in:  /work-zfs/lhc/heshy/JHUGen/xsecs/JHUGen/JHUGenerator
LHAPDF 6.1.5 loading /work-zfs/lhc/cms/slc6_amd64_gcc493/external/lhapdf/6.1.5-kpegke3/share/LHAPDF/NNPDF30_lo_as_0130/NNPDF30_lo_as_0130_0000.dat
NNPDF30_lo_as_0130 PDF set, member #0, version 2; LHAPDF ID = 263000
 extending no. of histograms for vbf tests
 
                                                                                          
   ***************************************************************************************
   *                                JHU Generator v6.9.9                                 *
   ***************************************************************************************
   *                                                                                     *
   *   Spin and parity determination of single-produced resonances at hadron colliders   *
   *                                                                                     *
   *          I. Anderson, S. Bolognesi, F. Caola, Y. Gao, A. Gritsan, Z. Guo,           *
   *        C. Martin, K. Melnikov, R.Rontsch, H. Roskes, U. Sarica, M. Schulze,         *
   *                   N. Tran, A. Whitbeck, M. Xiao, C. You, Y. Zhou                    *
   *                Phys.Rev. D81 (2010) 075022;  arXiv:1001.3396 [hep-ph],              *
   *                Phys.Rev. D86 (2012) 095031;  arXiv:1208.4018 [hep-ph],              *
   *                Phys.Rev. D89 (2014) 035007;  arXiv:1309.4819 [hep-ph].              *
   *                                                                                     *
   ***************************************************************************************
                                                                                          
   
   Command line: ./JHUGen Unweighted=0 VegasNc0=99999999 VegasNc1=99999999 VegasNc2=99999999 LHAPDF=NNPDF30_lo_as_0130/NNPDF30_lo_as_0130.info MReso=128 ghz1=0,0 ghz1_prime2=1,0 Process=60 pTjetcut=0 deltaRcut=0 pTjetcut=25 etajetcut=4.7 pTlepcut=5 etalepcut=2.5
   
   Input Parameter:
    Collider: P-P, sqrt(s)=13000.00
    Resonance: spin=0, mass= 128.00 width=   0.00407
    Z-boson: mass=91.188, width=2.4952
    W-boson: mass=80.399, width=2.0850
    Jet cuts:
            pT >=    25.00 GeV
         |eta| <=     4.70
        DeltaR >=     0.00
           mJJ >=     0.00 GeV
           m4l_min/max      -1.00     -1.00 GeV
    Random seed:   587534219
    To reproduce results using this seed, JHUGen should be compiled with the same compiler:
      GNU Fortran (GCC) 4.8.2
    
    WidthScheme:   2
    LHAPDF set NNPDF30_lo_as_0130/NNPDF30_lo_as_0130.info, member=  0
    Unweighted: F
    Intermediate off-shell photons: F
    
    spin-0-VV couplings: 
      generate_as=F
      ghg2=  0.10000000E+01  0.00000000E+00i
      ghg3=  0.00000000E+00  0.00000000E+00i
      ghg4=  0.00000000E+00  0.00000000E+00i
      ghz1=  0.00000000E+00  0.00000000E+00i
      ghz2=  0.00000000E+00  0.00000000E+00i
      ghz3=  0.00000000E+00  0.00000000E+00i
      ghz4=  0.00000000E+00  0.00000000E+00i
      ghz1_prime2=  0.10000000E+01  0.00000000E+00i,    Lambda_z1=  1.0000E+04
      Lambda=  1000.0
    
    LHE output: ./data/output.lhe
    Histogram output: ./data/output.dat
    Log file: ./data/output.log
    
  Running

  Input parameters for vegas:  ndim=  9   ncall= 80707214.
                              it=    0    itmx=   15
                              acc=-1.00    
                              mds=  1     nd=  50
                              (xl,xu)= (  0.00000     ,  1.00000     )
                                       (  0.00000     ,  1.00000     )
                                       (  0.00000     ,  1.00000     )
                                       (  0.00000     ,  1.00000     )
                                       (  0.00000     ,  1.00000     )
                                       (  0.00000     ,  1.00000     )
                                       (  0.00000     ,  1.00000     )
                                       (  0.00000     ,  1.00000     )
                                       (  0.00000     ,  1.00000     )

#********** Integration by Vegas (iteration       1) ************
#                                                               *
#  integral  = 0.28939731E-03   accum. integral = 0.28939731E-03*
#  std. dev. = 0.13849665E-03   accum. std. dev = 0.13849665E-03*
#   min/max. wt. =    0.00000            0.134484E-03           *
#                                                               *
#*************   chi**2/iteration =  0.000       ****************


#********** Integration by Vegas (iteration       2) ************
#                                                               *
#  integral  = 0.15814660E-03   accum. integral = 0.16066176E-03*
#  std. dev. = 0.10578832E-04   accum. std. dev = 0.15448922E-04*
#   min/max. wt. =    0.00000            0.923309E-05           *
#                                                               *
#*************   chi**2/iteration =  1.355       ****************


#********** Integration by Vegas (iteration       3) ************
#                                                               *
#  integral  = 0.17498147E-03   accum. integral = 0.17444558E-03*
#  std. dev. = 0.22856935E-05   accum. std. dev = 0.27623762E-05*
#   min/max. wt. =    0.00000            0.108128E-05           *
#                                                               *
#*************   chi**2/iteration =  1.277       ****************


#********** Integration by Vegas (iteration       4) ************
#                                                               *
#  integral  = 0.17536541E-03   accum. integral = 0.17532505E-03*
#  std. dev. = 0.48147756E-06   accum. std. dev = 0.55367093E-06*
#   min/max. wt. =    0.00000            0.300102E-06           *
#                                                               *
#*************   chi**2/iteration = 0.9689       ****************


#********** Integration by Vegas (iteration       5) ************
#                                                               *
#  integral  = 0.17539492E-03   accum. integral = 0.17538719E-03*
#  std. dev. = 0.16604824E-06   accum. std. dev = 0.17896434E-06*
#   min/max. wt. =    0.00000            0.104554E-07           *
#                                                               *
#*************   chi**2/iteration = 0.7731       ****************


#********** Integration by Vegas (iteration       6) ************
#                                                               *
#  integral  = 0.17536372E-03   accum. integral = 0.17537147E-03*
#  std. dev. = 0.10990477E-06   accum. std. dev = 0.10079132E-06*
#   min/max. wt. =    0.00000            0.101768E-07           *
#                                                               *
#*************   chi**2/iteration = 0.6461       ****************


#********** Integration by Vegas (iteration       7) ************
#                                                               *
#  integral  = 0.17528445E-03   accum. integral = 0.17533203E-03*
#  std. dev. = 0.98757958E-07   accum. std. dev = 0.73434101E-07*
#   min/max. wt. =    0.00000            0.101280E-07           *
#                                                               *
#*************   chi**2/iteration = 0.6126       ****************


#********** Integration by Vegas (iteration       8) ************
#                                                               *
#  integral  = 0.17529138E-03   accum. integral = 0.17531852E-03*
#  std. dev. = 0.94256005E-07   accum. std. dev = 0.59327054E-07*
#   min/max. wt. =    0.00000            0.549163E-08           *
#                                                               *
#*************   chi**2/iteration = 0.5520       ****************


#********** Integration by Vegas (iteration       9) ************
#                                                               *
#  integral  = 0.17531837E-03   accum. integral = 0.17531848E-03*
#  std. dev. = 0.93464440E-07   accum. std. dev = 0.50827685E-07*
#   min/max. wt. =    0.00000            0.440684E-08           *
#                                                               *
#*************   chi**2/iteration = 0.4918       ****************


#********** Integration by Vegas (iteration      10) ************
#                                                               *
#  integral  = 0.17524330E-03   accum. integral = 0.17530311E-03*
#  std. dev. = 0.92632862E-07   accum. std. dev = 0.45002252E-07*
#   min/max. wt. =    0.00000            0.521425E-08           *
#                                                               *
#*************   chi**2/iteration = 0.4941       ****************


#********** Integration by Vegas (iteration      11) ************
#                                                               *
#  integral  = 0.17540407E-03   accum. integral = 0.17532015E-03*
#  std. dev. = 0.93047406E-07   accum. std. dev = 0.40782883E-07*
#   min/max. wt. =    0.00000            0.414475E-08           *
#                                                               *
#*************   chi**2/iteration = 0.5361       ****************


#********** Integration by Vegas (iteration      12) ************
#                                                               *
#  integral  = 0.17542977E-03   accum. integral = 0.17533572E-03*
#  std. dev. = 0.93944423E-07   accum. std. dev = 0.37583680E-07*
#   min/max. wt. =    0.00000            0.437178E-08           *
#                                                               *
#*************   chi**2/iteration = 0.5866       ****************


#********** Integration by Vegas (iteration      13) ************
#                                                               *
#  integral  = 0.17516175E-03   accum. integral = 0.17531395E-03*
#  std. dev. = 0.93474535E-07   accum. std. dev = 0.34997335E-07*
#   min/max. wt. =    0.00000            0.483015E-08           *
#                                                               *
#*************   chi**2/iteration = 0.7679       ****************


#********** Integration by Vegas (iteration      14) ************
#                                                               *
#  integral  = 0.17526866E-03   accum. integral = 0.17530900E-03*
#  std. dev. = 0.94444229E-07   accum. std. dev = 0.32903548E-07*
#   min/max. wt. =    0.00000            0.751476E-08           *
#                                                               *
#*************   chi**2/iteration = 0.7285       ****************


#********** Integration by Vegas (iteration      15) ************
#                                                               *
#  integral  = 0.17538755E-03   accum. integral = 0.17531663E-03*
#  std. dev. = 0.95261219E-07   accum. std. dev = 0.31162080E-07*
#   min/max. wt. =    0.00000            0.298307E-08           *
#                                                               *
#*************   chi**2/iteration = 0.7207       ****************

 ****************************************************
 * Writing out vegas grid to ./data/output.grid                                                      
 ****************************************************

  Input parameters for vegas:  ndim=  9   ncall= 80707214.
                              it=    0    itmx=    2
                              acc=-1.00    
                              mds=  1     nd=  50
                              (xl,xu)= (  0.00000     ,  1.00000     )
                                       (  0.00000     ,  1.00000     )
                                       (  0.00000     ,  1.00000     )
                                       (  0.00000     ,  1.00000     )
                                       (  0.00000     ,  1.00000     )
                                       (  0.00000     ,  1.00000     )
                                       (  0.00000     ,  1.00000     )
                                       (  0.00000     ,  1.00000     )
                                       (  0.00000     ,  1.00000     )

#********** Integration by Vegas (iteration       1) ************
#                                                               *
#  integral  = 0.17542326E-03   accum. integral = 0.17542326E-03*
#  std. dev. = 0.96592407E-07   accum. std. dev = 0.96592407E-07*
#   min/max. wt. =    0.00000            0.746647E-08           *
#                                                               *
#*************   chi**2/iteration =  0.000       ****************


#********** Integration by Vegas (iteration       2) ************
#                                                               *
#  integral  = 0.17543753E-03   accum. integral = 0.17543035E-03*
#  std. dev. = 0.97225904E-07   accum. std. dev = 0.68524041E-07*
#   min/max. wt. =    0.00000            0.422281E-08           *
#                                                               *
#*************   chi**2/iteration = 0.1084E-01   ****************

 Done
