SLURM job running in:  /work-zfs/lhc/heshy/JHUGen/xsecs/JHUGen/JHUGenerator
LHAPDF 6.1.5 loading /work-zfs/lhc/cms/slc6_amd64_gcc493/external/lhapdf/6.1.5-kpegke3/share/LHAPDF/NNPDF30_lo_as_0130/NNPDF30_lo_as_0130_0000.dat
NNPDF30_lo_as_0130 PDF set, member #0, version 2; LHAPDF ID = 263000
 extending no. of histograms for vbf tests
 
                                                                                          
   ***************************************************************************************
   *                                JHU Generator v6.9.9                                 *
   ***************************************************************************************
   *                                                                                     *
   *   Spin and parity determination of single-produced resonances at hadron colliders   *
   *                                                                                     *
   *          I. Anderson, S. Bolognesi, F. Caola, Y. Gao, A. Gritsan, Z. Guo,           *
   *        C. Martin, K. Melnikov, R.Rontsch, H. Roskes, U. Sarica, M. Schulze,         *
   *                   N. Tran, A. Whitbeck, M. Xiao, C. You, Y. Zhou                    *
   *                Phys.Rev. D81 (2010) 075022;  arXiv:1001.3396 [hep-ph],              *
   *                Phys.Rev. D86 (2012) 095031;  arXiv:1208.4018 [hep-ph],              *
   *                Phys.Rev. D89 (2014) 035007;  arXiv:1309.4819 [hep-ph].              *
   *                                                                                     *
   ***************************************************************************************
                                                                                          
   
   Command line: ./JHUGen Unweighted=0 VegasNc0=99999999 VegasNc1=99999999 VegasNc2=99999999 LHAPDF=NNPDF30_lo_as_0130/NNPDF30_lo_as_0130.info MReso=1310 ghz1=0,0 ghz1_prime2=1,0 Process=60 pTjetcut=0 deltaRcut=0 pTjetcut=25 etajetcut=4.7 pTlepcut=5 etalepcut=2.5
   
   Input Parameter:
    Collider: P-P, sqrt(s)=13000.00
    Resonance: spin=0, mass=1310.00 width=   0.00407
    Z-boson: mass=91.188, width=2.4952
    W-boson: mass=80.399, width=2.0850
    Jet cuts:
            pT >=    25.00 GeV
         |eta| <=     4.70
        DeltaR >=     0.00
           mJJ >=     0.00 GeV
           m4l_min/max      -1.00     -1.00 GeV
    Random seed:   440166658
    To reproduce results using this seed, JHUGen should be compiled with the same compiler:
      GNU Fortran (GCC) 4.8.2
    
    WidthScheme:   2
    LHAPDF set NNPDF30_lo_as_0130/NNPDF30_lo_as_0130.info, member=  0
    Unweighted: F
    Intermediate off-shell photons: F
    
    spin-0-VV couplings: 
      generate_as=F
      ghg2=  0.10000000E+01  0.00000000E+00i
      ghg3=  0.00000000E+00  0.00000000E+00i
      ghg4=  0.00000000E+00  0.00000000E+00i
      ghz1=  0.00000000E+00  0.00000000E+00i
      ghz2=  0.00000000E+00  0.00000000E+00i
      ghz3=  0.00000000E+00  0.00000000E+00i
      ghz4=  0.00000000E+00  0.00000000E+00i
      ghz1_prime2=  0.10000000E+01  0.00000000E+00i,    Lambda_z1=  1.0000E+04
      Lambda=  1000.0
    
    LHE output: ./data/output.lhe
    Histogram output: ./data/output.dat
    Log file: ./data/output.log
    
  Running

  Input parameters for vegas:  ndim=  9   ncall= 80707214.
                              it=    0    itmx=   15
                              acc=-1.00    
                              mds=  1     nd=  50
                              (xl,xu)= (  0.00000     ,  1.00000     )
                                       (  0.00000     ,  1.00000     )
                                       (  0.00000     ,  1.00000     )
                                       (  0.00000     ,  1.00000     )
                                       (  0.00000     ,  1.00000     )
                                       (  0.00000     ,  1.00000     )
                                       (  0.00000     ,  1.00000     )
                                       (  0.00000     ,  1.00000     )
                                       (  0.00000     ,  1.00000     )

#********** Integration by Vegas (iteration       1) ************
#                                                               *
#  integral  = 0.52929431E-05   accum. integral = 0.52929431E-05*
#  std. dev. = 0.18976511E-06   accum. std. dev = 0.18976511E-06*
#   min/max. wt. =    0.00000            0.136150E-06           *
#                                                               *
#*************   chi**2/iteration = -.8973E-10   ****************


#********** Integration by Vegas (iteration       2) ************
#                                                               *
#  integral  = 0.14774912E-04   accum. integral = 0.53377262E-05*
#  std. dev. = 0.76896793E-05   accum. std. dev = 0.39693559E-06*
#   min/max. wt. =    0.00000            0.767928E-05           *
#                                                               *
#*************   chi**2/iteration =  2.680       ****************


#********** Integration by Vegas (iteration       3) ************
#                                                               *
#  integral  = 0.93010583E-05   accum. integral = 0.69628471E-05*
#  std. dev. = 0.39904560E-06   accum. std. dev = 0.28936685E-06*
#   min/max. wt. =    0.00000            0.247979E-06           *
#                                                               *
#*************   chi**2/iteration =  24.17       ****************


#********** Integration by Vegas (iteration       4) ************
#                                                               *
#  integral  = 0.96322812E-05   accum. integral = 0.95141248E-05*
#  std. dev. = 0.56948433E-07   accum. std. dev = 0.59620366E-07*
#   min/max. wt. =    0.00000            0.256667E-07           *
#                                                               *
#*************   chi**2/iteration =  45.06       ****************


#********** Integration by Vegas (iteration       5) ************
#                                                               *
#  integral  = 0.95808353E-05   accum. integral = 0.95780587E-05*
#  std. dev. = 0.11540324E-07   accum. std. dev = 0.11995260E-07*
#   min/max. wt. =    0.00000            0.141061E-08           *
#                                                               *
#*************   chi**2/iteration =  35.06       ****************


#********** Integration by Vegas (iteration       6) ************
#                                                               *
#  integral  = 0.95830672E-05   accum. integral = 0.95817620E-05*
#  std. dev. = 0.67086740E-08   accum. std. dev = 0.60657843E-08*
#   min/max. wt. =    0.00000            0.409645E-09           *
#                                                               *
#*************   chi**2/iteration =  28.61       ****************


#********** Integration by Vegas (iteration       7) ************
#                                                               *
#  integral  = 0.95918607E-05   accum. integral = 0.95868495E-05*
#  std. dev. = 0.57305073E-08   accum. std. dev = 0.42441670E-08*
#   min/max. wt. =    0.00000            0.278256E-09           *
#                                                               *
#*************   chi**2/iteration =  24.40       ****************


#********** Integration by Vegas (iteration       8) ************
#                                                               *
#  integral  = 0.95771364E-05   accum. integral = 0.95833574E-05*
#  std. dev. = 0.54204360E-08   accum. std. dev = 0.33786354E-08*
#   min/max. wt. =    0.00000            0.257161E-09           *
#                                                               *
#*************   chi**2/iteration =  21.41       ****************


#********** Integration by Vegas (iteration       9) ************
#                                                               *
#  integral  = 0.95955383E-05   accum. integral = 0.95866822E-05*
#  std. dev. = 0.53146025E-08   accum. std. dev = 0.28694689E-08*
#   min/max. wt. =    0.00000            0.221556E-09           *
#                                                               *
#*************   chi**2/iteration =  19.33       ****************


#********** Integration by Vegas (iteration      10) ************
#                                                               *
#  integral  = 0.95823106E-05   accum. integral = 0.95857222E-05*
#  std. dev. = 0.52272322E-08   accum. std. dev = 0.25265035E-08*
#   min/max. wt. =    0.00000            0.196477E-09           *
#                                                               *
#*************   chi**2/iteration =  17.36       ****************


#********** Integration by Vegas (iteration      11) ************
#                                                               *
#  integral  = 0.95780951E-05   accum. integral = 0.95843532E-05*
#  std. dev. = 0.52347124E-08   accum. std. dev = 0.22822047E-08*
#   min/max. wt. =    0.00000            0.149637E-09           *
#                                                               *
#*************   chi**2/iteration =  15.87       ****************


#********** Integration by Vegas (iteration      12) ************
#                                                               *
#  integral  = 0.95866136E-05   accum. integral = 0.95846895E-05*
#  std. dev. = 0.53095779E-08   accum. std. dev = 0.21008599E-08*
#   min/max. wt. =    0.00000            0.235150E-09           *
#                                                               *
#*************   chi**2/iteration =  14.51       ****************


#********** Integration by Vegas (iteration      13) ************
#                                                               *
#  integral  = 0.95876758E-05   accum. integral = 0.95850728E-05*
#  std. dev. = 0.53373910E-08   accum. std. dev = 0.19576597E-08*
#   min/max. wt. =    0.00000            0.242671E-09           *
#                                                               *
#*************   chi**2/iteration =  13.37       ****************


#********** Integration by Vegas (iteration      14) ************
#                                                               *
#  integral  = 0.95924295E-05   accum. integral = 0.95858893E-05*
#  std. dev. = 0.54148563E-08   accum. std. dev = 0.18428690E-08*
#   min/max. wt. =    0.00000            0.318305E-09           *
#                                                               *
#*************   chi**2/iteration =  12.50       ****************


#********** Integration by Vegas (iteration      15) ************
#                                                               *
#  integral  = 0.95873546E-05   accum. integral = 0.95860336E-05*
#  std. dev. = 0.54544591E-08   accum. std. dev = 0.17472549E-08*
#   min/max. wt. =    0.00000            0.196266E-09           *
#                                                               *
#*************   chi**2/iteration =  11.65       ****************

 ****************************************************
 * Writing out vegas grid to ./data/output.grid                                                      
 ****************************************************

  Input parameters for vegas:  ndim=  9   ncall= 80707214.
                              it=    0    itmx=    2
                              acc=-1.00    
                              mds=  1     nd=  50
                              (xl,xu)= (  0.00000     ,  1.00000     )
                                       (  0.00000     ,  1.00000     )
                                       (  0.00000     ,  1.00000     )
                                       (  0.00000     ,  1.00000     )
                                       (  0.00000     ,  1.00000     )
                                       (  0.00000     ,  1.00000     )
                                       (  0.00000     ,  1.00000     )
                                       (  0.00000     ,  1.00000     )
                                       (  0.00000     ,  1.00000     )

#********** Integration by Vegas (iteration       1) ************
#                                                               *
#  integral  = 0.95970938E-05   accum. integral = 0.95970938E-05*
#  std. dev. = 0.54821804E-08   accum. std. dev = 0.54821804E-08*
#   min/max. wt. =    0.00000            0.305194E-09           *
#                                                               *
#*************   chi**2/iteration =  0.000       ****************


#********** Integration by Vegas (iteration       2) ************
#                                                               *
#  integral  = 0.95883729E-05   accum. integral = 0.95927852E-05*
#  std. dev. = 0.55426993E-08   accum. std. dev = 0.38976880E-08*
#   min/max. wt. =    0.00000            0.273867E-09           *
#                                                               *
#*************   chi**2/iteration =  1.250       ****************

 Done
