SLURM job running in:  /work-zfs/lhc/heshy/JHUGen/xsecs/JHUGen/JHUGenerator
LHAPDF 6.1.5 loading /work-zfs/lhc/cms/slc6_amd64_gcc493/external/lhapdf/6.1.5-kpegke3/share/LHAPDF/NNPDF30_lo_as_0130/NNPDF30_lo_as_0130_0000.dat
NNPDF30_lo_as_0130 PDF set, member #0, version 2; LHAPDF ID = 263000
 extending no. of histograms for vbf tests
 
                                                                                          
   ***************************************************************************************
   *                                JHU Generator v6.9.9                                 *
   ***************************************************************************************
   *                                                                                     *
   *   Spin and parity determination of single-produced resonances at hadron colliders   *
   *                                                                                     *
   *          I. Anderson, S. Bolognesi, F. Caola, Y. Gao, A. Gritsan, Z. Guo,           *
   *        C. Martin, K. Melnikov, R.Rontsch, H. Roskes, U. Sarica, M. Schulze,         *
   *                   N. Tran, A. Whitbeck, M. Xiao, C. You, Y. Zhou                    *
   *                Phys.Rev. D81 (2010) 075022;  arXiv:1001.3396 [hep-ph],              *
   *                Phys.Rev. D86 (2012) 095031;  arXiv:1208.4018 [hep-ph],              *
   *                Phys.Rev. D89 (2014) 035007;  arXiv:1309.4819 [hep-ph].              *
   *                                                                                     *
   ***************************************************************************************
                                                                                          
   
   Command line: ./JHUGen Unweighted=0 VegasNc0=99999999 VegasNc1=99999999 VegasNc2=99999999 LHAPDF=NNPDF30_lo_as_0130/NNPDF30_lo_as_0130.info MReso=1360 ghz1=0,0 ghz1_prime2=1,0 Process=60 pTjetcut=0 deltaRcut=0 pTjetcut=25 etajetcut=4.7 pTlepcut=5 etalepcut=2.5
   
   Input Parameter:
    Collider: P-P, sqrt(s)=13000.00
    Resonance: spin=0, mass=1360.00 width=   0.00407
    Z-boson: mass=91.188, width=2.4952
    W-boson: mass=80.399, width=2.0850
    Jet cuts:
            pT >=    25.00 GeV
         |eta| <=     4.70
        DeltaR >=     0.00
           mJJ >=     0.00 GeV
           m4l_min/max      -1.00     -1.00 GeV
    Random seed:    10164299
    To reproduce results using this seed, JHUGen should be compiled with the same compiler:
      GNU Fortran (GCC) 4.8.2
    
    WidthScheme:   2
    LHAPDF set NNPDF30_lo_as_0130/NNPDF30_lo_as_0130.info, member=  0
    Unweighted: F
    Intermediate off-shell photons: F
    
    spin-0-VV couplings: 
      generate_as=F
      ghg2=  0.10000000E+01  0.00000000E+00i
      ghg3=  0.00000000E+00  0.00000000E+00i
      ghg4=  0.00000000E+00  0.00000000E+00i
      ghz1=  0.00000000E+00  0.00000000E+00i
      ghz2=  0.00000000E+00  0.00000000E+00i
      ghz3=  0.00000000E+00  0.00000000E+00i
      ghz4=  0.00000000E+00  0.00000000E+00i
      ghz1_prime2=  0.10000000E+01  0.00000000E+00i,    Lambda_z1=  1.0000E+04
      Lambda=  1000.0
    
    LHE output: ./data/output.lhe
    Histogram output: ./data/output.dat
    Log file: ./data/output.log
    
  Running

  Input parameters for vegas:  ndim=  9   ncall= 80707214.
                              it=    0    itmx=   15
                              acc=-1.00    
                              mds=  1     nd=  50
                              (xl,xu)= (  0.00000     ,  1.00000     )
                                       (  0.00000     ,  1.00000     )
                                       (  0.00000     ,  1.00000     )
                                       (  0.00000     ,  1.00000     )
                                       (  0.00000     ,  1.00000     )
                                       (  0.00000     ,  1.00000     )
                                       (  0.00000     ,  1.00000     )
                                       (  0.00000     ,  1.00000     )
                                       (  0.00000     ,  1.00000     )

#********** Integration by Vegas (iteration       1) ************
#                                                               *
#  integral  = 0.61506522E-05   accum. integral = 0.61506522E-05*
#  std. dev. = 0.11305444E-05   accum. std. dev = 0.11305444E-05*
#   min/max. wt. =    0.00000            0.105537E-05           *
#                                                               *
#*************   chi**2/iteration =  0.000       ****************


#********** Integration by Vegas (iteration       2) ************
#                                                               *
#  integral  = 0.68992643E-05   accum. integral = 0.66106930E-05*
#  std. dev. = 0.10043790E-05   accum. std. dev = 0.74585727E-06*
#   min/max. wt. =    0.00000            0.896225E-06           *
#                                                               *
#*************   chi**2/iteration = 0.2384       ****************


#********** Integration by Vegas (iteration       3) ************
#                                                               *
#  integral  = 0.80565380E-05   accum. integral = 0.79884000E-05*
#  std. dev. = 0.20446979E-06   accum. std. dev = 0.17537685E-06*
#   min/max. wt. =    0.00000            0.126977E-06           *
#                                                               *
#*************   chi**2/iteration =  1.627       ****************


#********** Integration by Vegas (iteration       4) ************
#                                                               *
#  integral  = 0.86092098E-05   accum. integral = 0.85929573E-05*
#  std. dev. = 0.34970666E-07   accum. std. dev = 0.30027301E-07*
#   min/max. wt. =    0.00000            0.146463E-07           *
#                                                               *
#*************   chi**2/iteration =  4.600       ****************


#********** Integration by Vegas (iteration       5) ************
#                                                               *
#  integral  = 0.86213151E-05   accum. integral = 0.86194345E-05*
#  std. dev. = 0.92100485E-08   accum. std. dev = 0.79796141E-08*
#   min/max. wt. =    0.00000            0.139499E-08           *
#                                                               *
#*************   chi**2/iteration =  3.435       ****************


#********** Integration by Vegas (iteration       6) ************
#                                                               *
#  integral  = 0.86344369E-05   accum. integral = 0.86299331E-05*
#  std. dev. = 0.58377768E-08   accum. std. dev = 0.44614236E-08*
#   min/max. wt. =    0.00000            0.306047E-09           *
#                                                               *
#*************   chi**2/iteration =  3.115       ****************


#********** Integration by Vegas (iteration       7) ************
#                                                               *
#  integral  = 0.86250996E-05   accum. integral = 0.86276080E-05*
#  std. dev. = 0.50669709E-08   accum. std. dev = 0.32585833E-08*
#   min/max. wt. =    0.00000            0.208949E-09           *
#                                                               *
#*************   chi**2/iteration =  2.617       ****************


#********** Integration by Vegas (iteration       8) ************
#                                                               *
#  integral  = 0.86307604E-05   accum. integral = 0.86286950E-05*
#  std. dev. = 0.48475136E-08   accum. std. dev = 0.26646327E-08*
#   min/max. wt. =    0.00000            0.222776E-09           *
#                                                               *
#*************   chi**2/iteration =  2.243       ****************


#********** Integration by Vegas (iteration       9) ************
#                                                               *
#  integral  = 0.86309796E-05   accum. integral = 0.86292982E-05*
#  std. dev. = 0.47526563E-08   accum. std. dev = 0.23038383E-08*
#   min/max. wt. =    0.00000            0.255879E-09           *
#                                                               *
#*************   chi**2/iteration =  1.956       ****************


#********** Integration by Vegas (iteration      10) ************
#                                                               *
#  integral  = 0.86205243E-05   accum. integral = 0.86274491E-05*
#  std. dev. = 0.47200567E-08   accum. std. dev = 0.20590530E-08*
#   min/max. wt. =    0.00000            0.169381E-09           *
#                                                               *
#*************   chi**2/iteration =  2.053       ****************


#********** Integration by Vegas (iteration      11) ************
#                                                               *
#  integral  = 0.86268535E-05   accum. integral = 0.86273461E-05*
#  std. dev. = 0.47425601E-08   accum. std. dev = 0.18818548E-08*
#   min/max. wt. =    0.00000            0.333691E-09           *
#                                                               *
#*************   chi**2/iteration =  1.831       ****************


#********** Integration by Vegas (iteration      12) ************
#                                                               *
#  integral  = 0.86304236E-05   accum. integral = 0.86277910E-05*
#  std. dev. = 0.47988249E-08   accum. std. dev = 0.17476759E-08*
#   min/max. wt. =    0.00000            0.378568E-09           *
#                                                               *
#*************   chi**2/iteration =  1.686       ****************


#********** Integration by Vegas (iteration      13) ************
#                                                               *
#  integral  = 0.86235051E-05   accum. integral = 0.86272624E-05*
#  std. dev. = 0.48609131E-08   accum. std. dev = 0.16419062E-08*
#   min/max. wt. =    0.00000            0.213339E-09           *
#                                                               *
#*************   chi**2/iteration =  1.597       ****************


#********** Integration by Vegas (iteration      14) ************
#                                                               *
#  integral  = 0.86182349E-05   accum. integral = 0.86262789E-05*
#  std. dev. = 0.48790892E-08   accum. std. dev = 0.15542910E-08*
#   min/max. wt. =    0.00000            0.208322E-09           *
#                                                               *
#*************   chi**2/iteration =  1.717       ****************


#********** Integration by Vegas (iteration      15) ************
#                                                               *
#  integral  = 0.86219908E-05   accum. integral = 0.86258624E-05*
#  std. dev. = 0.49120902E-08   accum. std. dev = 0.14805402E-08*
#   min/max. wt. =    0.00000            0.293904E-09           *
#                                                               *
#*************   chi**2/iteration =  1.639       ****************

 ****************************************************
 * Writing out vegas grid to ./data/output.grid                                                      
 ****************************************************

  Input parameters for vegas:  ndim=  9   ncall= 80707214.
                              it=    0    itmx=    2
                              acc=-1.00    
                              mds=  1     nd=  50
                              (xl,xu)= (  0.00000     ,  1.00000     )
                                       (  0.00000     ,  1.00000     )
                                       (  0.00000     ,  1.00000     )
                                       (  0.00000     ,  1.00000     )
                                       (  0.00000     ,  1.00000     )
                                       (  0.00000     ,  1.00000     )
                                       (  0.00000     ,  1.00000     )
                                       (  0.00000     ,  1.00000     )
                                       (  0.00000     ,  1.00000     )

#********** Integration by Vegas (iteration       1) ************
#                                                               *
#  integral  = 0.86293759E-05   accum. integral = 0.86293759E-05*
#  std. dev. = 0.49704493E-08   accum. std. dev = 0.49704493E-08*
#   min/max. wt. =    0.00000            0.174038E-09           *
#                                                               *
#*************   chi**2/iteration =  0.000       ****************


#********** Integration by Vegas (iteration       2) ************
#                                                               *
#  integral  = 0.86304066E-05   accum. integral = 0.86298842E-05*
#  std. dev. = 0.50395038E-08   accum. std. dev = 0.35388032E-08*
#   min/max. wt. =    0.00000            0.288708E-09           *
#                                                               *
#*************   chi**2/iteration = 0.2118E-01   ****************

 Done
