SLURM job running in:  /work-zfs/lhc/heshy/JHUGen/xsecs/JHUGen/JHUGenerator
LHAPDF 6.1.5 loading /work-zfs/lhc/cms/slc6_amd64_gcc493/external/lhapdf/6.1.5-kpegke3/share/LHAPDF/NNPDF30_lo_as_0130/NNPDF30_lo_as_0130_0000.dat
NNPDF30_lo_as_0130 PDF set, member #0, version 2; LHAPDF ID = 263000
 extending no. of histograms for vbf tests
 
                                                                                          
   ***************************************************************************************
   *                                JHU Generator v6.9.9                                 *
   ***************************************************************************************
   *                                                                                     *
   *   Spin and parity determination of single-produced resonances at hadron colliders   *
   *                                                                                     *
   *          I. Anderson, S. Bolognesi, F. Caola, Y. Gao, A. Gritsan, Z. Guo,           *
   *        C. Martin, K. Melnikov, R.Rontsch, H. Roskes, U. Sarica, M. Schulze,         *
   *                   N. Tran, A. Whitbeck, M. Xiao, C. You, Y. Zhou                    *
   *                Phys.Rev. D81 (2010) 075022;  arXiv:1001.3396 [hep-ph],              *
   *                Phys.Rev. D86 (2012) 095031;  arXiv:1208.4018 [hep-ph],              *
   *                Phys.Rev. D89 (2014) 035007;  arXiv:1309.4819 [hep-ph].              *
   *                                                                                     *
   ***************************************************************************************
                                                                                          
   
   Command line: ./JHUGen Unweighted=0 VegasNc0=99999999 VegasNc1=99999999 VegasNc2=99999999 LHAPDF=NNPDF30_lo_as_0130/NNPDF30_lo_as_0130.info MReso=2150 ghz1=0,0 ghz1_prime2=1,0 Process=60 pTjetcut=0 deltaRcut=0 pTjetcut=25 etajetcut=4.7 pTlepcut=5 etalepcut=2.5
   
   Input Parameter:
    Collider: P-P, sqrt(s)=13000.00
    Resonance: spin=0, mass=2150.00 width=   0.00407
    Z-boson: mass=91.188, width=2.4952
    W-boson: mass=80.399, width=2.0850
    Jet cuts:
            pT >=    25.00 GeV
         |eta| <=     4.70
        DeltaR >=     0.00
           mJJ >=     0.00 GeV
           m4l_min/max      -1.00     -1.00 GeV
    Random seed:    63806336
    To reproduce results using this seed, JHUGen should be compiled with the same compiler:
      GNU Fortran (GCC) 4.8.2
    
    WidthScheme:   2
    LHAPDF set NNPDF30_lo_as_0130/NNPDF30_lo_as_0130.info, member=  0
    Unweighted: F
    Intermediate off-shell photons: F
    
    spin-0-VV couplings: 
      generate_as=F
      ghg2=  0.10000000E+01  0.00000000E+00i
      ghg3=  0.00000000E+00  0.00000000E+00i
      ghg4=  0.00000000E+00  0.00000000E+00i
      ghz1=  0.00000000E+00  0.00000000E+00i
      ghz2=  0.00000000E+00  0.00000000E+00i
      ghz3=  0.00000000E+00  0.00000000E+00i
      ghz4=  0.00000000E+00  0.00000000E+00i
      ghz1_prime2=  0.10000000E+01  0.00000000E+00i,    Lambda_z1=  1.0000E+04
      Lambda=  1000.0
    
    LHE output: ./data/output.lhe
    Histogram output: ./data/output.dat
    Log file: ./data/output.log
    
  Running

  Input parameters for vegas:  ndim=  9   ncall= 80707214.
                              it=    0    itmx=   15
                              acc=-1.00    
                              mds=  1     nd=  50
                              (xl,xu)= (  0.00000     ,  1.00000     )
                                       (  0.00000     ,  1.00000     )
                                       (  0.00000     ,  1.00000     )
                                       (  0.00000     ,  1.00000     )
                                       (  0.00000     ,  1.00000     )
                                       (  0.00000     ,  1.00000     )
                                       (  0.00000     ,  1.00000     )
                                       (  0.00000     ,  1.00000     )
                                       (  0.00000     ,  1.00000     )

#********** Integration by Vegas (iteration       1) ************
#                                                               *
#  integral  = 0.87343301E-06   accum. integral = 0.87343301E-06*
#  std. dev. = 0.22226940E-07   accum. std. dev = 0.22226940E-07*
#   min/max. wt. =    0.00000            0.120140E-07           *
#                                                               *
#*************   chi**2/iteration = 0.2044E-09   ****************


#********** Integration by Vegas (iteration       2) ************
#                                                               *
#  integral  = 0.14946645E-05   accum. integral = 0.90564547E-06*
#  std. dev. = 0.16264716E-06   accum. std. dev = 0.30332602E-07*
#   min/max. wt. =    0.00000            0.971235E-07           *
#                                                               *
#*************   chi**2/iteration =  20.60       ****************


#********** Integration by Vegas (iteration       3) ************
#                                                               *
#  integral  = 0.18545659E-05   accum. integral = 0.10354247E-05*
#  std. dev. = 0.11545349E-06   accum. std. dev = 0.33721800E-07*
#   min/max. wt. =    0.00000            0.899288E-07           *
#                                                               *
#*************   chi**2/iteration =  53.92       ****************


#********** Integration by Vegas (iteration       4) ************
#                                                               *
#  integral  = 0.17337263E-05   accum. integral = 0.16982080E-05*
#  std. dev. = 0.92400180E-08   accum. std. dev = 0.79774030E-08*
#   min/max. wt. =    0.00000            0.337967E-08           *
#                                                               *
#*************   chi**2/iteration =  155.9       ****************


#********** Integration by Vegas (iteration       5) ************
#                                                               *
#  integral  = 0.17270535E-05   accum. integral = 0.17252314E-05*
#  std. dev. = 0.23285560E-08   accum. std. dev = 0.20571775E-08*
#   min/max. wt. =    0.00000            0.776074E-09           *
#                                                               *
#*************   chi**2/iteration =  114.0       ****************


#********** Integration by Vegas (iteration       6) ************
#                                                               *
#  integral  = 0.17269047E-05   accum. integral = 0.17264923E-05*
#  std. dev. = 0.12889472E-08   accum. std. dev = 0.10382339E-08*
#   min/max. wt. =    0.00000            0.570467E-10           *
#                                                               *
#*************   chi**2/iteration =  88.37       ****************


#********** Integration by Vegas (iteration       7) ************
#                                                               *
#  integral  = 0.17267014E-05   accum. integral = 0.17266029E-05*
#  std. dev. = 0.10549299E-08   accum. std. dev = 0.72043391E-09*
#   min/max. wt. =    0.00000            0.491985E-10           *
#                                                               *
#*************   chi**2/iteration =  71.99       ****************


#********** Integration by Vegas (iteration       8) ************
#                                                               *
#  integral  = 0.17272137E-05   accum. integral = 0.17268305E-05*
#  std. dev. = 0.99640797E-09   accum. std. dev = 0.57549796E-09*
#   min/max. wt. =    0.00000            0.666420E-10           *
#                                                               *
#*************   chi**2/iteration =  60.72       ****************


#********** Integration by Vegas (iteration       9) ************
#                                                               *
#  integral  = 0.17288177E-05   accum. integral = 0.17273839E-05*
#  std. dev. = 0.97980114E-09   accum. std. dev = 0.49205471E-09*
#   min/max. wt. =    0.00000            0.532243E-10           *
#                                                               *
#*************   chi**2/iteration =  52.84       ****************


#********** Integration by Vegas (iteration      10) ************
#                                                               *
#  integral  = 0.17279860E-05   accum. integral = 0.17275172E-05*
#  std. dev. = 0.96941396E-09   accum. std. dev = 0.43643883E-09*
#   min/max. wt. =    0.00000            0.350826E-10           *
#                                                               *
#*************   chi**2/iteration =  46.53       ****************


#********** Integration by Vegas (iteration      11) ************
#                                                               *
#  integral  = 0.17257449E-05   accum. integral = 0.17272014E-05*
#  std. dev. = 0.97820940E-09   accum. std. dev = 0.39725286E-09*
#   min/max. wt. =    0.00000            0.106970E-09           *
#                                                               *
#*************   chi**2/iteration =  41.83       ****************


#********** Integration by Vegas (iteration      12) ************
#                                                               *
#  integral  = 0.17286117E-05   accum. integral = 0.17274157E-05*
#  std. dev. = 0.97695004E-09   accum. std. dev = 0.36709893E-09*
#   min/max. wt. =    0.00000            0.415285E-10           *
#                                                               *
#*************   chi**2/iteration =  37.94       ****************


#********** Integration by Vegas (iteration      13) ************
#                                                               *
#  integral  = 0.17273468E-05   accum. integral = 0.17274068E-05*
#  std. dev. = 0.98531233E-09   accum. std. dev = 0.34342556E-09*
#   min/max. wt. =    0.00000            0.540945E-10           *
#                                                               *
#*************   chi**2/iteration =  34.58       ****************


#********** Integration by Vegas (iteration      14) ************
#                                                               *
#  integral  = 0.17285080E-05   accum. integral = 0.17275301E-05*
#  std. dev. = 0.10003847E-08   accum. std. dev = 0.32443412E-09*
#   min/max. wt. =    0.00000            0.413784E-10           *
#                                                               *
#*************   chi**2/iteration =  31.85       ****************


#********** Integration by Vegas (iteration      15) ************
#                                                               *
#  integral  = 0.17273119E-05   accum. integral = 0.17275090E-05*
#  std. dev. = 0.10228685E-08   accum. std. dev = 0.30901015E-09*
#   min/max. wt. =    0.00000            0.563302E-10           *
#                                                               *
#*************   chi**2/iteration =  29.45       ****************

 ****************************************************
 * Writing out vegas grid to ./data/output.grid                                                      
 ****************************************************

  Input parameters for vegas:  ndim=  9   ncall= 80707214.
                              it=    0    itmx=    2
                              acc=-1.00    
                              mds=  1     nd=  50
                              (xl,xu)= (  0.00000     ,  1.00000     )
                                       (  0.00000     ,  1.00000     )
                                       (  0.00000     ,  1.00000     )
                                       (  0.00000     ,  1.00000     )
                                       (  0.00000     ,  1.00000     )
                                       (  0.00000     ,  1.00000     )
                                       (  0.00000     ,  1.00000     )
                                       (  0.00000     ,  1.00000     )
                                       (  0.00000     ,  1.00000     )

#********** Integration by Vegas (iteration       1) ************
#                                                               *
#  integral  = 0.17279728E-05   accum. integral = 0.17279728E-05*
#  std. dev. = 0.10257431E-08   accum. std. dev = 0.10257431E-08*
#   min/max. wt. =    0.00000            0.379112E-10           *
#                                                               *
#*************   chi**2/iteration = 0.3839E-06   ****************


#********** Integration by Vegas (iteration       2) ************
#                                                               *
#  integral  = 0.17275372E-05   accum. integral = 0.17277598E-05*
#  std. dev. = 0.10486885E-08   accum. std. dev = 0.73328569E-09*
#   min/max. wt. =    0.00000            0.646200E-10           *
#                                                               *
#*************   chi**2/iteration = 0.8808E-01   ****************

 Done
