SLURM job running in:  /work-zfs/lhc/heshy/JHUGen/xsecs/JHUGen/JHUGenerator
LHAPDF 6.1.5 loading /work-zfs/lhc/cms/slc6_amd64_gcc493/external/lhapdf/6.1.5-kpegke3/share/LHAPDF/NNPDF30_lo_as_0130/NNPDF30_lo_as_0130_0000.dat
NNPDF30_lo_as_0130 PDF set, member #0, version 2; LHAPDF ID = 263000
 extending no. of histograms for vbf tests
 
                                                                                          
   ***************************************************************************************
   *                                JHU Generator v6.9.9                                 *
   ***************************************************************************************
   *                                                                                     *
   *   Spin and parity determination of single-produced resonances at hadron colliders   *
   *                                                                                     *
   *          I. Anderson, S. Bolognesi, F. Caola, Y. Gao, A. Gritsan, Z. Guo,           *
   *        C. Martin, K. Melnikov, R.Rontsch, H. Roskes, U. Sarica, M. Schulze,         *
   *                   N. Tran, A. Whitbeck, M. Xiao, C. You, Y. Zhou                    *
   *                Phys.Rev. D81 (2010) 075022;  arXiv:1001.3396 [hep-ph],              *
   *                Phys.Rev. D86 (2012) 095031;  arXiv:1208.4018 [hep-ph],              *
   *                Phys.Rev. D89 (2014) 035007;  arXiv:1309.4819 [hep-ph].              *
   *                                                                                     *
   ***************************************************************************************
                                                                                          
   
   Command line: ./JHUGen Unweighted=0 VegasNc0=99999999 VegasNc1=99999999 VegasNc2=99999999 LHAPDF=NNPDF30_lo_as_0130/NNPDF30_lo_as_0130.info MReso=222 ghz1=0,0 ghz1_prime2=1,0 Process=60 pTjetcut=0 deltaRcut=0 pTjetcut=25 etajetcut=4.7 pTlepcut=5 etalepcut=2.5
   
   Input Parameter:
    Collider: P-P, sqrt(s)=13000.00
    Resonance: spin=0, mass= 222.00 width=   0.00407
    Z-boson: mass=91.188, width=2.4952
    W-boson: mass=80.399, width=2.0850
    Jet cuts:
            pT >=    25.00 GeV
         |eta| <=     4.70
        DeltaR >=     0.00
           mJJ >=     0.00 GeV
           m4l_min/max      -1.00     -1.00 GeV
    Random seed:   345112493
    To reproduce results using this seed, JHUGen should be compiled with the same compiler:
      GNU Fortran (GCC) 4.8.2
    
    WidthScheme:   2
    LHAPDF set NNPDF30_lo_as_0130/NNPDF30_lo_as_0130.info, member=  0
    Unweighted: F
    Intermediate off-shell photons: F
    
    spin-0-VV couplings: 
      generate_as=F
      ghg2=  0.10000000E+01  0.00000000E+00i
      ghg3=  0.00000000E+00  0.00000000E+00i
      ghg4=  0.00000000E+00  0.00000000E+00i
      ghz1=  0.00000000E+00  0.00000000E+00i
      ghz2=  0.00000000E+00  0.00000000E+00i
      ghz3=  0.00000000E+00  0.00000000E+00i
      ghz4=  0.00000000E+00  0.00000000E+00i
      ghz1_prime2=  0.10000000E+01  0.00000000E+00i,    Lambda_z1=  1.0000E+04
      Lambda=  1000.0
    
    LHE output: ./data/output.lhe
    Histogram output: ./data/output.dat
    Log file: ./data/output.log
    
  Running

  Input parameters for vegas:  ndim=  9   ncall= 80707214.
                              it=    0    itmx=   15
                              acc=-1.00    
                              mds=  1     nd=  50
                              (xl,xu)= (  0.00000     ,  1.00000     )
                                       (  0.00000     ,  1.00000     )
                                       (  0.00000     ,  1.00000     )
                                       (  0.00000     ,  1.00000     )
                                       (  0.00000     ,  1.00000     )
                                       (  0.00000     ,  1.00000     )
                                       (  0.00000     ,  1.00000     )
                                       (  0.00000     ,  1.00000     )
                                       (  0.00000     ,  1.00000     )

#********** Integration by Vegas (iteration       1) ************
#                                                               *
#  integral  = 0.85929818E-04   accum. integral = 0.85929818E-04*
#  std. dev. = 0.49211833E-05   accum. std. dev = 0.49211833E-05*
#   min/max. wt. =    0.00000            0.357344E-05           *
#                                                               *
#*************   chi**2/iteration =  0.000       ****************


#********** Integration by Vegas (iteration       2) ************
#                                                               *
#  integral  = 0.11583753E-03   accum. integral = 0.10050719E-03*
#  std. dev. = 0.68031696E-05   accum. std. dev = 0.41816755E-05*
#   min/max. wt. =    0.00000            0.551779E-05           *
#                                                               *
#*************   chi**2/iteration =  12.77       ****************


#********** Integration by Vegas (iteration       3) ************
#                                                               *
#  integral  = 0.12864001E-03   accum. integral = 0.12613863E-03*
#  std. dev. = 0.16477418E-05   accum. std. dev = 0.13642083E-05*
#   min/max. wt. =    0.00000            0.756509E-06           *
#                                                               *
#*************   chi**2/iteration =  22.55       ****************


#********** Integration by Vegas (iteration       4) ************
#                                                               *
#  integral  = 0.13130242E-03   accum. integral = 0.13114366E-03*
#  std. dev. = 0.28591196E-06   accum. std. dev = 0.25044282E-06*
#   min/max. wt. =    0.00000            0.618026E-07           *
#                                                               *
#*************   chi**2/iteration =  17.94       ****************


#********** Integration by Vegas (iteration       5) ************
#                                                               *
#  integral  = 0.13097402E-03   accum. integral = 0.13099418E-03*
#  std. dev. = 0.10312001E-06   accum. std. dev = 0.88530544E-07*
#   min/max. wt. =    0.00000            0.695958E-08           *
#                                                               *
#*************   chi**2/iteration =  12.89       ****************


#********** Integration by Vegas (iteration       6) ************
#                                                               *
#  integral  = 0.13090077E-03   accum. integral = 0.13093853E-03*
#  std. dev. = 0.79690777E-07   accum. std. dev = 0.57191064E-07*
#   min/max. wt. =    0.00000            0.518979E-08           *
#                                                               *
#*************   chi**2/iteration =  10.12       ****************


#********** Integration by Vegas (iteration       7) ************
#                                                               *
#  integral  = 0.13085180E-03   accum. integral = 0.13090256E-03*
#  std. dev. = 0.73038792E-07   accum. std. dev = 0.44236288E-07*
#   min/max. wt. =    0.00000            0.257988E-08           *
#                                                               *
#*************   chi**2/iteration =  8.406       ****************


#********** Integration by Vegas (iteration       8) ************
#                                                               *
#  integral  = 0.13093817E-03   accum. integral = 0.13091348E-03*
#  std. dev. = 0.70784118E-07   accum. std. dev = 0.37138736E-07*
#   min/max. wt. =    0.00000            0.342465E-08           *
#                                                               *
#*************   chi**2/iteration =  7.116       ****************


#********** Integration by Vegas (iteration       9) ************
#                                                               *
#  integral  = 0.13093315E-03   accum. integral = 0.13091822E-03*
#  std. dev. = 0.69490549E-07   accum. std. dev = 0.32552050E-07*
#   min/max. wt. =    0.00000            0.325767E-08           *
#                                                               *
#*************   chi**2/iteration =  6.157       ****************


#********** Integration by Vegas (iteration      10) ************
#                                                               *
#  integral  = 0.13090591E-03   accum. integral = 0.13091584E-03*
#  std. dev. = 0.69610416E-07   accum. std. dev = 0.29372667E-07*
#   min/max. wt. =    0.00000            0.427923E-08           *
#                                                               *
#*************   chi**2/iteration =  5.423       ****************


#********** Integration by Vegas (iteration      11) ************
#                                                               *
#  integral  = 0.13092414E-03   accum. integral = 0.13091717E-03*
#  std. dev. = 0.70213792E-07   accum. std. dev = 0.27028169E-07*
#   min/max. wt. =    0.00000            0.389784E-08           *
#                                                               *
#*************   chi**2/iteration =  4.843       ****************


#********** Integration by Vegas (iteration      12) ************
#                                                               *
#  integral  = 0.13083558E-03   accum. integral = 0.13090601E-03*
#  std. dev. = 0.70545861E-07   accum. std. dev = 0.25195243E-07*
#   min/max. wt. =    0.00000            0.218947E-08           *
#                                                               *
#*************   chi**2/iteration =  4.486       ****************


#********** Integration by Vegas (iteration      13) ************
#                                                               *
#  integral  = 0.13100837E-03   accum. integral = 0.13091796E-03*
#  std. dev. = 0.71839570E-07   accum. std. dev = 0.23746788E-07*
#   min/max. wt. =    0.00000            0.312859E-08           *
#                                                               *
#*************   chi**2/iteration =  4.249       ****************


#********** Integration by Vegas (iteration      14) ************
#                                                               *
#  integral  = 0.13084473E-03   accum. integral = 0.13091047E-03*
#  std. dev. = 0.72617416E-07   accum. std. dev = 0.22552067E-07*
#   min/max. wt. =    0.00000            0.279838E-08           *
#                                                               *
#*************   chi**2/iteration =  3.978       ****************


#********** Integration by Vegas (iteration      15) ************
#                                                               *
#  integral  = 0.13087472E-03   accum. integral = 0.13090725E-03*
#  std. dev. = 0.73803374E-07   accum. std. dev = 0.21555322E-07*
#   min/max. wt. =    0.00000            0.391614E-08           *
#                                                               *
#*************   chi**2/iteration =  3.695       ****************

 ****************************************************
 * Writing out vegas grid to ./data/output.grid                                                      
 ****************************************************

  Input parameters for vegas:  ndim=  9   ncall= 80707214.
                              it=    0    itmx=    2
                              acc=-1.00    
                              mds=  1     nd=  50
                              (xl,xu)= (  0.00000     ,  1.00000     )
                                       (  0.00000     ,  1.00000     )
                                       (  0.00000     ,  1.00000     )
                                       (  0.00000     ,  1.00000     )
                                       (  0.00000     ,  1.00000     )
                                       (  0.00000     ,  1.00000     )
                                       (  0.00000     ,  1.00000     )
                                       (  0.00000     ,  1.00000     )
                                       (  0.00000     ,  1.00000     )

#********** Integration by Vegas (iteration       1) ************
#                                                               *
#  integral  = 0.13089042E-03   accum. integral = 0.13089042E-03*
#  std. dev. = 0.75607219E-07   accum. std. dev = 0.75607219E-07*
#   min/max. wt. =    0.00000            0.490613E-08           *
#                                                               *
#*************   chi**2/iteration =  0.000       ****************


#********** Integration by Vegas (iteration       2) ************
#                                                               *
#  integral  = 0.13100491E-03   accum. integral = 0.13094641E-03*
#  std. dev. = 0.77354099E-07   accum. std. dev = 0.54069953E-07*
#   min/max. wt. =    0.00000            0.701615E-08           *
#                                                               *
#*************   chi**2/iteration =  1.119       ****************

 Done
