SLURM job running in:  /work-zfs/lhc/heshy/JHUGen/xsecs/JHUGen/JHUGenerator
LHAPDF 6.1.5 loading /work-zfs/lhc/cms/slc6_amd64_gcc493/external/lhapdf/6.1.5-kpegke3/share/LHAPDF/NNPDF30_lo_as_0130/NNPDF30_lo_as_0130_0000.dat
NNPDF30_lo_as_0130 PDF set, member #0, version 2; LHAPDF ID = 263000
 extending no. of histograms for vbf tests
 
                                                                                          
   ***************************************************************************************
   *                                JHU Generator v6.9.9                                 *
   ***************************************************************************************
   *                                                                                     *
   *   Spin and parity determination of single-produced resonances at hadron colliders   *
   *                                                                                     *
   *          I. Anderson, S. Bolognesi, F. Caola, Y. Gao, A. Gritsan, Z. Guo,           *
   *        C. Martin, K. Melnikov, R.Rontsch, H. Roskes, U. Sarica, M. Schulze,         *
   *                   N. Tran, A. Whitbeck, M. Xiao, C. You, Y. Zhou                    *
   *                Phys.Rev. D81 (2010) 075022;  arXiv:1001.3396 [hep-ph],              *
   *                Phys.Rev. D86 (2012) 095031;  arXiv:1208.4018 [hep-ph],              *
   *                Phys.Rev. D89 (2014) 035007;  arXiv:1309.4819 [hep-ph].              *
   *                                                                                     *
   ***************************************************************************************
                                                                                          
   
   Command line: ./JHUGen Unweighted=0 VegasNc0=99999999 VegasNc1=99999999 VegasNc2=99999999 LHAPDF=NNPDF30_lo_as_0130/NNPDF30_lo_as_0130.info MReso=2300 ghz1=0,0 ghz1_prime2=1,0 Process=60 pTjetcut=0 deltaRcut=0 pTjetcut=25 etajetcut=4.7 pTlepcut=5 etalepcut=2.5
   
   Input Parameter:
    Collider: P-P, sqrt(s)=13000.00
    Resonance: spin=0, mass=2300.00 width=   0.00407
    Z-boson: mass=91.188, width=2.4952
    W-boson: mass=80.399, width=2.0850
    Jet cuts:
            pT >=    25.00 GeV
         |eta| <=     4.70
        DeltaR >=     0.00
           mJJ >=     0.00 GeV
           m4l_min/max      -1.00     -1.00 GeV
    Random seed:   238226726
    To reproduce results using this seed, JHUGen should be compiled with the same compiler:
      GNU Fortran (GCC) 4.8.2
    
    WidthScheme:   2
    LHAPDF set NNPDF30_lo_as_0130/NNPDF30_lo_as_0130.info, member=  0
    Unweighted: F
    Intermediate off-shell photons: F
    
    spin-0-VV couplings: 
      generate_as=F
      ghg2=  0.10000000E+01  0.00000000E+00i
      ghg3=  0.00000000E+00  0.00000000E+00i
      ghg4=  0.00000000E+00  0.00000000E+00i
      ghz1=  0.00000000E+00  0.00000000E+00i
      ghz2=  0.00000000E+00  0.00000000E+00i
      ghz3=  0.00000000E+00  0.00000000E+00i
      ghz4=  0.00000000E+00  0.00000000E+00i
      ghz1_prime2=  0.10000000E+01  0.00000000E+00i,    Lambda_z1=  1.0000E+04
      Lambda=  1000.0
    
    LHE output: ./data/output.lhe
    Histogram output: ./data/output.dat
    Log file: ./data/output.log
    
  Running

  Input parameters for vegas:  ndim=  9   ncall= 80707214.
                              it=    0    itmx=   15
                              acc=-1.00    
                              mds=  1     nd=  50
                              (xl,xu)= (  0.00000     ,  1.00000     )
                                       (  0.00000     ,  1.00000     )
                                       (  0.00000     ,  1.00000     )
                                       (  0.00000     ,  1.00000     )
                                       (  0.00000     ,  1.00000     )
                                       (  0.00000     ,  1.00000     )
                                       (  0.00000     ,  1.00000     )
                                       (  0.00000     ,  1.00000     )
                                       (  0.00000     ,  1.00000     )

#********** Integration by Vegas (iteration       1) ************
#                                                               *
#  integral  = 0.68591902E-06   accum. integral = 0.68591902E-06*
#  std. dev. = 0.21986230E-07   accum. std. dev = 0.21986230E-07*
#   min/max. wt. =    0.00000            0.178396E-07           *
#                                                               *
#*************   chi**2/iteration =  0.000       ****************


#********** Integration by Vegas (iteration       2) ************
#                                                               *
#  integral  = 0.91920422E-06   accum. integral = 0.70793790E-06*
#  std. dev. = 0.91265672E-07   accum. std. dev = 0.24738132E-07*
#   min/max. wt. =    0.00000            0.683706E-07           *
#                                                               *
#*************   chi**2/iteration =  7.594       ****************


#********** Integration by Vegas (iteration       3) ************
#                                                               *
#  integral  = 0.12497991E-05   accum. integral = 0.87519135E-06*
#  std. dev. = 0.57054581E-07   accum. std. dev = 0.24839037E-07*
#   min/max. wt. =    0.00000            0.330545E-07           *
#                                                               *
#*************   chi**2/iteration =  53.35       ****************


#********** Integration by Vegas (iteration       4) ************
#                                                               *
#  integral  = 0.12893928E-05   accum. integral = 0.12610975E-05*
#  std. dev. = 0.88551483E-08   accum. std. dev = 0.70622206E-08*
#   min/max. wt. =    0.00000            0.338320E-08           *
#                                                               *
#*************   chi**2/iteration =  103.0       ****************


#********** Integration by Vegas (iteration       5) ************
#                                                               *
#  integral  = 0.12838391E-05   accum. integral = 0.12828999E-05*
#  std. dev. = 0.17664307E-08   accum. std. dev = 0.14987324E-08*
#   min/max. wt. =    0.00000            0.422713E-09           *
#                                                               *
#*************   chi**2/iteration =  73.14       ****************


#********** Integration by Vegas (iteration       6) ************
#                                                               *
#  integral  = 0.12809653E-05   accum. integral = 0.12814209E-05*
#  std. dev. = 0.95782842E-09   accum. std. dev = 0.74681769E-09*
#   min/max. wt. =    0.00000            0.545834E-10           *
#                                                               *
#*************   chi**2/iteration =  55.74       ****************


#********** Integration by Vegas (iteration       7) ************
#                                                               *
#  integral  = 0.12821667E-05   accum. integral = 0.12818172E-05*
#  std. dev. = 0.78723981E-09   accum. std. dev = 0.52065637E-09*
#   min/max. wt. =    0.00000            0.346304E-10           *
#                                                               *
#*************   chi**2/iteration =  44.88       ****************


#********** Integration by Vegas (iteration       8) ************
#                                                               *
#  integral  = 0.12832888E-05   accum. integral = 0.12823705E-05*
#  std. dev. = 0.73990337E-09   accum. std. dev = 0.41682268E-09*
#   min/max. wt. =    0.00000            0.461029E-10           *
#                                                               *
#*************   chi**2/iteration =  37.87       ****************


#********** Integration by Vegas (iteration       9) ************
#                                                               *
#  integral  = 0.12821512E-05   accum. integral = 0.12823106E-05*
#  std. dev. = 0.73945917E-09   accum. std. dev = 0.35895423E-09*
#   min/max. wt. =    0.00000            0.332246E-10           *
#                                                               *
#*************   chi**2/iteration =  32.49       ****************


#********** Integration by Vegas (iteration      10) ************
#                                                               *
#  integral  = 0.12821041E-05   accum. integral = 0.12822654E-05*
#  std. dev. = 0.72947782E-09   accum. std. dev = 0.31970611E-09*
#   min/max. wt. =    0.00000            0.353165E-10           *
#                                                               *
#*************   chi**2/iteration =  28.43       ****************


#********** Integration by Vegas (iteration      11) ************
#                                                               *
#  integral  = 0.12826464E-05   accum. integral = 0.12823346E-05*
#  std. dev. = 0.72476613E-09   accum. std. dev = 0.29104769E-09*
#   min/max. wt. =    0.00000            0.434367E-10           *
#                                                               *
#*************   chi**2/iteration =  25.29       ****************


#********** Integration by Vegas (iteration      12) ************
#                                                               *
#  integral  = 0.12818975E-05   accum. integral = 0.12822684E-05*
#  std. dev. = 0.73080525E-09   accum. std. dev = 0.26949463E-09*
#   min/max. wt. =    0.00000            0.274895E-10           *
#                                                               *
#*************   chi**2/iteration =  22.78       ****************


#********** Integration by Vegas (iteration      13) ************
#                                                               *
#  integral  = 0.12825949E-05   accum. integral = 0.12823098E-05*
#  std. dev. = 0.74734398E-09   accum. std. dev = 0.25296336E-09*
#   min/max. wt. =    0.00000            0.348895E-10           *
#                                                               *
#*************   chi**2/iteration =  20.71       ****************


#********** Integration by Vegas (iteration      14) ************
#                                                               *
#  integral  = 0.12822529E-05   accum. integral = 0.12823033E-05*
#  std. dev. = 0.74575618E-09   accum. std. dev = 0.23916096E-09*
#   min/max. wt. =    0.00000            0.303349E-10           *
#                                                               *
#*************   chi**2/iteration =  18.98       ****************


#********** Integration by Vegas (iteration      15) ************
#                                                               *
#  integral  = 0.12818506E-05   accum. integral = 0.12822577E-05*
#  std. dev. = 0.74784506E-09   accum. std. dev = 0.22751209E-09*
#   min/max. wt. =    0.00000            0.578641E-10           *
#                                                               *
#*************   chi**2/iteration =  17.54       ****************

 ****************************************************
 * Writing out vegas grid to ./data/output.grid                                                      
 ****************************************************

  Input parameters for vegas:  ndim=  9   ncall= 80707214.
                              it=    0    itmx=    2
                              acc=-1.00    
                              mds=  1     nd=  50
                              (xl,xu)= (  0.00000     ,  1.00000     )
                                       (  0.00000     ,  1.00000     )
                                       (  0.00000     ,  1.00000     )
                                       (  0.00000     ,  1.00000     )
                                       (  0.00000     ,  1.00000     )
                                       (  0.00000     ,  1.00000     )
                                       (  0.00000     ,  1.00000     )
                                       (  0.00000     ,  1.00000     )
                                       (  0.00000     ,  1.00000     )

#********** Integration by Vegas (iteration       1) ************
#                                                               *
#  integral  = 0.12818517E-05   accum. integral = 0.12818517E-05*
#  std. dev. = 0.76083637E-09   accum. std. dev = 0.76083637E-09*
#   min/max. wt. =    0.00000            0.464885E-10           *
#                                                               *
#*************   chi**2/iteration =  0.000       ****************


#********** Integration by Vegas (iteration       2) ************
#                                                               *
#  integral  = 0.12817206E-05   accum. integral = 0.12817871E-05*
#  std. dev. = 0.77168890E-09   accum. std. dev = 0.54178836E-09*
#   min/max. wt. =    0.00000            0.460897E-10           *
#                                                               *
#*************   chi**2/iteration = 0.1463E-01   ****************

 Done
