SLURM job running in:  /work-zfs/lhc/heshy/JHUGen/xsecs/JHUGen/JHUGenerator
LHAPDF 6.1.5 loading /work-zfs/lhc/cms/slc6_amd64_gcc493/external/lhapdf/6.1.5-kpegke3/share/LHAPDF/NNPDF30_lo_as_0130/NNPDF30_lo_as_0130_0000.dat
NNPDF30_lo_as_0130 PDF set, member #0, version 2; LHAPDF ID = 263000
 extending no. of histograms for vbf tests
 
                                                                                          
   ***************************************************************************************
   *                                JHU Generator v6.9.9                                 *
   ***************************************************************************************
   *                                                                                     *
   *   Spin and parity determination of single-produced resonances at hadron colliders   *
   *                                                                                     *
   *          I. Anderson, S. Bolognesi, F. Caola, Y. Gao, A. Gritsan, Z. Guo,           *
   *        C. Martin, K. Melnikov, R.Rontsch, H. Roskes, U. Sarica, M. Schulze,         *
   *                   N. Tran, A. Whitbeck, M. Xiao, C. You, Y. Zhou                    *
   *                Phys.Rev. D81 (2010) 075022;  arXiv:1001.3396 [hep-ph],              *
   *                Phys.Rev. D86 (2012) 095031;  arXiv:1208.4018 [hep-ph],              *
   *                Phys.Rev. D89 (2014) 035007;  arXiv:1309.4819 [hep-ph].              *
   *                                                                                     *
   ***************************************************************************************
                                                                                          
   
   Command line: ./JHUGen Unweighted=0 VegasNc0=99999999 VegasNc1=99999999 VegasNc2=99999999 LHAPDF=NNPDF30_lo_as_0130/NNPDF30_lo_as_0130.info MReso=244 ghz1=0,0 ghz1_prime2=1,0 Process=60 pTjetcut=0 deltaRcut=0 pTjetcut=25 etajetcut=4.7 pTlepcut=5 etalepcut=2.5
   
   Input Parameter:
    Collider: P-P, sqrt(s)=13000.00
    Resonance: spin=0, mass= 244.00 width=   0.00407
    Z-boson: mass=91.188, width=2.4952
    W-boson: mass=80.399, width=2.0850
    Jet cuts:
            pT >=    25.00 GeV
         |eta| <=     4.70
        DeltaR >=     0.00
           mJJ >=     0.00 GeV
           m4l_min/max      -1.00     -1.00 GeV
    Random seed:   875072301
    To reproduce results using this seed, JHUGen should be compiled with the same compiler:
      GNU Fortran (GCC) 4.8.2
    
    WidthScheme:   2
    LHAPDF set NNPDF30_lo_as_0130/NNPDF30_lo_as_0130.info, member=  0
    Unweighted: F
    Intermediate off-shell photons: F
    
    spin-0-VV couplings: 
      generate_as=F
      ghg2=  0.10000000E+01  0.00000000E+00i
      ghg3=  0.00000000E+00  0.00000000E+00i
      ghg4=  0.00000000E+00  0.00000000E+00i
      ghz1=  0.00000000E+00  0.00000000E+00i
      ghz2=  0.00000000E+00  0.00000000E+00i
      ghz3=  0.00000000E+00  0.00000000E+00i
      ghz4=  0.00000000E+00  0.00000000E+00i
      ghz1_prime2=  0.10000000E+01  0.00000000E+00i,    Lambda_z1=  1.0000E+04
      Lambda=  1000.0
    
    LHE output: ./data/output.lhe
    Histogram output: ./data/output.dat
    Log file: ./data/output.log
    
  Running

  Input parameters for vegas:  ndim=  9   ncall= 80707214.
                              it=    0    itmx=   15
                              acc=-1.00    
                              mds=  1     nd=  50
                              (xl,xu)= (  0.00000     ,  1.00000     )
                                       (  0.00000     ,  1.00000     )
                                       (  0.00000     ,  1.00000     )
                                       (  0.00000     ,  1.00000     )
                                       (  0.00000     ,  1.00000     )
                                       (  0.00000     ,  1.00000     )
                                       (  0.00000     ,  1.00000     )
                                       (  0.00000     ,  1.00000     )
                                       (  0.00000     ,  1.00000     )

#********** Integration by Vegas (iteration       1) ************
#                                                               *
#  integral  = 0.10829630E-03   accum. integral = 0.10829630E-03*
#  std. dev. = 0.24181459E-04   accum. std. dev = 0.24181459E-04*
#   min/max. wt. =    0.00000            0.231142E-04           *
#                                                               *
#*************   chi**2/iteration =  0.000       ****************


#********** Integration by Vegas (iteration       2) ************
#                                                               *
#  integral  = 0.11317411E-03   accum. integral = 0.11285657E-03*
#  std. dev. = 0.66683452E-05   accum. std. dev = 0.63102269E-05*
#   min/max. wt. =    0.00000            0.485837E-05           *
#                                                               *
#*************   chi**2/iteration = 0.3633E-01   ****************


#********** Integration by Vegas (iteration       3) ************
#                                                               *
#  integral  = 0.12317514E-03   accum. integral = 0.12258973E-03*
#  std. dev. = 0.17209982E-05   accum. std. dev = 0.15611912E-05*
#   min/max. wt. =    0.00000            0.108543E-05           *
#                                                               *
#*************   chi**2/iteration =  1.185       ****************


#********** Integration by Vegas (iteration       4) ************
#                                                               *
#  integral  = 0.12221504E-03   accum. integral = 0.12222234E-03*
#  std. dev. = 0.23385288E-06   accum. std. dev = 0.22145651E-06*
#   min/max. wt. =    0.00000            0.414522E-07           *
#                                                               *
#*************   chi**2/iteration = 0.7839       ****************


#********** Integration by Vegas (iteration       5) ************
#                                                               *
#  integral  = 0.12266020E-03   accum. integral = 0.12259990E-03*
#  std. dev. = 0.92881845E-07   accum. std. dev = 0.83014148E-07*
#   min/max. wt. =    0.00000            0.124785E-07           *
#                                                               *
#*************   chi**2/iteration =  1.402       ****************


#********** Integration by Vegas (iteration       6) ************
#                                                               *
#  integral  = 0.12267555E-03   accum. integral = 0.12264348E-03*
#  std. dev. = 0.73987174E-07   accum. std. dev = 0.54403931E-07*
#   min/max. wt. =    0.00000            0.400568E-08           *
#                                                               *
#*************   chi**2/iteration =  1.201       ****************


#********** Integration by Vegas (iteration       7) ************
#                                                               *
#  integral  = 0.12273334E-03   accum. integral = 0.12267895E-03*
#  std. dev. = 0.69572071E-07   accum. std. dev = 0.42526002E-07*
#   min/max. wt. =    0.00000            0.299206E-08           *
#                                                               *
#*************   chi**2/iteration =  1.170       ****************


#********** Integration by Vegas (iteration       8) ************
#                                                               *
#  integral  = 0.12275130E-03   accum. integral = 0.12270047E-03*
#  std. dev. = 0.67198617E-07   accum. std. dev = 0.35772689E-07*
#   min/max. wt. =    0.00000            0.350761E-08           *
#                                                               *
#*************   chi**2/iteration =  1.117       ****************


#********** Integration by Vegas (iteration       9) ************
#                                                               *
#  integral  = 0.12258654E-03   accum. integral = 0.12267378E-03*
#  std. dev. = 0.66172122E-07   accum. std. dev = 0.31385164E-07*
#   min/max. wt. =    0.00000            0.319595E-08           *
#                                                               *
#*************   chi**2/iteration =  1.268       ****************


#********** Integration by Vegas (iteration      10) ************
#                                                               *
#  integral  = 0.12272990E-03   accum. integral = 0.12268472E-03*
#  std. dev. = 0.65161473E-07   accum. std. dev = 0.28222144E-07*
#   min/max. wt. =    0.00000            0.180714E-08           *
#                                                               *
#*************   chi**2/iteration =  1.191       ****************


#********** Integration by Vegas (iteration      11) ************
#                                                               *
#  integral  = 0.12261662E-03   accum. integral = 0.12267368E-03*
#  std. dev. = 0.65326854E-07   accum. std. dev = 0.25876052E-07*
#   min/max. wt. =    0.00000            0.280212E-08           *
#                                                               *
#*************   chi**2/iteration =  1.163       ****************


#********** Integration by Vegas (iteration      12) ************
#                                                               *
#  integral  = 0.12270654E-03   accum. integral = 0.12267813E-03*
#  std. dev. = 0.66463278E-07   accum. std. dev = 0.24092618E-07*
#   min/max. wt. =    0.00000            0.688878E-08           *
#                                                               *
#*************   chi**2/iteration =  1.074       ****************


#********** Integration by Vegas (iteration      13) ************
#                                                               *
#  integral  = 0.12265660E-03   accum. integral = 0.12267552E-03*
#  std. dev. = 0.65865656E-07   accum. std. dev = 0.22611926E-07*
#   min/max. wt. =    0.00000            0.332242E-08           *
#                                                               *
#*************   chi**2/iteration = 0.9899       ****************


#********** Integration by Vegas (iteration      14) ************
#                                                               *
#  integral  = 0.12268859E-03   accum. integral = 0.12267691E-03*
#  std. dev. = 0.66642687E-07   accum. std. dev = 0.21402936E-07*
#   min/max. wt. =    0.00000            0.302001E-08           *
#                                                               *
#*************   chi**2/iteration = 0.9146       ****************


#********** Integration by Vegas (iteration      15) ************
#                                                               *
#  integral  = 0.12271533E-03   accum. integral = 0.12268054E-03*
#  std. dev. = 0.67163349E-07   accum. std. dev = 0.20385348E-07*
#   min/max. wt. =    0.00000            0.482947E-08           *
#                                                               *
#*************   chi**2/iteration = 0.8694       ****************

 ****************************************************
 * Writing out vegas grid to ./data/output.grid                                                      
 ****************************************************

  Input parameters for vegas:  ndim=  9   ncall= 80707214.
                              it=    0    itmx=    2
                              acc=-1.00    
                              mds=  1     nd=  50
                              (xl,xu)= (  0.00000     ,  1.00000     )
                                       (  0.00000     ,  1.00000     )
                                       (  0.00000     ,  1.00000     )
                                       (  0.00000     ,  1.00000     )
                                       (  0.00000     ,  1.00000     )
                                       (  0.00000     ,  1.00000     )
                                       (  0.00000     ,  1.00000     )
                                       (  0.00000     ,  1.00000     )
                                       (  0.00000     ,  1.00000     )

#********** Integration by Vegas (iteration       1) ************
#                                                               *
#  integral  = 0.12263039E-03   accum. integral = 0.12263039E-03*
#  std. dev. = 0.68028244E-07   accum. std. dev = 0.68028244E-07*
#   min/max. wt. =    0.00000            0.408116E-08           *
#                                                               *
#*************   chi**2/iteration =  0.000       ****************


#********** Integration by Vegas (iteration       2) ************
#                                                               *
#  integral  = 0.12274322E-03   accum. integral = 0.12268603E-03*
#  std. dev. = 0.69030593E-07   accum. std. dev = 0.48454055E-07*
#   min/max. wt. =    0.00000            0.365283E-08           *
#                                                               *
#*************   chi**2/iteration =  1.354       ****************

 Done
