SLURM job running in:  /work-zfs/lhc/heshy/JHUGen/xsecs/JHUGen/JHUGenerator
LHAPDF 6.1.5 loading /work-zfs/lhc/cms/slc6_amd64_gcc493/external/lhapdf/6.1.5-kpegke3/share/LHAPDF/NNPDF30_lo_as_0130/NNPDF30_lo_as_0130_0000.dat
NNPDF30_lo_as_0130 PDF set, member #0, version 2; LHAPDF ID = 263000
 extending no. of histograms for vbf tests
 
                                                                                          
   ***************************************************************************************
   *                                JHU Generator v6.9.9                                 *
   ***************************************************************************************
   *                                                                                     *
   *   Spin and parity determination of single-produced resonances at hadron colliders   *
   *                                                                                     *
   *          I. Anderson, S. Bolognesi, F. Caola, Y. Gao, A. Gritsan, Z. Guo,           *
   *        C. Martin, K. Melnikov, R.Rontsch, H. Roskes, U. Sarica, M. Schulze,         *
   *                   N. Tran, A. Whitbeck, M. Xiao, C. You, Y. Zhou                    *
   *                Phys.Rev. D81 (2010) 075022;  arXiv:1001.3396 [hep-ph],              *
   *                Phys.Rev. D86 (2012) 095031;  arXiv:1208.4018 [hep-ph],              *
   *                Phys.Rev. D89 (2014) 035007;  arXiv:1309.4819 [hep-ph].              *
   *                                                                                     *
   ***************************************************************************************
                                                                                          
   
   Command line: ./JHUGen Unweighted=0 VegasNc0=99999999 VegasNc1=99999999 VegasNc2=99999999 LHAPDF=NNPDF30_lo_as_0130/NNPDF30_lo_as_0130.info MReso=2550 ghz1=0,0 ghz1_prime2=1,0 Process=60 pTjetcut=0 deltaRcut=0 pTjetcut=25 etajetcut=4.7 pTlepcut=5 etalepcut=2.5
   
   Input Parameter:
    Collider: P-P, sqrt(s)=13000.00
    Resonance: spin=0, mass=2550.00 width=   0.00407
    Z-boson: mass=91.188, width=2.4952
    W-boson: mass=80.399, width=2.0850
    Jet cuts:
            pT >=    25.00 GeV
         |eta| <=     4.70
        DeltaR >=     0.00
           mJJ >=     0.00 GeV
           m4l_min/max      -1.00     -1.00 GeV
    Random seed:   412186334
    To reproduce results using this seed, JHUGen should be compiled with the same compiler:
      GNU Fortran (GCC) 4.8.2
    
    WidthScheme:   2
    LHAPDF set NNPDF30_lo_as_0130/NNPDF30_lo_as_0130.info, member=  0
    Unweighted: F
    Intermediate off-shell photons: F
    
    spin-0-VV couplings: 
      generate_as=F
      ghg2=  0.10000000E+01  0.00000000E+00i
      ghg3=  0.00000000E+00  0.00000000E+00i
      ghg4=  0.00000000E+00  0.00000000E+00i
      ghz1=  0.00000000E+00  0.00000000E+00i
      ghz2=  0.00000000E+00  0.00000000E+00i
      ghz3=  0.00000000E+00  0.00000000E+00i
      ghz4=  0.00000000E+00  0.00000000E+00i
      ghz1_prime2=  0.10000000E+01  0.00000000E+00i,    Lambda_z1=  1.0000E+04
      Lambda=  1000.0
    
    LHE output: ./data/output.lhe
    Histogram output: ./data/output.dat
    Log file: ./data/output.log
    
  Running

  Input parameters for vegas:  ndim=  9   ncall= 80707214.
                              it=    0    itmx=   15
                              acc=-1.00    
                              mds=  1     nd=  50
                              (xl,xu)= (  0.00000     ,  1.00000     )
                                       (  0.00000     ,  1.00000     )
                                       (  0.00000     ,  1.00000     )
                                       (  0.00000     ,  1.00000     )
                                       (  0.00000     ,  1.00000     )
                                       (  0.00000     ,  1.00000     )
                                       (  0.00000     ,  1.00000     )
                                       (  0.00000     ,  1.00000     )
                                       (  0.00000     ,  1.00000     )

#********** Integration by Vegas (iteration       1) ************
#                                                               *
#  integral  = 0.43870581E-06   accum. integral = 0.43870581E-06*
#  std. dev. = 0.27665939E-07   accum. std. dev = 0.27665939E-07*
#   min/max. wt. =    0.00000            0.239356E-07           *
#                                                               *
#*************   chi**2/iteration =  0.000       ****************


#********** Integration by Vegas (iteration       2) ************
#                                                               *
#  integral  = 0.55144811E-06   accum. integral = 0.50017597E-06*
#  std. dev. = 0.31760346E-07   accum. std. dev = 0.21190403E-07*
#   min/max. wt. =    0.00000            0.212040E-07           *
#                                                               *
#*************   chi**2/iteration =  7.012       ****************


#********** Integration by Vegas (iteration       3) ************
#                                                               *
#  integral  = 0.88343051E-06   accum. integral = 0.54557346E-06*
#  std. dev. = 0.10249255E-06   accum. std. dev = 0.26051228E-07*
#   min/max. wt. =    0.00000            0.910424E-07           *
#                                                               *
#*************   chi**2/iteration =  13.34       ****************


#********** Integration by Vegas (iteration       4) ************
#                                                               *
#  integral  = 0.77607634E-06   accum. integral = 0.77186915E-06*
#  std. dev. = 0.42252726E-08   accum. std. dev = 0.36975879E-08*
#   min/max. wt. =    0.00000            0.116449E-08           *
#                                                               *
#*************   chi**2/iteration =  31.26       ****************


#********** Integration by Vegas (iteration       5) ************
#                                                               *
#  integral  = 0.78254395E-06   accum. integral = 0.78197527E-06*
#  std. dev. = 0.10013851E-08   accum. std. dev = 0.87895287E-09*
#   min/max. wt. =    0.00000            0.157761E-09           *
#                                                               *
#*************   chi**2/iteration =  23.97       ****************


#********** Integration by Vegas (iteration       6) ************
#                                                               *
#  integral  = 0.78112993E-06   accum. integral = 0.78134133E-06*
#  std. dev. = 0.56164043E-09   accum. std. dev = 0.44768969E-09*
#   min/max. wt. =    0.00000            0.310598E-10           *
#                                                               *
#*************   chi**2/iteration =  18.62       ****************


#********** Integration by Vegas (iteration       7) ************
#                                                               *
#  integral  = 0.78162061E-06   accum. integral = 0.78148330E-06*
#  std. dev. = 0.47859827E-09   accum. std. dev = 0.31795359E-09*
#   min/max. wt. =    0.00000            0.256678E-10           *
#                                                               *
#*************   chi**2/iteration =  15.15       ****************


#********** Integration by Vegas (iteration       8) ************
#                                                               *
#  integral  = 0.78253771E-06   accum. integral = 0.78186206E-06*
#  std. dev. = 0.45630012E-09   accum. std. dev = 0.25696603E-09*
#   min/max. wt. =    0.00000            0.192716E-10           *
#                                                               *
#*************   chi**2/iteration =  13.30       ****************


#********** Integration by Vegas (iteration       9) ************
#                                                               *
#  integral  = 0.78192372E-06   accum. integral = 0.78187848E-06*
#  std. dev. = 0.45360954E-09   accum. std. dev = 0.22170547E-09*
#   min/max. wt. =    0.00000            0.192956E-10           *
#                                                               *
#*************   chi**2/iteration =  11.47       ****************


#********** Integration by Vegas (iteration      10) ************
#                                                               *
#  integral  = 0.78223385E-06   accum. integral = 0.78195394E-06*
#  std. dev. = 0.45098597E-09   accum. std. dev = 0.19789642E-09*
#   min/max. wt. =    0.00000            0.151424E-10           *
#                                                               *
#*************   chi**2/iteration =  10.14       ****************


#********** Integration by Vegas (iteration      11) ************
#                                                               *
#  integral  = 0.78113047E-06   accum. integral = 0.78180836E-06*
#  std. dev. = 0.44781300E-09   accum. std. dev = 0.18036471E-09*
#   min/max. wt. =    0.00000            0.202812E-10           *
#                                                               *
#*************   chi**2/iteration =  9.347       ****************


#********** Integration by Vegas (iteration      12) ************
#                                                               *
#  integral  = 0.78114468E-06   accum. integral = 0.78171001E-06*
#  std. dev. = 0.45143602E-09   accum. std. dev = 0.16708693E-09*
#   min/max. wt. =    0.00000            0.306493E-10           *
#                                                               *
#*************   chi**2/iteration =  8.615       ****************


#********** Integration by Vegas (iteration      13) ************
#                                                               *
#  integral  = 0.78137036E-06   accum. integral = 0.78166662E-06*
#  std. dev. = 0.45425495E-09   accum. std. dev = 0.15654458E-09*
#   min/max. wt. =    0.00000            0.191491E-10           *
#                                                               *
#*************   chi**2/iteration =  7.891       ****************


#********** Integration by Vegas (iteration      14) ************
#                                                               *
#  integral  = 0.78199682E-06   accum. integral = 0.78170277E-06*
#  std. dev. = 0.46344724E-09   accum. std. dev = 0.14813574E-09*
#   min/max. wt. =    0.00000            0.275889E-10           *
#                                                               *
#*************   chi**2/iteration =  7.281       ****************


#********** Integration by Vegas (iteration      15) ************
#                                                               *
#  integral  = 0.78200363E-06   accum. integral = 0.78173325E-06*
#  std. dev. = 0.45668535E-09   accum. std. dev = 0.14076550E-09*
#   min/max. wt. =    0.00000            0.168333E-10           *
#                                                               *
#*************   chi**2/iteration =  6.759       ****************

 ****************************************************
 * Writing out vegas grid to ./data/output.grid                                                      
 ****************************************************

  Input parameters for vegas:  ndim=  9   ncall= 80707214.
                              it=    0    itmx=    2
                              acc=-1.00    
                              mds=  1     nd=  50
                              (xl,xu)= (  0.00000     ,  1.00000     )
                                       (  0.00000     ,  1.00000     )
                                       (  0.00000     ,  1.00000     )
                                       (  0.00000     ,  1.00000     )
                                       (  0.00000     ,  1.00000     )
                                       (  0.00000     ,  1.00000     )
                                       (  0.00000     ,  1.00000     )
                                       (  0.00000     ,  1.00000     )
                                       (  0.00000     ,  1.00000     )

#********** Integration by Vegas (iteration       1) ************
#                                                               *
#  integral  = 0.78222686E-06   accum. integral = 0.78222686E-06*
#  std. dev. = 0.45936269E-09   accum. std. dev = 0.45936269E-09*
#   min/max. wt. =    0.00000            0.234789E-10           *
#                                                               *
#*************   chi**2/iteration = 0.4785E-06   ****************


#********** Integration by Vegas (iteration       2) ************
#                                                               *
#  integral  = 0.78128288E-06   accum. integral = 0.78175784E-06*
#  std. dev. = 0.46170062E-09   accum. std. dev = 0.32564091E-09*
#   min/max. wt. =    0.00000            0.312137E-10           *
#                                                               *
#*************   chi**2/iteration =  2.099       ****************

 Done
