SLURM job running in:  /work-zfs/lhc/heshy/JHUGen/xsecs/JHUGen/JHUGenerator
LHAPDF 6.1.5 loading /work-zfs/lhc/cms/slc6_amd64_gcc493/external/lhapdf/6.1.5-kpegke3/share/LHAPDF/NNPDF30_lo_as_0130/NNPDF30_lo_as_0130_0000.dat
NNPDF30_lo_as_0130 PDF set, member #0, version 2; LHAPDF ID = 263000
 extending no. of histograms for vbf tests
 
                                                                                          
   ***************************************************************************************
   *                                JHU Generator v6.9.9                                 *
   ***************************************************************************************
   *                                                                                     *
   *   Spin and parity determination of single-produced resonances at hadron colliders   *
   *                                                                                     *
   *          I. Anderson, S. Bolognesi, F. Caola, Y. Gao, A. Gritsan, Z. Guo,           *
   *        C. Martin, K. Melnikov, R.Rontsch, H. Roskes, U. Sarica, M. Schulze,         *
   *                   N. Tran, A. Whitbeck, M. Xiao, C. You, Y. Zhou                    *
   *                Phys.Rev. D81 (2010) 075022;  arXiv:1001.3396 [hep-ph],              *
   *                Phys.Rev. D86 (2012) 095031;  arXiv:1208.4018 [hep-ph],              *
   *                Phys.Rev. D89 (2014) 035007;  arXiv:1309.4819 [hep-ph].              *
   *                                                                                     *
   ***************************************************************************************
                                                                                          
   
   Command line: ./JHUGen Unweighted=0 VegasNc0=99999999 VegasNc1=99999999 VegasNc2=99999999 LHAPDF=NNPDF30_lo_as_0130/NNPDF30_lo_as_0130.info MReso=2600 ghz1=0,0 ghz1_prime2=1,0 Process=60 pTjetcut=0 deltaRcut=0 pTjetcut=25 etajetcut=4.7 pTlepcut=5 etalepcut=2.5
   
   Input Parameter:
    Collider: P-P, sqrt(s)=13000.00
    Resonance: spin=0, mass=2600.00 width=   0.00407
    Z-boson: mass=91.188, width=2.4952
    W-boson: mass=80.399, width=2.0850
    Jet cuts:
            pT >=    25.00 GeV
         |eta| <=     4.70
        DeltaR >=     0.00
           mJJ >=     0.00 GeV
           m4l_min/max      -1.00     -1.00 GeV
    Random seed:    40422035
    To reproduce results using this seed, JHUGen should be compiled with the same compiler:
      GNU Fortran (GCC) 4.8.2
    
    WidthScheme:   2
    LHAPDF set NNPDF30_lo_as_0130/NNPDF30_lo_as_0130.info, member=  0
    Unweighted: F
    Intermediate off-shell photons: F
    
    spin-0-VV couplings: 
      generate_as=F
      ghg2=  0.10000000E+01  0.00000000E+00i
      ghg3=  0.00000000E+00  0.00000000E+00i
      ghg4=  0.00000000E+00  0.00000000E+00i
      ghz1=  0.00000000E+00  0.00000000E+00i
      ghz2=  0.00000000E+00  0.00000000E+00i
      ghz3=  0.00000000E+00  0.00000000E+00i
      ghz4=  0.00000000E+00  0.00000000E+00i
      ghz1_prime2=  0.10000000E+01  0.00000000E+00i,    Lambda_z1=  1.0000E+04
      Lambda=  1000.0
    
    LHE output: ./data/output.lhe
    Histogram output: ./data/output.dat
    Log file: ./data/output.log
    
  Running

  Input parameters for vegas:  ndim=  9   ncall= 80707214.
                              it=    0    itmx=   15
                              acc=-1.00    
                              mds=  1     nd=  50
                              (xl,xu)= (  0.00000     ,  1.00000     )
                                       (  0.00000     ,  1.00000     )
                                       (  0.00000     ,  1.00000     )
                                       (  0.00000     ,  1.00000     )
                                       (  0.00000     ,  1.00000     )
                                       (  0.00000     ,  1.00000     )
                                       (  0.00000     ,  1.00000     )
                                       (  0.00000     ,  1.00000     )
                                       (  0.00000     ,  1.00000     )

#********** Integration by Vegas (iteration       1) ************
#                                                               *
#  integral  = 0.36820025E-06   accum. integral = 0.36820025E-06*
#  std. dev. = 0.75318308E-08   accum. std. dev = 0.75318308E-08*
#   min/max. wt. =    0.00000            0.339820E-08           *
#                                                               *
#*************   chi**2/iteration =  0.000       ****************


#********** Integration by Vegas (iteration       2) ************
#                                                               *
#  integral  = 0.60923420E-06   accum. integral = 0.36969639E-06*
#  std. dev. = 0.15768919E-06   accum. std. dev = 0.10264576E-07*
#   min/max. wt. =    0.00000            0.156727E-06           *
#                                                               *
#*************   chi**2/iteration =  3.398       ****************


#********** Integration by Vegas (iteration       3) ************
#                                                               *
#  integral  = 0.63151162E-06   accum. integral = 0.38870033E-06*
#  std. dev. = 0.46031843E-07   accum. std. dev = 0.10789360E-07*
#   min/max. wt. =    0.00000            0.320117E-07           *
#                                                               *
#*************   chi**2/iteration =  21.24       ****************


#********** Integration by Vegas (iteration       4) ************
#                                                               *
#  integral  = 0.70852176E-06   accum. integral = 0.63013586E-06*
#  std. dev. = 0.79281701E-08   accum. std. dev = 0.57672417E-08*
#   min/max. wt. =    0.00000            0.381915E-08           *
#                                                               *
#*************   chi**2/iteration =  201.7       ****************


#********** Integration by Vegas (iteration       5) ************
#                                                               *
#  integral  = 0.70624496E-06   accum. integral = 0.70353490E-06*
#  std. dev. = 0.13193685E-08   accum. std. dev = 0.11327959E-08*
#   min/max. wt. =    0.00000            0.277863E-09           *
#                                                               *
#*************   chi**2/iteration =  178.4       ****************


#********** Integration by Vegas (iteration       6) ************
#                                                               *
#  integral  = 0.70880798E-06   accum. integral = 0.70789476E-06*
#  std. dev. = 0.59513997E-09   accum. std. dev = 0.48374173E-09*
#   min/max. wt. =    0.00000            0.480558E-10           *
#                                                               *
#*************   chi**2/iteration =  139.0       ****************


#********** Integration by Vegas (iteration       7) ************
#                                                               *
#  integral  = 0.70836582E-06   accum. integral = 0.70817286E-06*
#  std. dev. = 0.45047716E-09   accum. std. dev = 0.31507862E-09*
#   min/max. wt. =    0.00000            0.233467E-10           *
#                                                               *
#*************   chi**2/iteration =  111.9       ****************


#********** Integration by Vegas (iteration       8) ************
#                                                               *
#  integral  = 0.70770081E-06   accum. integral = 0.70798037E-06*
#  std. dev. = 0.41674104E-09   accum. std. dev = 0.24555297E-09*
#   min/max. wt. =    0.00000            0.158717E-10           *
#                                                               *
#*************   chi**2/iteration =  93.65       ****************


#********** Integration by Vegas (iteration       9) ************
#                                                               *
#  integral  = 0.70843643E-06   accum. integral = 0.70811769E-06*
#  std. dev. = 0.40586228E-09   accum. std. dev = 0.20729118E-09*
#   min/max. wt. =    0.00000            0.215123E-10           *
#                                                               *
#*************   chi**2/iteration =  80.49       ****************


#********** Integration by Vegas (iteration      10) ************
#                                                               *
#  integral  = 0.70801092E-06   accum. integral = 0.70809250E-06*
#  std. dev. = 0.40054832E-09   accum. std. dev = 0.18257596E-09*
#   min/max. wt. =    0.00000            0.192030E-10           *
#                                                               *
#*************   chi**2/iteration =  70.48       ****************


#********** Integration by Vegas (iteration      11) ************
#                                                               *
#  integral  = 0.70811193E-06   accum. integral = 0.70809623E-06*
#  std. dev. = 0.39931352E-09   accum. std. dev = 0.16513700E-09*
#   min/max. wt. =    0.00000            0.211312E-10           *
#                                                               *
#*************   chi**2/iteration =  62.66       ****************


#********** Integration by Vegas (iteration      12) ************
#                                                               *
#  integral  = 0.70840723E-06   accum. integral = 0.70814546E-06*
#  std. dev. = 0.40350333E-09   accum. std. dev = 0.15227703E-09*
#   min/max. wt. =    0.00000            0.177320E-10           *
#                                                               *
#*************   chi**2/iteration =  56.44       ****************


#********** Integration by Vegas (iteration      13) ************
#                                                               *
#  integral  = 0.70772144E-06   accum. integral = 0.70808775E-06*
#  std. dev. = 0.40409812E-09   accum. std. dev = 0.14213032E-09*
#   min/max. wt. =    0.00000            0.161453E-10           *
#                                                               *
#*************   chi**2/iteration =  51.39       ****************


#********** Integration by Vegas (iteration      14) ************
#                                                               *
#  integral  = 0.70812090E-06   accum. integral = 0.70809159E-06*
#  std. dev. = 0.41238178E-09   accum. std. dev = 0.13413887E-09*
#   min/max. wt. =    0.00000            0.208578E-10           *
#                                                               *
#*************   chi**2/iteration =  47.10       ****************


#********** Integration by Vegas (iteration      15) ************
#                                                               *
#  integral  = 0.70839560E-06   accum. integral = 0.70812353E-06*
#  std. dev. = 0.40953622E-09   accum. std. dev = 0.12729505E-09*
#   min/max. wt. =    0.00000            0.159466E-10           *
#                                                               *
#*************   chi**2/iteration =  43.50       ****************

 ****************************************************
 * Writing out vegas grid to ./data/output.grid                                                      
 ****************************************************

  Input parameters for vegas:  ndim=  9   ncall= 80707214.
                              it=    0    itmx=    2
                              acc=-1.00    
                              mds=  1     nd=  50
                              (xl,xu)= (  0.00000     ,  1.00000     )
                                       (  0.00000     ,  1.00000     )
                                       (  0.00000     ,  1.00000     )
                                       (  0.00000     ,  1.00000     )
                                       (  0.00000     ,  1.00000     )
                                       (  0.00000     ,  1.00000     )
                                       (  0.00000     ,  1.00000     )
                                       (  0.00000     ,  1.00000     )
                                       (  0.00000     ,  1.00000     )

#********** Integration by Vegas (iteration       1) ************
#                                                               *
#  integral  = 0.70836626E-06   accum. integral = 0.70836626E-06*
#  std. dev. = 0.41308017E-09   accum. std. dev = 0.41308017E-09*
#   min/max. wt. =    0.00000            0.240898E-10           *
#                                                               *
#*************   chi**2/iteration =  0.000       ****************


#********** Integration by Vegas (iteration       2) ************
#                                                               *
#  integral  = 0.70827990E-06   accum. integral = 0.70832399E-06*
#  std. dev. = 0.42184429E-09   accum. std. dev = 0.29514121E-09*
#   min/max. wt. =    0.00000            0.212296E-10           *
#                                                               *
#*************   chi**2/iteration = 0.2137E-01   ****************

 Done
