SLURM job running in:  /work-zfs/lhc/heshy/JHUGen/xsecs/JHUGen/JHUGenerator
LHAPDF 6.1.5 loading /work-zfs/lhc/cms/slc6_amd64_gcc493/external/lhapdf/6.1.5-kpegke3/share/LHAPDF/NNPDF30_lo_as_0130/NNPDF30_lo_as_0130_0000.dat
NNPDF30_lo_as_0130 PDF set, member #0, version 2; LHAPDF ID = 263000
 extending no. of histograms for vbf tests
 
                                                                                          
   ***************************************************************************************
   *                                JHU Generator v6.9.9                                 *
   ***************************************************************************************
   *                                                                                     *
   *   Spin and parity determination of single-produced resonances at hadron colliders   *
   *                                                                                     *
   *          I. Anderson, S. Bolognesi, F. Caola, Y. Gao, A. Gritsan, Z. Guo,           *
   *        C. Martin, K. Melnikov, R.Rontsch, H. Roskes, U. Sarica, M. Schulze,         *
   *                   N. Tran, A. Whitbeck, M. Xiao, C. You, Y. Zhou                    *
   *                Phys.Rev. D81 (2010) 075022;  arXiv:1001.3396 [hep-ph],              *
   *                Phys.Rev. D86 (2012) 095031;  arXiv:1208.4018 [hep-ph],              *
   *                Phys.Rev. D89 (2014) 035007;  arXiv:1309.4819 [hep-ph].              *
   *                                                                                     *
   ***************************************************************************************
                                                                                          
   
   Command line: ./JHUGen Unweighted=0 VegasNc0=99999999 VegasNc1=99999999 VegasNc2=99999999 LHAPDF=NNPDF30_lo_as_0130/NNPDF30_lo_as_0130.info MReso=260 ghz1=0,0 ghz1_prime2=1,0 Process=60 pTjetcut=0 deltaRcut=0 pTjetcut=25 etajetcut=4.7 pTlepcut=5 etalepcut=2.5
   
   Input Parameter:
    Collider: P-P, sqrt(s)=13000.00
    Resonance: spin=0, mass= 260.00 width=   0.00407
    Z-boson: mass=91.188, width=2.4952
    W-boson: mass=80.399, width=2.0850
    Jet cuts:
            pT >=    25.00 GeV
         |eta| <=     4.70
        DeltaR >=     0.00
           mJJ >=     0.00 GeV
           m4l_min/max      -1.00     -1.00 GeV
    Random seed:   390312539
    To reproduce results using this seed, JHUGen should be compiled with the same compiler:
      GNU Fortran (GCC) 4.8.2
    
    WidthScheme:   2
    LHAPDF set NNPDF30_lo_as_0130/NNPDF30_lo_as_0130.info, member=  0
    Unweighted: F
    Intermediate off-shell photons: F
    
    spin-0-VV couplings: 
      generate_as=F
      ghg2=  0.10000000E+01  0.00000000E+00i
      ghg3=  0.00000000E+00  0.00000000E+00i
      ghg4=  0.00000000E+00  0.00000000E+00i
      ghz1=  0.00000000E+00  0.00000000E+00i
      ghz2=  0.00000000E+00  0.00000000E+00i
      ghz3=  0.00000000E+00  0.00000000E+00i
      ghz4=  0.00000000E+00  0.00000000E+00i
      ghz1_prime2=  0.10000000E+01  0.00000000E+00i,    Lambda_z1=  1.0000E+04
      Lambda=  1000.0
    
    LHE output: ./data/output.lhe
    Histogram output: ./data/output.dat
    Log file: ./data/output.log
    
  Running

  Input parameters for vegas:  ndim=  9   ncall= 80707214.
                              it=    0    itmx=   15
                              acc=-1.00    
                              mds=  1     nd=  50
                              (xl,xu)= (  0.00000     ,  1.00000     )
                                       (  0.00000     ,  1.00000     )
                                       (  0.00000     ,  1.00000     )
                                       (  0.00000     ,  1.00000     )
                                       (  0.00000     ,  1.00000     )
                                       (  0.00000     ,  1.00000     )
                                       (  0.00000     ,  1.00000     )
                                       (  0.00000     ,  1.00000     )
                                       (  0.00000     ,  1.00000     )

#********** Integration by Vegas (iteration       1) ************
#                                                               *
#  integral  = 0.82704209E-04   accum. integral = 0.82704209E-04*
#  std. dev. = 0.74394332E-05   accum. std. dev = 0.74394332E-05*
#   min/max. wt. =    0.00000            0.592391E-05           *
#                                                               *
#*************   chi**2/iteration =  0.000       ****************


#********** Integration by Vegas (iteration       2) ************
#                                                               *
#  integral  = 0.11617689E-03   accum. integral = 0.10639336E-03*
#  std. dev. = 0.67159117E-05   accum. std. dev = 0.49039247E-05*
#   min/max. wt. =    0.00000            0.480321E-05           *
#                                                               *
#*************   chi**2/iteration =  9.628       ****************


#********** Integration by Vegas (iteration       3) ************
#                                                               *
#  integral  = 0.11406842E-03   accum. integral = 0.11389062E-03*
#  std. dev. = 0.85427554E-06   accum. std. dev = 0.78040750E-06*
#   min/max. wt. =    0.00000            0.306511E-06           *
#                                                               *
#*************   chi**2/iteration =  5.499       ****************


#********** Integration by Vegas (iteration       4) ************
#                                                               *
#  integral  = 0.11717892E-03   accum. integral = 0.11697776E-03*
#  std. dev. = 0.22140586E-06   accum. std. dev = 0.19861773E-06*
#   min/max. wt. =    0.00000            0.104987E-06           *
#                                                               *
#*************   chi**2/iteration =  8.709       ****************


#********** Integration by Vegas (iteration       5) ************
#                                                               *
#  integral  = 0.11706029E-03   accum. integral = 0.11704632E-03*
#  std. dev. = 0.96733850E-07   accum. std. dev = 0.83043875E-07*
#   min/max. wt. =    0.00000            0.785535E-08           *
#                                                               *
#*************   chi**2/iteration =  6.359       ****************


#********** Integration by Vegas (iteration       6) ************
#                                                               *
#  integral  = 0.11697339E-03   accum. integral = 0.11700240E-03*
#  std. dev. = 0.71601447E-07   accum. std. dev = 0.52919875E-07*
#   min/max. wt. =    0.00000            0.712729E-08           *
#                                                               *
#*************   chi**2/iteration =  5.074       ****************


#********** Integration by Vegas (iteration       7) ************
#                                                               *
#  integral  = 0.11709181E-03   accum. integral = 0.11704025E-03*
#  std. dev. = 0.64924128E-07   accum. std. dev = 0.40487690E-07*
#   min/max. wt. =    0.00000            0.292030E-08           *
#                                                               *
#*************   chi**2/iteration =  4.365       ****************


#********** Integration by Vegas (iteration       8) ************
#                                                               *
#  integral  = 0.11699288E-03   accum. integral = 0.11702566E-03*
#  std. dev. = 0.63254998E-07   accum. std. dev = 0.33861153E-07*
#   min/max. wt. =    0.00000            0.418232E-08           *
#                                                               *
#*************   chi**2/iteration =  3.761       ****************


#********** Integration by Vegas (iteration       9) ************
#                                                               *
#  integral  = 0.11700243E-03   accum. integral = 0.11702004E-03*
#  std. dev. = 0.62198304E-07   accum. std. dev = 0.29610304E-07*
#   min/max. wt. =    0.00000            0.237853E-08           *
#                                                               *
#*************   chi**2/iteration =  3.278       ****************


#********** Integration by Vegas (iteration      10) ************
#                                                               *
#  integral  = 0.11699941E-03   accum. integral = 0.11701606E-03*
#  std. dev. = 0.62473106E-07   accum. std. dev = 0.26683920E-07*
#   min/max. wt. =    0.00000            0.481522E-08           *
#                                                               *
#*************   chi**2/iteration =  2.905       ****************


#********** Integration by Vegas (iteration      11) ************
#                                                               *
#  integral  = 0.11710034E-03   accum. integral = 0.11702985E-03*
#  std. dev. = 0.62143650E-07   accum. std. dev = 0.24471090E-07*
#   min/max. wt. =    0.00000            0.193009E-08           *
#                                                               *
#*************   chi**2/iteration =  2.762       ****************


#********** Integration by Vegas (iteration      12) ************
#                                                               *
#  integral  = 0.11697730E-03   accum. integral = 0.11702247E-03*
#  std. dev. = 0.62123339E-07   accum. std. dev = 0.22737797E-07*
#   min/max. wt. =    0.00000            0.284725E-08           *
#                                                               *
#*************   chi**2/iteration =  2.559       ****************


#********** Integration by Vegas (iteration      13) ************
#                                                               *
#  integral  = 0.11701564E-03   accum. integral = 0.11702165E-03*
#  std. dev. = 0.63243139E-07   accum. std. dev = 0.21377334E-07*
#   min/max. wt. =    0.00000            0.479110E-08           *
#                                                               *
#*************   chi**2/iteration =  2.338       ****************


#********** Integration by Vegas (iteration      14) ************
#                                                               *
#  integral  = 0.11701862E-03   accum. integral = 0.11702133E-03*
#  std. dev. = 0.62912789E-07   accum. std. dev = 0.20226172E-07*
#   min/max. wt. =    0.00000            0.204665E-08           *
#                                                               *
#*************   chi**2/iteration =  2.151       ****************


#********** Integration by Vegas (iteration      15) ************
#                                                               *
#  integral  = 0.11690076E-03   accum. integral = 0.11700973E-03*
#  std. dev. = 0.63223001E-07   accum. std. dev = 0.19254389E-07*
#   min/max. wt. =    0.00000            0.286910E-08           *
#                                                               *
#*************   chi**2/iteration =  2.236       ****************

 ****************************************************
 * Writing out vegas grid to ./data/output.grid                                                      
 ****************************************************

  Input parameters for vegas:  ndim=  9   ncall= 80707214.
                              it=    0    itmx=    2
                              acc=-1.00    
                              mds=  1     nd=  50
                              (xl,xu)= (  0.00000     ,  1.00000     )
                                       (  0.00000     ,  1.00000     )
                                       (  0.00000     ,  1.00000     )
                                       (  0.00000     ,  1.00000     )
                                       (  0.00000     ,  1.00000     )
                                       (  0.00000     ,  1.00000     )
                                       (  0.00000     ,  1.00000     )
                                       (  0.00000     ,  1.00000     )
                                       (  0.00000     ,  1.00000     )

#********** Integration by Vegas (iteration       1) ************
#                                                               *
#  integral  = 0.11700065E-03   accum. integral = 0.11700065E-03*
#  std. dev. = 0.64688368E-07   accum. std. dev = 0.64688368E-07*
#   min/max. wt. =    0.00000            0.410943E-08           *
#                                                               *
#*************   chi**2/iteration = -.3953E-06   ****************


#********** Integration by Vegas (iteration       2) ************
#                                                               *
#  integral  = 0.11702973E-03   accum. integral = 0.11701513E-03*
#  std. dev. = 0.64939470E-07   accum. std. dev = 0.45830126E-07*
#   min/max. wt. =    0.00000            0.285313E-08           *
#                                                               *
#*************   chi**2/iteration = 0.1005       ****************

 Done
