SLURM job running in:  /work-zfs/lhc/heshy/JHUGen/xsecs/JHUGen/JHUGenerator
LHAPDF 6.1.5 loading /work-zfs/lhc/cms/slc6_amd64_gcc493/external/lhapdf/6.1.5-kpegke3/share/LHAPDF/NNPDF30_lo_as_0130/NNPDF30_lo_as_0130_0000.dat
NNPDF30_lo_as_0130 PDF set, member #0, version 2; LHAPDF ID = 263000
 extending no. of histograms for vbf tests
 
                                                                                          
   ***************************************************************************************
   *                                JHU Generator v6.9.9                                 *
   ***************************************************************************************
   *                                                                                     *
   *   Spin and parity determination of single-produced resonances at hadron colliders   *
   *                                                                                     *
   *          I. Anderson, S. Bolognesi, F. Caola, Y. Gao, A. Gritsan, Z. Guo,           *
   *        C. Martin, K. Melnikov, R.Rontsch, H. Roskes, U. Sarica, M. Schulze,         *
   *                   N. Tran, A. Whitbeck, M. Xiao, C. You, Y. Zhou                    *
   *                Phys.Rev. D81 (2010) 075022;  arXiv:1001.3396 [hep-ph],              *
   *                Phys.Rev. D86 (2012) 095031;  arXiv:1208.4018 [hep-ph],              *
   *                Phys.Rev. D89 (2014) 035007;  arXiv:1309.4819 [hep-ph].              *
   *                                                                                     *
   ***************************************************************************************
                                                                                          
   
   Command line: ./JHUGen Unweighted=0 VegasNc0=99999999 VegasNc1=99999999 VegasNc2=99999999 LHAPDF=NNPDF30_lo_as_0130/NNPDF30_lo_as_0130.info MReso=262 ghz1=0,0 ghz1_prime2=1,0 Process=60 pTjetcut=0 deltaRcut=0 pTjetcut=25 etajetcut=4.7 pTlepcut=5 etalepcut=2.5
   
   Input Parameter:
    Collider: P-P, sqrt(s)=13000.00
    Resonance: spin=0, mass= 262.00 width=   0.00407
    Z-boson: mass=91.188, width=2.4952
    W-boson: mass=80.399, width=2.0850
    Jet cuts:
            pT >=    25.00 GeV
         |eta| <=     4.70
        DeltaR >=     0.00
           mJJ >=     0.00 GeV
           m4l_min/max      -1.00     -1.00 GeV
    Random seed:   581188815
    To reproduce results using this seed, JHUGen should be compiled with the same compiler:
      GNU Fortran (GCC) 4.8.2
    
    WidthScheme:   2
    LHAPDF set NNPDF30_lo_as_0130/NNPDF30_lo_as_0130.info, member=  0
    Unweighted: F
    Intermediate off-shell photons: F
    
    spin-0-VV couplings: 
      generate_as=F
      ghg2=  0.10000000E+01  0.00000000E+00i
      ghg3=  0.00000000E+00  0.00000000E+00i
      ghg4=  0.00000000E+00  0.00000000E+00i
      ghz1=  0.00000000E+00  0.00000000E+00i
      ghz2=  0.00000000E+00  0.00000000E+00i
      ghz3=  0.00000000E+00  0.00000000E+00i
      ghz4=  0.00000000E+00  0.00000000E+00i
      ghz1_prime2=  0.10000000E+01  0.00000000E+00i,    Lambda_z1=  1.0000E+04
      Lambda=  1000.0
    
    LHE output: ./data/output.lhe
    Histogram output: ./data/output.dat
    Log file: ./data/output.log
    
  Running

  Input parameters for vegas:  ndim=  9   ncall= 80707214.
                              it=    0    itmx=   15
                              acc=-1.00    
                              mds=  1     nd=  50
                              (xl,xu)= (  0.00000     ,  1.00000     )
                                       (  0.00000     ,  1.00000     )
                                       (  0.00000     ,  1.00000     )
                                       (  0.00000     ,  1.00000     )
                                       (  0.00000     ,  1.00000     )
                                       (  0.00000     ,  1.00000     )
                                       (  0.00000     ,  1.00000     )
                                       (  0.00000     ,  1.00000     )
                                       (  0.00000     ,  1.00000     )

#********** Integration by Vegas (iteration       1) ************
#                                                               *
#  integral  = 0.77119515E-04   accum. integral = 0.77119515E-04*
#  std. dev. = 0.44967181E-05   accum. std. dev = 0.44967181E-05*
#   min/max. wt. =    0.00000            0.263040E-05           *
#                                                               *
#*************   chi**2/iteration =  0.000       ****************


#********** Integration by Vegas (iteration       2) ************
#                                                               *
#  integral  = 0.10624073E-03   accum. integral = 0.90746531E-04*
#  std. dev. = 0.66055137E-05   accum. std. dev = 0.39481686E-05*
#   min/max. wt. =    0.00000            0.563944E-05           *
#                                                               *
#*************   chi**2/iteration =  13.53       ****************


#********** Integration by Vegas (iteration       3) ************
#                                                               *
#  integral  = 0.11358014E-03   accum. integral = 0.11152185E-03*
#  std. dev. = 0.15205249E-05   accum. std. dev = 0.12798302E-05*
#   min/max. wt. =    0.00000            0.936901E-06           *
#                                                               *
#*************   chi**2/iteration =  18.85       ****************


#********** Integration by Vegas (iteration       4) ************
#                                                               *
#  integral  = 0.11670733E-03   accum. integral = 0.11653454E-03*
#  std. dev. = 0.27669419E-06   accum. std. dev = 0.24379763E-06*
#   min/max. wt. =    0.00000            0.100555E-06           *
#                                                               *
#*************   chi**2/iteration =  16.40       ****************


#********** Integration by Vegas (iteration       5) ************
#                                                               *
#  integral  = 0.11619800E-03   accum. integral = 0.11624004E-03*
#  std. dev. = 0.10233150E-06   accum. std. dev = 0.88159461E-07*
#   min/max. wt. =    0.00000            0.139756E-07           *
#                                                               *
#*************   chi**2/iteration =  12.15       ****************


#********** Integration by Vegas (iteration       6) ************
#                                                               *
#  integral  = 0.11640490E-03   accum. integral = 0.11634316E-03*
#  std. dev. = 0.74200390E-07   accum. std. dev = 0.54766956E-07*
#   min/max. wt. =    0.00000            0.519968E-08           *
#                                                               *
#*************   chi**2/iteration =  9.856       ****************


#********** Integration by Vegas (iteration       7) ************
#                                                               *
#  integral  = 0.11608542E-03   accum. integral = 0.11622971E-03*
#  std. dev. = 0.66000177E-07   accum. std. dev = 0.41390663E-07*
#   min/max. wt. =    0.00000            0.280841E-08           *
#                                                               *
#*************   chi**2/iteration =  9.642       ****************


#********** Integration by Vegas (iteration       8) ************
#                                                               *
#  integral  = 0.11629954E-03   accum. integral = 0.11625234E-03*
#  std. dev. = 0.63363666E-07   accum. std. dev = 0.34291936E-07*
#   min/max. wt. =    0.00000            0.302032E-08           *
#                                                               *
#*************   chi**2/iteration =  8.269       ****************


#********** Integration by Vegas (iteration       9) ************
#                                                               *
#  integral  = 0.11627814E-03   accum. integral = 0.11625881E-03*
#  std. dev. = 0.62355229E-07   accum. std. dev = 0.29859239E-07*
#   min/max. wt. =    0.00000            0.191925E-08           *
#                                                               *
#*************   chi**2/iteration =  7.169       ****************


#********** Integration by Vegas (iteration      10) ************
#                                                               *
#  integral  = 0.11639074E-03   accum. integral = 0.11628526E-03*
#  std. dev. = 0.62391970E-07   accum. std. dev = 0.26824818E-07*
#   min/max. wt. =    0.00000            0.216951E-08           *
#                                                               *
#*************   chi**2/iteration =  6.743       ****************


#********** Integration by Vegas (iteration      11) ************
#                                                               *
#  integral  = 0.11651784E-03   accum. integral = 0.11632373E-03*
#  std. dev. = 0.62832835E-07   accum. std. dev = 0.24603374E-07*
#   min/max. wt. =    0.00000            0.264390E-08           *
#                                                               *
#*************   chi**2/iteration =  7.255       ****************


#********** Integration by Vegas (iteration      12) ************
#                                                               *
#  integral  = 0.11636728E-03   accum. integral = 0.11632995E-03*
#  std. dev. = 0.62526570E-07   accum. std. dev = 0.22851063E-07*
#   min/max. wt. =    0.00000            0.299508E-08           *
#                                                               *
#*************   chi**2/iteration =  6.594       ****************


#********** Integration by Vegas (iteration      13) ************
#                                                               *
#  integral  = 0.11631288E-03   accum. integral = 0.11632785E-03*
#  std. dev. = 0.63118198E-07   accum. std. dev = 0.21458005E-07*
#   min/max. wt. =    0.00000            0.450332E-08           *
#                                                               *
#*************   chi**2/iteration =  6.019       ****************


#********** Integration by Vegas (iteration      14) ************
#                                                               *
#  integral  = 0.11642064E-03   accum. integral = 0.11633787E-03*
#  std. dev. = 0.63620834E-07   accum. std. dev = 0.20312637E-07*
#   min/max. wt. =    0.00000            0.366135E-08           *
#                                                               *
#*************   chi**2/iteration =  5.685       ****************


#********** Integration by Vegas (iteration      15) ************
#                                                               *
#  integral  = 0.11643728E-03   accum. integral = 0.11634741E-03*
#  std. dev. = 0.64198928E-07   accum. std. dev = 0.19352325E-07*
#   min/max. wt. =    0.00000            0.262452E-08           *
#                                                               *
#*************   chi**2/iteration =  5.422       ****************

 ****************************************************
 * Writing out vegas grid to ./data/output.grid                                                      
 ****************************************************

  Input parameters for vegas:  ndim=  9   ncall= 80707214.
                              it=    0    itmx=    2
                              acc=-1.00    
                              mds=  1     nd=  50
                              (xl,xu)= (  0.00000     ,  1.00000     )
                                       (  0.00000     ,  1.00000     )
                                       (  0.00000     ,  1.00000     )
                                       (  0.00000     ,  1.00000     )
                                       (  0.00000     ,  1.00000     )
                                       (  0.00000     ,  1.00000     )
                                       (  0.00000     ,  1.00000     )
                                       (  0.00000     ,  1.00000     )
                                       (  0.00000     ,  1.00000     )

#********** Integration by Vegas (iteration       1) ************
#                                                               *
#  integral  = 0.11636659E-03   accum. integral = 0.11636659E-03*
#  std. dev. = 0.64321766E-07   accum. std. dev = 0.64321766E-07*
#   min/max. wt. =    0.00000            0.225362E-08           *
#                                                               *
#*************   chi**2/iteration =  0.000       ****************


#********** Integration by Vegas (iteration       2) ************
#                                                               *
#  integral  = 0.11625803E-03   accum. integral = 0.11631288E-03*
#  std. dev. = 0.64930898E-07   accum. std. dev = 0.45695994E-07*
#   min/max. wt. =    0.00000            0.373179E-08           *
#                                                               *
#*************   chi**2/iteration =  1.409       ****************

 Done
