SLURM job running in:  /work-zfs/lhc/heshy/JHUGen/xsecs/JHUGen/JHUGenerator
LHAPDF 6.1.5 loading /work-zfs/lhc/cms/slc6_amd64_gcc493/external/lhapdf/6.1.5-kpegke3/share/LHAPDF/NNPDF30_lo_as_0130/NNPDF30_lo_as_0130_0000.dat
NNPDF30_lo_as_0130 PDF set, member #0, version 2; LHAPDF ID = 263000
 extending no. of histograms for vbf tests
 
                                                                                          
   ***************************************************************************************
   *                                JHU Generator v6.9.9                                 *
   ***************************************************************************************
   *                                                                                     *
   *   Spin and parity determination of single-produced resonances at hadron colliders   *
   *                                                                                     *
   *          I. Anderson, S. Bolognesi, F. Caola, Y. Gao, A. Gritsan, Z. Guo,           *
   *        C. Martin, K. Melnikov, R.Rontsch, H. Roskes, U. Sarica, M. Schulze,         *
   *                   N. Tran, A. Whitbeck, M. Xiao, C. You, Y. Zhou                    *
   *                Phys.Rev. D81 (2010) 075022;  arXiv:1001.3396 [hep-ph],              *
   *                Phys.Rev. D86 (2012) 095031;  arXiv:1208.4018 [hep-ph],              *
   *                Phys.Rev. D89 (2014) 035007;  arXiv:1309.4819 [hep-ph].              *
   *                                                                                     *
   ***************************************************************************************
                                                                                          
   
   Command line: ./JHUGen Unweighted=0 VegasNc0=99999999 VegasNc1=99999999 VegasNc2=99999999 LHAPDF=NNPDF30_lo_as_0130/NNPDF30_lo_as_0130.info MReso=2700 ghz1=0,0 ghz1_prime2=1,0 Process=60 pTjetcut=0 deltaRcut=0 pTjetcut=25 etajetcut=4.7 pTlepcut=5 etalepcut=2.5
   
   Input Parameter:
    Collider: P-P, sqrt(s)=13000.00
    Resonance: spin=0, mass=2700.00 width=   0.00407
    Z-boson: mass=91.188, width=2.4952
    W-boson: mass=80.399, width=2.0850
    Jet cuts:
            pT >=    25.00 GeV
         |eta| <=     4.70
        DeltaR >=     0.00
           mJJ >=     0.00 GeV
           m4l_min/max      -1.00     -1.00 GeV
    Random seed:   561646367
    To reproduce results using this seed, JHUGen should be compiled with the same compiler:
      GNU Fortran (GCC) 4.8.2
    
    WidthScheme:   2
    LHAPDF set NNPDF30_lo_as_0130/NNPDF30_lo_as_0130.info, member=  0
    Unweighted: F
    Intermediate off-shell photons: F
    
    spin-0-VV couplings: 
      generate_as=F
      ghg2=  0.10000000E+01  0.00000000E+00i
      ghg3=  0.00000000E+00  0.00000000E+00i
      ghg4=  0.00000000E+00  0.00000000E+00i
      ghz1=  0.00000000E+00  0.00000000E+00i
      ghz2=  0.00000000E+00  0.00000000E+00i
      ghz3=  0.00000000E+00  0.00000000E+00i
      ghz4=  0.00000000E+00  0.00000000E+00i
      ghz1_prime2=  0.10000000E+01  0.00000000E+00i,    Lambda_z1=  1.0000E+04
      Lambda=  1000.0
    
    LHE output: ./data/output.lhe
    Histogram output: ./data/output.dat
    Log file: ./data/output.log
    
  Running

  Input parameters for vegas:  ndim=  9   ncall= 80707214.
                              it=    0    itmx=   15
                              acc=-1.00    
                              mds=  1     nd=  50
                              (xl,xu)= (  0.00000     ,  1.00000     )
                                       (  0.00000     ,  1.00000     )
                                       (  0.00000     ,  1.00000     )
                                       (  0.00000     ,  1.00000     )
                                       (  0.00000     ,  1.00000     )
                                       (  0.00000     ,  1.00000     )
                                       (  0.00000     ,  1.00000     )
                                       (  0.00000     ,  1.00000     )
                                       (  0.00000     ,  1.00000     )

#********** Integration by Vegas (iteration       1) ************
#                                                               *
#  integral  = 0.31404955E-06   accum. integral = 0.31404955E-06*
#  std. dev. = 0.12641048E-07   accum. std. dev = 0.12641048E-07*
#   min/max. wt. =    0.00000            0.100268E-07           *
#                                                               *
#*************   chi**2/iteration =  0.000       ****************


#********** Integration by Vegas (iteration       2) ************
#                                                               *
#  integral  = 0.50344517E-06   accum. integral = 0.32317549E-06*
#  std. dev. = 0.90065766E-07   accum. std. dev = 0.16476673E-07*
#   min/max. wt. =    0.00000            0.800130E-07           *
#                                                               *
#*************   chi**2/iteration =  6.054       ****************


#********** Integration by Vegas (iteration       3) ************
#                                                               *
#  integral  = 0.55470403E-06   accum. integral = 0.38136042E-06*
#  std. dev. = 0.37598565E-07   accum. std. dev = 0.15935002E-07*
#   min/max. wt. =    0.00000            0.315067E-07           *
#                                                               *
#*************   chi**2/iteration =  22.27       ****************


#********** Integration by Vegas (iteration       4) ************
#                                                               *
#  integral  = 0.58402168E-06   accum. integral = 0.55950590E-06*
#  std. dev. = 0.73616866E-08   accum. std. dev = 0.59116336E-08*
#   min/max. wt. =    0.00000            0.540590E-08           *
#                                                               *
#*************   chi**2/iteration =  54.70       ****************


#********** Integration by Vegas (iteration       5) ************
#                                                               *
#  integral  = 0.58195247E-06   accum. integral = 0.58122252E-06*
#  std. dev. = 0.12609208E-08   accum. std. dev = 0.11030946E-08*
#   min/max. wt. =    0.00000            0.306455E-09           *
#                                                               *
#*************   chi**2/iteration =  41.57       ****************


#********** Integration by Vegas (iteration       6) ************
#                                                               *
#  integral  = 0.58119914E-06   accum. integral = 0.58120245E-06*
#  std. dev. = 0.50280138E-09   accum. std. dev = 0.42382113E-09*
#   min/max. wt. =    0.00000            0.998160E-10           *
#                                                               *
#*************   chi**2/iteration =  31.87       ****************


#********** Integration by Vegas (iteration       7) ************
#                                                               *
#  integral  = 0.58148210E-06   accum. integral = 0.58137274E-06*
#  std. dev. = 0.37353060E-09   accum. std. dev = 0.26897464E-09*
#   min/max. wt. =    0.00000            0.174617E-10           *
#                                                               *
#*************   chi**2/iteration =  25.83       ****************


#********** Integration by Vegas (iteration       8) ************
#                                                               *
#  integral  = 0.58102655E-06   accum. integral = 0.58123007E-06*
#  std. dev. = 0.34787696E-09   accum. std. dev = 0.20844802E-09*
#   min/max. wt. =    0.00000            0.322662E-10           *
#                                                               *
#*************   chi**2/iteration =  21.77       ****************


#********** Integration by Vegas (iteration       9) ************
#                                                               *
#  integral  = 0.58187744E-06   accum. integral = 0.58142921E-06*
#  std. dev. = 0.33553490E-09   accum. std. dev = 0.17490010E-09*
#   min/max. wt. =    0.00000            0.125673E-10           *
#                                                               *
#*************   chi**2/iteration =  19.10       ****************


#********** Integration by Vegas (iteration      10) ************
#                                                               *
#  integral  = 0.58152911E-06   accum. integral = 0.58145321E-06*
#  std. dev. = 0.33070297E-09   accum. std. dev = 0.15343927E-09*
#   min/max. wt. =    0.00000            0.160919E-10           *
#                                                               *
#*************   chi**2/iteration =  16.77       ****************


#********** Integration by Vegas (iteration      11) ************
#                                                               *
#  integral  = 0.58121550E-06   accum. integral = 0.58140712E-06*
#  std. dev. = 0.33034223E-09   accum. std. dev = 0.13847999E-09*
#   min/max. wt. =    0.00000            0.113347E-10           *
#                                                               *
#*************   chi**2/iteration =  14.98       ****************


#********** Integration by Vegas (iteration      12) ************
#                                                               *
#  integral  = 0.58190407E-06   accum. integral = 0.58148649E-06*
#  std. dev. = 0.33404155E-09   accum. std. dev = 0.12749955E-09*
#   min/max. wt. =    0.00000            0.173586E-10           *
#                                                               *
#*************   chi**2/iteration =  13.69       ****************


#********** Integration by Vegas (iteration      13) ************
#                                                               *
#  integral  = 0.58167486E-06   accum. integral = 0.58151226E-06*
#  std. dev. = 0.33527538E-09   accum. std. dev = 0.11889509E-09*
#   min/max. wt. =    0.00000            0.152191E-10           *
#                                                               *
#*************   chi**2/iteration =  12.48       ****************


#********** Integration by Vegas (iteration      14) ************
#                                                               *
#  integral  = 0.58206332E-06   accum. integral = 0.58157844E-06*
#  std. dev. = 0.33582074E-09   accum. std. dev = 0.11188069E-09*
#   min/max. wt. =    0.00000            0.172108E-10           *
#                                                               *
#*************   chi**2/iteration =  11.64       ****************


#********** Integration by Vegas (iteration      15) ************
#                                                               *
#  integral  = 0.58199119E-06   accum. integral = 0.58162233E-06*
#  std. dev. = 0.33735823E-09   accum. std. dev = 0.10605344E-09*
#   min/max. wt. =    0.00000            0.189253E-10           *
#                                                               *
#*************   chi**2/iteration =  10.86       ****************

 ****************************************************
 * Writing out vegas grid to ./data/output.grid                                                      
 ****************************************************

  Input parameters for vegas:  ndim=  9   ncall= 80707214.
                              it=    0    itmx=    2
                              acc=-1.00    
                              mds=  1     nd=  50
                              (xl,xu)= (  0.00000     ,  1.00000     )
                                       (  0.00000     ,  1.00000     )
                                       (  0.00000     ,  1.00000     )
                                       (  0.00000     ,  1.00000     )
                                       (  0.00000     ,  1.00000     )
                                       (  0.00000     ,  1.00000     )
                                       (  0.00000     ,  1.00000     )
                                       (  0.00000     ,  1.00000     )
                                       (  0.00000     ,  1.00000     )

#********** Integration by Vegas (iteration       1) ************
#                                                               *
#  integral  = 0.58159967E-06   accum. integral = 0.58159967E-06*
#  std. dev. = 0.34050047E-09   accum. std. dev = 0.34050047E-09*
#   min/max. wt. =    0.00000            0.303305E-10           *
#                                                               *
#*************   chi**2/iteration =  0.000       ****************


#********** Integration by Vegas (iteration       2) ************
#                                                               *
#  integral  = 0.58131391E-06   accum. integral = 0.58145829E-06*
#  std. dev. = 0.34393421E-09   accum. std. dev = 0.24197447E-09*
#   min/max. wt. =    0.00000            0.166138E-10           *
#                                                               *
#*************   chi**2/iteration = 0.3483       ****************

 Done
