SLURM job running in:  /work-zfs/lhc/heshy/JHUGen/xsecs/JHUGen/JHUGenerator
LHAPDF 6.1.5 loading /work-zfs/lhc/cms/slc6_amd64_gcc493/external/lhapdf/6.1.5-kpegke3/share/LHAPDF/NNPDF30_lo_as_0130/NNPDF30_lo_as_0130_0000.dat
NNPDF30_lo_as_0130 PDF set, member #0, version 2; LHAPDF ID = 263000
 extending no. of histograms for vbf tests
 
                                                                                          
   ***************************************************************************************
   *                                JHU Generator v6.9.9                                 *
   ***************************************************************************************
   *                                                                                     *
   *   Spin and parity determination of single-produced resonances at hadron colliders   *
   *                                                                                     *
   *          I. Anderson, S. Bolognesi, F. Caola, Y. Gao, A. Gritsan, Z. Guo,           *
   *        C. Martin, K. Melnikov, R.Rontsch, H. Roskes, U. Sarica, M. Schulze,         *
   *                   N. Tran, A. Whitbeck, M. Xiao, C. You, Y. Zhou                    *
   *                Phys.Rev. D81 (2010) 075022;  arXiv:1001.3396 [hep-ph],              *
   *                Phys.Rev. D86 (2012) 095031;  arXiv:1208.4018 [hep-ph],              *
   *                Phys.Rev. D89 (2014) 035007;  arXiv:1309.4819 [hep-ph].              *
   *                                                                                     *
   ***************************************************************************************
                                                                                          
   
   Command line: ./JHUGen Unweighted=0 VegasNc0=99999999 VegasNc1=99999999 VegasNc2=99999999 LHAPDF=NNPDF30_lo_as_0130/NNPDF30_lo_as_0130.info MReso=296 ghz1=0,0 ghz1_prime2=1,0 Process=60 pTjetcut=0 deltaRcut=0 pTjetcut=25 etajetcut=4.7 pTlepcut=5 etalepcut=2.5
   
   Input Parameter:
    Collider: P-P, sqrt(s)=13000.00
    Resonance: spin=0, mass= 296.00 width=   0.00407
    Z-boson: mass=91.188, width=2.4952
    W-boson: mass=80.399, width=2.0850
    Jet cuts:
            pT >=    25.00 GeV
         |eta| <=     4.70
        DeltaR >=     0.00
           mJJ >=     0.00 GeV
           m4l_min/max      -1.00     -1.00 GeV
    Random seed:   889157300
    To reproduce results using this seed, JHUGen should be compiled with the same compiler:
      GNU Fortran (GCC) 4.8.2
    
    WidthScheme:   2
    LHAPDF set NNPDF30_lo_as_0130/NNPDF30_lo_as_0130.info, member=  0
    Unweighted: F
    Intermediate off-shell photons: F
    
    spin-0-VV couplings: 
      generate_as=F
      ghg2=  0.10000000E+01  0.00000000E+00i
      ghg3=  0.00000000E+00  0.00000000E+00i
      ghg4=  0.00000000E+00  0.00000000E+00i
      ghz1=  0.00000000E+00  0.00000000E+00i
      ghz2=  0.00000000E+00  0.00000000E+00i
      ghz3=  0.00000000E+00  0.00000000E+00i
      ghz4=  0.00000000E+00  0.00000000E+00i
      ghz1_prime2=  0.10000000E+01  0.00000000E+00i,    Lambda_z1=  1.0000E+04
      Lambda=  1000.0
    
    LHE output: ./data/output.lhe
    Histogram output: ./data/output.dat
    Log file: ./data/output.log
    
  Running

  Input parameters for vegas:  ndim=  9   ncall= 80707214.
                              it=    0    itmx=   15
                              acc=-1.00    
                              mds=  1     nd=  50
                              (xl,xu)= (  0.00000     ,  1.00000     )
                                       (  0.00000     ,  1.00000     )
                                       (  0.00000     ,  1.00000     )
                                       (  0.00000     ,  1.00000     )
                                       (  0.00000     ,  1.00000     )
                                       (  0.00000     ,  1.00000     )
                                       (  0.00000     ,  1.00000     )
                                       (  0.00000     ,  1.00000     )
                                       (  0.00000     ,  1.00000     )

#********** Integration by Vegas (iteration       1) ************
#                                                               *
#  integral  = 0.65912820E-04   accum. integral = 0.65912820E-04*
#  std. dev. = 0.30833183E-05   accum. std. dev = 0.30833183E-05*
#   min/max. wt. =    0.00000            0.182643E-05           *
#                                                               *
#*************   chi**2/iteration =  0.000       ****************


#********** Integration by Vegas (iteration       2) ************
#                                                               *
#  integral  = 0.10046225E-03   accum. integral = 0.76536481E-04*
#  std. dev. = 0.70525677E-05   accum. std. dev = 0.33074016E-05*
#   min/max. wt. =    0.00000            0.602957E-05           *
#                                                               *
#*************   chi**2/iteration =  23.21       ****************


#********** Integration by Vegas (iteration       3) ************
#                                                               *
#  integral  = 0.10401730E-03   accum. integral = 0.10257025E-03*
#  std. dev. = 0.95464197E-06   accum. std. dev = 0.81962805E-06*
#   min/max. wt. =    0.00000            0.330488E-06           *
#                                                               *
#*************   chi**2/iteration =  37.98       ****************


#********** Integration by Vegas (iteration       4) ************
#                                                               *
#  integral  = 0.10561697E-03   accum. integral = 0.10547623E-03*
#  std. dev. = 0.20762974E-06   accum. std. dev = 0.18317922E-06*
#   min/max. wt. =    0.00000            0.976317E-07           *
#                                                               *
#*************   chi**2/iteration =  27.48       ****************


#********** Integration by Vegas (iteration       5) ************
#                                                               *
#  integral  = 0.10550323E-03   accum. integral = 0.10549884E-03*
#  std. dev. = 0.89285543E-07   accum. std. dev = 0.75512075E-07*
#   min/max. wt. =    0.00000            0.137027E-07           *
#                                                               *
#*************   chi**2/iteration =  19.74       ****************


#********** Integration by Vegas (iteration       6) ************
#                                                               *
#  integral  = 0.10555408E-03   accum. integral = 0.10553307E-03*
#  std. dev. = 0.64030496E-07   accum. std. dev = 0.47227578E-07*
#   min/max. wt. =    0.00000            0.333309E-08           *
#                                                               *
#*************   chi**2/iteration =  15.42       ****************


#********** Integration by Vegas (iteration       7) ************
#                                                               *
#  integral  = 0.10543482E-03   accum. integral = 0.10549155E-03*
#  std. dev. = 0.58851530E-07   accum. std. dev = 0.36234775E-07*
#   min/max. wt. =    0.00000            0.634639E-08           *
#                                                               *
#*************   chi**2/iteration =  12.90       ****************


#********** Integration by Vegas (iteration       8) ************
#                                                               *
#  integral  = 0.10547364E-03   accum. integral = 0.10548594E-03*
#  std. dev. = 0.56637598E-07   accum. std. dev = 0.30238973E-07*
#   min/max. wt. =    0.00000            0.250645E-08           *
#                                                               *
#*************   chi**2/iteration =  10.91       ****************


#********** Integration by Vegas (iteration       9) ************
#                                                               *
#  integral  = 0.10549755E-03   accum. integral = 0.10548874E-03*
#  std. dev. = 0.56266064E-07   accum. std. dev = 0.26488075E-07*
#   min/max. wt. =    0.00000            0.323676E-08           *
#                                                               *
#*************   chi**2/iteration =  9.447       ****************


#********** Integration by Vegas (iteration      10) ************
#                                                               *
#  integral  = 0.10556320E-03   accum. integral = 0.10550307E-03*
#  std. dev. = 0.56620197E-07   accum. std. dev = 0.23908233E-07*
#   min/max. wt. =    0.00000            0.637353E-08           *
#                                                               *
#*************   chi**2/iteration =  8.491       ****************


#********** Integration by Vegas (iteration      11) ************
#                                                               *
#  integral  = 0.10547345E-03   accum. integral = 0.10549829E-03*
#  std. dev. = 0.56590828E-07   accum. std. dev = 0.21972007E-07*
#   min/max. wt. =    0.00000            0.320757E-08           *
#                                                               *
#*************   chi**2/iteration =  7.613       ****************


#********** Integration by Vegas (iteration      12) ************
#                                                               *
#  integral  = 0.10547657E-03   accum. integral = 0.10549524E-03*
#  std. dev. = 0.56211822E-07   accum. std. dev = 0.20429053E-07*
#   min/max. wt. =    0.00000            0.231495E-08           *
#                                                               *
#*************   chi**2/iteration =  6.893       ****************


#********** Integration by Vegas (iteration      13) ************
#                                                               *
#  integral  = 0.10550499E-03   accum. integral = 0.10549643E-03*
#  std. dev. = 0.56438377E-07   accum. std. dev = 0.19185292E-07*
#   min/max. wt. =    0.00000            0.173655E-08           *
#                                                               *
#*************   chi**2/iteration =  6.289       ****************


#********** Integration by Vegas (iteration      14) ************
#                                                               *
#  integral  = 0.10551209E-03   accum. integral = 0.10549812E-03*
#  std. dev. = 0.56874927E-07   accum. std. dev = 0.18162315E-07*
#   min/max. wt. =    0.00000            0.280852E-08           *
#                                                               *
#*************   chi**2/iteration =  5.786       ****************


#********** Integration by Vegas (iteration      15) ************
#                                                               *
#  integral  = 0.10552484E-03   accum. integral = 0.10550067E-03*
#  std. dev. = 0.57481676E-07   accum. std. dev = 0.17306874E-07*
#   min/max. wt. =    0.00000            0.269129E-08           *
#                                                               *
#*************   chi**2/iteration =  5.368       ****************

 ****************************************************
 * Writing out vegas grid to ./data/output.grid                                                      
 ****************************************************

  Input parameters for vegas:  ndim=  9   ncall= 80707214.
                              it=    0    itmx=    2
                              acc=-1.00    
                              mds=  1     nd=  50
                              (xl,xu)= (  0.00000     ,  1.00000     )
                                       (  0.00000     ,  1.00000     )
                                       (  0.00000     ,  1.00000     )
                                       (  0.00000     ,  1.00000     )
                                       (  0.00000     ,  1.00000     )
                                       (  0.00000     ,  1.00000     )
                                       (  0.00000     ,  1.00000     )
                                       (  0.00000     ,  1.00000     )
                                       (  0.00000     ,  1.00000     )

#********** Integration by Vegas (iteration       1) ************
#                                                               *
#  integral  = 0.10547640E-03   accum. integral = 0.10547640E-03*
#  std. dev. = 0.57615145E-07   accum. std. dev = 0.57615145E-07*
#   min/max. wt. =    0.00000            0.206965E-08           *
#                                                               *
#*************   chi**2/iteration = 0.9968E-06   ****************


#********** Integration by Vegas (iteration       2) ************
#                                                               *
#  integral  = 0.10542997E-03   accum. integral = 0.10545355E-03*
#  std. dev. = 0.58496858E-07   accum. std. dev = 0.41048104E-07*
#   min/max. wt. =    0.00000            0.236839E-08           *
#                                                               *
#*************   chi**2/iteration = 0.3195       ****************

 Done
