SLURM job running in:  /work-zfs/lhc/heshy/JHUGen/xsecs/JHUGen/JHUGenerator
LHAPDF 6.1.5 loading /work-zfs/lhc/cms/slc6_amd64_gcc493/external/lhapdf/6.1.5-kpegke3/share/LHAPDF/NNPDF30_lo_as_0130/NNPDF30_lo_as_0130_0000.dat
NNPDF30_lo_as_0130 PDF set, member #0, version 2; LHAPDF ID = 263000
 extending no. of histograms for vbf tests
 
                                                                                          
   ***************************************************************************************
   *                                JHU Generator v6.9.9                                 *
   ***************************************************************************************
   *                                                                                     *
   *   Spin and parity determination of single-produced resonances at hadron colliders   *
   *                                                                                     *
   *          I. Anderson, S. Bolognesi, F. Caola, Y. Gao, A. Gritsan, Z. Guo,           *
   *        C. Martin, K. Melnikov, R.Rontsch, H. Roskes, U. Sarica, M. Schulze,         *
   *                   N. Tran, A. Whitbeck, M. Xiao, C. You, Y. Zhou                    *
   *                Phys.Rev. D81 (2010) 075022;  arXiv:1001.3396 [hep-ph],              *
   *                Phys.Rev. D86 (2012) 095031;  arXiv:1208.4018 [hep-ph],              *
   *                Phys.Rev. D89 (2014) 035007;  arXiv:1309.4819 [hep-ph].              *
   *                                                                                     *
   ***************************************************************************************
                                                                                          
   
   Command line: ./JHUGen Unweighted=0 VegasNc0=99999999 VegasNc1=99999999 VegasNc2=99999999 LHAPDF=NNPDF30_lo_as_0130/NNPDF30_lo_as_0130.info MReso=3000 ghz1=0,0 ghz1_prime2=1,0 Process=60 pTjetcut=0 deltaRcut=0 pTjetcut=25 etajetcut=4.7 pTlepcut=5 etalepcut=2.5
   
   Input Parameter:
    Collider: P-P, sqrt(s)=13000.00
    Resonance: spin=0, mass=3000.00 width=   0.00407
    Z-boson: mass=91.188, width=2.4952
    W-boson: mass=80.399, width=2.0850
    Jet cuts:
            pT >=    25.00 GeV
         |eta| <=     4.70
        DeltaR >=     0.00
           mJJ >=     0.00 GeV
           m4l_min/max      -1.00     -1.00 GeV
    Random seed:   161484506
    To reproduce results using this seed, JHUGen should be compiled with the same compiler:
      GNU Fortran (GCC) 4.8.2
    
    WidthScheme:   2
    LHAPDF set NNPDF30_lo_as_0130/NNPDF30_lo_as_0130.info, member=  0
    Unweighted: F
    Intermediate off-shell photons: F
    
    spin-0-VV couplings: 
      generate_as=F
      ghg2=  0.10000000E+01  0.00000000E+00i
      ghg3=  0.00000000E+00  0.00000000E+00i
      ghg4=  0.00000000E+00  0.00000000E+00i
      ghz1=  0.00000000E+00  0.00000000E+00i
      ghz2=  0.00000000E+00  0.00000000E+00i
      ghz3=  0.00000000E+00  0.00000000E+00i
      ghz4=  0.00000000E+00  0.00000000E+00i
      ghz1_prime2=  0.10000000E+01  0.00000000E+00i,    Lambda_z1=  1.0000E+04
      Lambda=  1000.0
    
    LHE output: ./data/output.lhe
    Histogram output: ./data/output.dat
    Log file: ./data/output.log
    
  Running

  Input parameters for vegas:  ndim=  9   ncall= 80707214.
                              it=    0    itmx=   15
                              acc=-1.00    
                              mds=  1     nd=  50
                              (xl,xu)= (  0.00000     ,  1.00000     )
                                       (  0.00000     ,  1.00000     )
                                       (  0.00000     ,  1.00000     )
                                       (  0.00000     ,  1.00000     )
                                       (  0.00000     ,  1.00000     )
                                       (  0.00000     ,  1.00000     )
                                       (  0.00000     ,  1.00000     )
                                       (  0.00000     ,  1.00000     )
                                       (  0.00000     ,  1.00000     )

#********** Integration by Vegas (iteration       1) ************
#                                                               *
#  integral  = 0.26785488E-06   accum. integral = 0.26785488E-06*
#  std. dev. = 0.84781812E-07   accum. std. dev = 0.84781812E-07*
#   min/max. wt. =    0.00000            0.797411E-07           *
#                                                               *
#*************   chi**2/iteration =  0.000       ****************


#********** Integration by Vegas (iteration       2) ************
#                                                               *
#  integral  = 0.97904000E-05   accum. integral = 0.11758972E-05*
#  std. dev. = 0.95447735E-05   accum. std. dev = 0.20849212E-05*
#   min/max. wt. =    0.00000            0.954475E-05           *
#                                                               *
#*************   chi**2/iteration =  1.798       ****************


#********** Integration by Vegas (iteration       3) ************
#                                                               *
#  integral  = 0.26605265E-06   accum. integral = 0.38252400E-06*
#  std. dev. = 0.30688813E-07   accum. std. dev = 0.60929852E-06*
#   min/max. wt. =    0.00000            0.284991E-07           *
#                                                               *
#*************   chi**2/iteration =  1.472       ****************


#********** Integration by Vegas (iteration       4) ************
#                                                               *
#  integral  = 0.31366774E-06   accum. integral = 0.31585292E-06*
#  std. dev. = 0.61166356E-08   accum. std. dev = 0.94049247E-07*
#   min/max. wt. =    0.00000            0.345643E-08           *
#                                                               *
#*************   chi**2/iteration =  1.313       ****************


#********** Integration by Vegas (iteration       5) ************
#                                                               *
#  integral  = 0.32254184E-06   accum. integral = 0.32238595E-06*
#  std. dev. = 0.95602896E-09   accum. std. dev = 0.12848723E-07*
#   min/max. wt. =    0.00000            0.194551E-09           *
#                                                               *
#*************   chi**2/iteration =  1.231       ****************


#********** Integration by Vegas (iteration       6) ************
#                                                               *
#  integral  = 0.32220883E-06   accum. integral = 0.32222371E-06*
#  std. dev. = 0.28585040E-09   accum. std. dev = 0.34016092E-08*
#   min/max. wt. =    0.00000            0.174564E-10           *
#                                                               *
#*************   chi**2/iteration =  1.181       ****************


#********** Integration by Vegas (iteration       7) ************
#                                                               *
#  integral  = 0.32208769E-06   accum. integral = 0.32213806E-06*
#  std. dev. = 0.20970056E-09   accum. std. dev = 0.19173565E-08*
#   min/max. wt. =    0.00000            0.108411E-10           *
#                                                               *
#*************   chi**2/iteration =  1.147       ****************


#********** Integration by Vegas (iteration       8) ************
#                                                               *
#  integral  = 0.32192527E-06   accum. integral = 0.32204732E-06*
#  std. dev. = 0.19290309E-09   accum. std. dev = 0.13590589E-08*
#   min/max. wt. =    0.00000            0.808925E-11           *
#                                                               *
#*************   chi**2/iteration =  1.123       ****************


#********** Integration by Vegas (iteration       9) ************
#                                                               *
#  integral  = 0.32193113E-06   accum. integral = 0.32201195E-06*
#  std. dev. = 0.19041180E-09   accum. std. dev = 0.10692182E-08*
#   min/max. wt. =    0.00000            0.213797E-10           *
#                                                               *
#*************   chi**2/iteration =  1.105       ****************


#********** Integration by Vegas (iteration      10) ************
#                                                               *
#  integral  = 0.32207767E-06   accum. integral = 0.32202820E-06*
#  std. dev. = 0.18342287E-09   accum. std. dev = 0.88056531E-09*
#   min/max. wt. =    0.00000            0.543393E-11           *
#                                                               *
#*************   chi**2/iteration =  1.090       ****************


#********** Integration by Vegas (iteration      11) ************
#                                                               *
#  integral  = 0.32172476E-06   accum. integral = 0.32196958E-06*
#  std. dev. = 0.18618095E-09   accum. std. dev = 0.75455622E-09*
#   min/max. wt. =    0.00000            0.148339E-10           *
#                                                               *
#*************   chi**2/iteration =  1.081       ****************


#********** Integration by Vegas (iteration      12) ************
#                                                               *
#  integral  = 0.32204047E-06   accum. integral = 0.32198091E-06*
#  std. dev. = 0.18781643E-09   accum. std. dev = 0.66255681E-09*
#   min/max. wt. =    0.00000            0.195982E-10           *
#                                                               *
#*************   chi**2/iteration =  1.071       ****************


#********** Integration by Vegas (iteration      13) ************
#                                                               *
#  integral  = 0.32206561E-06   accum. integral = 0.32199304E-06*
#  std. dev. = 0.18367372E-09   accum. std. dev = 0.58954756E-09*
#   min/max. wt. =    0.00000            0.857613E-11           *
#                                                               *
#*************   chi**2/iteration =  1.063       ****************


#********** Integration by Vegas (iteration      14) ************
#                                                               *
#  integral  = 0.32184331E-06   accum. integral = 0.32197462E-06*
#  std. dev. = 0.18540811E-09   accum. std. dev = 0.53228550E-09*
#   min/max. wt. =    0.00000            0.803103E-11           *
#                                                               *
#*************   chi**2/iteration =  1.056       ****************


#********** Integration by Vegas (iteration      15) ************
#                                                               *
#  integral  = 0.32183295E-06   accum. integral = 0.32195947E-06*
#  std. dev. = 0.18794363E-09   accum. std. dev = 0.48622158E-09*
#   min/max. wt. =    0.00000            0.110861E-10           *
#                                                               *
#*************   chi**2/iteration =  1.050       ****************

 ****************************************************
 * Writing out vegas grid to ./data/output.grid                                                      
 ****************************************************

  Input parameters for vegas:  ndim=  9   ncall= 80707214.
                              it=    0    itmx=    2
                              acc=-1.00    
                              mds=  1     nd=  50
                              (xl,xu)= (  0.00000     ,  1.00000     )
                                       (  0.00000     ,  1.00000     )
                                       (  0.00000     ,  1.00000     )
                                       (  0.00000     ,  1.00000     )
                                       (  0.00000     ,  1.00000     )
                                       (  0.00000     ,  1.00000     )
                                       (  0.00000     ,  1.00000     )
                                       (  0.00000     ,  1.00000     )
                                       (  0.00000     ,  1.00000     )

#********** Integration by Vegas (iteration       1) ************
#                                                               *
#  integral  = 0.32211538E-06   accum. integral = 0.32211538E-06*
#  std. dev. = 0.19073067E-09   accum. std. dev = 0.19073067E-09*
#   min/max. wt. =    0.00000            0.201365E-10           *
#                                                               *
#*************   chi**2/iteration =  0.000       ****************


#********** Integration by Vegas (iteration       2) ************
#                                                               *
#  integral  = 0.32213974E-06   accum. integral = 0.32212766E-06*
#  std. dev. = 0.18921237E-09   accum. std. dev = 0.13432689E-09*
#   min/max. wt. =    0.00000            0.945125E-11           *
#                                                               *
#*************   chi**2/iteration = 0.8213E-02   ****************

 Done
