SLURM job running in:  /work-zfs/lhc/heshy/JHUGen/xsecs/JHUGen/JHUGenerator
LHAPDF 6.1.5 loading /work-zfs/lhc/cms/slc6_amd64_gcc493/external/lhapdf/6.1.5-kpegke3/share/LHAPDF/NNPDF30_lo_as_0130/NNPDF30_lo_as_0130_0000.dat
NNPDF30_lo_as_0130 PDF set, member #0, version 2; LHAPDF ID = 263000
 extending no. of histograms for vbf tests
 
                                                                                          
   ***************************************************************************************
   *                                JHU Generator v6.9.9                                 *
   ***************************************************************************************
   *                                                                                     *
   *   Spin and parity determination of single-produced resonances at hadron colliders   *
   *                                                                                     *
   *          I. Anderson, S. Bolognesi, F. Caola, Y. Gao, A. Gritsan, Z. Guo,           *
   *        C. Martin, K. Melnikov, R.Rontsch, H. Roskes, U. Sarica, M. Schulze,         *
   *                   N. Tran, A. Whitbeck, M. Xiao, C. You, Y. Zhou                    *
   *                Phys.Rev. D81 (2010) 075022;  arXiv:1001.3396 [hep-ph],              *
   *                Phys.Rev. D86 (2012) 095031;  arXiv:1208.4018 [hep-ph],              *
   *                Phys.Rev. D89 (2014) 035007;  arXiv:1309.4819 [hep-ph].              *
   *                                                                                     *
   ***************************************************************************************
                                                                                          
   
   Command line: ./JHUGen Unweighted=0 VegasNc0=99999999 VegasNc1=99999999 VegasNc2=99999999 LHAPDF=NNPDF30_lo_as_0130/NNPDF30_lo_as_0130.info MReso=302 ghz1=0,0 ghz1_prime2=1,0 Process=60 pTjetcut=0 deltaRcut=0 pTjetcut=25 etajetcut=4.7 pTlepcut=5 etalepcut=2.5
   
   Input Parameter:
    Collider: P-P, sqrt(s)=13000.00
    Resonance: spin=0, mass= 302.00 width=   0.00407
    Z-boson: mass=91.188, width=2.4952
    W-boson: mass=80.399, width=2.0850
    Jet cuts:
            pT >=    25.00 GeV
         |eta| <=     4.70
        DeltaR >=     0.00
           mJJ >=     0.00 GeV
           m4l_min/max      -1.00     -1.00 GeV
    Random seed:   595659651
    To reproduce results using this seed, JHUGen should be compiled with the same compiler:
      GNU Fortran (GCC) 4.8.2
    
    WidthScheme:   2
    LHAPDF set NNPDF30_lo_as_0130/NNPDF30_lo_as_0130.info, member=  0
    Unweighted: F
    Intermediate off-shell photons: F
    
    spin-0-VV couplings: 
      generate_as=F
      ghg2=  0.10000000E+01  0.00000000E+00i
      ghg3=  0.00000000E+00  0.00000000E+00i
      ghg4=  0.00000000E+00  0.00000000E+00i
      ghz1=  0.00000000E+00  0.00000000E+00i
      ghz2=  0.00000000E+00  0.00000000E+00i
      ghz3=  0.00000000E+00  0.00000000E+00i
      ghz4=  0.00000000E+00  0.00000000E+00i
      ghz1_prime2=  0.10000000E+01  0.00000000E+00i,    Lambda_z1=  1.0000E+04
      Lambda=  1000.0
    
    LHE output: ./data/output.lhe
    Histogram output: ./data/output.dat
    Log file: ./data/output.log
    
  Running

  Input parameters for vegas:  ndim=  9   ncall= 80707214.
                              it=    0    itmx=   15
                              acc=-1.00    
                              mds=  1     nd=  50
                              (xl,xu)= (  0.00000     ,  1.00000     )
                                       (  0.00000     ,  1.00000     )
                                       (  0.00000     ,  1.00000     )
                                       (  0.00000     ,  1.00000     )
                                       (  0.00000     ,  1.00000     )
                                       (  0.00000     ,  1.00000     )
                                       (  0.00000     ,  1.00000     )
                                       (  0.00000     ,  1.00000     )
                                       (  0.00000     ,  1.00000     )

#********** Integration by Vegas (iteration       1) ************
#                                                               *
#  integral  = 0.91367497E-04   accum. integral = 0.91367497E-04*
#  std. dev. = 0.20305866E-04   accum. std. dev = 0.20305866E-04*
#   min/max. wt. =    0.00000            0.195902E-04           *
#                                                               *
#*************   chi**2/iteration =  0.000       ****************


#********** Integration by Vegas (iteration       2) ************
#                                                               *
#  integral  = 0.10401977E-03   accum. integral = 0.10155934E-03*
#  std. dev. = 0.11358597E-04   accum. std. dev = 0.95945768E-05*
#   min/max. wt. =    0.00000            0.869357E-05           *
#                                                               *
#*************   chi**2/iteration = 0.2721       ****************


#********** Integration by Vegas (iteration       3) ************
#                                                               *
#  integral  = 0.10414148E-03   accum. integral = 0.10404153E-03*
#  std. dev. = 0.20480651E-05   accum. std. dev = 0.19286175E-05*
#   min/max. wt. =    0.00000            0.167581E-05           *
#                                                               *
#*************   chi**2/iteration = 0.1637       ****************


#********** Integration by Vegas (iteration       4) ************
#                                                               *
#  integral  = 0.10404551E-03   accum. integral = 0.10404541E-03*
#  std. dev. = 0.30793090E-06   accum. std. dev = 0.29558421E-06*
#   min/max. wt. =    0.00000            0.603271E-07           *
#                                                               *
#*************   chi**2/iteration = 0.1070       ****************


#********** Integration by Vegas (iteration       5) ************
#                                                               *
#  integral  = 0.10379810E-03   accum. integral = 0.10381881E-03*
#  std. dev. = 0.91787982E-07   accum. std. dev = 0.86001014E-07*
#   min/max. wt. =    0.00000            0.752523E-08           *
#                                                               *
#*************   chi**2/iteration = 0.2379       ****************


#********** Integration by Vegas (iteration       6) ************
#                                                               *
#  integral  = 0.10372053E-03   accum. integral = 0.10375570E-03*
#  std. dev. = 0.65543990E-07   accum. std. dev = 0.51628856E-07*
#   min/max. wt. =    0.00000            0.221055E-08           *
#                                                               *
#*************   chi**2/iteration = 0.3555       ****************


#********** Integration by Vegas (iteration       7) ************
#                                                               *
#  integral  = 0.10356693E-03   accum. integral = 0.10367181E-03*
#  std. dev. = 0.58635878E-07   accum. std. dev = 0.38569707E-07*
#   min/max. wt. =    0.00000            0.250923E-08           *
#                                                               *
#*************   chi**2/iteration =  1.281       ****************


#********** Integration by Vegas (iteration       8) ************
#                                                               *
#  integral  = 0.10372675E-03   accum. integral = 0.10368968E-03*
#  std. dev. = 0.56393022E-07   accum. std. dev = 0.31743027E-07*
#   min/max. wt. =    0.00000            0.275309E-08           *
#                                                               *
#*************   chi**2/iteration =  1.187       ****************


#********** Integration by Vegas (iteration       9) ************
#                                                               *
#  integral  = 0.10379941E-03   accum. integral = 0.10371716E-03*
#  std. dev. = 0.55669551E-07   accum. std. dev = 0.27523887E-07*
#   min/max. wt. =    0.00000            0.172809E-08           *
#                                                               *
#*************   chi**2/iteration =  1.409       ****************


#********** Integration by Vegas (iteration      10) ************
#                                                               *
#  integral  = 0.10375355E-03   accum. integral = 0.10372453E-03*
#  std. dev. = 0.55269379E-07   accum. std. dev = 0.24609012E-07*
#   min/max. wt. =    0.00000            0.205394E-08           *
#                                                               *
#*************   chi**2/iteration =  1.289       ****************


#********** Integration by Vegas (iteration      11) ************
#                                                               *
#  integral  = 0.10371331E-03   accum. integral = 0.10372265E-03*
#  std. dev. = 0.55413989E-07   accum. std. dev = 0.22473891E-07*
#   min/max. wt. =    0.00000            0.189264E-08           *
#                                                               *
#*************   chi**2/iteration =  1.161       ****************


#********** Integration by Vegas (iteration      12) ************
#                                                               *
#  integral  = 0.10373071E-03   accum. integral = 0.10372379E-03*
#  std. dev. = 0.55888245E-07   accum. std. dev = 0.20840144E-07*
#   min/max. wt. =    0.00000            0.213388E-08           *
#                                                               *
#*************   chi**2/iteration =  1.055       ****************


#********** Integration by Vegas (iteration      13) ************
#                                                               *
#  integral  = 0.10370043E-03   accum. integral = 0.10372093E-03*
#  std. dev. = 0.56234000E-07   accum. std. dev = 0.19534192E-07*
#   min/max. wt. =    0.00000            0.216680E-08           *
#                                                               *
#*************   chi**2/iteration = 0.9791       ****************


#********** Integration by Vegas (iteration      14) ************
#                                                               *
#  integral  = 0.10364435E-03   accum. integral = 0.10371278E-03*
#  std. dev. = 0.57027601E-07   accum. std. dev = 0.18475629E-07*
#   min/max. wt. =    0.00000            0.208210E-08           *
#                                                               *
#*************   chi**2/iteration =  1.028       ****************


#********** Integration by Vegas (iteration      15) ************
#                                                               *
#  integral  = 0.10370928E-03   accum. integral = 0.10371246E-03*
#  std. dev. = 0.58113230E-07   accum. std. dev = 0.17603979E-07*
#   min/max. wt. =    0.00000            0.491038E-08           *
#                                                               *
#*************   chi**2/iteration = 0.9543       ****************

 ****************************************************
 * Writing out vegas grid to ./data/output.grid                                                      
 ****************************************************

  Input parameters for vegas:  ndim=  9   ncall= 80707214.
                              it=    0    itmx=    2
                              acc=-1.00    
                              mds=  1     nd=  50
                              (xl,xu)= (  0.00000     ,  1.00000     )
                                       (  0.00000     ,  1.00000     )
                                       (  0.00000     ,  1.00000     )
                                       (  0.00000     ,  1.00000     )
                                       (  0.00000     ,  1.00000     )
                                       (  0.00000     ,  1.00000     )
                                       (  0.00000     ,  1.00000     )
                                       (  0.00000     ,  1.00000     )
                                       (  0.00000     ,  1.00000     )

#********** Integration by Vegas (iteration       1) ************
#                                                               *
#  integral  = 0.10381207E-03   accum. integral = 0.10381207E-03*
#  std. dev. = 0.58695358E-07   accum. std. dev = 0.58695358E-07*
#   min/max. wt. =    0.00000            0.332042E-08           *
#                                                               *
#*************   chi**2/iteration =  0.000       ****************


#********** Integration by Vegas (iteration       2) ************
#                                                               *
#  integral  = 0.10370436E-03   accum. integral = 0.10375865E-03*
#  std. dev. = 0.59108310E-07   accum. std. dev = 0.41648967E-07*
#   min/max. wt. =    0.00000            0.237247E-08           *
#                                                               *
#*************   chi**2/iteration =  1.670       ****************

 Done
