SLURM job running in:  /work-zfs/lhc/heshy/JHUGen/xsecs/JHUGen/JHUGenerator
LHAPDF 6.1.5 loading /work-zfs/lhc/cms/slc6_amd64_gcc493/external/lhapdf/6.1.5-kpegke3/share/LHAPDF/NNPDF30_lo_as_0130/NNPDF30_lo_as_0130_0000.dat
NNPDF30_lo_as_0130 PDF set, member #0, version 2; LHAPDF ID = 263000
 extending no. of histograms for vbf tests
 
                                                                                          
   ***************************************************************************************
   *                                JHU Generator v6.9.9                                 *
   ***************************************************************************************
   *                                                                                     *
   *   Spin and parity determination of single-produced resonances at hadron colliders   *
   *                                                                                     *
   *          I. Anderson, S. Bolognesi, F. Caola, Y. Gao, A. Gritsan, Z. Guo,           *
   *        C. Martin, K. Melnikov, R.Rontsch, H. Roskes, U. Sarica, M. Schulze,         *
   *                   N. Tran, A. Whitbeck, M. Xiao, C. You, Y. Zhou                    *
   *                Phys.Rev. D81 (2010) 075022;  arXiv:1001.3396 [hep-ph],              *
   *                Phys.Rev. D86 (2012) 095031;  arXiv:1208.4018 [hep-ph],              *
   *                Phys.Rev. D89 (2014) 035007;  arXiv:1309.4819 [hep-ph].              *
   *                                                                                     *
   ***************************************************************************************
                                                                                          
   
   Command line: ./JHUGen Unweighted=0 VegasNc0=99999999 VegasNc1=99999999 VegasNc2=99999999 LHAPDF=NNPDF30_lo_as_0130/NNPDF30_lo_as_0130.info MReso=398 ghz1=0,0 ghz1_prime2=1,0 Process=60 pTjetcut=0 deltaRcut=0 pTjetcut=25 etajetcut=4.7 pTlepcut=5 etalepcut=2.5
   
   Input Parameter:
    Collider: P-P, sqrt(s)=13000.00
    Resonance: spin=0, mass= 398.00 width=   0.00407
    Z-boson: mass=91.188, width=2.4952
    W-boson: mass=80.399, width=2.0850
    Jet cuts:
            pT >=    25.00 GeV
         |eta| <=     4.70
        DeltaR >=     0.00
           mJJ >=     0.00 GeV
           m4l_min/max      -1.00     -1.00 GeV
    Random seed:   133153163
    To reproduce results using this seed, JHUGen should be compiled with the same compiler:
      GNU Fortran (GCC) 4.8.2
    
    WidthScheme:   2
    LHAPDF set NNPDF30_lo_as_0130/NNPDF30_lo_as_0130.info, member=  0
    Unweighted: F
    Intermediate off-shell photons: F
    
    spin-0-VV couplings: 
      generate_as=F
      ghg2=  0.10000000E+01  0.00000000E+00i
      ghg3=  0.00000000E+00  0.00000000E+00i
      ghg4=  0.00000000E+00  0.00000000E+00i
      ghz1=  0.00000000E+00  0.00000000E+00i
      ghz2=  0.00000000E+00  0.00000000E+00i
      ghz3=  0.00000000E+00  0.00000000E+00i
      ghz4=  0.00000000E+00  0.00000000E+00i
      ghz1_prime2=  0.10000000E+01  0.00000000E+00i,    Lambda_z1=  1.0000E+04
      Lambda=  1000.0
    
    LHE output: ./data/output.lhe
    Histogram output: ./data/output.dat
    Log file: ./data/output.log
    
  Running

  Input parameters for vegas:  ndim=  9   ncall= 80707214.
                              it=    0    itmx=   15
                              acc=-1.00    
                              mds=  1     nd=  50
                              (xl,xu)= (  0.00000     ,  1.00000     )
                                       (  0.00000     ,  1.00000     )
                                       (  0.00000     ,  1.00000     )
                                       (  0.00000     ,  1.00000     )
                                       (  0.00000     ,  1.00000     )
                                       (  0.00000     ,  1.00000     )
                                       (  0.00000     ,  1.00000     )
                                       (  0.00000     ,  1.00000     )
                                       (  0.00000     ,  1.00000     )

#********** Integration by Vegas (iteration       1) ************
#                                                               *
#  integral  = 0.78631979E-04   accum. integral = 0.78631979E-04*
#  std. dev. = 0.29119998E-04   accum. std. dev = 0.29119998E-04*
#   min/max. wt. =    0.00000            0.290484E-04           *
#                                                               *
#*************   chi**2/iteration =  0.000       ****************


#********** Integration by Vegas (iteration       2) ************
#                                                               *
#  integral  = 0.10369033E-03   accum. integral = 0.92540540E-04*
#  std. dev. = 0.34381320E-04   accum. std. dev = 0.22731212E-04*
#   min/max. wt. =    0.00000            0.336528E-04           *
#                                                               *
#*************   chi**2/iteration = 0.2998       ****************


#********** Integration by Vegas (iteration       3) ************
#                                                               *
#  integral  = 0.77687401E-04   accum. integral = 0.78358453E-04*
#  std. dev. = 0.41745306E-05   accum. std. dev = 0.45944965E-05*
#   min/max. wt. =    0.00000            0.376857E-05           *
#                                                               *
#*************   chi**2/iteration = 0.3912       ****************


#********** Integration by Vegas (iteration       4) ************
#                                                               *
#  integral  = 0.79370600E-04   accum. integral = 0.79349519E-04*
#  std. dev. = 0.60782279E-06   accum. std. dev = 0.64822506E-06*
#   min/max. wt. =    0.00000            0.171371E-06           *
#                                                               *
#*************   chi**2/iteration = 0.2895       ****************


#********** Integration by Vegas (iteration       5) ************
#                                                               *
#  integral  = 0.79658379E-04   accum. integral = 0.79650782E-04*
#  std. dev. = 0.95851968E-07   accum. std. dev = 0.10029855E-06*
#   min/max. wt. =    0.00000            0.987401E-08           *
#                                                               *
#*************   chi**2/iteration = 0.2799       ****************


#********** Integration by Vegas (iteration       6) ************
#                                                               *
#  integral  = 0.79596997E-04   accum. integral = 0.79610707E-04*
#  std. dev. = 0.55327531E-07   accum. std. dev = 0.50170147E-07*
#   min/max. wt. =    0.00000            0.560755E-08           *
#                                                               *
#*************   chi**2/iteration = 0.2718       ****************


#********** Integration by Vegas (iteration       7) ************
#                                                               *
#  integral  = 0.79651896E-04   accum. integral = 0.79631672E-04*
#  std. dev. = 0.46938660E-07   accum. std. dev = 0.34921726E-07*
#   min/max. wt. =    0.00000            0.240055E-08           *
#                                                               *
#*************   chi**2/iteration = 0.2875       ****************


#********** Integration by Vegas (iteration       8) ************
#                                                               *
#  integral  = 0.79579283E-04   accum. integral = 0.79612489E-04*
#  std. dev. = 0.44019420E-07   accum. std. dev = 0.27659511E-07*
#   min/max. wt. =    0.00000            0.151024E-08           *
#                                                               *
#*************   chi**2/iteration = 0.3679       ****************


#********** Integration by Vegas (iteration       9) ************
#                                                               *
#  integral  = 0.79640407E-04   accum. integral = 0.79620193E-04*
#  std. dev. = 0.43178986E-07   accum. std. dev = 0.23442389E-07*
#   min/max. wt. =    0.00000            0.241865E-08           *
#                                                               *
#*************   chi**2/iteration = 0.3599       ****************


#********** Integration by Vegas (iteration      10) ************
#                                                               *
#  integral  = 0.79591597E-04   accum. integral = 0.79614063E-04*
#  std. dev. = 0.43396899E-07   accum. std. dev = 0.20710822E-07*
#   min/max. wt. =    0.00000            0.204659E-08           *
#                                                               *
#*************   chi**2/iteration = 0.3577       ****************


#********** Integration by Vegas (iteration      11) ************
#                                                               *
#  integral  = 0.79647831E-04   accum. integral = 0.79620064E-04*
#  std. dev. = 0.43250477E-07   accum. std. dev = 0.18731407E-07*
#   min/max. wt. =    0.00000            0.207994E-08           *
#                                                               *
#*************   chi**2/iteration = 0.3711       ****************


#********** Integration by Vegas (iteration      12) ************
#                                                               *
#  integral  = 0.79530787E-04   accum. integral = 0.79606578E-04*
#  std. dev. = 0.43159027E-07   accum. std. dev = 0.17218862E-07*
#   min/max. wt. =    0.00000            0.185222E-08           *
#                                                               *
#*************   chi**2/iteration = 0.6523       ****************


#********** Integration by Vegas (iteration      13) ************
#                                                               *
#  integral  = 0.79644996E-04   accum. integral = 0.79611507E-04*
#  std. dev. = 0.43783457E-07   accum. std. dev = 0.16046359E-07*
#   min/max. wt. =    0.00000            0.196212E-08           *
#                                                               *
#*************   chi**2/iteration = 0.6536       ****************


#********** Integration by Vegas (iteration      14) ************
#                                                               *
#  integral  = 0.79616015E-04   accum. integral = 0.79612014E-04*
#  std. dev. = 0.44081150E-07   accum. std. dev = 0.15094069E-07*
#   min/max. wt. =    0.00000            0.321667E-08           *
#                                                               *
#*************   chi**2/iteration = 0.6060       ****************


#********** Integration by Vegas (iteration      15) ************
#                                                               *
#  integral  = 0.79570783E-04   accum. integral = 0.79607857E-04*
#  std. dev. = 0.44094341E-07   accum. std. dev = 0.14292431E-07*
#   min/max. wt. =    0.00000            0.200506E-08           *
#                                                               *
#*************   chi**2/iteration = 0.6182       ****************

 ****************************************************
 * Writing out vegas grid to ./data/output.grid                                                      
 ****************************************************

  Input parameters for vegas:  ndim=  9   ncall= 80707214.
                              it=    0    itmx=    2
                              acc=-1.00    
                              mds=  1     nd=  50
                              (xl,xu)= (  0.00000     ,  1.00000     )
                                       (  0.00000     ,  1.00000     )
                                       (  0.00000     ,  1.00000     )
                                       (  0.00000     ,  1.00000     )
                                       (  0.00000     ,  1.00000     )
                                       (  0.00000     ,  1.00000     )
                                       (  0.00000     ,  1.00000     )
                                       (  0.00000     ,  1.00000     )
                                       (  0.00000     ,  1.00000     )

#********** Integration by Vegas (iteration       1) ************
#                                                               *
#  integral  = 0.79624102E-04   accum. integral = 0.79624102E-04*
#  std. dev. = 0.44086715E-07   accum. std. dev = 0.44086715E-07*
#   min/max. wt. =    0.00000            0.200085E-08           *
#                                                               *
#*************   chi**2/iteration =  0.000       ****************


#********** Integration by Vegas (iteration       2) ************
#                                                               *
#  integral  = 0.79583412E-04   accum. integral = 0.79604369E-04*
#  std. dev. = 0.45409355E-07   accum. std. dev = 0.31631035E-07*
#   min/max. wt. =    0.00000            0.242726E-08           *
#                                                               *
#*************   chi**2/iteration = 0.4129       ****************

 Done
