SLURM job running in:  /work-zfs/lhc/heshy/JHUGen/xsecs/JHUGen/JHUGenerator
LHAPDF 6.1.5 loading /work-zfs/lhc/cms/slc6_amd64_gcc493/external/lhapdf/6.1.5-kpegke3/share/LHAPDF/NNPDF30_lo_as_0130/NNPDF30_lo_as_0130_0000.dat
NNPDF30_lo_as_0130 PDF set, member #0, version 2; LHAPDF ID = 263000
 extending no. of histograms for vbf tests
 
                                                                                          
   ***************************************************************************************
   *                                JHU Generator v6.9.9                                 *
   ***************************************************************************************
   *                                                                                     *
   *   Spin and parity determination of single-produced resonances at hadron colliders   *
   *                                                                                     *
   *          I. Anderson, S. Bolognesi, F. Caola, Y. Gao, A. Gritsan, Z. Guo,           *
   *        C. Martin, K. Melnikov, R.Rontsch, H. Roskes, U. Sarica, M. Schulze,         *
   *                   N. Tran, A. Whitbeck, M. Xiao, C. You, Y. Zhou                    *
   *                Phys.Rev. D81 (2010) 075022;  arXiv:1001.3396 [hep-ph],              *
   *                Phys.Rev. D86 (2012) 095031;  arXiv:1208.4018 [hep-ph],              *
   *                Phys.Rev. D89 (2014) 035007;  arXiv:1309.4819 [hep-ph].              *
   *                                                                                     *
   ***************************************************************************************
                                                                                          
   
   Command line: ./JHUGen Unweighted=0 VegasNc0=99999999 VegasNc1=99999999 VegasNc2=99999999 LHAPDF=NNPDF30_lo_as_0130/NNPDF30_lo_as_0130.info MReso=400 ghz1=0,0 ghz1_prime2=1,0 Process=60 pTjetcut=0 deltaRcut=0 pTjetcut=25 etajetcut=4.7 pTlepcut=5 etalepcut=2.5
   
   Input Parameter:
    Collider: P-P, sqrt(s)=13000.00
    Resonance: spin=0, mass= 400.00 width=   0.00407
    Z-boson: mass=91.188, width=2.4952
    W-boson: mass=80.399, width=2.0850
    Jet cuts:
            pT >=    25.00 GeV
         |eta| <=     4.70
        DeltaR >=     0.00
           mJJ >=     0.00 GeV
           m4l_min/max      -1.00     -1.00 GeV
    Random seed:   343305464
    To reproduce results using this seed, JHUGen should be compiled with the same compiler:
      GNU Fortran (GCC) 4.8.2
    
    WidthScheme:   2
    LHAPDF set NNPDF30_lo_as_0130/NNPDF30_lo_as_0130.info, member=  0
    Unweighted: F
    Intermediate off-shell photons: F
    
    spin-0-VV couplings: 
      generate_as=F
      ghg2=  0.10000000E+01  0.00000000E+00i
      ghg3=  0.00000000E+00  0.00000000E+00i
      ghg4=  0.00000000E+00  0.00000000E+00i
      ghz1=  0.00000000E+00  0.00000000E+00i
      ghz2=  0.00000000E+00  0.00000000E+00i
      ghz3=  0.00000000E+00  0.00000000E+00i
      ghz4=  0.00000000E+00  0.00000000E+00i
      ghz1_prime2=  0.10000000E+01  0.00000000E+00i,    Lambda_z1=  1.0000E+04
      Lambda=  1000.0
    
    LHE output: ./data/output.lhe
    Histogram output: ./data/output.dat
    Log file: ./data/output.log
    
  Running

  Input parameters for vegas:  ndim=  9   ncall= 80707214.
                              it=    0    itmx=   15
                              acc=-1.00    
                              mds=  1     nd=  50
                              (xl,xu)= (  0.00000     ,  1.00000     )
                                       (  0.00000     ,  1.00000     )
                                       (  0.00000     ,  1.00000     )
                                       (  0.00000     ,  1.00000     )
                                       (  0.00000     ,  1.00000     )
                                       (  0.00000     ,  1.00000     )
                                       (  0.00000     ,  1.00000     )
                                       (  0.00000     ,  1.00000     )
                                       (  0.00000     ,  1.00000     )

#********** Integration by Vegas (iteration       1) ************
#                                                               *
#  integral  = 0.50731478E-04   accum. integral = 0.50731478E-04*
#  std. dev. = 0.35363144E-05   accum. std. dev = 0.35363144E-05*
#   min/max. wt. =    0.00000            0.245609E-05           *
#                                                               *
#*************   chi**2/iteration =  0.000       ****************


#********** Integration by Vegas (iteration       2) ************
#                                                               *
#  integral  = 0.75414969E-04   accum. integral = 0.62625267E-04*
#  std. dev. = 0.54513116E-05   accum. std. dev = 0.32248107E-05*
#   min/max. wt. =    0.00000            0.275154E-05           *
#                                                               *
#*************   chi**2/iteration =  14.61       ****************


#********** Integration by Vegas (iteration       3) ************
#                                                               *
#  integral  = 0.79097718E-04   accum. integral = 0.77741906E-04*
#  std. dev. = 0.11886014E-05   accum. std. dev = 0.10013982E-05*
#   min/max. wt. =    0.00000            0.831649E-06           *
#                                                               *
#*************   chi**2/iteration =  16.45       ****************


#********** Integration by Vegas (iteration       4) ************
#                                                               *
#  integral  = 0.79481186E-04   accum. integral = 0.79426847E-04*
#  std. dev. = 0.20547050E-06   accum. std. dev = 0.18363585E-06*
#   min/max. wt. =    0.00000            0.705243E-07           *
#                                                               *
#*************   chi**2/iteration =  11.10       ****************


#********** Integration by Vegas (iteration       5) ************
#                                                               *
#  integral  = 0.79135575E-04   accum. integral = 0.79166032E-04*
#  std. dev. = 0.68808108E-07   accum. std. dev = 0.60570698E-07*
#   min/max. wt. =    0.00000            0.959501E-08           *
#                                                               *
#*************   chi**2/iteration =  8.541       ****************


#********** Integration by Vegas (iteration       6) ************
#                                                               *
#  integral  = 0.79136497E-04   accum. integral = 0.79147330E-04*
#  std. dev. = 0.49554664E-07   accum. std. dev = 0.37155436E-07*
#   min/max. wt. =    0.00000            0.222810E-08           *
#                                                               *
#*************   chi**2/iteration =  6.690       ****************


#********** Integration by Vegas (iteration       7) ************
#                                                               *
#  integral  = 0.79230971E-04   accum. integral = 0.79183733E-04*
#  std. dev. = 0.44973455E-07   accum. std. dev = 0.28178950E-07*
#   min/max. wt. =    0.00000            0.169116E-08           *
#                                                               *
#*************   chi**2/iteration =  5.835       ****************


#********** Integration by Vegas (iteration       8) ************
#                                                               *
#  integral  = 0.79158701E-04   accum. integral = 0.79175773E-04*
#  std. dev. = 0.43411417E-07   accum. std. dev = 0.23425725E-07*
#   min/max. wt. =    0.00000            0.208403E-08           *
#                                                               *
#*************   chi**2/iteration =  4.971       ****************


#********** Integration by Vegas (iteration       9) ************
#                                                               *
#  integral  = 0.79169293E-04   accum. integral = 0.79174194E-04*
#  std. dev. = 0.43133232E-07   accum. std. dev = 0.20476783E-07*
#   min/max. wt. =    0.00000            0.135537E-08           *
#                                                               *
#*************   chi**2/iteration =  4.308       ****************


#********** Integration by Vegas (iteration      10) ************
#                                                               *
#  integral  = 0.79162162E-04   accum. integral = 0.79171819E-04*
#  std. dev. = 0.42933993E-07   accum. std. dev = 0.18419260E-07*
#   min/max. wt. =    0.00000            0.278190E-08           *
#                                                               *
#*************   chi**2/iteration =  3.806       ****************


#********** Integration by Vegas (iteration      11) ************
#                                                               *
#  integral  = 0.79136506E-04   accum. integral = 0.79166002E-04*
#  std. dev. = 0.42934633E-07   accum. std. dev = 0.16888547E-07*
#   min/max. wt. =    0.00000            0.136616E-08           *
#                                                               *
#*************   chi**2/iteration =  3.464       ****************


#********** Integration by Vegas (iteration      12) ************
#                                                               *
#  integral  = 0.79177936E-04   accum. integral = 0.79167649E-04*
#  std. dev. = 0.43574958E-07   accum. std. dev = 0.15722873E-07*
#   min/max. wt. =    0.00000            0.147620E-08           *
#                                                               *
#*************   chi**2/iteration =  3.138       ****************


#********** Integration by Vegas (iteration      13) ************
#                                                               *
#  integral  = 0.79217311E-04   accum. integral = 0.79173549E-04*
#  std. dev. = 0.44109663E-07   accum. std. dev = 0.14794042E-07*
#   min/max. wt. =    0.00000            0.296186E-08           *
#                                                               *
#*************   chi**2/iteration =  2.961       ****************


#********** Integration by Vegas (iteration      14) ************
#                                                               *
#  integral  = 0.79197547E-04   accum. integral = 0.79176080E-04*
#  std. dev. = 0.44259225E-07   accum. std. dev = 0.14019680E-07*
#   min/max. wt. =    0.00000            0.179207E-08           *
#                                                               *
#*************   chi**2/iteration =  2.744       ****************


#********** Integration by Vegas (iteration      15) ************
#                                                               *
#  integral  = 0.79167034E-04   accum. integral = 0.79175211E-04*
#  std. dev. = 0.44076511E-07   accum. std. dev = 0.13351637E-07*
#   min/max. wt. =    0.00000            0.137732E-08           *
#                                                               *
#*************   chi**2/iteration =  2.542       ****************

 ****************************************************
 * Writing out vegas grid to ./data/output.grid                                                      
 ****************************************************

  Input parameters for vegas:  ndim=  9   ncall= 80707214.
                              it=    0    itmx=    2
                              acc=-1.00    
                              mds=  1     nd=  50
                              (xl,xu)= (  0.00000     ,  1.00000     )
                                       (  0.00000     ,  1.00000     )
                                       (  0.00000     ,  1.00000     )
                                       (  0.00000     ,  1.00000     )
                                       (  0.00000     ,  1.00000     )
                                       (  0.00000     ,  1.00000     )
                                       (  0.00000     ,  1.00000     )
                                       (  0.00000     ,  1.00000     )
                                       (  0.00000     ,  1.00000     )

#********** Integration by Vegas (iteration       1) ************
#                                                               *
#  integral  = 0.79291946E-04   accum. integral = 0.79291946E-04*
#  std. dev. = 0.45136675E-07   accum. std. dev = 0.45136675E-07*
#   min/max. wt. =    0.00000            0.151852E-08           *
#                                                               *
#*************   chi**2/iteration =  0.000       ****************


#********** Integration by Vegas (iteration       2) ************
#                                                               *
#  integral  = 0.79282798E-04   accum. integral = 0.79287420E-04*
#  std. dev. = 0.45606766E-07   accum. std. dev = 0.32081341E-07*
#   min/max. wt. =    0.00000            0.165649E-08           *
#                                                               *
#*************   chi**2/iteration = 0.2030E-01   ****************

 Done
