SLURM job running in:  /work-zfs/lhc/heshy/JHUGen/xsecs/JHUGen/JHUGenerator
LHAPDF 6.1.5 loading /work-zfs/lhc/cms/slc6_amd64_gcc493/external/lhapdf/6.1.5-kpegke3/share/LHAPDF/NNPDF30_lo_as_0130/NNPDF30_lo_as_0130_0000.dat
NNPDF30_lo_as_0130 PDF set, member #0, version 2; LHAPDF ID = 263000
 extending no. of histograms for vbf tests
 
                                                                                          
   ***************************************************************************************
   *                                JHU Generator v6.9.9                                 *
   ***************************************************************************************
   *                                                                                     *
   *   Spin and parity determination of single-produced resonances at hadron colliders   *
   *                                                                                     *
   *          I. Anderson, S. Bolognesi, F. Caola, Y. Gao, A. Gritsan, Z. Guo,           *
   *        C. Martin, K. Melnikov, R.Rontsch, H. Roskes, U. Sarica, M. Schulze,         *
   *                   N. Tran, A. Whitbeck, M. Xiao, C. You, Y. Zhou                    *
   *                Phys.Rev. D81 (2010) 075022;  arXiv:1001.3396 [hep-ph],              *
   *                Phys.Rev. D86 (2012) 095031;  arXiv:1208.4018 [hep-ph],              *
   *                Phys.Rev. D89 (2014) 035007;  arXiv:1309.4819 [hep-ph].              *
   *                                                                                     *
   ***************************************************************************************
                                                                                          
   
   Command line: ./JHUGen Unweighted=0 VegasNc0=99999999 VegasNc1=99999999 VegasNc2=99999999 LHAPDF=NNPDF30_lo_as_0130/NNPDF30_lo_as_0130.info MReso=402 ghz1=0,0 ghz1_prime2=1,0 Process=60 pTjetcut=0 deltaRcut=0 pTjetcut=25 etajetcut=4.7 pTlepcut=5 etalepcut=2.5
   
   Input Parameter:
    Collider: P-P, sqrt(s)=13000.00
    Resonance: spin=0, mass= 402.00 width=   0.00407
    Z-boson: mass=91.188, width=2.4952
    W-boson: mass=80.399, width=2.0850
    Jet cuts:
            pT >=    25.00 GeV
         |eta| <=     4.70
        DeltaR >=     0.00
           mJJ >=     0.00 GeV
           m4l_min/max      -1.00     -1.00 GeV
    Random seed:   241941942
    To reproduce results using this seed, JHUGen should be compiled with the same compiler:
      GNU Fortran (GCC) 4.8.2
    
    WidthScheme:   2
    LHAPDF set NNPDF30_lo_as_0130/NNPDF30_lo_as_0130.info, member=  0
    Unweighted: F
    Intermediate off-shell photons: F
    
    spin-0-VV couplings: 
      generate_as=F
      ghg2=  0.10000000E+01  0.00000000E+00i
      ghg3=  0.00000000E+00  0.00000000E+00i
      ghg4=  0.00000000E+00  0.00000000E+00i
      ghz1=  0.00000000E+00  0.00000000E+00i
      ghz2=  0.00000000E+00  0.00000000E+00i
      ghz3=  0.00000000E+00  0.00000000E+00i
      ghz4=  0.00000000E+00  0.00000000E+00i
      ghz1_prime2=  0.10000000E+01  0.00000000E+00i,    Lambda_z1=  1.0000E+04
      Lambda=  1000.0
    
    LHE output: ./data/output.lhe
    Histogram output: ./data/output.dat
    Log file: ./data/output.log
    
  Running

  Input parameters for vegas:  ndim=  9   ncall= 80707214.
                              it=    0    itmx=   15
                              acc=-1.00    
                              mds=  1     nd=  50
                              (xl,xu)= (  0.00000     ,  1.00000     )
                                       (  0.00000     ,  1.00000     )
                                       (  0.00000     ,  1.00000     )
                                       (  0.00000     ,  1.00000     )
                                       (  0.00000     ,  1.00000     )
                                       (  0.00000     ,  1.00000     )
                                       (  0.00000     ,  1.00000     )
                                       (  0.00000     ,  1.00000     )
                                       (  0.00000     ,  1.00000     )

#********** Integration by Vegas (iteration       1) ************
#                                                               *
#  integral  = 0.46808558E-04   accum. integral = 0.46808558E-04*
#  std. dev. = 0.11864057E-05   accum. std. dev = 0.11864057E-05*
#   min/max. wt. =    0.00000            0.571292E-06           *
#                                                               *
#*************   chi**2/iteration =  0.000       ****************


#********** Integration by Vegas (iteration       2) ************
#                                                               *
#  integral  = 0.66568364E-04   accum. integral = 0.53886685E-04*
#  std. dev. = 0.22584216E-05   accum. std. dev = 0.11684155E-05*
#   min/max. wt. =    0.00000            0.137522E-05           *
#                                                               *
#*************   chi**2/iteration =  65.69       ****************


#********** Integration by Vegas (iteration       3) ************
#                                                               *
#  integral  = 0.79659443E-04   accum. integral = 0.72298977E-04*
#  std. dev. = 0.10226828E-05   accum. std. dev = 0.71343318E-06*
#   min/max. wt. =    0.00000            0.567243E-06           *
#                                                               *
#*************   chi**2/iteration =  158.2       ****************


#********** Integration by Vegas (iteration       4) ************
#                                                               *
#  integral  = 0.78951601E-04   accum. integral = 0.78746541E-04*
#  std. dev. = 0.15278483E-06   accum. std. dev = 0.13199479E-06*
#   min/max. wt. =    0.00000            0.407828E-07           *
#                                                               *
#*************   chi**2/iteration =  120.3       ****************


#********** Integration by Vegas (iteration       5) ************
#                                                               *
#  integral  = 0.78890627E-04   accum. integral = 0.78869753E-04*
#  std. dev. = 0.61860901E-07   accum. std. dev = 0.51707516E-07*
#   min/max. wt. =    0.00000            0.427720E-08           *
#                                                               *
#*************   chi**2/iteration =  85.42       ****************


#********** Integration by Vegas (iteration       6) ************
#                                                               *
#  integral  = 0.78746080E-04   accum. integral = 0.78797404E-04*
#  std. dev. = 0.48092935E-07   accum. std. dev = 0.33913886E-07*
#   min/max. wt. =    0.00000            0.168382E-08           *
#                                                               *
#*************   chi**2/iteration =  66.57       ****************


#********** Integration by Vegas (iteration       7) ************
#                                                               *
#  integral  = 0.78774451E-04   accum. integral = 0.78788105E-04*
#  std. dev. = 0.44586605E-07   accum. std. dev = 0.26485547E-07*
#   min/max. wt. =    0.00000            0.181051E-08           *
#                                                               *
#*************   chi**2/iteration =  54.14       ****************


#********** Integration by Vegas (iteration       8) ************
#                                                               *
#  integral  = 0.78722132E-04   accum. integral = 0.78768160E-04*
#  std. dev. = 0.43084991E-07   accum. std. dev = 0.22324569E-07*
#   min/max. wt. =    0.00000            0.209809E-08           *
#                                                               *
#*************   chi**2/iteration =  45.83       ****************


#********** Integration by Vegas (iteration       9) ************
#                                                               *
#  integral  = 0.78730222E-04   accum. integral = 0.78759202E-04*
#  std. dev. = 0.42613837E-07   accum. std. dev = 0.19648136E-07*
#   min/max. wt. =    0.00000            0.152647E-08           *
#                                                               *
#*************   chi**2/iteration =  39.63       ****************


#********** Integration by Vegas (iteration      10) ************
#                                                               *
#  integral  = 0.78772389E-04   accum. integral = 0.78761714E-04*
#  std. dev. = 0.42704639E-07   accum. std. dev = 0.17776205E-07*
#   min/max. wt. =    0.00000            0.344653E-08           *
#                                                               *
#*************   chi**2/iteration =  34.85       ****************


#********** Integration by Vegas (iteration      11) ************
#                                                               *
#  integral  = 0.78735183E-04   accum. integral = 0.78757417E-04*
#  std. dev. = 0.42380727E-07   accum. std. dev = 0.16345832E-07*
#   min/max. wt. =    0.00000            0.201590E-08           *
#                                                               *
#*************   chi**2/iteration =  31.12       ****************


#********** Integration by Vegas (iteration      12) ************
#                                                               *
#  integral  = 0.78757720E-04   accum. integral = 0.78757459E-04*
#  std. dev. = 0.42903971E-07   accum. std. dev = 0.15245465E-07*
#   min/max. wt. =    0.00000            0.162446E-08           *
#                                                               *
#*************   chi**2/iteration =  28.08       ****************


#********** Integration by Vegas (iteration      13) ************
#                                                               *
#  integral  = 0.78789055E-04   accum. integral = 0.78761256E-04*
#  std. dev. = 0.42910981E-07   accum. std. dev = 0.14345162E-07*
#   min/max. wt. =    0.00000            0.138061E-08           *
#                                                               *
#*************   chi**2/iteration =  25.63       ****************


#********** Integration by Vegas (iteration      14) ************
#                                                               *
#  integral  = 0.78800032E-04   accum. integral = 0.78765452E-04*
#  std. dev. = 0.42714620E-07   accum. std. dev = 0.13583470E-07*
#   min/max. wt. =    0.00000            0.169556E-08           *
#                                                               *
#*************   chi**2/iteration =  23.59       ****************


#********** Integration by Vegas (iteration      15) ************
#                                                               *
#  integral  = 0.78829893E-04   accum. integral = 0.78771526E-04*
#  std. dev. = 0.43570095E-07   accum. std. dev = 0.12957882E-07*
#   min/max. wt. =    0.00000            0.140850E-08           *
#                                                               *
#*************   chi**2/iteration =  21.95       ****************

 ****************************************************
 * Writing out vegas grid to ./data/output.grid                                                      
 ****************************************************

  Input parameters for vegas:  ndim=  9   ncall= 80707214.
                              it=    0    itmx=    2
                              acc=-1.00    
                              mds=  1     nd=  50
                              (xl,xu)= (  0.00000     ,  1.00000     )
                                       (  0.00000     ,  1.00000     )
                                       (  0.00000     ,  1.00000     )
                                       (  0.00000     ,  1.00000     )
                                       (  0.00000     ,  1.00000     )
                                       (  0.00000     ,  1.00000     )
                                       (  0.00000     ,  1.00000     )
                                       (  0.00000     ,  1.00000     )
                                       (  0.00000     ,  1.00000     )

#********** Integration by Vegas (iteration       1) ************
#                                                               *
#  integral  = 0.78796528E-04   accum. integral = 0.78796528E-04*
#  std. dev. = 0.44066781E-07   accum. std. dev = 0.44066781E-07*
#   min/max. wt. =    0.00000            0.264145E-08           *
#                                                               *
#*************   chi**2/iteration = -.4260E-06   ****************


#********** Integration by Vegas (iteration       2) ************
#                                                               *
#  integral  = 0.78707145E-04   accum. integral = 0.78751489E-04*
#  std. dev. = 0.43675822E-07   accum. std. dev = 0.31020928E-07*
#   min/max. wt. =    0.00000            0.126632E-08           *
#                                                               *
#*************   chi**2/iteration =  2.073       ****************

 Done
