SLURM job running in:  /work-zfs/lhc/heshy/JHUGen/xsecs/JHUGen/JHUGenerator
LHAPDF 6.1.5 loading /work-zfs/lhc/cms/slc6_amd64_gcc493/external/lhapdf/6.1.5-kpegke3/share/LHAPDF/NNPDF30_lo_as_0130/NNPDF30_lo_as_0130_0000.dat
NNPDF30_lo_as_0130 PDF set, member #0, version 2; LHAPDF ID = 263000
 extending no. of histograms for vbf tests
 
                                                                                          
   ***************************************************************************************
   *                                JHU Generator v6.9.9                                 *
   ***************************************************************************************
   *                                                                                     *
   *   Spin and parity determination of single-produced resonances at hadron colliders   *
   *                                                                                     *
   *          I. Anderson, S. Bolognesi, F. Caola, Y. Gao, A. Gritsan, Z. Guo,           *
   *        C. Martin, K. Melnikov, R.Rontsch, H. Roskes, U. Sarica, M. Schulze,         *
   *                   N. Tran, A. Whitbeck, M. Xiao, C. You, Y. Zhou                    *
   *                Phys.Rev. D81 (2010) 075022;  arXiv:1001.3396 [hep-ph],              *
   *                Phys.Rev. D86 (2012) 095031;  arXiv:1208.4018 [hep-ph],              *
   *                Phys.Rev. D89 (2014) 035007;  arXiv:1309.4819 [hep-ph].              *
   *                                                                                     *
   ***************************************************************************************
                                                                                          
   
   Command line: ./JHUGen Unweighted=0 VegasNc0=99999999 VegasNc1=99999999 VegasNc2=99999999 LHAPDF=NNPDF30_lo_as_0130/NNPDF30_lo_as_0130.info MReso=404 ghz1=0,0 ghz1_prime2=1,0 Process=60 pTjetcut=0 deltaRcut=0 pTjetcut=25 etajetcut=4.7 pTlepcut=5 etalepcut=2.5
   
   Input Parameter:
    Collider: P-P, sqrt(s)=13000.00
    Resonance: spin=0, mass= 404.00 width=   0.00407
    Z-boson: mass=91.188, width=2.4952
    W-boson: mass=80.399, width=2.0850
    Jet cuts:
            pT >=    25.00 GeV
         |eta| <=     4.70
        DeltaR >=     0.00
           mJJ >=     0.00 GeV
           m4l_min/max      -1.00     -1.00 GeV
    Random seed:    88070148
    To reproduce results using this seed, JHUGen should be compiled with the same compiler:
      GNU Fortran (GCC) 4.8.2
    
    WidthScheme:   2
    LHAPDF set NNPDF30_lo_as_0130/NNPDF30_lo_as_0130.info, member=  0
    Unweighted: F
    Intermediate off-shell photons: F
    
    spin-0-VV couplings: 
      generate_as=F
      ghg2=  0.10000000E+01  0.00000000E+00i
      ghg3=  0.00000000E+00  0.00000000E+00i
      ghg4=  0.00000000E+00  0.00000000E+00i
      ghz1=  0.00000000E+00  0.00000000E+00i
      ghz2=  0.00000000E+00  0.00000000E+00i
      ghz3=  0.00000000E+00  0.00000000E+00i
      ghz4=  0.00000000E+00  0.00000000E+00i
      ghz1_prime2=  0.10000000E+01  0.00000000E+00i,    Lambda_z1=  1.0000E+04
      Lambda=  1000.0
    
    LHE output: ./data/output.lhe
    Histogram output: ./data/output.dat
    Log file: ./data/output.log
    
  Running

  Input parameters for vegas:  ndim=  9   ncall= 80707214.
                              it=    0    itmx=   15
                              acc=-1.00    
                              mds=  1     nd=  50
                              (xl,xu)= (  0.00000     ,  1.00000     )
                                       (  0.00000     ,  1.00000     )
                                       (  0.00000     ,  1.00000     )
                                       (  0.00000     ,  1.00000     )
                                       (  0.00000     ,  1.00000     )
                                       (  0.00000     ,  1.00000     )
                                       (  0.00000     ,  1.00000     )
                                       (  0.00000     ,  1.00000     )
                                       (  0.00000     ,  1.00000     )

#********** Integration by Vegas (iteration       1) ************
#                                                               *
#  integral  = 0.56779608E-04   accum. integral = 0.56779608E-04*
#  std. dev. = 0.84739891E-05   accum. std. dev = 0.84739891E-05*
#   min/max. wt. =    0.00000            0.820381E-05           *
#                                                               *
#*************   chi**2/iteration =  0.000       ****************


#********** Integration by Vegas (iteration       2) ************
#                                                               *
#  integral  = 0.69258298E-04   accum. integral = 0.68060406E-04*
#  std. dev. = 0.33682646E-05   accum. std. dev = 0.29282571E-05*
#   min/max. wt. =    0.00000            0.187422E-05           *
#                                                               *
#*************   chi**2/iteration =  1.574       ****************


#********** Integration by Vegas (iteration       3) ************
#                                                               *
#  integral  = 0.77286951E-04   accum. integral = 0.74505803E-04*
#  std. dev. = 0.23475412E-05   accum. std. dev = 0.17338887E-05*
#   min/max. wt. =    0.00000            0.224641E-05           *
#                                                               *
#*************   chi**2/iteration =  3.657       ****************


#********** Integration by Vegas (iteration       4) ************
#                                                               *
#  integral  = 0.78340731E-04   accum. integral = 0.78227011E-04*
#  std. dev. = 0.34767725E-06   accum. std. dev = 0.31013918E-06*
#   min/max. wt. =    0.00000            0.120405E-06           *
#                                                               *
#*************   chi**2/iteration =  3.726       ****************


#********** Integration by Vegas (iteration       5) ************
#                                                               *
#  integral  = 0.78135826E-04   accum. integral = 0.78139969E-04*
#  std. dev. = 0.74526774E-07   accum. std. dev = 0.67504243E-07*
#   min/max. wt. =    0.00000            0.501526E-08           *
#                                                               *
#*************   chi**2/iteration =  2.700       ****************


#********** Integration by Vegas (iteration       6) ************
#                                                               *
#  integral  = 0.78296378E-04   accum. integral = 0.78247569E-04*
#  std. dev. = 0.49141879E-07   accum. std. dev = 0.38234755E-07*
#   min/max. wt. =    0.00000            0.299612E-08           *
#                                                               *
#*************   chi**2/iteration =  2.820       ****************


#********** Integration by Vegas (iteration       7) ************
#                                                               *
#  integral  = 0.78385154E-04   accum. integral = 0.78311415E-04*
#  std. dev. = 0.43852859E-07   accum. std. dev = 0.28267650E-07*
#   min/max. wt. =    0.00000            0.151762E-08           *
#                                                               *
#*************   chi**2/iteration =  3.286       ****************


#********** Integration by Vegas (iteration       8) ************
#                                                               *
#  integral  = 0.78369402E-04   accum. integral = 0.78330533E-04*
#  std. dev. = 0.42586683E-07   accum. std. dev = 0.23311057E-07*
#   min/max. wt. =    0.00000            0.273599E-08           *
#                                                               *
#*************   chi**2/iteration =  2.972       ****************


#********** Integration by Vegas (iteration       9) ************
#                                                               *
#  integral  = 0.78288953E-04   accum. integral = 0.78320063E-04*
#  std. dev. = 0.42106428E-07   accum. std. dev = 0.20273136E-07*
#   min/max. wt. =    0.00000            0.137911E-08           *
#                                                               *
#*************   chi**2/iteration =  2.671       ****************


#********** Integration by Vegas (iteration      10) ************
#                                                               *
#  integral  = 0.78380646E-04   accum. integral = 0.78332209E-04*
#  std. dev. = 0.42244538E-07   accum. std. dev = 0.18207674E-07*
#   min/max. wt. =    0.00000            0.213371E-08           *
#                                                               *
#*************   chi**2/iteration =  2.551       ****************


#********** Integration by Vegas (iteration      11) ************
#                                                               *
#  integral  = 0.78366639E-04   accum. integral = 0.78337953E-04*
#  std. dev. = 0.42262718E-07   accum. std. dev = 0.16679047E-07*
#   min/max. wt. =    0.00000            0.183636E-08           *
#                                                               *
#*************   chi**2/iteration =  2.338       ****************


#********** Integration by Vegas (iteration      12) ************
#                                                               *
#  integral  = 0.78368479E-04   accum. integral = 0.78342256E-04*
#  std. dev. = 0.42613075E-07   accum. std. dev = 0.15504553E-07*
#   min/max. wt. =    0.00000            0.225907E-08           *
#                                                               *
#*************   chi**2/iteration =  2.156       ****************


#********** Integration by Vegas (iteration      13) ************
#                                                               *
#  integral  = 0.78392561E-04   accum. integral = 0.78348338E-04*
#  std. dev. = 0.43157738E-07   accum. std. dev = 0.14573752E-07*
#   min/max. wt. =    0.00000            0.221644E-08           *
#                                                               *
#*************   chi**2/iteration =  2.072       ****************


#********** Integration by Vegas (iteration      14) ************
#                                                               *
#  integral  = 0.78314225E-04   accum. integral = 0.78344574E-04*
#  std. dev. = 0.42565488E-07   accum. std. dev = 0.13774642E-07*
#   min/max. wt. =    0.00000            0.178732E-08           *
#                                                               *
#*************   chi**2/iteration =  1.951       ****************


#********** Integration by Vegas (iteration      15) ************
#                                                               *
#  integral  = 0.78373547E-04   accum. integral = 0.78347387E-04*
#  std. dev. = 0.43153619E-07   accum. std. dev = 0.13113026E-07*
#   min/max. wt. =    0.00000            0.176363E-08           *
#                                                               *
#*************   chi**2/iteration =  1.836       ****************

 ****************************************************
 * Writing out vegas grid to ./data/output.grid                                                      
 ****************************************************

  Input parameters for vegas:  ndim=  9   ncall= 80707214.
                              it=    0    itmx=    2
                              acc=-1.00    
                              mds=  1     nd=  50
                              (xl,xu)= (  0.00000     ,  1.00000     )
                                       (  0.00000     ,  1.00000     )
                                       (  0.00000     ,  1.00000     )
                                       (  0.00000     ,  1.00000     )
                                       (  0.00000     ,  1.00000     )
                                       (  0.00000     ,  1.00000     )
                                       (  0.00000     ,  1.00000     )
                                       (  0.00000     ,  1.00000     )
                                       (  0.00000     ,  1.00000     )

#********** Integration by Vegas (iteration       1) ************
#                                                               *
#  integral  = 0.78376395E-04   accum. integral = 0.78376395E-04*
#  std. dev. = 0.43355842E-07   accum. std. dev = 0.43355842E-07*
#   min/max. wt. =    0.00000            0.365326E-08           *
#                                                               *
#*************   chi**2/iteration =  0.000       ****************


#********** Integration by Vegas (iteration       2) ************
#                                                               *
#  integral  = 0.78310976E-04   accum. integral = 0.78343986E-04*
#  std. dev. = 0.43719555E-07   accum. std. dev = 0.30784889E-07*
#   min/max. wt. =    0.00000            0.227969E-08           *
#                                                               *
#*************   chi**2/iteration =  1.128       ****************

 Done
