SLURM job running in:  /work-zfs/lhc/heshy/JHUGen/xsecs/JHUGen/JHUGenerator
LHAPDF 6.1.5 loading /work-zfs/lhc/cms/slc6_amd64_gcc493/external/lhapdf/6.1.5-kpegke3/share/LHAPDF/NNPDF30_lo_as_0130/NNPDF30_lo_as_0130_0000.dat
NNPDF30_lo_as_0130 PDF set, member #0, version 2; LHAPDF ID = 263000
 extending no. of histograms for vbf tests
 
                                                                                          
   ***************************************************************************************
   *                                JHU Generator v6.9.9                                 *
   ***************************************************************************************
   *                                                                                     *
   *   Spin and parity determination of single-produced resonances at hadron colliders   *
   *                                                                                     *
   *          I. Anderson, S. Bolognesi, F. Caola, Y. Gao, A. Gritsan, Z. Guo,           *
   *        C. Martin, K. Melnikov, R.Rontsch, H. Roskes, U. Sarica, M. Schulze,         *
   *                   N. Tran, A. Whitbeck, M. Xiao, C. You, Y. Zhou                    *
   *                Phys.Rev. D81 (2010) 075022;  arXiv:1001.3396 [hep-ph],              *
   *                Phys.Rev. D86 (2012) 095031;  arXiv:1208.4018 [hep-ph],              *
   *                Phys.Rev. D89 (2014) 035007;  arXiv:1309.4819 [hep-ph].              *
   *                                                                                     *
   ***************************************************************************************
                                                                                          
   
   Command line: ./JHUGen Unweighted=0 VegasNc0=99999999 VegasNc1=99999999 VegasNc2=99999999 LHAPDF=NNPDF30_lo_as_0130/NNPDF30_lo_as_0130.info MReso=470 ghz1=0,0 ghz1_prime2=1,0 Process=60 pTjetcut=0 deltaRcut=0 pTjetcut=25 etajetcut=4.7 pTlepcut=5 etalepcut=2.5
   
   Input Parameter:
    Collider: P-P, sqrt(s)=13000.00
    Resonance: spin=0, mass= 470.00 width=   0.00407
    Z-boson: mass=91.188, width=2.4952
    W-boson: mass=80.399, width=2.0850
    Jet cuts:
            pT >=    25.00 GeV
         |eta| <=     4.70
        DeltaR >=     0.00
           mJJ >=     0.00 GeV
           m4l_min/max      -1.00     -1.00 GeV
    Random seed:   547249684
    To reproduce results using this seed, JHUGen should be compiled with the same compiler:
      GNU Fortran (GCC) 4.8.2
    
    WidthScheme:   2
    LHAPDF set NNPDF30_lo_as_0130/NNPDF30_lo_as_0130.info, member=  0
    Unweighted: F
    Intermediate off-shell photons: F
    
    spin-0-VV couplings: 
      generate_as=F
      ghg2=  0.10000000E+01  0.00000000E+00i
      ghg3=  0.00000000E+00  0.00000000E+00i
      ghg4=  0.00000000E+00  0.00000000E+00i
      ghz1=  0.00000000E+00  0.00000000E+00i
      ghz2=  0.00000000E+00  0.00000000E+00i
      ghz3=  0.00000000E+00  0.00000000E+00i
      ghz4=  0.00000000E+00  0.00000000E+00i
      ghz1_prime2=  0.10000000E+01  0.00000000E+00i,    Lambda_z1=  1.0000E+04
      Lambda=  1000.0
    
    LHE output: ./data/output.lhe
    Histogram output: ./data/output.dat
    Log file: ./data/output.log
    
  Running

  Input parameters for vegas:  ndim=  9   ncall= 80707214.
                              it=    0    itmx=   15
                              acc=-1.00    
                              mds=  1     nd=  50
                              (xl,xu)= (  0.00000     ,  1.00000     )
                                       (  0.00000     ,  1.00000     )
                                       (  0.00000     ,  1.00000     )
                                       (  0.00000     ,  1.00000     )
                                       (  0.00000     ,  1.00000     )
                                       (  0.00000     ,  1.00000     )
                                       (  0.00000     ,  1.00000     )
                                       (  0.00000     ,  1.00000     )
                                       (  0.00000     ,  1.00000     )

#********** Integration by Vegas (iteration       1) ************
#                                                               *
#  integral  = 0.40254343E-04   accum. integral = 0.40254343E-04*
#  std. dev. = 0.19320978E-05   accum. std. dev = 0.19320978E-05*
#   min/max. wt. =    0.00000            0.127515E-05           *
#                                                               *
#*************   chi**2/iteration =  0.000       ****************


#********** Integration by Vegas (iteration       2) ************
#                                                               *
#  integral  = 0.53820788E-04   accum. integral = 0.49885011E-04*
#  std. dev. = 0.16514045E-05   accum. std. dev = 0.12286069E-05*
#   min/max. wt. =    0.00000            0.842924E-06           *
#                                                               *
#*************   chi**2/iteration =  25.09       ****************


#********** Integration by Vegas (iteration       3) ************
#                                                               *
#  integral  = 0.65205314E-04   accum. integral = 0.60105366E-04*
#  std. dev. = 0.11907797E-05   accum. std. dev = 0.80641346E-06*
#   min/max. wt. =    0.00000            0.783273E-06           *
#                                                               *
#*************   chi**2/iteration =  49.75       ****************


#********** Integration by Vegas (iteration       4) ************
#                                                               *
#  integral  = 0.66007950E-04   accum. integral = 0.65799920E-04*
#  std. dev. = 0.18818131E-06   accum. std. dev = 0.16040692E-06*
#   min/max. wt. =    0.00000            0.778671E-07           *
#                                                               *
#*************   chi**2/iteration =  44.89       ****************


#********** Integration by Vegas (iteration       5) ************
#                                                               *
#  integral  = 0.65741764E-04   accum. integral = 0.65747076E-04*
#  std. dev. = 0.58367951E-07   accum. std. dev = 0.49994067E-07*
#   min/max. wt. =    0.00000            0.319885E-08           *
#                                                               *
#*************   chi**2/iteration =  31.69       ****************


#********** Integration by Vegas (iteration       6) ************
#                                                               *
#  integral  = 0.65863027E-04   accum. integral = 0.65821606E-04*
#  std. dev. = 0.41554733E-07   accum. std. dev = 0.30480184E-07*
#   min/max. wt. =    0.00000            0.366332E-08           *
#                                                               *
#*************   chi**2/iteration =  25.03       ****************


#********** Integration by Vegas (iteration       7) ************
#                                                               *
#  integral  = 0.65880141E-04   accum. integral = 0.65847511E-04*
#  std. dev. = 0.37400660E-07   accum. std. dev = 0.23072530E-07*
#   min/max. wt. =    0.00000            0.122778E-08           *
#                                                               *
#*************   chi**2/iteration =  20.56       ****************


#********** Integration by Vegas (iteration       8) ************
#                                                               *
#  integral  = 0.65932352E-04   accum. integral = 0.65874790E-04*
#  std. dev. = 0.36170563E-07   accum. std. dev = 0.19199256E-07*
#   min/max. wt. =    0.00000            0.889742E-09           *
#                                                               *
#*************   chi**2/iteration =  17.87       ****************


#********** Integration by Vegas (iteration       9) ************
#                                                               *
#  integral  = 0.65792781E-04   accum. integral = 0.65854388E-04*
#  std. dev. = 0.35565204E-07   accum. std. dev = 0.16766182E-07*
#   min/max. wt. =    0.00000            0.172958E-08           *
#                                                               *
#*************   chi**2/iteration =  15.97       ****************


#********** Integration by Vegas (iteration      10) ************
#                                                               *
#  integral  = 0.65836731E-04   accum. integral = 0.65850864E-04*
#  std. dev. = 0.35549886E-07   accum. std. dev = 0.15090591E-07*
#   min/max. wt. =    0.00000            0.155743E-08           *
#                                                               *
#*************   chi**2/iteration =  14.05       ****************


#********** Integration by Vegas (iteration      11) ************
#                                                               *
#  integral  = 0.65787161E-04   accum. integral = 0.65840225E-04*
#  std. dev. = 0.35439932E-07   accum. std. dev = 0.13838970E-07*
#   min/max. wt. =    0.00000            0.107222E-08           *
#                                                               *
#*************   chi**2/iteration =  12.82       ****************


#********** Integration by Vegas (iteration      12) ************
#                                                               *
#  integral  = 0.65870254E-04   accum. integral = 0.65844488E-04*
#  std. dev. = 0.35651134E-07   accum. std. dev = 0.12871300E-07*
#   min/max. wt. =    0.00000            0.147369E-08           *
#                                                               *
#*************   chi**2/iteration =  11.62       ****************


#********** Integration by Vegas (iteration      13) ************
#                                                               *
#  integral  = 0.65861367E-04   accum. integral = 0.65846545E-04*
#  std. dev. = 0.36051159E-07   accum. std. dev = 0.12102589E-07*
#   min/max. wt. =    0.00000            0.144050E-08           *
#                                                               *
#*************   chi**2/iteration =  10.59       ****************


#********** Integration by Vegas (iteration      14) ************
#                                                               *
#  integral  = 0.65773994E-04   accum. integral = 0.65838688E-04*
#  std. dev. = 0.36067248E-07   accum. std. dev = 0.11460516E-07*
#   min/max. wt. =    0.00000            0.139308E-08           *
#                                                               *
#*************   chi**2/iteration =  10.02       ****************


#********** Integration by Vegas (iteration      15) ************
#                                                               *
#  integral  = 0.65827794E-04   accum. integral = 0.65837647E-04*
#  std. dev. = 0.36550723E-07   accum. std. dev = 0.10926324E-07*
#   min/max. wt. =    0.00000            0.248881E-08           *
#                                                               *
#*************   chi**2/iteration =  9.267       ****************

 ****************************************************
 * Writing out vegas grid to ./data/output.grid                                                      
 ****************************************************

  Input parameters for vegas:  ndim=  9   ncall= 80707214.
                              it=    0    itmx=    2
                              acc=-1.00    
                              mds=  1     nd=  50
                              (xl,xu)= (  0.00000     ,  1.00000     )
                                       (  0.00000     ,  1.00000     )
                                       (  0.00000     ,  1.00000     )
                                       (  0.00000     ,  1.00000     )
                                       (  0.00000     ,  1.00000     )
                                       (  0.00000     ,  1.00000     )
                                       (  0.00000     ,  1.00000     )
                                       (  0.00000     ,  1.00000     )
                                       (  0.00000     ,  1.00000     )

#********** Integration by Vegas (iteration       1) ************
#                                                               *
#  integral  = 0.65860969E-04   accum. integral = 0.65860969E-04*
#  std. dev. = 0.37126137E-07   accum. std. dev = 0.37126137E-07*
#   min/max. wt. =    0.00000            0.140121E-08           *
#                                                               *
#*************   chi**2/iteration =  0.000       ****************


#********** Integration by Vegas (iteration       2) ************
#                                                               *
#  integral  = 0.65842683E-04   accum. integral = 0.65851954E-04*
#  std. dev. = 0.37638246E-07   accum. std. dev = 0.26431291E-07*
#   min/max. wt. =    0.00000            0.157998E-08           *
#                                                               *
#*************   chi**2/iteration = 0.1195       ****************

 Done
