SLURM job running in:  /work-zfs/lhc/heshy/JHUGen/xsecs/JHUGen/JHUGenerator
LHAPDF 6.1.5 loading /work-zfs/lhc/cms/slc6_amd64_gcc493/external/lhapdf/6.1.5-kpegke3/share/LHAPDF/NNPDF30_lo_as_0130/NNPDF30_lo_as_0130_0000.dat
NNPDF30_lo_as_0130 PDF set, member #0, version 2; LHAPDF ID = 263000
 extending no. of histograms for vbf tests
 
                                                                                          
   ***************************************************************************************
   *                                JHU Generator v6.9.9                                 *
   ***************************************************************************************
   *                                                                                     *
   *   Spin and parity determination of single-produced resonances at hadron colliders   *
   *                                                                                     *
   *          I. Anderson, S. Bolognesi, F. Caola, Y. Gao, A. Gritsan, Z. Guo,           *
   *        C. Martin, K. Melnikov, R.Rontsch, H. Roskes, U. Sarica, M. Schulze,         *
   *                   N. Tran, A. Whitbeck, M. Xiao, C. You, Y. Zhou                    *
   *                Phys.Rev. D81 (2010) 075022;  arXiv:1001.3396 [hep-ph],              *
   *                Phys.Rev. D86 (2012) 095031;  arXiv:1208.4018 [hep-ph],              *
   *                Phys.Rev. D89 (2014) 035007;  arXiv:1309.4819 [hep-ph].              *
   *                                                                                     *
   ***************************************************************************************
                                                                                          
   
   Command line: ./JHUGen Unweighted=0 VegasNc0=99999999 VegasNc1=99999999 VegasNc2=99999999 LHAPDF=NNPDF30_lo_as_0130/NNPDF30_lo_as_0130.info MReso=476 ghz1=0,0 ghz1_prime2=1,0 Process=60 pTjetcut=0 deltaRcut=0 pTjetcut=25 etajetcut=4.7 pTlepcut=5 etalepcut=2.5
   
   Input Parameter:
    Collider: P-P, sqrt(s)=13000.00
    Resonance: spin=0, mass= 476.00 width=   0.00407
    Z-boson: mass=91.188, width=2.4952
    W-boson: mass=80.399, width=2.0850
    Jet cuts:
            pT >=    25.00 GeV
         |eta| <=     4.70
        DeltaR >=     0.00
           mJJ >=     0.00 GeV
           m4l_min/max      -1.00     -1.00 GeV
    Random seed:   910290569
    To reproduce results using this seed, JHUGen should be compiled with the same compiler:
      GNU Fortran (GCC) 4.8.2
    
    WidthScheme:   2
    LHAPDF set NNPDF30_lo_as_0130/NNPDF30_lo_as_0130.info, member=  0
    Unweighted: F
    Intermediate off-shell photons: F
    
    spin-0-VV couplings: 
      generate_as=F
      ghg2=  0.10000000E+01  0.00000000E+00i
      ghg3=  0.00000000E+00  0.00000000E+00i
      ghg4=  0.00000000E+00  0.00000000E+00i
      ghz1=  0.00000000E+00  0.00000000E+00i
      ghz2=  0.00000000E+00  0.00000000E+00i
      ghz3=  0.00000000E+00  0.00000000E+00i
      ghz4=  0.00000000E+00  0.00000000E+00i
      ghz1_prime2=  0.10000000E+01  0.00000000E+00i,    Lambda_z1=  1.0000E+04
      Lambda=  1000.0
    
    LHE output: ./data/output.lhe
    Histogram output: ./data/output.dat
    Log file: ./data/output.log
    
  Running

  Input parameters for vegas:  ndim=  9   ncall= 80707214.
                              it=    0    itmx=   15
                              acc=-1.00    
                              mds=  1     nd=  50
                              (xl,xu)= (  0.00000     ,  1.00000     )
                                       (  0.00000     ,  1.00000     )
                                       (  0.00000     ,  1.00000     )
                                       (  0.00000     ,  1.00000     )
                                       (  0.00000     ,  1.00000     )
                                       (  0.00000     ,  1.00000     )
                                       (  0.00000     ,  1.00000     )
                                       (  0.00000     ,  1.00000     )
                                       (  0.00000     ,  1.00000     )

#********** Integration by Vegas (iteration       1) ************
#                                                               *
#  integral  = 0.39523140E-04   accum. integral = 0.39523140E-04*
#  std. dev. = 0.23637778E-05   accum. std. dev = 0.23637778E-05*
#   min/max. wt. =    0.00000            0.156835E-05           *
#                                                               *
#*************   chi**2/iteration =  0.000       ****************


#********** Integration by Vegas (iteration       2) ************
#                                                               *
#  integral  = 0.61557493E-04   accum. integral = 0.46844080E-04*
#  std. dev. = 0.52192656E-05   accum. std. dev = 0.25280206E-05*
#   min/max. wt. =    0.00000            0.447102E-05           *
#                                                               *
#*************   chi**2/iteration =  16.84       ****************


#********** Integration by Vegas (iteration       3) ************
#                                                               *
#  integral  = 0.64434010E-04   accum. integral = 0.63326835E-04*
#  std. dev. = 0.81615034E-06   accum. std. dev = 0.69009822E-06*
#   min/max. wt. =    0.00000            0.321951E-06           *
#                                                               *
#*************   chi**2/iteration =  26.27       ****************


#********** Integration by Vegas (iteration       4) ************
#                                                               *
#  integral  = 0.64720398E-04   accum. integral = 0.64689261E-04*
#  std. dev. = 0.11996620E-06   accum. std. dev = 0.10722904E-06*
#   min/max. wt. =    0.00000            0.175913E-07           *
#                                                               *
#*************   chi**2/iteration =  17.44       ****************


#********** Integration by Vegas (iteration       5) ************
#                                                               *
#  integral  = 0.64772452E-04   accum. integral = 0.64759266E-04*
#  std. dev. = 0.51522149E-07   accum. std. dev = 0.43643325E-07*
#   min/max. wt. =    0.00000            0.409845E-08           *
#                                                               *
#*************   chi**2/iteration =  12.63       ****************


#********** Integration by Vegas (iteration       6) ************
#                                                               *
#  integral  = 0.64876472E-04   accum. integral = 0.64827918E-04*
#  std. dev. = 0.39810990E-07   accum. std. dev = 0.28500444E-07*
#   min/max. wt. =    0.00000            0.222290E-08           *
#                                                               *
#*************   chi**2/iteration =  10.64       ****************


#********** Integration by Vegas (iteration       7) ************
#                                                               *
#  integral  = 0.64762890E-04   accum. integral = 0.64801006E-04*
#  std. dev. = 0.36197652E-07   accum. std. dev = 0.22035560E-07*
#   min/max. wt. =    0.00000            0.941566E-09           *
#                                                               *
#*************   chi**2/iteration =  9.046       ****************


#********** Integration by Vegas (iteration       8) ************
#                                                               *
#  integral  = 0.64839966E-04   accum. integral = 0.64812811E-04*
#  std. dev. = 0.35359998E-07   accum. std. dev = 0.18533510E-07*
#   min/max. wt. =    0.00000            0.205454E-08           *
#                                                               *
#*************   chi**2/iteration =  7.774       ****************


#********** Integration by Vegas (iteration       9) ************
#                                                               *
#  integral  = 0.64834115E-04   accum. integral = 0.64817900E-04*
#  std. dev. = 0.34739478E-07   accum. std. dev = 0.16261002E-07*
#   min/max. wt. =    0.00000            0.997423E-09           *
#                                                               *
#*************   chi**2/iteration =  6.764       ****************


#********** Integration by Vegas (iteration      10) ************
#                                                               *
#  integral  = 0.64863604E-04   accum. integral = 0.64826669E-04*
#  std. dev. = 0.34864055E-07   accum. std. dev = 0.14684727E-07*
#   min/max. wt. =    0.00000            0.189088E-08           *
#                                                               *
#*************   chi**2/iteration =  6.125       ****************


#********** Integration by Vegas (iteration      11) ************
#                                                               *
#  integral  = 0.64808756E-04   accum. integral = 0.64823793E-04*
#  std. dev. = 0.34887962E-07   accum. std. dev = 0.13502897E-07*
#   min/max. wt. =    0.00000            0.222093E-08           *
#                                                               *
#*************   chi**2/iteration =  5.497       ****************


#********** Integration by Vegas (iteration      12) ************
#                                                               *
#  integral  = 0.64814832E-04   accum. integral = 0.64822567E-04*
#  std. dev. = 0.35128175E-07   accum. std. dev = 0.12583388E-07*
#   min/max. wt. =    0.00000            0.119829E-08           *
#                                                               *
#*************   chi**2/iteration =  4.973       ****************


#********** Integration by Vegas (iteration      13) ************
#                                                               *
#  integral  = 0.64836095E-04   accum. integral = 0.64824161E-04*
#  std. dev. = 0.35556212E-07   accum. std. dev = 0.11848999E-07*
#   min/max. wt. =    0.00000            0.118566E-08           *
#                                                               *
#*************   chi**2/iteration =  4.547       ****************


#********** Integration by Vegas (iteration      14) ************
#                                                               *
#  integral  = 0.64827767E-04   accum. integral = 0.64824539E-04*
#  std. dev. = 0.35685776E-07   accum. std. dev = 0.11235861E-07*
#   min/max. wt. =    0.00000            0.104011E-08           *
#                                                               *
#*************   chi**2/iteration =  4.180       ****************


#********** Integration by Vegas (iteration      15) ************
#                                                               *
#  integral  = 0.64855634E-04   accum. integral = 0.64827386E-04*
#  std. dev. = 0.36382827E-07   accum. std. dev = 0.10729371E-07*
#   min/max. wt. =    0.00000            0.268631E-08           *
#                                                               *
#*************   chi**2/iteration =  3.916       ****************

 ****************************************************
 * Writing out vegas grid to ./data/output.grid                                                      
 ****************************************************

  Input parameters for vegas:  ndim=  9   ncall= 80707214.
                              it=    0    itmx=    2
                              acc=-1.00    
                              mds=  1     nd=  50
                              (xl,xu)= (  0.00000     ,  1.00000     )
                                       (  0.00000     ,  1.00000     )
                                       (  0.00000     ,  1.00000     )
                                       (  0.00000     ,  1.00000     )
                                       (  0.00000     ,  1.00000     )
                                       (  0.00000     ,  1.00000     )
                                       (  0.00000     ,  1.00000     )
                                       (  0.00000     ,  1.00000     )
                                       (  0.00000     ,  1.00000     )

#********** Integration by Vegas (iteration       1) ************
#                                                               *
#  integral  = 0.64859945E-04   accum. integral = 0.64859945E-04*
#  std. dev. = 0.36519220E-07   accum. std. dev = 0.36519220E-07*
#   min/max. wt. =    0.00000            0.962213E-09           *
#                                                               *
#*************   chi**2/iteration =  0.000       ****************


#********** Integration by Vegas (iteration       2) ************
#                                                               *
#  integral  = 0.64808175E-04   accum. integral = 0.64834269E-04*
#  std. dev. = 0.36786749E-07   accum. std. dev = 0.25916980E-07*
#   min/max. wt. =    0.00000            0.344287E-08           *
#                                                               *
#*************   chi**2/iteration = 0.9965       ****************

 Done
