SLURM job running in:  /work-zfs/lhc/heshy/JHUGen/xsecs/JHUGen/JHUGenerator
LHAPDF 6.1.5 loading /work-zfs/lhc/cms/slc6_amd64_gcc493/external/lhapdf/6.1.5-kpegke3/share/LHAPDF/NNPDF30_lo_as_0130/NNPDF30_lo_as_0130_0000.dat
NNPDF30_lo_as_0130 PDF set, member #0, version 2; LHAPDF ID = 263000
 extending no. of histograms for vbf tests
 
                                                                                          
   ***************************************************************************************
   *                                JHU Generator v6.9.9                                 *
   ***************************************************************************************
   *                                                                                     *
   *   Spin and parity determination of single-produced resonances at hadron colliders   *
   *                                                                                     *
   *          I. Anderson, S. Bolognesi, F. Caola, Y. Gao, A. Gritsan, Z. Guo,           *
   *        C. Martin, K. Melnikov, R.Rontsch, H. Roskes, U. Sarica, M. Schulze,         *
   *                   N. Tran, A. Whitbeck, M. Xiao, C. You, Y. Zhou                    *
   *                Phys.Rev. D81 (2010) 075022;  arXiv:1001.3396 [hep-ph],              *
   *                Phys.Rev. D86 (2012) 095031;  arXiv:1208.4018 [hep-ph],              *
   *                Phys.Rev. D89 (2014) 035007;  arXiv:1309.4819 [hep-ph].              *
   *                                                                                     *
   ***************************************************************************************
                                                                                          
   
   Command line: ./JHUGen Unweighted=0 VegasNc0=99999999 VegasNc1=99999999 VegasNc2=99999999 LHAPDF=NNPDF30_lo_as_0130/NNPDF30_lo_as_0130.info MReso=625 ghz1=0,0 ghz1_prime2=1,0 Process=60 pTjetcut=0 deltaRcut=0 pTjetcut=25 etajetcut=4.7 pTlepcut=5 etalepcut=2.5
   
   Input Parameter:
    Collider: P-P, sqrt(s)=13000.00
    Resonance: spin=0, mass= 625.00 width=   0.00407
    Z-boson: mass=91.188, width=2.4952
    W-boson: mass=80.399, width=2.0850
    Jet cuts:
            pT >=    25.00 GeV
         |eta| <=     4.70
        DeltaR >=     0.00
           mJJ >=     0.00 GeV
           m4l_min/max      -1.00     -1.00 GeV
    Random seed:    74182244
    To reproduce results using this seed, JHUGen should be compiled with the same compiler:
      GNU Fortran (GCC) 4.8.2
    
    WidthScheme:   2
    LHAPDF set NNPDF30_lo_as_0130/NNPDF30_lo_as_0130.info, member=  0
    Unweighted: F
    Intermediate off-shell photons: F
    
    spin-0-VV couplings: 
      generate_as=F
      ghg2=  0.10000000E+01  0.00000000E+00i
      ghg3=  0.00000000E+00  0.00000000E+00i
      ghg4=  0.00000000E+00  0.00000000E+00i
      ghz1=  0.00000000E+00  0.00000000E+00i
      ghz2=  0.00000000E+00  0.00000000E+00i
      ghz3=  0.00000000E+00  0.00000000E+00i
      ghz4=  0.00000000E+00  0.00000000E+00i
      ghz1_prime2=  0.10000000E+01  0.00000000E+00i,    Lambda_z1=  1.0000E+04
      Lambda=  1000.0
    
    LHE output: ./data/output.lhe
    Histogram output: ./data/output.dat
    Log file: ./data/output.log
    
  Running

  Input parameters for vegas:  ndim=  9   ncall= 80707214.
                              it=    0    itmx=   15
                              acc=-1.00    
                              mds=  1     nd=  50
                              (xl,xu)= (  0.00000     ,  1.00000     )
                                       (  0.00000     ,  1.00000     )
                                       (  0.00000     ,  1.00000     )
                                       (  0.00000     ,  1.00000     )
                                       (  0.00000     ,  1.00000     )
                                       (  0.00000     ,  1.00000     )
                                       (  0.00000     ,  1.00000     )
                                       (  0.00000     ,  1.00000     )
                                       (  0.00000     ,  1.00000     )

#********** Integration by Vegas (iteration       1) ************
#                                                               *
#  integral  = 0.25116485E-04   accum. integral = 0.25116485E-04*
#  std. dev. = 0.67284290E-06   accum. std. dev = 0.67284290E-06*
#   min/max. wt. =    0.00000            0.508170E-06           *
#                                                               *
#*************   chi**2/iteration = 0.2284E-09   ****************


#********** Integration by Vegas (iteration       2) ************
#                                                               *
#  integral  = 0.36149042E-04   accum. integral = 0.26880803E-04*
#  std. dev. = 0.22195337E-05   accum. std. dev = 0.76424286E-06*
#   min/max. wt. =    0.00000            0.191542E-05           *
#                                                               *
#*************   chi**2/iteration =  27.97       ****************


#********** Integration by Vegas (iteration       3) ************
#                                                               *
#  integral  = 0.44746659E-04   accum. integral = 0.31656201E-04*
#  std. dev. = 0.18190666E-05   accum. std. dev = 0.76165852E-06*
#   min/max. wt. =    0.00000            0.161672E-05           *
#                                                               *
#*************   chi**2/iteration =  64.17       ****************


#********** Integration by Vegas (iteration       4) ************
#                                                               *
#  integral  = 0.44566320E-04   accum. integral = 0.44045106E-04*
#  std. dev. = 0.19212297E-06   accum. std. dev = 0.16254556E-06*
#   min/max. wt. =    0.00000            0.901282E-07           *
#                                                               *
#*************   chi**2/iteration =  119.4       ****************


#********** Integration by Vegas (iteration       5) ************
#                                                               *
#  integral  = 0.44626989E-04   accum. integral = 0.44590951E-04*
#  std. dev. = 0.48424429E-07   accum. std. dev = 0.41821070E-07*
#   min/max. wt. =    0.00000            0.497114E-08           *
#                                                               *
#*************   chi**2/iteration =  86.58       ****************


#********** Integration by Vegas (iteration       6) ************
#                                                               *
#  integral  = 0.44605079E-04   accum. integral = 0.44601072E-04*
#  std. dev. = 0.29493439E-07   accum. std. dev = 0.22741741E-07*
#   min/max. wt. =    0.00000            0.156595E-08           *
#                                                               *
#*************   chi**2/iteration =  66.44       ****************


#********** Integration by Vegas (iteration       7) ************
#                                                               *
#  integral  = 0.44619769E-04   accum. integral = 0.44610053E-04*
#  std. dev. = 0.25975596E-07   accum. std. dev = 0.16633653E-07*
#   min/max. wt. =    0.00000            0.140153E-08           *
#                                                               *
#*************   chi**2/iteration =  53.84       ****************


#********** Integration by Vegas (iteration       8) ************
#                                                               *
#  integral  = 0.44616180E-04   accum. integral = 0.44612173E-04*
#  std. dev. = 0.24743587E-07   accum. std. dev = 0.13593945E-07*
#   min/max. wt. =    0.00000            0.124259E-08           *
#                                                               *
#*************   chi**2/iteration =  45.19       ****************


#********** Integration by Vegas (iteration       9) ************
#                                                               *
#  integral  = 0.44567398E-04   accum. integral = 0.44600135E-04*
#  std. dev. = 0.23978805E-07   accum. std. dev = 0.11716519E-07*
#   min/max. wt. =    0.00000            0.782179E-09           *
#                                                               *
#*************   chi**2/iteration =  39.28       ****************


#********** Integration by Vegas (iteration      10) ************
#                                                               *
#  integral  = 0.44616712E-04   accum. integral = 0.44603679E-04*
#  std. dev. = 0.23868912E-07   accum. std. dev = 0.10455406E-07*
#   min/max. wt. =    0.00000            0.794474E-09           *
#                                                               *
#*************   chi**2/iteration =  34.52       ****************


#********** Integration by Vegas (iteration      11) ************
#                                                               *
#  integral  = 0.44641434E-04   accum. integral = 0.44610392E-04*
#  std. dev. = 0.23745755E-07   accum. std. dev = 0.95300682E-08*
#   min/max. wt. =    0.00000            0.103804E-08           *
#                                                               *
#*************   chi**2/iteration =  30.97       ****************


#********** Integration by Vegas (iteration      12) ************
#                                                               *
#  integral  = 0.44611817E-04   accum. integral = 0.44610605E-04*
#  std. dev. = 0.23854880E-07   accum. std. dev = 0.88256648E-08*
#   min/max. wt. =    0.00000            0.649010E-09           *
#                                                               *
#*************   chi**2/iteration =  27.92       ****************


#********** Integration by Vegas (iteration      13) ************
#                                                               *
#  integral  = 0.44614007E-04   accum. integral = 0.44611049E-04*
#  std. dev. = 0.23816974E-07   accum. std. dev = 0.82590146E-08*
#   min/max. wt. =    0.00000            0.883026E-09           *
#                                                               *
#*************   chi**2/iteration =  25.41       ****************


#********** Integration by Vegas (iteration      14) ************
#                                                               *
#  integral  = 0.44582758E-04   accum. integral = 0.44607830E-04*
#  std. dev. = 0.23995314E-07   accum. std. dev = 0.77981682E-08*
#   min/max. wt. =    0.00000            0.701399E-09           *
#                                                               *
#*************   chi**2/iteration =  23.42       ****************


#********** Integration by Vegas (iteration      15) ************
#                                                               *
#  integral  = 0.44603361E-04   accum. integral = 0.44607388E-04*
#  std. dev. = 0.24447744E-07   accum. std. dev = 0.74219431E-08*
#   min/max. wt. =    0.00000            0.161592E-08           *
#                                                               *
#*************   chi**2/iteration =  21.64       ****************

 ****************************************************
 * Writing out vegas grid to ./data/output.grid                                                      
 ****************************************************

  Input parameters for vegas:  ndim=  9   ncall= 80707214.
                              it=    0    itmx=    2
                              acc=-1.00    
                              mds=  1     nd=  50
                              (xl,xu)= (  0.00000     ,  1.00000     )
                                       (  0.00000     ,  1.00000     )
                                       (  0.00000     ,  1.00000     )
                                       (  0.00000     ,  1.00000     )
                                       (  0.00000     ,  1.00000     )
                                       (  0.00000     ,  1.00000     )
                                       (  0.00000     ,  1.00000     )
                                       (  0.00000     ,  1.00000     )
                                       (  0.00000     ,  1.00000     )

#********** Integration by Vegas (iteration       1) ************
#                                                               *
#  integral  = 0.44609553E-04   accum. integral = 0.44609553E-04*
#  std. dev. = 0.24349261E-07   accum. std. dev = 0.24349261E-07*
#   min/max. wt. =    0.00000            0.164816E-08           *
#                                                               *
#*************   chi**2/iteration =  0.000       ****************


#********** Integration by Vegas (iteration       2) ************
#                                                               *
#  integral  = 0.44624165E-04   accum. integral = 0.44616765E-04*
#  std. dev. = 0.24671871E-07   accum. std. dev = 0.17330499E-07*
#   min/max. wt. =    0.00000            0.118372E-08           *
#                                                               *
#*************   chi**2/iteration = 0.1775       ****************

 Done
