SLURM job running in:  /work-zfs/lhc/heshy/JHUGen/xsecs/JHUGen/JHUGenerator
LHAPDF 6.1.5 loading /work-zfs/lhc/cms/slc6_amd64_gcc493/external/lhapdf/6.1.5-kpegke3/share/LHAPDF/NNPDF30_lo_as_0130/NNPDF30_lo_as_0130_0000.dat
NNPDF30_lo_as_0130 PDF set, member #0, version 2; LHAPDF ID = 263000
 extending no. of histograms for vbf tests
 
                                                                                          
   ***************************************************************************************
   *                                JHU Generator v6.9.9                                 *
   ***************************************************************************************
   *                                                                                     *
   *   Spin and parity determination of single-produced resonances at hadron colliders   *
   *                                                                                     *
   *          I. Anderson, S. Bolognesi, F. Caola, Y. Gao, A. Gritsan, Z. Guo,           *
   *        C. Martin, K. Melnikov, R.Rontsch, H. Roskes, U. Sarica, M. Schulze,         *
   *                   N. Tran, A. Whitbeck, M. Xiao, C. You, Y. Zhou                    *
   *                Phys.Rev. D81 (2010) 075022;  arXiv:1001.3396 [hep-ph],              *
   *                Phys.Rev. D86 (2012) 095031;  arXiv:1208.4018 [hep-ph],              *
   *                Phys.Rev. D89 (2014) 035007;  arXiv:1309.4819 [hep-ph].              *
   *                                                                                     *
   ***************************************************************************************
                                                                                          
   
   Command line: ./JHUGen Unweighted=0 VegasNc0=99999999 VegasNc1=99999999 VegasNc2=99999999 LHAPDF=NNPDF30_lo_as_0130/NNPDF30_lo_as_0130.info MReso=670 ghz1=0,0 ghz1_prime2=1,0 Process=60 pTjetcut=0 deltaRcut=0 pTjetcut=25 etajetcut=4.7 pTlepcut=5 etalepcut=2.5
   
   Input Parameter:
    Collider: P-P, sqrt(s)=13000.00
    Resonance: spin=0, mass= 670.00 width=   0.00407
    Z-boson: mass=91.188, width=2.4952
    W-boson: mass=80.399, width=2.0850
    Jet cuts:
            pT >=    25.00 GeV
         |eta| <=     4.70
        DeltaR >=     0.00
           mJJ >=     0.00 GeV
           m4l_min/max      -1.00     -1.00 GeV
    Random seed:   435955300
    To reproduce results using this seed, JHUGen should be compiled with the same compiler:
      GNU Fortran (GCC) 4.8.2
    
    WidthScheme:   2
    LHAPDF set NNPDF30_lo_as_0130/NNPDF30_lo_as_0130.info, member=  0
    Unweighted: F
    Intermediate off-shell photons: F
    
    spin-0-VV couplings: 
      generate_as=F
      ghg2=  0.10000000E+01  0.00000000E+00i
      ghg3=  0.00000000E+00  0.00000000E+00i
      ghg4=  0.00000000E+00  0.00000000E+00i
      ghz1=  0.00000000E+00  0.00000000E+00i
      ghz2=  0.00000000E+00  0.00000000E+00i
      ghz3=  0.00000000E+00  0.00000000E+00i
      ghz4=  0.00000000E+00  0.00000000E+00i
      ghz1_prime2=  0.10000000E+01  0.00000000E+00i,    Lambda_z1=  1.0000E+04
      Lambda=  1000.0
    
    LHE output: ./data/output.lhe
    Histogram output: ./data/output.dat
    Log file: ./data/output.log
    
  Running

  Input parameters for vegas:  ndim=  9   ncall= 80707214.
                              it=    0    itmx=   15
                              acc=-1.00    
                              mds=  1     nd=  50
                              (xl,xu)= (  0.00000     ,  1.00000     )
                                       (  0.00000     ,  1.00000     )
                                       (  0.00000     ,  1.00000     )
                                       (  0.00000     ,  1.00000     )
                                       (  0.00000     ,  1.00000     )
                                       (  0.00000     ,  1.00000     )
                                       (  0.00000     ,  1.00000     )
                                       (  0.00000     ,  1.00000     )
                                       (  0.00000     ,  1.00000     )

#********** Integration by Vegas (iteration       1) ************
#                                                               *
#  integral  = 0.25535883E-04   accum. integral = 0.25535883E-04*
#  std. dev. = 0.23141007E-05   accum. std. dev = 0.23141007E-05*
#   min/max. wt. =    0.00000            0.211366E-05           *
#                                                               *
#*************   chi**2/iteration =  0.000       ****************


#********** Integration by Vegas (iteration       2) ************
#                                                               *
#  integral  = 0.10768671E-03   accum. integral = 0.26896858E-04*
#  std. dev. = 0.75187691E-04   accum. std. dev = 0.70328347E-05*
#   min/max. wt. =    0.00000            0.751750E-04           *
#                                                               *
#*************   chi**2/iteration =  2.221       ****************


#********** Integration by Vegas (iteration       3) ************
#                                                               *
#  integral  = 0.40025854E-04   accum. integral = 0.35476131E-04*
#  std. dev. = 0.26194595E-05   accum. std. dev = 0.35946272E-05*
#   min/max. wt. =  -0.460178E-11        0.229893E-05           *
#                                                               *
#*************   chi**2/iteration =  2.983       ****************


#********** Integration by Vegas (iteration       4) ************
#                                                               *
#  integral  = 0.40158873E-04   accum. integral = 0.40003462E-04*
#  std. dev. = 0.39362430E-06   accum. std. dev = 0.59922876E-06*
#   min/max. wt. =    0.00000            0.296222E-06           *
#                                                               *
#*************   chi**2/iteration =  3.029       ****************


#********** Integration by Vegas (iteration       5) ************
#                                                               *
#  integral  = 0.40012870E-04   accum. integral = 0.40012551E-04*
#  std. dev. = 0.72251068E-07   accum. std. dev = 0.10368418E-06*
#   min/max. wt. =    0.00000            0.124150E-07           *
#                                                               *
#*************   chi**2/iteration =  2.573       ****************


#********** Integration by Vegas (iteration       6) ************
#                                                               *
#  integral  = 0.40020952E-04   accum. integral = 0.40019715E-04*
#  std. dev. = 0.29521392E-07   accum. std. dev = 0.37992575E-07*
#   min/max. wt. =    0.00000            0.179208E-08           *
#                                                               *
#*************   chi**2/iteration =  2.260       ****************


#********** Integration by Vegas (iteration       7) ************
#                                                               *
#  integral  = 0.39987881E-04   accum. integral = 0.40001988E-04*
#  std. dev. = 0.24299010E-07   accum. std. dev = 0.24397859E-07*
#   min/max. wt. =    0.00000            0.899961E-09           *
#                                                               *
#*************   chi**2/iteration =  2.094       ****************


#********** Integration by Vegas (iteration       8) ************
#                                                               *
#  integral  = 0.40014487E-04   accum. integral = 0.40006857E-04*
#  std. dev. = 0.22713899E-07   accum. std. dev = 0.18522316E-07*
#   min/max. wt. =    0.00000            0.102996E-08           *
#                                                               *
#*************   chi**2/iteration =  1.916       ****************


#********** Integration by Vegas (iteration       9) ************
#                                                               *
#  integral  = 0.40009340E-04   accum. integral = 0.40007582E-04*
#  std. dev. = 0.22075214E-07   accum. std. dev = 0.15222858E-07*
#   min/max. wt. =    0.00000            0.104492E-08           *
#                                                               *
#*************   chi**2/iteration =  1.758       ****************


#********** Integration by Vegas (iteration      10) ************
#                                                               *
#  integral  = 0.39973803E-04   accum. integral = 0.39999716E-04*
#  std. dev. = 0.21629751E-07   accum. std. dev = 0.13072492E-07*
#   min/max. wt. =    0.00000            0.856280E-09           *
#                                                               *
#*************   chi**2/iteration =  1.758       ****************


#********** Integration by Vegas (iteration      11) ************
#                                                               *
#  integral  = 0.40014423E-04   accum. integral = 0.40002497E-04*
#  std. dev. = 0.21636968E-07   accum. std. dev = 0.11576977E-07*
#   min/max. wt. =    0.00000            0.991923E-09           *
#                                                               *
#*************   chi**2/iteration =  1.661       ****************


#********** Integration by Vegas (iteration      12) ************
#                                                               *
#  integral  = 0.40011419E-04   accum. integral = 0.40003881E-04*
#  std. dev. = 0.21953490E-07   accum. std. dev = 0.10489382E-07*
#   min/max. wt. =    0.00000            0.967895E-09           *
#                                                               *
#*************   chi**2/iteration =  1.563       ****************


#********** Integration by Vegas (iteration      13) ************
#                                                               *
#  integral  = 0.40017751E-04   accum. integral = 0.40005742E-04*
#  std. dev. = 0.21971302E-07   accum. std. dev = 0.96394717E-08*
#   min/max. wt. =    0.00000            0.912770E-09           *
#                                                               *
#*************   chi**2/iteration =  1.489       ****************


#********** Integration by Vegas (iteration      14) ************
#                                                               *
#  integral  = 0.39977045E-04   accum. integral = 0.40002377E-04*
#  std. dev. = 0.22059904E-07   accum. std. dev = 0.89577671E-08*
#   min/max. wt. =    0.00000            0.142137E-08           *
#                                                               *
#*************   chi**2/iteration =  1.486       ****************


#********** Integration by Vegas (iteration      15) ************
#                                                               *
#  integral  = 0.40027016E-04   accum. integral = 0.40004884E-04*
#  std. dev. = 0.22473932E-07   accum. std. dev = 0.84082662E-08*
#   min/max. wt. =    0.00000            0.116919E-08           *
#                                                               *
#*************   chi**2/iteration =  1.463       ****************

 ****************************************************
 * Writing out vegas grid to ./data/output.grid                                                      
 ****************************************************

  Input parameters for vegas:  ndim=  9   ncall= 80707214.
                              it=    0    itmx=    2
                              acc=-1.00    
                              mds=  1     nd=  50
                              (xl,xu)= (  0.00000     ,  1.00000     )
                                       (  0.00000     ,  1.00000     )
                                       (  0.00000     ,  1.00000     )
                                       (  0.00000     ,  1.00000     )
                                       (  0.00000     ,  1.00000     )
                                       (  0.00000     ,  1.00000     )
                                       (  0.00000     ,  1.00000     )
                                       (  0.00000     ,  1.00000     )
                                       (  0.00000     ,  1.00000     )

#********** Integration by Vegas (iteration       1) ************
#                                                               *
#  integral  = 0.40002425E-04   accum. integral = 0.40002425E-04*
#  std. dev. = 0.22463346E-07   accum. std. dev = 0.22463346E-07*
#   min/max. wt. =    0.00000            0.123331E-08           *
#                                                               *
#*************   chi**2/iteration =  0.000       ****************


#********** Integration by Vegas (iteration       2) ************
#                                                               *
#  integral  = 0.39981247E-04   accum. integral = 0.39992011E-04*
#  std. dev. = 0.22825277E-07   accum. std. dev = 0.16010345E-07*
#   min/max. wt. =    0.00000            0.877562E-09           *
#                                                               *
#*************   chi**2/iteration = 0.4369       ****************

 Done
