SLURM job running in:  /work-zfs/lhc/heshy/JHUGen/xsecs/JHUGen/JHUGenerator
LHAPDF 6.1.5 loading /work-zfs/lhc/cms/slc6_amd64_gcc493/external/lhapdf/6.1.5-kpegke3/share/LHAPDF/NNPDF30_lo_as_0130/NNPDF30_lo_as_0130_0000.dat
NNPDF30_lo_as_0130 PDF set, member #0, version 2; LHAPDF ID = 263000
 extending no. of histograms for vbf tests
 
                                                                                          
   ***************************************************************************************
   *                                JHU Generator v6.9.9                                 *
   ***************************************************************************************
   *                                                                                     *
   *   Spin and parity determination of single-produced resonances at hadron colliders   *
   *                                                                                     *
   *          I. Anderson, S. Bolognesi, F. Caola, Y. Gao, A. Gritsan, Z. Guo,           *
   *        C. Martin, K. Melnikov, R.Rontsch, H. Roskes, U. Sarica, M. Schulze,         *
   *                   N. Tran, A. Whitbeck, M. Xiao, C. You, Y. Zhou                    *
   *                Phys.Rev. D81 (2010) 075022;  arXiv:1001.3396 [hep-ph],              *
   *                Phys.Rev. D86 (2012) 095031;  arXiv:1208.4018 [hep-ph],              *
   *                Phys.Rev. D89 (2014) 035007;  arXiv:1309.4819 [hep-ph].              *
   *                                                                                     *
   ***************************************************************************************
                                                                                          
   
   Command line: ./JHUGen Unweighted=0 VegasNc0=99999999 VegasNc1=99999999 VegasNc2=99999999 LHAPDF=NNPDF30_lo_as_0130/NNPDF30_lo_as_0130.info MReso=715 ghz1=0,0 ghz1_prime2=1,0 Process=60 pTjetcut=0 deltaRcut=0 pTjetcut=25 etajetcut=4.7 pTlepcut=5 etalepcut=2.5
   
   Input Parameter:
    Collider: P-P, sqrt(s)=13000.00
    Resonance: spin=0, mass= 715.00 width=   0.00407
    Z-boson: mass=91.188, width=2.4952
    W-boson: mass=80.399, width=2.0850
    Jet cuts:
            pT >=    25.00 GeV
         |eta| <=     4.70
        DeltaR >=     0.00
           mJJ >=     0.00 GeV
           m4l_min/max      -1.00     -1.00 GeV
    Random seed:   757907972
    To reproduce results using this seed, JHUGen should be compiled with the same compiler:
      GNU Fortran (GCC) 4.8.2
    
    WidthScheme:   2
    LHAPDF set NNPDF30_lo_as_0130/NNPDF30_lo_as_0130.info, member=  0
    Unweighted: F
    Intermediate off-shell photons: F
    
    spin-0-VV couplings: 
      generate_as=F
      ghg2=  0.10000000E+01  0.00000000E+00i
      ghg3=  0.00000000E+00  0.00000000E+00i
      ghg4=  0.00000000E+00  0.00000000E+00i
      ghz1=  0.00000000E+00  0.00000000E+00i
      ghz2=  0.00000000E+00  0.00000000E+00i
      ghz3=  0.00000000E+00  0.00000000E+00i
      ghz4=  0.00000000E+00  0.00000000E+00i
      ghz1_prime2=  0.10000000E+01  0.00000000E+00i,    Lambda_z1=  1.0000E+04
      Lambda=  1000.0
    
    LHE output: ./data/output.lhe
    Histogram output: ./data/output.dat
    Log file: ./data/output.log
    
  Running

  Input parameters for vegas:  ndim=  9   ncall= 80707214.
                              it=    0    itmx=   15
                              acc=-1.00    
                              mds=  1     nd=  50
                              (xl,xu)= (  0.00000     ,  1.00000     )
                                       (  0.00000     ,  1.00000     )
                                       (  0.00000     ,  1.00000     )
                                       (  0.00000     ,  1.00000     )
                                       (  0.00000     ,  1.00000     )
                                       (  0.00000     ,  1.00000     )
                                       (  0.00000     ,  1.00000     )
                                       (  0.00000     ,  1.00000     )
                                       (  0.00000     ,  1.00000     )

#********** Integration by Vegas (iteration       1) ************
#                                                               *
#  integral  = 0.27860786E-04   accum. integral = 0.27860786E-04*
#  std. dev. = 0.62419593E-05   accum. std. dev = 0.62419593E-05*
#   min/max. wt. =    0.00000            0.601708E-05           *
#                                                               *
#*************   chi**2/iteration =  0.000       ****************


#********** Integration by Vegas (iteration       2) ************
#                                                               *
#  integral  = 0.30402074E-04   accum. integral = 0.30161525E-04*
#  std. dev. = 0.22024120E-05   accum. std. dev = 0.20099102E-05*
#   min/max. wt. =    0.00000            0.113257E-05           *
#                                                               *
#*************   chi**2/iteration = 0.1369       ****************


#********** Integration by Vegas (iteration       3) ************
#                                                               *
#  integral  = 0.40036010E-04   accum. integral = 0.33013468E-04*
#  std. dev. = 0.43304167E-05   accum. std. dev = 0.19289078E-05*
#   min/max. wt. =    0.00000            0.423041E-05           *
#                                                               *
#*************   chi**2/iteration =  2.743       ****************


#********** Integration by Vegas (iteration       4) ************
#                                                               *
#  integral  = 0.35808997E-04   accum. integral = 0.35765389E-04*
#  std. dev. = 0.26202921E-06   accum. std. dev = 0.24581886E-06*
#   min/max. wt. =    0.00000            0.145987E-06           *
#                                                               *
#*************   chi**2/iteration =  2.418       ****************


#********** Integration by Vegas (iteration       5) ************
#                                                               *
#  integral  = 0.35896719E-04   accum. integral = 0.35892628E-04*
#  std. dev. = 0.46726918E-07   accum. std. dev = 0.43917021E-07*
#   min/max. wt. =    0.00000            0.572051E-08           *
#                                                               *
#*************   chi**2/iteration =  1.838       ****************


#********** Integration by Vegas (iteration       6) ************
#                                                               *
#  integral  = 0.35939496E-04   accum. integral = 0.35928706E-04*
#  std. dev. = 0.25182798E-07   accum. std. dev = 0.21245869E-07*
#   min/max. wt. =    0.00000            0.243163E-08           *
#                                                               *
#*************   chi**2/iteration =  1.619       ****************


#********** Integration by Vegas (iteration       7) ************
#                                                               *
#  integral  = 0.35949953E-04   accum. integral = 0.35939857E-04*
#  std. dev. = 0.21029368E-07   accum. std. dev = 0.14730947E-07*
#   min/max. wt. =    0.00000            0.139010E-08           *
#                                                               *
#*************   chi**2/iteration =  1.420       ****************


#********** Integration by Vegas (iteration       8) ************
#                                                               *
#  integral  = 0.35904532E-04   accum. integral = 0.35926797E-04*
#  std. dev. = 0.19867222E-07   accum. std. dev = 0.11743898E-07*
#   min/max. wt. =    0.00000            0.596778E-09           *
#                                                               *
#*************   chi**2/iteration =  1.508       ****************


#********** Integration by Vegas (iteration       9) ************
#                                                               *
#  integral  = 0.35911968E-04   accum. integral = 0.35922705E-04*
#  std. dev. = 0.19570458E-07   accum. std. dev = 0.10025299E-07*
#   min/max. wt. =    0.00000            0.881335E-09           *
#                                                               *
#*************   chi**2/iteration =  1.366       ****************


#********** Integration by Vegas (iteration      10) ************
#                                                               *
#  integral  = 0.35976947E-04   accum. integral = 0.35934393E-04*
#  std. dev. = 0.19651898E-07   accum. std. dev = 0.89042632E-08*
#   min/max. wt. =    0.00000            0.651877E-09           *
#                                                               *
#*************   chi**2/iteration =  1.904       ****************


#********** Integration by Vegas (iteration      11) ************
#                                                               *
#  integral  = 0.35897252E-04   accum. integral = 0.35927747E-04*
#  std. dev. = 0.19496867E-07   accum. std. dev = 0.80847725E-08*
#   min/max. wt. =    0.00000            0.887286E-09           *
#                                                               *
#*************   chi**2/iteration =  2.017       ****************


#********** Integration by Vegas (iteration      12) ************
#                                                               *
#  integral  = 0.35962281E-04   accum. integral = 0.35932910E-04*
#  std. dev. = 0.19707294E-07   accum. std. dev = 0.74697660E-08*
#   min/max. wt. =    0.00000            0.844120E-09           *
#                                                               *
#*************   chi**2/iteration =  2.074       ****************


#********** Integration by Vegas (iteration      13) ************
#                                                               *
#  integral  = 0.35927631E-04   accum. integral = 0.35932237E-04*
#  std. dev. = 0.19919047E-07   accum. std. dev = 0.69879076E-08*
#   min/max. wt. =    0.00000            0.105835E-08           *
#                                                               *
#*************   chi**2/iteration =  1.901       ****************


#********** Integration by Vegas (iteration      14) ************
#                                                               *
#  integral  = 0.35912444E-04   accum. integral = 0.35929964E-04*
#  std. dev. = 0.19732908E-07   accum. std. dev = 0.65825258E-08*
#   min/max. wt. =    0.00000            0.761056E-09           *
#                                                               *
#*************   chi**2/iteration =  1.821       ****************


#********** Integration by Vegas (iteration      15) ************
#                                                               *
#  integral  = 0.35948191E-04   accum. integral = 0.35931826E-04*
#  std. dev. = 0.19843180E-07   accum. std. dev = 0.62442797E-08*
#   min/max. wt. =    0.00000            0.955330E-09           *
#                                                               *
#*************   chi**2/iteration =  1.743       ****************

 ****************************************************
 * Writing out vegas grid to ./data/output.grid                                                      
 ****************************************************

  Input parameters for vegas:  ndim=  9   ncall= 80707214.
                              it=    0    itmx=    2
                              acc=-1.00    
                              mds=  1     nd=  50
                              (xl,xu)= (  0.00000     ,  1.00000     )
                                       (  0.00000     ,  1.00000     )
                                       (  0.00000     ,  1.00000     )
                                       (  0.00000     ,  1.00000     )
                                       (  0.00000     ,  1.00000     )
                                       (  0.00000     ,  1.00000     )
                                       (  0.00000     ,  1.00000     )
                                       (  0.00000     ,  1.00000     )
                                       (  0.00000     ,  1.00000     )

#********** Integration by Vegas (iteration       1) ************
#                                                               *
#  integral  = 0.35950542E-04   accum. integral = 0.35950542E-04*
#  std. dev. = 0.20085145E-07   accum. std. dev = 0.20085145E-07*
#   min/max. wt. =    0.00000            0.201829E-08           *
#                                                               *
#*************   chi**2/iteration =  0.000       ****************


#********** Integration by Vegas (iteration       2) ************
#                                                               *
#  integral  = 0.35948107E-04   accum. integral = 0.35949332E-04*
#  std. dev. = 0.20198435E-07   accum. std. dev = 0.14242225E-07*
#   min/max. wt. =    0.00000            0.664208E-09           *
#                                                               *
#*************   chi**2/iteration = 0.7304E-02   ****************

 Done
