SLURM job running in:  /work-zfs/lhc/heshy/JHUGen/xsecs/JHUGen/JHUGenerator
LHAPDF 6.1.5 loading /work-zfs/lhc/cms/slc6_amd64_gcc493/external/lhapdf/6.1.5-kpegke3/share/LHAPDF/NNPDF30_lo_as_0130/NNPDF30_lo_as_0130_0000.dat
NNPDF30_lo_as_0130 PDF set, member #0, version 2; LHAPDF ID = 263000
 extending no. of histograms for vbf tests
 
                                                                                          
   ***************************************************************************************
   *                                JHU Generator v6.9.9                                 *
   ***************************************************************************************
   *                                                                                     *
   *   Spin and parity determination of single-produced resonances at hadron colliders   *
   *                                                                                     *
   *          I. Anderson, S. Bolognesi, F. Caola, Y. Gao, A. Gritsan, Z. Guo,           *
   *        C. Martin, K. Melnikov, R.Rontsch, H. Roskes, U. Sarica, M. Schulze,         *
   *                   N. Tran, A. Whitbeck, M. Xiao, C. You, Y. Zhou                    *
   *                Phys.Rev. D81 (2010) 075022;  arXiv:1001.3396 [hep-ph],              *
   *                Phys.Rev. D86 (2012) 095031;  arXiv:1208.4018 [hep-ph],              *
   *                Phys.Rev. D89 (2014) 035007;  arXiv:1309.4819 [hep-ph].              *
   *                                                                                     *
   ***************************************************************************************
                                                                                          
   
   Command line: ./JHUGen Unweighted=0 VegasNc0=99999999 VegasNc1=99999999 VegasNc2=99999999 LHAPDF=NNPDF30_lo_as_0130/NNPDF30_lo_as_0130.info MReso=785 ghz1=0,0 ghz1_prime2=1,0 Process=60 pTjetcut=0 deltaRcut=0 pTjetcut=25 etajetcut=4.7 pTlepcut=5 etalepcut=2.5
   
   Input Parameter:
    Collider: P-P, sqrt(s)=13000.00
    Resonance: spin=0, mass= 785.00 width=   0.00407
    Z-boson: mass=91.188, width=2.4952
    W-boson: mass=80.399, width=2.0850
    Jet cuts:
            pT >=    25.00 GeV
         |eta| <=     4.70
        DeltaR >=     0.00
           mJJ >=     0.00 GeV
           m4l_min/max      -1.00     -1.00 GeV
    Random seed:   420937946
    To reproduce results using this seed, JHUGen should be compiled with the same compiler:
      GNU Fortran (GCC) 4.8.2
    
    WidthScheme:   2
    LHAPDF set NNPDF30_lo_as_0130/NNPDF30_lo_as_0130.info, member=  0
    Unweighted: F
    Intermediate off-shell photons: F
    
    spin-0-VV couplings: 
      generate_as=F
      ghg2=  0.10000000E+01  0.00000000E+00i
      ghg3=  0.00000000E+00  0.00000000E+00i
      ghg4=  0.00000000E+00  0.00000000E+00i
      ghz1=  0.00000000E+00  0.00000000E+00i
      ghz2=  0.00000000E+00  0.00000000E+00i
      ghz3=  0.00000000E+00  0.00000000E+00i
      ghz4=  0.00000000E+00  0.00000000E+00i
      ghz1_prime2=  0.10000000E+01  0.00000000E+00i,    Lambda_z1=  1.0000E+04
      Lambda=  1000.0
    
    LHE output: ./data/output.lhe
    Histogram output: ./data/output.dat
    Log file: ./data/output.log
    
  Running

  Input parameters for vegas:  ndim=  9   ncall= 80707214.
                              it=    0    itmx=   15
                              acc=-1.00    
                              mds=  1     nd=  50
                              (xl,xu)= (  0.00000     ,  1.00000     )
                                       (  0.00000     ,  1.00000     )
                                       (  0.00000     ,  1.00000     )
                                       (  0.00000     ,  1.00000     )
                                       (  0.00000     ,  1.00000     )
                                       (  0.00000     ,  1.00000     )
                                       (  0.00000     ,  1.00000     )
                                       (  0.00000     ,  1.00000     )
                                       (  0.00000     ,  1.00000     )

#********** Integration by Vegas (iteration       1) ************
#                                                               *
#  integral  = 0.17361374E-04   accum. integral = 0.17361374E-04*
#  std. dev. = 0.52642355E-06   accum. std. dev = 0.52642355E-06*
#   min/max. wt. =    0.00000            0.269148E-06           *
#                                                               *
#*************   chi**2/iteration =  0.000       ****************


#********** Integration by Vegas (iteration       2) ************
#                                                               *
#  integral  = 0.30838497E-04   accum. integral = 0.18557790E-04*
#  std. dev. = 0.29958154E-05   accum. std. dev = 0.72431266E-06*
#   min/max. wt. =    0.00000            0.222140E-05           *
#                                                               *
#*************   chi**2/iteration =  27.98       ****************


#********** Integration by Vegas (iteration       3) ************
#                                                               *
#  integral  = 0.29877860E-04   accum. integral = 0.27733183E-04*
#  std. dev. = 0.41810216E-06   accum. std. dev = 0.33688800E-06*
#   min/max. wt. =    0.00000            0.163508E-06           *
#                                                               *
#*************   chi**2/iteration =  98.91       ****************


#********** Integration by Vegas (iteration       4) ************
#                                                               *
#  integral  = 0.30396576E-04   accum. integral = 0.30320610E-04*
#  std. dev. = 0.65617602E-07   accum. std. dev = 0.58936648E-07*
#   min/max. wt. =    0.00000            0.168002E-07           *
#                                                               *
#*************   chi**2/iteration =  80.32       ****************


#********** Integration by Vegas (iteration       5) ************
#                                                               *
#  integral  = 0.30465028E-04   accum. integral = 0.30445495E-04*
#  std. dev. = 0.25636005E-07   accum. std. dev = 0.22125060E-07*
#   min/max. wt. =    0.00000            0.300368E-08           *
#                                                               *
#*************   chi**2/iteration =  59.06       ****************


#********** Integration by Vegas (iteration       6) ************
#                                                               *
#  integral  = 0.30488977E-04   accum. integral = 0.30471769E-04*
#  std. dev. = 0.19308032E-07   accum. std. dev = 0.14106149E-07*
#   min/max. wt. =    0.00000            0.629958E-09           *
#                                                               *
#*************   chi**2/iteration =  46.46       ****************


#********** Integration by Vegas (iteration       7) ************
#                                                               *
#  integral  = 0.30504161E-04   accum. integral = 0.30485383E-04*
#  std. dev. = 0.17635424E-07   accum. std. dev = 0.10841867E-07*
#   min/max. wt. =    0.00000            0.163351E-08           *
#                                                               *
#*************   chi**2/iteration =  38.36       ****************


#********** Integration by Vegas (iteration       8) ************
#                                                               *
#  integral  = 0.30466743E-04   accum. integral = 0.30479621E-04*
#  std. dev. = 0.17071978E-07   accum. std. dev = 0.90731265E-08*
#   min/max. wt. =    0.00000            0.761306E-09           *
#                                                               *
#*************   chi**2/iteration =  32.56       ****************


#********** Integration by Vegas (iteration       9) ************
#                                                               *
#  integral  = 0.30478646E-04   accum. integral = 0.30479387E-04*
#  std. dev. = 0.16874450E-07   accum. std. dev = 0.79489550E-08*
#   min/max. wt. =    0.00000            0.656466E-09           *
#                                                               *
#*************   chi**2/iteration =  28.20       ****************


#********** Integration by Vegas (iteration      10) ************
#                                                               *
#  integral  = 0.30508008E-04   accum. integral = 0.30484917E-04*
#  std. dev. = 0.16925873E-07   accum. std. dev = 0.71704252E-08*
#   min/max. wt. =    0.00000            0.128739E-08           *
#                                                               *
#*************   chi**2/iteration =  25.13       ****************


#********** Integration by Vegas (iteration      11) ************
#                                                               *
#  integral  = 0.30507626E-04   accum. integral = 0.30488565E-04*
#  std. dev. = 0.17006577E-07   accum. std. dev = 0.65921321E-08*
#   min/max. wt. =    0.00000            0.114006E-08           *
#                                                               *
#*************   chi**2/iteration =  22.62       ****************


#********** Integration by Vegas (iteration      12) ************
#                                                               *
#  integral  = 0.30476812E-04   accum. integral = 0.30486971E-04*
#  std. dev. = 0.17191880E-07   accum. std. dev = 0.61459770E-08*
#   min/max. wt. =    0.00000            0.148030E-08           *
#                                                               *
#*************   chi**2/iteration =  20.49       ****************


#********** Integration by Vegas (iteration      13) ************
#                                                               *
#  integral  = 0.30504172E-04   accum. integral = 0.30488999E-04*
#  std. dev. = 0.17331164E-07   accum. std. dev = 0.57862369E-08*
#   min/max. wt. =    0.00000            0.132076E-08           *
#                                                               *
#*************   chi**2/iteration =  18.77       ****************


#********** Integration by Vegas (iteration      14) ************
#                                                               *
#  integral  = 0.30505015E-04   accum. integral = 0.30490683E-04*
#  std. dev. = 0.17362316E-07   accum. std. dev = 0.54849106E-08*
#   min/max. wt. =    0.00000            0.959550E-09           *
#                                                               *
#*************   chi**2/iteration =  17.31       ****************


#********** Integration by Vegas (iteration      15) ************
#                                                               *
#  integral  = 0.30471481E-04   accum. integral = 0.30488861E-04*
#  std. dev. = 0.17365308E-07   accum. std. dev = 0.52270109E-08*
#   min/max. wt. =    0.00000            0.221243E-08           *
#                                                               *
#*************   chi**2/iteration =  16.10       ****************

 ****************************************************
 * Writing out vegas grid to ./data/output.grid                                                      
 ****************************************************

  Input parameters for vegas:  ndim=  9   ncall= 80707214.
                              it=    0    itmx=    2
                              acc=-1.00    
                              mds=  1     nd=  50
                              (xl,xu)= (  0.00000     ,  1.00000     )
                                       (  0.00000     ,  1.00000     )
                                       (  0.00000     ,  1.00000     )
                                       (  0.00000     ,  1.00000     )
                                       (  0.00000     ,  1.00000     )
                                       (  0.00000     ,  1.00000     )
                                       (  0.00000     ,  1.00000     )
                                       (  0.00000     ,  1.00000     )
                                       (  0.00000     ,  1.00000     )

#********** Integration by Vegas (iteration       1) ************
#                                                               *
#  integral  = 0.30494308E-04   accum. integral = 0.30494308E-04*
#  std. dev. = 0.17564777E-07   accum. std. dev = 0.17564777E-07*
#   min/max. wt. =    0.00000            0.591646E-09           *
#                                                               *
#*************   chi**2/iteration =  0.000       ****************


#********** Integration by Vegas (iteration       2) ************
#                                                               *
#  integral  = 0.30498326E-04   accum. integral = 0.30496294E-04*
#  std. dev. = 0.17774065E-07   accum. std. dev = 0.12493520E-07*
#   min/max. wt. =    0.00000            0.818185E-09           *
#                                                               *
#*************   chi**2/iteration = 0.2583E-01   ****************

 Done
