SLURM job running in:  /work-zfs/lhc/heshy/JHUGen/xsecs/JHUGen/JHUGenerator
LHAPDF 6.1.5 loading /work-zfs/lhc/cms/slc6_amd64_gcc493/external/lhapdf/6.1.5-kpegke3/share/LHAPDF/NNPDF30_lo_as_0130/NNPDF30_lo_as_0130_0000.dat
NNPDF30_lo_as_0130 PDF set, member #0, version 2; LHAPDF ID = 263000
 extending no. of histograms for vbf tests
 
                                                                                          
   ***************************************************************************************
   *                                JHU Generator v6.9.9                                 *
   ***************************************************************************************
   *                                                                                     *
   *   Spin and parity determination of single-produced resonances at hadron colliders   *
   *                                                                                     *
   *          I. Anderson, S. Bolognesi, F. Caola, Y. Gao, A. Gritsan, Z. Guo,           *
   *        C. Martin, K. Melnikov, R.Rontsch, H. Roskes, U. Sarica, M. Schulze,         *
   *                   N. Tran, A. Whitbeck, M. Xiao, C. You, Y. Zhou                    *
   *                Phys.Rev. D81 (2010) 075022;  arXiv:1001.3396 [hep-ph],              *
   *                Phys.Rev. D86 (2012) 095031;  arXiv:1208.4018 [hep-ph],              *
   *                Phys.Rev. D89 (2014) 035007;  arXiv:1309.4819 [hep-ph].              *
   *                                                                                     *
   ***************************************************************************************
                                                                                          
   
   Command line: ./JHUGen Unweighted=0 VegasNc0=99999999 VegasNc1=99999999 VegasNc2=99999999 LHAPDF=NNPDF30_lo_as_0130/NNPDF30_lo_as_0130.info MReso=810 ghz1=0,0 ghz1_prime2=1,0 Process=60 pTjetcut=0 deltaRcut=0 pTjetcut=25 etajetcut=4.7 pTlepcut=5 etalepcut=2.5
   
   Input Parameter:
    Collider: P-P, sqrt(s)=13000.00
    Resonance: spin=0, mass= 810.00 width=   0.00407
    Z-boson: mass=91.188, width=2.4952
    W-boson: mass=80.399, width=2.0850
    Jet cuts:
            pT >=    25.00 GeV
         |eta| <=     4.70
        DeltaR >=     0.00
           mJJ >=     0.00 GeV
           m4l_min/max      -1.00     -1.00 GeV
    Random seed:   629922421
    To reproduce results using this seed, JHUGen should be compiled with the same compiler:
      GNU Fortran (GCC) 4.8.2
    
    WidthScheme:   2
    LHAPDF set NNPDF30_lo_as_0130/NNPDF30_lo_as_0130.info, member=  0
    Unweighted: F
    Intermediate off-shell photons: F
    
    spin-0-VV couplings: 
      generate_as=F
      ghg2=  0.10000000E+01  0.00000000E+00i
      ghg3=  0.00000000E+00  0.00000000E+00i
      ghg4=  0.00000000E+00  0.00000000E+00i
      ghz1=  0.00000000E+00  0.00000000E+00i
      ghz2=  0.00000000E+00  0.00000000E+00i
      ghz3=  0.00000000E+00  0.00000000E+00i
      ghz4=  0.00000000E+00  0.00000000E+00i
      ghz1_prime2=  0.10000000E+01  0.00000000E+00i,    Lambda_z1=  1.0000E+04
      Lambda=  1000.0
    
    LHE output: ./data/output.lhe
    Histogram output: ./data/output.dat
    Log file: ./data/output.log
    
  Running

  Input parameters for vegas:  ndim=  9   ncall= 80707214.
                              it=    0    itmx=   15
                              acc=-1.00    
                              mds=  1     nd=  50
                              (xl,xu)= (  0.00000     ,  1.00000     )
                                       (  0.00000     ,  1.00000     )
                                       (  0.00000     ,  1.00000     )
                                       (  0.00000     ,  1.00000     )
                                       (  0.00000     ,  1.00000     )
                                       (  0.00000     ,  1.00000     )
                                       (  0.00000     ,  1.00000     )
                                       (  0.00000     ,  1.00000     )
                                       (  0.00000     ,  1.00000     )

#********** Integration by Vegas (iteration       1) ************
#                                                               *
#  integral  = 0.17181345E-04   accum. integral = 0.17181345E-04*
#  std. dev. = 0.97911661E-06   accum. std. dev = 0.97911661E-06*
#   min/max. wt. =    0.00000            0.678889E-06           *
#                                                               *
#*************   chi**2/iteration =  0.000       ****************


#********** Integration by Vegas (iteration       2) ************
#                                                               *
#  integral  = 0.36520461E-04   accum. integral = 0.17777434E-04*
#  std. dev. = 0.11670182E-04   accum. std. dev = 0.16010936E-05*
#   min/max. wt. =    0.00000            0.113555E-04           *
#                                                               *
#*************   chi**2/iteration =  4.354       ****************


#********** Integration by Vegas (iteration       3) ************
#                                                               *
#  integral  = 0.32194601E-04   accum. integral = 0.19254758E-04*
#  std. dev. = 0.53455014E-05   accum. std. dev = 0.15842612E-05*
#   min/max. wt. =    0.00000            0.518681E-05           *
#                                                               *
#*************   chi**2/iteration =  5.803       ****************


#********** Integration by Vegas (iteration       4) ************
#                                                               *
#  integral  = 0.28706310E-04   accum. integral = 0.28263830E-04*
#  std. dev. = 0.33813318E-06   accum. std. dev = 0.33966413E-06*
#   min/max. wt. =    0.00000            0.170818E-06           *
#                                                               *
#*************   chi**2/iteration =  15.45       ****************


#********** Integration by Vegas (iteration       5) ************
#                                                               *
#  integral  = 0.28795486E-04   accum. integral = 0.28785778E-04*
#  std. dev. = 0.45163222E-07   accum. std. dev = 0.45671833E-07*
#   min/max. wt. =    0.00000            0.485131E-08           *
#                                                               *
#*************   chi**2/iteration =  12.31       ****************


#********** Integration by Vegas (iteration       6) ************
#                                                               *
#  integral  = 0.28773008E-04   accum. integral = 0.28775323E-04*
#  std. dev. = 0.21042316E-07   accum. std. dev = 0.19379871E-07*
#   min/max. wt. =    0.00000            0.141962E-08           *
#                                                               *
#*************   chi**2/iteration =  9.934       ****************


#********** Integration by Vegas (iteration       7) ************
#                                                               *
#  integral  = 0.28766940E-04   accum. integral = 0.28770702E-04*
#  std. dev. = 0.17175076E-07   accum. std. dev = 0.12949775E-07*
#   min/max. wt. =    0.00000            0.584143E-09           *
#                                                               *
#*************   chi**2/iteration =  8.338       ****************


#********** Integration by Vegas (iteration       8) ************
#                                                               *
#  integral  = 0.28790268E-04   accum. integral = 0.28778164E-04*
#  std. dev. = 0.16253595E-07   accum. std. dev = 0.10166930E-07*
#   min/max. wt. =    0.00000            0.634120E-09           *
#                                                               *
#*************   chi**2/iteration =  7.297       ****************


#********** Integration by Vegas (iteration       9) ************
#                                                               *
#  integral  = 0.28776488E-04   accum. integral = 0.28777686E-04*
#  std. dev. = 0.15887532E-07   accum. std. dev = 0.85838447E-08*
#   min/max. wt. =    0.00000            0.573911E-09           *
#                                                               *
#*************   chi**2/iteration =  6.405       ****************


#********** Integration by Vegas (iteration      10) ************
#                                                               *
#  integral  = 0.28775871E-04   accum. integral = 0.28777282E-04*
#  std. dev. = 0.15849478E-07   accum. std. dev = 0.75592135E-08*
#   min/max. wt. =    0.00000            0.868350E-09           *
#                                                               *
#*************   chi**2/iteration =  5.708       ****************


#********** Integration by Vegas (iteration      11) ************
#                                                               *
#  integral  = 0.28759224E-04   accum. integral = 0.28774010E-04*
#  std. dev. = 0.15890359E-07   accum. std. dev = 0.68333208E-08*
#   min/max. wt. =    0.00000            0.719090E-09           *
#                                                               *
#*************   chi**2/iteration =  5.251       ****************


#********** Integration by Vegas (iteration      12) ************
#                                                               *
#  integral  = 0.28782503E-04   accum. integral = 0.28775286E-04*
#  std. dev. = 0.16099862E-07   accum. std. dev = 0.62942802E-08*
#   min/max. wt. =    0.00000            0.669877E-09           *
#                                                               *
#*************   chi**2/iteration =  4.802       ****************


#********** Integration by Vegas (iteration      13) ************
#                                                               *
#  integral  = 0.28807959E-04   accum. integral = 0.28779489E-04*
#  std. dev. = 0.16254914E-07   accum. std. dev = 0.58720173E-08*
#   min/max. wt. =    0.00000            0.752910E-09           *
#                                                               *
#*************   chi**2/iteration =  4.697       ****************


#********** Integration by Vegas (iteration      14) ************
#                                                               *
#  integral  = 0.28785276E-04   accum. integral = 0.28780137E-04*
#  std. dev. = 0.16404621E-07   accum. std. dev = 0.55303546E-08*
#   min/max. wt. =    0.00000            0.693066E-09           *
#                                                               *
#*************   chi**2/iteration =  4.349       ****************


#********** Integration by Vegas (iteration      15) ************
#                                                               *
#  integral  = 0.28754878E-04   accum. integral = 0.28777586E-04*
#  std. dev. = 0.16358821E-07   accum. std. dev = 0.52406484E-08*
#   min/max. wt. =    0.00000            0.563607E-09           *
#                                                               *
#*************   chi**2/iteration =  4.193       ****************

 ****************************************************
 * Writing out vegas grid to ./data/output.grid                                                      
 ****************************************************

  Input parameters for vegas:  ndim=  9   ncall= 80707214.
                              it=    0    itmx=    2
                              acc=-1.00    
                              mds=  1     nd=  50
                              (xl,xu)= (  0.00000     ,  1.00000     )
                                       (  0.00000     ,  1.00000     )
                                       (  0.00000     ,  1.00000     )
                                       (  0.00000     ,  1.00000     )
                                       (  0.00000     ,  1.00000     )
                                       (  0.00000     ,  1.00000     )
                                       (  0.00000     ,  1.00000     )
                                       (  0.00000     ,  1.00000     )
                                       (  0.00000     ,  1.00000     )

#********** Integration by Vegas (iteration       1) ************
#                                                               *
#  integral  = 0.28772553E-04   accum. integral = 0.28772553E-04*
#  std. dev. = 0.16542442E-07   accum. std. dev = 0.16542442E-07*
#   min/max. wt. =    0.00000            0.536856E-09           *
#                                                               *
#*************   chi**2/iteration =  0.000       ****************


#********** Integration by Vegas (iteration       2) ************
#                                                               *
#  integral  = 0.28815608E-04   accum. integral = 0.28793627E-04*
#  std. dev. = 0.16920307E-07   accum. std. dev = 0.11828805E-07*
#   min/max. wt. =    0.00000            0.855259E-09           *
#                                                               *
#*************   chi**2/iteration =  3.307       ****************

 Done
