SLURM job running in:  /work-zfs/lhc/heshy/JHUGen/xsecs/JHUGen/JHUGenerator
LHAPDF 6.1.5 loading /work-zfs/lhc/cms/slc6_amd64_gcc493/external/lhapdf/6.1.5-kpegke3/share/LHAPDF/NNPDF30_lo_as_0130/NNPDF30_lo_as_0130_0000.dat
NNPDF30_lo_as_0130 PDF set, member #0, version 2; LHAPDF ID = 263000
 extending no. of histograms for vbf tests
 
                                                                                          
   ***************************************************************************************
   *                                JHU Generator v6.9.9                                 *
   ***************************************************************************************
   *                                                                                     *
   *   Spin and parity determination of single-produced resonances at hadron colliders   *
   *                                                                                     *
   *          I. Anderson, S. Bolognesi, F. Caola, Y. Gao, A. Gritsan, Z. Guo,           *
   *        C. Martin, K. Melnikov, R.Rontsch, H. Roskes, U. Sarica, M. Schulze,         *
   *                   N. Tran, A. Whitbeck, M. Xiao, C. You, Y. Zhou                    *
   *                Phys.Rev. D81 (2010) 075022;  arXiv:1001.3396 [hep-ph],              *
   *                Phys.Rev. D86 (2012) 095031;  arXiv:1208.4018 [hep-ph],              *
   *                Phys.Rev. D89 (2014) 035007;  arXiv:1309.4819 [hep-ph].              *
   *                                                                                     *
   ***************************************************************************************
                                                                                          
   
   Command line: ./JHUGen Unweighted=0 VegasNc0=99999999 VegasNc1=99999999 VegasNc2=99999999 LHAPDF=NNPDF30_lo_as_0130/NNPDF30_lo_as_0130.info MReso=885 ghz1=0,0 ghz1_prime2=1,0 Process=60 pTjetcut=0 deltaRcut=0 pTjetcut=25 etajetcut=4.7 pTlepcut=5 etalepcut=2.5
   
   Input Parameter:
    Collider: P-P, sqrt(s)=13000.00
    Resonance: spin=0, mass= 885.00 width=   0.00407
    Z-boson: mass=91.188, width=2.4952
    W-boson: mass=80.399, width=2.0850
    Jet cuts:
            pT >=    25.00 GeV
         |eta| <=     4.70
        DeltaR >=     0.00
           mJJ >=     0.00 GeV
           m4l_min/max      -1.00     -1.00 GeV
    Random seed:   596840119
    To reproduce results using this seed, JHUGen should be compiled with the same compiler:
      GNU Fortran (GCC) 4.8.2
    
    WidthScheme:   2
    LHAPDF set NNPDF30_lo_as_0130/NNPDF30_lo_as_0130.info, member=  0
    Unweighted: F
    Intermediate off-shell photons: F
    
    spin-0-VV couplings: 
      generate_as=F
      ghg2=  0.10000000E+01  0.00000000E+00i
      ghg3=  0.00000000E+00  0.00000000E+00i
      ghg4=  0.00000000E+00  0.00000000E+00i
      ghz1=  0.00000000E+00  0.00000000E+00i
      ghz2=  0.00000000E+00  0.00000000E+00i
      ghz3=  0.00000000E+00  0.00000000E+00i
      ghz4=  0.00000000E+00  0.00000000E+00i
      ghz1_prime2=  0.10000000E+01  0.00000000E+00i,    Lambda_z1=  1.0000E+04
      Lambda=  1000.0
    
    LHE output: ./data/output.lhe
    Histogram output: ./data/output.dat
    Log file: ./data/output.log
    
  Running

  Input parameters for vegas:  ndim=  9   ncall= 80707214.
                              it=    0    itmx=   15
                              acc=-1.00    
                              mds=  1     nd=  50
                              (xl,xu)= (  0.00000     ,  1.00000     )
                                       (  0.00000     ,  1.00000     )
                                       (  0.00000     ,  1.00000     )
                                       (  0.00000     ,  1.00000     )
                                       (  0.00000     ,  1.00000     )
                                       (  0.00000     ,  1.00000     )
                                       (  0.00000     ,  1.00000     )
                                       (  0.00000     ,  1.00000     )
                                       (  0.00000     ,  1.00000     )

#********** Integration by Vegas (iteration       1) ************
#                                                               *
#  integral  = 0.14346997E-04   accum. integral = 0.14346997E-04*
#  std. dev. = 0.68167815E-06   accum. std. dev = 0.68167815E-06*
#   min/max. wt. =    0.00000            0.594084E-06           *
#                                                               *
#*************   chi**2/iteration =  0.000       ****************


#********** Integration by Vegas (iteration       2) ************
#                                                               *
#  integral  = 0.20763129E-04   accum. integral = 0.15683251E-04*
#  std. dev. = 0.19235049E-05   accum. std. dev = 0.75447342E-06*
#   min/max. wt. =    0.00000            0.169241E-05           *
#                                                               *
#*************   chi**2/iteration =  11.91       ****************


#********** Integration by Vegas (iteration       3) ************
#                                                               *
#  integral  = 0.25096296E-04   accum. integral = 0.22069496E-04*
#  std. dev. = 0.73044424E-06   accum. std. dev = 0.49263250E-06*
#   min/max. wt. =    0.00000            0.356039E-06           *
#                                                               *
#*************   chi**2/iteration =  44.30       ****************


#********** Integration by Vegas (iteration       4) ************
#                                                               *
#  integral  = 0.24247271E-04   accum. integral = 0.24216963E-04*
#  std. dev. = 0.69057286E-07   accum. std. dev = 0.60898986E-07*
#   min/max. wt. =    0.00000            0.190589E-07           *
#                                                               *
#*************   chi**2/iteration =  32.75       ****************


#********** Integration by Vegas (iteration       5) ************
#                                                               *
#  integral  = 0.24225124E-04   accum. integral = 0.24224305E-04*
#  std. dev. = 0.22887080E-07   accum. std. dev = 0.19801562E-07*
#   min/max. wt. =    0.00000            0.271275E-08           *
#                                                               *
#*************   chi**2/iteration =  23.33       ****************


#********** Integration by Vegas (iteration       6) ************
#                                                               *
#  integral  = 0.24215961E-04   accum. integral = 0.24218850E-04*
#  std. dev. = 0.15790561E-07   accum. std. dev = 0.11844509E-07*
#   min/max. wt. =    0.00000            0.972455E-09           *
#                                                               *
#*************   chi**2/iteration =  18.08       ****************


#********** Integration by Vegas (iteration       7) ************
#                                                               *
#  integral  = 0.24233670E-04   accum. integral = 0.24225504E-04*
#  std. dev. = 0.14155656E-07   accum. std. dev = 0.88946891E-08*
#   min/max. wt. =    0.00000            0.875003E-09           *
#                                                               *
#*************   chi**2/iteration =  14.84       ****************


#********** Integration by Vegas (iteration       8) ************
#                                                               *
#  integral  = 0.24225132E-04   accum. integral = 0.24225381E-04*
#  std. dev. = 0.13525911E-07   accum. std. dev = 0.73452131E-08*
#   min/max. wt. =    0.00000            0.668597E-09           *
#                                                               *
#*************   chi**2/iteration =  12.51       ****************


#********** Integration by Vegas (iteration       9) ************
#                                                               *
#  integral  = 0.24252978E-04   accum. integral = 0.24232339E-04*
#  std. dev. = 0.13386908E-07   accum. std. dev = 0.63942438E-08*
#   min/max. wt. =    0.00000            0.723527E-09           *
#                                                               *
#*************   chi**2/iteration =  11.24       ****************


#********** Integration by Vegas (iteration      10) ************
#                                                               *
#  integral  = 0.24248595E-04   accum. integral = 0.24235627E-04*
#  std. dev. = 0.13348240E-07   accum. std. dev = 0.57410149E-08*
#   min/max. wt. =    0.00000            0.469304E-09           *
#                                                               *
#*************   chi**2/iteration =  10.03       ****************


#********** Integration by Vegas (iteration      11) ************
#                                                               *
#  integral  = 0.24221569E-04   accum. integral = 0.24233240E-04*
#  std. dev. = 0.13259354E-07   accum. std. dev = 0.52525617E-08*
#   min/max. wt. =    0.00000            0.607534E-09           *
#                                                               *
#*************   chi**2/iteration =  9.053       ****************


#********** Integration by Vegas (iteration      12) ************
#                                                               *
#  integral  = 0.24232224E-04   accum. integral = 0.24233096E-04*
#  std. dev. = 0.13454068E-07   accum. std. dev = 0.48830791E-08*
#   min/max. wt. =    0.00000            0.490494E-09           *
#                                                               *
#*************   chi**2/iteration =  8.175       ****************


#********** Integration by Vegas (iteration      13) ************
#                                                               *
#  integral  = 0.24198889E-04   accum. integral = 0.24228890E-04*
#  std. dev. = 0.13506034E-07   accum. std. dev = 0.45857701E-08*
#   min/max. wt. =    0.00000            0.581051E-09           *
#                                                               *
#*************   chi**2/iteration =  7.952       ****************


#********** Integration by Vegas (iteration      14) ************
#                                                               *
#  integral  = 0.24226387E-04   accum. integral = 0.24228624E-04*
#  std. dev. = 0.13748622E-07   accum. std. dev = 0.43458938E-08*
#   min/max. wt. =    0.00000            0.644519E-09           *
#                                                               *
#*************   chi**2/iteration =  7.307       ****************


#********** Integration by Vegas (iteration      15) ************
#                                                               *
#  integral  = 0.24211745E-04   accum. integral = 0.24227036E-04*
#  std. dev. = 0.13899456E-07   accum. std. dev = 0.41449885E-08*
#   min/max. wt. =    0.00000            0.701953E-09           *
#                                                               *
#*************   chi**2/iteration =  6.858       ****************

 ****************************************************
 * Writing out vegas grid to ./data/output.grid                                                      
 ****************************************************

  Input parameters for vegas:  ndim=  9   ncall= 80707214.
                              it=    0    itmx=    2
                              acc=-1.00    
                              mds=  1     nd=  50
                              (xl,xu)= (  0.00000     ,  1.00000     )
                                       (  0.00000     ,  1.00000     )
                                       (  0.00000     ,  1.00000     )
                                       (  0.00000     ,  1.00000     )
                                       (  0.00000     ,  1.00000     )
                                       (  0.00000     ,  1.00000     )
                                       (  0.00000     ,  1.00000     )
                                       (  0.00000     ,  1.00000     )
                                       (  0.00000     ,  1.00000     )

#********** Integration by Vegas (iteration       1) ************
#                                                               *
#  integral  = 0.24242161E-04   accum. integral = 0.24242161E-04*
#  std. dev. = 0.14210203E-07   accum. std. dev = 0.14210203E-07*
#   min/max. wt. =    0.00000            0.116387E-08           *
#                                                               *
#*************   chi**2/iteration =  0.000       ****************


#********** Integration by Vegas (iteration       2) ************
#                                                               *
#  integral  = 0.24234246E-04   accum. integral = 0.24238155E-04*
#  std. dev. = 0.14032767E-07   accum. std. dev = 0.99848273E-08*
#   min/max. wt. =    0.00000            0.544538E-09           *
#                                                               *
#*************   chi**2/iteration = 0.1569       ****************

 Done
