SLURM job running in:  /work-zfs/lhc/heshy/JHUGen/xsecs/JHUGen/JHUGenerator
LHAPDF 6.1.5 loading /work-zfs/lhc/cms/slc6_amd64_gcc493/external/lhapdf/6.1.5-kpegke3/share/LHAPDF/NNPDF30_lo_as_0130/NNPDF30_lo_as_0130_0000.dat
NNPDF30_lo_as_0130 PDF set, member #0, version 2; LHAPDF ID = 263000
 extending no. of histograms for vbf tests
 
                                                                                          
   ***************************************************************************************
   *                                JHU Generator v6.9.9                                 *
   ***************************************************************************************
   *                                                                                     *
   *   Spin and parity determination of single-produced resonances at hadron colliders   *
   *                                                                                     *
   *          I. Anderson, S. Bolognesi, F. Caola, Y. Gao, A. Gritsan, Z. Guo,           *
   *        C. Martin, K. Melnikov, R.Rontsch, H. Roskes, U. Sarica, M. Schulze,         *
   *                   N. Tran, A. Whitbeck, M. Xiao, C. You, Y. Zhou                    *
   *                Phys.Rev. D81 (2010) 075022;  arXiv:1001.3396 [hep-ph],              *
   *                Phys.Rev. D86 (2012) 095031;  arXiv:1208.4018 [hep-ph],              *
   *                Phys.Rev. D89 (2014) 035007;  arXiv:1309.4819 [hep-ph].              *
   *                                                                                     *
   ***************************************************************************************
                                                                                          
   
   Command line: ./JHUGen Unweighted=0 VegasNc0=99999999 VegasNc1=99999999 VegasNc2=99999999 LHAPDF=NNPDF30_lo_as_0130/NNPDF30_lo_as_0130.info MReso=970 ghz1=0,0 ghz1_prime2=1,0 Process=60 pTjetcut=0 deltaRcut=0 pTjetcut=25 etajetcut=4.7 pTlepcut=5 etalepcut=2.5
   
   Input Parameter:
    Collider: P-P, sqrt(s)=13000.00
    Resonance: spin=0, mass= 970.00 width=   0.00407
    Z-boson: mass=91.188, width=2.4952
    W-boson: mass=80.399, width=2.0850
    Jet cuts:
            pT >=    25.00 GeV
         |eta| <=     4.70
        DeltaR >=     0.00
           mJJ >=     0.00 GeV
           m4l_min/max      -1.00     -1.00 GeV
    Random seed:    22314441
    To reproduce results using this seed, JHUGen should be compiled with the same compiler:
      GNU Fortran (GCC) 4.8.2
    
    WidthScheme:   2
    LHAPDF set NNPDF30_lo_as_0130/NNPDF30_lo_as_0130.info, member=  0
    Unweighted: F
    Intermediate off-shell photons: F
    
    spin-0-VV couplings: 
      generate_as=F
      ghg2=  0.10000000E+01  0.00000000E+00i
      ghg3=  0.00000000E+00  0.00000000E+00i
      ghg4=  0.00000000E+00  0.00000000E+00i
      ghz1=  0.00000000E+00  0.00000000E+00i
      ghz2=  0.00000000E+00  0.00000000E+00i
      ghz3=  0.00000000E+00  0.00000000E+00i
      ghz4=  0.00000000E+00  0.00000000E+00i
      ghz1_prime2=  0.10000000E+01  0.00000000E+00i,    Lambda_z1=  1.0000E+04
      Lambda=  1000.0
    
    LHE output: ./data/output.lhe
    Histogram output: ./data/output.dat
    Log file: ./data/output.log
    
  Running

  Input parameters for vegas:  ndim=  9   ncall= 80707214.
                              it=    0    itmx=   15
                              acc=-1.00    
                              mds=  1     nd=  50
                              (xl,xu)= (  0.00000     ,  1.00000     )
                                       (  0.00000     ,  1.00000     )
                                       (  0.00000     ,  1.00000     )
                                       (  0.00000     ,  1.00000     )
                                       (  0.00000     ,  1.00000     )
                                       (  0.00000     ,  1.00000     )
                                       (  0.00000     ,  1.00000     )
                                       (  0.00000     ,  1.00000     )
                                       (  0.00000     ,  1.00000     )

#********** Integration by Vegas (iteration       1) ************
#                                                               *
#  integral  = 0.15357573E-04   accum. integral = 0.15357573E-04*
#  std. dev. = 0.34567829E-05   accum. std. dev = 0.34567829E-05*
#   min/max. wt. =    0.00000            0.334111E-05           *
#                                                               *
#*************   chi**2/iteration =  0.000       ****************


#********** Integration by Vegas (iteration       2) ************
#                                                               *
#  integral  = 0.16163974E-04   accum. integral = 0.16095031E-04*
#  std. dev. = 0.11124302E-05   accum. std. dev = 0.10376179E-05*
#   min/max. wt. =    0.00000            0.608062E-06           *
#                                                               *
#*************   chi**2/iteration = 0.4718E-01   ****************


#********** Integration by Vegas (iteration       3) ************
#                                                               *
#  integral  = 0.20348913E-04   accum. integral = 0.19873991E-04*
#  std. dev. = 0.47477118E-06   accum. std. dev = 0.38325207E-06*
#   min/max. wt. =    0.00000            0.288889E-06           *
#                                                               *
#*************   chi**2/iteration =  6.126       ****************


#********** Integration by Vegas (iteration       4) ************
#                                                               *
#  integral  = 0.19992620E-04   accum. integral = 0.19991542E-04*
#  std. dev. = 0.42092068E-07   accum. std. dev = 0.37940760E-07*
#   min/max. wt. =    0.00000            0.798903E-08           *
#                                                               *
#*************   chi**2/iteration =  3.815       ****************


#********** Integration by Vegas (iteration       5) ************
#                                                               *
#  integral  = 0.20007280E-04   accum. integral = 0.20005209E-04*
#  std. dev. = 0.16321809E-07   accum. std. dev = 0.14064064E-07*
#   min/max. wt. =    0.00000            0.100915E-08           *
#                                                               *
#*************   chi**2/iteration =  2.776       ****************


#********** Integration by Vegas (iteration       6) ************
#                                                               *
#  integral  = 0.20026750E-04   accum. integral = 0.20018242E-04*
#  std. dev. = 0.12302061E-07   accum. std. dev = 0.89648703E-08*
#   min/max. wt. =    0.00000            0.586805E-09           *
#                                                               *
#*************   chi**2/iteration =  2.435       ****************


#********** Integration by Vegas (iteration       7) ************
#                                                               *
#  integral  = 0.20013086E-04   accum. integral = 0.20016102E-04*
#  std. dev. = 0.11352520E-07   accum. std. dev = 0.69237888E-08*
#   min/max. wt. =    0.00000            0.704804E-09           *
#                                                               *
#*************   chi**2/iteration =  2.012       ****************


#********** Integration by Vegas (iteration       8) ************
#                                                               *
#  integral  = 0.20037346E-04   accum. integral = 0.20022439E-04*
#  std. dev. = 0.11230660E-07   accum. std. dev = 0.58426785E-08*
#   min/max. wt. =    0.00000            0.504443E-09           *
#                                                               *
#*************   chi**2/iteration =  2.095       ****************


#********** Integration by Vegas (iteration       9) ************
#                                                               *
#  integral  = 0.20018723E-04   accum. integral = 0.20021567E-04*
#  std. dev. = 0.11065191E-07   accum. std. dev = 0.51395268E-08*
#   min/max. wt. =    0.00000            0.366179E-09           *
#                                                               *
#*************   chi**2/iteration =  1.825       ****************


#********** Integration by Vegas (iteration      10) ************
#                                                               *
#  integral  = 0.20029616E-04   accum. integral = 0.20023102E-04*
#  std. dev. = 0.11050505E-07   accum. std. dev = 0.46442068E-08*
#   min/max. wt. =    0.00000            0.305325E-09           *
#                                                               *
#*************   chi**2/iteration =  1.659       ****************


#********** Integration by Vegas (iteration      11) ************
#                                                               *
#  integral  = 0.20016615E-04   accum. integral = 0.20022068E-04*
#  std. dev. = 0.11078657E-07   accum. std. dev = 0.42733954E-08*
#   min/max. wt. =    0.00000            0.382036E-09           *
#                                                               *
#*************   chi**2/iteration =  1.514       ****************


#********** Integration by Vegas (iteration      12) ************
#                                                               *
#  integral  = 0.20015630E-04   accum. integral = 0.20021186E-04*
#  std. dev. = 0.11095955E-07   accum. std. dev = 0.39814812E-08*
#   min/max. wt. =    0.00000            0.554625E-09           *
#                                                               *
#*************   chi**2/iteration =  1.396       ****************


#********** Integration by Vegas (iteration      13) ************
#                                                               *
#  integral  = 0.20000145E-04   accum. integral = 0.20018680E-04*
#  std. dev. = 0.11161211E-07   accum. std. dev = 0.37458335E-08*
#   min/max. wt. =    0.00000            0.366891E-09           *
#                                                               *
#*************   chi**2/iteration =  1.549       ****************


#********** Integration by Vegas (iteration      14) ************
#                                                               *
#  integral  = 0.20001113E-04   accum. integral = 0.20016838E-04*
#  std. dev. = 0.11255397E-07   accum. std. dev = 0.35512965E-08*
#   min/max. wt. =    0.00000            0.341800E-09           *
#                                                               *
#*************   chi**2/iteration =  1.601       ****************


#********** Integration by Vegas (iteration      15) ************
#                                                               *
#  integral  = 0.20008123E-04   accum. integral = 0.20016021E-04*
#  std. dev. = 0.11335160E-07   accum. std. dev = 0.33868014E-08*
#   min/max. wt. =    0.00000            0.475276E-09           *
#                                                               *
#*************   chi**2/iteration =  1.522       ****************

 ****************************************************
 * Writing out vegas grid to ./data/output.grid                                                      
 ****************************************************

  Input parameters for vegas:  ndim=  9   ncall= 80707214.
                              it=    0    itmx=    2
                              acc=-1.00    
                              mds=  1     nd=  50
                              (xl,xu)= (  0.00000     ,  1.00000     )
                                       (  0.00000     ,  1.00000     )
                                       (  0.00000     ,  1.00000     )
                                       (  0.00000     ,  1.00000     )
                                       (  0.00000     ,  1.00000     )
                                       (  0.00000     ,  1.00000     )
                                       (  0.00000     ,  1.00000     )
                                       (  0.00000     ,  1.00000     )
                                       (  0.00000     ,  1.00000     )

#********** Integration by Vegas (iteration       1) ************
#                                                               *
#  integral  = 0.20011301E-04   accum. integral = 0.20011301E-04*
#  std. dev. = 0.11470230E-07   accum. std. dev = 0.11470230E-07*
#   min/max. wt. =    0.00000            0.495618E-09           *
#                                                               *
#*************   chi**2/iteration =  0.000       ****************


#********** Integration by Vegas (iteration       2) ************
#                                                               *
#  integral  = 0.20034253E-04   accum. integral = 0.20022662E-04*
#  std. dev. = 0.11599105E-07   accum. std. dev = 0.81559121E-08*
#   min/max. wt. =    0.00000            0.601138E-09           *
#                                                               *
#*************   chi**2/iteration =  1.978       ****************

 Done
