**** Following environment variables are going to be unset.
       UTM_XSD_DIR
       ROOT_TTREECACHE_PREFILL
       ROOT_TTREECACHE_SIZE
SLURM job running in:  /work-zfs/lhc/heshy/JHUGen/xsecs/JHUGen/JHUGenerator
LHAPDF 6.1.5 loading /work-zfs/lhc/cms/slc6_amd64_gcc493/external/lhapdf/6.1.5-kpegke3/share/LHAPDF/NNPDF30_lo_as_0130/NNPDF30_lo_as_0130_0000.dat
NNPDF30_lo_as_0130 PDF set, member #0, version 2; LHAPDF ID = 263000
 extending no. of histograms for vbf tests
 
  
  ***************************************************************************************
  *                                JHU Generator v7.0.2                                 *
  ***************************************************************************************
  *                                                                                     *
  *   Spin and parity determination of single-produced resonances at hadron colliders   *
  *                                                                                     *
  *          I. Anderson, S. Bolognesi, F. Caola, Y. Gao, A. Gritsan, Z. Guo,           *
  *        C. Martin, K. Melnikov, R. Rontsch, H. Roskes, U. Sarica, M. Schulze,        *
  *                   N. Tran, A. Whitbeck, M. Xiao, C. You, Y. Zhou                    *
  *              Phys.Rev. D81 (2010) 075022;  arXiv:1001.3396  [hep-ph],               *
  *              Phys.Rev. D86 (2012) 095031;  arXiv:1208.4018  [hep-ph],               *
  *              Phys.Rev. D89 (2014) 035007;  arXiv:1309.4819  [hep-ph],               *
  *              Phys.Rev. D94 (2016) 055023;  arXiv:1606.03107 [hep-ph].               *
  *                                                                                     *
  ***************************************************************************************
  
   
   Command line: ./JHUGen Unweighted=0 VegasNc0=99999999 VegasNc1=99999999 VegasNc2=99999999 LHAPDF=NNPDF30_lo_as_0130/NNPDF30_lo_as_0130.info MReso=4000 Process=60 deltaRcut=0 ghz1=0,0 ghz2=1,0 pTjetcut=0
   
   Input Parameter:
    Collider: P-P, sqrt(s)=13000.00
    Resonance: spin=0, mass=4000.00 width=   0.00407
    Z-boson: mass=91.188, width=2.4952
    W-boson: mass=80.399, width=2.0850
    Jet cuts:
            pT >=     0.00 GeV
         |eta| <= Infinity
        DeltaR >=     0.00
           mJJ >=     0.00 GeV
    Random seed:   302467710
    To reproduce results using this seed, JHUGen should be compiled with the same compiler:
      GNU Fortran (GCC) 4.8.2
    
    WidthScheme:   2
    LHAPDF set NNPDF30_lo_as_0130/NNPDF30_lo_as_0130.info, member=  0
    Unweighted: F
    Intermediate off-shell photons: F
    
    spin-0-VV couplings: 
      generate_as=F
      ghg2=  0.10000000E+01  0.00000000E+00i
      ghz2=  0.10000000E+01  0.00000000E+00i
      Lambda=  1000.0
    
    LHE output: ./data/output.lhe
    Histogram output: ./data/output.dat
    Log file: ./data/output.log
    
  Running

  Input parameters for vegas:  ndim=  9   ncall= 99999999.
                              it=    0    itmx=   15
                              acc=-1.00    
                              mds=  0     nd=  50
                              (xl,xu)= (  0.00000     ,  1.00000     )
                                       (  0.00000     ,  1.00000     )
                                       (  0.00000     ,  1.00000     )
                                       (  0.00000     ,  1.00000     )
                                       (  0.00000     ,  1.00000     )
                                       (  0.00000     ,  1.00000     )
                                       (  0.00000     ,  1.00000     )
                                       (  0.00000     ,  1.00000     )
                                       (  0.00000     ,  1.00000     )

#********** Integration by Vegas (iteration       1) ************
#                                                               *
#  integral  =  3.3579138       accum. integral =  3.3579138    *
#  std. dev. = 0.13211579       accum. std. dev = 0.13211579    *
#   min/max. wt. =    0.00000            0.792212E-01           *
#                                                               *
#*************   chi**2/iteration = -.2035E-09   ****************


#********** Integration by Vegas (iteration       2) ************
#                                                               *
#  integral  =  5.1942683       accum. integral =  4.1405998    *
#  std. dev. = 0.23711977       accum. std. dev = 0.13034481    *
#   min/max. wt. =    0.00000            0.211450               *
#                                                               *
#*************   chi**2/iteration =  48.49       ****************


#********** Integration by Vegas (iteration       3) ************
#                                                               *
#  integral  =  5.9871229       accum. integral =  5.6213425    *
#  std. dev. = 0.88684454E-01   accum. std. dev = 0.65924229E-01*
#   min/max. wt. =    0.00000            0.466341E-01           *
#                                                               *
#*************   chi**2/iteration =  81.07       ****************


#********** Integration by Vegas (iteration       4) ************
#                                                               *
#  integral  =  5.9521755       accum. integral =  5.9483752    *
#  std. dev. = 0.85110614E-02   accum. std. dev = 0.74393633E-02*
#   min/max. wt. =    0.00000            0.376256E-02           *
#                                                               *
#*************   chi**2/iteration =  56.24       ****************


#********** Integration by Vegas (iteration       5) ************
#                                                               *
#  integral  =  5.9701710       accum. integral =  5.9682787    *
#  std. dev. = 0.26170738E-02   accum. std. dev = 0.22571761E-02*
#   min/max. wt. =  -0.150494E-09        0.245526E-03           *
#                                                               *
#*************   chi**2/iteration =  41.63       ****************


#********** Integration by Vegas (iteration       6) ************
#                                                               *
#  integral  =  5.9698368       accum. integral =  5.9693139    *
#  std. dev. = 0.17775046E-02   accum. std. dev = 0.13322510E-02*
#   min/max. wt. =    0.00000            0.700486E-04           *
#                                                               *
#*************   chi**2/iteration =  32.15       ****************


#********** Integration by Vegas (iteration       7) ************
#                                                               *
#  integral  =  5.9734937       accum. integral =  5.9711470    *
#  std. dev. = 0.16402364E-02   accum. std. dev = 0.10112792E-02*
#   min/max. wt. =    0.00000            0.554326E-04           *
#                                                               *
#*************   chi**2/iteration =  26.81       ****************


#********** Integration by Vegas (iteration       8) ************
#                                                               *
#  integral  =  5.9726936       accum. integral =  5.9716043    *
#  std. dev. = 0.16761692E-02   accum. std. dev = 0.85679021E-03*
#   min/max. wt. =    0.00000            0.557333E-04           *
#                                                               *
#*************   chi**2/iteration =  22.64       ****************


#********** Integration by Vegas (iteration       9) ************
#                                                               *
#  integral  =  5.9713644       accum. integral =  5.9715470    *
#  std. dev. = 0.16270269E-02   accum. std. dev = 0.75295747E-03*
#   min/max. wt. =    0.00000            0.641767E-04           *
#                                                               *
#*************   chi**2/iteration =  19.53       ****************


#********** Integration by Vegas (iteration      10) ************
#                                                               *
#  integral  =  5.9714592       accum. integral =  5.9715299    *
#  std. dev. = 0.16118001E-02   accum. std. dev = 0.67914169E-03*
#   min/max. wt. =    0.00000            0.406144E-04           *
#                                                               *
#*************   chi**2/iteration =  17.16       ****************


#********** Integration by Vegas (iteration      11) ************
#                                                               *
#  integral  =  5.9734952       accum. integral =  5.9718543    *
#  std. dev. = 0.16040561E-02   accum. std. dev = 0.62345490E-03*
#   min/max. wt. =    0.00000            0.586132E-04           *
#                                                               *
#*************   chi**2/iteration =  15.44       ****************


#********** Integration by Vegas (iteration      12) ************
#                                                               *
#  integral  =  5.9752850       accum. integral =  5.9723342    *
#  std. dev. = 0.16166848E-02   accum. std. dev = 0.58045870E-03*
#   min/max. wt. =    0.00000            0.490895E-04           *
#                                                               *
#*************   chi**2/iteration =  14.31       ****************


#********** Integration by Vegas (iteration      13) ************
#                                                               *
#  integral  =  5.9713423       accum. integral =  5.9722134    *
#  std. dev. = 0.16230081E-02   accum. std. dev = 0.54572923E-03*
#   min/max. wt. =    0.00000            0.405612E-04           *
#                                                               *
#*************   chi**2/iteration =  13.06       ****************


#********** Integration by Vegas (iteration      14) ************
#                                                               *
#  integral  =  5.9702169       accum. integral =  5.9720010    *
#  std. dev. = 0.16405343E-02   accum. std. dev = 0.51727665E-03*
#   min/max. wt. =    0.00000            0.560984E-04           *
#                                                               *
#*************   chi**2/iteration =  12.10       ****************


#********** Integration by Vegas (iteration      15) ************
#                                                               *
#  integral  =  5.9709345       accum. integral =  5.9719001    *
#  std. dev. = 0.16561297E-02   accum. std. dev = 0.49336706E-03*
#   min/max. wt. =  -0.466889E-10        0.596306E-04           *
#                                                               *
#*************   chi**2/iteration =  11.21       ****************

 ****************************************************
 * Writing out vegas grid to ./data/output.grid                                                      
 ****************************************************

  Input parameters for vegas:  ndim=  9   ncall= 99999999.
                              it=    0    itmx=    2
                              acc=-1.00    
                              mds=  0     nd=  50
                              (xl,xu)= (  0.00000     ,  1.00000     )
                                       (  0.00000     ,  1.00000     )
                                       (  0.00000     ,  1.00000     )
                                       (  0.00000     ,  1.00000     )
                                       (  0.00000     ,  1.00000     )
                                       (  0.00000     ,  1.00000     )
                                       (  0.00000     ,  1.00000     )
                                       (  0.00000     ,  1.00000     )
                                       (  0.00000     ,  1.00000     )

#********** Integration by Vegas (iteration       1) ************
#                                                               *
#  integral  =  5.9704890       accum. integral =  5.9704890    *
#  std. dev. = 0.16947866E-02   accum. std. dev = 0.16947866E-02*
#   min/max. wt. =  -0.589297E-10        0.149469E-03           *
#                                                               *
#*************   chi**2/iteration =  0.000       ****************


#********** Integration by Vegas (iteration       2) ************
#                                                               *
#  integral  =  5.9766233       accum. integral =  5.9734664    *
#  std. dev. = 0.17469011E-02   accum. std. dev = 0.12164208E-02*
#   min/max. wt. =  -0.432118E-09        0.111089E-03           *
#                                                               *
#*************   chi**2/iteration =  6.346       ****************

 Done
