**** Following environment variables are going to be unset.
       UTM_XSD_DIR
       ROOT_TTREECACHE_PREFILL
       ROOT_TTREECACHE_SIZE
SLURM job running in:  /work-zfs/lhc/heshy/JHUGen/xsecs/JHUGen/JHUGenerator
LHAPDF 6.1.5 loading /work-zfs/lhc/cms/slc6_amd64_gcc493/external/lhapdf/6.1.5-kpegke3/share/LHAPDF/NNPDF30_lo_as_0130/NNPDF30_lo_as_0130_0000.dat
NNPDF30_lo_as_0130 PDF set, member #0, version 2; LHAPDF ID = 263000
 extending no. of histograms for vbf tests
 
  
  ***************************************************************************************
  *                                JHU Generator v7.0.2                                 *
  ***************************************************************************************
  *                                                                                     *
  *   Spin and parity determination of single-produced resonances at hadron colliders   *
  *                                                                                     *
  *          I. Anderson, S. Bolognesi, F. Caola, Y. Gao, A. Gritsan, Z. Guo,           *
  *        C. Martin, K. Melnikov, R. Rontsch, H. Roskes, U. Sarica, M. Schulze,        *
  *                   N. Tran, A. Whitbeck, M. Xiao, C. You, Y. Zhou                    *
  *              Phys.Rev. D81 (2010) 075022;  arXiv:1001.3396  [hep-ph],               *
  *              Phys.Rev. D86 (2012) 095031;  arXiv:1208.4018  [hep-ph],               *
  *              Phys.Rev. D89 (2014) 035007;  arXiv:1309.4819  [hep-ph],               *
  *              Phys.Rev. D94 (2016) 055023;  arXiv:1606.03107 [hep-ph].               *
  *                                                                                     *
  ***************************************************************************************
  
   
   Command line: ./JHUGen Unweighted=0 VegasNc0=99999999 VegasNc1=99999999 VegasNc2=99999999 LHAPDF=NNPDF30_lo_as_0130/NNPDF30_lo_as_0130.info MReso=5000 Process=60 deltaRcut=0 ghz1=0,0 ghz2=1,0 pTjetcut=0
   
   Input Parameter:
    Collider: P-P, sqrt(s)=13000.00
    Resonance: spin=0, mass=5000.00 width=   0.00407
    Z-boson: mass=91.188, width=2.4952
    W-boson: mass=80.399, width=2.0850
    Jet cuts:
            pT >=     0.00 GeV
         |eta| <= Infinity
        DeltaR >=     0.00
           mJJ >=     0.00 GeV
    Random seed:   240287364
    To reproduce results using this seed, JHUGen should be compiled with the same compiler:
      GNU Fortran (GCC) 4.8.2
    
    WidthScheme:   2
    LHAPDF set NNPDF30_lo_as_0130/NNPDF30_lo_as_0130.info, member=  0
    Unweighted: F
    Intermediate off-shell photons: F
    
    spin-0-VV couplings: 
      generate_as=F
      ghg2=  0.10000000E+01  0.00000000E+00i
      ghz2=  0.10000000E+01  0.00000000E+00i
      Lambda=  1000.0
    
    LHE output: ./data/output.lhe
    Histogram output: ./data/output.dat
    Log file: ./data/output.log
    
  Running

  Input parameters for vegas:  ndim=  9   ncall= 99999999.
                              it=    0    itmx=   15
                              acc=-1.00    
                              mds=  0     nd=  50
                              (xl,xu)= (  0.00000     ,  1.00000     )
                                       (  0.00000     ,  1.00000     )
                                       (  0.00000     ,  1.00000     )
                                       (  0.00000     ,  1.00000     )
                                       (  0.00000     ,  1.00000     )
                                       (  0.00000     ,  1.00000     )
                                       (  0.00000     ,  1.00000     )
                                       (  0.00000     ,  1.00000     )
                                       (  0.00000     ,  1.00000     )

#********** Integration by Vegas (iteration       1) ************
#                                                               *
#  integral  =  1.2042351       accum. integral =  1.2042351    *
#  std. dev. = 0.32547784       accum. std. dev = 0.32547784    *
#   min/max. wt. =  -0.795396E-17        0.269434               *
#                                                               *
#*************   chi**2/iteration =  0.000       ****************


#********** Integration by Vegas (iteration       2) ************
#                                                               *
#  integral  = 0.94096123       accum. integral = 0.98618028    *
#  std. dev. = 0.11581365       accum. std. dev = 0.12104597    *
#   min/max. wt. =    0.00000            0.111777               *
#                                                               *
#*************   chi**2/iteration = 0.6723       ****************


#********** Integration by Vegas (iteration       3) ************
#                                                               *
#  integral  =  1.0299679       accum. integral =  1.0288151    *
#  std. dev. = 0.18970968E-01   accum. std. dev = 0.19338490E-01*
#   min/max. wt. =    0.00000            0.127710E-01           *
#                                                               *
#*************   chi**2/iteration = 0.4126       ****************


#********** Integration by Vegas (iteration       4) ************
#                                                               *
#  integral  =  1.0573790       accum. integral =  1.0562428    *
#  std. dev. = 0.39113287E-02   accum. std. dev = 0.38508237E-02*
#   min/max. wt. =    0.00000            0.335416E-02           *
#                                                               *
#*************   chi**2/iteration = 0.9762       ****************


#********** Integration by Vegas (iteration       5) ************
#                                                               *
#  integral  =  1.0555525       accum. integral =  1.0555809    *
#  std. dev. = 0.79162577E-03   accum. std. dev = 0.77921213E-03*
#   min/max. wt. =  -0.189101E-09        0.810428E-04           *
#                                                               *
#*************   chi**2/iteration = 0.7418       ****************


#********** Integration by Vegas (iteration       6) ************
#                                                               *
#  integral  =  1.0550125       accum. integral =  1.0551161    *
#  std. dev. = 0.36583725E-03   accum. std. dev = 0.33238213E-03*
#   min/max. wt. =    0.00000            0.114685E-04           *
#                                                               *
#*************   chi**2/iteration = 0.6817       ****************


#********** Integration by Vegas (iteration       7) ************
#                                                               *
#  integral  =  1.0544960       accum. integral =  1.0547908    *
#  std. dev. = 0.31480597E-03   accum. std. dev = 0.22902020E-03*
#   min/max. wt. =    0.00000            0.972460E-05           *
#                                                               *
#*************   chi**2/iteration = 0.8737       ****************


#********** Integration by Vegas (iteration       8) ************
#                                                               *
#  integral  =  1.0548288       accum. integral =  1.0548044    *
#  std. dev. = 0.30642378E-03   accum. std. dev = 0.18362282E-03*
#   min/max. wt. =    0.00000            0.124523E-04           *
#                                                               *
#*************   chi**2/iteration = 0.7511       ****************


#********** Integration by Vegas (iteration       9) ************
#                                                               *
#  integral  =  1.0548499       accum. integral =  1.0548172    *
#  std. dev. = 0.29287164E-03   accum. std. dev = 0.15566983E-03*
#   min/max. wt. =    0.00000            0.125772E-04           *
#                                                               *
#*************   chi**2/iteration = 0.6599       ****************


#********** Integration by Vegas (iteration      10) ************
#                                                               *
#  integral  =  1.0549013       accum. integral =  1.0548358    *
#  std. dev. = 0.29109259E-03   accum. std. dev = 0.13732647E-03*
#   min/max. wt. =    0.00000            0.103059E-04           *
#                                                               *
#*************   chi**2/iteration = 0.5942       ****************


#********** Integration by Vegas (iteration      11) ************
#                                                               *
#  integral  =  1.0545664       accum. integral =  1.0547893    *
#  std. dev. = 0.29985720E-03   accum. std. dev = 0.12488829E-03*
#   min/max. wt. =    0.00000            0.899545E-05           *
#                                                               *
#*************   chi**2/iteration = 0.6015       ****************


#********** Integration by Vegas (iteration      12) ************
#                                                               *
#  integral  =  1.0550429       accum. integral =  1.0548281    *
#  std. dev. = 0.29340775E-03   accum. std. dev = 0.11493129E-03*
#   min/max. wt. =    0.00000            0.117409E-04           *
#                                                               *
#*************   chi**2/iteration = 0.6043       ****************


#********** Integration by Vegas (iteration      13) ************
#                                                               *
#  integral  =  1.0554426       accum. integral =  1.0549098    *
#  std. dev. = 0.29292235E-03   accum. std. dev = 0.10700170E-03*
#   min/max. wt. =    0.00000            0.208383E-04           *
#                                                               *
#*************   chi**2/iteration = 0.8710       ****************


#********** Integration by Vegas (iteration      14) ************
#                                                               *
#  integral  =  1.0548543       accum. integral =  1.0549032    *
#  std. dev. = 0.29196413E-03   accum. std. dev = 0.10047780E-03*
#   min/max. wt. =    0.00000            0.138623E-04           *
#                                                               *
#*************   chi**2/iteration = 0.8067       ****************


#********** Integration by Vegas (iteration      15) ************
#                                                               *
#  integral  =  1.0549292       accum. integral =  1.0549059    *
#  std. dev. = 0.29776114E-03   accum. std. dev = 0.95210425E-04*
#   min/max. wt. =    0.00000            0.168002E-04           *
#                                                               *
#*************   chi**2/iteration = 0.7498       ****************

 ****************************************************
 * Writing out vegas grid to ./data/output.grid                                                      
 ****************************************************

  Input parameters for vegas:  ndim=  9   ncall= 99999999.
                              it=    0    itmx=    2
                              acc=-1.00    
                              mds=  0     nd=  50
                              (xl,xu)= (  0.00000     ,  1.00000     )
                                       (  0.00000     ,  1.00000     )
                                       (  0.00000     ,  1.00000     )
                                       (  0.00000     ,  1.00000     )
                                       (  0.00000     ,  1.00000     )
                                       (  0.00000     ,  1.00000     )
                                       (  0.00000     ,  1.00000     )
                                       (  0.00000     ,  1.00000     )
                                       (  0.00000     ,  1.00000     )

#********** Integration by Vegas (iteration       1) ************
#                                                               *
#  integral  =  1.0551709       accum. integral =  1.0551709    *
#  std. dev. = 0.30034285E-03   accum. std. dev = 0.30034285E-03*
#   min/max. wt. =    0.00000            0.177728E-04           *
#                                                               *
#*************   chi**2/iteration =  0.000       ****************


#********** Integration by Vegas (iteration       2) ************
#                                                               *
#  integral  =  1.0553628       accum. integral =  1.0552652    *
#  std. dev. = 0.30555339E-03   accum. std. dev = 0.21419324E-03*
#   min/max. wt. =    0.00000            0.210077E-04           *
#                                                               *
#*************   chi**2/iteration = 0.2006       ****************

 Done
