SLURM job running in:  /work-zfs/lhc/heshy/JHUGen/xsecs/JHUGen/JHUGenerator
LHAPDF 6.1.5 loading /work-zfs/lhc/cms/slc6_amd64_gcc493/external/lhapdf/6.1.5-kpegke3/share/LHAPDF/NNPDF30_lo_as_0130/NNPDF30_lo_as_0130_0000.dat
NNPDF30_lo_as_0130 PDF set, member #0, version 2; LHAPDF ID = 263000
 extending no. of histograms for vbf tests
 
                                                                                          
   ***************************************************************************************
   *                                JHU Generator v6.9.9                                 *
   ***************************************************************************************
   *                                                                                     *
   *   Spin and parity determination of single-produced resonances at hadron colliders   *
   *                                                                                     *
   *          I. Anderson, S. Bolognesi, F. Caola, Y. Gao, A. Gritsan, Z. Guo,           *
   *        C. Martin, K. Melnikov, R.Rontsch, H. Roskes, U. Sarica, M. Schulze,         *
   *                   N. Tran, A. Whitbeck, M. Xiao, C. You, Y. Zhou                    *
   *                Phys.Rev. D81 (2010) 075022;  arXiv:1001.3396 [hep-ph],              *
   *                Phys.Rev. D86 (2012) 095031;  arXiv:1208.4018 [hep-ph],              *
   *                Phys.Rev. D89 (2014) 035007;  arXiv:1309.4819 [hep-ph].              *
   *                                                                                     *
   ***************************************************************************************
                                                                                          
   
   Command line: ./JHUGen Unweighted=0 VegasNc0=99999999 VegasNc1=99999999 VegasNc2=99999999 LHAPDF=NNPDF30_lo_as_0130/NNPDF30_lo_as_0130.info MReso=1010 ghz1=0,0 ghz2=1,0 Process=60 pTjetcut=0 deltaRcut=0 pTjetcut=25 etajetcut=4.7 pTlepcut=5 etalepcut=2.5
   
   Input Parameter:
    Collider: P-P, sqrt(s)=13000.00
    Resonance: spin=0, mass=1010.00 width=   0.00407
    Z-boson: mass=91.188, width=2.4952
    W-boson: mass=80.399, width=2.0850
    Jet cuts:
            pT >=    25.00 GeV
         |eta| <=     4.70
        DeltaR >=     0.00
           mJJ >=     0.00 GeV
           m4l_min/max      -1.00     -1.00 GeV
    Random seed:   533224196
    To reproduce results using this seed, JHUGen should be compiled with the same compiler:
      GNU Fortran (GCC) 4.8.2
    
    WidthScheme:   2
    LHAPDF set NNPDF30_lo_as_0130/NNPDF30_lo_as_0130.info, member=  0
    Unweighted: F
    Intermediate off-shell photons: F
    
    spin-0-VV couplings: 
      generate_as=F
      ghg2=  0.10000000E+01  0.00000000E+00i
      ghg3=  0.00000000E+00  0.00000000E+00i
      ghg4=  0.00000000E+00  0.00000000E+00i
      ghz1=  0.00000000E+00  0.00000000E+00i
      ghz2=  0.10000000E+01  0.00000000E+00i
      ghz3=  0.00000000E+00  0.00000000E+00i
      ghz4=  0.00000000E+00  0.00000000E+00i
      Lambda=  1000.0
    
    LHE output: ./data/output.lhe
    Histogram output: ./data/output.dat
    Log file: ./data/output.log
    
  Running

  Input parameters for vegas:  ndim=  9   ncall= 80707214.
                              it=    0    itmx=   15
                              acc=-1.00    
                              mds=  1     nd=  50
                              (xl,xu)= (  0.00000     ,  1.00000     )
                                       (  0.00000     ,  1.00000     )
                                       (  0.00000     ,  1.00000     )
                                       (  0.00000     ,  1.00000     )
                                       (  0.00000     ,  1.00000     )
                                       (  0.00000     ,  1.00000     )
                                       (  0.00000     ,  1.00000     )
                                       (  0.00000     ,  1.00000     )
                                       (  0.00000     ,  1.00000     )

#********** Integration by Vegas (iteration       1) ************
#                                                               *
#  integral  =  721.62916       accum. integral =  721.62916    *
#  std. dev. =  34.356925       accum. std. dev =  34.356925    *
#   min/max. wt. =    0.00000             18.9474               *
#                                                               *
#*************   chi**2/iteration =  0.000       ****************


#********** Integration by Vegas (iteration       2) ************
#                                                               *
#  integral  =  1052.4746       accum. integral =  859.75347    *
#  std. dev. =  59.189063       accum. std. dev =  32.788739    *
#   min/max. wt. =    0.00000             43.5934               *
#                                                               *
#*************   chi**2/iteration =  24.74       ****************


#********** Integration by Vegas (iteration       3) ************
#                                                               *
#  integral  =  1092.1210       accum. integral =  1057.2519    *
#  std. dev. =  16.674846       accum. std. dev =  13.650228    *
#   min/max. wt. =    0.00000             11.4130               *
#                                                               *
#*************   chi**2/iteration =  29.18       ****************


#********** Integration by Vegas (iteration       4) ************
#                                                               *
#  integral  =  1084.2537       accum. integral =  1083.8069    *
#  std. dev. =  1.9797519       accum. std. dev =  1.8100139    *
#   min/max. wt. =    0.00000            0.890215               *
#                                                               *
#*************   chi**2/iteration =  19.52       ****************


#********** Integration by Vegas (iteration       5) ************
#                                                               *
#  integral  =  1084.0108       accum. integral =  1083.9919    *
#  std. dev. = 0.62740483       accum. std. dev = 0.56069788    *
#   min/max. wt. =    0.00000            0.336916E-01           *
#                                                               *
#*************   chi**2/iteration =  14.15       ****************


#********** Integration by Vegas (iteration       6) ************
#                                                               *
#  integral  =  1084.6382       accum. integral =  1084.4421    *
#  std. dev. = 0.39470895       accum. std. dev = 0.31240005    *
#   min/max. wt. =    0.00000            0.175611E-01           *
#                                                               *
#*************   chi**2/iteration =  11.25       ****************


#********** Integration by Vegas (iteration       7) ************
#                                                               *
#  integral  =  1084.5291       accum. integral =  1084.4831    *
#  std. dev. = 0.34922564       accum. std. dev = 0.22906832    *
#   min/max. wt. =    0.00000            0.194422E-01           *
#                                                               *
#*************   chi**2/iteration =  9.231       ****************


#********** Integration by Vegas (iteration       8) ************
#                                                               *
#  integral  =  1084.5032       accum. integral =  1084.4899    *
#  std. dev. = 0.33216156       accum. std. dev = 0.18686641    *
#   min/max. wt. =    0.00000            0.957458E-02           *
#                                                               *
#*************   chi**2/iteration =  7.820       ****************


#********** Integration by Vegas (iteration       9) ************
#                                                               *
#  integral  =  1084.3869       accum. integral =  1084.4632    *
#  std. dev. = 0.32852250       accum. std. dev = 0.16156395    *
#   min/max. wt. =    0.00000            0.117591E-01           *
#                                                               *
#*************   chi**2/iteration =  6.792       ****************


#********** Integration by Vegas (iteration      10) ************
#                                                               *
#  integral  =  1084.7147       accum. integral =  1084.5160    *
#  std. dev. = 0.32466150       accum. std. dev = 0.14413581    *
#   min/max. wt. =    0.00000            0.209240E-01           *
#                                                               *
#*************   chi**2/iteration =  6.050       ****************


#********** Integration by Vegas (iteration      11) ************
#                                                               *
#  integral  =  1084.3301       accum. integral =  1084.4843    *
#  std. dev. = 0.32773867       accum. std. dev = 0.13164344    *
#   min/max. wt. =    0.00000            0.116218E-01           *
#                                                               *
#*************   chi**2/iteration =  5.442       ****************


#********** Integration by Vegas (iteration      12) ************
#                                                               *
#  integral  =  1084.3946       accum. integral =  1084.4711    *
#  std. dev. = 0.32597592       accum. std. dev = 0.12186636    *
#   min/max. wt. =    0.00000            0.102445E-01           *
#                                                               *
#*************   chi**2/iteration =  4.930       ****************


#********** Integration by Vegas (iteration      13) ************
#                                                               *
#  integral  =  1084.8775       accum. integral =  1084.5221    *
#  std. dev. = 0.33005042       accum. std. dev = 0.11419105    *
#   min/max. wt. =    0.00000            0.928385E-02           *
#                                                               *
#*************   chi**2/iteration =  4.616       ****************


#********** Integration by Vegas (iteration      14) ************
#                                                               *
#  integral  =  1084.5142       accum. integral =  1084.5212    *
#  std. dev. = 0.33248401       accum. std. dev = 0.10790997    *
#   min/max. wt. =    0.00000            0.968611E-02           *
#                                                               *
#*************   chi**2/iteration =  4.246       ****************


#********** Integration by Vegas (iteration      15) ************
#                                                               *
#  integral  =  1084.7925       accum. integral =  1084.5478    *
#  std. dev. = 0.33463638       accum. std. dev = 0.10263814    *
#   min/max. wt. =    0.00000            0.106831E-01           *
#                                                               *
#*************   chi**2/iteration =  3.975       ****************

 ****************************************************
 * Writing out vegas grid to ./data/output.grid                                                      
 ****************************************************

  Input parameters for vegas:  ndim=  9   ncall= 80707214.
                              it=    0    itmx=    2
                              acc=-1.00    
                              mds=  1     nd=  50
                              (xl,xu)= (  0.00000     ,  1.00000     )
                                       (  0.00000     ,  1.00000     )
                                       (  0.00000     ,  1.00000     )
                                       (  0.00000     ,  1.00000     )
                                       (  0.00000     ,  1.00000     )
                                       (  0.00000     ,  1.00000     )
                                       (  0.00000     ,  1.00000     )
                                       (  0.00000     ,  1.00000     )
                                       (  0.00000     ,  1.00000     )

#********** Integration by Vegas (iteration       1) ************
#                                                               *
#  integral  =  1084.7833       accum. integral =  1084.7833    *
#  std. dev. = 0.33819115       accum. std. dev = 0.33819115    *
#   min/max. wt. =    0.00000            0.107572E-01           *
#                                                               *
#*************   chi**2/iteration =  0.000       ****************


#********** Integration by Vegas (iteration       2) ************
#                                                               *
#  integral  =  1084.8574       accum. integral =  1084.8197    *
#  std. dev. = 0.34384790       accum. std. dev = 0.24111247    *
#   min/max. wt. =    0.00000            0.277472E-01           *
#                                                               *
#*************   chi**2/iteration = 0.2353E-01   ****************

 Done
