SLURM job running in:  /work-zfs/lhc/heshy/JHUGen/xsecs/JHUGen/JHUGenerator
LHAPDF 6.1.5 loading /work-zfs/lhc/cms/slc6_amd64_gcc493/external/lhapdf/6.1.5-kpegke3/share/LHAPDF/NNPDF30_lo_as_0130/NNPDF30_lo_as_0130_0000.dat
NNPDF30_lo_as_0130 PDF set, member #0, version 2; LHAPDF ID = 263000
 extending no. of histograms for vbf tests
 
                                                                                          
   ***************************************************************************************
   *                                JHU Generator v6.9.9                                 *
   ***************************************************************************************
   *                                                                                     *
   *   Spin and parity determination of single-produced resonances at hadron colliders   *
   *                                                                                     *
   *          I. Anderson, S. Bolognesi, F. Caola, Y. Gao, A. Gritsan, Z. Guo,           *
   *        C. Martin, K. Melnikov, R.Rontsch, H. Roskes, U. Sarica, M. Schulze,         *
   *                   N. Tran, A. Whitbeck, M. Xiao, C. You, Y. Zhou                    *
   *                Phys.Rev. D81 (2010) 075022;  arXiv:1001.3396 [hep-ph],              *
   *                Phys.Rev. D86 (2012) 095031;  arXiv:1208.4018 [hep-ph],              *
   *                Phys.Rev. D89 (2014) 035007;  arXiv:1309.4819 [hep-ph].              *
   *                                                                                     *
   ***************************************************************************************
                                                                                          
   
   Command line: ./JHUGen Unweighted=0 VegasNc0=99999999 VegasNc1=99999999 VegasNc2=99999999 LHAPDF=NNPDF30_lo_as_0130/NNPDF30_lo_as_0130.info MReso=154 ghz1=0,0 ghz2=1,0 Process=60 pTjetcut=0 deltaRcut=0 pTjetcut=25 etajetcut=4.7 pTlepcut=5 etalepcut=2.5
   
   Input Parameter:
    Collider: P-P, sqrt(s)=13000.00
    Resonance: spin=0, mass= 154.00 width=   0.00407
    Z-boson: mass=91.188, width=2.4952
    W-boson: mass=80.399, width=2.0850
    Jet cuts:
            pT >=    25.00 GeV
         |eta| <=     4.70
        DeltaR >=     0.00
           mJJ >=     0.00 GeV
           m4l_min/max      -1.00     -1.00 GeV
    Random seed:   527430412
    To reproduce results using this seed, JHUGen should be compiled with the same compiler:
      GNU Fortran (GCC) 4.8.2
    
    WidthScheme:   2
    LHAPDF set NNPDF30_lo_as_0130/NNPDF30_lo_as_0130.info, member=  0
    Unweighted: F
    Intermediate off-shell photons: F
    
    spin-0-VV couplings: 
      generate_as=F
      ghg2=  0.10000000E+01  0.00000000E+00i
      ghg3=  0.00000000E+00  0.00000000E+00i
      ghg4=  0.00000000E+00  0.00000000E+00i
      ghz1=  0.00000000E+00  0.00000000E+00i
      ghz2=  0.10000000E+01  0.00000000E+00i
      ghz3=  0.00000000E+00  0.00000000E+00i
      ghz4=  0.00000000E+00  0.00000000E+00i
      Lambda=  1000.0
    
    LHE output: ./data/output.lhe
    Histogram output: ./data/output.dat
    Log file: ./data/output.log
    
  Running

  Input parameters for vegas:  ndim=  9   ncall= 80707214.
                              it=    0    itmx=   15
                              acc=-1.00    
                              mds=  1     nd=  50
                              (xl,xu)= (  0.00000     ,  1.00000     )
                                       (  0.00000     ,  1.00000     )
                                       (  0.00000     ,  1.00000     )
                                       (  0.00000     ,  1.00000     )
                                       (  0.00000     ,  1.00000     )
                                       (  0.00000     ,  1.00000     )
                                       (  0.00000     ,  1.00000     )
                                       (  0.00000     ,  1.00000     )
                                       (  0.00000     ,  1.00000     )

#********** Integration by Vegas (iteration       1) ************
#                                                               *
#  integral  =  9864.6691       accum. integral =  9864.6691    *
#  std. dev. =  914.07493       accum. std. dev =  914.07493    *
#   min/max. wt. =    0.00000             543.041               *
#                                                               *
#*************   chi**2/iteration =  0.000       ****************


#********** Integration by Vegas (iteration       2) ************
#                                                               *
#  integral  =  10880.326       accum. integral =  10801.892    *
#  std. dev. =  291.65491       accum. std. dev =  267.41068    *
#   min/max. wt. =    0.00000             211.361               *
#                                                               *
#*************   chi**2/iteration =  1.027       ****************


#********** Integration by Vegas (iteration       3) ************
#                                                               *
#  integral  =  11365.775       accum. integral =  11193.076    *
#  std. dev. =  194.45900       accum. std. dev =  152.79000    *
#   min/max. wt. =    0.00000             138.443               *
#                                                               *
#*************   chi**2/iteration =  1.928       ****************


#********** Integration by Vegas (iteration       4) ************
#                                                               *
#  integral  =  11148.779       accum. integral =  11151.869    *
#  std. dev. =  43.502488       accum. std. dev =  40.758873    *
#   min/max. wt. =    0.00000             10.2881               *
#                                                               *
#*************   chi**2/iteration =  1.286       ****************


#********** Integration by Vegas (iteration       5) ************
#                                                               *
#  integral  =  11123.497       accum. integral =  11124.258    *
#  std. dev. =  6.9487323       accum. std. dev =  6.7107118    *
#   min/max. wt. =    0.00000            0.729654               *
#                                                               *
#*************   chi**2/iteration =  1.070       ****************


#********** Integration by Vegas (iteration       6) ************
#                                                               *
#  integral  =  11119.742       accum. integral =  11121.221    *
#  std. dev. =  4.7828139       accum. std. dev =  3.8544344    *
#   min/max. wt. =    0.00000            0.350865               *
#                                                               *
#*************   chi**2/iteration = 0.9107       ****************


#********** Integration by Vegas (iteration       7) ************
#                                                               *
#  integral  =  11115.456       accum. integral =  11118.572    *
#  std. dev. =  4.2519994       accum. std. dev =  2.8407121    *
#   min/max. wt. =    0.00000            0.223367               *
#                                                               *
#*************   chi**2/iteration = 0.9257       ****************


#********** Integration by Vegas (iteration       8) ************
#                                                               *
#  integral  =  11110.200       accum. integral =  11115.833    *
#  std. dev. =  4.1317424       accum. std. dev =  2.3343397    *
#   min/max. wt. =    0.00000            0.269275               *
#                                                               *
#*************   chi**2/iteration =  1.195       ****************


#********** Integration by Vegas (iteration       9) ************
#                                                               *
#  integral  =  11114.210       accum. integral =  11115.425    *
#  std. dev. =  4.0772125       accum. std. dev =  2.0223087    *
#   min/max. wt. =    0.00000            0.178857               *
#                                                               *
#*************   chi**2/iteration =  1.058       ****************


#********** Integration by Vegas (iteration      10) ************
#                                                               *
#  integral  =  11112.378       accum. integral =  11114.812    *
#  std. dev. =  4.0750213       accum. std. dev =  1.8095343    *
#   min/max. wt. =    0.00000            0.225756               *
#                                                               *
#*************   chi**2/iteration = 0.9889       ****************


#********** Integration by Vegas (iteration      11) ************
#                                                               *
#  integral  =  11107.492       accum. integral =  11113.587    *
#  std. dev. =  4.0742442       accum. std. dev =  1.6525925    *
#   min/max. wt. =    0.00000            0.200422               *
#                                                               *
#*************   chi**2/iteration =  1.162       ****************


#********** Integration by Vegas (iteration      12) ************
#                                                               *
#  integral  =  11120.857       accum. integral =  11114.596    *
#  std. dev. =  4.1557719       accum. std. dev =  1.5348195    *
#   min/max. wt. =    0.00000            0.253276               *
#                                                               *
#*************   chi**2/iteration =  1.298       ****************


#********** Integration by Vegas (iteration      13) ************
#                                                               *
#  integral  =  11106.820       accum. integral =  11113.661    *
#  std. dev. =  4.1837904       accum. std. dev =  1.4404529    *
#   min/max. wt. =    0.00000            0.292757               *
#                                                               *
#*************   chi**2/iteration =  1.446       ****************


#********** Integration by Vegas (iteration      14) ************
#                                                               *
#  integral  =  11113.886       accum. integral =  11113.685    *
#  std. dev. =  4.2491224       accum. std. dev =  1.3638589    *
#   min/max. wt. =    0.00000            0.268297               *
#                                                               *
#*************   chi**2/iteration =  1.333       ****************


#********** Integration by Vegas (iteration      15) ************
#                                                               *
#  integral  =  11120.842       accum. integral =  11114.342    *
#  std. dev. =  4.3223145       accum. std. dev =  1.3004006    *
#   min/max. wt. =    0.00000            0.222941               *
#                                                               *
#*************   chi**2/iteration =  1.417       ****************

 ****************************************************
 * Writing out vegas grid to ./data/output.grid                                                      
 ****************************************************

  Input parameters for vegas:  ndim=  9   ncall= 80707214.
                              it=    0    itmx=    2
                              acc=-1.00    
                              mds=  1     nd=  50
                              (xl,xu)= (  0.00000     ,  1.00000     )
                                       (  0.00000     ,  1.00000     )
                                       (  0.00000     ,  1.00000     )
                                       (  0.00000     ,  1.00000     )
                                       (  0.00000     ,  1.00000     )
                                       (  0.00000     ,  1.00000     )
                                       (  0.00000     ,  1.00000     )
                                       (  0.00000     ,  1.00000     )
                                       (  0.00000     ,  1.00000     )

#********** Integration by Vegas (iteration       1) ************
#                                                               *
#  integral  =  11114.089       accum. integral =  11114.089    *
#  std. dev. =  4.3518121       accum. std. dev =  4.3518121    *
#   min/max. wt. =    0.00000            0.234157               *
#                                                               *
#*************   chi**2/iteration = 0.7868E-06   ****************


#********** Integration by Vegas (iteration       2) ************
#                                                               *
#  integral  =  11109.928       accum. integral =  11112.012    *
#  std. dev. =  4.3564649       accum. std. dev =  3.0788389    *
#   min/max. wt. =    0.00000            0.159229               *
#                                                               *
#*************   chi**2/iteration = 0.4562       ****************

 Done
