SLURM job running in:  /work-zfs/lhc/heshy/JHUGen/xsecs/JHUGen/JHUGenerator
LHAPDF 6.1.5 loading /work-zfs/lhc/cms/slc6_amd64_gcc493/external/lhapdf/6.1.5-kpegke3/share/LHAPDF/NNPDF30_lo_as_0130/NNPDF30_lo_as_0130_0000.dat
NNPDF30_lo_as_0130 PDF set, member #0, version 2; LHAPDF ID = 263000
 extending no. of histograms for vbf tests
 
                                                                                          
   ***************************************************************************************
   *                                JHU Generator v6.9.9                                 *
   ***************************************************************************************
   *                                                                                     *
   *   Spin and parity determination of single-produced resonances at hadron colliders   *
   *                                                                                     *
   *          I. Anderson, S. Bolognesi, F. Caola, Y. Gao, A. Gritsan, Z. Guo,           *
   *        C. Martin, K. Melnikov, R.Rontsch, H. Roskes, U. Sarica, M. Schulze,         *
   *                   N. Tran, A. Whitbeck, M. Xiao, C. You, Y. Zhou                    *
   *                Phys.Rev. D81 (2010) 075022;  arXiv:1001.3396 [hep-ph],              *
   *                Phys.Rev. D86 (2012) 095031;  arXiv:1208.4018 [hep-ph],              *
   *                Phys.Rev. D89 (2014) 035007;  arXiv:1309.4819 [hep-ph].              *
   *                                                                                     *
   ***************************************************************************************
                                                                                          
   
   Command line: ./JHUGen Unweighted=0 VegasNc0=99999999 VegasNc1=99999999 VegasNc2=99999999 LHAPDF=NNPDF30_lo_as_0130/NNPDF30_lo_as_0130.info MReso=162 ghz1=0,0 ghz2=1,0 Process=60 pTjetcut=0 deltaRcut=0 pTjetcut=25 etajetcut=4.7 pTlepcut=5 etalepcut=2.5
   
   Input Parameter:
    Collider: P-P, sqrt(s)=13000.00
    Resonance: spin=0, mass= 162.00 width=   0.00407
    Z-boson: mass=91.188, width=2.4952
    W-boson: mass=80.399, width=2.0850
    Jet cuts:
            pT >=    25.00 GeV
         |eta| <=     4.70
        DeltaR >=     0.00
           mJJ >=     0.00 GeV
           m4l_min/max      -1.00     -1.00 GeV
    Random seed:   354215989
    To reproduce results using this seed, JHUGen should be compiled with the same compiler:
      GNU Fortran (GCC) 4.8.2
    
    WidthScheme:   2
    LHAPDF set NNPDF30_lo_as_0130/NNPDF30_lo_as_0130.info, member=  0
    Unweighted: F
    Intermediate off-shell photons: F
    
    spin-0-VV couplings: 
      generate_as=F
      ghg2=  0.10000000E+01  0.00000000E+00i
      ghg3=  0.00000000E+00  0.00000000E+00i
      ghg4=  0.00000000E+00  0.00000000E+00i
      ghz1=  0.00000000E+00  0.00000000E+00i
      ghz2=  0.10000000E+01  0.00000000E+00i
      ghz3=  0.00000000E+00  0.00000000E+00i
      ghz4=  0.00000000E+00  0.00000000E+00i
      Lambda=  1000.0
    
    LHE output: ./data/output.lhe
    Histogram output: ./data/output.dat
    Log file: ./data/output.log
    
  Running

  Input parameters for vegas:  ndim=  9   ncall= 80707214.
                              it=    0    itmx=   15
                              acc=-1.00    
                              mds=  1     nd=  50
                              (xl,xu)= (  0.00000     ,  1.00000     )
                                       (  0.00000     ,  1.00000     )
                                       (  0.00000     ,  1.00000     )
                                       (  0.00000     ,  1.00000     )
                                       (  0.00000     ,  1.00000     )
                                       (  0.00000     ,  1.00000     )
                                       (  0.00000     ,  1.00000     )
                                       (  0.00000     ,  1.00000     )
                                       (  0.00000     ,  1.00000     )

#********** Integration by Vegas (iteration       1) ************
#                                                               *
#  integral  =  8492.1785       accum. integral =  8492.1785    *
#  std. dev. =  356.74480       accum. std. dev =  356.74480    *
#   min/max. wt. =    0.00000             188.091               *
#                                                               *
#*************   chi**2/iteration =  0.000       ****************


#********** Integration by Vegas (iteration       2) ************
#                                                               *
#  integral  =  10501.106       accum. integral =  10069.915    *
#  std. dev. =  230.61709       accum. std. dev =  185.85634    *
#   min/max. wt. =    0.00000             161.461               *
#                                                               *
#*************   chi**2/iteration =  19.68       ****************


#********** Integration by Vegas (iteration       3) ************
#                                                               *
#  integral  =  10704.299       accum. integral =  10673.776    *
#  std. dev. =  46.837623       accum. std. dev =  42.474314    *
#   min/max. wt. =    0.00000             35.8887               *
#                                                               *
#*************   chi**2/iteration =  14.17       ****************


#********** Integration by Vegas (iteration       4) ************
#                                                               *
#  integral  =  10774.866       accum. integral =  10768.332    *
#  std. dev. =  12.092459       accum. std. dev =  11.029941    *
#   min/max. wt. =    0.00000             1.56770               *
#                                                               *
#*************   chi**2/iteration =  10.75       ****************


#********** Integration by Vegas (iteration       5) ************
#                                                               *
#  integral  =  10775.343       accum. integral =  10774.089    *
#  std. dev. =  5.4573319       accum. std. dev =  4.7216078    *
#   min/max. wt. =    0.00000            0.797600               *
#                                                               *
#*************   chi**2/iteration =  7.949       ****************


#********** Integration by Vegas (iteration       6) ************
#                                                               *
#  integral  =  10780.863       accum. integral =  10777.857    *
#  std. dev. =  4.4197107       accum. std. dev =  3.1710393    *
#   min/max. wt. =    0.00000            0.677301               *
#                                                               *
#*************   chi**2/iteration =  6.483       ****************


#********** Integration by Vegas (iteration       7) ************
#                                                               *
#  integral  =  10786.260       accum. integral =  10781.138    *
#  std. dev. =  4.1205885       accum. std. dev =  2.4901448    *
#   min/max. wt. =    0.00000            0.527723               *
#                                                               *
#*************   chi**2/iteration =  5.792       ****************


#********** Integration by Vegas (iteration       8) ************
#                                                               *
#  integral  =  10783.226       accum. integral =  10781.751    *
#  std. dev. =  3.9933660       accum. std. dev =  2.1019581    *
#   min/max. wt. =    0.00000            0.166136               *
#                                                               *
#*************   chi**2/iteration =  4.952       ****************


#********** Integration by Vegas (iteration       9) ************
#                                                               *
#  integral  =  10781.750       accum. integral =  10781.751    *
#  std. dev. =  3.9579923       accum. std. dev =  1.8505020    *
#   min/max. wt. =    0.00000            0.240374               *
#                                                               *
#*************   chi**2/iteration =  4.304       ****************


#********** Integration by Vegas (iteration      10) ************
#                                                               *
#  integral  =  10780.668       accum. integral =  10781.546    *
#  std. dev. =  3.9292076       accum. std. dev =  1.6706069    *
#   min/max. wt. =    0.00000            0.126824               *
#                                                               *
#*************   chi**2/iteration =  3.814       ****************


#********** Integration by Vegas (iteration      11) ************
#                                                               *
#  integral  =  10786.503       accum. integral =  10782.325    *
#  std. dev. =  3.9593126       accum. std. dev =  1.5370022    *
#   min/max. wt. =    0.00000            0.203866               *
#                                                               *
#*************   chi**2/iteration =  3.555       ****************


#********** Integration by Vegas (iteration      12) ************
#                                                               *
#  integral  =  10783.296       accum. integral =  10782.453    *
#  std. dev. =  4.0380899       accum. std. dev =  1.4351508    *
#   min/max. wt. =    0.00000            0.655903               *
#                                                               *
#*************   chi**2/iteration =  3.225       ****************


#********** Integration by Vegas (iteration      13) ************
#                                                               *
#  integral  =  10778.572       accum. integral =  10781.999    *
#  std. dev. =  4.0163716       accum. std. dev =  1.3505357    *
#   min/max. wt. =    0.00000            0.166604               *
#                                                               *
#*************   chi**2/iteration =  3.019       ****************


#********** Integration by Vegas (iteration      14) ************
#                                                               *
#  integral  =  10782.095       accum. integral =  10782.009    *
#  std. dev. =  4.0273876       accum. std. dev =  1.2797843    *
#   min/max. wt. =    0.00000            0.262856               *
#                                                               *
#*************   chi**2/iteration =  2.780       ****************


#********** Integration by Vegas (iteration      15) ************
#                                                               *
#  integral  =  10782.206       accum. integral =  10782.027    *
#  std. dev. =  4.0409793       accum. std. dev =  1.2195682    *
#   min/max. wt. =    0.00000            0.195116               *
#                                                               *
#*************   chi**2/iteration =  2.576       ****************

 ****************************************************
 * Writing out vegas grid to ./data/output.grid                                                      
 ****************************************************

  Input parameters for vegas:  ndim=  9   ncall= 80707214.
                              it=    0    itmx=    2
                              acc=-1.00    
                              mds=  1     nd=  50
                              (xl,xu)= (  0.00000     ,  1.00000     )
                                       (  0.00000     ,  1.00000     )
                                       (  0.00000     ,  1.00000     )
                                       (  0.00000     ,  1.00000     )
                                       (  0.00000     ,  1.00000     )
                                       (  0.00000     ,  1.00000     )
                                       (  0.00000     ,  1.00000     )
                                       (  0.00000     ,  1.00000     )
                                       (  0.00000     ,  1.00000     )

#********** Integration by Vegas (iteration       1) ************
#                                                               *
#  integral  =  10786.105       accum. integral =  10786.105    *
#  std. dev. =  4.0750032       accum. std. dev =  4.0750032    *
#   min/max. wt. =    0.00000            0.126088               *
#                                                               *
#*************   chi**2/iteration =  0.000       ****************


#********** Integration by Vegas (iteration       2) ************
#                                                               *
#  integral  =  10787.128       accum. integral =  10786.606    *
#  std. dev. =  4.1638699       accum. std. dev =  2.9123762    *
#   min/max. wt. =    0.00000            0.453291               *
#                                                               *
#*************   chi**2/iteration = 0.3084E-01   ****************

 Done
