SLURM job running in:  /work-zfs/lhc/heshy/JHUGen/xsecs/JHUGen/JHUGenerator
LHAPDF 6.1.5 loading /work-zfs/lhc/cms/slc6_amd64_gcc493/external/lhapdf/6.1.5-kpegke3/share/LHAPDF/NNPDF30_lo_as_0130/NNPDF30_lo_as_0130_0000.dat
NNPDF30_lo_as_0130 PDF set, member #0, version 2; LHAPDF ID = 263000
 extending no. of histograms for vbf tests
 
                                                                                          
   ***************************************************************************************
   *                                JHU Generator v6.9.9                                 *
   ***************************************************************************************
   *                                                                                     *
   *   Spin and parity determination of single-produced resonances at hadron colliders   *
   *                                                                                     *
   *          I. Anderson, S. Bolognesi, F. Caola, Y. Gao, A. Gritsan, Z. Guo,           *
   *        C. Martin, K. Melnikov, R.Rontsch, H. Roskes, U. Sarica, M. Schulze,         *
   *                   N. Tran, A. Whitbeck, M. Xiao, C. You, Y. Zhou                    *
   *                Phys.Rev. D81 (2010) 075022;  arXiv:1001.3396 [hep-ph],              *
   *                Phys.Rev. D86 (2012) 095031;  arXiv:1208.4018 [hep-ph],              *
   *                Phys.Rev. D89 (2014) 035007;  arXiv:1309.4819 [hep-ph].              *
   *                                                                                     *
   ***************************************************************************************
                                                                                          
   
   Command line: ./JHUGen Unweighted=0 VegasNc0=99999999 VegasNc1=99999999 VegasNc2=99999999 LHAPDF=NNPDF30_lo_as_0130/NNPDF30_lo_as_0130.info MReso=172 ghz1=0,0 ghz2=1,0 Process=60 pTjetcut=0 deltaRcut=0 pTjetcut=25 etajetcut=4.7 pTlepcut=5 etalepcut=2.5
   
   Input Parameter:
    Collider: P-P, sqrt(s)=13000.00
    Resonance: spin=0, mass= 172.00 width=   0.00407
    Z-boson: mass=91.188, width=2.4952
    W-boson: mass=80.399, width=2.0850
    Jet cuts:
            pT >=    25.00 GeV
         |eta| <=     4.70
        DeltaR >=     0.00
           mJJ >=     0.00 GeV
           m4l_min/max      -1.00     -1.00 GeV
    Random seed:   962639135
    To reproduce results using this seed, JHUGen should be compiled with the same compiler:
      GNU Fortran (GCC) 4.8.2
    
    WidthScheme:   2
    LHAPDF set NNPDF30_lo_as_0130/NNPDF30_lo_as_0130.info, member=  0
    Unweighted: F
    Intermediate off-shell photons: F
    
    spin-0-VV couplings: 
      generate_as=F
      ghg2=  0.10000000E+01  0.00000000E+00i
      ghg3=  0.00000000E+00  0.00000000E+00i
      ghg4=  0.00000000E+00  0.00000000E+00i
      ghz1=  0.00000000E+00  0.00000000E+00i
      ghz2=  0.10000000E+01  0.00000000E+00i
      ghz3=  0.00000000E+00  0.00000000E+00i
      ghz4=  0.00000000E+00  0.00000000E+00i
      Lambda=  1000.0
    
    LHE output: ./data/output.lhe
    Histogram output: ./data/output.dat
    Log file: ./data/output.log
    
  Running

  Input parameters for vegas:  ndim=  9   ncall= 80707214.
                              it=    0    itmx=   15
                              acc=-1.00    
                              mds=  1     nd=  50
                              (xl,xu)= (  0.00000     ,  1.00000     )
                                       (  0.00000     ,  1.00000     )
                                       (  0.00000     ,  1.00000     )
                                       (  0.00000     ,  1.00000     )
                                       (  0.00000     ,  1.00000     )
                                       (  0.00000     ,  1.00000     )
                                       (  0.00000     ,  1.00000     )
                                       (  0.00000     ,  1.00000     )
                                       (  0.00000     ,  1.00000     )

#********** Integration by Vegas (iteration       1) ************
#                                                               *
#  integral  =  8524.3549       accum. integral =  8524.3549    *
#  std. dev. =  638.44297       accum. std. dev =  638.44297    *
#   min/max. wt. =    0.00000             513.192               *
#                                                               *
#*************   chi**2/iteration =  0.000       ****************


#********** Integration by Vegas (iteration       2) ************
#                                                               *
#  integral  =  9897.5814       accum. integral =  9773.1756    *
#  std. dev. =  233.96984       accum. std. dev =  208.21802    *
#   min/max. wt. =    0.00000             145.059               *
#                                                               *
#*************   chi**2/iteration =  3.580       ****************


#********** Integration by Vegas (iteration       3) ************
#                                                               *
#  integral  =  10404.995       accum. integral =  10281.288    *
#  std. dev. =  115.73639       accum. std. dev =  96.176205    *
#   min/max. wt. =    0.00000             103.787               *
#                                                               *
#*************   chi**2/iteration =  5.040       ****************


#********** Integration by Vegas (iteration       4) ************
#                                                               *
#  integral  =  10385.714       accum. integral =  10379.160    *
#  std. dev. =  26.808347       accum. std. dev =  24.572308    *
#   min/max. wt. =    0.00000             7.10379               *
#                                                               *
#*************   chi**2/iteration =  3.585       ****************


#********** Integration by Vegas (iteration       5) ************
#                                                               *
#  integral  =  10390.871       accum. integral =  10390.231    *
#  std. dev. =  6.2460359       accum. std. dev =  5.8134590    *
#   min/max. wt. =    0.00000            0.468848               *
#                                                               *
#*************   chi**2/iteration =  2.680       ****************


#********** Integration by Vegas (iteration       6) ************
#                                                               *
#  integral  =  10383.339       accum. integral =  10385.672    *
#  std. dev. =  4.3403932       accum. std. dev =  3.4071709    *
#   min/max. wt. =    0.00000            0.411151               *
#                                                               *
#*************   chi**2/iteration =  2.296       ****************


#********** Integration by Vegas (iteration       7) ************
#                                                               *
#  integral  =  10388.286       accum. integral =  10386.850    *
#  std. dev. =  3.8987364       accum. std. dev =  2.5384867    *
#   min/max. wt. =    0.00000            0.221674               *
#                                                               *
#*************   chi**2/iteration =  1.937       ****************


#********** Integration by Vegas (iteration       8) ************
#                                                               *
#  integral  =  10388.671       accum. integral =  10387.435    *
#  std. dev. =  3.8052252       accum. std. dev =  2.0996793    *
#   min/max. wt. =    0.00000            0.174792               *
#                                                               *
#*************   chi**2/iteration =  1.670       ****************


#********** Integration by Vegas (iteration       9) ************
#                                                               *
#  integral  =  10382.406       accum. integral =  10386.202    *
#  std. dev. =  3.7813035       accum. std. dev =  1.8295887    *
#   min/max. wt. =    0.00000            0.282723               *
#                                                               *
#*************   chi**2/iteration =  1.628       ****************


#********** Integration by Vegas (iteration      10) ************
#                                                               *
#  integral  =  10381.069       accum. integral =  10385.199    *
#  std. dev. =  3.7990233       accum. std. dev =  1.6449817    *
#   min/max. wt. =    0.00000            0.314226               *
#                                                               *
#*************   chi**2/iteration =  1.610       ****************


#********** Integration by Vegas (iteration      11) ************
#                                                               *
#  integral  =  10385.587       accum. integral =  10385.262    *
#  std. dev. =  3.8194075       accum. std. dev =  1.5086888    *
#   min/max. wt. =    0.00000            0.196014               *
#                                                               *
#*************   chi**2/iteration =  1.444       ****************


#********** Integration by Vegas (iteration      12) ************
#                                                               *
#  integral  =  10389.457       accum. integral =  10385.821    *
#  std. dev. =  3.9221645       accum. std. dev =  1.4068347    *
#   min/max. wt. =    0.00000            0.636922               *
#                                                               *
#*************   chi**2/iteration =  1.402       ****************


#********** Integration by Vegas (iteration      13) ************
#                                                               *
#  integral  =  10382.516       accum. integral =  10385.416    *
#  std. dev. =  3.8288556       accum. std. dev =  1.3195487    *
#   min/max. wt. =    0.00000            0.119420               *
#                                                               *
#*************   chi**2/iteration =  1.338       ****************


#********** Integration by Vegas (iteration      14) ************
#                                                               *
#  integral  =  10384.499       accum. integral =  10385.315    *
#  std. dev. =  3.8020903       accum. std. dev =  1.2458738    *
#   min/max. wt. =    0.00000            0.198428               *
#                                                               *
#*************   chi**2/iteration =  1.236       ****************


#********** Integration by Vegas (iteration      15) ************
#                                                               *
#  integral  =  10380.076       accum. integral =  10384.800    *
#  std. dev. =  3.8293620       accum. std. dev =  1.1842428    *
#   min/max. wt. =    0.00000            0.179938               *
#                                                               *
#*************   chi**2/iteration =  1.270       ****************

 ****************************************************
 * Writing out vegas grid to ./data/output.grid                                                      
 ****************************************************

  Input parameters for vegas:  ndim=  9   ncall= 80707214.
                              it=    0    itmx=    2
                              acc=-1.00    
                              mds=  1     nd=  50
                              (xl,xu)= (  0.00000     ,  1.00000     )
                                       (  0.00000     ,  1.00000     )
                                       (  0.00000     ,  1.00000     )
                                       (  0.00000     ,  1.00000     )
                                       (  0.00000     ,  1.00000     )
                                       (  0.00000     ,  1.00000     )
                                       (  0.00000     ,  1.00000     )
                                       (  0.00000     ,  1.00000     )
                                       (  0.00000     ,  1.00000     )

#********** Integration by Vegas (iteration       1) ************
#                                                               *
#  integral  =  10386.230       accum. integral =  10386.230    *
#  std. dev. =  3.8664836       accum. std. dev =  3.8664836    *
#   min/max. wt. =    0.00000            0.206029               *
#                                                               *
#*************   chi**2/iteration =  0.000       ****************


#********** Integration by Vegas (iteration       2) ************
#                                                               *
#  integral  =  10390.113       accum. integral =  10388.150    *
#  std. dev. =  3.9113073       accum. std. dev =  2.7497333    *
#   min/max. wt. =    0.00000            0.211921               *
#                                                               *
#*************   chi**2/iteration = 0.4981       ****************

 Done
