SLURM job running in:  /work-zfs/lhc/heshy/JHUGen/xsecs/JHUGen/JHUGenerator
LHAPDF 6.1.5 loading /work-zfs/lhc/cms/slc6_amd64_gcc493/external/lhapdf/6.1.5-kpegke3/share/LHAPDF/NNPDF30_lo_as_0130/NNPDF30_lo_as_0130_0000.dat
NNPDF30_lo_as_0130 PDF set, member #0, version 2; LHAPDF ID = 263000
 extending no. of histograms for vbf tests
 
                                                                                          
   ***************************************************************************************
   *                                JHU Generator v6.9.9                                 *
   ***************************************************************************************
   *                                                                                     *
   *   Spin and parity determination of single-produced resonances at hadron colliders   *
   *                                                                                     *
   *          I. Anderson, S. Bolognesi, F. Caola, Y. Gao, A. Gritsan, Z. Guo,           *
   *        C. Martin, K. Melnikov, R.Rontsch, H. Roskes, U. Sarica, M. Schulze,         *
   *                   N. Tran, A. Whitbeck, M. Xiao, C. You, Y. Zhou                    *
   *                Phys.Rev. D81 (2010) 075022;  arXiv:1001.3396 [hep-ph],              *
   *                Phys.Rev. D86 (2012) 095031;  arXiv:1208.4018 [hep-ph],              *
   *                Phys.Rev. D89 (2014) 035007;  arXiv:1309.4819 [hep-ph].              *
   *                                                                                     *
   ***************************************************************************************
                                                                                          
   
   Command line: ./JHUGen Unweighted=0 VegasNc0=99999999 VegasNc1=99999999 VegasNc2=99999999 LHAPDF=NNPDF30_lo_as_0130/NNPDF30_lo_as_0130.info MReso=228 ghz1=0,0 ghz2=1,0 Process=60 pTjetcut=0 deltaRcut=0 pTjetcut=25 etajetcut=4.7 pTlepcut=5 etalepcut=2.5
   
   Input Parameter:
    Collider: P-P, sqrt(s)=13000.00
    Resonance: spin=0, mass= 228.00 width=   0.00407
    Z-boson: mass=91.188, width=2.4952
    W-boson: mass=80.399, width=2.0850
    Jet cuts:
            pT >=    25.00 GeV
         |eta| <=     4.70
        DeltaR >=     0.00
           mJJ >=     0.00 GeV
           m4l_min/max      -1.00     -1.00 GeV
    Random seed:   202208653
    To reproduce results using this seed, JHUGen should be compiled with the same compiler:
      GNU Fortran (GCC) 4.8.2
    
    WidthScheme:   2
    LHAPDF set NNPDF30_lo_as_0130/NNPDF30_lo_as_0130.info, member=  0
    Unweighted: F
    Intermediate off-shell photons: F
    
    spin-0-VV couplings: 
      generate_as=F
      ghg2=  0.10000000E+01  0.00000000E+00i
      ghg3=  0.00000000E+00  0.00000000E+00i
      ghg4=  0.00000000E+00  0.00000000E+00i
      ghz1=  0.00000000E+00  0.00000000E+00i
      ghz2=  0.10000000E+01  0.00000000E+00i
      ghz3=  0.00000000E+00  0.00000000E+00i
      ghz4=  0.00000000E+00  0.00000000E+00i
      Lambda=  1000.0
    
    LHE output: ./data/output.lhe
    Histogram output: ./data/output.dat
    Log file: ./data/output.log
    
  Running

  Input parameters for vegas:  ndim=  9   ncall= 80707214.
                              it=    0    itmx=   15
                              acc=-1.00    
                              mds=  1     nd=  50
                              (xl,xu)= (  0.00000     ,  1.00000     )
                                       (  0.00000     ,  1.00000     )
                                       (  0.00000     ,  1.00000     )
                                       (  0.00000     ,  1.00000     )
                                       (  0.00000     ,  1.00000     )
                                       (  0.00000     ,  1.00000     )
                                       (  0.00000     ,  1.00000     )
                                       (  0.00000     ,  1.00000     )
                                       (  0.00000     ,  1.00000     )

#********** Integration by Vegas (iteration       1) ************
#                                                               *
#  integral  =  13430.459       accum. integral =  13430.459    *
#  std. dev. =  5999.1462       accum. std. dev =  5999.1462    *
#   min/max. wt. =    0.00000             5832.15               *
#                                                               *
#*************   chi**2/iteration = -.8281E-12   ****************


#********** Integration by Vegas (iteration       2) ************
#                                                               *
#  integral  =  8071.4495       accum. integral =  8094.1213    *
#  std. dev. =  235.00190       accum. std. dev =  321.90859    *
#   min/max. wt. =    0.00000             179.970               *
#                                                               *
#*************   chi**2/iteration =  1.166       ****************


#********** Integration by Vegas (iteration       3) ************
#                                                               *
#  integral  =  8494.5788       accum. integral =  8482.8197    *
#  std. dev. =  42.926081       accum. std. dev =  51.232341    *
#   min/max. wt. =    0.00000             18.6040               *
#                                                               *
#*************   chi**2/iteration =  1.547       ****************


#********** Integration by Vegas (iteration       4) ************
#                                                               *
#  integral  =  8480.8320       accum. integral =  8480.9440    *
#  std. dev. =  10.315432       accum. std. dev =  11.661219    *
#   min/max. wt. =    0.00000             3.59831               *
#                                                               *
#*************   chi**2/iteration =  1.122       ****************


#********** Integration by Vegas (iteration       5) ************
#                                                               *
#  integral  =  8478.3205       accum. integral =  8478.7802    *
#  std. dev. =  4.6177087       accum. std. dev =  4.7519941    *
#   min/max. wt. =    0.00000            0.679295               *
#                                                               *
#*************   chi**2/iteration = 0.8989       ****************


#********** Integration by Vegas (iteration       6) ************
#                                                               *
#  integral  =  8484.7638       accum. integral =  8482.3933    *
#  std. dev. =  3.3994121       accum. std. dev =  2.9356547    *
#   min/max. wt. =    0.00000            0.192773               *
#                                                               *
#*************   chi**2/iteration = 0.9453       ****************


#********** Integration by Vegas (iteration       7) ************
#                                                               *
#  integral  =  8480.4642       accum. integral =  8481.6110    *
#  std. dev. =  3.1966008       accum. std. dev =  2.2323159    *
#   min/max. wt. =    0.00000            0.414779               *
#                                                               *
#*************   chi**2/iteration = 0.8399       ****************


#********** Integration by Vegas (iteration       8) ************
#                                                               *
#  integral  =  8481.3835       accum. integral =  8481.5416    *
#  std. dev. =  3.0729934       accum. std. dev =  1.8412924    *
#   min/max. wt. =    0.00000            0.173850               *
#                                                               *
#*************   chi**2/iteration = 0.7358       ****************


#********** Integration by Vegas (iteration       9) ************
#                                                               *
#  integral  =  8479.9960       accum. integral =  8481.1717    *
#  std. dev. =  3.0251300       accum. std. dev =  1.5923947    *
#   min/max. wt. =    0.00000            0.109157               *
#                                                               *
#*************   chi**2/iteration = 0.6763       ****************


#********** Integration by Vegas (iteration      10) ************
#                                                               *
#  integral  =  8482.4767       accum. integral =  8481.4204    *
#  std. dev. =  3.0507956       accum. std. dev =  1.4228769    *
#   min/max. wt. =    0.00000            0.302485               *
#                                                               *
#*************   chi**2/iteration = 0.6238       ****************


#********** Integration by Vegas (iteration      11) ************
#                                                               *
#  integral  =  8479.9235       accum. integral =  8481.1784    *
#  std. dev. =  3.0322922       accum. std. dev =  1.2954278    *
#   min/max. wt. =    0.00000            0.189827               *
#                                                               *
#*************   chi**2/iteration = 0.5859       ****************


#********** Integration by Vegas (iteration      12) ************
#                                                               *
#  integral  =  8484.1098       accum. integral =  8481.5856    *
#  std. dev. =  3.0370358       accum. std. dev =  1.1964061    *
#   min/max. wt. =    0.00000            0.110476               *
#                                                               *
#*************   chi**2/iteration = 0.6030       ****************


#********** Integration by Vegas (iteration      13) ************
#                                                               *
#  integral  =  8483.8064       accum. integral =  8481.8538    *
#  std. dev. =  3.0539918       accum. std. dev =  1.1173012    *
#   min/max. wt. =    0.00000            0.211866               *
#                                                               *
#*************   chi**2/iteration = 0.5922       ****************


#********** Integration by Vegas (iteration      14) ************
#                                                               *
#  integral  =  8482.4864       accum. integral =  8481.9215    *
#  std. dev. =  3.0631147       accum. std. dev =  1.0520448    *
#   min/max. wt. =    0.00000            0.975063E-01           *
#                                                               *
#*************   chi**2/iteration = 0.5532       ****************


#********** Integration by Vegas (iteration      15) ************
#                                                               *
#  integral  =  8485.6200       accum. integral =  8482.2711    *
#  std. dev. =  3.1045483       accum. std. dev = 0.99805116    *
#   min/max. wt. =    0.00000            0.136090               *
#                                                               *
#*************   chi**2/iteration = 0.6008       ****************

 ****************************************************
 * Writing out vegas grid to ./data/output.grid                                                      
 ****************************************************

  Input parameters for vegas:  ndim=  9   ncall= 80707214.
                              it=    0    itmx=    2
                              acc=-1.00    
                              mds=  1     nd=  50
                              (xl,xu)= (  0.00000     ,  1.00000     )
                                       (  0.00000     ,  1.00000     )
                                       (  0.00000     ,  1.00000     )
                                       (  0.00000     ,  1.00000     )
                                       (  0.00000     ,  1.00000     )
                                       (  0.00000     ,  1.00000     )
                                       (  0.00000     ,  1.00000     )
                                       (  0.00000     ,  1.00000     )
                                       (  0.00000     ,  1.00000     )

#********** Integration by Vegas (iteration       1) ************
#                                                               *
#  integral  =  8487.2820       accum. integral =  8487.2820    *
#  std. dev. =  3.1183072       accum. std. dev =  3.1183072    *
#   min/max. wt. =    0.00000            0.167799               *
#                                                               *
#*************   chi**2/iteration =  0.000       ****************


#********** Integration by Vegas (iteration       2) ************
#                                                               *
#  integral  =  8478.5248       accum. integral =  8482.9271    *
#  std. dev. =  3.1320198       accum. std. dev =  2.2098034    *
#   min/max. wt. =    0.00000            0.129445               *
#                                                               *
#*************   chi**2/iteration =  3.922       ****************

 Done
