SLURM job running in:  /work-zfs/lhc/heshy/JHUGen/xsecs/JHUGen/JHUGenerator
LHAPDF 6.1.5 loading /work-zfs/lhc/cms/slc6_amd64_gcc493/external/lhapdf/6.1.5-kpegke3/share/LHAPDF/NNPDF30_lo_as_0130/NNPDF30_lo_as_0130_0000.dat
NNPDF30_lo_as_0130 PDF set, member #0, version 2; LHAPDF ID = 263000
 extending no. of histograms for vbf tests
 
                                                                                          
   ***************************************************************************************
   *                                JHU Generator v6.9.9                                 *
   ***************************************************************************************
   *                                                                                     *
   *   Spin and parity determination of single-produced resonances at hadron colliders   *
   *                                                                                     *
   *          I. Anderson, S. Bolognesi, F. Caola, Y. Gao, A. Gritsan, Z. Guo,           *
   *        C. Martin, K. Melnikov, R.Rontsch, H. Roskes, U. Sarica, M. Schulze,         *
   *                   N. Tran, A. Whitbeck, M. Xiao, C. You, Y. Zhou                    *
   *                Phys.Rev. D81 (2010) 075022;  arXiv:1001.3396 [hep-ph],              *
   *                Phys.Rev. D86 (2012) 095031;  arXiv:1208.4018 [hep-ph],              *
   *                Phys.Rev. D89 (2014) 035007;  arXiv:1309.4819 [hep-ph].              *
   *                                                                                     *
   ***************************************************************************************
                                                                                          
   
   Command line: ./JHUGen Unweighted=0 VegasNc0=99999999 VegasNc1=99999999 VegasNc2=99999999 LHAPDF=NNPDF30_lo_as_0130/NNPDF30_lo_as_0130.info MReso=230 ghz1=0,0 ghz2=1,0 Process=60 pTjetcut=0 deltaRcut=0 pTjetcut=25 etajetcut=4.7 pTlepcut=5 etalepcut=2.5
   
   Input Parameter:
    Collider: P-P, sqrt(s)=13000.00
    Resonance: spin=0, mass= 230.00 width=   0.00407
    Z-boson: mass=91.188, width=2.4952
    W-boson: mass=80.399, width=2.0850
    Jet cuts:
            pT >=    25.00 GeV
         |eta| <=     4.70
        DeltaR >=     0.00
           mJJ >=     0.00 GeV
           m4l_min/max      -1.00     -1.00 GeV
    Random seed:   202208654
    To reproduce results using this seed, JHUGen should be compiled with the same compiler:
      GNU Fortran (GCC) 4.8.2
    
    WidthScheme:   2
    LHAPDF set NNPDF30_lo_as_0130/NNPDF30_lo_as_0130.info, member=  0
    Unweighted: F
    Intermediate off-shell photons: F
    
    spin-0-VV couplings: 
      generate_as=F
      ghg2=  0.10000000E+01  0.00000000E+00i
      ghg3=  0.00000000E+00  0.00000000E+00i
      ghg4=  0.00000000E+00  0.00000000E+00i
      ghz1=  0.00000000E+00  0.00000000E+00i
      ghz2=  0.10000000E+01  0.00000000E+00i
      ghz3=  0.00000000E+00  0.00000000E+00i
      ghz4=  0.00000000E+00  0.00000000E+00i
      Lambda=  1000.0
    
    LHE output: ./data/output.lhe
    Histogram output: ./data/output.dat
    Log file: ./data/output.log
    
  Running

  Input parameters for vegas:  ndim=  9   ncall= 80707214.
                              it=    0    itmx=   15
                              acc=-1.00    
                              mds=  1     nd=  50
                              (xl,xu)= (  0.00000     ,  1.00000     )
                                       (  0.00000     ,  1.00000     )
                                       (  0.00000     ,  1.00000     )
                                       (  0.00000     ,  1.00000     )
                                       (  0.00000     ,  1.00000     )
                                       (  0.00000     ,  1.00000     )
                                       (  0.00000     ,  1.00000     )
                                       (  0.00000     ,  1.00000     )
                                       (  0.00000     ,  1.00000     )

#********** Integration by Vegas (iteration       1) ************
#                                                               *
#  integral  =  6577.0945       accum. integral =  6577.0945    *
#  std. dev. =  344.85818       accum. std. dev =  344.85818    *
#   min/max. wt. =    0.00000             291.316               *
#                                                               *
#*************   chi**2/iteration = 0.6265E-10   ****************


#********** Integration by Vegas (iteration       2) ************
#                                                               *
#  integral  =  8223.7767       accum. integral =  7902.5687    *
#  std. dev. =  212.26838       accum. std. dev =  172.43417    *
#   min/max. wt. =    0.00000             144.790               *
#                                                               *
#*************   chi**2/iteration =  14.30       ****************


#********** Integration by Vegas (iteration       3) ************
#                                                               *
#  integral  =  8438.4759       accum. integral =  8419.3130    *
#  std. dev. =  37.631503       accum. std. dev =  34.117000    *
#   min/max. wt. =    0.00000             24.2086               *
#                                                               *
#*************   chi**2/iteration =  10.79       ****************


#********** Integration by Vegas (iteration       4) ************
#                                                               *
#  integral  =  8409.7729       accum. integral =  8410.3916    *
#  std. dev. =  9.6984767       accum. std. dev =  8.8661434    *
#   min/max. wt. =    0.00000            0.951060               *
#                                                               *
#*************   chi**2/iteration =  6.931       ****************


#********** Integration by Vegas (iteration       5) ************
#                                                               *
#  integral  =  8427.2784       accum. integral =  8424.3433    *
#  std. dev. =  4.3106408       accum. std. dev =  3.7417504    *
#   min/max. wt. =    0.00000            0.976393               *
#                                                               *
#*************   chi**2/iteration =  5.805       ****************


#********** Integration by Vegas (iteration       6) ************
#                                                               *
#  integral  =  8425.5893       accum. integral =  8425.0495    *
#  std. dev. =  3.4250222       accum. std. dev =  2.4825085    *
#   min/max. wt. =    0.00000            0.275436               *
#                                                               *
#*************   chi**2/iteration =  4.583       ****************


#********** Integration by Vegas (iteration       7) ************
#                                                               *
#  integral  =  8419.6833       accum. integral =  8422.8436    *
#  std. dev. =  3.0841404       accum. std. dev =  1.9156158    *
#   min/max. wt. =    0.00000            0.125297               *
#                                                               *
#*************   chi**2/iteration =  4.094       ****************


#********** Integration by Vegas (iteration       8) ************
#                                                               *
#  integral  =  8423.9848       accum. integral =  8423.1855    *
#  std. dev. =  3.0252471       accum. std. dev =  1.6098897    *
#   min/max. wt. =    0.00000            0.281016               *
#                                                               *
#*************   chi**2/iteration =  3.495       ****************


#********** Integration by Vegas (iteration       9) ************
#                                                               *
#  integral  =  8422.7503       accum. integral =  8423.0835    *
#  std. dev. =  2.9925074       accum. std. dev =  1.4131820    *
#   min/max. wt. =    0.00000            0.157790               *
#                                                               *
#*************   chi**2/iteration =  3.041       ****************


#********** Integration by Vegas (iteration      10) ************
#                                                               *
#  integral  =  8422.8332       accum. integral =  8423.0360    *
#  std. dev. =  2.9937335       accum. std. dev =  1.2753071    *
#   min/max. wt. =    0.00000            0.231955               *
#                                                               *
#*************   chi**2/iteration =  2.690       ****************


#********** Integration by Vegas (iteration      11) ************
#                                                               *
#  integral  =  8426.4575       accum. integral =  8423.5806    *
#  std. dev. =  2.9984986       accum. std. dev =  1.1718869    *
#   min/max. wt. =    0.00000            0.113917               *
#                                                               *
#*************   chi**2/iteration =  2.525       ****************


#********** Integration by Vegas (iteration      12) ************
#                                                               *
#  integral  =  8423.8095       accum. integral =  8423.6114    *
#  std. dev. =  3.0308090       accum. std. dev =  1.0919751    *
#   min/max. wt. =    0.00000            0.194475               *
#                                                               *
#*************   chi**2/iteration =  2.288       ****************


#********** Integration by Vegas (iteration      13) ************
#                                                               *
#  integral  =  8422.7894       accum. integral =  8423.5148    *
#  std. dev. =  3.0481433       accum. std. dev =  1.0272929    *
#   min/max. wt. =    0.00000            0.176772               *
#                                                               *
#*************   chi**2/iteration =  2.097       ****************


#********** Integration by Vegas (iteration      14) ************
#                                                               *
#  integral  =  8424.2931       accum. integral =  8423.5953    *
#  std. dev. =  3.0778724       accum. std. dev = 0.97396048    *
#   min/max. wt. =    0.00000            0.194793               *
#                                                               *
#*************   chi**2/iteration =  1.936       ****************


#********** Integration by Vegas (iteration      15) ************
#                                                               *
#  integral  =  8424.6996       accum. integral =  8423.6969    *
#  std. dev. =  3.1083558       accum. std. dev = 0.92906259    *
#   min/max. wt. =    0.00000            0.175923               *
#                                                               *
#*************   chi**2/iteration =  1.802       ****************

 ****************************************************
 * Writing out vegas grid to ./data/output.grid                                                      
 ****************************************************

  Input parameters for vegas:  ndim=  9   ncall= 80707214.
                              it=    0    itmx=    2
                              acc=-1.00    
                              mds=  1     nd=  50
                              (xl,xu)= (  0.00000     ,  1.00000     )
                                       (  0.00000     ,  1.00000     )
                                       (  0.00000     ,  1.00000     )
                                       (  0.00000     ,  1.00000     )
                                       (  0.00000     ,  1.00000     )
                                       (  0.00000     ,  1.00000     )
                                       (  0.00000     ,  1.00000     )
                                       (  0.00000     ,  1.00000     )
                                       (  0.00000     ,  1.00000     )

#********** Integration by Vegas (iteration       1) ************
#                                                               *
#  integral  =  8422.2983       accum. integral =  8422.2983    *
#  std. dev. =  3.1227164       accum. std. dev =  3.1227164    *
#   min/max. wt. =    0.00000            0.781793E-01           *
#                                                               *
#*************   chi**2/iteration =  0.000       ****************


#********** Integration by Vegas (iteration       2) ************
#                                                               *
#  integral  =  8424.1795       accum. integral =  8423.2170    *
#  std. dev. =  3.1970446       accum. std. dev =  2.2339153    *
#   min/max. wt. =    0.00000            0.328369               *
#                                                               *
#*************   chi**2/iteration = 0.1770       ****************

 Done
