SLURM job running in:  /work-zfs/lhc/heshy/JHUGen/xsecs/JHUGen/JHUGenerator
LHAPDF 6.1.5 loading /work-zfs/lhc/cms/slc6_amd64_gcc493/external/lhapdf/6.1.5-kpegke3/share/LHAPDF/NNPDF30_lo_as_0130/NNPDF30_lo_as_0130_0000.dat
NNPDF30_lo_as_0130 PDF set, member #0, version 2; LHAPDF ID = 263000
 extending no. of histograms for vbf tests
 
                                                                                          
   ***************************************************************************************
   *                                JHU Generator v6.9.9                                 *
   ***************************************************************************************
   *                                                                                     *
   *   Spin and parity determination of single-produced resonances at hadron colliders   *
   *                                                                                     *
   *          I. Anderson, S. Bolognesi, F. Caola, Y. Gao, A. Gritsan, Z. Guo,           *
   *        C. Martin, K. Melnikov, R.Rontsch, H. Roskes, U. Sarica, M. Schulze,         *
   *                   N. Tran, A. Whitbeck, M. Xiao, C. You, Y. Zhou                    *
   *                Phys.Rev. D81 (2010) 075022;  arXiv:1001.3396 [hep-ph],              *
   *                Phys.Rev. D86 (2012) 095031;  arXiv:1208.4018 [hep-ph],              *
   *                Phys.Rev. D89 (2014) 035007;  arXiv:1309.4819 [hep-ph].              *
   *                                                                                     *
   ***************************************************************************************
                                                                                          
   
   Command line: ./JHUGen Unweighted=0 VegasNc0=99999999 VegasNc1=99999999 VegasNc2=99999999 LHAPDF=NNPDF30_lo_as_0130/NNPDF30_lo_as_0130.info MReso=232 ghz1=0,0 ghz2=1,0 Process=60 pTjetcut=0 deltaRcut=0 pTjetcut=25 etajetcut=4.7 pTlepcut=5 etalepcut=2.5
   
   Input Parameter:
    Collider: P-P, sqrt(s)=13000.00
    Resonance: spin=0, mass= 232.00 width=   0.00407
    Z-boson: mass=91.188, width=2.4952
    W-boson: mass=80.399, width=2.0850
    Jet cuts:
            pT >=    25.00 GeV
         |eta| <=     4.70
        DeltaR >=     0.00
           mJJ >=     0.00 GeV
           m4l_min/max      -1.00     -1.00 GeV
    Random seed:   685135343
    To reproduce results using this seed, JHUGen should be compiled with the same compiler:
      GNU Fortran (GCC) 4.8.2
    
    WidthScheme:   2
    LHAPDF set NNPDF30_lo_as_0130/NNPDF30_lo_as_0130.info, member=  0
    Unweighted: F
    Intermediate off-shell photons: F
    
    spin-0-VV couplings: 
      generate_as=F
      ghg2=  0.10000000E+01  0.00000000E+00i
      ghg3=  0.00000000E+00  0.00000000E+00i
      ghg4=  0.00000000E+00  0.00000000E+00i
      ghz1=  0.00000000E+00  0.00000000E+00i
      ghz2=  0.10000000E+01  0.00000000E+00i
      ghz3=  0.00000000E+00  0.00000000E+00i
      ghz4=  0.00000000E+00  0.00000000E+00i
      Lambda=  1000.0
    
    LHE output: ./data/output.lhe
    Histogram output: ./data/output.dat
    Log file: ./data/output.log
    
  Running

  Input parameters for vegas:  ndim=  9   ncall= 80707214.
                              it=    0    itmx=   15
                              acc=-1.00    
                              mds=  1     nd=  50
                              (xl,xu)= (  0.00000     ,  1.00000     )
                                       (  0.00000     ,  1.00000     )
                                       (  0.00000     ,  1.00000     )
                                       (  0.00000     ,  1.00000     )
                                       (  0.00000     ,  1.00000     )
                                       (  0.00000     ,  1.00000     )
                                       (  0.00000     ,  1.00000     )
                                       (  0.00000     ,  1.00000     )
                                       (  0.00000     ,  1.00000     )

#********** Integration by Vegas (iteration       1) ************
#                                                               *
#  integral  =  8224.2780       accum. integral =  8224.2780    *
#  std. dev. =  1143.7240       accum. std. dev =  1143.7240    *
#   min/max. wt. =    0.00000             729.428               *
#                                                               *
#*************   chi**2/iteration =  0.000       ****************


#********** Integration by Vegas (iteration       2) ************
#                                                               *
#  integral  =  7813.2043       accum. integral =  7829.4304    *
#  std. dev. =  220.26460       accum. std. dev =  221.62526    *
#   min/max. wt. =    0.00000             158.648               *
#                                                               *
#*************   chi**2/iteration = 0.1303       ****************


#********** Integration by Vegas (iteration       3) ************
#                                                               *
#  integral  =  8311.6016       accum. integral =  8291.3609    *
#  std. dev. =  48.070565       accum. std. dev =  45.962029    *
#   min/max. wt. =    0.00000             25.6372               *
#                                                               *
#*************   chi**2/iteration =  2.275       ****************


#********** Integration by Vegas (iteration       4) ************
#                                                               *
#  integral  =  8348.2896       accum. integral =  8345.9083    *
#  std. dev. =  9.8740019       accum. std. dev =  9.4671240    *
#   min/max. wt. =    0.00000            0.985891               *
#                                                               *
#*************   chi**2/iteration =  1.979       ****************


#********** Integration by Vegas (iteration       5) ************
#                                                               *
#  integral  =  8363.5985       accum. integral =  8360.6644    *
#  std. dev. =  4.3178191       accum. std. dev =  3.8733359    *
#   min/max. wt. =    0.00000            0.972315               *
#                                                               *
#*************   chi**2/iteration =  2.192       ****************


#********** Integration by Vegas (iteration       6) ************
#                                                               *
#  integral  =  8363.6256       accum. integral =  8362.3762    *
#  std. dev. =  3.3689588       accum. std. dev =  2.5235612    *
#   min/max. wt. =    0.00000            0.216863               *
#                                                               *
#*************   chi**2/iteration =  1.810       ****************


#********** Integration by Vegas (iteration       7) ************
#                                                               *
#  integral  =  8367.6833       accum. integral =  8364.5418    *
#  std. dev. =  3.0866775       accum. std. dev =  1.9459210    *
#   min/max. wt. =    0.00000            0.174856               *
#                                                               *
#*************   chi**2/iteration =  1.801       ****************


#********** Integration by Vegas (iteration       8) ************
#                                                               *
#  integral  =  8362.1716       accum. integral =  8363.8291    *
#  std. dev. =  3.0051412       accum. std. dev =  1.6298797    *
#   min/max. wt. =    0.00000            0.249305               *
#                                                               *
#*************   chi**2/iteration =  1.603       ****************


#********** Integration by Vegas (iteration       9) ************
#                                                               *
#  integral  =  8364.7465       accum. integral =  8364.0468    *
#  std. dev. =  2.9549519       accum. std. dev =  1.4252027    *
#   min/max. wt. =    0.00000            0.160908               *
#                                                               *
#*************   chi**2/iteration =  1.408       ****************


#********** Integration by Vegas (iteration      10) ************
#                                                               *
#  integral  =  8369.2097       accum. integral =  8365.0302    *
#  std. dev. =  2.9693528       accum. std. dev =  1.2836808    *
#   min/max. wt. =    0.00000            0.180787               *
#                                                               *
#*************   chi**2/iteration =  1.526       ****************


#********** Integration by Vegas (iteration      11) ************
#                                                               *
#  integral  =  8361.6806       accum. integral =  8364.4939    *
#  std. dev. =  2.9654372       accum. std. dev =  1.1773647    *
#   min/max. wt. =    0.00000            0.116723               *
#                                                               *
#*************   chi**2/iteration =  1.480       ****************


#********** Integration by Vegas (iteration      12) ************
#                                                               *
#  integral  =  8361.9188       accum. integral =  8364.1429    *
#  std. dev. =  2.9867495       accum. std. dev =  1.0948945    *
#   min/max. wt. =    0.00000            0.125036               *
#                                                               *
#*************   chi**2/iteration =  1.403       ****************


#********** Integration by Vegas (iteration      13) ************
#                                                               *
#  integral  =  8361.3072       accum. integral =  8363.8038    *
#  std. dev. =  2.9923525       accum. std. dev =  1.0279251    *
#   min/max. wt. =    0.00000            0.285974               *
#                                                               *
#*************   chi**2/iteration =  1.351       ****************


#********** Integration by Vegas (iteration      14) ************
#                                                               *
#  integral  =  8362.5390       accum. integral =  8363.6711    *
#  std. dev. =  3.0213938       accum. std. dev = 0.97293665    *
#   min/max. wt. =    0.00000            0.204252               *
#                                                               *
#*************   chi**2/iteration =  1.259       ****************


#********** Integration by Vegas (iteration      15) ************
#                                                               *
#  integral  =  8366.3411       accum. integral =  8363.9211    *
#  std. dev. =  3.0466845       accum. std. dev = 0.92666476    *
#   min/max. wt. =    0.00000            0.111038               *
#                                                               *
#*************   chi**2/iteration =  1.218       ****************

 ****************************************************
 * Writing out vegas grid to ./data/output.grid                                                      
 ****************************************************

  Input parameters for vegas:  ndim=  9   ncall= 80707214.
                              it=    0    itmx=    2
                              acc=-1.00    
                              mds=  1     nd=  50
                              (xl,xu)= (  0.00000     ,  1.00000     )
                                       (  0.00000     ,  1.00000     )
                                       (  0.00000     ,  1.00000     )
                                       (  0.00000     ,  1.00000     )
                                       (  0.00000     ,  1.00000     )
                                       (  0.00000     ,  1.00000     )
                                       (  0.00000     ,  1.00000     )
                                       (  0.00000     ,  1.00000     )
                                       (  0.00000     ,  1.00000     )

#********** Integration by Vegas (iteration       1) ************
#                                                               *
#  integral  =  8367.0315       accum. integral =  8367.0315    *
#  std. dev. =  3.0669417       accum. std. dev =  3.0669417    *
#   min/max. wt. =    0.00000            0.184978               *
#                                                               *
#*************   chi**2/iteration =  0.000       ****************


#********** Integration by Vegas (iteration       2) ************
#                                                               *
#  integral  =  8364.1677       accum. integral =  8365.6152    *
#  std. dev. =  3.0993432       accum. std. dev =  2.1800168    *
#   min/max. wt. =    0.00000            0.163516               *
#                                                               *
#*************   chi**2/iteration = 0.4309       ****************

 Done
