SLURM job running in:  /work-zfs/lhc/heshy/JHUGen/xsecs/JHUGen/JHUGenerator
LHAPDF 6.1.5 loading /work-zfs/lhc/cms/slc6_amd64_gcc493/external/lhapdf/6.1.5-kpegke3/share/LHAPDF/NNPDF30_lo_as_0130/NNPDF30_lo_as_0130_0000.dat
NNPDF30_lo_as_0130 PDF set, member #0, version 2; LHAPDF ID = 263000
 extending no. of histograms for vbf tests
 
                                                                                          
   ***************************************************************************************
   *                                JHU Generator v6.9.9                                 *
   ***************************************************************************************
   *                                                                                     *
   *   Spin and parity determination of single-produced resonances at hadron colliders   *
   *                                                                                     *
   *          I. Anderson, S. Bolognesi, F. Caola, Y. Gao, A. Gritsan, Z. Guo,           *
   *        C. Martin, K. Melnikov, R.Rontsch, H. Roskes, U. Sarica, M. Schulze,         *
   *                   N. Tran, A. Whitbeck, M. Xiao, C. You, Y. Zhou                    *
   *                Phys.Rev. D81 (2010) 075022;  arXiv:1001.3396 [hep-ph],              *
   *                Phys.Rev. D86 (2012) 095031;  arXiv:1208.4018 [hep-ph],              *
   *                Phys.Rev. D89 (2014) 035007;  arXiv:1309.4819 [hep-ph].              *
   *                                                                                     *
   ***************************************************************************************
                                                                                          
   
   Command line: ./JHUGen Unweighted=0 VegasNc0=99999999 VegasNc1=99999999 VegasNc2=99999999 LHAPDF=NNPDF30_lo_as_0130/NNPDF30_lo_as_0130.info MReso=236 ghz1=0,0 ghz2=1,0 Process=60 pTjetcut=0 deltaRcut=0 pTjetcut=25 etajetcut=4.7 pTlepcut=5 etalepcut=2.5
   
   Input Parameter:
    Collider: P-P, sqrt(s)=13000.00
    Resonance: spin=0, mass= 236.00 width=   0.00407
    Z-boson: mass=91.188, width=2.4952
    W-boson: mass=80.399, width=2.0850
    Jet cuts:
            pT >=    25.00 GeV
         |eta| <=     4.70
        DeltaR >=     0.00
           mJJ >=     0.00 GeV
           m4l_min/max      -1.00     -1.00 GeV
    Random seed:   685135341
    To reproduce results using this seed, JHUGen should be compiled with the same compiler:
      GNU Fortran (GCC) 4.8.2
    
    WidthScheme:   2
    LHAPDF set NNPDF30_lo_as_0130/NNPDF30_lo_as_0130.info, member=  0
    Unweighted: F
    Intermediate off-shell photons: F
    
    spin-0-VV couplings: 
      generate_as=F
      ghg2=  0.10000000E+01  0.00000000E+00i
      ghg3=  0.00000000E+00  0.00000000E+00i
      ghg4=  0.00000000E+00  0.00000000E+00i
      ghz1=  0.00000000E+00  0.00000000E+00i
      ghz2=  0.10000000E+01  0.00000000E+00i
      ghz3=  0.00000000E+00  0.00000000E+00i
      ghz4=  0.00000000E+00  0.00000000E+00i
      Lambda=  1000.0
    
    LHE output: ./data/output.lhe
    Histogram output: ./data/output.dat
    Log file: ./data/output.log
    
  Running

  Input parameters for vegas:  ndim=  9   ncall= 80707214.
                              it=    0    itmx=   15
                              acc=-1.00    
                              mds=  1     nd=  50
                              (xl,xu)= (  0.00000     ,  1.00000     )
                                       (  0.00000     ,  1.00000     )
                                       (  0.00000     ,  1.00000     )
                                       (  0.00000     ,  1.00000     )
                                       (  0.00000     ,  1.00000     )
                                       (  0.00000     ,  1.00000     )
                                       (  0.00000     ,  1.00000     )
                                       (  0.00000     ,  1.00000     )
                                       (  0.00000     ,  1.00000     )

#********** Integration by Vegas (iteration       1) ************
#                                                               *
#  integral  =  6704.9562       accum. integral =  6704.9562    *
#  std. dev. =  505.07347       accum. std. dev =  505.07347    *
#   min/max. wt. =    0.00000             308.198               *
#                                                               *
#*************   chi**2/iteration =  0.000       ****************


#********** Integration by Vegas (iteration       2) ************
#                                                               *
#  integral  =  7932.9448       accum. integral =  7683.4946    *
#  std. dev. =  301.71438       accum. std. dev =  249.35898    *
#   min/max. wt. =    0.00000             279.293               *
#                                                               *
#*************   chi**2/iteration =  3.922       ****************


#********** Integration by Vegas (iteration       3) ************
#                                                               *
#  integral  =  8218.5725       accum. integral =  8205.8824    *
#  std. dev. =  43.489587       accum. std. dev =  39.982681    *
#   min/max. wt. =    0.00000             21.6059               *
#                                                               *
#*************   chi**2/iteration =  3.882       ****************


#********** Integration by Vegas (iteration       4) ************
#                                                               *
#  integral  =  8259.8184       accum. integral =  8257.3137    *
#  std. dev. =  9.5303151       accum. std. dev =  8.7936933    *
#   min/max. wt. =    0.00000             2.54933               *
#                                                               *
#*************   chi**2/iteration =  3.040       ****************


#********** Integration by Vegas (iteration       5) ************
#                                                               *
#  integral  =  8246.4446       accum. integral =  8248.1461    *
#  std. dev. =  4.0028212       accum. std. dev =  3.5195490    *
#   min/max. wt. =    0.00000            0.352798               *
#                                                               *
#*************   chi**2/iteration =  2.543       ****************


#********** Integration by Vegas (iteration       6) ************
#                                                               *
#  integral  =  8251.9899       accum. integral =  8250.2873    *
#  std. dev. =  3.2801824       accum. std. dev =  2.3603317    *
#   min/max. wt. =    0.00000            0.354061               *
#                                                               *
#*************   chi**2/iteration =  2.135       ****************


#********** Integration by Vegas (iteration       7) ************
#                                                               *
#  integral  =  8244.7230       accum. integral =  8248.1281    *
#  std. dev. =  3.0717805       accum. std. dev =  1.8561609    *
#   min/max. wt. =    0.00000            0.170811               *
#                                                               *
#*************   chi**2/iteration =  2.116       ****************


#********** Integration by Vegas (iteration       8) ************
#                                                               *
#  integral  =  8247.4563       accum. integral =  8247.9338    *
#  std. dev. =  3.0001755       accum. std. dev =  1.5709959    *
#   min/max. wt. =    0.00000            0.151817               *
#                                                               *
#*************   chi**2/iteration =  1.805       ****************


#********** Integration by Vegas (iteration       9) ************
#                                                               *
#  integral  =  8244.8822       accum. integral =  8247.2422    *
#  std. dev. =  2.9800016       accum. std. dev =  1.3857264    *
#   min/max. wt. =    0.00000            0.131355               *
#                                                               *
#*************   chi**2/iteration =  1.676       ****************


#********** Integration by Vegas (iteration      10) ************
#                                                               *
#  integral  =  8254.0303       accum. integral =  8248.4650    *
#  std. dev. =  3.0298143       accum. std. dev =  1.2578767    *
#   min/max. wt. =    0.00000            0.411291               *
#                                                               *
#*************   chi**2/iteration =  1.960       ****************


#********** Integration by Vegas (iteration      11) ************
#                                                               *
#  integral  =  8253.1044       accum. integral =  8249.1919    *
#  std. dev. =  2.9831882       accum. std. dev =  1.1575004    *
#   min/max. wt. =    0.00000            0.128829               *
#                                                               *
#*************   chi**2/iteration =  1.969       ****************


#********** Integration by Vegas (iteration      12) ************
#                                                               *
#  integral  =  8247.1868       accum. integral =  8248.9218    *
#  std. dev. =  2.9904709       accum. std. dev =  1.0784719    *
#   min/max. wt. =    0.00000            0.232591               *
#                                                               *
#*************   chi**2/iteration =  1.821       ****************


#********** Integration by Vegas (iteration      13) ************
#                                                               *
#  integral  =  8251.9048       accum. integral =  8249.2758    *
#  std. dev. =  2.9927071       accum. std. dev =  1.0138917    *
#   min/max. wt. =    0.00000            0.986068E-01           *
#                                                               *
#*************   chi**2/iteration =  1.740       ****************


#********** Integration by Vegas (iteration      14) ************
#                                                               *
#  integral  =  8251.8292       accum. integral =  8249.5434    *
#  std. dev. =  3.0129719       accum. std. dev = 0.96044922    *
#   min/max. wt. =    0.00000            0.164142               *
#                                                               *
#*************   chi**2/iteration =  1.653       ****************


#********** Integration by Vegas (iteration      15) ************
#                                                               *
#  integral  =  8254.1366       accum. integral =  8249.9748    *
#  std. dev. =  3.0308967       accum. std. dev = 0.91521876    *
#   min/max. wt. =    0.00000            0.138804               *
#                                                               *
#*************   chi**2/iteration =  1.685       ****************

 ****************************************************
 * Writing out vegas grid to ./data/output.grid                                                      
 ****************************************************

  Input parameters for vegas:  ndim=  9   ncall= 80707214.
                              it=    0    itmx=    2
                              acc=-1.00    
                              mds=  1     nd=  50
                              (xl,xu)= (  0.00000     ,  1.00000     )
                                       (  0.00000     ,  1.00000     )
                                       (  0.00000     ,  1.00000     )
                                       (  0.00000     ,  1.00000     )
                                       (  0.00000     ,  1.00000     )
                                       (  0.00000     ,  1.00000     )
                                       (  0.00000     ,  1.00000     )
                                       (  0.00000     ,  1.00000     )
                                       (  0.00000     ,  1.00000     )

#********** Integration by Vegas (iteration       1) ************
#                                                               *
#  integral  =  8248.5294       accum. integral =  8248.5294    *
#  std. dev. =  3.0680326       accum. std. dev =  3.0680326    *
#   min/max. wt. =    0.00000            0.175871               *
#                                                               *
#*************   chi**2/iteration =  0.000       ****************


#********** Integration by Vegas (iteration       2) ************
#                                                               *
#  integral  =  8248.3741       accum. integral =  8248.4529    *
#  std. dev. =  3.1134122       accum. std. dev =  2.1852938    *
#   min/max. wt. =    0.00000            0.256638               *
#                                                               *
#*************   chi**2/iteration = 0.1261E-02   ****************

 Done
