SLURM job running in:  /work-zfs/lhc/heshy/JHUGen/xsecs/JHUGen/JHUGenerator
LHAPDF 6.1.5 loading /work-zfs/lhc/cms/slc6_amd64_gcc493/external/lhapdf/6.1.5-kpegke3/share/LHAPDF/NNPDF30_lo_as_0130/NNPDF30_lo_as_0130_0000.dat
NNPDF30_lo_as_0130 PDF set, member #0, version 2; LHAPDF ID = 263000
 extending no. of histograms for vbf tests
 
                                                                                          
   ***************************************************************************************
   *                                JHU Generator v6.9.9                                 *
   ***************************************************************************************
   *                                                                                     *
   *   Spin and parity determination of single-produced resonances at hadron colliders   *
   *                                                                                     *
   *          I. Anderson, S. Bolognesi, F. Caola, Y. Gao, A. Gritsan, Z. Guo,           *
   *        C. Martin, K. Melnikov, R.Rontsch, H. Roskes, U. Sarica, M. Schulze,         *
   *                   N. Tran, A. Whitbeck, M. Xiao, C. You, Y. Zhou                    *
   *                Phys.Rev. D81 (2010) 075022;  arXiv:1001.3396 [hep-ph],              *
   *                Phys.Rev. D86 (2012) 095031;  arXiv:1208.4018 [hep-ph],              *
   *                Phys.Rev. D89 (2014) 035007;  arXiv:1309.4819 [hep-ph].              *
   *                                                                                     *
   ***************************************************************************************
                                                                                          
   
   Command line: ./JHUGen Unweighted=0 VegasNc0=99999999 VegasNc1=99999999 VegasNc2=99999999 LHAPDF=NNPDF30_lo_as_0130/NNPDF30_lo_as_0130.info MReso=242 ghz1=0,0 ghz2=1,0 Process=60 pTjetcut=0 deltaRcut=0 pTjetcut=25 etajetcut=4.7 pTlepcut=5 etalepcut=2.5
   
   Input Parameter:
    Collider: P-P, sqrt(s)=13000.00
    Resonance: spin=0, mass= 242.00 width=   0.00407
    Z-boson: mass=91.188, width=2.4952
    W-boson: mass=80.399, width=2.0850
    Jet cuts:
            pT >=    25.00 GeV
         |eta| <=     4.70
        DeltaR >=     0.00
           mJJ >=     0.00 GeV
           m4l_min/max      -1.00     -1.00 GeV
    Random seed:   150192668
    To reproduce results using this seed, JHUGen should be compiled with the same compiler:
      GNU Fortran (GCC) 4.8.2
    
    WidthScheme:   2
    LHAPDF set NNPDF30_lo_as_0130/NNPDF30_lo_as_0130.info, member=  0
    Unweighted: F
    Intermediate off-shell photons: F
    
    spin-0-VV couplings: 
      generate_as=F
      ghg2=  0.10000000E+01  0.00000000E+00i
      ghg3=  0.00000000E+00  0.00000000E+00i
      ghg4=  0.00000000E+00  0.00000000E+00i
      ghz1=  0.00000000E+00  0.00000000E+00i
      ghz2=  0.10000000E+01  0.00000000E+00i
      ghz3=  0.00000000E+00  0.00000000E+00i
      ghz4=  0.00000000E+00  0.00000000E+00i
      Lambda=  1000.0
    
    LHE output: ./data/output.lhe
    Histogram output: ./data/output.dat
    Log file: ./data/output.log
    
  Running

  Input parameters for vegas:  ndim=  9   ncall= 80707214.
                              it=    0    itmx=   15
                              acc=-1.00    
                              mds=  1     nd=  50
                              (xl,xu)= (  0.00000     ,  1.00000     )
                                       (  0.00000     ,  1.00000     )
                                       (  0.00000     ,  1.00000     )
                                       (  0.00000     ,  1.00000     )
                                       (  0.00000     ,  1.00000     )
                                       (  0.00000     ,  1.00000     )
                                       (  0.00000     ,  1.00000     )
                                       (  0.00000     ,  1.00000     )
                                       (  0.00000     ,  1.00000     )

#********** Integration by Vegas (iteration       1) ************
#                                                               *
#  integral  =  6780.6250       accum. integral =  6780.6250    *
#  std. dev. =  548.33042       accum. std. dev =  548.33042    *
#   min/max. wt. =    0.00000             358.418               *
#                                                               *
#*************   chi**2/iteration =  0.000       ****************


#********** Integration by Vegas (iteration       2) ************
#                                                               *
#  integral  =  7686.0597       accum. integral =  7641.5175    *
#  std. dev. =  141.38005       accum. std. dev =  129.99247    *
#   min/max. wt. =    0.00000             80.3910               *
#                                                               *
#*************   chi**2/iteration =  2.267       ****************


#********** Integration by Vegas (iteration       3) ************
#                                                               *
#  integral  =  8140.6745       accum. integral =  8083.3445    *
#  std. dev. =  52.596343       accum. std. dev =  45.935650    *
#   min/max. wt. =    0.00000             27.9970               *
#                                                               *
#*************   chi**2/iteration =  7.042       ****************


#********** Integration by Vegas (iteration       4) ************
#                                                               *
#  integral  =  8081.6962       accum. integral =  8081.7871    *
#  std. dev. =  11.868270       accum. std. dev =  10.979384    *
#   min/max. wt. =    0.00000             1.84487               *
#                                                               *
#*************   chi**2/iteration =  4.533       ****************


#********** Integration by Vegas (iteration       5) ************
#                                                               *
#  integral  =  8074.5121       accum. integral =  8075.3792    *
#  std. dev. =  4.2398907       accum. std. dev =  3.8289510    *
#   min/max. wt. =    0.00000            0.689575               *
#                                                               *
#*************   chi**2/iteration =  3.427       ****************


#********** Integration by Vegas (iteration       6) ************
#                                                               *
#  integral  =  8086.1657       accum. integral =  8081.7824    *
#  std. dev. =  3.2970180       accum. std. dev =  2.4576857    *
#   min/max. wt. =    0.00000            0.352070               *
#                                                               *
#*************   chi**2/iteration =  3.633       ****************


#********** Integration by Vegas (iteration       7) ************
#                                                               *
#  integral  =  8080.8802       accum. integral =  8081.4087    *
#  std. dev. =  3.0188807       accum. std. dev =  1.8899887    *
#   min/max. wt. =    0.00000            0.390295               *
#                                                               *
#*************   chi**2/iteration =  3.008       ****************


#********** Integration by Vegas (iteration       8) ************
#                                                               *
#  integral  =  8083.2801       accum. integral =  8081.9914    *
#  std. dev. =  2.8902609       accum. std. dev =  1.5739951    *
#   min/max. wt. =    0.00000            0.157905               *
#                                                               *
#*************   chi**2/iteration =  2.604       ****************


#********** Integration by Vegas (iteration       9) ************
#                                                               *
#  integral  =  8080.1791       accum. integral =  8081.5503    *
#  std. dev. =  2.8421460       accum. std. dev =  1.3728029    *
#   min/max. wt. =    0.00000            0.152711               *
#                                                               *
#*************   chi**2/iteration =  2.306       ****************


#********** Integration by Vegas (iteration      10) ************
#                                                               *
#  integral  =  8074.0649       accum. integral =  8080.0970    *
#  std. dev. =  2.8547543       accum. std. dev =  1.2349295    *
#   min/max. wt. =    0.00000            0.162288               *
#                                                               *
#*************   chi**2/iteration =  2.680       ****************


#********** Integration by Vegas (iteration      11) ************
#                                                               *
#  integral  =  8083.1619       accum. integral =  8080.5895    *
#  std. dev. =  2.8777353       accum. std. dev =  1.1333962    *
#   min/max. wt. =    0.00000            0.118500               *
#                                                               *
#*************   chi**2/iteration =  2.502       ****************


#********** Integration by Vegas (iteration      12) ************
#                                                               *
#  integral  =  8083.3672       accum. integral =  8080.9706    *
#  std. dev. =  2.8935263       accum. std. dev =  1.0543815    *
#   min/max. wt. =    0.00000            0.991190E-01           *
#                                                               *
#*************   chi**2/iteration =  2.342       ****************


#********** Integration by Vegas (iteration      13) ************
#                                                               *
#  integral  =  8078.3939       accum. integral =  8080.6645    *
#  std. dev. =  2.9169153       accum. std. dev = 0.99098210    *
#   min/max. wt. =    0.00000            0.181528               *
#                                                               *
#*************   chi**2/iteration =  2.201       ****************


#********** Integration by Vegas (iteration      14) ************
#                                                               *
#  integral  =  8072.6313       accum. integral =  8079.8086    *
#  std. dev. =  2.9093334       accum. std. dev = 0.93763423    *
#   min/max. wt. =    0.00000            0.833820E-01           *
#                                                               *
#*************   chi**2/iteration =  2.565       ****************


#********** Integration by Vegas (iteration      15) ************
#                                                               *
#  integral  =  8079.1848       accum. integral =  8079.7488    *
#  std. dev. =  2.9195861       accum. std. dev = 0.89239871    *
#   min/max. wt. =    0.00000            0.848561E-01           *
#                                                               *
#*************   chi**2/iteration =  2.380       ****************

 ****************************************************
 * Writing out vegas grid to ./data/output.grid                                                      
 ****************************************************

  Input parameters for vegas:  ndim=  9   ncall= 80707214.
                              it=    0    itmx=    2
                              acc=-1.00    
                              mds=  1     nd=  50
                              (xl,xu)= (  0.00000     ,  1.00000     )
                                       (  0.00000     ,  1.00000     )
                                       (  0.00000     ,  1.00000     )
                                       (  0.00000     ,  1.00000     )
                                       (  0.00000     ,  1.00000     )
                                       (  0.00000     ,  1.00000     )
                                       (  0.00000     ,  1.00000     )
                                       (  0.00000     ,  1.00000     )
                                       (  0.00000     ,  1.00000     )

#********** Integration by Vegas (iteration       1) ************
#                                                               *
#  integral  =  8078.9477       accum. integral =  8078.9477    *
#  std. dev. =  2.9680425       accum. std. dev =  2.9680425    *
#   min/max. wt. =    0.00000            0.151833               *
#                                                               *
#*************   chi**2/iteration =  0.000       ****************


#********** Integration by Vegas (iteration       2) ************
#                                                               *
#  integral  =  8077.7922       accum. integral =  8078.3775    *
#  std. dev. =  3.0064833       accum. std. dev =  2.1121807    *
#   min/max. wt. =    0.00000            0.147809               *
#                                                               *
#*************   chi**2/iteration = 0.7474E-01   ****************

 Done
