SLURM job running in:  /work-zfs/lhc/heshy/JHUGen/xsecs/JHUGen/JHUGenerator
LHAPDF 6.1.5 loading /work-zfs/lhc/cms/slc6_amd64_gcc493/external/lhapdf/6.1.5-kpegke3/share/LHAPDF/NNPDF30_lo_as_0130/NNPDF30_lo_as_0130_0000.dat
NNPDF30_lo_as_0130 PDF set, member #0, version 2; LHAPDF ID = 263000
 extending no. of histograms for vbf tests
 
                                                                                          
   ***************************************************************************************
   *                                JHU Generator v6.9.9                                 *
   ***************************************************************************************
   *                                                                                     *
   *   Spin and parity determination of single-produced resonances at hadron colliders   *
   *                                                                                     *
   *          I. Anderson, S. Bolognesi, F. Caola, Y. Gao, A. Gritsan, Z. Guo,           *
   *        C. Martin, K. Melnikov, R.Rontsch, H. Roskes, U. Sarica, M. Schulze,         *
   *                   N. Tran, A. Whitbeck, M. Xiao, C. You, Y. Zhou                    *
   *                Phys.Rev. D81 (2010) 075022;  arXiv:1001.3396 [hep-ph],              *
   *                Phys.Rev. D86 (2012) 095031;  arXiv:1208.4018 [hep-ph],              *
   *                Phys.Rev. D89 (2014) 035007;  arXiv:1309.4819 [hep-ph].              *
   *                                                                                     *
   ***************************************************************************************
                                                                                          
   
   Command line: ./JHUGen Unweighted=0 VegasNc0=99999999 VegasNc1=99999999 VegasNc2=99999999 LHAPDF=NNPDF30_lo_as_0130/NNPDF30_lo_as_0130.info MReso=244 ghz1=0,0 ghz2=1,0 Process=60 pTjetcut=0 deltaRcut=0 pTjetcut=25 etajetcut=4.7 pTlepcut=5 etalepcut=2.5
   
   Input Parameter:
    Collider: P-P, sqrt(s)=13000.00
    Resonance: spin=0, mass= 244.00 width=   0.00407
    Z-boson: mass=91.188, width=2.4952
    W-boson: mass=80.399, width=2.0850
    Jet cuts:
            pT >=    25.00 GeV
         |eta| <=     4.70
        DeltaR >=     0.00
           mJJ >=     0.00 GeV
           m4l_min/max      -1.00     -1.00 GeV
    Random seed:   950770587
    To reproduce results using this seed, JHUGen should be compiled with the same compiler:
      GNU Fortran (GCC) 4.8.2
    
    WidthScheme:   2
    LHAPDF set NNPDF30_lo_as_0130/NNPDF30_lo_as_0130.info, member=  0
    Unweighted: F
    Intermediate off-shell photons: F
    
    spin-0-VV couplings: 
      generate_as=F
      ghg2=  0.10000000E+01  0.00000000E+00i
      ghg3=  0.00000000E+00  0.00000000E+00i
      ghg4=  0.00000000E+00  0.00000000E+00i
      ghz1=  0.00000000E+00  0.00000000E+00i
      ghz2=  0.10000000E+01  0.00000000E+00i
      ghz3=  0.00000000E+00  0.00000000E+00i
      ghz4=  0.00000000E+00  0.00000000E+00i
      Lambda=  1000.0
    
    LHE output: ./data/output.lhe
    Histogram output: ./data/output.dat
    Log file: ./data/output.log
    
  Running

  Input parameters for vegas:  ndim=  9   ncall= 80707214.
                              it=    0    itmx=   15
                              acc=-1.00    
                              mds=  1     nd=  50
                              (xl,xu)= (  0.00000     ,  1.00000     )
                                       (  0.00000     ,  1.00000     )
                                       (  0.00000     ,  1.00000     )
                                       (  0.00000     ,  1.00000     )
                                       (  0.00000     ,  1.00000     )
                                       (  0.00000     ,  1.00000     )
                                       (  0.00000     ,  1.00000     )
                                       (  0.00000     ,  1.00000     )
                                       (  0.00000     ,  1.00000     )

#********** Integration by Vegas (iteration       1) ************
#                                                               *
#  integral  =  6301.5392       accum. integral =  6301.5392    *
#  std. dev. =  314.12457       accum. std. dev =  314.12457    *
#   min/max. wt. =    0.00000             238.599               *
#                                                               *
#*************   chi**2/iteration =  0.000       ****************


#********** Integration by Vegas (iteration       2) ************
#                                                               *
#  integral  =  7518.7345       accum. integral =  7394.5279    *
#  std. dev. =  126.34687       accum. std. dev =  110.46176    *
#   min/max. wt. =    0.00000             72.1449               *
#                                                               *
#*************   chi**2/iteration =  11.11       ****************


#********** Integration by Vegas (iteration       3) ************
#                                                               *
#  integral  =  8157.0511       accum. integral =  7873.5739    *
#  std. dev. =  99.919678       accum. std. dev =  71.518352    *
#   min/max. wt. =    0.00000             56.6457               *
#                                                               *
#*************   chi**2/iteration =  18.20       ****************


#********** Integration by Vegas (iteration       4) ************
#                                                               *
#  integral  =  8031.9020       accum. integral =  8023.2279    *
#  std. dev. =  18.774418       accum. std. dev =  17.130622    *
#   min/max. wt. =    0.00000             3.22148               *
#                                                               *
#*************   chi**2/iteration =  13.06       ****************


#********** Integration by Vegas (iteration       5) ************
#                                                               *
#  integral  =  8021.2987       accum. integral =  8021.4158    *
#  std. dev. =  4.6332125       accum. std. dev =  4.2753887    *
#   min/max. wt. =    0.00000            0.702714               *
#                                                               *
#*************   chi**2/iteration =  9.547       ****************


#********** Integration by Vegas (iteration       6) ************
#                                                               *
#  integral  =  8023.9317       accum. integral =  8023.0537    *
#  std. dev. =  3.2887591       accum. std. dev =  2.5474220    *
#   min/max. wt. =    0.00000            0.161622               *
#                                                               *
#*************   chi**2/iteration =  7.553       ****************


#********** Integration by Vegas (iteration       7) ************
#                                                               *
#  integral  =  8024.7702       accum. integral =  8023.8175    *
#  std. dev. =  2.9640929       accum. std. dev =  1.9094120    *
#   min/max. wt. =    0.00000            0.248170               *
#                                                               *
#*************   chi**2/iteration =  6.252       ****************


#********** Integration by Vegas (iteration       8) ************
#                                                               *
#  integral  =  8024.9102       accum. integral =  8024.1679    *
#  std. dev. =  2.8773738       accum. std. dev =  1.5807804    *
#   min/max. wt. =    0.00000            0.180891               *
#                                                               *
#*************   chi**2/iteration =  5.325       ****************


#********** Integration by Vegas (iteration       9) ************
#                                                               *
#  integral  =  8024.8974       accum. integral =  8024.3495    *
#  std. dev. =  2.8304646       accum. std. dev =  1.3747225    *
#   min/max. wt. =    0.00000            0.140066               *
#                                                               *
#*************   chi**2/iteration =  4.634       ****************


#********** Integration by Vegas (iteration      10) ************
#                                                               *
#  integral  =  8021.2162       accum. integral =  8023.7249    *
#  std. dev. =  2.8290844       accum. std. dev =  1.2334411    *
#   min/max. wt. =    0.00000            0.135657               *
#                                                               *
#*************   chi**2/iteration =  4.212       ****************


#********** Integration by Vegas (iteration      11) ************
#                                                               *
#  integral  =  8025.7194       accum. integral =  8024.0538    *
#  std. dev. =  2.8443520       accum. std. dev =  1.1297356    *
#   min/max. wt. =    0.00000            0.894956E-01           *
#                                                               *
#*************   chi**2/iteration =  3.816       ****************


#********** Integration by Vegas (iteration      12) ************
#                                                               *
#  integral  =  8023.8883       accum. integral =  8024.0309    *
#  std. dev. =  2.8808768       accum. std. dev =  1.0505903    *
#   min/max. wt. =    0.00000            0.155017               *
#                                                               *
#*************   chi**2/iteration =  3.457       ****************


#********** Integration by Vegas (iteration      13) ************
#                                                               *
#  integral  =  8024.7264       accum. integral =  8024.1154    *
#  std. dev. =  2.8808017       accum. std. dev = 0.98619001    *
#   min/max. wt. =    0.00000            0.121796               *
#                                                               *
#*************   chi**2/iteration =  3.163       ****************


#********** Integration by Vegas (iteration      14) ************
#                                                               *
#  integral  =  8022.8641       accum. integral =  8023.9799    *
#  std. dev. =  2.8819402       accum. std. dev = 0.93249366    *
#   min/max. wt. =    0.00000            0.979023E-01           *
#                                                               *
#*************   chi**2/iteration =  2.926       ****************


#********** Integration by Vegas (iteration      15) ************
#                                                               *
#  integral  =  8022.1411       accum. integral =  8023.8051    *
#  std. dev. =  2.9261761       accum. std. dev = 0.88808352    *
#   min/max. wt. =    0.00000            0.219179               *
#                                                               *
#*************   chi**2/iteration =  2.737       ****************

 ****************************************************
 * Writing out vegas grid to ./data/output.grid                                                      
 ****************************************************

  Input parameters for vegas:  ndim=  9   ncall= 80707214.
                              it=    0    itmx=    2
                              acc=-1.00    
                              mds=  1     nd=  50
                              (xl,xu)= (  0.00000     ,  1.00000     )
                                       (  0.00000     ,  1.00000     )
                                       (  0.00000     ,  1.00000     )
                                       (  0.00000     ,  1.00000     )
                                       (  0.00000     ,  1.00000     )
                                       (  0.00000     ,  1.00000     )
                                       (  0.00000     ,  1.00000     )
                                       (  0.00000     ,  1.00000     )
                                       (  0.00000     ,  1.00000     )

#********** Integration by Vegas (iteration       1) ************
#                                                               *
#  integral  =  8022.6415       accum. integral =  8022.6415    *
#  std. dev. =  2.9501058       accum. std. dev =  2.9501058    *
#   min/max. wt. =    0.00000            0.141927               *
#                                                               *
#*************   chi**2/iteration =  0.000       ****************


#********** Integration by Vegas (iteration       2) ************
#                                                               *
#  integral  =  8027.0717       accum. integral =  8024.8213    *
#  std. dev. =  2.9991581       accum. std. dev =  2.1031775    *
#   min/max. wt. =    0.00000            0.142330               *
#                                                               *
#*************   chi**2/iteration =  1.108       ****************

 Done
