SLURM job running in:  /work-zfs/lhc/heshy/JHUGen/xsecs/JHUGen/JHUGenerator
LHAPDF 6.1.5 loading /work-zfs/lhc/cms/slc6_amd64_gcc493/external/lhapdf/6.1.5-kpegke3/share/LHAPDF/NNPDF30_lo_as_0130/NNPDF30_lo_as_0130_0000.dat
NNPDF30_lo_as_0130 PDF set, member #0, version 2; LHAPDF ID = 263000
 extending no. of histograms for vbf tests
 
                                                                                          
   ***************************************************************************************
   *                                JHU Generator v6.9.9                                 *
   ***************************************************************************************
   *                                                                                     *
   *   Spin and parity determination of single-produced resonances at hadron colliders   *
   *                                                                                     *
   *          I. Anderson, S. Bolognesi, F. Caola, Y. Gao, A. Gritsan, Z. Guo,           *
   *        C. Martin, K. Melnikov, R.Rontsch, H. Roskes, U. Sarica, M. Schulze,         *
   *                   N. Tran, A. Whitbeck, M. Xiao, C. You, Y. Zhou                    *
   *                Phys.Rev. D81 (2010) 075022;  arXiv:1001.3396 [hep-ph],              *
   *                Phys.Rev. D86 (2012) 095031;  arXiv:1208.4018 [hep-ph],              *
   *                Phys.Rev. D89 (2014) 035007;  arXiv:1309.4819 [hep-ph].              *
   *                                                                                     *
   ***************************************************************************************
                                                                                          
   
   Command line: ./JHUGen Unweighted=0 VegasNc0=99999999 VegasNc1=99999999 VegasNc2=99999999 LHAPDF=NNPDF30_lo_as_0130/NNPDF30_lo_as_0130.info MReso=266 ghz1=0,0 ghz2=1,0 Process=60 pTjetcut=0 deltaRcut=0 pTjetcut=25 etajetcut=4.7 pTlepcut=5 etalepcut=2.5
   
   Input Parameter:
    Collider: P-P, sqrt(s)=13000.00
    Resonance: spin=0, mass= 266.00 width=   0.00407
    Z-boson: mass=91.188, width=2.4952
    W-boson: mass=80.399, width=2.0850
    Jet cuts:
            pT >=    25.00 GeV
         |eta| <=     4.70
        DeltaR >=     0.00
           mJJ >=     0.00 GeV
           m4l_min/max      -1.00     -1.00 GeV
    Random seed:   796958619
    To reproduce results using this seed, JHUGen should be compiled with the same compiler:
      GNU Fortran (GCC) 4.8.2
    
    WidthScheme:   2
    LHAPDF set NNPDF30_lo_as_0130/NNPDF30_lo_as_0130.info, member=  0
    Unweighted: F
    Intermediate off-shell photons: F
    
    spin-0-VV couplings: 
      generate_as=F
      ghg2=  0.10000000E+01  0.00000000E+00i
      ghg3=  0.00000000E+00  0.00000000E+00i
      ghg4=  0.00000000E+00  0.00000000E+00i
      ghz1=  0.00000000E+00  0.00000000E+00i
      ghz2=  0.10000000E+01  0.00000000E+00i
      ghz3=  0.00000000E+00  0.00000000E+00i
      ghz4=  0.00000000E+00  0.00000000E+00i
      Lambda=  1000.0
    
    LHE output: ./data/output.lhe
    Histogram output: ./data/output.dat
    Log file: ./data/output.log
    
  Running

  Input parameters for vegas:  ndim=  9   ncall= 80707214.
                              it=    0    itmx=   15
                              acc=-1.00    
                              mds=  1     nd=  50
                              (xl,xu)= (  0.00000     ,  1.00000     )
                                       (  0.00000     ,  1.00000     )
                                       (  0.00000     ,  1.00000     )
                                       (  0.00000     ,  1.00000     )
                                       (  0.00000     ,  1.00000     )
                                       (  0.00000     ,  1.00000     )
                                       (  0.00000     ,  1.00000     )
                                       (  0.00000     ,  1.00000     )
                                       (  0.00000     ,  1.00000     )

#********** Integration by Vegas (iteration       1) ************
#                                                               *
#  integral  =  6355.2794       accum. integral =  6355.2794    *
#  std. dev. =  621.51063       accum. std. dev =  621.51063    *
#   min/max. wt. =    0.00000             502.728               *
#                                                               *
#*************   chi**2/iteration =  0.000       ****************


#********** Integration by Vegas (iteration       2) ************
#                                                               *
#  integral  =  7174.7292       accum. integral =  7120.9693    *
#  std. dev. =  185.91821       accum. std. dev =  169.76372    *
#   min/max. wt. =    0.00000             137.601               *
#                                                               *
#*************   chi**2/iteration =  1.427       ****************


#********** Integration by Vegas (iteration       3) ************
#                                                               *
#  integral  =  7377.8962       accum. integral =  7373.9399    *
#  std. dev. =  23.111188       accum. std. dev =  21.706061    *
#   min/max. wt. =    0.00000             11.2009               *
#                                                               *
#*************   chi**2/iteration =  1.734       ****************


#********** Integration by Vegas (iteration       4) ************
#                                                               *
#  integral  =  7454.1572       accum. integral =  7446.7419    *
#  std. dev. =  7.3945555       accum. std. dev =  6.7135258    *
#   min/max. wt. =    0.00000             2.00951               *
#                                                               *
#*************   chi**2/iteration =  5.108       ****************


#********** Integration by Vegas (iteration       5) ************
#                                                               *
#  integral  =  7453.6836       accum. integral =  7452.1342    *
#  std. dev. =  3.7758532       accum. std. dev =  3.2035836    *
#   min/max. wt. =    0.00000            0.486831               *
#                                                               *
#*************   chi**2/iteration =  3.959       ****************


#********** Integration by Vegas (iteration       6) ************
#                                                               *
#  integral  =  7443.1441       accum. integral =  7447.0300    *
#  std. dev. =  2.8995976       accum. std. dev =  2.1195104    *
#   min/max. wt. =    0.00000            0.947036E-01           *
#                                                               *
#*************   chi**2/iteration =  4.011       ****************


#********** Integration by Vegas (iteration       7) ************
#                                                               *
#  integral  =  7447.5953       accum. integral =  7447.2451    *
#  std. dev. =  2.7890340       accum. std. dev =  1.6757237    *
#   min/max. wt. =    0.00000            0.434164               *
#                                                               *
#*************   chi**2/iteration =  3.317       ****************


#********** Integration by Vegas (iteration       8) ************
#                                                               *
#  integral  =  7447.3276       accum. integral =  7447.2693    *
#  std. dev. =  2.6744794       accum. std. dev =  1.4140573    *
#   min/max. wt. =    0.00000            0.811861E-01           *
#                                                               *
#*************   chi**2/iteration =  2.824       ****************


#********** Integration by Vegas (iteration       9) ************
#                                                               *
#  integral  =  7449.8407       accum. integral =  7447.8575    *
#  std. dev. =  2.6578416       accum. std. dev =  1.2451352    *
#   min/max. wt. =    0.00000            0.104501               *
#                                                               *
#*************   chi**2/iteration =  2.552       ****************


#********** Integration by Vegas (iteration      10) ************
#                                                               *
#  integral  =  7446.9683       accum. integral =  7447.6919    *
#  std. dev. =  2.6567633       accum. std. dev =  1.1255960    *
#   min/max. wt. =    0.00000            0.132031               *
#                                                               *
#*************   chi**2/iteration =  2.270       ****************


#********** Integration by Vegas (iteration      11) ************
#                                                               *
#  integral  =  7445.0511       accum. integral =  7447.2820    *
#  std. dev. =  2.6736058       accum. std. dev =  1.0362802    *
#   min/max. wt. =    0.00000            0.206438               *
#                                                               *
#*************   chi**2/iteration =  2.121       ****************


#********** Integration by Vegas (iteration      12) ************
#                                                               *
#  integral  =  7444.9565       accum. integral =  7446.9677    *
#  std. dev. =  2.6644022       accum. std. dev = 0.96503644    *
#   min/max. wt. =    0.00000            0.147080               *
#                                                               *
#*************   chi**2/iteration =  1.985       ****************


#********** Integration by Vegas (iteration      13) ************
#                                                               *
#  integral  =  7447.4219       accum. integral =  7447.0210    *
#  std. dev. =  2.6875239       accum. std. dev = 0.90773357    *
#   min/max. wt. =    0.00000            0.173766               *
#                                                               *
#*************   chi**2/iteration =  1.817       ****************


#********** Integration by Vegas (iteration      14) ************
#                                                               *
#  integral  =  7446.7249       accum. integral =  7446.9900    *
#  std. dev. =  2.6933922       accum. std. dev = 0.85982327    *
#   min/max. wt. =    0.00000            0.739981E-01           *
#                                                               *
#*************   chi**2/iteration =  1.675       ****************


#********** Integration by Vegas (iteration      15) ************
#                                                               *
#  integral  =  7444.6582       accum. integral =  7446.7747    *
#  std. dev. =  2.7301694       accum. std. dev = 0.81986599    *
#   min/max. wt. =    0.00000            0.118121               *
#                                                               *
#*************   chi**2/iteration =  1.601       ****************

 ****************************************************
 * Writing out vegas grid to ./data/output.grid                                                      
 ****************************************************

  Input parameters for vegas:  ndim=  9   ncall= 80707214.
                              it=    0    itmx=    2
                              acc=-1.00    
                              mds=  1     nd=  50
                              (xl,xu)= (  0.00000     ,  1.00000     )
                                       (  0.00000     ,  1.00000     )
                                       (  0.00000     ,  1.00000     )
                                       (  0.00000     ,  1.00000     )
                                       (  0.00000     ,  1.00000     )
                                       (  0.00000     ,  1.00000     )
                                       (  0.00000     ,  1.00000     )
                                       (  0.00000     ,  1.00000     )
                                       (  0.00000     ,  1.00000     )

#********** Integration by Vegas (iteration       1) ************
#                                                               *
#  integral  =  7445.3389       accum. integral =  7445.3389    *
#  std. dev. =  2.7590416       accum. std. dev =  2.7590416    *
#   min/max. wt. =    0.00000            0.152345               *
#                                                               *
#*************   chi**2/iteration =  0.000       ****************


#********** Integration by Vegas (iteration       2) ************
#                                                               *
#  integral  =  7448.4859       accum. integral =  7446.9168    *
#  std. dev. =  2.7523808       accum. std. dev =  1.9485768    *
#   min/max. wt. =    0.00000            0.128245               *
#                                                               *
#*************   chi**2/iteration = 0.6514       ****************

 Done
