SLURM job running in:  /work-zfs/lhc/heshy/JHUGen/xsecs/JHUGen/JHUGenerator
LHAPDF 6.1.5 loading /work-zfs/lhc/cms/slc6_amd64_gcc493/external/lhapdf/6.1.5-kpegke3/share/LHAPDF/NNPDF30_lo_as_0130/NNPDF30_lo_as_0130_0000.dat
NNPDF30_lo_as_0130 PDF set, member #0, version 2; LHAPDF ID = 263000
 extending no. of histograms for vbf tests
 
                                                                                          
   ***************************************************************************************
   *                                JHU Generator v6.9.9                                 *
   ***************************************************************************************
   *                                                                                     *
   *   Spin and parity determination of single-produced resonances at hadron colliders   *
   *                                                                                     *
   *          I. Anderson, S. Bolognesi, F. Caola, Y. Gao, A. Gritsan, Z. Guo,           *
   *        C. Martin, K. Melnikov, R.Rontsch, H. Roskes, U. Sarica, M. Schulze,         *
   *                   N. Tran, A. Whitbeck, M. Xiao, C. You, Y. Zhou                    *
   *                Phys.Rev. D81 (2010) 075022;  arXiv:1001.3396 [hep-ph],              *
   *                Phys.Rev. D86 (2012) 095031;  arXiv:1208.4018 [hep-ph],              *
   *                Phys.Rev. D89 (2014) 035007;  arXiv:1309.4819 [hep-ph].              *
   *                                                                                     *
   ***************************************************************************************
                                                                                          
   
   Command line: ./JHUGen Unweighted=0 VegasNc0=99999999 VegasNc1=99999999 VegasNc2=99999999 LHAPDF=NNPDF30_lo_as_0130/NNPDF30_lo_as_0130.info MReso=360 ghz1=0,0 ghz2=1,0 Process=60 pTjetcut=0 deltaRcut=0 pTjetcut=25 etajetcut=4.7 pTlepcut=5 etalepcut=2.5
   
   Input Parameter:
    Collider: P-P, sqrt(s)=13000.00
    Resonance: spin=0, mass= 360.00 width=   0.00407
    Z-boson: mass=91.188, width=2.4952
    W-boson: mass=80.399, width=2.0850
    Jet cuts:
            pT >=    25.00 GeV
         |eta| <=     4.70
        DeltaR >=     0.00
           mJJ >=     0.00 GeV
           m4l_min/max      -1.00     -1.00 GeV
    Random seed:   528141122
    To reproduce results using this seed, JHUGen should be compiled with the same compiler:
      GNU Fortran (GCC) 4.8.2
    
    WidthScheme:   2
    LHAPDF set NNPDF30_lo_as_0130/NNPDF30_lo_as_0130.info, member=  0
    Unweighted: F
    Intermediate off-shell photons: F
    
    spin-0-VV couplings: 
      generate_as=F
      ghg2=  0.10000000E+01  0.00000000E+00i
      ghg3=  0.00000000E+00  0.00000000E+00i
      ghg4=  0.00000000E+00  0.00000000E+00i
      ghz1=  0.00000000E+00  0.00000000E+00i
      ghz2=  0.10000000E+01  0.00000000E+00i
      ghz3=  0.00000000E+00  0.00000000E+00i
      ghz4=  0.00000000E+00  0.00000000E+00i
      Lambda=  1000.0
    
    LHE output: ./data/output.lhe
    Histogram output: ./data/output.dat
    Log file: ./data/output.log
    
  Running

  Input parameters for vegas:  ndim=  9   ncall= 80707214.
                              it=    0    itmx=   15
                              acc=-1.00    
                              mds=  1     nd=  50
                              (xl,xu)= (  0.00000     ,  1.00000     )
                                       (  0.00000     ,  1.00000     )
                                       (  0.00000     ,  1.00000     )
                                       (  0.00000     ,  1.00000     )
                                       (  0.00000     ,  1.00000     )
                                       (  0.00000     ,  1.00000     )
                                       (  0.00000     ,  1.00000     )
                                       (  0.00000     ,  1.00000     )
                                       (  0.00000     ,  1.00000     )

#********** Integration by Vegas (iteration       1) ************
#                                                               *
#  integral  =  3742.0049       accum. integral =  3742.0049    *
#  std. dev. =  105.83042       accum. std. dev =  105.83042    *
#   min/max. wt. =    0.00000             43.2065               *
#                                                               *
#*************   chi**2/iteration = -.1663E-09   ****************


#********** Integration by Vegas (iteration       2) ************
#                                                               *
#  integral  =  5070.6615       accum. integral =  4791.2379    *
#  std. dev. =  74.005910       accum. std. dev =  57.794874    *
#   min/max. wt. =    0.00000             33.9546               *
#                                                               *
#*************   chi**2/iteration =  87.68       ****************


#********** Integration by Vegas (iteration       3) ************
#                                                               *
#  integral  =  5512.5142       accum. integral =  5316.1353    *
#  std. dev. =  43.731181       accum. std. dev =  32.713916    *
#   min/max. wt. =    0.00000             24.7932               *
#                                                               *
#*************   chi**2/iteration =  85.41       ****************


#********** Integration by Vegas (iteration       4) ************
#                                                               *
#  integral  =  5507.7380       accum. integral =  5496.5184    *
#  std. dev. =  9.2958949       accum. std. dev =  8.2060166    *
#   min/max. wt. =    0.00000             2.81915               *
#                                                               *
#*************   chi**2/iteration =  63.01       ****************


#********** Integration by Vegas (iteration       5) ************
#                                                               *
#  integral  =  5502.9375       accum. integral =  5502.3595    *
#  std. dev. =  2.8345961       accum. std. dev =  2.5124373    *
#   min/max. wt. =    0.00000            0.241855               *
#                                                               *
#*************   chi**2/iteration =  45.53       ****************


#********** Integration by Vegas (iteration       6) ************
#                                                               *
#  integral  =  5502.5148       accum. integral =  5502.4552    *
#  std. dev. =  2.1342738       accum. std. dev =  1.5770657    *
#   min/max. wt. =    0.00000            0.224975               *
#                                                               *
#*************   chi**2/iteration =  35.49       ****************


#********** Integration by Vegas (iteration       7) ************
#                                                               *
#  integral  =  5503.9691       accum. integral =  5503.0827    *
#  std. dev. =  1.9916446       accum. std. dev =  1.2178266    *
#   min/max. wt. =    0.00000            0.162387               *
#                                                               *
#*************   chi**2/iteration =  29.10       ****************


#********** Integration by Vegas (iteration       8) ************
#                                                               *
#  integral  =  5506.0402       accum. integral =  5503.9842    *
#  std. dev. =  1.9371113       accum. std. dev =  1.0223117    *
#   min/max. wt. =    0.00000            0.950264E-01           *
#                                                               *
#*************   chi**2/iteration =  24.86       ****************


#********** Integration by Vegas (iteration       9) ************
#                                                               *
#  integral  =  5506.0291       accum. integral =  5504.4709    *
#  std. dev. =  1.9135617       accum. std. dev = 0.89706093    *
#   min/max. wt. =    0.00000            0.171707               *
#                                                               *
#*************   chi**2/iteration =  21.65       ****************


#********** Integration by Vegas (iteration      10) ************
#                                                               *
#  integral  =  5507.1716       accum. integral =  5504.9949    *
#  std. dev. =  1.9032566       accum. std. dev = 0.80871208    *
#   min/max. wt. =    0.00000            0.108080               *
#                                                               *
#*************   chi**2/iteration =  19.28       ****************


#********** Integration by Vegas (iteration      11) ************
#                                                               *
#  integral  =  5504.1705       accum. integral =  5504.8618    *
#  std. dev. =  1.9100764       accum. std. dev = 0.74306045    *
#   min/max. wt. =    0.00000            0.127951               *
#                                                               *
#*************   chi**2/iteration =  17.25       ****************


#********** Integration by Vegas (iteration      12) ************
#                                                               *
#  integral  =  5512.4284       accum. integral =  5505.9111    *
#  std. dev. =  1.9151304       accum. std. dev = 0.69161132    *
#   min/max. wt. =    0.00000            0.503575E-01           *
#                                                               *
#*************   chi**2/iteration =  16.89       ****************


#********** Integration by Vegas (iteration      13) ************
#                                                               *
#  integral  =  5504.9387       accum. integral =  5505.7959    *
#  std. dev. =  1.9426964       accum. std. dev = 0.65085819    *
#   min/max. wt. =    0.00000            0.110112               *
#                                                               *
#*************   chi**2/iteration =  15.43       ****************


#********** Integration by Vegas (iteration      14) ************
#                                                               *
#  integral  =  5504.4683       accum. integral =  5505.6575    *
#  std. dev. =  1.9598614       accum. std. dev = 0.61721322    *
#   min/max. wt. =    0.00000            0.822461E-01           *
#                                                               *
#*************   chi**2/iteration =  14.22       ****************


#********** Integration by Vegas (iteration      15) ************
#                                                               *
#  integral  =  5504.8969       accum. integral =  5505.5878    *
#  std. dev. =  1.9931296       accum. std. dev = 0.58927665    *
#   min/max. wt. =    0.00000            0.733494E-01           *
#                                                               *
#*************   chi**2/iteration =  13.17       ****************

 ****************************************************
 * Writing out vegas grid to ./data/output.grid                                                      
 ****************************************************

  Input parameters for vegas:  ndim=  9   ncall= 80707214.
                              it=    0    itmx=    2
                              acc=-1.00    
                              mds=  1     nd=  50
                              (xl,xu)= (  0.00000     ,  1.00000     )
                                       (  0.00000     ,  1.00000     )
                                       (  0.00000     ,  1.00000     )
                                       (  0.00000     ,  1.00000     )
                                       (  0.00000     ,  1.00000     )
                                       (  0.00000     ,  1.00000     )
                                       (  0.00000     ,  1.00000     )
                                       (  0.00000     ,  1.00000     )
                                       (  0.00000     ,  1.00000     )

#********** Integration by Vegas (iteration       1) ************
#                                                               *
#  integral  =  5505.0679       accum. integral =  5505.0679    *
#  std. dev. =  2.0575206       accum. std. dev =  2.0575206    *
#   min/max. wt. =    0.00000            0.167746               *
#                                                               *
#*************   chi**2/iteration = -.2640E-05   ****************


#********** Integration by Vegas (iteration       2) ************
#                                                               *
#  integral  =  5505.8852       accum. integral =  5505.4756    *
#  std. dev. =  2.0624080       accum. std. dev =  1.4566119    *
#   min/max. wt. =    0.00000            0.984814E-01           *
#                                                               *
#*************   chi**2/iteration = 0.7862E-01   ****************

 Done
