**** Following environment variables are going to be unset.
       UTM_XSD_DIR
       ROOT_TTREECACHE_PREFILL
       ROOT_TTREECACHE_SIZE
SLURM job running in:  /work-zfs/lhc/heshy/JHUGen/xsecs/JHUGen/JHUGenerator
LHAPDF 6.1.5 loading /work-zfs/lhc/cms/slc6_amd64_gcc493/external/lhapdf/6.1.5-kpegke3/share/LHAPDF/NNPDF30_lo_as_0130/NNPDF30_lo_as_0130_0000.dat
NNPDF30_lo_as_0130 PDF set, member #0, version 2; LHAPDF ID = 263000
 extending no. of histograms for vbf tests
 
  
  ***************************************************************************************
  *                                JHU Generator v7.0.2                                 *
  ***************************************************************************************
  *                                                                                     *
  *   Spin and parity determination of single-produced resonances at hadron colliders   *
  *                                                                                     *
  *          I. Anderson, S. Bolognesi, F. Caola, Y. Gao, A. Gritsan, Z. Guo,           *
  *        C. Martin, K. Melnikov, R. Rontsch, H. Roskes, U. Sarica, M. Schulze,        *
  *                   N. Tran, A. Whitbeck, M. Xiao, C. You, Y. Zhou                    *
  *              Phys.Rev. D81 (2010) 075022;  arXiv:1001.3396  [hep-ph],               *
  *              Phys.Rev. D86 (2012) 095031;  arXiv:1208.4018  [hep-ph],               *
  *              Phys.Rev. D89 (2014) 035007;  arXiv:1309.4819  [hep-ph],               *
  *              Phys.Rev. D94 (2016) 055023;  arXiv:1606.03107 [hep-ph].               *
  *                                                                                     *
  ***************************************************************************************
  
   
   Command line: ./JHUGen Unweighted=0 VegasNc0=99999999 VegasNc1=99999999 VegasNc2=99999999 LHAPDF=NNPDF30_lo_as_0130/NNPDF30_lo_as_0130.info MReso=4000 Process=60 deltaRcut=0 etajetcut=4.7 etalepcut=2.5 ghz1=0,0 ghz2=1,0 pTjetcut=25 pTlepcut=5
   
   Input Parameter:
    Collider: P-P, sqrt(s)=13000.00
    Resonance: spin=0, mass=4000.00 width=   0.00407
    Z-boson: mass=91.188, width=2.4952
    W-boson: mass=80.399, width=2.0850
    Jet cuts:
            pT >=    25.00 GeV
         |eta| <=     4.70
        DeltaR >=     0.00
           mJJ >=     0.00 GeV
    Random seed:    70322968
    To reproduce results using this seed, JHUGen should be compiled with the same compiler:
      GNU Fortran (GCC) 4.8.2
    
    WidthScheme:   2
    LHAPDF set NNPDF30_lo_as_0130/NNPDF30_lo_as_0130.info, member=  0
    Unweighted: F
    Intermediate off-shell photons: F
    
    spin-0-VV couplings: 
      generate_as=F
      ghg2=  0.10000000E+01  0.00000000E+00i
      ghz2=  0.10000000E+01  0.00000000E+00i
      Lambda=  1000.0
    
    LHE output: ./data/output.lhe
    Histogram output: ./data/output.dat
    Log file: ./data/output.log
    
  Running

  Input parameters for vegas:  ndim=  9   ncall= 99999999.
                              it=    0    itmx=   15
                              acc=-1.00    
                              mds=  0     nd=  50
                              (xl,xu)= (  0.00000     ,  1.00000     )
                                       (  0.00000     ,  1.00000     )
                                       (  0.00000     ,  1.00000     )
                                       (  0.00000     ,  1.00000     )
                                       (  0.00000     ,  1.00000     )
                                       (  0.00000     ,  1.00000     )
                                       (  0.00000     ,  1.00000     )
                                       (  0.00000     ,  1.00000     )
                                       (  0.00000     ,  1.00000     )

#********** Integration by Vegas (iteration       1) ************
#                                                               *
#  integral  =  3.3607751       accum. integral =  3.3607751    *
#  std. dev. = 0.17985200       accum. std. dev = 0.17985200    *
#   min/max. wt. =    0.00000            0.882647E-01           *
#                                                               *
#*************   chi**2/iteration =  0.000       ****************


#********** Integration by Vegas (iteration       2) ************
#                                                               *
#  integral  =  5.0376601       accum. integral =  4.2031105    *
#  std. dev. = 0.26834172       accum. std. dev = 0.16166181    *
#   min/max. wt. =    0.00000            0.165308               *
#                                                               *
#*************   chi**2/iteration =  26.87       ****************


#********** Integration by Vegas (iteration       3) ************
#                                                               *
#  integral  =  5.4697525       accum. integral =  5.2603560    *
#  std. dev. = 0.91899843E-01   accum. std. dev = 0.72319476E-01*
#   min/max. wt. =    0.00000            0.683246E-01           *
#                                                               *
#*************   chi**2/iteration =  32.26       ****************


#********** Integration by Vegas (iteration       4) ************
#                                                               *
#  integral  =  5.3833094       accum. integral =  5.3813087    *
#  std. dev. = 0.10627578E-01   accum. std. dev = 0.95709650E-02*
#   min/max. wt. =    0.00000            0.590312E-02           *
#                                                               *
#*************   chi**2/iteration =  20.86       ****************


#********** Integration by Vegas (iteration       5) ************
#                                                               *
#  integral  =  5.3835177       accum. integral =  5.3833899    *
#  std. dev. = 0.26123490E-02   accum. std. dev = 0.23507950E-02*
#   min/max. wt. =    0.00000            0.152911E-03           *
#                                                               *
#*************   chi**2/iteration =  15.02       ****************


#********** Integration by Vegas (iteration       6) ************
#                                                               *
#  integral  =  5.3888133       accum. integral =  5.3871349    *
#  std. dev. = 0.16991983E-02   accum. std. dev = 0.13257096E-02*
#   min/max. wt. =    0.00000            0.536189E-04           *
#                                                               *
#*************   chi**2/iteration =  12.41       ****************


#********** Integration by Vegas (iteration       7) ************
#                                                               *
#  integral  =  5.3875820       accum. integral =  5.3873344    *
#  std. dev. = 0.15725362E-02   accum. std. dev = 0.99590828E-03*
#   min/max. wt. =    0.00000            0.673695E-04           *
#                                                               *
#*************   chi**2/iteration =  10.16       ****************


#********** Integration by Vegas (iteration       8) ************
#                                                               *
#  integral  =  5.3861499       accum. integral =  5.3869756    *
#  std. dev. = 0.15930785E-02   accum. std. dev = 0.83728945E-03*
#   min/max. wt. =    0.00000            0.932742E-04           *
#                                                               *
#*************   chi**2/iteration =  8.645       ****************


#********** Integration by Vegas (iteration       9) ************
#                                                               *
#  integral  =  5.3889070       accum. integral =  5.3874501    *
#  std. dev. = 0.15371736E-02   accum. std. dev = 0.73113751E-03*
#   min/max. wt. =    0.00000            0.390455E-04           *
#                                                               *
#*************   chi**2/iteration =  7.645       ****************


#********** Integration by Vegas (iteration      10) ************
#                                                               *
#  integral  =  5.3869889       accum. integral =  5.3873611    *
#  std. dev. = 0.15573843E-02   accum. std. dev = 0.65959110E-03*
#   min/max. wt. =    0.00000            0.562263E-04           *
#                                                               *
#*************   chi**2/iteration =  6.747       ****************


#********** Integration by Vegas (iteration      11) ************
#                                                               *
#  integral  =  5.3886821       accum. integral =  5.3875723    *
#  std. dev. = 0.15688123E-02   accum. std. dev = 0.60666667E-03*
#   min/max. wt. =    0.00000            0.414283E-04           *
#                                                               *
#*************   chi**2/iteration =  6.094       ****************


#********** Integration by Vegas (iteration      12) ************
#                                                               *
#  integral  =  5.3888617       accum. integral =  5.3877495    *
#  std. dev. = 0.15719080E-02   accum. std. dev = 0.56507638E-03*
#   min/max. wt. =    0.00000            0.493352E-04           *
#                                                               *
#*************   chi**2/iteration =  5.564       ****************


#********** Integration by Vegas (iteration      13) ************
#                                                               *
#  integral  =  5.3868187       accum. integral =  5.3876378    *
#  std. dev. = 0.15776527E-02   accum. std. dev = 0.53137556E-03*
#   min/max. wt. =    0.00000            0.396162E-04           *
#                                                               *
#*************   chi**2/iteration =  5.103       ****************


#********** Integration by Vegas (iteration      14) ************
#                                                               *
#  integral  =  5.3857129       accum. integral =  5.3874334    *
#  std. dev. = 0.15849081E-02   accum. std. dev = 0.50339119E-03*
#   min/max. wt. =  -0.927179E-09        0.881227E-04           *
#                                                               *
#*************   chi**2/iteration =  4.798       ****************


#********** Integration by Vegas (iteration      15) ************
#                                                               *
#  integral  =  5.3892476       accum. integral =  5.3876054    *
#  std. dev. = 0.15972234E-02   accum. std. dev = 0.47980536E-03*
#   min/max. wt. =    0.00000            0.581635E-04           *
#                                                               *
#*************   chi**2/iteration =  4.527       ****************

 ****************************************************
 * Writing out vegas grid to ./data/output.grid                                                      
 ****************************************************

  Input parameters for vegas:  ndim=  9   ncall= 99999999.
                              it=    0    itmx=    2
                              acc=-1.00    
                              mds=  0     nd=  50
                              (xl,xu)= (  0.00000     ,  1.00000     )
                                       (  0.00000     ,  1.00000     )
                                       (  0.00000     ,  1.00000     )
                                       (  0.00000     ,  1.00000     )
                                       (  0.00000     ,  1.00000     )
                                       (  0.00000     ,  1.00000     )
                                       (  0.00000     ,  1.00000     )
                                       (  0.00000     ,  1.00000     )
                                       (  0.00000     ,  1.00000     )

#********** Integration by Vegas (iteration       1) ************
#                                                               *
#  integral  =  5.3871781       accum. integral =  5.3871781    *
#  std. dev. = 0.16118921E-02   accum. std. dev = 0.16118921E-02*
#   min/max. wt. =    0.00000            0.421825E-04           *
#                                                               *
#*************   chi**2/iteration =  0.000       ****************


#********** Integration by Vegas (iteration       2) ************
#                                                               *
#  integral  =  5.3888153       accum. integral =  5.3879755    *
#  std. dev. = 0.16546115E-02   accum. std. dev = 0.11545918E-02*
#   min/max. wt. =    0.00000            0.813635E-04           *
#                                                               *
#*************   chi**2/iteration = 0.5018       ****************

 Done
