SLURM job running in:  /work-zfs/lhc/heshy/JHUGen/xsecs/JHUGen/JHUGenerator
LHAPDF 6.1.5 loading /work-zfs/lhc/cms/slc6_amd64_gcc493/external/lhapdf/6.1.5-kpegke3/share/LHAPDF/NNPDF30_lo_as_0130/NNPDF30_lo_as_0130_0000.dat
NNPDF30_lo_as_0130 PDF set, member #0, version 2; LHAPDF ID = 263000
 extending no. of histograms for vbf tests
 
                                                                                          
   ***************************************************************************************
   *                                JHU Generator v6.9.9                                 *
   ***************************************************************************************
   *                                                                                     *
   *   Spin and parity determination of single-produced resonances at hadron colliders   *
   *                                                                                     *
   *          I. Anderson, S. Bolognesi, F. Caola, Y. Gao, A. Gritsan, Z. Guo,           *
   *        C. Martin, K. Melnikov, R.Rontsch, H. Roskes, U. Sarica, M. Schulze,         *
   *                   N. Tran, A. Whitbeck, M. Xiao, C. You, Y. Zhou                    *
   *                Phys.Rev. D81 (2010) 075022;  arXiv:1001.3396 [hep-ph],              *
   *                Phys.Rev. D86 (2012) 095031;  arXiv:1208.4018 [hep-ph],              *
   *                Phys.Rev. D89 (2014) 035007;  arXiv:1309.4819 [hep-ph].              *
   *                                                                                     *
   ***************************************************************************************
                                                                                          
   
   Command line: ./JHUGen Unweighted=0 VegasNc0=99999999 VegasNc1=99999999 VegasNc2=99999999 LHAPDF=NNPDF30_lo_as_0130/NNPDF30_lo_as_0130.info MReso=670 ghz1=0,0 ghz2=1,0 Process=60 pTjetcut=0 deltaRcut=0 pTjetcut=25 etajetcut=4.7 pTlepcut=5 etalepcut=2.5
   
   Input Parameter:
    Collider: P-P, sqrt(s)=13000.00
    Resonance: spin=0, mass= 670.00 width=   0.00407
    Z-boson: mass=91.188, width=2.4952
    W-boson: mass=80.399, width=2.0850
    Jet cuts:
            pT >=    25.00 GeV
         |eta| <=     4.70
        DeltaR >=     0.00
           mJJ >=     0.00 GeV
           m4l_min/max      -1.00     -1.00 GeV
    Random seed:   637590280
    To reproduce results using this seed, JHUGen should be compiled with the same compiler:
      GNU Fortran (GCC) 4.8.2
    
    WidthScheme:   2
    LHAPDF set NNPDF30_lo_as_0130/NNPDF30_lo_as_0130.info, member=  0
    Unweighted: F
    Intermediate off-shell photons: F
    
    spin-0-VV couplings: 
      generate_as=F
      ghg2=  0.10000000E+01  0.00000000E+00i
      ghg3=  0.00000000E+00  0.00000000E+00i
      ghg4=  0.00000000E+00  0.00000000E+00i
      ghz1=  0.00000000E+00  0.00000000E+00i
      ghz2=  0.10000000E+01  0.00000000E+00i
      ghz3=  0.00000000E+00  0.00000000E+00i
      ghz4=  0.00000000E+00  0.00000000E+00i
      Lambda=  1000.0
    
    LHE output: ./data/output.lhe
    Histogram output: ./data/output.dat
    Log file: ./data/output.log
    
  Running

  Input parameters for vegas:  ndim=  9   ncall= 80707214.
                              it=    0    itmx=   15
                              acc=-1.00    
                              mds=  1     nd=  50
                              (xl,xu)= (  0.00000     ,  1.00000     )
                                       (  0.00000     ,  1.00000     )
                                       (  0.00000     ,  1.00000     )
                                       (  0.00000     ,  1.00000     )
                                       (  0.00000     ,  1.00000     )
                                       (  0.00000     ,  1.00000     )
                                       (  0.00000     ,  1.00000     )
                                       (  0.00000     ,  1.00000     )
                                       (  0.00000     ,  1.00000     )

#********** Integration by Vegas (iteration       1) ************
#                                                               *
#  integral  =  1878.7143       accum. integral =  1878.7143    *
#  std. dev. =  237.03377       accum. std. dev =  237.03377    *
#   min/max. wt. =    0.00000             221.500               *
#                                                               *
#*************   chi**2/iteration =  0.000       ****************


#********** Integration by Vegas (iteration       2) ************
#                                                               *
#  integral  =  2161.3287       accum. integral =  2149.4367    *
#  std. dev. =  57.152391       accum. std. dev =  52.407639    *
#   min/max. wt. =    0.00000             33.7996               *
#                                                               *
#*************   chi**2/iteration =  1.171       ****************


#********** Integration by Vegas (iteration       3) ************
#                                                               *
#  integral  =  2344.6897       accum. integral =  2340.1868    *
#  std. dev. =  9.3234676       accum. std. dev =  8.3984893    *
#   min/max. wt. =    0.00000             2.72717               *
#                                                               *
#*************   chi**2/iteration =  6.612       ****************


#********** Integration by Vegas (iteration       4) ************
#                                                               *
#  integral  =  2357.2741       accum. integral =  2356.4027    *
#  std. dev. =  2.1476856       accum. std. dev =  1.9473269    *
#   min/max. wt. =    0.00000            0.364861               *
#                                                               *
#*************   chi**2/iteration =  5.423       ****************


#********** Integration by Vegas (iteration       5) ************
#                                                               *
#  integral  =  2357.2321       accum. integral =  2357.0753    *
#  std. dev. =  1.0103480       accum. std. dev = 0.85979288    *
#   min/max. wt. =    0.00000            0.108530               *
#                                                               *
#*************   chi**2/iteration =  3.982       ****************


#********** Integration by Vegas (iteration       6) ************
#                                                               *
#  integral  =  2358.4721       accum. integral =  2357.8435    *
#  std. dev. = 0.82339430       accum. std. dev = 0.58255100    *
#   min/max. wt. =    0.00000            0.672298E-01           *
#                                                               *
#*************   chi**2/iteration =  3.407       ****************


#********** Integration by Vegas (iteration       7) ************
#                                                               *
#  integral  =  2358.1391       accum. integral =  2357.9566    *
#  std. dev. = 0.77551202       accum. std. dev = 0.46092644    *
#   min/max. wt. =    0.00000            0.765374E-01           *
#                                                               *
#*************   chi**2/iteration =  2.816       ****************


#********** Integration by Vegas (iteration       8) ************
#                                                               *
#  integral  =  2356.8125       accum. integral =  2357.6295    *
#  std. dev. = 0.75776524       accum. std. dev = 0.39149855    *
#   min/max. wt. =    0.00000            0.388864E-01           *
#                                                               *
#*************   chi**2/iteration =  2.639       ****************


#********** Integration by Vegas (iteration       9) ************
#                                                               *
#  integral  =  2358.6907       accum. integral =  2357.8679    *
#  std. dev. = 0.75325222       accum. std. dev = 0.34611447    *
#   min/max. wt. =    0.00000            0.209078E-01           *
#                                                               *
#*************   chi**2/iteration =  2.495       ****************


#********** Integration by Vegas (iteration      10) ************
#                                                               *
#  integral  =  2357.3135       accum. integral =  2357.7670    *
#  std. dev. = 0.75647788       accum. std. dev = 0.31401914    *
#   min/max. wt. =    0.00000            0.271934E-01           *
#                                                               *
#*************   chi**2/iteration =  2.255       ****************


#********** Integration by Vegas (iteration      11) ************
#                                                               *
#  integral  =  2358.0121       accum. integral =  2357.8040    *
#  std. dev. = 0.76556185       accum. std. dev = 0.29009276    *
#   min/max. wt. =    0.00000            0.424529E-01           *
#                                                               *
#*************   chi**2/iteration =  2.029       ****************


#********** Integration by Vegas (iteration      12) ************
#                                                               *
#  integral  =  2358.5253       accum. integral =  2357.8976    *
#  std. dev. = 0.77065121       accum. std. dev = 0.27120928    *
#   min/max. wt. =    0.00000            0.228070E-01           *
#                                                               *
#*************   chi**2/iteration =  1.909       ****************


#********** Integration by Vegas (iteration      13) ************
#                                                               *
#  integral  =  2358.2798       accum. integral =  2357.9408    *
#  std. dev. = 0.77723895       accum. std. dev = 0.25587773    *
#   min/max. wt. =    0.00000            0.188871E-01           *
#                                                               *
#*************   chi**2/iteration =  1.762       ****************


#********** Integration by Vegas (iteration      14) ************
#                                                               *
#  integral  =  2356.6798       accum. integral =  2357.8181    *
#  std. dev. = 0.79558736       accum. std. dev = 0.24347564    *
#   min/max. wt. =    0.00000            0.159825               *
#                                                               *
#*************   chi**2/iteration =  1.803       ****************


#********** Integration by Vegas (iteration      15) ************
#                                                               *
#  integral  =  2357.4798       accum. integral =  2357.7870    *
#  std. dev. = 0.78072315       accum. std. dev = 0.23233436    *
#   min/max. wt. =    0.00000            0.194536E-01           *
#                                                               *
#*************   chi**2/iteration =  1.682       ****************

 ****************************************************
 * Writing out vegas grid to ./data/output.grid                                                      
 ****************************************************

  Input parameters for vegas:  ndim=  9   ncall= 80707214.
                              it=    0    itmx=    2
                              acc=-1.00    
                              mds=  1     nd=  50
                              (xl,xu)= (  0.00000     ,  1.00000     )
                                       (  0.00000     ,  1.00000     )
                                       (  0.00000     ,  1.00000     )
                                       (  0.00000     ,  1.00000     )
                                       (  0.00000     ,  1.00000     )
                                       (  0.00000     ,  1.00000     )
                                       (  0.00000     ,  1.00000     )
                                       (  0.00000     ,  1.00000     )
                                       (  0.00000     ,  1.00000     )

#********** Integration by Vegas (iteration       1) ************
#                                                               *
#  integral  =  2357.4919       accum. integral =  2357.4919    *
#  std. dev. = 0.77532783       accum. std. dev = 0.77532783    *
#   min/max. wt. =    0.00000            0.320841E-01           *
#                                                               *
#*************   chi**2/iteration =  0.000       ****************


#********** Integration by Vegas (iteration       2) ************
#                                                               *
#  integral  =  2357.0490       accum. integral =  2357.2734    *
#  std. dev. = 0.78543158       accum. std. dev = 0.55177642    *
#   min/max. wt. =    0.00000            0.194644E-01           *
#                                                               *
#*************   chi**2/iteration = 0.1609       ****************

 Done
