**** Following environment variables are going to be unset.
       UTM_XSD_DIR
       ROOT_TTREECACHE_PREFILL
       ROOT_TTREECACHE_SIZE
SLURM job running in:  /work-zfs/lhc/heshy/JHUGen/xsecs/JHUGen/JHUGenerator
LHAPDF 6.1.5 loading /work-zfs/lhc/cms/slc6_amd64_gcc493/external/lhapdf/6.1.5-kpegke3/share/LHAPDF/NNPDF30_lo_as_0130/NNPDF30_lo_as_0130_0000.dat
NNPDF30_lo_as_0130 PDF set, member #0, version 2; LHAPDF ID = 263000
 extending no. of histograms for vbf tests
 
  
  ***************************************************************************************
  *                                JHU Generator v7.0.2                                 *
  ***************************************************************************************
  *                                                                                     *
  *   Spin and parity determination of single-produced resonances at hadron colliders   *
  *                                                                                     *
  *          I. Anderson, S. Bolognesi, F. Caola, Y. Gao, A. Gritsan, Z. Guo,           *
  *        C. Martin, K. Melnikov, R. Rontsch, H. Roskes, U. Sarica, M. Schulze,        *
  *                   N. Tran, A. Whitbeck, M. Xiao, C. You, Y. Zhou                    *
  *              Phys.Rev. D81 (2010) 075022;  arXiv:1001.3396  [hep-ph],               *
  *              Phys.Rev. D86 (2012) 095031;  arXiv:1208.4018  [hep-ph],               *
  *              Phys.Rev. D89 (2014) 035007;  arXiv:1309.4819  [hep-ph],               *
  *              Phys.Rev. D94 (2016) 055023;  arXiv:1606.03107 [hep-ph].               *
  *                                                                                     *
  ***************************************************************************************
  
   
   Command line: ./JHUGen Unweighted=0 VegasNc0=99999999 VegasNc1=99999999 VegasNc2=99999999 LHAPDF=NNPDF30_lo_as_0130/NNPDF30_lo_as_0130.info MReso=8000 Process=60 deltaRcut=0 etajetcut=4.7 etalepcut=2.5 ghz1=0,0 ghz2=1,0 pTjetcut=25 pTlepcut=5
   
   Input Parameter:
    Collider: P-P, sqrt(s)=13000.00
    Resonance: spin=0, mass=8000.00 width=   0.00407
    Z-boson: mass=91.188, width=2.4952
    W-boson: mass=80.399, width=2.0850
    Jet cuts:
            pT >=    25.00 GeV
         |eta| <=     4.70
        DeltaR >=     0.00
           mJJ >=     0.00 GeV
    Random seed:   531118901
    To reproduce results using this seed, JHUGen should be compiled with the same compiler:
      GNU Fortran (GCC) 4.8.2
    
    WidthScheme:   2
    LHAPDF set NNPDF30_lo_as_0130/NNPDF30_lo_as_0130.info, member=  0
    Unweighted: F
    Intermediate off-shell photons: F
    
    spin-0-VV couplings: 
      generate_as=F
      ghg2=  0.10000000E+01  0.00000000E+00i
      ghz2=  0.10000000E+01  0.00000000E+00i
      Lambda=  1000.0
    
    LHE output: ./data/output.lhe
    Histogram output: ./data/output.dat
    Log file: ./data/output.log
    
  Running

  Input parameters for vegas:  ndim=  9   ncall= 99999999.
                              it=    0    itmx=   15
                              acc=-1.00    
                              mds=  0     nd=  50
                              (xl,xu)= (  0.00000     ,  1.00000     )
                                       (  0.00000     ,  1.00000     )
                                       (  0.00000     ,  1.00000     )
                                       (  0.00000     ,  1.00000     )
                                       (  0.00000     ,  1.00000     )
                                       (  0.00000     ,  1.00000     )
                                       (  0.00000     ,  1.00000     )
                                       (  0.00000     ,  1.00000     )
                                       (  0.00000     ,  1.00000     )

#********** Integration by Vegas (iteration       1) ************
#                                                               *
#  integral  = 0.26743677E-02   accum. integral = 0.26743677E-02*
#  std. dev. = 0.76129603E-03   accum. std. dev = 0.76129603E-03*
#   min/max. wt. =    0.00000            0.517159E-03           *
#                                                               *
#*************   chi**2/iteration =  0.000       ****************


#********** Integration by Vegas (iteration       2) ************
#                                                               *
#  integral  = 0.18921308E-02   accum. integral = 0.19427664E-02*
#  std. dev. = 0.14170148E-03   accum. std. dev = 0.16777404E-03*
#   min/max. wt. =    0.00000            0.124929E-03           *
#                                                               *
#*************   chi**2/iteration =  1.315       ****************


#********** Integration by Vegas (iteration       3) ************
#                                                               *
#  integral  = 0.22036771E-02   accum. integral = 0.21920675E-02*
#  std. dev. = 0.34441725E-04   accum. std. dev = 0.34825390E-04*
#   min/max. wt. =    0.00000            0.214080E-04           *
#                                                               *
#*************   chi**2/iteration =  1.872       ****************


#********** Integration by Vegas (iteration       4) ************
#                                                               *
#  integral  = 0.22179738E-02   accum. integral = 0.22173599E-02*
#  std. dev. = 0.52792239E-05   accum. std. dev = 0.53252195E-05*
#   min/max. wt. =    0.00000            0.199474E-05           *
#                                                               *
#*************   chi**2/iteration =  1.447       ****************


#********** Integration by Vegas (iteration       5) ************
#                                                               *
#  integral  = 0.22201334E-02   accum. integral = 0.22199429E-02*
#  std. dev. = 0.14180660E-05   accum. std. dev = 0.13903098E-05*
#   min/max. wt. =    0.00000            0.146157E-06           *
#                                                               *
#*************   chi**2/iteration =  1.158       ****************


#********** Integration by Vegas (iteration       6) ************
#                                                               *
#  integral  = 0.22205278E-02   accum. integral = 0.22203468E-02*
#  std. dev. = 0.91610485E-06   accum. std. dev = 0.77132878E-06*
#   min/max. wt. =    0.00000            0.310161E-07           *
#                                                               *
#*************   chi**2/iteration = 0.9556       ****************


#********** Integration by Vegas (iteration       7) ************
#                                                               *
#  integral  = 0.22223405E-02   accum. integral = 0.22212920E-02*
#  std. dev. = 0.80248479E-06   accum. std. dev = 0.55839224E-06*
#   min/max. wt. =    0.00000            0.409043E-07           *
#                                                               *
#*************   chi**2/iteration =  1.329       ****************


#********** Integration by Vegas (iteration       8) ************
#                                                               *
#  integral  = 0.22234043E-02   accum. integral = 0.22220027E-02*
#  std. dev. = 0.77632718E-06   accum. std. dev = 0.45428901E-06*
#   min/max. wt. =    0.00000            0.151023E-07           *
#                                                               *
#*************   chi**2/iteration =  1.831       ****************


#********** Integration by Vegas (iteration       9) ************
#                                                               *
#  integral  = 0.22219456E-02   accum. integral = 0.22219879E-02*
#  std. dev. = 0.75931659E-06   accum. std. dev = 0.39040292E-06*
#   min/max. wt. =    0.00000            0.143370E-07           *
#                                                               *
#*************   chi**2/iteration =  1.606       ****************


#********** Integration by Vegas (iteration      10) ************
#                                                               *
#  integral  = 0.22221444E-02   accum. integral = 0.22220210E-02*
#  std. dev. = 0.74727872E-06   accum. std. dev = 0.34635453E-06*
#   min/max. wt. =    0.00000            0.152867E-07           *
#                                                               *
#*************   chi**2/iteration =  1.434       ****************


#********** Integration by Vegas (iteration      11) ************
#                                                               *
#  integral  = 0.22219494E-02   accum. integral = 0.22220082E-02*
#  std. dev. = 0.73484077E-06   accum. std. dev = 0.31351288E-06*
#   min/max. wt. =    0.00000            0.452990E-07           *
#                                                               *
#*************   chi**2/iteration =  1.293       ****************


#********** Integration by Vegas (iteration      12) ************
#                                                               *
#  integral  = 0.22219823E-02   accum. integral = 0.22220042E-02*
#  std. dev. = 0.73253215E-06   accum. std. dev = 0.28836606E-06*
#   min/max. wt. =    0.00000            0.308696E-07           *
#                                                               *
#*************   chi**2/iteration =  1.177       ****************


#********** Integration by Vegas (iteration      13) ************
#                                                               *
#  integral  = 0.22218132E-02   accum. integral = 0.22219783E-02*
#  std. dev. = 0.72424407E-06   accum. std. dev = 0.26801275E-06*
#   min/max. wt. =    0.00000            0.295770E-07           *
#                                                               *
#*************   chi**2/iteration =  1.085       ****************


#********** Integration by Vegas (iteration      14) ************
#                                                               *
#  integral  = 0.22213612E-02   accum. integral = 0.22219109E-02*
#  std. dev. = 0.76064084E-06   accum. std. dev = 0.25284010E-06*
#   min/max. wt. =  -0.150436E-11        0.627966E-07           *
#                                                               *
#*************   chi**2/iteration =  1.047       ****************


#********** Integration by Vegas (iteration      15) ************
#                                                               *
#  integral  = 0.22237701E-02   accum. integral = 0.22220924E-02*
#  std. dev. = 0.76525335E-06   accum. std. dev = 0.24011041E-06*
#   min/max. wt. =    0.00000            0.223491E-07           *
#                                                               *
#*************   chi**2/iteration =  1.350       ****************

 ****************************************************
 * Writing out vegas grid to ./data/output.grid                                                      
 ****************************************************

  Input parameters for vegas:  ndim=  9   ncall= 99999999.
                              it=    0    itmx=    2
                              acc=-1.00    
                              mds=  0     nd=  50
                              (xl,xu)= (  0.00000     ,  1.00000     )
                                       (  0.00000     ,  1.00000     )
                                       (  0.00000     ,  1.00000     )
                                       (  0.00000     ,  1.00000     )
                                       (  0.00000     ,  1.00000     )
                                       (  0.00000     ,  1.00000     )
                                       (  0.00000     ,  1.00000     )
                                       (  0.00000     ,  1.00000     )
                                       (  0.00000     ,  1.00000     )

#********** Integration by Vegas (iteration       1) ************
#                                                               *
#  integral  = 0.22214126E-02   accum. integral = 0.22214126E-02*
#  std. dev. = 0.77333357E-06   accum. std. dev = 0.77333357E-06*
#   min/max. wt. =    0.00000            0.330522E-07           *
#                                                               *
#*************   chi**2/iteration = -.1416E-05   ****************


#********** Integration by Vegas (iteration       2) ************
#                                                               *
#  integral  = 0.22225446E-02   accum. integral = 0.22219859E-02*
#  std. dev. = 0.76376160E-06   accum. std. dev = 0.54341188E-06*
#   min/max. wt. =    0.00000            0.316530E-07           *
#                                                               *
#*************   chi**2/iteration =  1.084       ****************

 Done
