SLURM job running in:  /work-zfs/lhc/heshy/JHUGen/xsecs/JHUGen/JHUGenerator
LHAPDF 6.1.5 loading /work-zfs/lhc/cms/slc6_amd64_gcc493/external/lhapdf/6.1.5-kpegke3/share/LHAPDF/NNPDF30_lo_as_0130/NNPDF30_lo_as_0130_0000.dat
NNPDF30_lo_as_0130 PDF set, member #0, version 2; LHAPDF ID = 263000
 extending no. of histograms for vbf tests
 
                                                                                          
   ***************************************************************************************
   *                                JHU Generator v6.9.9                                 *
   ***************************************************************************************
   *                                                                                     *
   *   Spin and parity determination of single-produced resonances at hadron colliders   *
   *                                                                                     *
   *          I. Anderson, S. Bolognesi, F. Caola, Y. Gao, A. Gritsan, Z. Guo,           *
   *        C. Martin, K. Melnikov, R.Rontsch, H. Roskes, U. Sarica, M. Schulze,         *
   *                   N. Tran, A. Whitbeck, M. Xiao, C. You, Y. Zhou                    *
   *                Phys.Rev. D81 (2010) 075022;  arXiv:1001.3396 [hep-ph],              *
   *                Phys.Rev. D86 (2012) 095031;  arXiv:1208.4018 [hep-ph],              *
   *                Phys.Rev. D89 (2014) 035007;  arXiv:1309.4819 [hep-ph].              *
   *                                                                                     *
   ***************************************************************************************
                                                                                          
   
   Command line: ./JHUGen Unweighted=0 VegasNc0=99999999 VegasNc1=99999999 VegasNc2=99999999 LHAPDF=NNPDF30_lo_as_0130/NNPDF30_lo_as_0130.info MReso=990 ghz1=0,0 ghz2=1,0 Process=60 pTjetcut=0 deltaRcut=0 pTjetcut=25 etajetcut=4.7 pTlepcut=5 etalepcut=2.5
   
   Input Parameter:
    Collider: P-P, sqrt(s)=13000.00
    Resonance: spin=0, mass= 990.00 width=   0.00407
    Z-boson: mass=91.188, width=2.4952
    W-boson: mass=80.399, width=2.0850
    Jet cuts:
            pT >=    25.00 GeV
         |eta| <=     4.70
        DeltaR >=     0.00
           mJJ >=     0.00 GeV
           m4l_min/max      -1.00     -1.00 GeV
    Random seed:   697839069
    To reproduce results using this seed, JHUGen should be compiled with the same compiler:
      GNU Fortran (GCC) 4.8.2
    
    WidthScheme:   2
    LHAPDF set NNPDF30_lo_as_0130/NNPDF30_lo_as_0130.info, member=  0
    Unweighted: F
    Intermediate off-shell photons: F
    
    spin-0-VV couplings: 
      generate_as=F
      ghg2=  0.10000000E+01  0.00000000E+00i
      ghg3=  0.00000000E+00  0.00000000E+00i
      ghg4=  0.00000000E+00  0.00000000E+00i
      ghz1=  0.00000000E+00  0.00000000E+00i
      ghz2=  0.10000000E+01  0.00000000E+00i
      ghz3=  0.00000000E+00  0.00000000E+00i
      ghz4=  0.00000000E+00  0.00000000E+00i
      Lambda=  1000.0
    
    LHE output: ./data/output.lhe
    Histogram output: ./data/output.dat
    Log file: ./data/output.log
    
  Running

  Input parameters for vegas:  ndim=  9   ncall= 80707214.
                              it=    0    itmx=   15
                              acc=-1.00    
                              mds=  1     nd=  50
                              (xl,xu)= (  0.00000     ,  1.00000     )
                                       (  0.00000     ,  1.00000     )
                                       (  0.00000     ,  1.00000     )
                                       (  0.00000     ,  1.00000     )
                                       (  0.00000     ,  1.00000     )
                                       (  0.00000     ,  1.00000     )
                                       (  0.00000     ,  1.00000     )
                                       (  0.00000     ,  1.00000     )
                                       (  0.00000     ,  1.00000     )

#********** Integration by Vegas (iteration       1) ************
#                                                               *
#  integral  =  860.05017       accum. integral =  860.05017    *
#  std. dev. =  71.249028       accum. std. dev =  71.249028    *
#   min/max. wt. =    0.00000             55.1943               *
#                                                               *
#*************   chi**2/iteration =  0.000       ****************


#********** Integration by Vegas (iteration       2) ************
#                                                               *
#  integral  =  1016.8267       accum. integral =  1005.2067    *
#  std. dev. =  23.833446       accum. std. dev =  21.238962    *
#   min/max. wt. =    0.00000             16.8183               *
#                                                               *
#*************   chi**2/iteration =  3.735       ****************


#********** Integration by Vegas (iteration       3) ************
#                                                               *
#  integral  =  1123.2740       accum. integral =  1113.9168    *
#  std. dev. =  7.4325838       accum. std. dev =  6.3865949    *
#   min/max. wt. =    0.00000             3.44553               *
#                                                               *
#*************   chi**2/iteration =  14.10       ****************


#********** Integration by Vegas (iteration       4) ************
#                                                               *
#  integral  =  1132.6353       accum. integral =  1132.1640    *
#  std. dev. =  1.1557778       accum. std. dev =  1.0468140    *
#   min/max. wt. =    0.00000            0.207531               *
#                                                               *
#*************   chi**2/iteration =  11.43       ****************


#********** Integration by Vegas (iteration       5) ************
#                                                               *
#  integral  =  1132.4045       accum. integral =  1132.3690    *
#  std. dev. = 0.47425844       accum. std. dev = 0.40929210    *
#   min/max. wt. =    0.00000            0.550608E-01           *
#                                                               *
#*************   chi**2/iteration =  8.272       ****************


#********** Integration by Vegas (iteration       6) ************
#                                                               *
#  integral  =  1132.0146       accum. integral =  1132.1649    *
#  std. dev. = 0.37560296       accum. std. dev = 0.26969289    *
#   min/max. wt. =    0.00000            0.148488E-01           *
#                                                               *
#*************   chi**2/iteration =  6.547       ****************


#********** Integration by Vegas (iteration       7) ************
#                                                               *
#  integral  =  1132.2315       accum. integral =  1132.1912    *
#  std. dev. = 0.35299103       accum. std. dev = 0.21155854    *
#   min/max. wt. =    0.00000            0.179698E-01           *
#                                                               *
#*************   chi**2/iteration =  5.370       ****************


#********** Integration by Vegas (iteration       8) ************
#                                                               *
#  integral  =  1131.9975       accum. integral =  1132.1342    *
#  std. dev. = 0.34341393       accum. std. dev = 0.17881844    *
#   min/max. wt. =    0.00000            0.142529E-01           *
#                                                               *
#*************   chi**2/iteration =  4.581       ****************


#********** Integration by Vegas (iteration       9) ************
#                                                               *
#  integral  =  1131.5640       accum. integral =  1132.0058    *
#  std. dev. = 0.34540138       accum. std. dev = 0.15813696    *
#   min/max. wt. =    0.00000            0.204169E-01           *
#                                                               *
#*************   chi**2/iteration =  4.255       ****************


#********** Integration by Vegas (iteration      10) ************
#                                                               *
#  integral  =  1131.9847       accum. integral =  1132.0019    *
#  std. dev. = 0.34570567       accum. std. dev = 0.14341536    *
#   min/max. wt. =    0.00000            0.124085E-01           *
#                                                               *
#*************   chi**2/iteration =  3.754       ****************


#********** Integration by Vegas (iteration      11) ************
#                                                               *
#  integral  =  1131.6069       accum. integral =  1131.9413    *
#  std. dev. = 0.34778237       accum. std. dev = 0.13234698    *
#   min/max. wt. =    0.00000            0.228455E-01           *
#                                                               *
#*************   chi**2/iteration =  3.474       ****************


#********** Integration by Vegas (iteration      12) ************
#                                                               *
#  integral  =  1131.9934       accum. integral =  1131.9482    *
#  std. dev. = 0.34743193       accum. std. dev = 0.12351563    *
#   min/max. wt. =    0.00000            0.166601E-01           *
#                                                               *
#*************   chi**2/iteration =  3.145       ****************


#********** Integration by Vegas (iteration      13) ************
#                                                               *
#  integral  =  1132.1105       accum. integral =  1131.9670    *
#  std. dev. = 0.35091078       accum. std. dev = 0.11640152    *
#   min/max. wt. =    0.00000            0.150947E-01           *
#                                                               *
#*************   chi**2/iteration =  2.887       ****************


#********** Integration by Vegas (iteration      14) ************
#                                                               *
#  integral  =  1132.2672       accum. integral =  1131.9976    *
#  std. dev. = 0.35388311       accum. std. dev = 0.11049931    *
#   min/max. wt. =    0.00000            0.129719E-01           *
#                                                               *
#*************   chi**2/iteration =  2.707       ****************


#********** Integration by Vegas (iteration      15) ************
#                                                               *
#  integral  =  1131.6569       accum. integral =  1131.9665    *
#  std. dev. = 0.35666980       accum. std. dev = 0.10549886    *
#   min/max. wt. =    0.00000            0.151828E-01           *
#                                                               *
#*************   chi**2/iteration =  2.568       ****************

 ****************************************************
 * Writing out vegas grid to ./data/output.grid                                                      
 ****************************************************

  Input parameters for vegas:  ndim=  9   ncall= 80707214.
                              it=    0    itmx=    2
                              acc=-1.00    
                              mds=  1     nd=  50
                              (xl,xu)= (  0.00000     ,  1.00000     )
                                       (  0.00000     ,  1.00000     )
                                       (  0.00000     ,  1.00000     )
                                       (  0.00000     ,  1.00000     )
                                       (  0.00000     ,  1.00000     )
                                       (  0.00000     ,  1.00000     )
                                       (  0.00000     ,  1.00000     )
                                       (  0.00000     ,  1.00000     )
                                       (  0.00000     ,  1.00000     )

#********** Integration by Vegas (iteration       1) ************
#                                                               *
#  integral  =  1131.6444       accum. integral =  1131.6444    *
#  std. dev. = 0.35446076       accum. std. dev = 0.35446076    *
#   min/max. wt. =    0.00000            0.135224E-01           *
#                                                               *
#*************   chi**2/iteration =  0.000       ****************


#********** Integration by Vegas (iteration       2) ************
#                                                               *
#  integral  =  1132.2166       accum. integral =  1131.9186    *
#  std. dev. = 0.36978066       accum. std. dev = 0.25588893    *
#   min/max. wt. =    0.00000            0.138361E-01           *
#                                                               *
#*************   chi**2/iteration =  1.247       ****************

 Done
