SLURM job running in:  /work-zfs/lhc/heshy/JHUGen/xsecs/JHUGen/JHUGenerator
LHAPDF 6.1.5 loading /work-zfs/lhc/cms/slc6_amd64_gcc493/external/lhapdf/6.1.5-kpegke3/share/LHAPDF/NNPDF30_lo_as_0130/NNPDF30_lo_as_0130_0000.dat
NNPDF30_lo_as_0130 PDF set, member #0, version 2; LHAPDF ID = 263000
 extending no. of histograms for vbf tests
 
  
  ***************************************************************************************
  *                                JHU Generator v7.0.2                                 *
  ***************************************************************************************
  *                                                                                     *
  *   Spin and parity determination of single-produced resonances at hadron colliders   *
  *                                                                                     *
  *          I. Anderson, S. Bolognesi, F. Caola, Y. Gao, A. Gritsan, Z. Guo,           *
  *        C. Martin, K. Melnikov, R. Rontsch, H. Roskes, U. Sarica, M. Schulze,        *
  *                   N. Tran, A. Whitbeck, M. Xiao, C. You, Y. Zhou                    *
  *              Phys.Rev. D81 (2010) 075022;  arXiv:1001.3396  [hep-ph],               *
  *              Phys.Rev. D86 (2012) 095031;  arXiv:1208.4018  [hep-ph],               *
  *              Phys.Rev. D89 (2014) 035007;  arXiv:1309.4819  [hep-ph],               *
  *              Phys.Rev. D94 (2016) 055023;  arXiv:1606.03107 [hep-ph].               *
  *                                                                                     *
  ***************************************************************************************
  
   
   Command line: ./JHUGen Unweighted=0 VegasNc0=99999999 VegasNc1=99999999 VegasNc2=99999999 LHAPDF=NNPDF30_lo_as_0130/NNPDF30_lo_as_0130.info MReso=1170 Process=60 deltaRcut=0 etajetcut=4.7 etalepcut=2.5 ghz1=0,0 ghzgs1_prime2=1,0 pTjetcut=25 pTlepcut=5
   
   Input Parameter:
    Collider: P-P, sqrt(s)=13000.00
    Resonance: spin=0, mass=1170.00 width=   0.00407
    Z-boson: mass=91.188, width=2.4952
    W-boson: mass=80.399, width=2.0850
    Jet cuts:
            pT >=    25.00 GeV
         |eta| <=     4.70
        DeltaR >=     0.00
           mJJ >=     0.00 GeV
    Random seed:   640751081
    To reproduce results using this seed, JHUGen should be compiled with the same compiler:
      GNU Fortran (GCC) 4.8.2
    
    WidthScheme:   2
    LHAPDF set NNPDF30_lo_as_0130/NNPDF30_lo_as_0130.info, member=  0
    Unweighted: F
    Intermediate off-shell photons: T
    
    spin-0-VV couplings: 
      generate_as=F
      ghg2=  0.10000000E+01  0.00000000E+00i
      ghzgs1_prime2=  0.00000000E+00  0.00000000E+00i,  Lambda_zgs1=  1.0000E+04
      Lambda=  1000.0
    
    LHE output: ./data/output.lhe
    Histogram output: ./data/output.dat
    Log file: ./data/output.log
    
  Running

  Input parameters for vegas:  ndim=  9   ncall= 99999999.
                              it=    0    itmx=   15
                              acc=-1.00    
                              mds=  0     nd=  50
                              (xl,xu)= (  0.00000     ,  1.00000     )
                                       (  0.00000     ,  1.00000     )
                                       (  0.00000     ,  1.00000     )
                                       (  0.00000     ,  1.00000     )
                                       (  0.00000     ,  1.00000     )
                                       (  0.00000     ,  1.00000     )
                                       (  0.00000     ,  1.00000     )
                                       (  0.00000     ,  1.00000     )
                                       (  0.00000     ,  1.00000     )

#********** Integration by Vegas (iteration       1) ************
#                                                               *
#  integral  = 0.17712415E-05   accum. integral = 0.17712415E-05*
#  std. dev. = 0.31399025E-07   accum. std. dev = 0.31399025E-07*
#   min/max. wt. =    0.00000            0.244248E-07           *
#                                                               *
#*************   chi**2/iteration =  0.000       ****************


#********** Integration by Vegas (iteration       2) ************
#                                                               *
#  integral  = 0.25462582E-05   accum. integral = 0.18524773E-05*
#  std. dev. = 0.13191023E-06   accum. std. dev = 0.36786036E-07*
#   min/max. wt. =    0.00000            0.713827E-07           *
#                                                               *
#*************   chi**2/iteration =  41.61       ****************


#********** Integration by Vegas (iteration       3) ************
#                                                               *
#  integral  = 0.33496437E-05   accum. integral = 0.21251078E-05*
#  std. dev. = 0.11906692E-06   accum. std. dev = 0.39979903E-07*
#   min/max. wt. =    0.00000            0.987062E-07           *
#                                                               *
#*************   chi**2/iteration =  118.8       ****************


#********** Integration by Vegas (iteration       4) ************
#                                                               *
#  integral  = 0.33878160E-05   accum. integral = 0.33068952E-05*
#  std. dev. = 0.13446989E-07   accum. std. dev = 0.10914820E-07*
#   min/max. wt. =    0.00000            0.397702E-08           *
#                                                               *
#*************   chi**2/iteration =  335.6       ****************


#********** Integration by Vegas (iteration       5) ************
#                                                               *
#  integral  = 0.34009133E-05   accum. integral = 0.33944931E-05*
#  std. dev. = 0.35354798E-08   accum. std. dev = 0.29727857E-08*
#   min/max. wt. =    0.00000            0.360592E-09           *
#                                                               *
#*************   chi**2/iteration =  247.6       ****************


#********** Integration by Vegas (iteration       6) ************
#                                                               *
#  integral  = 0.34051679E-05   accum. integral = 0.34019105E-05*
#  std. dev. = 0.22643172E-08   accum. std. dev = 0.16855315E-08*
#   min/max. wt. =    0.00000            0.167471E-09           *
#                                                               *
#*************   chi**2/iteration =  189.7       ****************


#********** Integration by Vegas (iteration       7) ************
#                                                               *
#  integral  = 0.34067034E-05   accum. integral = 0.34041551E-05*
#  std. dev. = 0.20120795E-08   accum. std. dev = 0.12512398E-08*
#   min/max. wt. =    0.00000            0.203672E-09           *
#                                                               *
#*************   chi**2/iteration =  153.2       ****************


#********** Integration by Vegas (iteration       8) ************
#                                                               *
#  integral  = 0.34045983E-05   accum. integral = 0.34043022E-05*
#  std. dev. = 0.19515460E-08   accum. std. dev = 0.10358921E-08*
#   min/max. wt. =    0.00000            0.107289E-09           *
#                                                               *
#*************   chi**2/iteration =  127.9       ****************


#********** Integration by Vegas (iteration       9) ************
#                                                               *
#  integral  = 0.34067685E-05   accum. integral = 0.34049270E-05*
#  std. dev. = 0.19320916E-08   accum. std. dev = 0.90404258E-09*
#   min/max. wt. =    0.00000            0.135390E-09           *
#                                                               *
#*************   chi**2/iteration =  109.9       ****************


#********** Integration by Vegas (iteration      10) ************
#                                                               *
#  integral  = 0.34107641E-05   accum. integral = 0.34061420E-05*
#  std. dev. = 0.18988306E-08   accum. std. dev = 0.81086607E-09*
#   min/max. wt. =    0.00000            0.758506E-10           *
#                                                               *
#*************   chi**2/iteration =  97.14       ****************


#********** Integration by Vegas (iteration      11) ************
#                                                               *
#  integral  = 0.34052487E-05   accum. integral = 0.34059942E-05*
#  std. dev. = 0.19426909E-08   accum. std. dev = 0.74539033E-09*
#   min/max. wt. =    0.00000            0.120411E-09           *
#                                                               *
#*************   chi**2/iteration =  86.36       ****************


#********** Integration by Vegas (iteration      12) ************
#                                                               *
#  integral  = 0.34057149E-05   accum. integral = 0.34059529E-05*
#  std. dev. = 0.18962065E-08   accum. std. dev = 0.69157648E-09*
#   min/max. wt. =    0.00000            0.108398E-09           *
#                                                               *
#*************   chi**2/iteration =  77.71       ****************


#********** Integration by Vegas (iteration      13) ************
#                                                               *
#  integral  = 0.34075378E-05   accum. integral = 0.34061465E-05*
#  std. dev. = 0.19563426E-08   accum. std. dev = 0.65078280E-09*
#   min/max. wt. =    0.00000            0.142464E-09           *
#                                                               *
#*************   chi**2/iteration =  70.67       ****************


#********** Integration by Vegas (iteration      14) ************
#                                                               *
#  integral  = 0.34040770E-05   accum. integral = 0.34059128E-05*
#  std. dev. = 0.19143126E-08   accum. std. dev = 0.61515240E-09*
#   min/max. wt. =    0.00000            0.828426E-10           *
#                                                               *
#*************   chi**2/iteration =  64.85       ****************


#********** Integration by Vegas (iteration      15) ************
#                                                               *
#  integral  = 0.34064510E-05   accum. integral = 0.34059667E-05*
#  std. dev. = 0.19287160E-08   accum. std. dev = 0.58535388E-09*
#   min/max. wt. =    0.00000            0.969312E-10           *
#                                                               *
#*************   chi**2/iteration =  59.84       ****************

 ****************************************************
 * Writing out vegas grid to ./data/output.grid                                                      
 ****************************************************

  Input parameters for vegas:  ndim=  9   ncall= 99999999.
                              it=    0    itmx=    2
                              acc=-1.00    
                              mds=  0     nd=  50
                              (xl,xu)= (  0.00000     ,  1.00000     )
                                       (  0.00000     ,  1.00000     )
                                       (  0.00000     ,  1.00000     )
                                       (  0.00000     ,  1.00000     )
                                       (  0.00000     ,  1.00000     )
                                       (  0.00000     ,  1.00000     )
                                       (  0.00000     ,  1.00000     )
                                       (  0.00000     ,  1.00000     )
                                       (  0.00000     ,  1.00000     )

#********** Integration by Vegas (iteration       1) ************
#                                                               *
#  integral  = 0.34007595E-05   accum. integral = 0.34007595E-05*
#  std. dev. = 0.19397040E-08   accum. std. dev = 0.19397040E-08*
#   min/max. wt. =    0.00000            0.921633E-10           *
#                                                               *
#*************   chi**2/iteration =  0.000       ****************


#********** Integration by Vegas (iteration       2) ************
#                                                               *
#  integral  = 0.34074416E-05   accum. integral = 0.34040889E-05*
#  std. dev. = 0.19503267E-08   accum. std. dev = 0.13753255E-08*
#   min/max. wt. =    0.00000            0.809475E-10           *
#                                                               *
#*************   chi**2/iteration =  5.895       ****************

 Done
