SLURM job running in:  /work-zfs/lhc/heshy/JHUGen/xsecs/JHUGen/JHUGenerator
LHAPDF 6.1.5 loading /work-zfs/lhc/cms/slc6_amd64_gcc493/external/lhapdf/6.1.5-kpegke3/share/LHAPDF/NNPDF30_lo_as_0130/NNPDF30_lo_as_0130_0000.dat
NNPDF30_lo_as_0130 PDF set, member #0, version 2; LHAPDF ID = 263000
 extending no. of histograms for vbf tests
 
  
  ***************************************************************************************
  *                                JHU Generator v7.0.2                                 *
  ***************************************************************************************
  *                                                                                     *
  *   Spin and parity determination of single-produced resonances at hadron colliders   *
  *                                                                                     *
  *          I. Anderson, S. Bolognesi, F. Caola, Y. Gao, A. Gritsan, Z. Guo,           *
  *        C. Martin, K. Melnikov, R. Rontsch, H. Roskes, U. Sarica, M. Schulze,        *
  *                   N. Tran, A. Whitbeck, M. Xiao, C. You, Y. Zhou                    *
  *              Phys.Rev. D81 (2010) 075022;  arXiv:1001.3396  [hep-ph],               *
  *              Phys.Rev. D86 (2012) 095031;  arXiv:1208.4018  [hep-ph],               *
  *              Phys.Rev. D89 (2014) 035007;  arXiv:1309.4819  [hep-ph],               *
  *              Phys.Rev. D94 (2016) 055023;  arXiv:1606.03107 [hep-ph].               *
  *                                                                                     *
  ***************************************************************************************
  
   
   Command line: ./JHUGen Unweighted=0 VegasNc0=99999999 VegasNc1=99999999 VegasNc2=99999999 LHAPDF=NNPDF30_lo_as_0130/NNPDF30_lo_as_0130.info MReso=120 Process=60 deltaRcut=0 etajetcut=4.7 etalepcut=2.5 ghz1=0,0 ghzgs1_prime2=1,0 pTjetcut=25 pTlepcut=5
   
   Input Parameter:
    Collider: P-P, sqrt(s)=13000.00
    Resonance: spin=0, mass= 120.00 width=   0.00407
    Z-boson: mass=91.188, width=2.4952
    W-boson: mass=80.399, width=2.0850
    Jet cuts:
            pT >=    25.00 GeV
         |eta| <=     4.70
        DeltaR >=     0.00
           mJJ >=     0.00 GeV
    Random seed:   337494401
    To reproduce results using this seed, JHUGen should be compiled with the same compiler:
      GNU Fortran (GCC) 4.8.2
    
    WidthScheme:   2
    LHAPDF set NNPDF30_lo_as_0130/NNPDF30_lo_as_0130.info, member=  0
    Unweighted: F
    Intermediate off-shell photons: T
    
    spin-0-VV couplings: 
      generate_as=F
      ghg2=  0.10000000E+01  0.00000000E+00i
      ghzgs1_prime2=  0.00000000E+00  0.00000000E+00i,  Lambda_zgs1=  1.0000E+04
      Lambda=  1000.0
    
    LHE output: ./data/output.lhe
    Histogram output: ./data/output.dat
    Log file: ./data/output.log
    
  Running

  Input parameters for vegas:  ndim=  9   ncall= 99999999.
                              it=    0    itmx=   15
                              acc=-1.00    
                              mds=  0     nd=  50
                              (xl,xu)= (  0.00000     ,  1.00000     )
                                       (  0.00000     ,  1.00000     )
                                       (  0.00000     ,  1.00000     )
                                       (  0.00000     ,  1.00000     )
                                       (  0.00000     ,  1.00000     )
                                       (  0.00000     ,  1.00000     )
                                       (  0.00000     ,  1.00000     )
                                       (  0.00000     ,  1.00000     )
                                       (  0.00000     ,  1.00000     )

#********** Integration by Vegas (iteration       1) ************
#                                                               *
#  integral  = 0.43683238E-04   accum. integral = 0.43683238E-04*
#  std. dev. = 0.85215981E-05   accum. std. dev = 0.85215981E-05*
#   min/max. wt. =    0.00000            0.591481E-05           *
#                                                               *
#*************   chi**2/iteration =  0.000       ****************


#********** Integration by Vegas (iteration       2) ************
#                                                               *
#  integral  = 0.56567067E-04   accum. integral = 0.50104528E-04*
#  std. dev. = 0.11070324E-04   accum. std. dev = 0.69822962E-05*
#   min/max. wt. =    0.00000            0.930849E-05           *
#                                                               *
#*************   chi**2/iteration = 0.8503       ****************


#********** Integration by Vegas (iteration       3) ************
#                                                               *
#  integral  = 0.44445207E-04   accum. integral = 0.44473614E-04*
#  std. dev. = 0.43614854E-06   accum. std. dev = 0.47563970E-06*
#   min/max. wt. =    0.00000            0.119466E-06           *
#                                                               *
#*************   chi**2/iteration = 0.8135       ****************


#********** Integration by Vegas (iteration       4) ************
#                                                               *
#  integral  = 0.45156382E-04   accum. integral = 0.45116032E-04*
#  std. dev. = 0.11077594E-06   accum. std. dev = 0.11363877E-06*
#   min/max. wt. =    0.00000            0.526325E-07           *
#                                                               *
#*************   chi**2/iteration =  1.230       ****************


#********** Integration by Vegas (iteration       5) ************
#                                                               *
#  integral  = 0.45428287E-04   accum. integral = 0.45373242E-04*
#  std. dev. = 0.50007802E-07   accum. std. dev = 0.47256174E-07*
#   min/max. wt. =    0.00000            0.358369E-08           *
#                                                               *
#*************   chi**2/iteration =  2.525       ****************


#********** Integration by Vegas (iteration       6) ************
#                                                               *
#  integral  = 0.45349743E-04   accum. integral = 0.45358350E-04*
#  std. dev. = 0.34444454E-07   accum. std. dev = 0.28406242E-07*
#   min/max. wt. =    0.00000            0.346150E-08           *
#                                                               *
#*************   chi**2/iteration =  2.080       ****************


#********** Integration by Vegas (iteration       7) ************
#                                                               *
#  integral  = 0.45336219E-04   accum. integral = 0.45348406E-04*
#  std. dev. = 0.30346359E-07   accum. std. dev = 0.20975665E-07*
#   min/max. wt. =    0.00000            0.152097E-08           *
#                                                               *
#*************   chi**2/iteration =  1.796       ****************


#********** Integration by Vegas (iteration       8) ************
#                                                               *
#  integral  = 0.45385356E-04   accum. integral = 0.45360709E-04*
#  std. dev. = 0.28822852E-07   accum. std. dev = 0.17069656E-07*
#   min/max. wt. =    0.00000            0.121025E-08           *
#                                                               *
#*************   chi**2/iteration =  1.699       ****************


#********** Integration by Vegas (iteration       9) ************
#                                                               *
#  integral  = 0.45342116E-04   accum. integral = 0.45355904E-04*
#  std. dev. = 0.28145415E-07   accum. std. dev = 0.14656374E-07*
#   min/max. wt. =    0.00000            0.107123E-08           *
#                                                               *
#*************   chi**2/iteration =  1.534       ****************


#********** Integration by Vegas (iteration      10) ************
#                                                               *
#  integral  = 0.45345955E-04   accum. integral = 0.45353838E-04*
#  std. dev. = 0.27954470E-07   accum. std. dev = 0.13015881E-07*
#   min/max. wt. =    0.00000            0.125224E-08           *
#                                                               *
#*************   chi**2/iteration =  1.381       ****************


#********** Integration by Vegas (iteration      11) ************
#                                                               *
#  integral  = 0.45358428E-04   accum. integral = 0.45354623E-04*
#  std. dev. = 0.28051742E-07   accum. std. dev = 0.11828224E-07*
#   min/max. wt. =    0.00000            0.123544E-08           *
#                                                               *
#*************   chi**2/iteration =  1.250       ****************


#********** Integration by Vegas (iteration      12) ************
#                                                               *
#  integral  = 0.45385406E-04   accum. integral = 0.45359088E-04*
#  std. dev. = 0.28180226E-07   accum. std. dev = 0.10919901E-07*
#   min/max. wt. =    0.00000            0.193103E-08           *
#                                                               *
#*************   chi**2/iteration =  1.229       ****************


#********** Integration by Vegas (iteration      13) ************
#                                                               *
#  integral  = 0.45396759E-04   accum. integral = 0.45363806E-04*
#  std. dev. = 0.28372866E-07   accum. std. dev = 0.10200093E-07*
#   min/max. wt. =    0.00000            0.121047E-08           *
#                                                               *
#*************   chi**2/iteration =  1.254       ****************


#********** Integration by Vegas (iteration      14) ************
#                                                               *
#  integral  = 0.45386046E-04   accum. integral = 0.45366262E-04*
#  std. dev. = 0.28489398E-07   accum. std. dev = 0.96095438E-08*
#   min/max. wt. =    0.00000            0.931258E-09           *
#                                                               *
#*************   chi**2/iteration =  1.201       ****************


#********** Integration by Vegas (iteration      15) ************
#                                                               *
#  integral  = 0.45319617E-04   accum. integral = 0.45361726E-04*
#  std. dev. = 0.28805048E-07   accum. std. dev = 0.91205822E-08*
#   min/max. wt. =    0.00000            0.133581E-08           *
#                                                               *
#*************   chi**2/iteration =  1.281       ****************

 ****************************************************
 * Writing out vegas grid to ./data/output.grid                                                      
 ****************************************************

  Input parameters for vegas:  ndim=  9   ncall= 99999999.
                              it=    0    itmx=    2
                              acc=-1.00    
                              mds=  0     nd=  50
                              (xl,xu)= (  0.00000     ,  1.00000     )
                                       (  0.00000     ,  1.00000     )
                                       (  0.00000     ,  1.00000     )
                                       (  0.00000     ,  1.00000     )
                                       (  0.00000     ,  1.00000     )
                                       (  0.00000     ,  1.00000     )
                                       (  0.00000     ,  1.00000     )
                                       (  0.00000     ,  1.00000     )
                                       (  0.00000     ,  1.00000     )

#********** Integration by Vegas (iteration       1) ************
#                                                               *
#  integral  = 0.45337769E-04   accum. integral = 0.45337769E-04*
#  std. dev. = 0.28887775E-07   accum. std. dev = 0.28887775E-07*
#   min/max. wt. =    0.00000            0.124216E-08           *
#                                                               *
#*************   chi**2/iteration =  0.000       ****************


#********** Integration by Vegas (iteration       2) ************
#                                                               *
#  integral  = 0.45389824E-04   accum. integral = 0.45363953E-04*
#  std. dev. = 0.28747841E-07   accum. std. dev = 0.20377031E-07*
#   min/max. wt. =    0.00000            0.112010E-08           *
#                                                               *
#*************   chi**2/iteration =  1.630       ****************

 Done
