SLURM job running in:  /work-zfs/lhc/heshy/JHUGen/xsecs/JHUGen/JHUGenerator
LHAPDF 6.1.5 loading /work-zfs/lhc/cms/slc6_amd64_gcc493/external/lhapdf/6.1.5-kpegke3/share/LHAPDF/NNPDF30_lo_as_0130/NNPDF30_lo_as_0130_0000.dat
NNPDF30_lo_as_0130 PDF set, member #0, version 2; LHAPDF ID = 263000
 extending no. of histograms for vbf tests
 
  
  ***************************************************************************************
  *                                JHU Generator v7.0.2                                 *
  ***************************************************************************************
  *                                                                                     *
  *   Spin and parity determination of single-produced resonances at hadron colliders   *
  *                                                                                     *
  *          I. Anderson, S. Bolognesi, F. Caola, Y. Gao, A. Gritsan, Z. Guo,           *
  *        C. Martin, K. Melnikov, R. Rontsch, H. Roskes, U. Sarica, M. Schulze,        *
  *                   N. Tran, A. Whitbeck, M. Xiao, C. You, Y. Zhou                    *
  *              Phys.Rev. D81 (2010) 075022;  arXiv:1001.3396  [hep-ph],               *
  *              Phys.Rev. D86 (2012) 095031;  arXiv:1208.4018  [hep-ph],               *
  *              Phys.Rev. D89 (2014) 035007;  arXiv:1309.4819  [hep-ph],               *
  *              Phys.Rev. D94 (2016) 055023;  arXiv:1606.03107 [hep-ph].               *
  *                                                                                     *
  ***************************************************************************************
  
   
   Command line: ./JHUGen Unweighted=0 VegasNc0=99999999 VegasNc1=99999999 VegasNc2=99999999 LHAPDF=NNPDF30_lo_as_0130/NNPDF30_lo_as_0130.info MReso=1400 Process=60 deltaRcut=0 etajetcut=4.7 etalepcut=2.5 ghz1=0,0 ghzgs1_prime2=1,0 pTjetcut=25 pTlepcut=5
   
   Input Parameter:
    Collider: P-P, sqrt(s)=13000.00
    Resonance: spin=0, mass=1400.00 width=   0.00407
    Z-boson: mass=91.188, width=2.4952
    W-boson: mass=80.399, width=2.0850
    Jet cuts:
            pT >=    25.00 GeV
         |eta| <=     4.70
        DeltaR >=     0.00
           mJJ >=     0.00 GeV
    Random seed:   343309327
    To reproduce results using this seed, JHUGen should be compiled with the same compiler:
      GNU Fortran (GCC) 4.8.2
    
    WidthScheme:   2
    LHAPDF set NNPDF30_lo_as_0130/NNPDF30_lo_as_0130.info, member=  0
    Unweighted: F
    Intermediate off-shell photons: T
    
    spin-0-VV couplings: 
      generate_as=F
      ghg2=  0.10000000E+01  0.00000000E+00i
      ghzgs1_prime2=  0.00000000E+00  0.00000000E+00i,  Lambda_zgs1=  1.0000E+04
      Lambda=  1000.0
    
    LHE output: ./data/output.lhe
    Histogram output: ./data/output.dat
    Log file: ./data/output.log
    
  Running

  Input parameters for vegas:  ndim=  9   ncall= 99999999.
                              it=    0    itmx=   15
                              acc=-1.00    
                              mds=  0     nd=  50
                              (xl,xu)= (  0.00000     ,  1.00000     )
                                       (  0.00000     ,  1.00000     )
                                       (  0.00000     ,  1.00000     )
                                       (  0.00000     ,  1.00000     )
                                       (  0.00000     ,  1.00000     )
                                       (  0.00000     ,  1.00000     )
                                       (  0.00000     ,  1.00000     )
                                       (  0.00000     ,  1.00000     )
                                       (  0.00000     ,  1.00000     )

#********** Integration by Vegas (iteration       1) ************
#                                                               *
#  integral  = 0.11646058E-05   accum. integral = 0.11646058E-05*
#  std. dev. = 0.40657315E-07   accum. std. dev = 0.40657315E-07*
#   min/max. wt. =    0.00000            0.332609E-07           *
#                                                               *
#*************   chi**2/iteration =  0.000       ****************


#********** Integration by Vegas (iteration       2) ************
#                                                               *
#  integral  = 0.16451032E-05   accum. integral = 0.12406244E-05*
#  std. dev. = 0.13247705E-06   accum. std. dev = 0.45651275E-07*
#   min/max. wt. =    0.00000            0.832673E-07           *
#                                                               *
#*************   chi**2/iteration =  14.74       ****************


#********** Integration by Vegas (iteration       3) ************
#                                                               *
#  integral  = 0.19654320E-05   accum. integral = 0.17706534E-05*
#  std. dev. = 0.38162859E-07   accum. std. dev = 0.26988367E-07*
#   min/max. wt. =    0.00000            0.208737E-07           *
#                                                               *
#*************   chi**2/iteration =  76.50       ****************


#********** Integration by Vegas (iteration       4) ************
#                                                               *
#  integral  = 0.21408119E-05   accum. integral = 0.21232717E-05*
#  std. dev. = 0.79280074E-08   accum. std. dev = 0.63917487E-08*
#   min/max. wt. =    0.00000            0.358575E-08           *
#                                                               *
#*************   chi**2/iteration =  93.54       ****************


#********** Integration by Vegas (iteration       5) ************
#                                                               *
#  integral  = 0.21266005E-05   accum. integral = 0.21263695E-05*
#  std. dev. = 0.20993091E-08   accum. std. dev = 0.17575391E-08*
#   min/max. wt. =    0.00000            0.292463E-09           *
#                                                               *
#*************   chi**2/iteration =  64.47       ****************


#********** Integration by Vegas (iteration       6) ************
#                                                               *
#  integral  = 0.21316857E-05   accum. integral = 0.21299528E-05*
#  std. dev. = 0.14116763E-08   accum. std. dev = 0.10309916E-08*
#   min/max. wt. =    0.00000            0.981775E-10           *
#                                                               *
#*************   chi**2/iteration =  50.03       ****************


#********** Integration by Vegas (iteration       7) ************
#                                                               *
#  integral  = 0.21290295E-05   accum. integral = 0.21295244E-05*
#  std. dev. = 0.12442780E-08   accum. std. dev = 0.76877731E-09*
#   min/max. wt. =    0.00000            0.585694E-10           *
#                                                               *
#*************   chi**2/iteration =  40.25       ****************


#********** Integration by Vegas (iteration       8) ************
#                                                               *
#  integral  = 0.21289940E-05   accum. integral = 0.21293476E-05*
#  std. dev. = 0.11984718E-08   accum. std. dev = 0.63608138E-09*
#   min/max. wt. =    0.00000            0.360972E-10           *
#                                                               *
#*************   chi**2/iteration =  33.62       ****************


#********** Integration by Vegas (iteration       9) ************
#                                                               *
#  integral  = 0.21314776E-05   accum. integral = 0.21298817E-05*
#  std. dev. = 0.11975039E-08   accum. std. dev = 0.55625130E-09*
#   min/max. wt. =    0.00000            0.511568E-10           *
#                                                               *
#*************   chi**2/iteration =  29.17       ****************


#********** Integration by Vegas (iteration      10) ************
#                                                               *
#  integral  = 0.21308499E-05   accum. integral = 0.21300686E-05*
#  std. dev. = 0.12257612E-08   accum. std. dev = 0.50371037E-09*
#   min/max. wt. =    0.00000            0.662896E-10           *
#                                                               *
#*************   chi**2/iteration =  25.58       ****************


#********** Integration by Vegas (iteration      11) ************
#                                                               *
#  integral  = 0.21292439E-05   accum. integral = 0.21299313E-05*
#  std. dev. = 0.12040464E-08   accum. std. dev = 0.46281586E-09*
#   min/max. wt. =    0.00000            0.606345E-10           *
#                                                               *
#*************   chi**2/iteration =  22.77       ****************


#********** Integration by Vegas (iteration      12) ************
#                                                               *
#  integral  = 0.21306527E-05   accum. integral = 0.21300338E-05*
#  std. dev. = 0.12079179E-08   accum. std. dev = 0.43095828E-09*
#   min/max. wt. =    0.00000            0.389395E-10           *
#                                                               *
#*************   chi**2/iteration =  20.52       ****************


#********** Integration by Vegas (iteration      13) ************
#                                                               *
#  integral  = 0.21290063E-05   accum. integral = 0.21299060E-05*
#  std. dev. = 0.12068989E-08   accum. std. dev = 0.40502827E-09*
#   min/max. wt. =    0.00000            0.692336E-10           *
#                                                               *
#*************   chi**2/iteration =  18.70       ****************


#********** Integration by Vegas (iteration      14) ************
#                                                               *
#  integral  = 0.21315182E-05   accum. integral = 0.21300810E-05*
#  std. dev. = 0.12214748E-08   accum. std. dev = 0.38387878E-09*
#   min/max. wt. =    0.00000            0.115126E-09           *
#                                                               *
#*************   chi**2/iteration =  17.26       ****************


#********** Integration by Vegas (iteration      15) ************
#                                                               *
#  integral  = 0.21311893E-05   accum. integral = 0.21301922E-05*
#  std. dev. = 0.12049840E-08   accum. std. dev = 0.36531025E-09*
#   min/max. wt. =    0.00000            0.471802E-10           *
#                                                               *
#*************   chi**2/iteration =  15.98       ****************

 ****************************************************
 * Writing out vegas grid to ./data/output.grid                                                      
 ****************************************************

  Input parameters for vegas:  ndim=  9   ncall= 99999999.
                              it=    0    itmx=    2
                              acc=-1.00    
                              mds=  0     nd=  50
                              (xl,xu)= (  0.00000     ,  1.00000     )
                                       (  0.00000     ,  1.00000     )
                                       (  0.00000     ,  1.00000     )
                                       (  0.00000     ,  1.00000     )
                                       (  0.00000     ,  1.00000     )
                                       (  0.00000     ,  1.00000     )
                                       (  0.00000     ,  1.00000     )
                                       (  0.00000     ,  1.00000     )
                                       (  0.00000     ,  1.00000     )

#********** Integration by Vegas (iteration       1) ************
#                                                               *
#  integral  = 0.21284454E-05   accum. integral = 0.21284454E-05*
#  std. dev. = 0.12002026E-08   accum. std. dev = 0.12002026E-08*
#   min/max. wt. =    0.00000            0.413261E-10           *
#                                                               *
#*************   chi**2/iteration =  0.000       ****************


#********** Integration by Vegas (iteration       2) ************
#                                                               *
#  integral  = 0.21297249E-05   accum. integral = 0.21290759E-05*
#  std. dev. = 0.12185696E-08   accum. std. dev = 0.85509506E-09*
#   min/max. wt. =    0.00000            0.663442E-10           *
#                                                               *
#*************   chi**2/iteration = 0.5591       ****************

 Done
