SLURM job running in:  /work-zfs/lhc/heshy/JHUGen/xsecs/JHUGen/JHUGenerator
LHAPDF 6.1.5 loading /work-zfs/lhc/cms/slc6_amd64_gcc493/external/lhapdf/6.1.5-kpegke3/share/LHAPDF/NNPDF30_lo_as_0130/NNPDF30_lo_as_0130_0000.dat
NNPDF30_lo_as_0130 PDF set, member #0, version 2; LHAPDF ID = 263000
 extending no. of histograms for vbf tests
 
  
  ***************************************************************************************
  *                                JHU Generator v7.0.2                                 *
  ***************************************************************************************
  *                                                                                     *
  *   Spin and parity determination of single-produced resonances at hadron colliders   *
  *                                                                                     *
  *          I. Anderson, S. Bolognesi, F. Caola, Y. Gao, A. Gritsan, Z. Guo,           *
  *        C. Martin, K. Melnikov, R. Rontsch, H. Roskes, U. Sarica, M. Schulze,        *
  *                   N. Tran, A. Whitbeck, M. Xiao, C. You, Y. Zhou                    *
  *              Phys.Rev. D81 (2010) 075022;  arXiv:1001.3396  [hep-ph],               *
  *              Phys.Rev. D86 (2012) 095031;  arXiv:1208.4018  [hep-ph],               *
  *              Phys.Rev. D89 (2014) 035007;  arXiv:1309.4819  [hep-ph],               *
  *              Phys.Rev. D94 (2016) 055023;  arXiv:1606.03107 [hep-ph].               *
  *                                                                                     *
  ***************************************************************************************
  
   
   Command line: ./JHUGen Unweighted=0 VegasNc0=99999999 VegasNc1=99999999 VegasNc2=99999999 LHAPDF=NNPDF30_lo_as_0130/NNPDF30_lo_as_0130.info MReso=1650 Process=60 deltaRcut=0 etajetcut=4.7 etalepcut=2.5 ghz1=0,0 ghzgs1_prime2=1,0 pTjetcut=25 pTlepcut=5
   
   Input Parameter:
    Collider: P-P, sqrt(s)=13000.00
    Resonance: spin=0, mass=1650.00 width=   0.00407
    Z-boson: mass=91.188, width=2.4952
    W-boson: mass=80.399, width=2.0850
    Jet cuts:
            pT >=    25.00 GeV
         |eta| <=     4.70
        DeltaR >=     0.00
           mJJ >=     0.00 GeV
    Random seed:    39602212
    To reproduce results using this seed, JHUGen should be compiled with the same compiler:
      GNU Fortran (GCC) 4.8.2
    
    WidthScheme:   2
    LHAPDF set NNPDF30_lo_as_0130/NNPDF30_lo_as_0130.info, member=  0
    Unweighted: F
    Intermediate off-shell photons: T
    
    spin-0-VV couplings: 
      generate_as=F
      ghg2=  0.10000000E+01  0.00000000E+00i
      ghzgs1_prime2=  0.00000000E+00  0.00000000E+00i,  Lambda_zgs1=  1.0000E+04
      Lambda=  1000.0
    
    LHE output: ./data/output.lhe
    Histogram output: ./data/output.dat
    Log file: ./data/output.log
    
  Running

  Input parameters for vegas:  ndim=  9   ncall= 99999999.
                              it=    0    itmx=   15
                              acc=-1.00    
                              mds=  0     nd=  50
                              (xl,xu)= (  0.00000     ,  1.00000     )
                                       (  0.00000     ,  1.00000     )
                                       (  0.00000     ,  1.00000     )
                                       (  0.00000     ,  1.00000     )
                                       (  0.00000     ,  1.00000     )
                                       (  0.00000     ,  1.00000     )
                                       (  0.00000     ,  1.00000     )
                                       (  0.00000     ,  1.00000     )
                                       (  0.00000     ,  1.00000     )

#********** Integration by Vegas (iteration       1) ************
#                                                               *
#  integral  = 0.66223451E-06   accum. integral = 0.66223451E-06*
#  std. dev. = 0.99063126E-08   accum. std. dev = 0.99063126E-08*
#   min/max. wt. =    0.00000            0.396160E-08           *
#                                                               *
#*************   chi**2/iteration =  0.000       ****************


#********** Integration by Vegas (iteration       2) ************
#                                                               *
#  integral  = 0.89486739E-06   accum. integral = 0.67973112E-06*
#  std. dev. = 0.46939529E-07   accum. std. dev = 0.11324059E-07*
#   min/max. wt. =    0.00000            0.290048E-07           *
#                                                               *
#*************   chi**2/iteration =  29.32       ****************


#********** Integration by Vegas (iteration       3) ************
#                                                               *
#  integral  = 0.15987718E-05   accum. integral = 0.68437548E-06*
#  std. dev. = 0.32270981E-06   accum. std. dev = 0.16139507E-07*
#   min/max. wt. =    0.00000            0.318983E-06           *
#                                                               *
#*************   chi**2/iteration =  15.33       ****************


#********** Integration by Vegas (iteration       4) ************
#                                                               *
#  integral  = 0.12853415E-05   accum. integral = 0.11279233E-05*
#  std. dev. = 0.10987455E-07   accum. std. dev = 0.85702429E-08*
#   min/max. wt. =    0.00000            0.367520E-08           *
#                                                               *
#*************   chi**2/iteration =  326.3       ****************


#********** Integration by Vegas (iteration       5) ************
#                                                               *
#  integral  = 0.12943022E-05   accum. integral = 0.12873783E-05*
#  std. dev. = 0.19806788E-08   accum. std. dev = 0.17880793E-08*
#   min/max. wt. =    0.00000            0.461107E-09           *
#                                                               *
#*************   chi**2/iteration =  320.3       ****************


#********** Integration by Vegas (iteration       6) ************
#                                                               *
#  integral  = 0.12929006E-05   accum. integral = 0.12918160E-05*
#  std. dev. = 0.95755170E-09   accum. std. dev = 0.80379099E-09*
#   min/max. wt. =    0.00000            0.710982E-10           *
#                                                               *
#*************   chi**2/iteration =  250.5       ****************


#********** Integration by Vegas (iteration       7) ************
#                                                               *
#  integral  = 0.12944680E-05   accum. integral = 0.12932880E-05*
#  std. dev. = 0.76946562E-09   accum. std. dev = 0.54161637E-09*
#   min/max. wt. =    0.00000            0.295800E-10           *
#                                                               *
#*************   chi**2/iteration =  205.6       ****************


#********** Integration by Vegas (iteration       8) ************
#                                                               *
#  integral  = 0.12961203E-05   accum. integral = 0.12943718E-05*
#  std. dev. = 0.72906779E-09   accum. std. dev = 0.42881620E-09*
#   min/max. wt. =    0.00000            0.508463E-10           *
#                                                               *
#*************   chi**2/iteration =  175.0       ****************


#********** Integration by Vegas (iteration       9) ************
#                                                               *
#  integral  = 0.12941164E-05   accum. integral = 0.12942977E-05*
#  std. dev. = 0.70419110E-09   accum. std. dev = 0.36332408E-09*
#   min/max. wt. =    0.00000            0.311943E-10           *
#                                                               *
#*************   chi**2/iteration =  151.4       ****************


#********** Integration by Vegas (iteration      10) ************
#                                                               *
#  integral  = 0.12960001E-05   accum. integral = 0.12946725E-05*
#  std. dev. = 0.71496436E-09   accum. std. dev = 0.32233491E-09*
#   min/max. wt. =    0.00000            0.330459E-10           *
#                                                               *
#*************   chi**2/iteration =  133.9       ****************


#********** Integration by Vegas (iteration      11) ************
#                                                               *
#  integral  = 0.12955852E-05   accum. integral = 0.12948403E-05*
#  std. dev. = 0.70667954E-09   accum. std. dev = 0.29229501E-09*
#   min/max. wt. =    0.00000            0.220150E-10           *
#                                                               *
#*************   chi**2/iteration =  119.7       ****************


#********** Integration by Vegas (iteration      12) ************
#                                                               *
#  integral  = 0.12950913E-05   accum. integral = 0.12948792E-05*
#  std. dev. = 0.70755336E-09   accum. std. dev = 0.26953490E-09*
#   min/max. wt. =    0.00000            0.474531E-10           *
#                                                               *
#*************   chi**2/iteration =  108.2       ****************


#********** Integration by Vegas (iteration      13) ************
#                                                               *
#  integral  = 0.12949342E-05   accum. integral = 0.12948866E-05*
#  std. dev. = 0.70556088E-09   accum. std. dev = 0.25136630E-09*
#   min/max. wt. =    0.00000            0.370685E-10           *
#                                                               *
#*************   chi**2/iteration =  98.68       ****************


#********** Integration by Vegas (iteration      14) ************
#                                                               *
#  integral  = 0.12940157E-05   accum. integral = 0.12947843E-05*
#  std. dev. = 0.70949496E-09   accum. std. dev = 0.23665254E-09*
#   min/max. wt. =    0.00000            0.273069E-10           *
#                                                               *
#*************   chi**2/iteration =  90.81       ****************


#********** Integration by Vegas (iteration      15) ************
#                                                               *
#  integral  = 0.12948357E-05   accum. integral = 0.12947896E-05*
#  std. dev. = 0.71842210E-09   accum. std. dev = 0.22457355E-09*
#   min/max. wt. =    0.00000            0.556785E-10           *
#                                                               *
#*************   chi**2/iteration =  84.01       ****************

 ****************************************************
 * Writing out vegas grid to ./data/output.grid                                                      
 ****************************************************

  Input parameters for vegas:  ndim=  9   ncall= 99999999.
                              it=    0    itmx=    2
                              acc=-1.00    
                              mds=  0     nd=  50
                              (xl,xu)= (  0.00000     ,  1.00000     )
                                       (  0.00000     ,  1.00000     )
                                       (  0.00000     ,  1.00000     )
                                       (  0.00000     ,  1.00000     )
                                       (  0.00000     ,  1.00000     )
                                       (  0.00000     ,  1.00000     )
                                       (  0.00000     ,  1.00000     )
                                       (  0.00000     ,  1.00000     )
                                       (  0.00000     ,  1.00000     )

#********** Integration by Vegas (iteration       1) ************
#                                                               *
#  integral  = 0.12929454E-05   accum. integral = 0.12929454E-05*
#  std. dev. = 0.73574127E-09   accum. std. dev = 0.73574127E-09*
#   min/max. wt. =    0.00000            0.257971E-10           *
#                                                               *
#*************   chi**2/iteration = 0.3731E-06   ****************


#********** Integration by Vegas (iteration       2) ************
#                                                               *
#  integral  = 0.12947303E-05   accum. integral = 0.12938491E-05*
#  std. dev. = 0.72750725E-09   accum. std. dev = 0.51730789E-09*
#   min/max. wt. =    0.00000            0.339426E-10           *
#                                                               *
#*************   chi**2/iteration =  2.973       ****************

 Done
