SLURM job running in:  /work-zfs/lhc/heshy/JHUGen/xsecs/JHUGen/JHUGenerator
LHAPDF 6.1.5 loading /work-zfs/lhc/cms/slc6_amd64_gcc493/external/lhapdf/6.1.5-kpegke3/share/LHAPDF/NNPDF30_lo_as_0130/NNPDF30_lo_as_0130_0000.dat
NNPDF30_lo_as_0130 PDF set, member #0, version 2; LHAPDF ID = 263000
 extending no. of histograms for vbf tests
 
  
  ***************************************************************************************
  *                                JHU Generator v7.0.2                                 *
  ***************************************************************************************
  *                                                                                     *
  *   Spin and parity determination of single-produced resonances at hadron colliders   *
  *                                                                                     *
  *          I. Anderson, S. Bolognesi, F. Caola, Y. Gao, A. Gritsan, Z. Guo,           *
  *        C. Martin, K. Melnikov, R. Rontsch, H. Roskes, U. Sarica, M. Schulze,        *
  *                   N. Tran, A. Whitbeck, M. Xiao, C. You, Y. Zhou                    *
  *              Phys.Rev. D81 (2010) 075022;  arXiv:1001.3396  [hep-ph],               *
  *              Phys.Rev. D86 (2012) 095031;  arXiv:1208.4018  [hep-ph],               *
  *              Phys.Rev. D89 (2014) 035007;  arXiv:1309.4819  [hep-ph],               *
  *              Phys.Rev. D94 (2016) 055023;  arXiv:1606.03107 [hep-ph].               *
  *                                                                                     *
  ***************************************************************************************
  
   
   Command line: ./JHUGen Unweighted=0 VegasNc0=99999999 VegasNc1=99999999 VegasNc2=99999999 LHAPDF=NNPDF30_lo_as_0130/NNPDF30_lo_as_0130.info MReso=198 Process=60 deltaRcut=0 etajetcut=4.7 etalepcut=2.5 ghz1=0,0 ghzgs1_prime2=1,0 pTjetcut=25 pTlepcut=5
   
   Input Parameter:
    Collider: P-P, sqrt(s)=13000.00
    Resonance: spin=0, mass= 198.00 width=   0.00407
    Z-boson: mass=91.188, width=2.4952
    W-boson: mass=80.399, width=2.0850
    Jet cuts:
            pT >=    25.00 GeV
         |eta| <=     4.70
        DeltaR >=     0.00
           mJJ >=     0.00 GeV
    Random seed:   397897381
    To reproduce results using this seed, JHUGen should be compiled with the same compiler:
      GNU Fortran (GCC) 4.8.2
    
    WidthScheme:   2
    LHAPDF set NNPDF30_lo_as_0130/NNPDF30_lo_as_0130.info, member=  0
    Unweighted: F
    Intermediate off-shell photons: T
    
    spin-0-VV couplings: 
      generate_as=F
      ghg2=  0.10000000E+01  0.00000000E+00i
      ghzgs1_prime2=  0.00000000E+00  0.00000000E+00i,  Lambda_zgs1=  1.0000E+04
      Lambda=  1000.0
    
    LHE output: ./data/output.lhe
    Histogram output: ./data/output.dat
    Log file: ./data/output.log
    
  Running

  Input parameters for vegas:  ndim=  9   ncall= 99999999.
                              it=    0    itmx=   15
                              acc=-1.00    
                              mds=  0     nd=  50
                              (xl,xu)= (  0.00000     ,  1.00000     )
                                       (  0.00000     ,  1.00000     )
                                       (  0.00000     ,  1.00000     )
                                       (  0.00000     ,  1.00000     )
                                       (  0.00000     ,  1.00000     )
                                       (  0.00000     ,  1.00000     )
                                       (  0.00000     ,  1.00000     )
                                       (  0.00000     ,  1.00000     )
                                       (  0.00000     ,  1.00000     )

#********** Integration by Vegas (iteration       1) ************
#                                                               *
#  integral  = 0.36800524E-04   accum. integral = 0.36800524E-04*
#  std. dev. = 0.78804861E-05   accum. std. dev = 0.78804861E-05*
#   min/max. wt. =    0.00000            0.692921E-05           *
#                                                               *
#*************   chi**2/iteration =  0.000       ****************


#********** Integration by Vegas (iteration       2) ************
#                                                               *
#  integral  = 0.31055257E-04   accum. integral = 0.31227701E-04*
#  std. dev. = 0.11698221E-05   accum. std. dev = 0.12632090E-05*
#   min/max. wt. =    0.00000            0.671347E-06           *
#                                                               *
#*************   chi**2/iteration = 0.6016       ****************


#********** Integration by Vegas (iteration       3) ************
#                                                               *
#  integral  = 0.34555244E-04   accum. integral = 0.34355742E-04*
#  std. dev. = 0.32375660E-06   accum. std. dev = 0.31084467E-06*
#   min/max. wt. =    0.00000            0.161824E-06           *
#                                                               *
#*************   chi**2/iteration =  3.526       ****************


#********** Integration by Vegas (iteration       4) ************
#                                                               *
#  integral  = 0.35115235E-04   accum. integral = 0.35066215E-04*
#  std. dev. = 0.83788732E-07   accum. std. dev = 0.79493053E-07*
#   min/max. wt. =    0.00000            0.407517E-07           *
#                                                               *
#*************   chi**2/iteration =  4.157       ****************


#********** Integration by Vegas (iteration       5) ************
#                                                               *
#  integral  = 0.35039161E-04   accum. integral = 0.35043584E-04*
#  std. dev. = 0.35750298E-07   accum. std. dev = 0.32254636E-07*
#   min/max. wt. =    0.00000            0.244916E-08           *
#                                                               *
#*************   chi**2/iteration =  3.120       ****************


#********** Integration by Vegas (iteration       6) ************
#                                                               *
#  integral  = 0.35008396E-04   accum. integral = 0.35021138E-04*
#  std. dev. = 0.24613515E-07   accum. std. dev = 0.19451011E-07*
#   min/max. wt. =    0.00000            0.124062E-08           *
#                                                               *
#*************   chi**2/iteration =  2.637       ****************


#********** Integration by Vegas (iteration       7) ************
#                                                               *
#  integral  = 0.34994244E-04   accum. integral = 0.35009526E-04*
#  std. dev. = 0.22542952E-07   accum. std. dev = 0.14683976E-07*
#   min/max. wt. =    0.00000            0.107003E-08           *
#                                                               *
#*************   chi**2/iteration =  2.328       ****************


#********** Integration by Vegas (iteration       8) ************
#                                                               *
#  integral  = 0.35002714E-04   accum. integral = 0.35007387E-04*
#  std. dev. = 0.21899069E-07   accum. std. dev = 0.12175668E-07*
#   min/max. wt. =    0.00000            0.170280E-08           *
#                                                               *
#*************   chi**2/iteration =  2.001       ****************


#********** Integration by Vegas (iteration       9) ************
#                                                               *
#  integral  = 0.35045368E-04   accum. integral = 0.35016536E-04*
#  std. dev. = 0.21811122E-07   accum. std. dev = 0.10619098E-07*
#   min/max. wt. =    0.00000            0.120981E-08           *
#                                                               *
#*************   chi**2/iteration =  2.039       ****************


#********** Integration by Vegas (iteration      10) ************
#                                                               *
#  integral  = 0.34964287E-04   accum. integral = 0.35006208E-04*
#  std. dev. = 0.21517151E-07   accum. std. dev = 0.95173228E-08*
#   min/max. wt. =    0.00000            0.779476E-09           *
#                                                               *
#*************   chi**2/iteration =  2.342       ****************


#********** Integration by Vegas (iteration      11) ************
#                                                               *
#  integral  = 0.35008034E-04   accum. integral = 0.35006511E-04*
#  std. dev. = 0.21454251E-07   accum. std. dev = 0.86956163E-08*
#   min/max. wt. =    0.00000            0.112951E-08           *
#                                                               *
#*************   chi**2/iteration =  2.106       ****************


#********** Integration by Vegas (iteration      12) ************
#                                                               *
#  integral  = 0.34989620E-04   accum. integral = 0.35004082E-04*
#  std. dev. = 0.21326103E-07   accum. std. dev = 0.80494593E-08*
#   min/max. wt. =    0.00000            0.745234E-09           *
#                                                               *
#*************   chi**2/iteration =  1.962       ****************


#********** Integration by Vegas (iteration      13) ************
#                                                               *
#  integral  = 0.34995224E-04   accum. integral = 0.35002981E-04*
#  std. dev. = 0.21480459E-07   accum. std. dev = 0.75358508E-08*
#   min/max. wt. =    0.00000            0.682625E-09           *
#                                                               *
#*************   chi**2/iteration =  1.810       ****************


#********** Integration by Vegas (iteration      14) ************
#                                                               *
#  integral  = 0.35013322E-04   accum. integral = 0.35004126E-04*
#  std. dev. = 0.21471358E-07   accum. std. dev = 0.71092141E-08*
#   min/max. wt. =    0.00000            0.674358E-09           *
#                                                               *
#*************   chi**2/iteration =  1.685       ****************


#********** Integration by Vegas (iteration      15) ************
#                                                               *
#  integral  = 0.35022467E-04   accum. integral = 0.35005931E-04*
#  std. dev. = 0.21625853E-07   accum. std. dev = 0.67525947E-08*
#   min/max. wt. =    0.00000            0.895268E-09           *
#                                                               *
#*************   chi**2/iteration =  1.611       ****************

 ****************************************************
 * Writing out vegas grid to ./data/output.grid                                                      
 ****************************************************

  Input parameters for vegas:  ndim=  9   ncall= 99999999.
                              it=    0    itmx=    2
                              acc=-1.00    
                              mds=  0     nd=  50
                              (xl,xu)= (  0.00000     ,  1.00000     )
                                       (  0.00000     ,  1.00000     )
                                       (  0.00000     ,  1.00000     )
                                       (  0.00000     ,  1.00000     )
                                       (  0.00000     ,  1.00000     )
                                       (  0.00000     ,  1.00000     )
                                       (  0.00000     ,  1.00000     )
                                       (  0.00000     ,  1.00000     )
                                       (  0.00000     ,  1.00000     )

#********** Integration by Vegas (iteration       1) ************
#                                                               *
#  integral  = 0.35043149E-04   accum. integral = 0.35043149E-04*
#  std. dev. = 0.21692146E-07   accum. std. dev = 0.21692146E-07*
#   min/max. wt. =    0.00000            0.755154E-09           *
#                                                               *
#*************   chi**2/iteration =  0.000       ****************


#********** Integration by Vegas (iteration       2) ************
#                                                               *
#  integral  = 0.34979925E-04   accum. integral = 0.35011856E-04*
#  std. dev. = 0.21872592E-07   accum. std. dev = 0.15401949E-07*
#   min/max. wt. =    0.00000            0.891683E-09           *
#                                                               *
#*************   chi**2/iteration =  4.208       ****************

 Done
