SLURM job running in:  /work-zfs/lhc/heshy/JHUGen/xsecs/JHUGen/JHUGenerator
LHAPDF 6.1.5 loading /work-zfs/lhc/cms/slc6_amd64_gcc493/external/lhapdf/6.1.5-kpegke3/share/LHAPDF/NNPDF30_lo_as_0130/NNPDF30_lo_as_0130_0000.dat
NNPDF30_lo_as_0130 PDF set, member #0, version 2; LHAPDF ID = 263000
 extending no. of histograms for vbf tests
 
  
  ***************************************************************************************
  *                                JHU Generator v7.0.2                                 *
  ***************************************************************************************
  *                                                                                     *
  *   Spin and parity determination of single-produced resonances at hadron colliders   *
  *                                                                                     *
  *          I. Anderson, S. Bolognesi, F. Caola, Y. Gao, A. Gritsan, Z. Guo,           *
  *        C. Martin, K. Melnikov, R. Rontsch, H. Roskes, U. Sarica, M. Schulze,        *
  *                   N. Tran, A. Whitbeck, M. Xiao, C. You, Y. Zhou                    *
  *              Phys.Rev. D81 (2010) 075022;  arXiv:1001.3396  [hep-ph],               *
  *              Phys.Rev. D86 (2012) 095031;  arXiv:1208.4018  [hep-ph],               *
  *              Phys.Rev. D89 (2014) 035007;  arXiv:1309.4819  [hep-ph],               *
  *              Phys.Rev. D94 (2016) 055023;  arXiv:1606.03107 [hep-ph].               *
  *                                                                                     *
  ***************************************************************************************
  
   
   Command line: ./JHUGen Unweighted=0 VegasNc0=99999999 VegasNc1=99999999 VegasNc2=99999999 LHAPDF=NNPDF30_lo_as_0130/NNPDF30_lo_as_0130.info MReso=2000 Process=60 deltaRcut=0 etajetcut=4.7 etalepcut=2.5 ghz1=0,0 ghzgs1_prime2=1,0 pTjetcut=25 pTlepcut=5
   
   Input Parameter:
    Collider: P-P, sqrt(s)=13000.00
    Resonance: spin=0, mass=2000.00 width=   0.00407
    Z-boson: mass=91.188, width=2.4952
    W-boson: mass=80.399, width=2.0850
    Jet cuts:
            pT >=    25.00 GeV
         |eta| <=     4.70
        DeltaR >=     0.00
           mJJ >=     0.00 GeV
    Random seed:   261025791
    To reproduce results using this seed, JHUGen should be compiled with the same compiler:
      GNU Fortran (GCC) 4.8.2
    
    WidthScheme:   2
    LHAPDF set NNPDF30_lo_as_0130/NNPDF30_lo_as_0130.info, member=  0
    Unweighted: F
    Intermediate off-shell photons: T
    
    spin-0-VV couplings: 
      generate_as=F
      ghg2=  0.10000000E+01  0.00000000E+00i
      ghzgs1_prime2=  0.00000000E+00  0.00000000E+00i,  Lambda_zgs1=  1.0000E+04
      Lambda=  1000.0
    
    LHE output: ./data/output.lhe
    Histogram output: ./data/output.dat
    Log file: ./data/output.log
    
  Running

  Input parameters for vegas:  ndim=  9   ncall= 99999999.
                              it=    0    itmx=   15
                              acc=-1.00    
                              mds=  0     nd=  50
                              (xl,xu)= (  0.00000     ,  1.00000     )
                                       (  0.00000     ,  1.00000     )
                                       (  0.00000     ,  1.00000     )
                                       (  0.00000     ,  1.00000     )
                                       (  0.00000     ,  1.00000     )
                                       (  0.00000     ,  1.00000     )
                                       (  0.00000     ,  1.00000     )
                                       (  0.00000     ,  1.00000     )
                                       (  0.00000     ,  1.00000     )

#********** Integration by Vegas (iteration       1) ************
#                                                               *
#  integral  = 0.34943508E-06   accum. integral = 0.34943508E-06*
#  std. dev. = 0.15142363E-07   accum. std. dev = 0.15142363E-07*
#   min/max. wt. =    0.00000            0.140095E-07           *
#                                                               *
#*************   chi**2/iteration =  0.000       ****************


#********** Integration by Vegas (iteration       2) ************
#                                                               *
#  integral  = 0.39736326E-06   accum. integral = 0.38383266E-06*
#  std. dev. = 0.10799645E-07   accum. std. dev = 0.86150169E-08*
#   min/max. wt. =    0.00000            0.475288E-08           *
#                                                               *
#*************   chi**2/iteration =  6.265       ****************


#********** Integration by Vegas (iteration       3) ************
#                                                               *
#  integral  = 0.68626568E-06   accum. integral = 0.41437231E-06*
#  std. dev. = 0.47146535E-07   accum. std. dev = 0.10922538E-07*
#   min/max. wt. =    0.00000            0.412402E-07           *
#                                                               *
#*************   chi**2/iteration =  36.54       ****************


#********** Integration by Vegas (iteration       4) ************
#                                                               *
#  integral  = 0.65368542E-06   accum. integral = 0.64512412E-06*
#  std. dev. = 0.27487867E-08   accum. std. dev = 0.22410602E-08*
#   min/max. wt. =    0.00000            0.640497E-09           *
#                                                               *
#*************   chi**2/iteration =  151.8       ****************


#********** Integration by Vegas (iteration       5) ************
#                                                               *
#  integral  = 0.65238976E-06   accum. integral = 0.65193360E-06*
#  std. dev. = 0.69722194E-09   accum. std. dev = 0.58598276E-09*
#   min/max. wt. =    0.00000            0.878623E-10           *
#                                                               *
#*************   chi**2/iteration =  106.8       ****************


#********** Integration by Vegas (iteration       6) ************
#                                                               *
#  integral  = 0.65265049E-06   accum. integral = 0.65244882E-06*
#  std. dev. = 0.42245992E-09   accum. std. dev = 0.31917611E-09*
#   min/max. wt. =    0.00000            0.165134E-10           *
#                                                               *
#*************   chi**2/iteration =  81.22       ****************


#********** Integration by Vegas (iteration       7) ************
#                                                               *
#  integral  = 0.65259384E-06   accum. integral = 0.65251860E-06*
#  std. dev. = 0.37183553E-09   accum. std. dev = 0.23410627E-09*
#   min/max. wt. =    0.00000            0.258772E-10           *
#                                                               *
#*************   chi**2/iteration =  65.29       ****************


#********** Integration by Vegas (iteration       8) ************
#                                                               *
#  integral  = 0.65199770E-06   accum. integral = 0.65233441E-06*
#  std. dev. = 0.34842430E-09   accum. std. dev = 0.19069293E-09*
#   min/max. wt. =    0.00000            0.145627E-10           *
#                                                               *
#*************   chi**2/iteration =  54.76       ****************


#********** Integration by Vegas (iteration       9) ************
#                                                               *
#  integral  = 0.65298990E-06   accum. integral = 0.65250370E-06*
#  std. dev. = 0.35165443E-09   accum. std. dev = 0.16590327E-09*
#   min/max. wt. =    0.00000            0.143831E-10           *
#                                                               *
#*************   chi**2/iteration =  47.33       ****************


#********** Integration by Vegas (iteration      10) ************
#                                                               *
#  integral  = 0.65264176E-06   accum. integral = 0.65253200E-06*
#  std. dev. = 0.35178144E-09   accum. std. dev = 0.14909948E-09*
#   min/max. wt. =    0.00000            0.284757E-10           *
#                                                               *
#*************   chi**2/iteration =  41.43       ****************


#********** Integration by Vegas (iteration      11) ************
#                                                               *
#  integral  = 0.65264374E-06   accum. integral = 0.65255121E-06*
#  std. dev. = 0.34948297E-09   accum. std. dev = 0.13654223E-09*
#   min/max. wt. =    0.00000            0.149802E-10           *
#                                                               *
#*************   chi**2/iteration =  36.83       ****************


#********** Integration by Vegas (iteration      12) ************
#                                                               *
#  integral  = 0.65284182E-06   accum. integral = 0.65259432E-06*
#  std. dev. = 0.34738626E-09   accum. std. dev = 0.12667637E-09*
#   min/max. wt. =    0.00000            0.158962E-10           *
#                                                               *
#*************   chi**2/iteration =  33.19       ****************


#********** Integration by Vegas (iteration      13) ************
#                                                               *
#  integral  = 0.65309832E-06   accum. integral = 0.65265940E-06*
#  std. dev. = 0.34757140E-09   accum. std. dev = 0.11874240E-09*
#   min/max. wt. =    0.00000            0.139722E-10           *
#                                                               *
#*************   chi**2/iteration =  30.32       ****************


#********** Integration by Vegas (iteration      14) ************
#                                                               *
#  integral  = 0.65260648E-06   accum. integral = 0.65265329E-06*
#  std. dev. = 0.34534931E-09   accum. std. dev = 0.11209065E-09*
#   min/max. wt. =    0.00000            0.147833E-10           *
#                                                               *
#*************   chi**2/iteration =  27.78       ****************


#********** Integration by Vegas (iteration      15) ************
#                                                               *
#  integral  = 0.65316704E-06   accum. integral = 0.65270483E-06*
#  std. dev. = 0.35178915E-09   accum. std. dev = 0.10666736E-09*
#   min/max. wt. =    0.00000            0.156758E-10           *
#                                                               *
#*************   chi**2/iteration =  25.78       ****************

 ****************************************************
 * Writing out vegas grid to ./data/output.grid                                                      
 ****************************************************

  Input parameters for vegas:  ndim=  9   ncall= 99999999.
                              it=    0    itmx=    2
                              acc=-1.00    
                              mds=  0     nd=  50
                              (xl,xu)= (  0.00000     ,  1.00000     )
                                       (  0.00000     ,  1.00000     )
                                       (  0.00000     ,  1.00000     )
                                       (  0.00000     ,  1.00000     )
                                       (  0.00000     ,  1.00000     )
                                       (  0.00000     ,  1.00000     )
                                       (  0.00000     ,  1.00000     )
                                       (  0.00000     ,  1.00000     )
                                       (  0.00000     ,  1.00000     )

#********** Integration by Vegas (iteration       1) ************
#                                                               *
#  integral  = 0.65200015E-06   accum. integral = 0.65200015E-06*
#  std. dev. = 0.35642360E-09   accum. std. dev = 0.35642360E-09*
#   min/max. wt. =    0.00000            0.200424E-10           *
#                                                               *
#*************   chi**2/iteration =  0.000       ****************


#********** Integration by Vegas (iteration       2) ************
#                                                               *
#  integral  = 0.65312047E-06   accum. integral = 0.65255108E-06*
#  std. dev. = 0.36296568E-09   accum. std. dev = 0.25431494E-09*
#   min/max. wt. =    0.00000            0.303765E-10           *
#                                                               *
#*************   chi**2/iteration =  4.845       ****************

 Done
