SLURM job running in:  /work-zfs/lhc/heshy/JHUGen/xsecs/JHUGen/JHUGenerator
LHAPDF 6.1.5 loading /work-zfs/lhc/cms/slc6_amd64_gcc493/external/lhapdf/6.1.5-kpegke3/share/LHAPDF/NNPDF30_lo_as_0130/NNPDF30_lo_as_0130_0000.dat
NNPDF30_lo_as_0130 PDF set, member #0, version 2; LHAPDF ID = 263000
 extending no. of histograms for vbf tests
 
  
  ***************************************************************************************
  *                                JHU Generator v7.0.2                                 *
  ***************************************************************************************
  *                                                                                     *
  *   Spin and parity determination of single-produced resonances at hadron colliders   *
  *                                                                                     *
  *          I. Anderson, S. Bolognesi, F. Caola, Y. Gao, A. Gritsan, Z. Guo,           *
  *        C. Martin, K. Melnikov, R. Rontsch, H. Roskes, U. Sarica, M. Schulze,        *
  *                   N. Tran, A. Whitbeck, M. Xiao, C. You, Y. Zhou                    *
  *              Phys.Rev. D81 (2010) 075022;  arXiv:1001.3396  [hep-ph],               *
  *              Phys.Rev. D86 (2012) 095031;  arXiv:1208.4018  [hep-ph],               *
  *              Phys.Rev. D89 (2014) 035007;  arXiv:1309.4819  [hep-ph],               *
  *              Phys.Rev. D94 (2016) 055023;  arXiv:1606.03107 [hep-ph].               *
  *                                                                                     *
  ***************************************************************************************
  
   
   Command line: ./JHUGen Unweighted=0 VegasNc0=99999999 VegasNc1=99999999 VegasNc2=99999999 LHAPDF=NNPDF30_lo_as_0130/NNPDF30_lo_as_0130.info MReso=2300 Process=60 deltaRcut=0 etajetcut=4.7 etalepcut=2.5 ghz1=0,0 ghzgs1_prime2=1,0 pTjetcut=25 pTlepcut=5
   
   Input Parameter:
    Collider: P-P, sqrt(s)=13000.00
    Resonance: spin=0, mass=2300.00 width=   0.00407
    Z-boson: mass=91.188, width=2.4952
    W-boson: mass=80.399, width=2.0850
    Jet cuts:
            pT >=    25.00 GeV
         |eta| <=     4.70
        DeltaR >=     0.00
           mJJ >=     0.00 GeV
    Random seed:   464305976
    To reproduce results using this seed, JHUGen should be compiled with the same compiler:
      GNU Fortran (GCC) 4.8.2
    
    WidthScheme:   2
    LHAPDF set NNPDF30_lo_as_0130/NNPDF30_lo_as_0130.info, member=  0
    Unweighted: F
    Intermediate off-shell photons: T
    
    spin-0-VV couplings: 
      generate_as=F
      ghg2=  0.10000000E+01  0.00000000E+00i
      ghzgs1_prime2=  0.00000000E+00  0.00000000E+00i,  Lambda_zgs1=  1.0000E+04
      Lambda=  1000.0
    
    LHE output: ./data/output.lhe
    Histogram output: ./data/output.dat
    Log file: ./data/output.log
    
  Running

  Input parameters for vegas:  ndim=  9   ncall= 99999999.
                              it=    0    itmx=   15
                              acc=-1.00    
                              mds=  0     nd=  50
                              (xl,xu)= (  0.00000     ,  1.00000     )
                                       (  0.00000     ,  1.00000     )
                                       (  0.00000     ,  1.00000     )
                                       (  0.00000     ,  1.00000     )
                                       (  0.00000     ,  1.00000     )
                                       (  0.00000     ,  1.00000     )
                                       (  0.00000     ,  1.00000     )
                                       (  0.00000     ,  1.00000     )
                                       (  0.00000     ,  1.00000     )

#********** Integration by Vegas (iteration       1) ************
#                                                               *
#  integral  = 0.19238295E-06   accum. integral = 0.19238295E-06*
#  std. dev. = 0.68890659E-08   accum. std. dev = 0.68890659E-08*
#   min/max. wt. =    0.00000            0.563055E-08           *
#                                                               *
#*************   chi**2/iteration =  0.000       ****************


#********** Integration by Vegas (iteration       2) ************
#                                                               *
#  integral  = 0.24104996E-06   accum. integral = 0.20537055E-06*
#  std. dev. = 0.14306889E-07   accum. std. dev = 0.66864823E-08*
#   min/max. wt. =    0.00000            0.874341E-08           *
#                                                               *
#*************   chi**2/iteration =  10.35       ****************


#********** Integration by Vegas (iteration       3) ************
#                                                               *
#  integral  = 0.34492075E-06   accum. integral = 0.27878780E-06*
#  std. dev. = 0.10037244E-07   accum. std. dev = 0.56384937E-08*
#   min/max. wt. =    0.00000            0.349092E-08           *
#                                                               *
#*************   chi**2/iteration =  79.77       ****************


#********** Integration by Vegas (iteration       4) ************
#                                                               *
#  integral  = 0.36369505E-06   accum. integral = 0.36068938E-06*
#  std. dev. = 0.14705867E-08   accum. std. dev = 0.11685877E-08*
#   min/max. wt. =    0.00000            0.663211E-09           *
#                                                               *
#*************   chi**2/iteration =  103.9       ****************


#********** Integration by Vegas (iteration       5) ************
#                                                               *
#  integral  = 0.36526624E-06   accum. integral = 0.36491003E-06*
#  std. dev. = 0.42140913E-09   accum. std. dev = 0.34319114E-09*
#   min/max. wt. =    0.00000            0.122588E-09           *
#                                                               *
#*************   chi**2/iteration =  73.52       ****************


#********** Integration by Vegas (iteration       6) ************
#                                                               *
#  integral  = 0.36534023E-06   accum. integral = 0.36522326E-06*
#  std. dev. = 0.24734030E-09   accum. std. dev = 0.18468877E-09*
#   min/max. wt. =    0.00000            0.113637E-10           *
#                                                               *
#*************   chi**2/iteration =  55.43       ****************


#********** Integration by Vegas (iteration       7) ************
#                                                               *
#  integral  = 0.36557600E-06   accum. integral = 0.36539944E-06*
#  std. dev. = 0.21141659E-09   accum. std. dev = 0.13350442E-09*
#   min/max. wt. =    0.00000            0.923137E-11           *
#                                                               *
#*************   chi**2/iteration =  44.54       ****************


#********** Integration by Vegas (iteration       8) ************
#                                                               *
#  integral  = 0.36541860E-06   accum. integral = 0.36540631E-06*
#  std. dev. = 0.19979882E-09   accum. std. dev = 0.10859927E-09*
#   min/max. wt. =    0.00000            0.976541E-11           *
#                                                               *
#*************   chi**2/iteration =  37.02       ****************


#********** Integration by Vegas (iteration       9) ************
#                                                               *
#  integral  = 0.36503820E-06   accum. integral = 0.36530576E-06*
#  std. dev. = 0.19492991E-09   accum. std. dev = 0.93664501E-10*
#   min/max. wt. =    0.00000            0.104234E-10           *
#                                                               *
#*************   chi**2/iteration =  32.03       ****************


#********** Integration by Vegas (iteration      10) ************
#                                                               *
#  integral  = 0.36549204E-06   accum. integral = 0.36534447E-06*
#  std. dev. = 0.19915202E-09   accum. std. dev = 0.84137206E-10*
#   min/max. wt. =    0.00000            0.923660E-11           *
#                                                               *
#*************   chi**2/iteration =  28.04       ****************


#********** Integration by Vegas (iteration      11) ************
#                                                               *
#  integral  = 0.36545976E-06   accum. integral = 0.36536483E-06*
#  std. dev. = 0.19604724E-09   accum. std. dev = 0.76916597E-10*
#   min/max. wt. =    0.00000            0.106195E-10           *
#                                                               *
#*************   chi**2/iteration =  24.90       ****************


#********** Integration by Vegas (iteration      12) ************
#                                                               *
#  integral  = 0.36536741E-06   accum. integral = 0.36536522E-06*
#  std. dev. = 0.19357392E-09   accum. std. dev = 0.71207744E-10*
#   min/max. wt. =    0.00000            0.887574E-11           *
#                                                               *
#*************   chi**2/iteration =  22.37       ****************


#********** Integration by Vegas (iteration      13) ************
#                                                               *
#  integral  = 0.36520147E-06   accum. integral = 0.36534352E-06*
#  std. dev. = 0.19379174E-09   accum. std. dev = 0.66656169E-10*
#   min/max. wt. =    0.00000            0.105812E-10           *
#                                                               *
#*************   chi**2/iteration =  20.35       ****************


#********** Integration by Vegas (iteration      14) ************
#                                                               *
#  integral  = 0.36498794E-06   accum. integral = 0.36530289E-06*
#  std. dev. = 0.19629820E-09   accum. std. dev = 0.62997967E-10*
#   min/max. wt. =    0.00000            0.239385E-10           *
#                                                               *
#*************   chi**2/iteration =  18.88       ****************


#********** Integration by Vegas (iteration      15) ************
#                                                               *
#  integral  = 0.36506267E-06   accum. integral = 0.36527853E-06*
#  std. dev. = 0.19759321E-09   accum. std. dev = 0.59937471E-10*
#   min/max. wt. =    0.00000            0.949274E-11           *
#                                                               *
#*************   chi**2/iteration =  17.51       ****************

 ****************************************************
 * Writing out vegas grid to ./data/output.grid                                                      
 ****************************************************

  Input parameters for vegas:  ndim=  9   ncall= 99999999.
                              it=    0    itmx=    2
                              acc=-1.00    
                              mds=  0     nd=  50
                              (xl,xu)= (  0.00000     ,  1.00000     )
                                       (  0.00000     ,  1.00000     )
                                       (  0.00000     ,  1.00000     )
                                       (  0.00000     ,  1.00000     )
                                       (  0.00000     ,  1.00000     )
                                       (  0.00000     ,  1.00000     )
                                       (  0.00000     ,  1.00000     )
                                       (  0.00000     ,  1.00000     )
                                       (  0.00000     ,  1.00000     )

#********** Integration by Vegas (iteration       1) ************
#                                                               *
#  integral  = 0.36506000E-06   accum. integral = 0.36506000E-06*
#  std. dev. = 0.19521180E-09   accum. std. dev = 0.19521180E-09*
#   min/max. wt. =    0.00000            0.125589E-10           *
#                                                               *
#*************   chi**2/iteration =  0.000       ****************


#********** Integration by Vegas (iteration       2) ************
#                                                               *
#  integral  = 0.36472306E-06   accum. integral = 0.36489355E-06*
#  std. dev. = 0.19738820E-09   accum. std. dev = 0.13879795E-09*
#   min/max. wt. =    0.00000            0.140754E-10           *
#                                                               *
#*************   chi**2/iteration =  1.472       ****************

 Done
