SLURM job running in:  /work-zfs/lhc/heshy/JHUGen/xsecs/JHUGen/JHUGenerator
LHAPDF 6.1.5 loading /work-zfs/lhc/cms/slc6_amd64_gcc493/external/lhapdf/6.1.5-kpegke3/share/LHAPDF/NNPDF30_lo_as_0130/NNPDF30_lo_as_0130_0000.dat
NNPDF30_lo_as_0130 PDF set, member #0, version 2; LHAPDF ID = 263000
 extending no. of histograms for vbf tests
 
  
  ***************************************************************************************
  *                                JHU Generator v7.0.2                                 *
  ***************************************************************************************
  *                                                                                     *
  *   Spin and parity determination of single-produced resonances at hadron colliders   *
  *                                                                                     *
  *          I. Anderson, S. Bolognesi, F. Caola, Y. Gao, A. Gritsan, Z. Guo,           *
  *        C. Martin, K. Melnikov, R. Rontsch, H. Roskes, U. Sarica, M. Schulze,        *
  *                   N. Tran, A. Whitbeck, M. Xiao, C. You, Y. Zhou                    *
  *              Phys.Rev. D81 (2010) 075022;  arXiv:1001.3396  [hep-ph],               *
  *              Phys.Rev. D86 (2012) 095031;  arXiv:1208.4018  [hep-ph],               *
  *              Phys.Rev. D89 (2014) 035007;  arXiv:1309.4819  [hep-ph],               *
  *              Phys.Rev. D94 (2016) 055023;  arXiv:1606.03107 [hep-ph].               *
  *                                                                                     *
  ***************************************************************************************
  
   
   Command line: ./JHUGen Unweighted=0 VegasNc0=99999999 VegasNc1=99999999 VegasNc2=99999999 LHAPDF=NNPDF30_lo_as_0130/NNPDF30_lo_as_0130.info MReso=276 Process=60 deltaRcut=0 etajetcut=4.7 etalepcut=2.5 ghz1=0,0 ghzgs1_prime2=1,0 pTjetcut=25 pTlepcut=5
   
   Input Parameter:
    Collider: P-P, sqrt(s)=13000.00
    Resonance: spin=0, mass= 276.00 width=   0.00407
    Z-boson: mass=91.188, width=2.4952
    W-boson: mass=80.399, width=2.0850
    Jet cuts:
            pT >=    25.00 GeV
         |eta| <=     4.70
        DeltaR >=     0.00
           mJJ >=     0.00 GeV
    Random seed:   649282773
    To reproduce results using this seed, JHUGen should be compiled with the same compiler:
      GNU Fortran (GCC) 4.8.2
    
    WidthScheme:   2
    LHAPDF set NNPDF30_lo_as_0130/NNPDF30_lo_as_0130.info, member=  0
    Unweighted: F
    Intermediate off-shell photons: T
    
    spin-0-VV couplings: 
      generate_as=F
      ghg2=  0.10000000E+01  0.00000000E+00i
      ghzgs1_prime2=  0.00000000E+00  0.00000000E+00i,  Lambda_zgs1=  1.0000E+04
      Lambda=  1000.0
    
    LHE output: ./data/output.lhe
    Histogram output: ./data/output.dat
    Log file: ./data/output.log
    
  Running

  Input parameters for vegas:  ndim=  9   ncall= 99999999.
                              it=    0    itmx=   15
                              acc=-1.00    
                              mds=  0     nd=  50
                              (xl,xu)= (  0.00000     ,  1.00000     )
                                       (  0.00000     ,  1.00000     )
                                       (  0.00000     ,  1.00000     )
                                       (  0.00000     ,  1.00000     )
                                       (  0.00000     ,  1.00000     )
                                       (  0.00000     ,  1.00000     )
                                       (  0.00000     ,  1.00000     )
                                       (  0.00000     ,  1.00000     )
                                       (  0.00000     ,  1.00000     )

#********** Integration by Vegas (iteration       1) ************
#                                                               *
#  integral  = 0.16760347E-04   accum. integral = 0.16760347E-04*
#  std. dev. = 0.46535948E-06   accum. std. dev = 0.46535948E-06*
#   min/max. wt. =    0.00000            0.224294E-06           *
#                                                               *
#*************   chi**2/iteration =  0.000       ****************


#********** Integration by Vegas (iteration       2) ************
#                                                               *
#  integral  = 0.25927851E-04   accum. integral = 0.19241260E-04*
#  std. dev. = 0.11818675E-05   accum. std. dev = 0.51766753E-06*
#   min/max. wt. =    0.00000            0.644038E-06           *
#                                                               *
#*************   chi**2/iteration =  61.84       ****************


#********** Integration by Vegas (iteration       3) ************
#                                                               *
#  integral  = 0.27412833E-04   accum. integral = 0.26542705E-04*
#  std. dev. = 0.22440031E-06   accum. std. dev = 0.18444847E-06*
#   min/max. wt. =    0.00000            0.111497E-06           *
#                                                               *
#*************   chi**2/iteration =  119.3       ****************


#********** Integration by Vegas (iteration       4) ************
#                                                               *
#  integral  = 0.27767212E-04   accum. integral = 0.27694901E-04*
#  std. dev. = 0.53826164E-07   accum. std. dev = 0.46779735E-07*
#   min/max. wt. =    0.00000            0.179292E-07           *
#                                                               *
#*************   chi**2/iteration =  85.70       ****************


#********** Integration by Vegas (iteration       5) ************
#                                                               *
#  integral  = 0.27644975E-04   accum. integral = 0.27653601E-04*
#  std. dev. = 0.23756349E-07   accum. std. dev = 0.19895593E-07*
#   min/max. wt. =    0.00000            0.132899E-08           *
#                                                               *
#*************   chi**2/iteration =  61.62       ****************


#********** Integration by Vegas (iteration       6) ************
#                                                               *
#  integral  = 0.27680581E-04   accum. integral = 0.27668983E-04*
#  std. dev. = 0.18785578E-07   accum. std. dev = 0.13241149E-07*
#   min/max. wt. =    0.00000            0.943226E-09           *
#                                                               *
#*************   chi**2/iteration =  48.05       ****************


#********** Integration by Vegas (iteration       7) ************
#                                                               *
#  integral  = 0.27670352E-04   accum. integral = 0.27669531E-04*
#  std. dev. = 0.17351823E-07   accum. std. dev = 0.10360089E-07*
#   min/max. wt. =    0.00000            0.890178E-09           *
#                                                               *
#*************   chi**2/iteration =  39.22       ****************


#********** Integration by Vegas (iteration       8) ************
#                                                               *
#  integral  = 0.27650453E-04   accum. integral = 0.27663842E-04*
#  std. dev. = 0.16832095E-07   accum. std. dev = 0.87447600E-08*
#   min/max. wt. =    0.00000            0.904897E-09           *
#                                                               *
#*************   chi**2/iteration =  33.26       ****************


#********** Integration by Vegas (iteration       9) ************
#                                                               *
#  integral  = 0.27641710E-04   accum. integral = 0.27658577E-04*
#  std. dev. = 0.16445921E-07   accum. std. dev = 0.76780507E-08*
#   min/max. wt. =    0.00000            0.677259E-09           *
#                                                               *
#*************   chi**2/iteration =  28.96       ****************


#********** Integration by Vegas (iteration      10) ************
#                                                               *
#  integral  = 0.27656150E-04   accum. integral = 0.27658141E-04*
#  std. dev. = 0.17142656E-07   accum. std. dev = 0.69858311E-08*
#   min/max. wt. =    0.00000            0.103353E-08           *
#                                                               *
#*************   chi**2/iteration =  25.50       ****************


#********** Integration by Vegas (iteration      11) ************
#                                                               *
#  integral  = 0.27674857E-04   accum. integral = 0.27660836E-04*
#  std. dev. = 0.16589947E-07   accum. std. dev = 0.64223382E-08*
#   min/max. wt. =    0.00000            0.427011E-09           *
#                                                               *
#*************   chi**2/iteration =  22.87       ****************


#********** Integration by Vegas (iteration      12) ************
#                                                               *
#  integral  = 0.27667862E-04   accum. integral = 0.27661794E-04*
#  std. dev. = 0.16764093E-07   accum. std. dev = 0.59873086E-08*
#   min/max. wt. =    0.00000            0.707434E-09           *
#                                                               *
#*************   chi**2/iteration =  20.68       ****************


#********** Integration by Vegas (iteration      13) ************
#                                                               *
#  integral  = 0.27684829E-04   accum. integral = 0.27664568E-04*
#  std. dev. = 0.16735633E-07   accum. std. dev = 0.56302534E-08*
#   min/max. wt. =    0.00000            0.851236E-09           *
#                                                               *
#*************   chi**2/iteration =  19.00       ****************


#********** Integration by Vegas (iteration      14) ************
#                                                               *
#  integral  = 0.27666420E-04   accum. integral = 0.27664766E-04*
#  std. dev. = 0.16760291E-07   accum. std. dev = 0.53321682E-08*
#   min/max. wt. =    0.00000            0.576597E-09           *
#                                                               *
#*************   chi**2/iteration =  17.46       ****************


#********** Integration by Vegas (iteration      15) ************
#                                                               *
#  integral  = 0.27661398E-04   accum. integral = 0.27664444E-04*
#  std. dev. = 0.16858307E-07   accum. std. dev = 0.50803886E-08*
#   min/max. wt. =    0.00000            0.782028E-09           *
#                                                               *
#*************   chi**2/iteration =  16.16       ****************

 ****************************************************
 * Writing out vegas grid to ./data/output.grid                                                      
 ****************************************************

  Input parameters for vegas:  ndim=  9   ncall= 99999999.
                              it=    0    itmx=    2
                              acc=-1.00    
                              mds=  0     nd=  50
                              (xl,xu)= (  0.00000     ,  1.00000     )
                                       (  0.00000     ,  1.00000     )
                                       (  0.00000     ,  1.00000     )
                                       (  0.00000     ,  1.00000     )
                                       (  0.00000     ,  1.00000     )
                                       (  0.00000     ,  1.00000     )
                                       (  0.00000     ,  1.00000     )
                                       (  0.00000     ,  1.00000     )
                                       (  0.00000     ,  1.00000     )

#********** Integration by Vegas (iteration       1) ************
#                                                               *
#  integral  = 0.27668264E-04   accum. integral = 0.27668264E-04*
#  std. dev. = 0.16834581E-07   accum. std. dev = 0.16834581E-07*
#   min/max. wt. =    0.00000            0.143150E-08           *
#                                                               *
#*************   chi**2/iteration = -.7297E-06   ****************


#********** Integration by Vegas (iteration       2) ************
#                                                               *
#  integral  = 0.27625706E-04   accum. integral = 0.27647024E-04*
#  std. dev. = 0.16839780E-07   accum. std. dev = 0.11905681E-07*
#   min/max. wt. =    0.00000            0.706894E-09           *
#                                                               *
#*************   chi**2/iteration =  3.191       ****************

 Done
