SLURM job running in:  /work-zfs/lhc/heshy/JHUGen/xsecs/JHUGen/JHUGenerator
LHAPDF 6.1.5 loading /work-zfs/lhc/cms/slc6_amd64_gcc493/external/lhapdf/6.1.5-kpegke3/share/LHAPDF/NNPDF30_lo_as_0130/NNPDF30_lo_as_0130_0000.dat
NNPDF30_lo_as_0130 PDF set, member #0, version 2; LHAPDF ID = 263000
 extending no. of histograms for vbf tests
 
  
  ***************************************************************************************
  *                                JHU Generator v7.0.2                                 *
  ***************************************************************************************
  *                                                                                     *
  *   Spin and parity determination of single-produced resonances at hadron colliders   *
  *                                                                                     *
  *          I. Anderson, S. Bolognesi, F. Caola, Y. Gao, A. Gritsan, Z. Guo,           *
  *        C. Martin, K. Melnikov, R. Rontsch, H. Roskes, U. Sarica, M. Schulze,        *
  *                   N. Tran, A. Whitbeck, M. Xiao, C. You, Y. Zhou                    *
  *              Phys.Rev. D81 (2010) 075022;  arXiv:1001.3396  [hep-ph],               *
  *              Phys.Rev. D86 (2012) 095031;  arXiv:1208.4018  [hep-ph],               *
  *              Phys.Rev. D89 (2014) 035007;  arXiv:1309.4819  [hep-ph],               *
  *              Phys.Rev. D94 (2016) 055023;  arXiv:1606.03107 [hep-ph].               *
  *                                                                                     *
  ***************************************************************************************
  
   
   Command line: ./JHUGen Unweighted=0 VegasNc0=99999999 VegasNc1=99999999 VegasNc2=99999999 LHAPDF=NNPDF30_lo_as_0130/NNPDF30_lo_as_0130.info MReso=296 Process=60 deltaRcut=0 etajetcut=4.7 etalepcut=2.5 ghz1=0,0 ghzgs1_prime2=1,0 pTjetcut=25 pTlepcut=5
   
   Input Parameter:
    Collider: P-P, sqrt(s)=13000.00
    Resonance: spin=0, mass= 296.00 width=   0.00407
    Z-boson: mass=91.188, width=2.4952
    W-boson: mass=80.399, width=2.0850
    Jet cuts:
            pT >=    25.00 GeV
         |eta| <=     4.70
        DeltaR >=     0.00
           mJJ >=     0.00 GeV
    Random seed:   977958485
    To reproduce results using this seed, JHUGen should be compiled with the same compiler:
      GNU Fortran (GCC) 4.8.2
    
    WidthScheme:   2
    LHAPDF set NNPDF30_lo_as_0130/NNPDF30_lo_as_0130.info, member=  0
    Unweighted: F
    Intermediate off-shell photons: T
    
    spin-0-VV couplings: 
      generate_as=F
      ghg2=  0.10000000E+01  0.00000000E+00i
      ghzgs1_prime2=  0.00000000E+00  0.00000000E+00i,  Lambda_zgs1=  1.0000E+04
      Lambda=  1000.0
    
    LHE output: ./data/output.lhe
    Histogram output: ./data/output.dat
    Log file: ./data/output.log
    
  Running

  Input parameters for vegas:  ndim=  9   ncall= 99999999.
                              it=    0    itmx=   15
                              acc=-1.00    
                              mds=  0     nd=  50
                              (xl,xu)= (  0.00000     ,  1.00000     )
                                       (  0.00000     ,  1.00000     )
                                       (  0.00000     ,  1.00000     )
                                       (  0.00000     ,  1.00000     )
                                       (  0.00000     ,  1.00000     )
                                       (  0.00000     ,  1.00000     )
                                       (  0.00000     ,  1.00000     )
                                       (  0.00000     ,  1.00000     )
                                       (  0.00000     ,  1.00000     )

#********** Integration by Vegas (iteration       1) ************
#                                                               *
#  integral  = 0.19623020E-04   accum. integral = 0.19623020E-04*
#  std. dev. = 0.23472198E-05   accum. std. dev = 0.23472198E-05*
#   min/max. wt. =    0.00000            0.214356E-05           *
#                                                               *
#*************   chi**2/iteration =  0.000       ****************


#********** Integration by Vegas (iteration       2) ************
#                                                               *
#  integral  = 0.22426525E-04   accum. integral = 0.22177143E-04*
#  std. dev. = 0.83822700E-06   accum. std. dev = 0.75173418E-06*
#   min/max. wt. =    0.00000            0.374784E-06           *
#                                                               *
#*************   chi**2/iteration =  1.126       ****************


#********** Integration by Vegas (iteration       3) ************
#                                                               *
#  integral  = 0.25637508E-04   accum. integral = 0.25464389E-04*
#  std. dev. = 0.20989498E-06   accum. std. dev = 0.18110327E-06*
#   min/max. wt. =    0.00000            0.813183E-07           *
#                                                               *
#*************   chi**2/iteration =  9.157       ****************


#********** Integration by Vegas (iteration       4) ************
#                                                               *
#  integral  = 0.26097799E-04   accum. integral = 0.26067526E-04*
#  std. dev. = 0.46655767E-07   accum. std. dev = 0.41156410E-07*
#   min/max. wt. =    0.00000            0.180100E-07           *
#                                                               *
#*************   chi**2/iteration =  9.242       ****************


#********** Integration by Vegas (iteration       5) ************
#                                                               *
#  integral  = 0.26093939E-04   accum. integral = 0.26088692E-04*
#  std. dev. = 0.22664936E-07   accum. std. dev = 0.18749154E-07*
#   min/max. wt. =    0.00000            0.172076E-08           *
#                                                               *
#*************   chi**2/iteration =  6.715       ****************


#********** Integration by Vegas (iteration       6) ************
#                                                               *
#  integral  = 0.26100401E-04   accum. integral = 0.26095283E-04*
#  std. dev. = 0.17884591E-07   accum. std. dev = 0.12572286E-07*
#   min/max. wt. =    0.00000            0.136503E-08           *
#                                                               *
#*************   chi**2/iteration =  5.265       ****************


#********** Integration by Vegas (iteration       7) ************
#                                                               *
#  integral  = 0.26097039E-04   accum. integral = 0.26095969E-04*
#  std. dev. = 0.16752864E-07   accum. std. dev = 0.99101444E-08*
#   min/max. wt. =    0.00000            0.800223E-09           *
#                                                               *
#*************   chi**2/iteration =  4.304       ****************


#********** Integration by Vegas (iteration       8) ************
#                                                               *
#  integral  = 0.26077942E-04   accum. integral = 0.26090522E-04*
#  std. dev. = 0.15902399E-07   accum. std. dev = 0.83378497E-08*
#   min/max. wt. =    0.00000            0.806195E-09           *
#                                                               *
#*************   chi**2/iteration =  3.778       ****************


#********** Integration by Vegas (iteration       9) ************
#                                                               *
#  integral  = 0.26117220E-04   accum. integral = 0.26096664E-04*
#  std. dev. = 0.16015434E-07   accum. std. dev = 0.73576497E-08*
#   min/max. wt. =    0.00000            0.632086E-09           *
#                                                               *
#*************   chi**2/iteration =  3.560       ****************


#********** Integration by Vegas (iteration      10) ************
#                                                               *
#  integral  = 0.26102194E-04   accum. integral = 0.26097729E-04*
#  std. dev. = 0.15722802E-07   accum. std. dev = 0.66408297E-08*
#   min/max. wt. =    0.00000            0.628592E-09           *
#                                                               *
#*************   chi**2/iteration =  3.148       ****************


#********** Integration by Vegas (iteration      11) ************
#                                                               *
#  integral  = 0.26123212E-04   accum. integral = 0.26101769E-04*
#  std. dev. = 0.15906866E-07   accum. std. dev = 0.61141056E-08*
#   min/max. wt. =    0.00000            0.777922E-09           *
#                                                               *
#*************   chi**2/iteration =  3.045       ****************


#********** Integration by Vegas (iteration      12) ************
#                                                               *
#  integral  = 0.26115720E-04   accum. integral = 0.26103684E-04*
#  std. dev. = 0.15873228E-07   accum. std. dev = 0.56960871E-08*
#   min/max. wt. =    0.00000            0.239392E-08           *
#                                                               *
#*************   chi**2/iteration =  2.816       ****************


#********** Integration by Vegas (iteration      13) ************
#                                                               *
#  integral  = 0.26102970E-04   accum. integral = 0.26103597E-04*
#  std. dev. = 0.15810053E-07   accum. std. dev = 0.53523285E-08*
#   min/max. wt. =    0.00000            0.898274E-09           *
#                                                               *
#*************   chi**2/iteration =  2.569       ****************


#********** Integration by Vegas (iteration      14) ************
#                                                               *
#  integral  = 0.26124706E-04   accum. integral = 0.26105890E-04*
#  std. dev. = 0.15797471E-07   accum. std. dev = 0.50643915E-08*
#   min/max. wt. =    0.00000            0.625785E-09           *
#                                                               *
#*************   chi**2/iteration =  2.490       ****************


#********** Integration by Vegas (iteration      15) ************
#                                                               *
#  integral  = 0.26088110E-04   accum. integral = 0.26104186E-04*
#  std. dev. = 0.15969672E-07   accum. std. dev = 0.48242629E-08*
#   min/max. wt. =    0.00000            0.997640E-09           *
#                                                               *
#*************   chi**2/iteration =  2.388       ****************

 ****************************************************
 * Writing out vegas grid to ./data/output.grid                                                      
 ****************************************************

  Input parameters for vegas:  ndim=  9   ncall= 99999999.
                              it=    0    itmx=    2
                              acc=-1.00    
                              mds=  0     nd=  50
                              (xl,xu)= (  0.00000     ,  1.00000     )
                                       (  0.00000     ,  1.00000     )
                                       (  0.00000     ,  1.00000     )
                                       (  0.00000     ,  1.00000     )
                                       (  0.00000     ,  1.00000     )
                                       (  0.00000     ,  1.00000     )
                                       (  0.00000     ,  1.00000     )
                                       (  0.00000     ,  1.00000     )
                                       (  0.00000     ,  1.00000     )

#********** Integration by Vegas (iteration       1) ************
#                                                               *
#  integral  = 0.26129227E-04   accum. integral = 0.26129227E-04*
#  std. dev. = 0.15762854E-07   accum. std. dev = 0.15762854E-07*
#   min/max. wt. =    0.00000            0.764574E-09           *
#                                                               *
#*************   chi**2/iteration =  0.000       ****************


#********** Integration by Vegas (iteration       2) ************
#                                                               *
#  integral  = 0.26107764E-04   accum. integral = 0.26118507E-04*
#  std. dev. = 0.15767810E-07   accum. std. dev = 0.11147771E-07*
#   min/max. wt. =    0.00000            0.518017E-09           *
#                                                               *
#*************   chi**2/iteration = 0.9258       ****************

 Done
