SLURM job running in:  /work-zfs/lhc/heshy/JHUGen/xsecs/JHUGen/JHUGenerator
LHAPDF 6.1.5 loading /work-zfs/lhc/cms/slc6_amd64_gcc493/external/lhapdf/6.1.5-kpegke3/share/LHAPDF/NNPDF30_lo_as_0130/NNPDF30_lo_as_0130_0000.dat
NNPDF30_lo_as_0130 PDF set, member #0, version 2; LHAPDF ID = 263000
 extending no. of histograms for vbf tests
 
  
  ***************************************************************************************
  *                                JHU Generator v7.0.2                                 *
  ***************************************************************************************
  *                                                                                     *
  *   Spin and parity determination of single-produced resonances at hadron colliders   *
  *                                                                                     *
  *          I. Anderson, S. Bolognesi, F. Caola, Y. Gao, A. Gritsan, Z. Guo,           *
  *        C. Martin, K. Melnikov, R. Rontsch, H. Roskes, U. Sarica, M. Schulze,        *
  *                   N. Tran, A. Whitbeck, M. Xiao, C. You, Y. Zhou                    *
  *              Phys.Rev. D81 (2010) 075022;  arXiv:1001.3396  [hep-ph],               *
  *              Phys.Rev. D86 (2012) 095031;  arXiv:1208.4018  [hep-ph],               *
  *              Phys.Rev. D89 (2014) 035007;  arXiv:1309.4819  [hep-ph],               *
  *              Phys.Rev. D94 (2016) 055023;  arXiv:1606.03107 [hep-ph].               *
  *                                                                                     *
  ***************************************************************************************
  
   
   Command line: ./JHUGen Unweighted=0 VegasNc0=99999999 VegasNc1=99999999 VegasNc2=99999999 LHAPDF=NNPDF30_lo_as_0130/NNPDF30_lo_as_0130.info MReso=404 Process=60 deltaRcut=0 etajetcut=4.7 etalepcut=2.5 ghz1=0,0 ghzgs1_prime2=1,0 pTjetcut=25 pTlepcut=5
   
   Input Parameter:
    Collider: P-P, sqrt(s)=13000.00
    Resonance: spin=0, mass= 404.00 width=   0.00407
    Z-boson: mass=91.188, width=2.4952
    W-boson: mass=80.399, width=2.0850
    Jet cuts:
            pT >=    25.00 GeV
         |eta| <=     4.70
        DeltaR >=     0.00
           mJJ >=     0.00 GeV
    Random seed:   490763420
    To reproduce results using this seed, JHUGen should be compiled with the same compiler:
      GNU Fortran (GCC) 4.8.2
    
    WidthScheme:   2
    LHAPDF set NNPDF30_lo_as_0130/NNPDF30_lo_as_0130.info, member=  0
    Unweighted: F
    Intermediate off-shell photons: T
    
    spin-0-VV couplings: 
      generate_as=F
      ghg2=  0.10000000E+01  0.00000000E+00i
      ghzgs1_prime2=  0.00000000E+00  0.00000000E+00i,  Lambda_zgs1=  1.0000E+04
      Lambda=  1000.0
    
    LHE output: ./data/output.lhe
    Histogram output: ./data/output.dat
    Log file: ./data/output.log
    
  Running

  Input parameters for vegas:  ndim=  9   ncall= 99999999.
                              it=    0    itmx=   15
                              acc=-1.00    
                              mds=  0     nd=  50
                              (xl,xu)= (  0.00000     ,  1.00000     )
                                       (  0.00000     ,  1.00000     )
                                       (  0.00000     ,  1.00000     )
                                       (  0.00000     ,  1.00000     )
                                       (  0.00000     ,  1.00000     )
                                       (  0.00000     ,  1.00000     )
                                       (  0.00000     ,  1.00000     )
                                       (  0.00000     ,  1.00000     )
                                       (  0.00000     ,  1.00000     )

#********** Integration by Vegas (iteration       1) ************
#                                                               *
#  integral  = 0.12258591E-04   accum. integral = 0.12258591E-04*
#  std. dev. = 0.88065646E-06   accum. std. dev = 0.88065646E-06*
#   min/max. wt. =    0.00000            0.777039E-06           *
#                                                               *
#*************   chi**2/iteration = 0.6666E-10   ****************


#********** Integration by Vegas (iteration       2) ************
#                                                               *
#  integral  = 0.17636104E-04   accum. integral = 0.13677961E-04*
#  std. dev. = 0.21157606E-05   accum. std. dev = 0.93605238E-06*
#   min/max. wt. =    0.00000            0.206134E-05           *
#                                                               *
#*************   chi**2/iteration =  6.405       ****************


#********** Integration by Vegas (iteration       3) ************
#                                                               *
#  integral  = 0.19376060E-04   accum. integral = 0.18716694E-04*
#  std. dev. = 0.43200528E-06   accum. std. dev = 0.35014917E-06*
#   min/max. wt. =    0.00000            0.266991E-06           *
#                                                               *
#*************   chi**2/iteration =  16.19       ****************


#********** Integration by Vegas (iteration       4) ************
#                                                               *
#  integral  = 0.19379665E-04   accum. integral = 0.19368541E-04*
#  std. dev. = 0.53078043E-07   accum. std. dev = 0.47279285E-07*
#   min/max. wt. =    0.00000            0.103360E-07           *
#                                                               *
#*************   chi**2/iteration =  11.02       ****************


#********** Integration by Vegas (iteration       5) ************
#                                                               *
#  integral  = 0.19444517E-04   accum. integral = 0.19436303E-04*
#  std. dev. = 0.18386431E-07   accum. std. dev = 0.15926512E-07*
#   min/max. wt. =    0.00000            0.167624E-08           *
#                                                               *
#*************   chi**2/iteration =  8.422       ****************


#********** Integration by Vegas (iteration       6) ************
#                                                               *
#  integral  = 0.19429622E-04   accum. integral = 0.19432134E-04*
#  std. dev. = 0.13466136E-07   accum. std. dev = 0.99157643E-08*
#   min/max. wt. =    0.00000            0.599409E-09           *
#                                                               *
#*************   chi**2/iteration =  6.556       ****************


#********** Integration by Vegas (iteration       7) ************
#                                                               *
#  integral  = 0.19417876E-04   accum. integral = 0.19425967E-04*
#  std. dev. = 0.12178124E-07   accum. std. dev = 0.75491253E-08*
#   min/max. wt. =    0.00000            0.576089E-09           *
#                                                               *
#*************   chi**2/iteration =  5.495       ****************


#********** Integration by Vegas (iteration       8) ************
#                                                               *
#  integral  = 0.19433521E-04   accum. integral = 0.19428360E-04*
#  std. dev. = 0.11772910E-07   accum. std. dev = 0.62896096E-08*
#   min/max. wt. =    0.00000            0.408879E-09           *
#                                                               *
#*************   chi**2/iteration =  4.681       ****************


#********** Integration by Vegas (iteration       9) ************
#                                                               *
#  integral  = 0.19443102E-04   accum. integral = 0.19431935E-04*
#  std. dev. = 0.11716347E-07   accum. std. dev = 0.55077703E-08*
#   min/max. wt. =    0.00000            0.315407E-09           *
#                                                               *
#*************   chi**2/iteration =  4.210       ****************


#********** Integration by Vegas (iteration      10) ************
#                                                               *
#  integral  = 0.19428339E-04   accum. integral = 0.19431249E-04*
#  std. dev. = 0.11871929E-07   accum. std. dev = 0.49781252E-08*
#   min/max. wt. =    0.00000            0.523438E-09           *
#                                                               *
#*************   chi**2/iteration =  3.716       ****************


#********** Integration by Vegas (iteration      11) ************
#                                                               *
#  integral  = 0.19415374E-04   accum. integral = 0.19428715E-04*
#  std. dev. = 0.11892278E-07   accum. std. dev = 0.45809609E-08*
#   min/max. wt. =    0.00000            0.524145E-09           *
#                                                               *
#*************   chi**2/iteration =  3.480       ****************


#********** Integration by Vegas (iteration      12) ************
#                                                               *
#  integral  = 0.19431874E-04   accum. integral = 0.19429153E-04*
#  std. dev. = 0.11855466E-07   accum. std. dev = 0.42654232E-08*
#   min/max. wt. =    0.00000            0.391284E-09           *
#                                                               *
#*************   chi**2/iteration =  3.150       ****************


#********** Integration by Vegas (iteration      13) ************
#                                                               *
#  integral  = 0.19446832E-04   accum. integral = 0.19431215E-04*
#  std. dev. = 0.12155519E-07   accum. std. dev = 0.40201029E-08*
#   min/max. wt. =    0.00000            0.958143E-09           *
#                                                               *
#*************   chi**2/iteration =  3.037       ****************


#********** Integration by Vegas (iteration      14) ************
#                                                               *
#  integral  = 0.19431104E-04   accum. integral = 0.19431203E-04*
#  std. dev. = 0.11981096E-07   accum. std. dev = 0.38076392E-08*
#   min/max. wt. =    0.00000            0.485227E-09           *
#                                                               *
#*************   chi**2/iteration =  2.791       ****************


#********** Integration by Vegas (iteration      15) ************
#                                                               *
#  integral  = 0.19426152E-04   accum. integral = 0.19430716E-04*
#  std. dev. = 0.11995014E-07   accum. std. dev = 0.36265253E-08*
#   min/max. wt. =    0.00000            0.492605E-09           *
#                                                               *
#*************   chi**2/iteration =  2.593       ****************

 ****************************************************
 * Writing out vegas grid to ./data/output.grid                                                      
 ****************************************************

  Input parameters for vegas:  ndim=  9   ncall= 99999999.
                              it=    0    itmx=    2
                              acc=-1.00    
                              mds=  0     nd=  50
                              (xl,xu)= (  0.00000     ,  1.00000     )
                                       (  0.00000     ,  1.00000     )
                                       (  0.00000     ,  1.00000     )
                                       (  0.00000     ,  1.00000     )
                                       (  0.00000     ,  1.00000     )
                                       (  0.00000     ,  1.00000     )
                                       (  0.00000     ,  1.00000     )
                                       (  0.00000     ,  1.00000     )
                                       (  0.00000     ,  1.00000     )

#********** Integration by Vegas (iteration       1) ************
#                                                               *
#  integral  = 0.19429439E-04   accum. integral = 0.19429439E-04*
#  std. dev. = 0.11895421E-07   accum. std. dev = 0.11895421E-07*
#   min/max. wt. =    0.00000            0.649024E-09           *
#                                                               *
#*************   chi**2/iteration =  0.000       ****************


#********** Integration by Vegas (iteration       2) ************
#                                                               *
#  integral  = 0.19438395E-04   accum. integral = 0.19433852E-04*
#  std. dev. = 0.12075437E-07   accum. std. dev = 0.84742905E-08*
#   min/max. wt. =    0.00000            0.487010E-09           *
#                                                               *
#*************   chi**2/iteration = 0.2789       ****************

 Done
