SLURM job running in:  /work-zfs/lhc/heshy/JHUGen/xsecs/JHUGen/JHUGenerator
LHAPDF 6.1.5 loading /work-zfs/lhc/cms/slc6_amd64_gcc493/external/lhapdf/6.1.5-kpegke3/share/LHAPDF/NNPDF30_lo_as_0130/NNPDF30_lo_as_0130_0000.dat
NNPDF30_lo_as_0130 PDF set, member #0, version 2; LHAPDF ID = 263000
 extending no. of histograms for vbf tests
 
  
  ***************************************************************************************
  *                                JHU Generator v7.0.2                                 *
  ***************************************************************************************
  *                                                                                     *
  *   Spin and parity determination of single-produced resonances at hadron colliders   *
  *                                                                                     *
  *          I. Anderson, S. Bolognesi, F. Caola, Y. Gao, A. Gritsan, Z. Guo,           *
  *        C. Martin, K. Melnikov, R. Rontsch, H. Roskes, U. Sarica, M. Schulze,        *
  *                   N. Tran, A. Whitbeck, M. Xiao, C. You, Y. Zhou                    *
  *              Phys.Rev. D81 (2010) 075022;  arXiv:1001.3396  [hep-ph],               *
  *              Phys.Rev. D86 (2012) 095031;  arXiv:1208.4018  [hep-ph],               *
  *              Phys.Rev. D89 (2014) 035007;  arXiv:1309.4819  [hep-ph],               *
  *              Phys.Rev. D94 (2016) 055023;  arXiv:1606.03107 [hep-ph].               *
  *                                                                                     *
  ***************************************************************************************
  
   
   Command line: ./JHUGen Unweighted=0 VegasNc0=99999999 VegasNc1=99999999 VegasNc2=99999999 LHAPDF=NNPDF30_lo_as_0130/NNPDF30_lo_as_0130.info MReso=555 Process=60 deltaRcut=0 etajetcut=4.7 etalepcut=2.5 ghz1=0,0 ghzgs1_prime2=1,0 pTjetcut=25 pTlepcut=5
   
   Input Parameter:
    Collider: P-P, sqrt(s)=13000.00
    Resonance: spin=0, mass= 555.00 width=   0.00407
    Z-boson: mass=91.188, width=2.4952
    W-boson: mass=80.399, width=2.0850
    Jet cuts:
            pT >=    25.00 GeV
         |eta| <=     4.70
        DeltaR >=     0.00
           mJJ >=     0.00 GeV
    Random seed:    88553869
    To reproduce results using this seed, JHUGen should be compiled with the same compiler:
      GNU Fortran (GCC) 4.8.2
    
    WidthScheme:   2
    LHAPDF set NNPDF30_lo_as_0130/NNPDF30_lo_as_0130.info, member=  0
    Unweighted: F
    Intermediate off-shell photons: T
    
    spin-0-VV couplings: 
      generate_as=F
      ghg2=  0.10000000E+01  0.00000000E+00i
      ghzgs1_prime2=  0.00000000E+00  0.00000000E+00i,  Lambda_zgs1=  1.0000E+04
      Lambda=  1000.0
    
    LHE output: ./data/output.lhe
    Histogram output: ./data/output.dat
    Log file: ./data/output.log
    
  Running

  Input parameters for vegas:  ndim=  9   ncall= 99999999.
                              it=    0    itmx=   15
                              acc=-1.00    
                              mds=  0     nd=  50
                              (xl,xu)= (  0.00000     ,  1.00000     )
                                       (  0.00000     ,  1.00000     )
                                       (  0.00000     ,  1.00000     )
                                       (  0.00000     ,  1.00000     )
                                       (  0.00000     ,  1.00000     )
                                       (  0.00000     ,  1.00000     )
                                       (  0.00000     ,  1.00000     )
                                       (  0.00000     ,  1.00000     )
                                       (  0.00000     ,  1.00000     )

#********** Integration by Vegas (iteration       1) ************
#                                                               *
#  integral  = 0.13839106E-04   accum. integral = 0.13839106E-04*
#  std. dev. = 0.57833543E-05   accum. std. dev = 0.57833543E-05*
#   min/max. wt. =    0.00000            0.576718E-05           *
#                                                               *
#*************   chi**2/iteration = -.7728E-12   ****************


#********** Integration by Vegas (iteration       2) ************
#                                                               *
#  integral  = 0.11712841E-04   accum. integral = 0.11795973E-04*
#  std. dev. = 0.98734908E-06   accum. std. dev = 0.10593525E-05*
#   min/max. wt. =    0.00000            0.754614E-06           *
#                                                               *
#*************   chi**2/iteration = 0.1512       ****************


#********** Integration by Vegas (iteration       3) ************
#                                                               *
#  integral  = 0.12794628E-04   accum. integral = 0.12754553E-04*
#  std. dev. = 0.21616958E-06   accum. std. dev = 0.21206943E-06*
#   min/max. wt. =    0.00000            0.155775E-06           *
#                                                               *
#*************   chi**2/iteration = 0.5026       ****************


#********** Integration by Vegas (iteration       4) ************
#                                                               *
#  integral  = 0.13172838E-04   accum. integral = 0.13163288E-04*
#  std. dev. = 0.33330740E-07   accum. std. dev = 0.32272819E-07*
#   min/max. wt. =    0.00000            0.610613E-08           *
#                                                               *
#*************   chi**2/iteration =  1.579       ****************


#********** Integration by Vegas (iteration       5) ************
#                                                               *
#  integral  = 0.13289155E-04   accum. integral = 0.13274208E-04*
#  std. dev. = 0.12201712E-07   accum. std. dev = 0.11188769E-07*
#   min/max. wt. =    0.00000            0.923038E-09           *
#                                                               *
#*************   chi**2/iteration =  4.480       ****************


#********** Integration by Vegas (iteration       6) ************
#                                                               *
#  integral  = 0.13275928E-04   accum. integral = 0.13275282E-04*
#  std. dev. = 0.88801578E-08   accum. std. dev = 0.68858743E-08*
#   min/max. wt. =    0.00000            0.492792E-09           *
#                                                               *
#*************   chi**2/iteration =  3.560       ****************


#********** Integration by Vegas (iteration       7) ************
#                                                               *
#  integral  = 0.13272555E-04   accum. integral = 0.13274134E-04*
#  std. dev. = 0.82275485E-08   accum. std. dev = 0.52542454E-08*
#   min/max. wt. =    0.00000            0.285936E-09           *
#                                                               *
#*************   chi**2/iteration =  2.962       ****************


#********** Integration by Vegas (iteration       8) ************
#                                                               *
#  integral  = 0.13270932E-04   accum. integral = 0.13273141E-04*
#  std. dev. = 0.79623306E-08   accum. std. dev = 0.43731744E-08*
#   min/max. wt. =    0.00000            0.218555E-09           *
#                                                               *
#*************   chi**2/iteration =  2.545       ****************


#********** Integration by Vegas (iteration       9) ************
#                                                               *
#  integral  = 0.13273371E-04   accum. integral = 0.13273196E-04*
#  std. dev. = 0.79048957E-08   accum. std. dev = 0.38200602E-08*
#   min/max. wt. =    0.00000            0.457449E-09           *
#                                                               *
#*************   chi**2/iteration =  2.220       ****************


#********** Integration by Vegas (iteration      10) ************
#                                                               *
#  integral  = 0.13282212E-04   accum. integral = 0.13274925E-04*
#  std. dev. = 0.79456194E-08   accum. std. dev = 0.34388928E-08*
#   min/max. wt. =    0.00000            0.405422E-09           *
#                                                               *
#*************   chi**2/iteration =  2.087       ****************


#********** Integration by Vegas (iteration      11) ************
#                                                               *
#  integral  = 0.13277644E-04   accum. integral = 0.13275366E-04*
#  std. dev. = 0.79088443E-08   accum. std. dev = 0.31512273E-08*
#   min/max. wt. =    0.00000            0.275508E-09           *
#                                                               *
#*************   chi**2/iteration =  1.884       ****************


#********** Integration by Vegas (iteration      12) ************
#                                                               *
#  integral  = 0.13276621E-04   accum. integral = 0.13275539E-04*
#  std. dev. = 0.79613710E-08   accum. std. dev = 0.29284877E-08*
#   min/max. wt. =    0.00000            0.520332E-09           *
#                                                               *
#*************   chi**2/iteration =  1.712       ****************


#********** Integration by Vegas (iteration      13) ************
#                                                               *
#  integral  = 0.13273104E-04   accum. integral = 0.13275245E-04*
#  std. dev. = 0.79842584E-08   accum. std. dev = 0.27483422E-08*
#   min/max. wt. =    0.00000            0.347199E-09           *
#                                                               *
#*************   chi**2/iteration =  1.574       ****************


#********** Integration by Vegas (iteration      14) ************
#                                                               *
#  integral  = 0.13273735E-04   accum. integral = 0.13275085E-04*
#  std. dev. = 0.80354559E-08   accum. std. dev = 0.25997138E-08*
#   min/max. wt. =    0.00000            0.353356E-09           *
#                                                               *
#*************   chi**2/iteration =  1.454       ****************


#********** Integration by Vegas (iteration      15) ************
#                                                               *
#  integral  = 0.13269361E-04   accum. integral = 0.13274536E-04*
#  std. dev. = 0.80437481E-08   accum. std. dev = 0.24732067E-08*
#   min/max. wt. =    0.00000            0.203002E-09           *
#                                                               *
#*************   chi**2/iteration =  1.382       ****************

 ****************************************************
 * Writing out vegas grid to ./data/output.grid                                                      
 ****************************************************

  Input parameters for vegas:  ndim=  9   ncall= 99999999.
                              it=    0    itmx=    2
                              acc=-1.00    
                              mds=  0     nd=  50
                              (xl,xu)= (  0.00000     ,  1.00000     )
                                       (  0.00000     ,  1.00000     )
                                       (  0.00000     ,  1.00000     )
                                       (  0.00000     ,  1.00000     )
                                       (  0.00000     ,  1.00000     )
                                       (  0.00000     ,  1.00000     )
                                       (  0.00000     ,  1.00000     )
                                       (  0.00000     ,  1.00000     )
                                       (  0.00000     ,  1.00000     )

#********** Integration by Vegas (iteration       1) ************
#                                                               *
#  integral  = 0.13277330E-04   accum. integral = 0.13277330E-04*
#  std. dev. = 0.82364842E-08   accum. std. dev = 0.82364842E-08*
#   min/max. wt. =    0.00000            0.378884E-09           *
#                                                               *
#*************   chi**2/iteration = -.7621E-06   ****************


#********** Integration by Vegas (iteration       2) ************
#                                                               *
#  integral  = 0.13279669E-04   accum. integral = 0.13278490E-04*
#  std. dev. = 0.83064514E-08   accum. std. dev = 0.58486584E-08*
#   min/max. wt. =    0.00000            0.521629E-09           *
#                                                               *
#*************   chi**2/iteration = 0.3994E-01   ****************

 Done
