SLURM job running in:  /work-zfs/lhc/heshy/JHUGen/xsecs/JHUGen/JHUGenerator
LHAPDF 6.1.5 loading /work-zfs/lhc/cms/slc6_amd64_gcc493/external/lhapdf/6.1.5-kpegke3/share/LHAPDF/NNPDF30_lo_as_0130/NNPDF30_lo_as_0130_0000.dat
NNPDF30_lo_as_0130 PDF set, member #0, version 2; LHAPDF ID = 263000
 extending no. of histograms for vbf tests
 
  
  ***************************************************************************************
  *                                JHU Generator v7.0.2                                 *
  ***************************************************************************************
  *                                                                                     *
  *   Spin and parity determination of single-produced resonances at hadron colliders   *
  *                                                                                     *
  *          I. Anderson, S. Bolognesi, F. Caola, Y. Gao, A. Gritsan, Z. Guo,           *
  *        C. Martin, K. Melnikov, R. Rontsch, H. Roskes, U. Sarica, M. Schulze,        *
  *                   N. Tran, A. Whitbeck, M. Xiao, C. You, Y. Zhou                    *
  *              Phys.Rev. D81 (2010) 075022;  arXiv:1001.3396  [hep-ph],               *
  *              Phys.Rev. D86 (2012) 095031;  arXiv:1208.4018  [hep-ph],               *
  *              Phys.Rev. D89 (2014) 035007;  arXiv:1309.4819  [hep-ph],               *
  *              Phys.Rev. D94 (2016) 055023;  arXiv:1606.03107 [hep-ph].               *
  *                                                                                     *
  ***************************************************************************************
  
   
   Command line: ./JHUGen Unweighted=0 VegasNc0=99999999 VegasNc1=99999999 VegasNc2=99999999 LHAPDF=NNPDF30_lo_as_0130/NNPDF30_lo_as_0130.info MReso=560 Process=60 deltaRcut=0 etajetcut=4.7 etalepcut=2.5 ghz1=0,0 ghzgs1_prime2=1,0 pTjetcut=25 pTlepcut=5
   
   Input Parameter:
    Collider: P-P, sqrt(s)=13000.00
    Resonance: spin=0, mass= 560.00 width=   0.00407
    Z-boson: mass=91.188, width=2.4952
    W-boson: mass=80.399, width=2.0850
    Jet cuts:
            pT >=    25.00 GeV
         |eta| <=     4.70
        DeltaR >=     0.00
           mJJ >=     0.00 GeV
    Random seed:   343310202
    To reproduce results using this seed, JHUGen should be compiled with the same compiler:
      GNU Fortran (GCC) 4.8.2
    
    WidthScheme:   2
    LHAPDF set NNPDF30_lo_as_0130/NNPDF30_lo_as_0130.info, member=  0
    Unweighted: F
    Intermediate off-shell photons: T
    
    spin-0-VV couplings: 
      generate_as=F
      ghg2=  0.10000000E+01  0.00000000E+00i
      ghzgs1_prime2=  0.00000000E+00  0.00000000E+00i,  Lambda_zgs1=  1.0000E+04
      Lambda=  1000.0
    
    LHE output: ./data/output.lhe
    Histogram output: ./data/output.dat
    Log file: ./data/output.log
    
  Running

  Input parameters for vegas:  ndim=  9   ncall= 99999999.
                              it=    0    itmx=   15
                              acc=-1.00    
                              mds=  0     nd=  50
                              (xl,xu)= (  0.00000     ,  1.00000     )
                                       (  0.00000     ,  1.00000     )
                                       (  0.00000     ,  1.00000     )
                                       (  0.00000     ,  1.00000     )
                                       (  0.00000     ,  1.00000     )
                                       (  0.00000     ,  1.00000     )
                                       (  0.00000     ,  1.00000     )
                                       (  0.00000     ,  1.00000     )
                                       (  0.00000     ,  1.00000     )

#********** Integration by Vegas (iteration       1) ************
#                                                               *
#  integral  = 0.10800537E-04   accum. integral = 0.10800537E-04*
#  std. dev. = 0.19087367E-05   accum. std. dev = 0.19087367E-05*
#   min/max. wt. =    0.00000            0.153680E-05           *
#                                                               *
#*************   chi**2/iteration =  0.000       ****************


#********** Integration by Vegas (iteration       2) ************
#                                                               *
#  integral  = 0.11902635E-04   accum. integral = 0.11689186E-04*
#  std. dev. = 0.10309210E-05   accum. std. dev = 0.88390378E-06*
#   min/max. wt. =    0.00000            0.672684E-06           *
#                                                               *
#*************   chi**2/iteration = 0.2425       ****************


#********** Integration by Vegas (iteration       3) ************
#                                                               *
#  integral  = 0.13710052E-04   accum. integral = 0.12831333E-04*
#  std. dev. = 0.93527728E-06   accum. std. dev = 0.62552033E-06*
#   min/max. wt. =    0.00000            0.881469E-06           *
#                                                               *
#*************   chi**2/iteration =  1.387       ****************


#********** Integration by Vegas (iteration       4) ************
#                                                               *
#  integral  = 0.13102458E-04   accum. integral = 0.13099644E-04*
#  std. dev. = 0.68826844E-07   accum. std. dev = 0.64951695E-07*
#   min/max. wt. =    0.00000            0.307916E-07           *
#                                                               *
#*************   chi**2/iteration = 0.9503       ****************


#********** Integration by Vegas (iteration       5) ************
#                                                               *
#  integral  = 0.13132613E-04   accum. integral = 0.13131026E-04*
#  std. dev. = 0.15434734E-07   accum. std. dev = 0.14417140E-07*
#   min/max. wt. =    0.00000            0.110107E-08           *
#                                                               *
#*************   chi**2/iteration = 0.7565       ****************


#********** Integration by Vegas (iteration       6) ************
#                                                               *
#  integral  = 0.13109893E-04   accum. integral = 0.13116149E-04*
#  std. dev. = 0.97479966E-08   accum. std. dev = 0.79008676E-08*
#   min/max. wt. =    0.00000            0.156889E-08           *
#                                                               *
#*************   chi**2/iteration = 0.8947       ****************


#********** Integration by Vegas (iteration       7) ************
#                                                               *
#  integral  = 0.13107483E-04   accum. integral = 0.13111994E-04*
#  std. dev. = 0.85192086E-08   accum. std. dev = 0.57288610E-08*
#   min/max. wt. =    0.00000            0.412488E-09           *
#                                                               *
#*************   chi**2/iteration = 0.8332       ****************


#********** Integration by Vegas (iteration       8) ************
#                                                               *
#  integral  = 0.13131894E-04   accum. integral = 0.13119011E-04*
#  std. dev. = 0.80081459E-08   accum. std. dev = 0.46279036E-08*
#   min/max. wt. =    0.00000            0.311972E-09           *
#                                                               *
#*************   chi**2/iteration =  1.311       ****************


#********** Integration by Vegas (iteration       9) ************
#                                                               *
#  integral  = 0.13109781E-04   accum. integral = 0.13116527E-04*
#  std. dev. = 0.78235032E-08   accum. std. dev = 0.39679269E-08*
#   min/max. wt. =    0.00000            0.234693E-09           *
#                                                               *
#*************   chi**2/iteration =  1.274       ****************


#********** Integration by Vegas (iteration      10) ************
#                                                               *
#  integral  = 0.13118387E-04   accum. integral = 0.13116925E-04*
#  std. dev. = 0.77835338E-08   accum. std. dev = 0.35262076E-08*
#   min/max. wt. =    0.00000            0.307982E-09           *
#                                                               *
#*************   chi**2/iteration =  1.132       ****************


#********** Integration by Vegas (iteration      11) ************
#                                                               *
#  integral  = 0.13097253E-04   accum. integral = 0.13113423E-04*
#  std. dev. = 0.77241809E-08   accum. std. dev = 0.32026460E-08*
#   min/max. wt. =    0.00000            0.269338E-09           *
#                                                               *
#*************   chi**2/iteration =  1.567       ****************


#********** Integration by Vegas (iteration      12) ************
#                                                               *
#  integral  = 0.13118851E-04   accum. integral = 0.13114222E-04*
#  std. dev. = 0.78563624E-08   accum. std. dev = 0.29622881E-08*
#   min/max. wt. =    0.00000            0.315649E-09           *
#                                                               *
#*************   chi**2/iteration =  1.459       ****************


#********** Integration by Vegas (iteration      13) ************
#                                                               *
#  integral  = 0.13117299E-04   accum. integral = 0.13114612E-04*
#  std. dev. = 0.79108815E-08   accum. std. dev = 0.27719184E-08*
#   min/max. wt. =    0.00000            0.688503E-09           *
#                                                               *
#*************   chi**2/iteration =  1.345       ****************


#********** Integration by Vegas (iteration      14) ************
#                                                               *
#  integral  = 0.13112332E-04   accum. integral = 0.13114357E-04*
#  std. dev. = 0.79283521E-08   accum. std. dev = 0.26150518E-08*
#   min/max. wt. =    0.00000            0.396202E-09           *
#                                                               *
#*************   chi**2/iteration =  1.244       ****************


#********** Integration by Vegas (iteration      15) ************
#                                                               *
#  integral  = 0.13122191E-04   accum. integral = 0.13115148E-04*
#  std. dev. = 0.79206813E-08   accum. std. dev = 0.24819990E-08*
#   min/max. wt. =    0.00000            0.290374E-09           *
#                                                               *
#*************   chi**2/iteration =  1.218       ****************

 ****************************************************
 * Writing out vegas grid to ./data/output.grid                                                      
 ****************************************************

  Input parameters for vegas:  ndim=  9   ncall= 99999999.
                              it=    0    itmx=    2
                              acc=-1.00    
                              mds=  0     nd=  50
                              (xl,xu)= (  0.00000     ,  1.00000     )
                                       (  0.00000     ,  1.00000     )
                                       (  0.00000     ,  1.00000     )
                                       (  0.00000     ,  1.00000     )
                                       (  0.00000     ,  1.00000     )
                                       (  0.00000     ,  1.00000     )
                                       (  0.00000     ,  1.00000     )
                                       (  0.00000     ,  1.00000     )
                                       (  0.00000     ,  1.00000     )

#********** Integration by Vegas (iteration       1) ************
#                                                               *
#  integral  = 0.13108438E-04   accum. integral = 0.13108438E-04*
#  std. dev. = 0.79833460E-08   accum. std. dev = 0.79833460E-08*
#   min/max. wt. =    0.00000            0.751135E-09           *
#                                                               *
#*************   chi**2/iteration =  0.000       ****************


#********** Integration by Vegas (iteration       2) ************
#                                                               *
#  integral  = 0.13117263E-04   accum. integral = 0.13112827E-04*
#  std. dev. = 0.80311873E-08   accum. std. dev = 0.56619282E-08*
#   min/max. wt. =    0.00000            0.487929E-09           *
#                                                               *
#*************   chi**2/iteration = 0.6068       ****************

 Done
