SLURM job running in:  /work-zfs/lhc/heshy/JHUGen/xsecs/JHUGen/JHUGenerator
LHAPDF 6.1.5 loading /work-zfs/lhc/cms/slc6_amd64_gcc493/external/lhapdf/6.1.5-kpegke3/share/LHAPDF/NNPDF30_lo_as_0130/NNPDF30_lo_as_0130_0000.dat
NNPDF30_lo_as_0130 PDF set, member #0, version 2; LHAPDF ID = 263000
 extending no. of histograms for vbf tests
 
  
  ***************************************************************************************
  *                                JHU Generator v7.0.2                                 *
  ***************************************************************************************
  *                                                                                     *
  *   Spin and parity determination of single-produced resonances at hadron colliders   *
  *                                                                                     *
  *          I. Anderson, S. Bolognesi, F. Caola, Y. Gao, A. Gritsan, Z. Guo,           *
  *        C. Martin, K. Melnikov, R. Rontsch, H. Roskes, U. Sarica, M. Schulze,        *
  *                   N. Tran, A. Whitbeck, M. Xiao, C. You, Y. Zhou                    *
  *              Phys.Rev. D81 (2010) 075022;  arXiv:1001.3396  [hep-ph],               *
  *              Phys.Rev. D86 (2012) 095031;  arXiv:1208.4018  [hep-ph],               *
  *              Phys.Rev. D89 (2014) 035007;  arXiv:1309.4819  [hep-ph],               *
  *              Phys.Rev. D94 (2016) 055023;  arXiv:1606.03107 [hep-ph].               *
  *                                                                                     *
  ***************************************************************************************
  
   
   Command line: ./JHUGen Unweighted=0 VegasNc0=99999999 VegasNc1=99999999 VegasNc2=99999999 LHAPDF=NNPDF30_lo_as_0130/NNPDF30_lo_as_0130.info MReso=610 Process=60 deltaRcut=0 etajetcut=4.7 etalepcut=2.5 ghz1=0,0 ghzgs1_prime2=1,0 pTjetcut=25 pTlepcut=5
   
   Input Parameter:
    Collider: P-P, sqrt(s)=13000.00
    Resonance: spin=0, mass= 610.00 width=   0.00407
    Z-boson: mass=91.188, width=2.4952
    W-boson: mass=80.399, width=2.0850
    Jet cuts:
            pT >=    25.00 GeV
         |eta| <=     4.70
        DeltaR >=     0.00
           mJJ >=     0.00 GeV
    Random seed:   354694097
    To reproduce results using this seed, JHUGen should be compiled with the same compiler:
      GNU Fortran (GCC) 4.8.2
    
    WidthScheme:   2
    LHAPDF set NNPDF30_lo_as_0130/NNPDF30_lo_as_0130.info, member=  0
    Unweighted: F
    Intermediate off-shell photons: T
    
    spin-0-VV couplings: 
      generate_as=F
      ghg2=  0.10000000E+01  0.00000000E+00i
      ghzgs1_prime2=  0.00000000E+00  0.00000000E+00i,  Lambda_zgs1=  1.0000E+04
      Lambda=  1000.0
    
    LHE output: ./data/output.lhe
    Histogram output: ./data/output.dat
    Log file: ./data/output.log
    
  Running

  Input parameters for vegas:  ndim=  9   ncall= 99999999.
                              it=    0    itmx=   15
                              acc=-1.00    
                              mds=  0     nd=  50
                              (xl,xu)= (  0.00000     ,  1.00000     )
                                       (  0.00000     ,  1.00000     )
                                       (  0.00000     ,  1.00000     )
                                       (  0.00000     ,  1.00000     )
                                       (  0.00000     ,  1.00000     )
                                       (  0.00000     ,  1.00000     )
                                       (  0.00000     ,  1.00000     )
                                       (  0.00000     ,  1.00000     )
                                       (  0.00000     ,  1.00000     )

#********** Integration by Vegas (iteration       1) ************
#                                                               *
#  integral  = 0.86108130E-05   accum. integral = 0.86108130E-05*
#  std. dev. = 0.12922541E-05   accum. std. dev = 0.12922541E-05*
#   min/max. wt. =    0.00000            0.107466E-05           *
#                                                               *
#*************   chi**2/iteration =  0.000       ****************


#********** Integration by Vegas (iteration       2) ************
#                                                               *
#  integral  = 0.96717327E-05   accum. integral = 0.94583516E-05*
#  std. dev. = 0.72829322E-06   accum. std. dev = 0.61627866E-06*
#   min/max. wt. =    0.00000            0.568997E-06           *
#                                                               *
#*************   chi**2/iteration = 0.4757       ****************


#********** Integration by Vegas (iteration       3) ************
#                                                               *
#  integral  = 0.11196976E-04   accum. integral = 0.11063911E-04*
#  std. dev. = 0.21695045E-06   accum. std. dev = 0.18402986E-06*
#   min/max. wt. =    0.00000            0.125043E-06           *
#                                                               *
#*************   chi**2/iteration =  3.357       ****************


#********** Integration by Vegas (iteration       4) ************
#                                                               *
#  integral  = 0.11586117E-04   accum. integral = 0.11570692E-04*
#  std. dev. = 0.37637336E-07   accum. std. dev = 0.33075456E-07*
#   min/max. wt. =    0.00000            0.118523E-07           *
#                                                               *
#*************   chi**2/iteration =  4.428       ****************


#********** Integration by Vegas (iteration       5) ************
#                                                               *
#  integral  = 0.11619423E-04   accum. integral = 0.11614787E-04*
#  std. dev. = 0.12056439E-07   accum. std. dev = 0.10467201E-07*
#   min/max. wt. =    0.00000            0.187787E-08           *
#                                                               *
#*************   chi**2/iteration =  3.621       ****************


#********** Integration by Vegas (iteration       6) ************
#                                                               *
#  integral  = 0.11636959E-04   accum. integral = 0.11629677E-04*
#  std. dev. = 0.80323528E-08   accum. std. dev = 0.60998150E-08*
#   min/max. wt. =    0.00000            0.397037E-09           *
#                                                               *
#*************   chi**2/iteration =  3.384       ****************


#********** Integration by Vegas (iteration       7) ************
#                                                               *
#  integral  = 0.11630183E-04   accum. integral = 0.11629903E-04*
#  std. dev. = 0.73146122E-08   accum. std. dev = 0.45879003E-08*
#   min/max. wt. =    0.00000            0.491078E-09           *
#                                                               *
#*************   chi**2/iteration =  2.757       ****************


#********** Integration by Vegas (iteration       8) ************
#                                                               *
#  integral  = 0.11632365E-04   accum. integral = 0.11630706E-04*
#  std. dev. = 0.70325109E-08   accum. std. dev = 0.37983389E-08*
#   min/max. wt. =    0.00000            0.314281E-09           *
#                                                               *
#*************   chi**2/iteration =  2.336       ****************


#********** Integration by Vegas (iteration       9) ************
#                                                               *
#  integral  = 0.11635687E-04   accum. integral = 0.11631944E-04*
#  std. dev. = 0.69864190E-08   accum. std. dev = 0.33144180E-08*
#   min/max. wt. =    0.00000            0.345894E-09           *
#                                                               *
#*************   chi**2/iteration =  2.070       ****************


#********** Integration by Vegas (iteration      10) ************
#                                                               *
#  integral  = 0.11634740E-04   accum. integral = 0.11632503E-04*
#  std. dev. = 0.69617988E-08   accum. std. dev = 0.29796250E-08*
#   min/max. wt. =    0.00000            0.251856E-09           *
#                                                               *
#*************   chi**2/iteration =  1.837       ****************


#********** Integration by Vegas (iteration      11) ************
#                                                               *
#  integral  = 0.11635633E-04   accum. integral = 0.11633025E-04*
#  std. dev. = 0.69653242E-08   accum. std. dev = 0.27314992E-08*
#   min/max. wt. =    0.00000            0.410962E-09           *
#                                                               *
#*************   chi**2/iteration =  1.658       ****************


#********** Integration by Vegas (iteration      12) ************
#                                                               *
#  integral  = 0.11627653E-04   accum. integral = 0.11632259E-04*
#  std. dev. = 0.69676174E-08   accum. std. dev = 0.25379111E-08*
#   min/max. wt. =    0.00000            0.235248E-09           *
#                                                               *
#*************   chi**2/iteration =  1.547       ****************


#********** Integration by Vegas (iteration      13) ************
#                                                               *
#  integral  = 0.11640967E-04   accum. integral = 0.11633294E-04*
#  std. dev. = 0.71704763E-08   accum. std. dev = 0.23893246E-08*
#   min/max. wt. =    0.00000            0.451102E-09           *
#                                                               *
#*************   chi**2/iteration =  1.525       ****************


#********** Integration by Vegas (iteration      14) ************
#                                                               *
#  integral  = 0.11630190E-04   accum. integral = 0.11632953E-04*
#  std. dev. = 0.70268466E-08   accum. std. dev = 0.22596370E-08*
#   min/max. wt. =    0.00000            0.261570E-09           *
#                                                               *
#*************   chi**2/iteration =  1.415       ****************


#********** Integration by Vegas (iteration      15) ************
#                                                               *
#  integral  = 0.11640259E-04   accum. integral = 0.11633671E-04*
#  std. dev. = 0.70658585E-08   accum. std. dev = 0.21504311E-08*
#   min/max. wt. =    0.00000            0.226855E-09           *
#                                                               *
#*************   chi**2/iteration =  1.382       ****************

 ****************************************************
 * Writing out vegas grid to ./data/output.grid                                                      
 ****************************************************

  Input parameters for vegas:  ndim=  9   ncall= 99999999.
                              it=    0    itmx=    2
                              acc=-1.00    
                              mds=  0     nd=  50
                              (xl,xu)= (  0.00000     ,  1.00000     )
                                       (  0.00000     ,  1.00000     )
                                       (  0.00000     ,  1.00000     )
                                       (  0.00000     ,  1.00000     )
                                       (  0.00000     ,  1.00000     )
                                       (  0.00000     ,  1.00000     )
                                       (  0.00000     ,  1.00000     )
                                       (  0.00000     ,  1.00000     )
                                       (  0.00000     ,  1.00000     )

#********** Integration by Vegas (iteration       1) ************
#                                                               *
#  integral  = 0.11634022E-04   accum. integral = 0.11634022E-04*
#  std. dev. = 0.70696807E-08   accum. std. dev = 0.70696807E-08*
#   min/max. wt. =    0.00000            0.241016E-09           *
#                                                               *
#*************   chi**2/iteration =  0.000       ****************


#********** Integration by Vegas (iteration       2) ************
#                                                               *
#  integral  = 0.11625410E-04   accum. integral = 0.11629782E-04*
#  std. dev. = 0.71735176E-08   accum. std. dev = 0.50353024E-08*
#   min/max. wt. =    0.00000            0.288432E-09           *
#                                                               *
#*************   chi**2/iteration = 0.7304       ****************

 Done
