SLURM job running in:  /work-zfs/lhc/heshy/JHUGen/xsecs/JHUGen/JHUGenerator
LHAPDF 6.1.5 loading /work-zfs/lhc/cms/slc6_amd64_gcc493/external/lhapdf/6.1.5-kpegke3/share/LHAPDF/NNPDF30_lo_as_0130/NNPDF30_lo_as_0130_0000.dat
NNPDF30_lo_as_0130 PDF set, member #0, version 2; LHAPDF ID = 263000
 extending no. of histograms for vbf tests
 
  
  ***************************************************************************************
  *                                JHU Generator v7.0.2                                 *
  ***************************************************************************************
  *                                                                                     *
  *   Spin and parity determination of single-produced resonances at hadron colliders   *
  *                                                                                     *
  *          I. Anderson, S. Bolognesi, F. Caola, Y. Gao, A. Gritsan, Z. Guo,           *
  *        C. Martin, K. Melnikov, R. Rontsch, H. Roskes, U. Sarica, M. Schulze,        *
  *                   N. Tran, A. Whitbeck, M. Xiao, C. You, Y. Zhou                    *
  *              Phys.Rev. D81 (2010) 075022;  arXiv:1001.3396  [hep-ph],               *
  *              Phys.Rev. D86 (2012) 095031;  arXiv:1208.4018  [hep-ph],               *
  *              Phys.Rev. D89 (2014) 035007;  arXiv:1309.4819  [hep-ph],               *
  *              Phys.Rev. D94 (2016) 055023;  arXiv:1606.03107 [hep-ph].               *
  *                                                                                     *
  ***************************************************************************************
  
   
   Command line: ./JHUGen Unweighted=0 VegasNc0=99999999 VegasNc1=99999999 VegasNc2=99999999 LHAPDF=NNPDF30_lo_as_0130/NNPDF30_lo_as_0130.info MReso=645 Process=60 deltaRcut=0 etajetcut=4.7 etalepcut=2.5 ghz1=0,0 ghzgs1_prime2=1,0 pTjetcut=25 pTlepcut=5
   
   Input Parameter:
    Collider: P-P, sqrt(s)=13000.00
    Resonance: spin=0, mass= 645.00 width=   0.00407
    Z-boson: mass=91.188, width=2.4952
    W-boson: mass=80.399, width=2.0850
    Jet cuts:
            pT >=    25.00 GeV
         |eta| <=     4.70
        DeltaR >=     0.00
           mJJ >=     0.00 GeV
    Random seed:     3409905
    To reproduce results using this seed, JHUGen should be compiled with the same compiler:
      GNU Fortran (GCC) 4.8.2
    
    WidthScheme:   2
    LHAPDF set NNPDF30_lo_as_0130/NNPDF30_lo_as_0130.info, member=  0
    Unweighted: F
    Intermediate off-shell photons: T
    
    spin-0-VV couplings: 
      generate_as=F
      ghg2=  0.10000000E+01  0.00000000E+00i
      ghzgs1_prime2=  0.00000000E+00  0.00000000E+00i,  Lambda_zgs1=  1.0000E+04
      Lambda=  1000.0
    
    LHE output: ./data/output.lhe
    Histogram output: ./data/output.dat
    Log file: ./data/output.log
    
  Running

  Input parameters for vegas:  ndim=  9   ncall= 99999999.
                              it=    0    itmx=   15
                              acc=-1.00    
                              mds=  0     nd=  50
                              (xl,xu)= (  0.00000     ,  1.00000     )
                                       (  0.00000     ,  1.00000     )
                                       (  0.00000     ,  1.00000     )
                                       (  0.00000     ,  1.00000     )
                                       (  0.00000     ,  1.00000     )
                                       (  0.00000     ,  1.00000     )
                                       (  0.00000     ,  1.00000     )
                                       (  0.00000     ,  1.00000     )
                                       (  0.00000     ,  1.00000     )

#********** Integration by Vegas (iteration       1) ************
#                                                               *
#  integral  = 0.79317460E-05   accum. integral = 0.79317460E-05*
#  std. dev. = 0.12356941E-05   accum. std. dev = 0.12356941E-05*
#   min/max. wt. =    0.00000            0.825395E-06           *
#                                                               *
#*************   chi**2/iteration =  0.000       ****************


#********** Integration by Vegas (iteration       2) ************
#                                                               *
#  integral  = 0.84791291E-05   accum. integral = 0.84079068E-05*
#  std. dev. = 0.51088667E-06   accum. std. dev = 0.46136819E-06*
#   min/max. wt. =    0.00000            0.330611E-06           *
#                                                               *
#*************   chi**2/iteration = 0.1592       ****************


#********** Integration by Vegas (iteration       3) ************
#                                                               *
#  integral  = 0.10528126E-04   accum. integral = 0.10373928E-04*
#  std. dev. = 0.16569200E-06   accum. std. dev = 0.13713603E-06*
#   min/max. wt. =    0.00000            0.895219E-07           *
#                                                               *
#*************   chi**2/iteration =  8.122       ****************


#********** Integration by Vegas (iteration       4) ************
#                                                               *
#  integral  = 0.10749043E-04   accum. integral = 0.10736628E-04*
#  std. dev. = 0.30138221E-07   accum. std. dev = 0.26198618E-07*
#   min/max. wt. =    0.00000            0.984949E-08           *
#                                                               *
#*************   chi**2/iteration =  7.097       ****************


#********** Integration by Vegas (iteration       5) ************
#                                                               *
#  integral  = 0.10706156E-04   accum. integral = 0.10709118E-04*
#  std. dev. = 0.96845688E-08   accum. std. dev = 0.83845304E-08*
#   min/max. wt. =    0.00000            0.890279E-09           *
#                                                               *
#*************   chi**2/iteration =  5.340       ****************


#********** Integration by Vegas (iteration       6) ************
#                                                               *
#  integral  = 0.10702740E-04   accum. integral = 0.10705130E-04*
#  std. dev. = 0.71230056E-08   accum. std. dev = 0.52197436E-08*
#   min/max. wt. =    0.00000            0.353664E-09           *
#                                                               *
#*************   chi**2/iteration =  4.202       ****************


#********** Integration by Vegas (iteration       7) ************
#                                                               *
#  integral  = 0.10711785E-04   accum. integral = 0.10707955E-04*
#  std. dev. = 0.65643594E-08   accum. std. dev = 0.40068248E-08*
#   min/max. wt. =    0.00000            0.371031E-09           *
#                                                               *
#*************   chi**2/iteration =  3.533       ****************


#********** Integration by Vegas (iteration       8) ************
#                                                               *
#  integral  = 0.10715754E-04   accum. integral = 0.10710386E-04*
#  std. dev. = 0.63572608E-08   accum. std. dev = 0.33531787E-08*
#   min/max. wt. =    0.00000            0.280934E-09           *
#                                                               *
#*************   chi**2/iteration =  3.142       ****************


#********** Integration by Vegas (iteration       9) ************
#                                                               *
#  integral  = 0.10708668E-04   accum. integral = 0.10709971E-04*
#  std. dev. = 0.62828939E-08   accum. std. dev = 0.29392314E-08*
#   min/max. wt. =    0.00000            0.406748E-09           *
#                                                               *
#*************   chi**2/iteration =  2.721       ****************


#********** Integration by Vegas (iteration      10) ************
#                                                               *
#  integral  = 0.10717719E-04   accum. integral = 0.10711494E-04*
#  std. dev. = 0.62498664E-08   accum. std. dev = 0.26485205E-08*
#   min/max. wt. =    0.00000            0.359497E-09           *
#                                                               *
#*************   chi**2/iteration =  2.544       ****************


#********** Integration by Vegas (iteration      11) ************
#                                                               *
#  integral  = 0.10707716E-04   accum. integral = 0.10710896E-04*
#  std. dev. = 0.63881549E-08   accum. std. dev = 0.24403467E-08*
#   min/max. wt. =    0.00000            0.250699E-09           *
#                                                               *
#*************   chi**2/iteration =  2.302       ****************


#********** Integration by Vegas (iteration      12) ************
#                                                               *
#  integral  = 0.10699615E-04   accum. integral = 0.10709344E-04*
#  std. dev. = 0.63532130E-08   accum. std. dev = 0.22738982E-08*
#   min/max. wt. =    0.00000            0.387631E-09           *
#                                                               *
#*************   chi**2/iteration =  2.344       ****************


#********** Integration by Vegas (iteration      13) ************
#                                                               *
#  integral  = 0.10709559E-04   accum. integral = 0.10709370E-04*
#  std. dev. = 0.63432473E-08   accum. std. dev = 0.21375220E-08*
#   min/max. wt. =    0.00000            0.412875E-09           *
#                                                               *
#*************   chi**2/iteration =  2.137       ****************


#********** Integration by Vegas (iteration      14) ************
#                                                               *
#  integral  = 0.10709252E-04   accum. integral = 0.10709357E-04*
#  std. dev. = 0.63344317E-08   accum. std. dev = 0.20231481E-08*
#   min/max. wt. =    0.00000            0.219085E-09           *
#                                                               *
#*************   chi**2/iteration =  1.962       ****************


#********** Integration by Vegas (iteration      15) ************
#                                                               *
#  integral  = 0.10706087E-04   accum. integral = 0.10709045E-04*
#  std. dev. = 0.64311394E-08   accum. std. dev = 0.19284655E-08*
#   min/max. wt. =    0.00000            0.348260E-09           *
#                                                               *
#*************   chi**2/iteration =  1.832       ****************

 ****************************************************
 * Writing out vegas grid to ./data/output.grid                                                      
 ****************************************************

  Input parameters for vegas:  ndim=  9   ncall= 99999999.
                              it=    0    itmx=    2
                              acc=-1.00    
                              mds=  0     nd=  50
                              (xl,xu)= (  0.00000     ,  1.00000     )
                                       (  0.00000     ,  1.00000     )
                                       (  0.00000     ,  1.00000     )
                                       (  0.00000     ,  1.00000     )
                                       (  0.00000     ,  1.00000     )
                                       (  0.00000     ,  1.00000     )
                                       (  0.00000     ,  1.00000     )
                                       (  0.00000     ,  1.00000     )
                                       (  0.00000     ,  1.00000     )

#********** Integration by Vegas (iteration       1) ************
#                                                               *
#  integral  = 0.10710320E-04   accum. integral = 0.10710320E-04*
#  std. dev. = 0.65669867E-08   accum. std. dev = 0.65669867E-08*
#   min/max. wt. =    0.00000            0.389495E-09           *
#                                                               *
#*************   chi**2/iteration = -.2997E-06   ****************


#********** Integration by Vegas (iteration       2) ************
#                                                               *
#  integral  = 0.10711446E-04   accum. integral = 0.10710891E-04*
#  std. dev. = 0.64723936E-08   accum. std. dev = 0.46097497E-08*
#   min/max. wt. =    0.00000            0.507356E-09           *
#                                                               *
#*************   chi**2/iteration = 0.1490E-01   ****************

 Done
