SLURM job running in:  /work-zfs/lhc/heshy/JHUGen/xsecs/JHUGen/JHUGenerator
LHAPDF 6.1.5 loading /work-zfs/lhc/cms/slc6_amd64_gcc493/external/lhapdf/6.1.5-kpegke3/share/LHAPDF/NNPDF30_lo_as_0130/NNPDF30_lo_as_0130_0000.dat
NNPDF30_lo_as_0130 PDF set, member #0, version 2; LHAPDF ID = 263000
 extending no. of histograms for vbf tests
 
  
  ***************************************************************************************
  *                                JHU Generator v7.0.2                                 *
  ***************************************************************************************
  *                                                                                     *
  *   Spin and parity determination of single-produced resonances at hadron colliders   *
  *                                                                                     *
  *          I. Anderson, S. Bolognesi, F. Caola, Y. Gao, A. Gritsan, Z. Guo,           *
  *        C. Martin, K. Melnikov, R. Rontsch, H. Roskes, U. Sarica, M. Schulze,        *
  *                   N. Tran, A. Whitbeck, M. Xiao, C. You, Y. Zhou                    *
  *              Phys.Rev. D81 (2010) 075022;  arXiv:1001.3396  [hep-ph],               *
  *              Phys.Rev. D86 (2012) 095031;  arXiv:1208.4018  [hep-ph],               *
  *              Phys.Rev. D89 (2014) 035007;  arXiv:1309.4819  [hep-ph],               *
  *              Phys.Rev. D94 (2016) 055023;  arXiv:1606.03107 [hep-ph].               *
  *                                                                                     *
  ***************************************************************************************
  
   
   Command line: ./JHUGen Unweighted=0 VegasNc0=99999999 VegasNc1=99999999 VegasNc2=99999999 LHAPDF=NNPDF30_lo_as_0130/NNPDF30_lo_as_0130.info MReso=650 Process=60 deltaRcut=0 etajetcut=4.7 etalepcut=2.5 ghz1=0,0 ghzgs1_prime2=1,0 pTjetcut=25 pTlepcut=5
   
   Input Parameter:
    Collider: P-P, sqrt(s)=13000.00
    Resonance: spin=0, mass= 650.00 width=   0.00407
    Z-boson: mass=91.188, width=2.4952
    W-boson: mass=80.399, width=2.0850
    Jet cuts:
            pT >=    25.00 GeV
         |eta| <=     4.70
        DeltaR >=     0.00
           mJJ >=     0.00 GeV
    Random seed:   303874071
    To reproduce results using this seed, JHUGen should be compiled with the same compiler:
      GNU Fortran (GCC) 4.8.2
    
    WidthScheme:   2
    LHAPDF set NNPDF30_lo_as_0130/NNPDF30_lo_as_0130.info, member=  0
    Unweighted: F
    Intermediate off-shell photons: T
    
    spin-0-VV couplings: 
      generate_as=F
      ghg2=  0.10000000E+01  0.00000000E+00i
      ghzgs1_prime2=  0.00000000E+00  0.00000000E+00i,  Lambda_zgs1=  1.0000E+04
      Lambda=  1000.0
    
    LHE output: ./data/output.lhe
    Histogram output: ./data/output.dat
    Log file: ./data/output.log
    
  Running

  Input parameters for vegas:  ndim=  9   ncall= 99999999.
                              it=    0    itmx=   15
                              acc=-1.00    
                              mds=  0     nd=  50
                              (xl,xu)= (  0.00000     ,  1.00000     )
                                       (  0.00000     ,  1.00000     )
                                       (  0.00000     ,  1.00000     )
                                       (  0.00000     ,  1.00000     )
                                       (  0.00000     ,  1.00000     )
                                       (  0.00000     ,  1.00000     )
                                       (  0.00000     ,  1.00000     )
                                       (  0.00000     ,  1.00000     )
                                       (  0.00000     ,  1.00000     )

#********** Integration by Vegas (iteration       1) ************
#                                                               *
#  integral  = 0.58154779E-05   accum. integral = 0.58154779E-05*
#  std. dev. = 0.11540199E-06   accum. std. dev = 0.11540199E-06*
#   min/max. wt. =    0.00000            0.787199E-07           *
#                                                               *
#*************   chi**2/iteration =  0.000       ****************


#********** Integration by Vegas (iteration       2) ************
#                                                               *
#  integral  = 0.12056686E-04   accum. integral = 0.59094093E-05*
#  std. dev. = 0.19354934E-05   accum. std. dev = 0.18640987E-06*
#   min/max. wt. =    0.00000            0.140500E-05           *
#                                                               *
#*************   chi**2/iteration =  16.60       ****************


#********** Integration by Vegas (iteration       3) ************
#                                                               *
#  integral  = 0.10268037E-04   accum. integral = 0.76091063E-05*
#  std. dev. = 0.25292403E-06   accum. std. dev = 0.14982442E-06*
#   min/max. wt. =    0.00000            0.215893E-06           *
#                                                               *
#*************   chi**2/iteration =  108.5       ****************


#********** Integration by Vegas (iteration       4) ************
#                                                               *
#  integral  = 0.10571572E-04   accum. integral = 0.10436199E-04*
#  std. dev. = 0.35583483E-07   accum. std. dev = 0.32732182E-07*
#   min/max. wt. =    0.00000            0.105854E-07           *
#                                                               *
#*************   chi**2/iteration =  188.3       ****************


#********** Integration by Vegas (iteration       5) ************
#                                                               *
#  integral  = 0.10585136E-04   accum. integral = 0.10571288E-04*
#  std. dev. = 0.11143938E-07   accum. std. dev = 0.10110587E-07*
#   min/max. wt. =    0.00000            0.134904E-08           *
#                                                               *
#*************   chi**2/iteration =  142.2       ****************


#********** Integration by Vegas (iteration       6) ************
#                                                               *
#  integral  = 0.10575247E-04   accum. integral = 0.10573942E-04*
#  std. dev. = 0.74342173E-08   accum. std. dev = 0.58523717E-08*
#   min/max. wt. =    0.00000            0.664844E-09           *
#                                                               *
#*************   chi**2/iteration =  111.9       ****************


#********** Integration by Vegas (iteration       7) ************
#                                                               *
#  integral  = 0.10581420E-04   accum. integral = 0.10577401E-04*
#  std. dev. = 0.65662225E-08   accum. std. dev = 0.43160969E-08*
#   min/max. wt. =    0.00000            0.286287E-09           *
#                                                               *
#*************   chi**2/iteration =  92.30       ****************


#********** Integration by Vegas (iteration       8) ************
#                                                               *
#  integral  = 0.10593403E-04   accum. integral = 0.10582678E-04*
#  std. dev. = 0.63728393E-08   accum. std. dev = 0.35494541E-08*
#   min/max. wt. =    0.00000            0.319235E-09           *
#                                                               *
#*************   chi**2/iteration =  79.04       ****************


#********** Integration by Vegas (iteration       9) ************
#                                                               *
#  integral  = 0.10592323E-04   accum. integral = 0.10585126E-04*
#  std. dev. = 0.62753905E-08   accum. std. dev = 0.30769030E-08*
#   min/max. wt. =    0.00000            0.172879E-09           *
#                                                               *
#*************   chi**2/iteration =  68.91       ****************


#********** Integration by Vegas (iteration      10) ************
#                                                               *
#  integral  = 0.10580504E-04   accum. integral = 0.10584179E-04*
#  std. dev. = 0.62205952E-08   accum. std. dev = 0.27509437E-08*
#   min/max. wt. =    0.00000            0.203737E-09           *
#                                                               *
#*************   chi**2/iteration =  60.98       ****************


#********** Integration by Vegas (iteration      11) ************
#                                                               *
#  integral  = 0.10591257E-04   accum. integral = 0.10585382E-04*
#  std. dev. = 0.62290753E-08   accum. std. dev = 0.25119731E-08*
#   min/max. wt. =    0.00000            0.292075E-09           *
#                                                               *
#*************   chi**2/iteration =  54.75       ****************


#********** Integration by Vegas (iteration      12) ************
#                                                               *
#  integral  = 0.10592190E-04   accum. integral = 0.10586356E-04*
#  std. dev. = 0.62828710E-08   accum. std. dev = 0.23296023E-08*
#   min/max. wt. =    0.00000            0.317105E-09           *
#                                                               *
#*************   chi**2/iteration =  49.68       ****************


#********** Integration by Vegas (iteration      13) ************
#                                                               *
#  integral  = 0.10579586E-04   accum. integral = 0.10585511E-04*
#  std. dev. = 0.62860605E-08   accum. std. dev = 0.21825695E-08*
#   min/max. wt. =    0.00000            0.331782E-09           *
#                                                               *
#*************   chi**2/iteration =  45.50       ****************


#********** Integration by Vegas (iteration      14) ************
#                                                               *
#  integral  = 0.10584664E-04   accum. integral = 0.10585418E-04*
#  std. dev. = 0.63173473E-08   accum. std. dev = 0.20615936E-08*
#   min/max. wt. =    0.00000            0.406176E-09           *
#                                                               *
#*************   chi**2/iteration =  41.89       ****************


#********** Integration by Vegas (iteration      15) ************
#                                                               *
#  integral  = 0.10592873E-04   accum. integral = 0.10586140E-04*
#  std. dev. = 0.64038056E-08   accum. std. dev = 0.19614589E-08*
#   min/max. wt. =    0.00000            0.266045E-09           *
#                                                               *
#*************   chi**2/iteration =  38.89       ****************

 ****************************************************
 * Writing out vegas grid to ./data/output.grid                                                      
 ****************************************************

  Input parameters for vegas:  ndim=  9   ncall= 99999999.
                              it=    0    itmx=    2
                              acc=-1.00    
                              mds=  0     nd=  50
                              (xl,xu)= (  0.00000     ,  1.00000     )
                                       (  0.00000     ,  1.00000     )
                                       (  0.00000     ,  1.00000     )
                                       (  0.00000     ,  1.00000     )
                                       (  0.00000     ,  1.00000     )
                                       (  0.00000     ,  1.00000     )
                                       (  0.00000     ,  1.00000     )
                                       (  0.00000     ,  1.00000     )
                                       (  0.00000     ,  1.00000     )

#********** Integration by Vegas (iteration       1) ************
#                                                               *
#  integral  = 0.10584602E-04   accum. integral = 0.10584602E-04*
#  std. dev. = 0.64171008E-08   accum. std. dev = 0.64171008E-08*
#   min/max. wt. =    0.00000            0.260610E-09           *
#                                                               *
#*************   chi**2/iteration = 0.3139E-06   ****************


#********** Integration by Vegas (iteration       2) ************
#                                                               *
#  integral  = 0.10582653E-04   accum. integral = 0.10583638E-04*
#  std. dev. = 0.64818140E-08   accum. std. dev = 0.45602787E-08*
#   min/max. wt. =    0.00000            0.451681E-09           *
#                                                               *
#*************   chi**2/iteration = 0.4561E-01   ****************

 Done
