SLURM job running in:  /work-zfs/lhc/heshy/JHUGen/xsecs/JHUGen/JHUGenerator
LHAPDF 6.1.5 loading /work-zfs/lhc/cms/slc6_amd64_gcc493/external/lhapdf/6.1.5-kpegke3/share/LHAPDF/NNPDF30_lo_as_0130/NNPDF30_lo_as_0130_0000.dat
NNPDF30_lo_as_0130 PDF set, member #0, version 2; LHAPDF ID = 263000
 extending no. of histograms for vbf tests
 
  
  ***************************************************************************************
  *                                JHU Generator v7.0.2                                 *
  ***************************************************************************************
  *                                                                                     *
  *   Spin and parity determination of single-produced resonances at hadron colliders   *
  *                                                                                     *
  *          I. Anderson, S. Bolognesi, F. Caola, Y. Gao, A. Gritsan, Z. Guo,           *
  *        C. Martin, K. Melnikov, R. Rontsch, H. Roskes, U. Sarica, M. Schulze,        *
  *                   N. Tran, A. Whitbeck, M. Xiao, C. You, Y. Zhou                    *
  *              Phys.Rev. D81 (2010) 075022;  arXiv:1001.3396  [hep-ph],               *
  *              Phys.Rev. D86 (2012) 095031;  arXiv:1208.4018  [hep-ph],               *
  *              Phys.Rev. D89 (2014) 035007;  arXiv:1309.4819  [hep-ph],               *
  *              Phys.Rev. D94 (2016) 055023;  arXiv:1606.03107 [hep-ph].               *
  *                                                                                     *
  ***************************************************************************************
  
   
   Command line: ./JHUGen Unweighted=0 VegasNc0=99999999 VegasNc1=99999999 VegasNc2=99999999 LHAPDF=NNPDF30_lo_as_0130/NNPDF30_lo_as_0130.info MReso=735 Process=60 deltaRcut=0 etajetcut=4.7 etalepcut=2.5 ghz1=0,0 ghzgs1_prime2=1,0 pTjetcut=25 pTlepcut=5
   
   Input Parameter:
    Collider: P-P, sqrt(s)=13000.00
    Resonance: spin=0, mass= 735.00 width=   0.00407
    Z-boson: mass=91.188, width=2.4952
    W-boson: mass=80.399, width=2.0850
    Jet cuts:
            pT >=    25.00 GeV
         |eta| <=     4.70
        DeltaR >=     0.00
           mJJ >=     0.00 GeV
    Random seed:   952683423
    To reproduce results using this seed, JHUGen should be compiled with the same compiler:
      GNU Fortran (GCC) 4.8.2
    
    WidthScheme:   2
    LHAPDF set NNPDF30_lo_as_0130/NNPDF30_lo_as_0130.info, member=  0
    Unweighted: F
    Intermediate off-shell photons: T
    
    spin-0-VV couplings: 
      generate_as=F
      ghg2=  0.10000000E+01  0.00000000E+00i
      ghzgs1_prime2=  0.00000000E+00  0.00000000E+00i,  Lambda_zgs1=  1.0000E+04
      Lambda=  1000.0
    
    LHE output: ./data/output.lhe
    Histogram output: ./data/output.dat
    Log file: ./data/output.log
    
  Running

  Input parameters for vegas:  ndim=  9   ncall= 99999999.
                              it=    0    itmx=   15
                              acc=-1.00    
                              mds=  0     nd=  50
                              (xl,xu)= (  0.00000     ,  1.00000     )
                                       (  0.00000     ,  1.00000     )
                                       (  0.00000     ,  1.00000     )
                                       (  0.00000     ,  1.00000     )
                                       (  0.00000     ,  1.00000     )
                                       (  0.00000     ,  1.00000     )
                                       (  0.00000     ,  1.00000     )
                                       (  0.00000     ,  1.00000     )
                                       (  0.00000     ,  1.00000     )

#********** Integration by Vegas (iteration       1) ************
#                                                               *
#  integral  = 0.49334687E-05   accum. integral = 0.49334687E-05*
#  std. dev. = 0.15407014E-06   accum. std. dev = 0.15407014E-06*
#   min/max. wt. =    0.00000            0.103091E-06           *
#                                                               *
#*************   chi**2/iteration =  0.000       ****************


#********** Integration by Vegas (iteration       2) ************
#                                                               *
#  integral  = 0.89500206E-05   accum. integral = 0.52027126E-05*
#  std. dev. = 0.10427421E-05   accum. std. dev = 0.21798252E-06*
#   min/max. wt. =    0.00000            0.862528E-06           *
#                                                               *
#*************   chi**2/iteration =  21.21       ****************


#********** Integration by Vegas (iteration       3) ************
#                                                               *
#  integral  = 0.86086238E-05   accum. integral = 0.77273185E-05*
#  std. dev. = 0.15342609E-06   accum. std. dev = 0.11837647E-06*
#   min/max. wt. =    0.00000            0.836133E-07           *
#                                                               *
#*************   chi**2/iteration =  88.66       ****************


#********** Integration by Vegas (iteration       4) ************
#                                                               *
#  integral  = 0.87613912E-05   accum. integral = 0.87217720E-05*
#  std. dev. = 0.26833618E-07   accum. std. dev = 0.23995444E-07*
#   min/max. wt. =    0.00000            0.127115E-07           *
#                                                               *
#*************   chi**2/iteration =  77.92       ****************


#********** Integration by Vegas (iteration       5) ************
#                                                               *
#  integral  = 0.86913221E-05   accum. integral = 0.86944430E-05*
#  std. dev. = 0.88213524E-08   accum. std. dev = 0.78216781E-08*
#   min/max. wt. =    0.00000            0.647294E-09           *
#                                                               *
#*************   chi**2/iteration =  56.73       ****************


#********** Integration by Vegas (iteration       6) ************
#                                                               *
#  integral  = 0.87038189E-05   accum. integral = 0.87007136E-05*
#  std. dev. = 0.58894418E-08   accum. std. dev = 0.45553850E-08*
#   min/max. wt. =    0.00000            0.461299E-09           *
#                                                               *
#*************   chi**2/iteration =  44.50       ****************


#********** Integration by Vegas (iteration       7) ************
#                                                               *
#  integral  = 0.87111530E-05   accum. integral = 0.87053910E-05*
#  std. dev. = 0.53502873E-08   accum. std. dev = 0.34131837E-08*
#   min/max. wt. =    0.00000            0.256182E-09           *
#                                                               *
#*************   chi**2/iteration =  36.85       ****************


#********** Integration by Vegas (iteration       8) ************
#                                                               *
#  integral  = 0.87087937E-05   accum. integral = 0.87064892E-05*
#  std. dev. = 0.51864784E-08   accum. std. dev = 0.28264655E-08*
#   min/max. wt. =    0.00000            0.151145E-09           *
#                                                               *
#*************   chi**2/iteration =  31.24       ****************


#********** Integration by Vegas (iteration       9) ************
#                                                               *
#  integral  = 0.87122451E-05   accum. integral = 0.87079263E-05*
#  std. dev. = 0.51097491E-08   accum. std. dev = 0.24601902E-08*
#   min/max. wt. =    0.00000            0.401520E-09           *
#                                                               *
#*************   chi**2/iteration =  27.20       ****************


#********** Integration by Vegas (iteration      10) ************
#                                                               *
#  integral  = 0.87074960E-05   accum. integral = 0.87078374E-05*
#  std. dev. = 0.49990960E-08   accum. std. dev = 0.21995138E-08*
#   min/max. wt. =    0.00000            0.250303E-09           *
#                                                               *
#*************   chi**2/iteration =  24.00       ****************


#********** Integration by Vegas (iteration      11) ************
#                                                               *
#  integral  = 0.87004182E-05   accum. integral = 0.87065543E-05*
#  std. dev. = 0.49663821E-08   accum. std. dev = 0.20062984E-08*
#   min/max. wt. =    0.00000            0.219552E-09           *
#                                                               *
#*************   chi**2/iteration =  21.66       ****************


#********** Integration by Vegas (iteration      12) ************
#                                                               *
#  integral  = 0.87047032E-05   accum. integral = 0.87062888E-05*
#  std. dev. = 0.50492798E-08   accum. std. dev = 0.18615239E-08*
#   min/max. wt. =    0.00000            0.263129E-09           *
#                                                               *
#*************   chi**2/iteration =  19.61       ****************


#********** Integration by Vegas (iteration      13) ************
#                                                               *
#  integral  = 0.87031882E-05   accum. integral = 0.87059158E-05*
#  std. dev. = 0.51708257E-08   accum. std. dev = 0.17496695E-08*
#   min/max. wt. =    0.00000            0.261402E-09           *
#                                                               *
#*************   chi**2/iteration =  17.92       ****************


#********** Integration by Vegas (iteration      14) ************
#                                                               *
#  integral  = 0.87015848E-05   accum. integral = 0.87054425E-05*
#  std. dev. = 0.51190277E-08   accum. std. dev = 0.16542583E-08*
#   min/max. wt. =    0.00000            0.203504E-09           *
#                                                               *
#*************   chi**2/iteration =  16.54       ****************


#********** Integration by Vegas (iteration      15) ************
#                                                               *
#  integral  = 0.87099571E-05   accum. integral = 0.87058845E-05*
#  std. dev. = 0.51415288E-08   accum. std. dev = 0.15737247E-08*
#   min/max. wt. =    0.00000            0.221173E-09           *
#                                                               *
#*************   chi**2/iteration =  15.36       ****************

 ****************************************************
 * Writing out vegas grid to ./data/output.grid                                                      
 ****************************************************

  Input parameters for vegas:  ndim=  9   ncall= 99999999.
                              it=    0    itmx=    2
                              acc=-1.00    
                              mds=  0     nd=  50
                              (xl,xu)= (  0.00000     ,  1.00000     )
                                       (  0.00000     ,  1.00000     )
                                       (  0.00000     ,  1.00000     )
                                       (  0.00000     ,  1.00000     )
                                       (  0.00000     ,  1.00000     )
                                       (  0.00000     ,  1.00000     )
                                       (  0.00000     ,  1.00000     )
                                       (  0.00000     ,  1.00000     )
                                       (  0.00000     ,  1.00000     )

#********** Integration by Vegas (iteration       1) ************
#                                                               *
#  integral  = 0.87010540E-05   accum. integral = 0.87010540E-05*
#  std. dev. = 0.51405105E-08   accum. std. dev = 0.51405105E-08*
#   min/max. wt. =    0.00000            0.220251E-09           *
#                                                               *
#*************   chi**2/iteration =  0.000       ****************


#********** Integration by Vegas (iteration       2) ************
#                                                               *
#  integral  = 0.87145117E-05   accum. integral = 0.87076625E-05*
#  std. dev. = 0.52413253E-08   accum. std. dev = 0.36700692E-08*
#   min/max. wt. =    0.00000            0.365160E-09           *
#                                                               *
#*************   chi**2/iteration =  3.357       ****************

 Done
