SLURM job running in:  /work-zfs/lhc/heshy/JHUGen/xsecs/JHUGen/JHUGenerator
LHAPDF 6.1.5 loading /work-zfs/lhc/cms/slc6_amd64_gcc493/external/lhapdf/6.1.5-kpegke3/share/LHAPDF/NNPDF30_lo_as_0130/NNPDF30_lo_as_0130_0000.dat
NNPDF30_lo_as_0130 PDF set, member #0, version 2; LHAPDF ID = 263000
 extending no. of histograms for vbf tests
 
  
  ***************************************************************************************
  *                                JHU Generator v7.0.2                                 *
  ***************************************************************************************
  *                                                                                     *
  *   Spin and parity determination of single-produced resonances at hadron colliders   *
  *                                                                                     *
  *          I. Anderson, S. Bolognesi, F. Caola, Y. Gao, A. Gritsan, Z. Guo,           *
  *        C. Martin, K. Melnikov, R. Rontsch, H. Roskes, U. Sarica, M. Schulze,        *
  *                   N. Tran, A. Whitbeck, M. Xiao, C. You, Y. Zhou                    *
  *              Phys.Rev. D81 (2010) 075022;  arXiv:1001.3396  [hep-ph],               *
  *              Phys.Rev. D86 (2012) 095031;  arXiv:1208.4018  [hep-ph],               *
  *              Phys.Rev. D89 (2014) 035007;  arXiv:1309.4819  [hep-ph],               *
  *              Phys.Rev. D94 (2016) 055023;  arXiv:1606.03107 [hep-ph].               *
  *                                                                                     *
  ***************************************************************************************
  
   
   Command line: ./JHUGen Unweighted=0 VegasNc0=99999999 VegasNc1=99999999 VegasNc2=99999999 LHAPDF=NNPDF30_lo_as_0130/NNPDF30_lo_as_0130.info MReso=745 Process=60 deltaRcut=0 etajetcut=4.7 etalepcut=2.5 ghz1=0,0 ghzgs1_prime2=1,0 pTjetcut=25 pTlepcut=5
   
   Input Parameter:
    Collider: P-P, sqrt(s)=13000.00
    Resonance: spin=0, mass= 745.00 width=   0.00407
    Z-boson: mass=91.188, width=2.4952
    W-boson: mass=80.399, width=2.0850
    Jet cuts:
            pT >=    25.00 GeV
         |eta| <=     4.70
        DeltaR >=     0.00
           mJJ >=     0.00 GeV
    Random seed:   606533709
    To reproduce results using this seed, JHUGen should be compiled with the same compiler:
      GNU Fortran (GCC) 4.8.2
    
    WidthScheme:   2
    LHAPDF set NNPDF30_lo_as_0130/NNPDF30_lo_as_0130.info, member=  0
    Unweighted: F
    Intermediate off-shell photons: T
    
    spin-0-VV couplings: 
      generate_as=F
      ghg2=  0.10000000E+01  0.00000000E+00i
      ghzgs1_prime2=  0.00000000E+00  0.00000000E+00i,  Lambda_zgs1=  1.0000E+04
      Lambda=  1000.0
    
    LHE output: ./data/output.lhe
    Histogram output: ./data/output.dat
    Log file: ./data/output.log
    
  Running

  Input parameters for vegas:  ndim=  9   ncall= 99999999.
                              it=    0    itmx=   15
                              acc=-1.00    
                              mds=  0     nd=  50
                              (xl,xu)= (  0.00000     ,  1.00000     )
                                       (  0.00000     ,  1.00000     )
                                       (  0.00000     ,  1.00000     )
                                       (  0.00000     ,  1.00000     )
                                       (  0.00000     ,  1.00000     )
                                       (  0.00000     ,  1.00000     )
                                       (  0.00000     ,  1.00000     )
                                       (  0.00000     ,  1.00000     )
                                       (  0.00000     ,  1.00000     )

#********** Integration by Vegas (iteration       1) ************
#                                                               *
#  integral  = 0.52393825E-05   accum. integral = 0.52393825E-05*
#  std. dev. = 0.51108356E-06   accum. std. dev = 0.51108356E-06*
#   min/max. wt. =    0.00000            0.503490E-06           *
#                                                               *
#*************   chi**2/iteration =  0.000       ****************


#********** Integration by Vegas (iteration       2) ************
#                                                               *
#  integral  = 0.69810280E-05   accum. integral = 0.63589615E-05*
#  std. dev. = 0.50760068E-06   accum. std. dev = 0.35980945E-06*
#   min/max. wt. =    0.00000            0.296024E-06           *
#                                                               *
#*************   chi**2/iteration =  5.374       ****************


#********** Integration by Vegas (iteration       3) ************
#                                                               *
#  integral  = 0.84186713E-05   accum. integral = 0.82440502E-05*
#  std. dev. = 0.14937447E-06   accum. std. dev = 0.11884536E-06*
#   min/max. wt. =    0.00000            0.527696E-07           *
#                                                               *
#*************   chi**2/iteration =  13.74       ****************


#********** Integration by Vegas (iteration       4) ************
#                                                               *
#  integral  = 0.85236544E-05   accum. integral = 0.85185188E-05*
#  std. dev. = 0.19791146E-07   accum. std. dev = 0.17049713E-07*
#   min/max. wt. =    0.00000            0.403225E-08           *
#                                                               *
#*************   chi**2/iteration =  9.790       ****************


#********** Integration by Vegas (iteration       5) ************
#                                                               *
#  integral  = 0.85013005E-05   accum. integral = 0.85034204E-05*
#  std. dev. = 0.73281690E-08   accum. std. dev = 0.61684449E-08*
#   min/max. wt. =    0.00000            0.713364E-09           *
#                                                               *
#*************   chi**2/iteration =  7.117       ****************


#********** Integration by Vegas (iteration       6) ************
#                                                               *
#  integral  = 0.85155140E-05   accum. integral = 0.85106915E-05*
#  std. dev. = 0.55979172E-08   accum. std. dev = 0.39729276E-08*
#   min/max. wt. =    0.00000            0.193702E-09           *
#                                                               *
#*************   chi**2/iteration =  5.918       ****************


#********** Integration by Vegas (iteration       7) ************
#                                                               *
#  integral  = 0.85199246E-05   accum. integral = 0.85143431E-05*
#  std. dev. = 0.53692487E-08   accum. std. dev = 0.31316811E-08*
#   min/max. wt. =    0.00000            0.324607E-09           *
#                                                               *
#*************   chi**2/iteration =  5.144       ****************


#********** Integration by Vegas (iteration       8) ************
#                                                               *
#  integral  = 0.85130184E-05   accum. integral = 0.85139448E-05*
#  std. dev. = 0.51452699E-08   accum. std. dev = 0.26450358E-08*
#   min/max. wt. =    0.00000            0.422573E-09           *
#                                                               *
#*************   chi**2/iteration =  4.330       ****************


#********** Integration by Vegas (iteration       9) ************
#                                                               *
#  integral  = 0.85110196E-05   accum. integral = 0.85132421E-05*
#  std. dev. = 0.50162652E-08   accum. std. dev = 0.23230439E-08*
#   min/max. wt. =    0.00000            0.188594E-09           *
#                                                               *
#*************   chi**2/iteration =  3.768       ****************


#********** Integration by Vegas (iteration      10) ************
#                                                               *
#  integral  = 0.85068377E-05   accum. integral = 0.85119790E-05*
#  std. dev. = 0.49580579E-08   accum. std. dev = 0.20937580E-08*
#   min/max. wt. =    0.00000            0.223295E-09           *
#                                                               *
#*************   chi**2/iteration =  3.475       ****************


#********** Integration by Vegas (iteration      11) ************
#                                                               *
#  integral  = 0.85037021E-05   accum. integral = 0.85106028E-05*
#  std. dev. = 0.49286775E-08   accum. std. dev = 0.19208958E-08*
#   min/max. wt. =    0.00000            0.163372E-09           *
#                                                               *
#*************   chi**2/iteration =  3.355       ****************


#********** Integration by Vegas (iteration      12) ************
#                                                               *
#  integral  = 0.85074014E-05   accum. integral = 0.85101552E-05*
#  std. dev. = 0.49870318E-08   accum. std. dev = 0.17886363E-08*
#   min/max. wt. =    0.00000            0.265700E-09           *
#                                                               *
#*************   chi**2/iteration =  3.061       ****************


#********** Integration by Vegas (iteration      13) ************
#                                                               *
#  integral  = 0.85049790E-05   accum. integral = 0.85095171E-05*
#  std. dev. = 0.49717387E-08   accum. std. dev = 0.16803221E-08*
#   min/max. wt. =    0.00000            0.188366E-09           *
#                                                               *
#*************   chi**2/iteration =  2.873       ****************


#********** Integration by Vegas (iteration      14) ************
#                                                               *
#  integral  = 0.85050062E-05   accum. integral = 0.85090237E-05*
#  std. dev. = 0.49809973E-08   accum. std. dev = 0.15902433E-08*
#   min/max. wt. =    0.00000            0.385381E-09           *
#                                                               *
#*************   chi**2/iteration =  2.697       ****************


#********** Integration by Vegas (iteration      15) ************
#                                                               *
#  integral  = 0.85114554E-05   accum. integral = 0.85092618E-05*
#  std. dev. = 0.50048226E-08   accum. std. dev = 0.15141679E-08*
#   min/max. wt. =    0.00000            0.167370E-09           *
#                                                               *
#*************   chi**2/iteration =  2.508       ****************

 ****************************************************
 * Writing out vegas grid to ./data/output.grid                                                      
 ****************************************************

  Input parameters for vegas:  ndim=  9   ncall= 99999999.
                              it=    0    itmx=    2
                              acc=-1.00    
                              mds=  0     nd=  50
                              (xl,xu)= (  0.00000     ,  1.00000     )
                                       (  0.00000     ,  1.00000     )
                                       (  0.00000     ,  1.00000     )
                                       (  0.00000     ,  1.00000     )
                                       (  0.00000     ,  1.00000     )
                                       (  0.00000     ,  1.00000     )
                                       (  0.00000     ,  1.00000     )
                                       (  0.00000     ,  1.00000     )
                                       (  0.00000     ,  1.00000     )

#********** Integration by Vegas (iteration       1) ************
#                                                               *
#  integral  = 0.85144153E-05   accum. integral = 0.85144153E-05*
#  std. dev. = 0.49898349E-08   accum. std. dev = 0.49898349E-08*
#   min/max. wt. =    0.00000            0.239190E-09           *
#                                                               *
#*************   chi**2/iteration =  0.000       ****************


#********** Integration by Vegas (iteration       2) ************
#                                                               *
#  integral  = 0.85089509E-05   accum. integral = 0.85116860E-05*
#  std. dev. = 0.49919824E-08   accum. std. dev = 0.35291046E-08*
#   min/max. wt. =    0.00000            0.201072E-09           *
#                                                               *
#*************   chi**2/iteration = 0.5988       ****************

 Done
