SLURM job running in:  /work-zfs/lhc/heshy/JHUGen/xsecs/JHUGen/JHUGenerator
LHAPDF 6.1.5 loading /work-zfs/lhc/cms/slc6_amd64_gcc493/external/lhapdf/6.1.5-kpegke3/share/LHAPDF/NNPDF30_lo_as_0130/NNPDF30_lo_as_0130_0000.dat
NNPDF30_lo_as_0130 PDF set, member #0, version 2; LHAPDF ID = 263000
 extending no. of histograms for vbf tests
 
  
  ***************************************************************************************
  *                                JHU Generator v7.0.2                                 *
  ***************************************************************************************
  *                                                                                     *
  *   Spin and parity determination of single-produced resonances at hadron colliders   *
  *                                                                                     *
  *          I. Anderson, S. Bolognesi, F. Caola, Y. Gao, A. Gritsan, Z. Guo,           *
  *        C. Martin, K. Melnikov, R. Rontsch, H. Roskes, U. Sarica, M. Schulze,        *
  *                   N. Tran, A. Whitbeck, M. Xiao, C. You, Y. Zhou                    *
  *              Phys.Rev. D81 (2010) 075022;  arXiv:1001.3396  [hep-ph],               *
  *              Phys.Rev. D86 (2012) 095031;  arXiv:1208.4018  [hep-ph],               *
  *              Phys.Rev. D89 (2014) 035007;  arXiv:1309.4819  [hep-ph],               *
  *              Phys.Rev. D94 (2016) 055023;  arXiv:1606.03107 [hep-ph].               *
  *                                                                                     *
  ***************************************************************************************
  
   
   Command line: ./JHUGen Unweighted=0 VegasNc0=99999999 VegasNc1=99999999 VegasNc2=99999999 LHAPDF=NNPDF30_lo_as_0130/NNPDF30_lo_as_0130.info MReso=755 Process=60 deltaRcut=0 etajetcut=4.7 etalepcut=2.5 ghz1=0,0 ghzgs1_prime2=1,0 pTjetcut=25 pTlepcut=5
   
   Input Parameter:
    Collider: P-P, sqrt(s)=13000.00
    Resonance: spin=0, mass= 755.00 width=   0.00407
    Z-boson: mass=91.188, width=2.4952
    W-boson: mass=80.399, width=2.0850
    Jet cuts:
            pT >=    25.00 GeV
         |eta| <=     4.70
        DeltaR >=     0.00
           mJJ >=     0.00 GeV
    Random seed:   308558709
    To reproduce results using this seed, JHUGen should be compiled with the same compiler:
      GNU Fortran (GCC) 4.8.2
    
    WidthScheme:   2
    LHAPDF set NNPDF30_lo_as_0130/NNPDF30_lo_as_0130.info, member=  0
    Unweighted: F
    Intermediate off-shell photons: T
    
    spin-0-VV couplings: 
      generate_as=F
      ghg2=  0.10000000E+01  0.00000000E+00i
      ghzgs1_prime2=  0.00000000E+00  0.00000000E+00i,  Lambda_zgs1=  1.0000E+04
      Lambda=  1000.0
    
    LHE output: ./data/output.lhe
    Histogram output: ./data/output.dat
    Log file: ./data/output.log
    
  Running

  Input parameters for vegas:  ndim=  9   ncall= 99999999.
                              it=    0    itmx=   15
                              acc=-1.00    
                              mds=  0     nd=  50
                              (xl,xu)= (  0.00000     ,  1.00000     )
                                       (  0.00000     ,  1.00000     )
                                       (  0.00000     ,  1.00000     )
                                       (  0.00000     ,  1.00000     )
                                       (  0.00000     ,  1.00000     )
                                       (  0.00000     ,  1.00000     )
                                       (  0.00000     ,  1.00000     )
                                       (  0.00000     ,  1.00000     )
                                       (  0.00000     ,  1.00000     )

#********** Integration by Vegas (iteration       1) ************
#                                                               *
#  integral  = 0.61696022E-05   accum. integral = 0.61696022E-05*
#  std. dev. = 0.10232818E-05   accum. std. dev = 0.10232818E-05*
#   min/max. wt. =    0.00000            0.932767E-06           *
#                                                               *
#*************   chi**2/iteration =  0.000       ****************


#********** Integration by Vegas (iteration       2) ************
#                                                               *
#  integral  = 0.15454407E-04   accum. integral = 0.72375005E-05*
#  std. dev. = 0.71101649E-05   accum. std. dev = 0.18359230E-05*
#   min/max. wt. =    0.00000            0.691155E-05           *
#                                                               *
#*************   chi**2/iteration =  2.601       ****************


#********** Integration by Vegas (iteration       3) ************
#                                                               *
#  integral  = 0.79129927E-05   accum. integral = 0.78889157E-05*
#  std. dev. = 0.23736637E-06   accum. std. dev = 0.31337768E-06*
#   min/max. wt. =    0.00000            0.103738E-06           *
#                                                               *
#*************   chi**2/iteration =  1.671       ****************


#********** Integration by Vegas (iteration       4) ************
#                                                               *
#  integral  = 0.83626809E-05   accum. integral = 0.83476460E-05*
#  std. dev. = 0.44597971E-07   accum. std. dev = 0.53093150E-07*
#   min/max. wt. =    0.00000            0.191027E-07           *
#                                                               *
#*************   chi**2/iteration =  2.047       ****************


#********** Integration by Vegas (iteration       5) ************
#                                                               *
#  integral  = 0.83227058E-05   accum. integral = 0.83240735E-05*
#  std. dev. = 0.10520242E-07   accum. std. dev = 0.12024575E-07*
#   min/max. wt. =    0.00000            0.247147E-08           *
#                                                               *
#*************   chi**2/iteration =  1.698       ****************


#********** Integration by Vegas (iteration       6) ************
#                                                               *
#  integral  = 0.83222849E-05   accum. integral = 0.83227566E-05*
#  std. dev. = 0.61213507E-08   accum. std. dev = 0.60314587E-08*
#   min/max. wt. =    0.00000            0.303985E-09           *
#                                                               *
#*************   chi**2/iteration =  1.427       ****************


#********** Integration by Vegas (iteration       7) ************
#                                                               *
#  integral  = 0.83271274E-05   accum. integral = 0.83249442E-05*
#  std. dev. = 0.52501941E-08   accum. std. dev = 0.41887976E-08*
#   min/max. wt. =    0.00000            0.299088E-09           *
#                                                               *
#*************   chi**2/iteration =  1.277       ****************


#********** Integration by Vegas (iteration       8) ************
#                                                               *
#  integral  = 0.83189633E-05   accum. integral = 0.83227983E-05*
#  std. dev. = 0.49604691E-08   accum. std. dev = 0.33087448E-08*
#   min/max. wt. =    0.00000            0.386335E-09           *
#                                                               *
#*************   chi**2/iteration =  1.232       ****************


#********** Integration by Vegas (iteration       9) ************
#                                                               *
#  integral  = 0.83237306E-05   accum. integral = 0.83230473E-05*
#  std. dev. = 0.49247468E-08   accum. std. dev = 0.28021253E-08*
#   min/max. wt. =    0.00000            0.149299E-09           *
#                                                               *
#*************   chi**2/iteration =  1.105       ****************


#********** Integration by Vegas (iteration      10) ************
#                                                               *
#  integral  = 0.83219937E-05   accum. integral = 0.83228219E-05*
#  std. dev. = 0.48777359E-08   accum. std. dev = 0.24624988E-08*
#   min/max. wt. =    0.00000            0.186044E-09           *
#                                                               *
#*************   chi**2/iteration =  1.003       ****************


#********** Integration by Vegas (iteration      11) ************
#                                                               *
#  integral  = 0.83188409E-05   accum. integral = 0.83221113E-05*
#  std. dev. = 0.48383772E-08   accum. std. dev = 0.22155263E-08*
#   min/max. wt. =    0.00000            0.309025E-09           *
#                                                               *
#*************   chi**2/iteration = 0.9633       ****************


#********** Integration by Vegas (iteration      12) ************
#                                                               *
#  integral  = 0.83134805E-05   accum. integral = 0.83208065E-05*
#  std. dev. = 0.48403645E-08   accum. std. dev = 0.20284072E-08*
#   min/max. wt. =    0.00000            0.222372E-09           *
#                                                               *
#*************   chi**2/iteration =  1.098       ****************


#********** Integration by Vegas (iteration      13) ************
#                                                               *
#  integral  = 0.83219842E-05   accum. integral = 0.83209568E-05*
#  std. dev. = 0.49265251E-08   accum. std. dev = 0.18845647E-08*
#   min/max. wt. =    0.00000            0.233145E-09           *
#                                                               *
#*************   chi**2/iteration =  1.021       ****************


#********** Integration by Vegas (iteration      14) ************
#                                                               *
#  integral  = 0.83281645E-05   accum. integral = 0.83217806E-05*
#  std. dev. = 0.49022119E-08   accum. std. dev = 0.17655485E-08*
#   min/max. wt. =    0.00000            0.136718E-09           *
#                                                               *
#*************   chi**2/iteration =  1.081       ****************


#********** Integration by Vegas (iteration      15) ************
#                                                               *
#  integral  = 0.83226348E-05   accum. integral = 0.83218652E-05*
#  std. dev. = 0.49958610E-08   accum. std. dev = 0.16691396E-08*
#   min/max. wt. =    0.00000            0.257538E-09           *
#                                                               *
#*************   chi**2/iteration =  1.013       ****************

 ****************************************************
 * Writing out vegas grid to ./data/output.grid                                                      
 ****************************************************

  Input parameters for vegas:  ndim=  9   ncall= 99999999.
                              it=    0    itmx=    2
                              acc=-1.00    
                              mds=  0     nd=  50
                              (xl,xu)= (  0.00000     ,  1.00000     )
                                       (  0.00000     ,  1.00000     )
                                       (  0.00000     ,  1.00000     )
                                       (  0.00000     ,  1.00000     )
                                       (  0.00000     ,  1.00000     )
                                       (  0.00000     ,  1.00000     )
                                       (  0.00000     ,  1.00000     )
                                       (  0.00000     ,  1.00000     )
                                       (  0.00000     ,  1.00000     )

#********** Integration by Vegas (iteration       1) ************
#                                                               *
#  integral  = 0.83235480E-05   accum. integral = 0.83235480E-05*
#  std. dev. = 0.50804235E-08   accum. std. dev = 0.50804235E-08*
#   min/max. wt. =    0.00000            0.247977E-09           *
#                                                               *
#*************   chi**2/iteration =  0.000       ****************


#********** Integration by Vegas (iteration       2) ************
#                                                               *
#  integral  = 0.83271190E-05   accum. integral = 0.83253393E-05*
#  std. dev. = 0.50662786E-08   accum. std. dev = 0.35873883E-08*
#   min/max. wt. =    0.00000            0.230098E-09           *
#                                                               *
#*************   chi**2/iteration = 0.2475       ****************

 Done
