SLURM job running in:  /work-zfs/lhc/heshy/JHUGen/xsecs/JHUGen/JHUGenerator
LHAPDF 6.1.5 loading /work-zfs/lhc/cms/slc6_amd64_gcc493/external/lhapdf/6.1.5-kpegke3/share/LHAPDF/NNPDF30_lo_as_0130/NNPDF30_lo_as_0130_0000.dat
NNPDF30_lo_as_0130 PDF set, member #0, version 2; LHAPDF ID = 263000
 extending no. of histograms for vbf tests
 
  
  ***************************************************************************************
  *                                JHU Generator v7.0.2                                 *
  ***************************************************************************************
  *                                                                                     *
  *   Spin and parity determination of single-produced resonances at hadron colliders   *
  *                                                                                     *
  *          I. Anderson, S. Bolognesi, F. Caola, Y. Gao, A. Gritsan, Z. Guo,           *
  *        C. Martin, K. Melnikov, R. Rontsch, H. Roskes, U. Sarica, M. Schulze,        *
  *                   N. Tran, A. Whitbeck, M. Xiao, C. You, Y. Zhou                    *
  *              Phys.Rev. D81 (2010) 075022;  arXiv:1001.3396  [hep-ph],               *
  *              Phys.Rev. D86 (2012) 095031;  arXiv:1208.4018  [hep-ph],               *
  *              Phys.Rev. D89 (2014) 035007;  arXiv:1309.4819  [hep-ph],               *
  *              Phys.Rev. D94 (2016) 055023;  arXiv:1606.03107 [hep-ph].               *
  *                                                                                     *
  ***************************************************************************************
  
   
   Command line: ./JHUGen Unweighted=0 VegasNc0=99999999 VegasNc1=99999999 VegasNc2=99999999 LHAPDF=NNPDF30_lo_as_0130/NNPDF30_lo_as_0130.info MReso=810 Process=60 deltaRcut=0 etajetcut=4.7 etalepcut=2.5 ghz1=0,0 ghzgs1_prime2=1,0 pTjetcut=25 pTlepcut=5
   
   Input Parameter:
    Collider: P-P, sqrt(s)=13000.00
    Resonance: spin=0, mass= 810.00 width=   0.00407
    Z-boson: mass=91.188, width=2.4952
    W-boson: mass=80.399, width=2.0850
    Jet cuts:
            pT >=    25.00 GeV
         |eta| <=     4.70
        DeltaR >=     0.00
           mJJ >=     0.00 GeV
    Random seed:   857405997
    To reproduce results using this seed, JHUGen should be compiled with the same compiler:
      GNU Fortran (GCC) 4.8.2
    
    WidthScheme:   2
    LHAPDF set NNPDF30_lo_as_0130/NNPDF30_lo_as_0130.info, member=  0
    Unweighted: F
    Intermediate off-shell photons: T
    
    spin-0-VV couplings: 
      generate_as=F
      ghg2=  0.10000000E+01  0.00000000E+00i
      ghzgs1_prime2=  0.00000000E+00  0.00000000E+00i,  Lambda_zgs1=  1.0000E+04
      Lambda=  1000.0
    
    LHE output: ./data/output.lhe
    Histogram output: ./data/output.dat
    Log file: ./data/output.log
    
  Running

  Input parameters for vegas:  ndim=  9   ncall= 99999999.
                              it=    0    itmx=   15
                              acc=-1.00    
                              mds=  0     nd=  50
                              (xl,xu)= (  0.00000     ,  1.00000     )
                                       (  0.00000     ,  1.00000     )
                                       (  0.00000     ,  1.00000     )
                                       (  0.00000     ,  1.00000     )
                                       (  0.00000     ,  1.00000     )
                                       (  0.00000     ,  1.00000     )
                                       (  0.00000     ,  1.00000     )
                                       (  0.00000     ,  1.00000     )
                                       (  0.00000     ,  1.00000     )

#********** Integration by Vegas (iteration       1) ************
#                                                               *
#  integral  = 0.62373853E-05   accum. integral = 0.62373853E-05*
#  std. dev. = 0.17919504E-05   accum. std. dev = 0.17919504E-05*
#   min/max. wt. =    0.00000            0.171896E-05           *
#                                                               *
#*************   chi**2/iteration =  0.000       ****************


#********** Integration by Vegas (iteration       2) ************
#                                                               *
#  integral  = 0.54918258E-05   accum. integral = 0.55166437E-05*
#  std. dev. = 0.29277428E-06   accum. std. dev = 0.30802022E-06*
#   min/max. wt. =    0.00000            0.232421E-06           *
#                                                               *
#*************   chi**2/iteration = 0.1883       ****************


#********** Integration by Vegas (iteration       3) ************
#                                                               *
#  integral  = 0.84568521E-05   accum. integral = 0.59905142E-05*
#  std. dev. = 0.10112767E-05   accum. std. dev = 0.32863102E-06*
#   min/max. wt. =    0.00000            0.958852E-06           *
#                                                               *
#*************   chi**2/iteration =  5.478       ****************


#********** Integration by Vegas (iteration       4) ************
#                                                               *
#  integral  = 0.73422915E-05   accum. integral = 0.73295240E-05*
#  std. dev. = 0.34418731E-07   accum. std. dev = 0.32533007E-07*
#   min/max. wt. =    0.00000            0.661409E-08           *
#                                                               *
#*************   chi**2/iteration =  8.902       ****************


#********** Integration by Vegas (iteration       5) ************
#                                                               *
#  integral  = 0.73480240E-05   accum. integral = 0.73470151E-05*
#  std. dev. = 0.82336466E-08   accum. std. dev = 0.76808674E-08*
#   min/max. wt. =    0.00000            0.697157E-09           *
#                                                               *
#*************   chi**2/iteration =  6.608       ****************


#********** Integration by Vegas (iteration       6) ************
#                                                               *
#  integral  = 0.73579615E-05   accum. integral = 0.73547315E-05*
#  std. dev. = 0.51867422E-08   accum. std. dev = 0.42032619E-08*
#   min/max. wt. =    0.00000            0.323475E-09           *
#                                                               *
#*************   chi**2/iteration =  5.491       ****************


#********** Integration by Vegas (iteration       7) ************
#                                                               *
#  integral  = 0.73510564E-05   accum. integral = 0.73529633E-05*
#  std. dev. = 0.45179809E-08   accum. std. dev = 0.30430765E-08*
#   min/max. wt. =    0.00000            0.285870E-09           *
#                                                               *
#*************   chi**2/iteration =  4.590       ****************


#********** Integration by Vegas (iteration       8) ************
#                                                               *
#  integral  = 0.73596497E-05   accum. integral = 0.73552226E-05*
#  std. dev. = 0.43919262E-08   accum. std. dev = 0.24858709E-08*
#   min/max. wt. =    0.00000            0.148997E-09           *
#                                                               *
#*************   chi**2/iteration =  4.135       ****************


#********** Integration by Vegas (iteration       9) ************
#                                                               *
#  integral  = 0.73602488E-05   accum. integral = 0.73565401E-05*
#  std. dev. = 0.42837306E-08   accum. std. dev = 0.21418571E-08*
#   min/max. wt. =    0.00000            0.172127E-09           *
#                                                               *
#*************   chi**2/iteration =  3.730       ****************


#********** Integration by Vegas (iteration      10) ************
#                                                               *
#  integral  = 0.73532283E-05   accum. integral = 0.73558684E-05*
#  std. dev. = 0.43439631E-08   accum. std. dev = 0.19167986E-08*
#   min/max. wt. =    0.00000            0.198768E-09           *
#                                                               *
#*************   chi**2/iteration =  3.353       ****************


#********** Integration by Vegas (iteration      11) ************
#                                                               *
#  integral  = 0.73613941E-05   accum. integral = 0.73568140E-05*
#  std. dev. = 0.43103845E-08   accum. std. dev = 0.17485917E-08*
#   min/max. wt. =    0.00000            0.155095E-09           *
#                                                               *
#*************   chi**2/iteration =  3.148       ****************


#********** Integration by Vegas (iteration      12) ************
#                                                               *
#  integral  = 0.73590566E-05   accum. integral = 0.73571473E-05*
#  std. dev. = 0.42661012E-08   accum. std. dev = 0.16160483E-08*
#   min/max. wt. =    0.00000            0.201366E-09           *
#                                                               *
#*************   chi**2/iteration =  2.874       ****************


#********** Integration by Vegas (iteration      13) ************
#                                                               *
#  integral  = 0.73535390E-05   accum. integral = 0.73566902E-05*
#  std. dev. = 0.43150610E-08   accum. std. dev = 0.15122060E-08*
#   min/max. wt. =    0.00000            0.181127E-09           *
#                                                               *
#*************   chi**2/iteration =  2.681       ****************


#********** Integration by Vegas (iteration      14) ************
#                                                               *
#  integral  = 0.73498928E-05   accum. integral = 0.73559047E-05*
#  std. dev. = 0.42469887E-08   accum. std. dev = 0.14237036E-08*
#   min/max. wt. =    0.00000            0.235190E-09           *
#                                                               *
#*************   chi**2/iteration =  2.648       ****************


#********** Integration by Vegas (iteration      15) ************
#                                                               *
#  integral  = 0.73569025E-05   accum. integral = 0.73559990E-05*
#  std. dev. = 0.44730673E-08   accum. std. dev = 0.13561264E-08*
#   min/max. wt. =    0.00000            0.229733E-09           *
#                                                               *
#*************   chi**2/iteration =  2.457       ****************

 ****************************************************
 * Writing out vegas grid to ./data/output.grid                                                      
 ****************************************************

  Input parameters for vegas:  ndim=  9   ncall= 99999999.
                              it=    0    itmx=    2
                              acc=-1.00    
                              mds=  0     nd=  50
                              (xl,xu)= (  0.00000     ,  1.00000     )
                                       (  0.00000     ,  1.00000     )
                                       (  0.00000     ,  1.00000     )
                                       (  0.00000     ,  1.00000     )
                                       (  0.00000     ,  1.00000     )
                                       (  0.00000     ,  1.00000     )
                                       (  0.00000     ,  1.00000     )
                                       (  0.00000     ,  1.00000     )
                                       (  0.00000     ,  1.00000     )

#********** Integration by Vegas (iteration       1) ************
#                                                               *
#  integral  = 0.73623525E-05   accum. integral = 0.73623525E-05*
#  std. dev. = 0.43920811E-08   accum. std. dev = 0.43920811E-08*
#   min/max. wt. =    0.00000            0.148586E-09           *
#                                                               *
#*************   chi**2/iteration =  0.000       ****************


#********** Integration by Vegas (iteration       2) ************
#                                                               *
#  integral  = 0.73522713E-05   accum. integral = 0.73573059E-05*
#  std. dev. = 0.43808767E-08   accum. std. dev = 0.31017068E-08*
#   min/max. wt. =    0.00000            0.172773E-09           *
#                                                               *
#*************   chi**2/iteration =  2.638       ****************

 Done
