SLURM job running in:  /work-zfs/lhc/heshy/JHUGen/xsecs/JHUGen/JHUGenerator
LHAPDF 6.1.5 loading /work-zfs/lhc/cms/slc6_amd64_gcc493/external/lhapdf/6.1.5-kpegke3/share/LHAPDF/NNPDF30_lo_as_0130/NNPDF30_lo_as_0130_0000.dat
NNPDF30_lo_as_0130 PDF set, member #0, version 2; LHAPDF ID = 263000
 extending no. of histograms for vbf tests
 
  
  ***************************************************************************************
  *                                JHU Generator v7.0.2                                 *
  ***************************************************************************************
  *                                                                                     *
  *   Spin and parity determination of single-produced resonances at hadron colliders   *
  *                                                                                     *
  *          I. Anderson, S. Bolognesi, F. Caola, Y. Gao, A. Gritsan, Z. Guo,           *
  *        C. Martin, K. Melnikov, R. Rontsch, H. Roskes, U. Sarica, M. Schulze,        *
  *                   N. Tran, A. Whitbeck, M. Xiao, C. You, Y. Zhou                    *
  *              Phys.Rev. D81 (2010) 075022;  arXiv:1001.3396  [hep-ph],               *
  *              Phys.Rev. D86 (2012) 095031;  arXiv:1208.4018  [hep-ph],               *
  *              Phys.Rev. D89 (2014) 035007;  arXiv:1309.4819  [hep-ph],               *
  *              Phys.Rev. D94 (2016) 055023;  arXiv:1606.03107 [hep-ph].               *
  *                                                                                     *
  ***************************************************************************************
  
   
   Command line: ./JHUGen Unweighted=0 VegasNc0=99999999 VegasNc1=99999999 VegasNc2=99999999 LHAPDF=NNPDF30_lo_as_0130/NNPDF30_lo_as_0130.info MReso=820 Process=60 deltaRcut=0 etajetcut=4.7 etalepcut=2.5 ghz1=0,0 ghzgs1_prime2=1,0 pTjetcut=25 pTlepcut=5
   
   Input Parameter:
    Collider: P-P, sqrt(s)=13000.00
    Resonance: spin=0, mass= 820.00 width=   0.00407
    Z-boson: mass=91.188, width=2.4952
    W-boson: mass=80.399, width=2.0850
    Jet cuts:
            pT >=    25.00 GeV
         |eta| <=     4.70
        DeltaR >=     0.00
           mJJ >=     0.00 GeV
    Random seed:   476465594
    To reproduce results using this seed, JHUGen should be compiled with the same compiler:
      GNU Fortran (GCC) 4.8.2
    
    WidthScheme:   2
    LHAPDF set NNPDF30_lo_as_0130/NNPDF30_lo_as_0130.info, member=  0
    Unweighted: F
    Intermediate off-shell photons: T
    
    spin-0-VV couplings: 
      generate_as=F
      ghg2=  0.10000000E+01  0.00000000E+00i
      ghzgs1_prime2=  0.00000000E+00  0.00000000E+00i,  Lambda_zgs1=  1.0000E+04
      Lambda=  1000.0
    
    LHE output: ./data/output.lhe
    Histogram output: ./data/output.dat
    Log file: ./data/output.log
    
  Running

  Input parameters for vegas:  ndim=  9   ncall= 99999999.
                              it=    0    itmx=   15
                              acc=-1.00    
                              mds=  0     nd=  50
                              (xl,xu)= (  0.00000     ,  1.00000     )
                                       (  0.00000     ,  1.00000     )
                                       (  0.00000     ,  1.00000     )
                                       (  0.00000     ,  1.00000     )
                                       (  0.00000     ,  1.00000     )
                                       (  0.00000     ,  1.00000     )
                                       (  0.00000     ,  1.00000     )
                                       (  0.00000     ,  1.00000     )
                                       (  0.00000     ,  1.00000     )

#********** Integration by Vegas (iteration       1) ************
#                                                               *
#  integral  = 0.39691732E-05   accum. integral = 0.39691732E-05*
#  std. dev. = 0.11281912E-06   accum. std. dev = 0.11281912E-06*
#   min/max. wt. =    0.00000            0.600215E-07           *
#                                                               *
#*************   chi**2/iteration =  0.000       ****************


#********** Integration by Vegas (iteration       2) ************
#                                                               *
#  integral  = 0.58774359E-05   accum. integral = 0.41077159E-05*
#  std. dev. = 0.59707804E-06   accum. std. dev = 0.13727099E-06*
#   min/max. wt. =    0.00000            0.533586E-06           *
#                                                               *
#*************   chi**2/iteration =  13.00       ****************


#********** Integration by Vegas (iteration       3) ************
#                                                               *
#  integral  = 0.67436209E-05   accum. integral = 0.50825714E-05*
#  std. dev. = 0.24095181E-06   accum. std. dev = 0.12277438E-06*
#   min/max. wt. =    0.00000            0.147681E-06           *
#                                                               *
#*************   chi**2/iteration =  58.81       ****************


#********** Integration by Vegas (iteration       4) ************
#                                                               *
#  integral  = 0.71625452E-05   accum. integral = 0.70539922E-05*
#  std. dev. = 0.36520854E-07   accum. std. dev = 0.30100712E-07*
#   min/max. wt. =    0.00000            0.105953E-07           *
#                                                               *
#*************   chi**2/iteration =  112.8       ****************


#********** Integration by Vegas (iteration       5) ************
#                                                               *
#  integral  = 0.71915856E-05   accum. integral = 0.71832064E-05*
#  std. dev. = 0.90908534E-08   accum. std. dev = 0.77242288E-08*
#   min/max. wt. =    0.00000            0.104701E-08           *
#                                                               *
#*************   chi**2/iteration =  82.75       ****************


#********** Integration by Vegas (iteration       6) ************
#                                                               *
#  integral  = 0.71930446E-05   accum. integral = 0.71905041E-05*
#  std. dev. = 0.51989693E-08   accum. std. dev = 0.40225236E-08*
#   min/max. wt. =    0.00000            0.296606E-09           *
#                                                               *
#*************   chi**2/iteration =  63.26       ****************


#********** Integration by Vegas (iteration       7) ************
#                                                               *
#  integral  = 0.71965207E-05   accum. integral = 0.71935215E-05*
#  std. dev. = 0.44663227E-08   accum. std. dev = 0.28883909E-08*
#   min/max. wt. =    0.00000            0.186133E-09           *
#                                                               *
#*************   chi**2/iteration =  51.15       ****************


#********** Integration by Vegas (iteration       8) ************
#                                                               *
#  integral  = 0.71913280E-05   accum. integral = 0.71927316E-05*
#  std. dev. = 0.42131984E-08   accum. std. dev = 0.23388478E-08*
#   min/max. wt. =    0.00000            0.247520E-09           *
#                                                               *
#*************   chi**2/iteration =  42.82       ****************


#********** Integration by Vegas (iteration       9) ************
#                                                               *
#  integral  = 0.71869379E-05   accum. integral = 0.71911562E-05*
#  std. dev. = 0.41346505E-08   accum. std. dev = 0.20141362E-08*
#   min/max. wt. =    0.00000            0.114176E-09           *
#                                                               *
#*************   chi**2/iteration =  36.99       ****************


#********** Integration by Vegas (iteration      10) ************
#                                                               *
#  integral  = 0.71937395E-05   accum. integral = 0.71917077E-05*
#  std. dev. = 0.41424342E-08   accum. std. dev = 0.17994405E-08*
#   min/max. wt. =    0.00000            0.302993E-09           *
#                                                               *
#*************   chi**2/iteration =  32.44       ****************


#********** Integration by Vegas (iteration      11) ************
#                                                               *
#  integral  = 0.71910793E-05   accum. integral = 0.71915978E-05*
#  std. dev. = 0.41573122E-08   accum. std. dev = 0.16443120E-08*
#   min/max. wt. =    0.00000            0.164253E-09           *
#                                                               *
#*************   chi**2/iteration =  28.85       ****************


#********** Integration by Vegas (iteration      12) ************
#                                                               *
#  integral  = 0.71948099E-05   accum. integral = 0.71920833E-05*
#  std. dev. = 0.41209597E-08   accum. std. dev = 0.15224141E-08*
#   min/max. wt. =    0.00000            0.139004E-09           *
#                                                               *
#*************   chi**2/iteration =  26.03       ****************


#********** Integration by Vegas (iteration      13) ************
#                                                               *
#  integral  = 0.71960287E-05   accum. integral = 0.71925744E-05*
#  std. dev. = 0.42497169E-08   accum. std. dev = 0.14304103E-08*
#   min/max. wt. =    0.00000            0.265522E-09           *
#                                                               *
#*************   chi**2/iteration =  23.73       ****************


#********** Integration by Vegas (iteration      14) ************
#                                                               *
#  integral  = 0.71826476E-05   accum. integral = 0.71914312E-05*
#  std. dev. = 0.41482002E-08   accum. std. dev = 0.13500630E-08*
#   min/max. wt. =    0.00000            0.252974E-09           *
#                                                               *
#*************   chi**2/iteration =  22.18       ****************


#********** Integration by Vegas (iteration      15) ************
#                                                               *
#  integral  = 0.71973881E-05   accum. integral = 0.71920512E-05*
#  std. dev. = 0.41385275E-08   accum. std. dev = 0.12817719E-08*
#   min/max. wt. =    0.00000            0.117458E-09           *
#                                                               *
#*************   chi**2/iteration =  20.62       ****************

 ****************************************************
 * Writing out vegas grid to ./data/output.grid                                                      
 ****************************************************

  Input parameters for vegas:  ndim=  9   ncall= 99999999.
                              it=    0    itmx=    2
                              acc=-1.00    
                              mds=  0     nd=  50
                              (xl,xu)= (  0.00000     ,  1.00000     )
                                       (  0.00000     ,  1.00000     )
                                       (  0.00000     ,  1.00000     )
                                       (  0.00000     ,  1.00000     )
                                       (  0.00000     ,  1.00000     )
                                       (  0.00000     ,  1.00000     )
                                       (  0.00000     ,  1.00000     )
                                       (  0.00000     ,  1.00000     )
                                       (  0.00000     ,  1.00000     )

#********** Integration by Vegas (iteration       1) ************
#                                                               *
#  integral  = 0.71894454E-05   accum. integral = 0.71894454E-05*
#  std. dev. = 0.43394310E-08   accum. std. dev = 0.43394310E-08*
#   min/max. wt. =    0.00000            0.173235E-09           *
#                                                               *
#*************   chi**2/iteration =  0.000       ****************


#********** Integration by Vegas (iteration       2) ************
#                                                               *
#  integral  = 0.71958409E-05   accum. integral = 0.71927020E-05*
#  std. dev. = 0.42640563E-08   accum. std. dev = 0.30414182E-08*
#   min/max. wt. =    0.00000            0.180537E-09           *
#                                                               *
#*************   chi**2/iteration =  1.104       ****************

 Done
