SLURM job running in:  /work-zfs/lhc/heshy/JHUGen/xsecs/JHUGen/JHUGenerator
LHAPDF 6.1.5 loading /work-zfs/lhc/cms/slc6_amd64_gcc493/external/lhapdf/6.1.5-kpegke3/share/LHAPDF/NNPDF30_lo_as_0130/NNPDF30_lo_as_0130_0000.dat
NNPDF30_lo_as_0130 PDF set, member #0, version 2; LHAPDF ID = 263000
 extending no. of histograms for vbf tests
 
  
  ***************************************************************************************
  *                                JHU Generator v7.0.2                                 *
  ***************************************************************************************
  *                                                                                     *
  *   Spin and parity determination of single-produced resonances at hadron colliders   *
  *                                                                                     *
  *          I. Anderson, S. Bolognesi, F. Caola, Y. Gao, A. Gritsan, Z. Guo,           *
  *        C. Martin, K. Melnikov, R. Rontsch, H. Roskes, U. Sarica, M. Schulze,        *
  *                   N. Tran, A. Whitbeck, M. Xiao, C. You, Y. Zhou                    *
  *              Phys.Rev. D81 (2010) 075022;  arXiv:1001.3396  [hep-ph],               *
  *              Phys.Rev. D86 (2012) 095031;  arXiv:1208.4018  [hep-ph],               *
  *              Phys.Rev. D89 (2014) 035007;  arXiv:1309.4819  [hep-ph],               *
  *              Phys.Rev. D94 (2016) 055023;  arXiv:1606.03107 [hep-ph].               *
  *                                                                                     *
  ***************************************************************************************
  
   
   Command line: ./JHUGen Unweighted=0 VegasNc0=99999999 VegasNc1=99999999 VegasNc2=99999999 LHAPDF=NNPDF30_lo_as_0130/NNPDF30_lo_as_0130.info MReso=96 Process=60 deltaRcut=0 etajetcut=4.7 etalepcut=2.5 ghz1=0,0 ghzgs1_prime2=1,0 pTjetcut=25 pTlepcut=5
   
   Input Parameter:
    Collider: P-P, sqrt(s)=13000.00
    Resonance: spin=0, mass=  96.00 width=   0.00407
    Z-boson: mass=91.188, width=2.4952
    W-boson: mass=80.399, width=2.0850
    Jet cuts:
            pT >=    25.00 GeV
         |eta| <=     4.70
        DeltaR >=     0.00
           mJJ >=     0.00 GeV
    Random seed:   247366975
    To reproduce results using this seed, JHUGen should be compiled with the same compiler:
      GNU Fortran (GCC) 4.8.2
    
    WidthScheme:   2
    LHAPDF set NNPDF30_lo_as_0130/NNPDF30_lo_as_0130.info, member=  0
    Unweighted: F
    Intermediate off-shell photons: T
    
    spin-0-VV couplings: 
      generate_as=F
      ghg2=  0.10000000E+01  0.00000000E+00i
      ghzgs1_prime2=  0.00000000E+00  0.00000000E+00i,  Lambda_zgs1=  1.0000E+04
      Lambda=  1000.0
    
    LHE output: ./data/output.lhe
    Histogram output: ./data/output.dat
    Log file: ./data/output.log
    
  Running

  Input parameters for vegas:  ndim=  9   ncall= 99999999.
                              it=    0    itmx=   15
                              acc=-1.00    
                              mds=  0     nd=  50
                              (xl,xu)= (  0.00000     ,  1.00000     )
                                       (  0.00000     ,  1.00000     )
                                       (  0.00000     ,  1.00000     )
                                       (  0.00000     ,  1.00000     )
                                       (  0.00000     ,  1.00000     )
                                       (  0.00000     ,  1.00000     )
                                       (  0.00000     ,  1.00000     )
                                       (  0.00000     ,  1.00000     )
                                       (  0.00000     ,  1.00000     )

#********** Integration by Vegas (iteration       1) ************
#                                                               *
#  integral  = 0.34570705E-04   accum. integral = 0.34570705E-04*
#  std. dev. = 0.19117973E-05   accum. std. dev = 0.19117973E-05*
#   min/max. wt. =    0.00000            0.135715E-05           *
#                                                               *
#*************   chi**2/iteration =  0.000       ****************


#********** Integration by Vegas (iteration       2) ************
#                                                               *
#  integral  = 0.46425554E-04   accum. integral = 0.42798731E-04*
#  std. dev. = 0.17045355E-05   accum. std. dev = 0.12519482E-05*
#   min/max. wt. =    0.00000            0.130065E-05           *
#                                                               *
#*************   chi**2/iteration =  19.02       ****************


#********** Integration by Vegas (iteration       3) ************
#                                                               *
#  integral  = 0.49395274E-04   accum. integral = 0.47958475E-04*
#  std. dev. = 0.79729323E-06   accum. std. dev = 0.62716336E-06*
#   min/max. wt. =    0.00000            0.701138E-06           *
#                                                               *
#*************   chi**2/iteration =  17.68       ****************


#********** Integration by Vegas (iteration       4) ************
#                                                               *
#  integral  = 0.49464560E-04   accum. integral = 0.49398789E-04*
#  std. dev. = 0.15089356E-06   accum. std. dev = 0.13537474E-06*
#   min/max. wt. =    0.00000            0.278121E-07           *
#                                                               *
#*************   chi**2/iteration =  12.77       ****************


#********** Integration by Vegas (iteration       5) ************
#                                                               *
#  integral  = 0.49449254E-04   accum. integral = 0.49444515E-04*
#  std. dev. = 0.47490541E-07   accum. std. dev = 0.42255316E-07*
#   min/max. wt. =    0.00000            0.434845E-08           *
#                                                               *
#*************   chi**2/iteration =  9.263       ****************


#********** Integration by Vegas (iteration       6) ************
#                                                               *
#  integral  = 0.49381276E-04   accum. integral = 0.49405785E-04*
#  std. dev. = 0.35911036E-07   accum. std. dev = 0.26613666E-07*
#   min/max. wt. =    0.00000            0.398796E-08           *
#                                                               *
#*************   chi**2/iteration =  7.508       ****************


#********** Integration by Vegas (iteration       7) ************
#                                                               *
#  integral  = 0.49407980E-04   accum. integral = 0.49406735E-04*
#  std. dev. = 0.32174355E-07   accum. std. dev = 0.20205039E-07*
#   min/max. wt. =    0.00000            0.157714E-08           *
#                                                               *
#*************   chi**2/iteration =  6.155       ****************


#********** Integration by Vegas (iteration       8) ************
#                                                               *
#  integral  = 0.49424659E-04   accum. integral = 0.49412466E-04*
#  std. dev. = 0.30894252E-07   accum. std. dev = 0.16767513E-07*
#   min/max. wt. =    0.00000            0.180907E-08           *
#                                                               *
#*************   chi**2/iteration =  5.247       ****************


#********** Integration by Vegas (iteration       9) ************
#                                                               *
#  integral  = 0.49445091E-04   accum. integral = 0.49420533E-04*
#  std. dev. = 0.30492030E-07   accum. std. dev = 0.14617154E-07*
#   min/max. wt. =    0.00000            0.102557E-08           *
#                                                               *
#*************   chi**2/iteration =  4.664       ****************


#********** Integration by Vegas (iteration      10) ************
#                                                               *
#  integral  = 0.49434901E-04   accum. integral = 0.49423405E-04*
#  std. dev. = 0.30326537E-07   accum. std. dev = 0.13123975E-07*
#   min/max. wt. =    0.00000            0.145797E-08           *
#                                                               *
#*************   chi**2/iteration =  4.136       ****************


#********** Integration by Vegas (iteration      11) ************
#                                                               *
#  integral  = 0.49410377E-04   accum. integral = 0.49421284E-04*
#  std. dev. = 0.30729954E-07   accum. std. dev = 0.12044211E-07*
#   min/max. wt. =    0.00000            0.207670E-08           *
#                                                               *
#*************   chi**2/iteration =  3.716       ****************


#********** Integration by Vegas (iteration      12) ************
#                                                               *
#  integral  = 0.49437962E-04   accum. integral = 0.49423635E-04*
#  std. dev. = 0.30628705E-07   accum. std. dev = 0.11191511E-07*
#   min/max. wt. =    0.00000            0.133978E-08           *
#                                                               *
#*************   chi**2/iteration =  3.385       ****************


#********** Integration by Vegas (iteration      13) ************
#                                                               *
#  integral  = 0.49421737E-04   accum. integral = 0.49423399E-04*
#  std. dev. = 0.30535409E-07   accum. std. dev = 0.10496032E-07*
#   min/max. wt. =    0.00000            0.146263E-08           *
#                                                               *
#*************   chi**2/iteration =  3.090       ****************


#********** Integration by Vegas (iteration      14) ************
#                                                               *
#  integral  = 0.49416768E-04   accum. integral = 0.49422673E-04*
#  std. dev. = 0.30663544E-07   accum. std. dev = 0.99220457E-08*
#   min/max. wt. =    0.00000            0.122426E-08           *
#                                                               *
#*************   chi**2/iteration =  2.846       ****************


#********** Integration by Vegas (iteration      15) ************
#                                                               *
#  integral  = 0.49446247E-04   accum. integral = 0.49424925E-04*
#  std. dev. = 0.31253493E-07   accum. std. dev = 0.94512975E-08*
#   min/max. wt. =    0.00000            0.180714E-08           *
#                                                               *
#*************   chi**2/iteration =  2.672       ****************

 ****************************************************
 * Writing out vegas grid to ./data/output.grid                                                      
 ****************************************************

  Input parameters for vegas:  ndim=  9   ncall= 99999999.
                              it=    0    itmx=    2
                              acc=-1.00    
                              mds=  0     nd=  50
                              (xl,xu)= (  0.00000     ,  1.00000     )
                                       (  0.00000     ,  1.00000     )
                                       (  0.00000     ,  1.00000     )
                                       (  0.00000     ,  1.00000     )
                                       (  0.00000     ,  1.00000     )
                                       (  0.00000     ,  1.00000     )
                                       (  0.00000     ,  1.00000     )
                                       (  0.00000     ,  1.00000     )
                                       (  0.00000     ,  1.00000     )

#********** Integration by Vegas (iteration       1) ************
#                                                               *
#  integral  = 0.49387455E-04   accum. integral = 0.49387455E-04*
#  std. dev. = 0.31271498E-07   accum. std. dev = 0.31271498E-07*
#   min/max. wt. =    0.00000            0.100198E-08           *
#                                                               *
#*************   chi**2/iteration =  0.000       ****************


#********** Integration by Vegas (iteration       2) ************
#                                                               *
#  integral  = 0.49395586E-04   accum. integral = 0.49391484E-04*
#  std. dev. = 0.31556865E-07   accum. std. dev = 0.22212510E-07*
#   min/max. wt. =    0.00000            0.130969E-08           *
#                                                               *
#*************   chi**2/iteration = 0.3346E-01   ****************

 Done
