SLURM job running in:  /work-zfs/lhc/heshy/JHUGen/xsecs/JHUGen_new/JHUGenerator
LHAPDF 6.1.5 loading /work-zfs/lhc/cms/slc6_amd64_gcc493/external/lhapdf/6.1.5-kpegke3/share/LHAPDF/NNPDF30_lo_as_0130/NNPDF30_lo_as_0130_0000.dat
NNPDF30_lo_as_0130 PDF set, member #0, version 2; LHAPDF ID = 263000
 
                                                                                          
   ***************************************************************************************
   *                                JHU Generator v7.0.2                                 *
   ***************************************************************************************
   *                                                                                     *
   *   Spin and parity determination of single-produced resonances at hadron colliders   *
   *                                                                                     *
   *          I. Anderson, S. Bolognesi, F. Caola, Y. Gao, A. Gritsan, Z. Guo,           *
   *        C. Martin, K. Melnikov, R. Rontsch, H. Roskes, U. Sarica, M. Schulze,        *
   *                   N. Tran, A. Whitbeck, M. Xiao, C. You, Y. Zhou                    *
   *               Phys.Rev. D81 (2010) 075022;  arXiv:1001.3396  [hep-ph],              *
   *               Phys.Rev. D86 (2012) 095031;  arXiv:1208.4018  [hep-ph],              *
   *               Phys.Rev. D89 (2014) 035007;  arXiv:1309.4819  [hep-ph],              *
   *               Phys.Rev. D94 (2016) 055023;  arXiv:1606.03107 [hep-ph].              *
   *                                                                                     *
   ***************************************************************************************
                                                                                          
   
   Command line: ./JHUGen Unweighted=0 VegasNc0=99999999 VegasNc1=99999999 VegasNc2=99999999 LHAPDF=NNPDF30_lo_as_0130/NNPDF30_lo_as_0130.info MReso=102 DecayMode1=0 DecayMode2=0 Interf=0 Process=0 ghz1=0,0 ghz4=1,0
   
   Input Parameter:
    Collider: P-P, sqrt(s)=13000.00
    Resonance: spin=0, mass= 102.00 width=   0.00407
    DecayMode1: 0  DecayMode2: 0
    Z-boson: mass=91.188, width=2.4952
    Random seed:   773973478
    To reproduce results using this seed, JHUGen should be compiled with the same compiler:
      GNU Fortran (GCC) 4.9.3
    
    OffXVV: TTT
    WidthScheme:   2
    PChannel: 0
    LHAPDF set NNPDF30_lo_as_0130/NNPDF30_lo_as_0130.info, member=  0
    Unweighted: F
    Interference: F
    Intermediate off-shell photons: F
    
    spin-0-VV couplings: 
      generate_as=F
      ghg2=  0.10000000E+01  0.00000000E+00i
      ghz4=  0.10000000E+01  0.00000000E+00i
      Lambda=  1000.0
    
    LHE output: ./data/output.lhe
    Histogram output: ./data/output.dat
    Log file: ./data/output.log
    
  Running

  Input parameters for vegas:  ndim= 11   ncall= 99999999.
                              it=    0    itmx=    5
                              acc=-1.00    
                              mds=  0     nd=  50
                              (xl,xu)= (  0.00000     ,  1.00000     )
                                       (  0.00000     ,  1.00000     )
                                       (  0.00000     ,  1.00000     )
                                       (  0.00000     ,  1.00000     )
                                       (  0.00000     ,  1.00000     )
                                       (  0.00000     ,  1.00000     )
                                       (  0.00000     ,  1.00000     )
                                       (  0.00000     ,  1.00000     )
                                       (  0.00000     ,  1.00000     )
                                       (  0.00000     ,  1.00000     )
                                       (  0.00000     ,  1.00000     )

#********** Integration by Vegas (iteration       1) ************
#                                                               *
#  integral  = 0.28936078E-01   accum. integral = 0.28936078E-01*
#  std. dev. = 0.31244222E-03   accum. std. dev = 0.31244222E-03*
#   min/max. wt. =    0.00000            0.426082E-04           *
#                                                               *
#*************   chi**2/iteration =  0.000       ****************


#********** Integration by Vegas (iteration       2) ************
#                                                               *
#  integral  = 0.28792821E-01   accum. integral = 0.28793308E-01*
#  std. dev. = 0.18158366E-04   accum. std. dev = 0.18172625E-04*
#   min/max. wt. =    0.00000            0.859729E-06           *
#                                                               *
#*************   chi**2/iteration = 0.2103       ****************


#********** Integration by Vegas (iteration       3) ************
#                                                               *
#  integral  = 0.28796707E-01   accum. integral = 0.28796595E-01*
#  std. dev. = 0.33420418E-05   accum. std. dev = 0.32918299E-05*
#   min/max. wt. =    0.00000            0.139876E-07           *
#                                                               *
#*************   chi**2/iteration = 0.1223       ****************


#********** Integration by Vegas (iteration       4) ************
#                                                               *
#  integral  = 0.28798722E-01   accum. integral = 0.28798019E-01*
#  std. dev. = 0.23092143E-05   accum. std. dev = 0.18916417E-05*
#   min/max. wt. =    0.00000            0.102105E-07           *
#                                                               *
#*************   chi**2/iteration = 0.1748       ****************


#********** Integration by Vegas (iteration       5) ************
#                                                               *
#  integral  = 0.28800252E-01   accum. integral = 0.28798984E-01*
#  std. dev. = 0.21665023E-05   accum. std. dev = 0.14252792E-05*
#   min/max. wt. =    0.00000            0.151432E-07           *
#                                                               *
#*************   chi**2/iteration = 0.2817       ****************

 ****************************************************
 * Writing out vegas grid to ./data/output.grid                                                      
 ****************************************************

  Input parameters for vegas:  ndim= 11   ncall= 99999999.
                              it=    0    itmx=    2
                              acc=-1.00    
                              mds=  0     nd=  50
                              (xl,xu)= (  0.00000     ,  1.00000     )
                                       (  0.00000     ,  1.00000     )
                                       (  0.00000     ,  1.00000     )
                                       (  0.00000     ,  1.00000     )
                                       (  0.00000     ,  1.00000     )
                                       (  0.00000     ,  1.00000     )
                                       (  0.00000     ,  1.00000     )
                                       (  0.00000     ,  1.00000     )
                                       (  0.00000     ,  1.00000     )
                                       (  0.00000     ,  1.00000     )
                                       (  0.00000     ,  1.00000     )

#********** Integration by Vegas (iteration       1) ************
#                                                               *
#  integral  = 0.28795872E-01   accum. integral = 0.28795872E-01*
#  std. dev. = 0.21635853E-05   accum. std. dev = 0.21635853E-05*
#   min/max. wt. =    0.00000            0.127334E-07           *
#                                                               *
#*************   chi**2/iteration =  0.000       ****************


#********** Integration by Vegas (iteration       2) ************
#                                                               *
#  integral  = 0.28794221E-01   accum. integral = 0.28795048E-01*
#  std. dev. = 0.21671881E-05   accum. std. dev = 0.15311580E-05*
#   min/max. wt. =    0.00000            0.138932E-07           *
#                                                               *
#*************   chi**2/iteration = 0.2905       ****************

 Done
