SLURM job running in:  /work-zfs/lhc/heshy/JHUGen/xsecs/JHUGen_new/JHUGenerator
LHAPDF 6.1.5 loading /work-zfs/lhc/cms/slc6_amd64_gcc493/external/lhapdf/6.1.5-kpegke3/share/LHAPDF/NNPDF30_lo_as_0130/NNPDF30_lo_as_0130_0000.dat
NNPDF30_lo_as_0130 PDF set, member #0, version 2; LHAPDF ID = 263000
 
                                                                                          
   ***************************************************************************************
   *                                JHU Generator v7.0.2                                 *
   ***************************************************************************************
   *                                                                                     *
   *   Spin and parity determination of single-produced resonances at hadron colliders   *
   *                                                                                     *
   *          I. Anderson, S. Bolognesi, F. Caola, Y. Gao, A. Gritsan, Z. Guo,           *
   *        C. Martin, K. Melnikov, R. Rontsch, H. Roskes, U. Sarica, M. Schulze,        *
   *                   N. Tran, A. Whitbeck, M. Xiao, C. You, Y. Zhou                    *
   *               Phys.Rev. D81 (2010) 075022;  arXiv:1001.3396  [hep-ph],              *
   *               Phys.Rev. D86 (2012) 095031;  arXiv:1208.4018  [hep-ph],              *
   *               Phys.Rev. D89 (2014) 035007;  arXiv:1309.4819  [hep-ph],              *
   *               Phys.Rev. D94 (2016) 055023;  arXiv:1606.03107 [hep-ph].              *
   *                                                                                     *
   ***************************************************************************************
                                                                                          
   
   Command line: ./JHUGen Unweighted=0 VegasNc0=99999999 VegasNc1=99999999 VegasNc2=99999999 LHAPDF=NNPDF30_lo_as_0130/NNPDF30_lo_as_0130.info MReso=444 DecayMode1=0 DecayMode2=0 Interf=0 Process=0 ghz1=0,0 ghz4=1,0
   
   Input Parameter:
    Collider: P-P, sqrt(s)=13000.00
    Resonance: spin=0, mass= 444.00 width=   0.00407
    DecayMode1: 0  DecayMode2: 0
    Z-boson: mass=91.188, width=2.4952
    Random seed:   355277762
    To reproduce results using this seed, JHUGen should be compiled with the same compiler:
      GNU Fortran (GCC) 4.9.3
    
    OffXVV: TTT
    WidthScheme:   2
    PChannel: 0
    LHAPDF set NNPDF30_lo_as_0130/NNPDF30_lo_as_0130.info, member=  0
    Unweighted: F
    Interference: F
    Intermediate off-shell photons: F
    
    spin-0-VV couplings: 
      generate_as=F
      ghg2=  0.10000000E+01  0.00000000E+00i
      ghz4=  0.10000000E+01  0.00000000E+00i
      Lambda=  1000.0
    
    LHE output: ./data/output.lhe
    Histogram output: ./data/output.dat
    Log file: ./data/output.log
    
  Running

  Input parameters for vegas:  ndim= 11   ncall= 99999999.
                              it=    0    itmx=    5
                              acc=-1.00    
                              mds=  0     nd=  50
                              (xl,xu)= (  0.00000     ,  1.00000     )
                                       (  0.00000     ,  1.00000     )
                                       (  0.00000     ,  1.00000     )
                                       (  0.00000     ,  1.00000     )
                                       (  0.00000     ,  1.00000     )
                                       (  0.00000     ,  1.00000     )
                                       (  0.00000     ,  1.00000     )
                                       (  0.00000     ,  1.00000     )
                                       (  0.00000     ,  1.00000     )
                                       (  0.00000     ,  1.00000     )
                                       (  0.00000     ,  1.00000     )

#********** Integration by Vegas (iteration       1) ************
#                                                               *
#  integral  =  293289.84       accum. integral =  293289.84    *
#  std. dev. =  101.31118       accum. std. dev =  101.31118    *
#   min/max. wt. =    0.00000            0.271129               *
#                                                               *
#*************   chi**2/iteration =  0.000       ****************


#********** Integration by Vegas (iteration       2) ************
#                                                               *
#  integral  =  293287.28       accum. integral =  293287.41    *
#  std. dev. =  23.099992       accum. std. dev =  22.522054    *
#   min/max. wt. =    0.00000            0.225647E-01           *
#                                                               *
#*************   chi**2/iteration = 0.6026E-03   ****************


#********** Integration by Vegas (iteration       3) ************
#                                                               *
#  integral  =  293293.80       accum. integral =  293291.77    *
#  std. dev. =  15.356102       accum. std. dev =  12.687511    *
#   min/max. wt. =    0.00000            0.148963E-01           *
#                                                               *
#*************   chi**2/iteration = 0.2779E-01   ****************


#********** Integration by Vegas (iteration       4) ************
#                                                               *
#  integral  =  293302.73       accum. integral =  293296.54    *
#  std. dev. =  14.473206       accum. std. dev =  9.5405842    *
#   min/max. wt. =    0.00000            0.293169E-01           *
#                                                               *
#*************   chi**2/iteration = 0.1266       ****************


#********** Integration by Vegas (iteration       5) ************
#                                                               *
#  integral  =  293311.98       accum. integral =  293301.20    *
#  std. dev. =  14.511005       accum. std. dev =  7.9718615    *
#   min/max. wt. =    0.00000            0.375376E-01           *
#                                                               *
#*************   chi**2/iteration = 0.2927       ****************

 ****************************************************
 * Writing out vegas grid to ./data/output.grid                                                      
 ****************************************************

  Input parameters for vegas:  ndim= 11   ncall= 99999999.
                              it=    0    itmx=    2
                              acc=-1.00    
                              mds=  0     nd=  50
                              (xl,xu)= (  0.00000     ,  1.00000     )
                                       (  0.00000     ,  1.00000     )
                                       (  0.00000     ,  1.00000     )
                                       (  0.00000     ,  1.00000     )
                                       (  0.00000     ,  1.00000     )
                                       (  0.00000     ,  1.00000     )
                                       (  0.00000     ,  1.00000     )
                                       (  0.00000     ,  1.00000     )
                                       (  0.00000     ,  1.00000     )
                                       (  0.00000     ,  1.00000     )
                                       (  0.00000     ,  1.00000     )

#********** Integration by Vegas (iteration       1) ************
#                                                               *
#  integral  =  293304.46       accum. integral =  293304.46    *
#  std. dev. =  14.550611       accum. std. dev =  14.550611    *
#   min/max. wt. =    0.00000            0.377149E-01           *
#                                                               *
#*************   chi**2/iteration =  0.000       ****************


#********** Integration by Vegas (iteration       2) ************
#                                                               *
#  integral  =  293313.42       accum. integral =  293308.93    *
#  std. dev. =  14.592566       accum. std. dev =  10.303638    *
#   min/max. wt. =    0.00000            0.361359E-01           *
#                                                               *
#*************   chi**2/iteration = 0.1887       ****************

 Done
