SLURM job running in:  /work-zfs/lhc/heshy/JHUGen/xsecs/JHUGen/JHUGenerator
LHAPDF 6.1.5 loading /work-zfs/lhc/cms/slc6_amd64_gcc493/external/lhapdf/6.1.5-kpegke3/share/LHAPDF/NNPDF30_lo_as_0130/NNPDF30_lo_as_0130_0000.dat
NNPDF30_lo_as_0130 PDF set, member #0, version 2; LHAPDF ID = 263000
 extending no. of histograms for vbf tests
 
  
  ***************************************************************************************
  *                                JHU Generator v7.0.2                                 *
  ***************************************************************************************
  *                                                                                     *
  *   Spin and parity determination of single-produced resonances at hadron colliders   *
  *                                                                                     *
  *          I. Anderson, S. Bolognesi, F. Caola, Y. Gao, A. Gritsan, Z. Guo,           *
  *        C. Martin, K. Melnikov, R. Rontsch, H. Roskes, U. Sarica, M. Schulze,        *
  *                   N. Tran, A. Whitbeck, M. Xiao, C. You, Y. Zhou                    *
  *              Phys.Rev. D81 (2010) 075022;  arXiv:1001.3396  [hep-ph],               *
  *              Phys.Rev. D86 (2012) 095031;  arXiv:1208.4018  [hep-ph],               *
  *              Phys.Rev. D89 (2014) 035007;  arXiv:1309.4819  [hep-ph],               *
  *              Phys.Rev. D94 (2016) 055023;  arXiv:1606.03107 [hep-ph].               *
  *                                                                                     *
  ***************************************************************************************
  
   
   Command line: ./JHUGen Unweighted=0 VegasNc0=99999999 VegasNc1=99999999 VegasNc2=99999999 LHAPDF=NNPDF30_lo_as_0130/NNPDF30_lo_as_0130.info MReso=1070 Process=60 deltaRcut=0 ghz1=0,0 ghzgs1_prime2=1,0 pTjetcut=15
   
   Input Parameter:
    Collider: P-P, sqrt(s)=13000.00
    Resonance: spin=0, mass=1070.00 width=   0.00407
    Z-boson: mass=91.188, width=2.4952
    W-boson: mass=80.399, width=2.0850
    Jet cuts:
            pT >=    15.00 GeV
         |eta| <= Infinity
        DeltaR >=     0.00
           mJJ >=     0.00 GeV
    Random seed:   192391401
    To reproduce results using this seed, JHUGen should be compiled with the same compiler:
      GNU Fortran (GCC) 4.8.2
    
    WidthScheme:   2
    LHAPDF set NNPDF30_lo_as_0130/NNPDF30_lo_as_0130.info, member=  0
    Unweighted: F
    Intermediate off-shell photons: T
    
    spin-0-VV couplings: 
      generate_as=F
      ghg2=  0.10000000E+01  0.00000000E+00i
      ghzgs1_prime2=  0.00000000E+00  0.00000000E+00i,  Lambda_zgs1=  1.0000E+04
      Lambda=  1000.0
    
    LHE output: ./data/output.lhe
    Histogram output: ./data/output.dat
    Log file: ./data/output.log
    
  Running

  Input parameters for vegas:  ndim=  9   ncall= 99999999.
                              it=    0    itmx=   15
                              acc=-1.00    
                              mds=  0     nd=  50
                              (xl,xu)= (  0.00000     ,  1.00000     )
                                       (  0.00000     ,  1.00000     )
                                       (  0.00000     ,  1.00000     )
                                       (  0.00000     ,  1.00000     )
                                       (  0.00000     ,  1.00000     )
                                       (  0.00000     ,  1.00000     )
                                       (  0.00000     ,  1.00000     )
                                       (  0.00000     ,  1.00000     )
                                       (  0.00000     ,  1.00000     )

#********** Integration by Vegas (iteration       1) ************
#                                                               *
#  integral  = 0.28678816E-05   accum. integral = 0.28678816E-05*
#  std. dev. = 0.17423564E-06   accum. std. dev = 0.17423564E-06*
#   min/max. wt. =    0.00000            0.102365E-06           *
#                                                               *
#*************   chi**2/iteration =  0.000       ****************


#********** Integration by Vegas (iteration       2) ************
#                                                               *
#  integral  = 0.55315971E-05   accum. integral = 0.29846827E-05*
#  std. dev. = 0.15693149E-05   accum. std. dev = 0.26174013E-06*
#   min/max. wt. =    0.00000            0.152784E-05           *
#                                                               *
#*************   chi**2/iteration =  4.338       ****************


#********** Integration by Vegas (iteration       3) ************
#                                                               *
#  integral  = 0.56282010E-05   accum. integral = 0.33978459E-05*
#  std. dev. = 0.77684578E-06   accum. std. dev = 0.26452619E-06*
#   min/max. wt. =    0.00000            0.676362E-06           *
#                                                               *
#*************   chi**2/iteration =  8.374       ****************


#********** Integration by Vegas (iteration       4) ************
#                                                               *
#  integral  = 0.48039432E-05   accum. integral = 0.47428652E-05*
#  std. dev. = 0.55861268E-07   accum. std. dev = 0.55008017E-07*
#   min/max. wt. =    0.00000            0.393925E-07           *
#                                                               *
#*************   chi**2/iteration =  14.66       ****************


#********** Integration by Vegas (iteration       5) ************
#                                                               *
#  integral  = 0.47918696E-05   accum. integral = 0.47908971E-05*
#  std. dev. = 0.77547378E-08   accum. std. dev = 0.77350197E-08*
#   min/max. wt. =    0.00000            0.126898E-08           *
#                                                               *
#*************   chi**2/iteration =  11.23       ****************


#********** Integration by Vegas (iteration       6) ************
#                                                               *
#  integral  = 0.47959181E-05   accum. integral = 0.47950509E-05*
#  std. dev. = 0.35109871E-08   accum. std. dev = 0.32111305E-08*
#   min/max. wt. =    0.00000            0.363956E-09           *
#                                                               *
#*************   chi**2/iteration =  9.073       ****************


#********** Integration by Vegas (iteration       7) ************
#                                                               *
#  integral  = 0.47950920E-05   accum. integral = 0.47950738E-05*
#  std. dev. = 0.28399206E-08   accum. std. dev = 0.21323932E-08*
#   min/max. wt. =    0.00000            0.101349E-09           *
#                                                               *
#*************   chi**2/iteration =  7.573       ****************


#********** Integration by Vegas (iteration       8) ************
#                                                               *
#  integral  = 0.47958986E-05   accum. integral = 0.47953872E-05*
#  std. dev. = 0.27108151E-08   accum. std. dev = 0.16780328E-08*
#   min/max. wt. =    0.00000            0.108456E-09           *
#                                                               *
#*************   chi**2/iteration =  6.507       ****************


#********** Integration by Vegas (iteration       9) ************
#                                                               *
#  integral  = 0.47964961E-05   accum. integral = 0.47957043E-05*
#  std. dev. = 0.26412754E-08   accum. std. dev = 0.14173671E-08*
#   min/max. wt. =    0.00000            0.134751E-09           *
#                                                               *
#*************   chi**2/iteration =  5.715       ****************


#********** Integration by Vegas (iteration      10) ************
#                                                               *
#  integral  = 0.47937272E-05   accum. integral = 0.47952647E-05*
#  std. dev. = 0.26398044E-08   accum. std. dev = 0.12493920E-08*
#   min/max. wt. =    0.00000            0.133171E-09           *
#                                                               *
#*************   chi**2/iteration =  5.132       ****************


#********** Integration by Vegas (iteration      11) ************
#                                                               *
#  integral  = 0.47955783E-05   accum. integral = 0.47953222E-05*
#  std. dev. = 0.26274286E-08   accum. std. dev = 0.11286730E-08*
#   min/max. wt. =    0.00000            0.124127E-09           *
#                                                               *
#*************   chi**2/iteration =  4.623       ****************


#********** Integration by Vegas (iteration      12) ************
#                                                               *
#  integral  = 0.47982060E-05   accum. integral = 0.47957698E-05*
#  std. dev. = 0.26266478E-08   accum. std. dev = 0.10371770E-08*
#   min/max. wt. =    0.00000            0.198437E-09           *
#                                                               *
#*************   chi**2/iteration =  4.297       ****************


#********** Integration by Vegas (iteration      13) ************
#                                                               *
#  integral  = 0.47955393E-05   accum. integral = 0.47957402E-05*
#  std. dev. = 0.26927758E-08   accum. std. dev = 0.96800817E-09*
#   min/max. wt. =    0.00000            0.152402E-09           *
#                                                               *
#*************   chi**2/iteration =  3.941       ****************


#********** Integration by Vegas (iteration      14) ************
#                                                               *
#  integral  = 0.47972546E-05   accum. integral = 0.47959065E-05*
#  std. dev. = 0.27494112E-08   accum. std. dev = 0.91314968E-09*
#   min/max. wt. =    0.00000            0.131632E-09           *
#                                                               *
#*************   chi**2/iteration =  3.660       ****************


#********** Integration by Vegas (iteration      15) ************
#                                                               *
#  integral  = 0.47940909E-05   accum. integral = 0.47957243E-05*
#  std. dev. = 0.27261997E-08   accum. std. dev = 0.86594988E-09*
#   min/max. wt. =    0.00000            0.212984E-09           *
#                                                               *
#*************   chi**2/iteration =  3.428       ****************

 ****************************************************
 * Writing out vegas grid to ./data/output.grid                                                      
 ****************************************************

  Input parameters for vegas:  ndim=  9   ncall= 99999999.
                              it=    0    itmx=    2
                              acc=-1.00    
                              mds=  0     nd=  50
                              (xl,xu)= (  0.00000     ,  1.00000     )
                                       (  0.00000     ,  1.00000     )
                                       (  0.00000     ,  1.00000     )
                                       (  0.00000     ,  1.00000     )
                                       (  0.00000     ,  1.00000     )
                                       (  0.00000     ,  1.00000     )
                                       (  0.00000     ,  1.00000     )
                                       (  0.00000     ,  1.00000     )
                                       (  0.00000     ,  1.00000     )

#********** Integration by Vegas (iteration       1) ************
#                                                               *
#  integral  = 0.47948284E-05   accum. integral = 0.47948284E-05*
#  std. dev. = 0.27525121E-08   accum. std. dev = 0.27525121E-08*
#   min/max. wt. =    0.00000            0.224086E-09           *
#                                                               *
#*************   chi**2/iteration =  0.000       ****************


#********** Integration by Vegas (iteration       2) ************
#                                                               *
#  integral  = 0.47961239E-05   accum. integral = 0.47954816E-05*
#  std. dev. = 0.27301133E-08   accum. std. dev = 0.19383501E-08*
#   min/max. wt. =    0.00000            0.130098E-09           *
#                                                               *
#*************   chi**2/iteration = 0.1115       ****************

 Done
