SLURM job running in:  /work-zfs/lhc/heshy/JHUGen/xsecs/JHUGen/JHUGenerator
LHAPDF 6.1.5 loading /work-zfs/lhc/cms/slc6_amd64_gcc493/external/lhapdf/6.1.5-kpegke3/share/LHAPDF/NNPDF30_lo_as_0130/NNPDF30_lo_as_0130_0000.dat
NNPDF30_lo_as_0130 PDF set, member #0, version 2; LHAPDF ID = 263000
 extending no. of histograms for vbf tests
 
  
  ***************************************************************************************
  *                                JHU Generator v7.0.2                                 *
  ***************************************************************************************
  *                                                                                     *
  *   Spin and parity determination of single-produced resonances at hadron colliders   *
  *                                                                                     *
  *          I. Anderson, S. Bolognesi, F. Caola, Y. Gao, A. Gritsan, Z. Guo,           *
  *        C. Martin, K. Melnikov, R. Rontsch, H. Roskes, U. Sarica, M. Schulze,        *
  *                   N. Tran, A. Whitbeck, M. Xiao, C. You, Y. Zhou                    *
  *              Phys.Rev. D81 (2010) 075022;  arXiv:1001.3396  [hep-ph],               *
  *              Phys.Rev. D86 (2012) 095031;  arXiv:1208.4018  [hep-ph],               *
  *              Phys.Rev. D89 (2014) 035007;  arXiv:1309.4819  [hep-ph],               *
  *              Phys.Rev. D94 (2016) 055023;  arXiv:1606.03107 [hep-ph].               *
  *                                                                                     *
  ***************************************************************************************
  
   
   Command line: ./JHUGen Unweighted=0 VegasNc0=99999999 VegasNc1=99999999 VegasNc2=99999999 LHAPDF=NNPDF30_lo_as_0130/NNPDF30_lo_as_0130.info MReso=1180 Process=60 deltaRcut=0 ghz1=0,0 ghzgs1_prime2=1,0 pTjetcut=15
   
   Input Parameter:
    Collider: P-P, sqrt(s)=13000.00
    Resonance: spin=0, mass=1180.00 width=   0.00407
    Z-boson: mass=91.188, width=2.4952
    W-boson: mass=80.399, width=2.0850
    Jet cuts:
            pT >=    15.00 GeV
         |eta| <= Infinity
        DeltaR >=     0.00
           mJJ >=     0.00 GeV
    Random seed:   397898399
    To reproduce results using this seed, JHUGen should be compiled with the same compiler:
      GNU Fortran (GCC) 4.8.2
    
    WidthScheme:   2
    LHAPDF set NNPDF30_lo_as_0130/NNPDF30_lo_as_0130.info, member=  0
    Unweighted: F
    Intermediate off-shell photons: T
    
    spin-0-VV couplings: 
      generate_as=F
      ghg2=  0.10000000E+01  0.00000000E+00i
      ghzgs1_prime2=  0.00000000E+00  0.00000000E+00i,  Lambda_zgs1=  1.0000E+04
      Lambda=  1000.0
    
    LHE output: ./data/output.lhe
    Histogram output: ./data/output.dat
    Log file: ./data/output.log
    
  Running

  Input parameters for vegas:  ndim=  9   ncall= 99999999.
                              it=    0    itmx=   15
                              acc=-1.00    
                              mds=  0     nd=  50
                              (xl,xu)= (  0.00000     ,  1.00000     )
                                       (  0.00000     ,  1.00000     )
                                       (  0.00000     ,  1.00000     )
                                       (  0.00000     ,  1.00000     )
                                       (  0.00000     ,  1.00000     )
                                       (  0.00000     ,  1.00000     )
                                       (  0.00000     ,  1.00000     )
                                       (  0.00000     ,  1.00000     )
                                       (  0.00000     ,  1.00000     )

#********** Integration by Vegas (iteration       1) ************
#                                                               *
#  integral  = 0.20802816E-05   accum. integral = 0.20802816E-05*
#  std. dev. = 0.60376059E-07   accum. std. dev = 0.60376059E-07*
#   min/max. wt. =    0.00000            0.421506E-07           *
#                                                               *
#*************   chi**2/iteration =  0.000       ****************


#********** Integration by Vegas (iteration       2) ************
#                                                               *
#  integral  = 0.60472156E-05   accum. integral = 0.21184055E-05*
#  std. dev. = 0.17816819E-05   accum. std. dev = 0.13060901E-06*
#   min/max. wt. =    0.00000            0.109268E-05           *
#                                                               *
#*************   chi**2/iteration =  8.772       ****************


#********** Integration by Vegas (iteration       3) ************
#                                                               *
#  integral  = 0.35168163E-05   accum. integral = 0.29600080E-05*
#  std. dev. = 0.82621805E-07   accum. std. dev = 0.76796062E-07*
#   min/max. wt. =    0.00000            0.331482E-07           *
#                                                               *
#*************   chi**2/iteration =  44.76       ****************


#********** Integration by Vegas (iteration       4) ************
#                                                               *
#  integral  = 0.38314264E-05   accum. integral = 0.37852953E-05*
#  std. dev. = 0.16509592E-07   accum. std. dev = 0.17282688E-07*
#   min/max. wt. =    0.00000            0.525639E-08           *
#                                                               *
#*************   chi**2/iteration =  73.67       ****************


#********** Integration by Vegas (iteration       5) ************
#                                                               *
#  integral  = 0.38156816E-05   accum. integral = 0.38136927E-05*
#  std. dev. = 0.42345545E-08   accum. std. dev = 0.43580008E-08*
#   min/max. wt. =    0.00000            0.998110E-09           *
#                                                               *
#*************   chi**2/iteration =  57.63       ****************


#********** Integration by Vegas (iteration       6) ************
#                                                               *
#  integral  = 0.38247758E-05   accum. integral = 0.38213855E-05*
#  std. dev. = 0.27240578E-08   accum. std. dev = 0.23874231E-08*
#   min/max. wt. =    0.00000            0.371360E-09           *
#                                                               *
#*************   chi**2/iteration =  47.91       ****************


#********** Integration by Vegas (iteration       7) ************
#                                                               *
#  integral  = 0.38270778E-05   accum. integral = 0.38241320E-05*
#  std. dev. = 0.23518420E-08   accum. std. dev = 0.17057473E-08*
#   min/max. wt. =    0.00000            0.132672E-09           *
#                                                               *
#*************   chi**2/iteration =  40.94       ****************


#********** Integration by Vegas (iteration       8) ************
#                                                               *
#  integral  = 0.38209077E-05   accum. integral = 0.38229991E-05*
#  std. dev. = 0.22159839E-08   accum. std. dev = 0.13663865E-08*
#   min/max. wt. =    0.00000            0.141273E-09           *
#                                                               *
#*************   chi**2/iteration =  35.65       ****************


#********** Integration by Vegas (iteration       9) ************
#                                                               *
#  integral  = 0.38269388E-05   accum. integral = 0.38240591E-05*
#  std. dev. = 0.21684887E-08   accum. std. dev = 0.11634561E-08*
#   min/max. wt. =    0.00000            0.193229E-09           *
#                                                               *
#*************   chi**2/iteration =  31.73       ****************


#********** Integration by Vegas (iteration      10) ************
#                                                               *
#  integral  = 0.38268966E-05   accum. integral = 0.38246653E-05*
#  std. dev. = 0.21578724E-08   accum. std. dev = 0.10283322E-08*
#   min/max. wt. =    0.00000            0.127998E-09           *
#                                                               *
#*************   chi**2/iteration =  28.53       ****************


#********** Integration by Vegas (iteration      11) ************
#                                                               *
#  integral  = 0.38239882E-05   accum. integral = 0.38245436E-05*
#  std. dev. = 0.21295101E-08   accum. std. dev = 0.92880102E-09*
#   min/max. wt. =    0.00000            0.938193E-10           *
#                                                               *
#*************   chi**2/iteration =  25.83       ****************


#********** Integration by Vegas (iteration      12) ************
#                                                               *
#  integral  = 0.38241227E-05   accum. integral = 0.38244807E-05*
#  std. dev. = 0.21532516E-08   accum. std. dev = 0.85459281E-09*
#   min/max. wt. =    0.00000            0.172827E-09           *
#                                                               *
#*************   chi**2/iteration =  23.60       ****************


#********** Integration by Vegas (iteration      13) ************
#                                                               *
#  integral  = 0.38256521E-05   accum. integral = 0.38246345E-05*
#  std. dev. = 0.21424849E-08   accum. std. dev = 0.79498630E-09*
#   min/max. wt. =    0.00000            0.973345E-10           *
#                                                               *
#*************   chi**2/iteration =  21.73       ****************


#********** Integration by Vegas (iteration      14) ************
#                                                               *
#  integral  = 0.38240911E-05   accum. integral = 0.38245715E-05*
#  std. dev. = 0.21430394E-08   accum. std. dev = 0.74623188E-09*
#   min/max. wt. =    0.00000            0.814804E-10           *
#                                                               *
#*************   chi**2/iteration =  20.13       ****************


#********** Integration by Vegas (iteration      15) ************
#                                                               *
#  integral  = 0.38234779E-05   accum. integral = 0.38244565E-05*
#  std. dev. = 0.21281028E-08   accum. std. dev = 0.70486555E-09*
#   min/max. wt. =    0.00000            0.923955E-10           *
#                                                               *
#*************   chi**2/iteration =  18.77       ****************

 ****************************************************
 * Writing out vegas grid to ./data/output.grid                                                      
 ****************************************************

  Input parameters for vegas:  ndim=  9   ncall= 99999999.
                              it=    0    itmx=    2
                              acc=-1.00    
                              mds=  0     nd=  50
                              (xl,xu)= (  0.00000     ,  1.00000     )
                                       (  0.00000     ,  1.00000     )
                                       (  0.00000     ,  1.00000     )
                                       (  0.00000     ,  1.00000     )
                                       (  0.00000     ,  1.00000     )
                                       (  0.00000     ,  1.00000     )
                                       (  0.00000     ,  1.00000     )
                                       (  0.00000     ,  1.00000     )
                                       (  0.00000     ,  1.00000     )

#********** Integration by Vegas (iteration       1) ************
#                                                               *
#  integral  = 0.38245572E-05   accum. integral = 0.38245572E-05*
#  std. dev. = 0.21806989E-08   accum. std. dev = 0.21806989E-08*
#   min/max. wt. =    0.00000            0.106177E-09           *
#                                                               *
#*************   chi**2/iteration =  0.000       ****************


#********** Integration by Vegas (iteration       2) ************
#                                                               *
#  integral  = 0.38221777E-05   accum. integral = 0.38233628E-05*
#  std. dev. = 0.21708080E-08   accum. std. dev = 0.15384803E-08*
#   min/max. wt. =    0.00000            0.131655E-09           *
#                                                               *
#*************   chi**2/iteration = 0.5974       ****************

 Done
