SLURM job running in:  /work-zfs/lhc/heshy/JHUGen/xsecs/JHUGen/JHUGenerator
LHAPDF 6.1.5 loading /work-zfs/lhc/cms/slc6_amd64_gcc493/external/lhapdf/6.1.5-kpegke3/share/LHAPDF/NNPDF30_lo_as_0130/NNPDF30_lo_as_0130_0000.dat
NNPDF30_lo_as_0130 PDF set, member #0, version 2; LHAPDF ID = 263000
 extending no. of histograms for vbf tests
 
  
  ***************************************************************************************
  *                                JHU Generator v7.0.2                                 *
  ***************************************************************************************
  *                                                                                     *
  *   Spin and parity determination of single-produced resonances at hadron colliders   *
  *                                                                                     *
  *          I. Anderson, S. Bolognesi, F. Caola, Y. Gao, A. Gritsan, Z. Guo,           *
  *        C. Martin, K. Melnikov, R. Rontsch, H. Roskes, U. Sarica, M. Schulze,        *
  *                   N. Tran, A. Whitbeck, M. Xiao, C. You, Y. Zhou                    *
  *              Phys.Rev. D81 (2010) 075022;  arXiv:1001.3396  [hep-ph],               *
  *              Phys.Rev. D86 (2012) 095031;  arXiv:1208.4018  [hep-ph],               *
  *              Phys.Rev. D89 (2014) 035007;  arXiv:1309.4819  [hep-ph],               *
  *              Phys.Rev. D94 (2016) 055023;  arXiv:1606.03107 [hep-ph].               *
  *                                                                                     *
  ***************************************************************************************
  
   
   Command line: ./JHUGen Unweighted=0 VegasNc0=99999999 VegasNc1=99999999 VegasNc2=99999999 LHAPDF=NNPDF30_lo_as_0130/NNPDF30_lo_as_0130.info MReso=1200 Process=60 deltaRcut=0 ghz1=0,0 ghzgs1_prime2=1,0 pTjetcut=15
   
   Input Parameter:
    Collider: P-P, sqrt(s)=13000.00
    Resonance: spin=0, mass=1200.00 width=   0.00407
    Z-boson: mass=91.188, width=2.4952
    W-boson: mass=80.399, width=2.0850
    Jet cuts:
            pT >=    15.00 GeV
         |eta| <= Infinity
        DeltaR >=     0.00
           mJJ >=     0.00 GeV
    Random seed:   420543024
    To reproduce results using this seed, JHUGen should be compiled with the same compiler:
      GNU Fortran (GCC) 4.8.2
    
    WidthScheme:   2
    LHAPDF set NNPDF30_lo_as_0130/NNPDF30_lo_as_0130.info, member=  0
    Unweighted: F
    Intermediate off-shell photons: T
    
    spin-0-VV couplings: 
      generate_as=F
      ghg2=  0.10000000E+01  0.00000000E+00i
      ghzgs1_prime2=  0.00000000E+00  0.00000000E+00i,  Lambda_zgs1=  1.0000E+04
      Lambda=  1000.0
    
    LHE output: ./data/output.lhe
    Histogram output: ./data/output.dat
    Log file: ./data/output.log
    
  Running

  Input parameters for vegas:  ndim=  9   ncall= 99999999.
                              it=    0    itmx=   15
                              acc=-1.00    
                              mds=  0     nd=  50
                              (xl,xu)= (  0.00000     ,  1.00000     )
                                       (  0.00000     ,  1.00000     )
                                       (  0.00000     ,  1.00000     )
                                       (  0.00000     ,  1.00000     )
                                       (  0.00000     ,  1.00000     )
                                       (  0.00000     ,  1.00000     )
                                       (  0.00000     ,  1.00000     )
                                       (  0.00000     ,  1.00000     )
                                       (  0.00000     ,  1.00000     )

#********** Integration by Vegas (iteration       1) ************
#                                                               *
#  integral  = 0.20794428E-05   accum. integral = 0.20794428E-05*
#  std. dev. = 0.12281976E-06   accum. std. dev = 0.12281976E-06*
#   min/max. wt. =    0.00000            0.114703E-06           *
#                                                               *
#*************   chi**2/iteration =  0.000       ****************


#********** Integration by Vegas (iteration       2) ************
#                                                               *
#  integral  = 0.23761065E-05   accum. integral = 0.23320669E-05*
#  std. dev. = 0.58596460E-07   accum. std. dev = 0.50809215E-07*
#   min/max. wt. =    0.00000            0.357956E-07           *
#                                                               *
#*************   chi**2/iteration =  4.305       ****************


#********** Integration by Vegas (iteration       3) ************
#                                                               *
#  integral  = 0.36938151E-05   accum. integral = 0.25549529E-05*
#  std. dev. = 0.19001153E-06   accum. std. dev = 0.58388075E-07*
#   min/max. wt. =    0.00000            0.153607E-06           *
#                                                               *
#*************   chi**2/iteration =  38.57       ****************


#********** Integration by Vegas (iteration       4) ************
#                                                               *
#  integral  = 0.36684038E-05   accum. integral = 0.36124291E-05*
#  std. dev. = 0.17564488E-07   accum. std. dev = 0.14205213E-07*
#   min/max. wt. =    0.00000            0.636572E-08           *
#                                                               *
#*************   chi**2/iteration =  119.6       ****************


#********** Integration by Vegas (iteration       5) ************
#                                                               *
#  integral  = 0.36682195E-05   accum. integral = 0.36644947E-05*
#  std. dev. = 0.45781515E-08   accum. std. dev = 0.38327311E-08*
#   min/max. wt. =    0.00000            0.769865E-09           *
#                                                               *
#*************   chi**2/iteration =  85.57       ****************


#********** Integration by Vegas (iteration       6) ************
#                                                               *
#  integral  = 0.36704732E-05   accum. integral = 0.36689206E-05*
#  std. dev. = 0.26210972E-08   accum. std. dev = 0.20066814E-08*
#   min/max. wt. =    0.00000            0.445010E-09           *
#                                                               *
#*************   chi**2/iteration =  65.20       ****************


#********** Integration by Vegas (iteration       7) ************
#                                                               *
#  integral  = 0.36691964E-05   accum. integral = 0.36690562E-05*
#  std. dev. = 0.22927119E-08   accum. std. dev = 0.14573815E-08*
#   min/max. wt. =    0.00000            0.103110E-09           *
#                                                               *
#*************   chi**2/iteration =  52.37       ****************


#********** Integration by Vegas (iteration       8) ************
#                                                               *
#  integral  = 0.36707722E-05   accum. integral = 0.36696662E-05*
#  std. dev. = 0.21654482E-08   accum. std. dev = 0.11858272E-08*
#   min/max. wt. =    0.00000            0.114722E-09           *
#                                                               *
#*************   chi**2/iteration =  43.77       ****************


#********** Integration by Vegas (iteration       9) ************
#                                                               *
#  integral  = 0.36723615E-05   accum. integral = 0.36703921E-05*
#  std. dev. = 0.21274834E-08   accum. std. dev = 0.10240846E-08*
#   min/max. wt. =    0.00000            0.762275E-10           *
#                                                               *
#*************   chi**2/iteration =  37.69       ****************


#********** Integration by Vegas (iteration      10) ************
#                                                               *
#  integral  = 0.36721215E-05   accum. integral = 0.36707608E-05*
#  std. dev. = 0.21207632E-08   accum. std. dev = 0.91570834E-09*
#   min/max. wt. =    0.00000            0.168307E-09           *
#                                                               *
#*************   chi**2/iteration =  33.04       ****************


#********** Integration by Vegas (iteration      11) ************
#                                                               *
#  integral  = 0.36708762E-05   accum. integral = 0.36707820E-05*
#  std. dev. = 0.20634793E-08   accum. std. dev = 0.83268269E-09*
#   min/max. wt. =    0.00000            0.779834E-10           *
#                                                               *
#*************   chi**2/iteration =  29.35       ****************


#********** Integration by Vegas (iteration      12) ************
#                                                               *
#  integral  = 0.36732607E-05   accum. integral = 0.36711497E-05*
#  std. dev. = 0.21208164E-08   accum. std. dev = 0.77259678E-09*
#   min/max. wt. =    0.00000            0.177608E-09           *
#                                                               *
#*************   chi**2/iteration =  26.52       ****************


#********** Integration by Vegas (iteration      13) ************
#                                                               *
#  integral  = 0.36688946E-05   accum. integral = 0.36708446E-05*
#  std. dev. = 0.20625243E-08   accum. std. dev = 0.72160904E-09*
#   min/max. wt. =    0.00000            0.708943E-10           *
#                                                               *
#*************   chi**2/iteration =  24.19       ****************


#********** Integration by Vegas (iteration      14) ************
#                                                               *
#  integral  = 0.36700704E-05   accum. integral = 0.36707503E-05*
#  std. dev. = 0.20382953E-08   accum. std. dev = 0.67881514E-09*
#   min/max. wt. =    0.00000            0.551381E-10           *
#                                                               *
#*************   chi**2/iteration =  22.17       ****************


#********** Integration by Vegas (iteration      15) ************
#                                                               *
#  integral  = 0.36734520E-05   accum. integral = 0.36710413E-05*
#  std. dev. = 0.20491623E-08   accum. std. dev = 0.64335467E-09*
#   min/max. wt. =    0.00000            0.180011E-09           *
#                                                               *
#*************   chi**2/iteration =  20.57       ****************

 ****************************************************
 * Writing out vegas grid to ./data/output.grid                                                      
 ****************************************************

  Input parameters for vegas:  ndim=  9   ncall= 99999999.
                              it=    0    itmx=    2
                              acc=-1.00    
                              mds=  0     nd=  50
                              (xl,xu)= (  0.00000     ,  1.00000     )
                                       (  0.00000     ,  1.00000     )
                                       (  0.00000     ,  1.00000     )
                                       (  0.00000     ,  1.00000     )
                                       (  0.00000     ,  1.00000     )
                                       (  0.00000     ,  1.00000     )
                                       (  0.00000     ,  1.00000     )
                                       (  0.00000     ,  1.00000     )
                                       (  0.00000     ,  1.00000     )

#********** Integration by Vegas (iteration       1) ************
#                                                               *
#  integral  = 0.36708843E-05   accum. integral = 0.36708843E-05*
#  std. dev. = 0.20454572E-08   accum. std. dev = 0.20454572E-08*
#   min/max. wt. =    0.00000            0.932519E-10           *
#                                                               *
#*************   chi**2/iteration = -.1158E-05   ****************


#********** Integration by Vegas (iteration       2) ************
#                                                               *
#  integral  = 0.36703777E-05   accum. integral = 0.36706365E-05*
#  std. dev. = 0.20893862E-08   accum. std. dev = 0.14616383E-08*
#   min/max. wt. =    0.00000            0.185872E-09           *
#                                                               *
#*************   chi**2/iteration = 0.2999E-01   ****************

 Done
