SLURM job running in:  /work-zfs/lhc/heshy/JHUGen/xsecs/JHUGen/JHUGenerator
LHAPDF 6.1.5 loading /work-zfs/lhc/cms/slc6_amd64_gcc493/external/lhapdf/6.1.5-kpegke3/share/LHAPDF/NNPDF30_lo_as_0130/NNPDF30_lo_as_0130_0000.dat
NNPDF30_lo_as_0130 PDF set, member #0, version 2; LHAPDF ID = 263000
 extending no. of histograms for vbf tests
 
  
  ***************************************************************************************
  *                                JHU Generator v7.0.2                                 *
  ***************************************************************************************
  *                                                                                     *
  *   Spin and parity determination of single-produced resonances at hadron colliders   *
  *                                                                                     *
  *          I. Anderson, S. Bolognesi, F. Caola, Y. Gao, A. Gritsan, Z. Guo,           *
  *        C. Martin, K. Melnikov, R. Rontsch, H. Roskes, U. Sarica, M. Schulze,        *
  *                   N. Tran, A. Whitbeck, M. Xiao, C. You, Y. Zhou                    *
  *              Phys.Rev. D81 (2010) 075022;  arXiv:1001.3396  [hep-ph],               *
  *              Phys.Rev. D86 (2012) 095031;  arXiv:1208.4018  [hep-ph],               *
  *              Phys.Rev. D89 (2014) 035007;  arXiv:1309.4819  [hep-ph],               *
  *              Phys.Rev. D94 (2016) 055023;  arXiv:1606.03107 [hep-ph].               *
  *                                                                                     *
  ***************************************************************************************
  
   
   Command line: ./JHUGen Unweighted=0 VegasNc0=99999999 VegasNc1=99999999 VegasNc2=99999999 LHAPDF=NNPDF30_lo_as_0130/NNPDF30_lo_as_0130.info MReso=1350 Process=60 deltaRcut=0 ghz1=0,0 ghzgs1_prime2=1,0 pTjetcut=15
   
   Input Parameter:
    Collider: P-P, sqrt(s)=13000.00
    Resonance: spin=0, mass=1350.00 width=   0.00407
    Z-boson: mass=91.188, width=2.4952
    W-boson: mass=80.399, width=2.0850
    Jet cuts:
            pT >=    15.00 GeV
         |eta| <= Infinity
        DeltaR >=     0.00
           mJJ >=     0.00 GeV
    Random seed:   397898397
    To reproduce results using this seed, JHUGen should be compiled with the same compiler:
      GNU Fortran (GCC) 4.8.2
    
    WidthScheme:   2
    LHAPDF set NNPDF30_lo_as_0130/NNPDF30_lo_as_0130.info, member=  0
    Unweighted: F
    Intermediate off-shell photons: T
    
    spin-0-VV couplings: 
      generate_as=F
      ghg2=  0.10000000E+01  0.00000000E+00i
      ghzgs1_prime2=  0.00000000E+00  0.00000000E+00i,  Lambda_zgs1=  1.0000E+04
      Lambda=  1000.0
    
    LHE output: ./data/output.lhe
    Histogram output: ./data/output.dat
    Log file: ./data/output.log
    
  Running

  Input parameters for vegas:  ndim=  9   ncall= 99999999.
                              it=    0    itmx=   15
                              acc=-1.00    
                              mds=  0     nd=  50
                              (xl,xu)= (  0.00000     ,  1.00000     )
                                       (  0.00000     ,  1.00000     )
                                       (  0.00000     ,  1.00000     )
                                       (  0.00000     ,  1.00000     )
                                       (  0.00000     ,  1.00000     )
                                       (  0.00000     ,  1.00000     )
                                       (  0.00000     ,  1.00000     )
                                       (  0.00000     ,  1.00000     )
                                       (  0.00000     ,  1.00000     )

#********** Integration by Vegas (iteration       1) ************
#                                                               *
#  integral  = 0.14378702E-05   accum. integral = 0.14378702E-05*
#  std. dev. = 0.44796288E-07   accum. std. dev = 0.44796288E-07*
#   min/max. wt. =    0.00000            0.403061E-07           *
#                                                               *
#*************   chi**2/iteration =  0.000       ****************


#********** Integration by Vegas (iteration       2) ************
#                                                               *
#  integral  = 0.31042847E-05   accum. integral = 0.14714056E-05*
#  std. dev. = 0.67485215E-06   accum. std. dev = 0.74603809E-07*
#   min/max. wt. =    0.00000            0.582201E-06           *
#                                                               *
#*************   chi**2/iteration =  9.829       ****************


#********** Integration by Vegas (iteration       3) ************
#                                                               *
#  integral  = 0.23925436E-05   accum. integral = 0.20539507E-05*
#  std. dev. = 0.56252506E-07   accum. std. dev = 0.45066264E-07*
#   min/max. wt. =    0.00000            0.236298E-07           *
#                                                               *
#*************   chi**2/iteration =  53.49       ****************


#********** Integration by Vegas (iteration       4) ************
#                                                               *
#  integral  = 0.27078636E-05   accum. integral = 0.26564049E-05*
#  std. dev. = 0.14797157E-07   accum. std. dev = 0.13049874E-07*
#   min/max. wt. =    0.00000            0.546195E-08           *
#                                                               *
#*************   chi**2/iteration =  94.13       ****************


#********** Integration by Vegas (iteration       5) ************
#                                                               *
#  integral  = 0.27205999E-05   accum. integral = 0.27169152E-05*
#  std. dev. = 0.35213144E-08   accum. std. dev = 0.31870885E-08*
#   min/max. wt. =    0.00000            0.704831E-09           *
#                                                               *
#*************   chi**2/iteration =  73.43       ****************


#********** Integration by Vegas (iteration       6) ************
#                                                               *
#  integral  = 0.27148001E-05   accum. integral = 0.27153206E-05*
#  std. dev. = 0.19489940E-08   accum. std. dev = 0.16000713E-08*
#   min/max. wt. =    0.00000            0.374449E-09           *
#                                                               *
#*************   chi**2/iteration =  57.42       ****************


#********** Integration by Vegas (iteration       7) ************
#                                                               *
#  integral  = 0.27131504E-05   accum. integral = 0.27141731E-05*
#  std. dev. = 0.15965783E-08   accum. std. dev = 0.11075424E-08*
#   min/max. wt. =    0.00000            0.987635E-10           *
#                                                               *
#*************   chi**2/iteration =  47.22       ****************


#********** Integration by Vegas (iteration       8) ************
#                                                               *
#  integral  = 0.27135479E-05   accum. integral = 0.27139456E-05*
#  std. dev. = 0.15351036E-08   accum. std. dev = 0.88877009E-09*
#   min/max. wt. =    0.00000            0.893416E-10           *
#                                                               *
#*************   chi**2/iteration =  40.00       ****************


#********** Integration by Vegas (iteration       9) ************
#                                                               *
#  integral  = 0.27118778E-05   accum. integral = 0.27133849E-05*
#  std. dev. = 0.15173684E-08   accum. std. dev = 0.76231527E-09*
#   min/max. wt. =    0.00000            0.872301E-10           *
#                                                               *
#*************   chi**2/iteration =  34.86       ****************


#********** Integration by Vegas (iteration      10) ************
#                                                               *
#  integral  = 0.27114584E-05   accum. integral = 0.27129616E-05*
#  std. dev. = 0.14887448E-08   accum. std. dev = 0.67586551E-09*
#   min/max. wt. =    0.00000            0.676893E-10           *
#                                                               *
#*************   chi**2/iteration =  30.91       ****************


#********** Integration by Vegas (iteration      11) ************
#                                                               *
#  integral  = 0.27131722E-05   accum. integral = 0.27129987E-05*
#  std. dev. = 0.15100710E-08   accum. std. dev = 0.61533108E-09*
#   min/max. wt. =    0.00000            0.164576E-09           *
#                                                               *
#*************   chi**2/iteration =  27.65       ****************


#********** Integration by Vegas (iteration      12) ************
#                                                               *
#  integral  = 0.27115185E-05   accum. integral = 0.27127784E-05*
#  std. dev. = 0.15148273E-08   accum. std. dev = 0.56910913E-09*
#   min/max. wt. =    0.00000            0.661140E-10           *
#                                                               *
#*************   chi**2/iteration =  25.09       ****************


#********** Integration by Vegas (iteration      13) ************
#                                                               *
#  integral  = 0.27129790E-05   accum. integral = 0.27128050E-05*
#  std. dev. = 0.14942243E-08   accum. std. dev = 0.53110951E-09*
#   min/max. wt. =    0.00000            0.740096E-10           *
#                                                               *
#*************   chi**2/iteration =  22.90       ****************


#********** Integration by Vegas (iteration      14) ************
#                                                               *
#  integral  = 0.27138416E-05   accum. integral = 0.27129243E-05*
#  std. dev. = 0.15106910E-08   accum. std. dev = 0.50054975E-09*
#   min/max. wt. =    0.00000            0.883827E-10           *
#                                                               *
#*************   chi**2/iteration =  21.10       ****************


#********** Integration by Vegas (iteration      15) ************
#                                                               *
#  integral  = 0.27135873E-05   accum. integral = 0.27129912E-05*
#  std. dev. = 0.15287576E-08   accum. std. dev = 0.47535971E-09*
#   min/max. wt. =    0.00000            0.891036E-10           *
#                                                               *
#*************   chi**2/iteration =  19.54       ****************

 ****************************************************
 * Writing out vegas grid to ./data/output.grid                                                      
 ****************************************************

  Input parameters for vegas:  ndim=  9   ncall= 99999999.
                              it=    0    itmx=    2
                              acc=-1.00    
                              mds=  0     nd=  50
                              (xl,xu)= (  0.00000     ,  1.00000     )
                                       (  0.00000     ,  1.00000     )
                                       (  0.00000     ,  1.00000     )
                                       (  0.00000     ,  1.00000     )
                                       (  0.00000     ,  1.00000     )
                                       (  0.00000     ,  1.00000     )
                                       (  0.00000     ,  1.00000     )
                                       (  0.00000     ,  1.00000     )
                                       (  0.00000     ,  1.00000     )

#********** Integration by Vegas (iteration       1) ************
#                                                               *
#  integral  = 0.27129645E-05   accum. integral = 0.27129645E-05*
#  std. dev. = 0.15212291E-08   accum. std. dev = 0.15212291E-08*
#   min/max. wt. =    0.00000            0.821229E-10           *
#                                                               *
#*************   chi**2/iteration =  0.000       ****************


#********** Integration by Vegas (iteration       2) ************
#                                                               *
#  integral  = 0.27125091E-05   accum. integral = 0.27127355E-05*
#  std. dev. = 0.15121871E-08   accum. std. dev = 0.10724608E-08*
#   min/max. wt. =    0.00000            0.502334E-10           *
#                                                               *
#*************   chi**2/iteration = 0.4502E-01   ****************

 Done
