SLURM job running in:  /work-zfs/lhc/heshy/JHUGen/xsecs/JHUGen/JHUGenerator
LHAPDF 6.1.5 loading /work-zfs/lhc/cms/slc6_amd64_gcc493/external/lhapdf/6.1.5-kpegke3/share/LHAPDF/NNPDF30_lo_as_0130/NNPDF30_lo_as_0130_0000.dat
NNPDF30_lo_as_0130 PDF set, member #0, version 2; LHAPDF ID = 263000
 extending no. of histograms for vbf tests
 
  
  ***************************************************************************************
  *                                JHU Generator v7.0.2                                 *
  ***************************************************************************************
  *                                                                                     *
  *   Spin and parity determination of single-produced resonances at hadron colliders   *
  *                                                                                     *
  *          I. Anderson, S. Bolognesi, F. Caola, Y. Gao, A. Gritsan, Z. Guo,           *
  *        C. Martin, K. Melnikov, R. Rontsch, H. Roskes, U. Sarica, M. Schulze,        *
  *                   N. Tran, A. Whitbeck, M. Xiao, C. You, Y. Zhou                    *
  *              Phys.Rev. D81 (2010) 075022;  arXiv:1001.3396  [hep-ph],               *
  *              Phys.Rev. D86 (2012) 095031;  arXiv:1208.4018  [hep-ph],               *
  *              Phys.Rev. D89 (2014) 035007;  arXiv:1309.4819  [hep-ph],               *
  *              Phys.Rev. D94 (2016) 055023;  arXiv:1606.03107 [hep-ph].               *
  *                                                                                     *
  ***************************************************************************************
  
   
   Command line: ./JHUGen Unweighted=0 VegasNc0=99999999 VegasNc1=99999999 VegasNc2=99999999 LHAPDF=NNPDF30_lo_as_0130/NNPDF30_lo_as_0130.info MReso=1430 Process=60 deltaRcut=0 ghz1=0,0 ghzgs1_prime2=1,0 pTjetcut=15
   
   Input Parameter:
    Collider: P-P, sqrt(s)=13000.00
    Resonance: spin=0, mass=1430.00 width=   0.00407
    Z-boson: mass=91.188, width=2.4952
    W-boson: mass=80.399, width=2.0850
    Jet cuts:
            pT >=    15.00 GeV
         |eta| <= Infinity
        DeltaR >=     0.00
           mJJ >=     0.00 GeV
    Random seed:    36190773
    To reproduce results using this seed, JHUGen should be compiled with the same compiler:
      GNU Fortran (GCC) 4.8.2
    
    WidthScheme:   2
    LHAPDF set NNPDF30_lo_as_0130/NNPDF30_lo_as_0130.info, member=  0
    Unweighted: F
    Intermediate off-shell photons: T
    
    spin-0-VV couplings: 
      generate_as=F
      ghg2=  0.10000000E+01  0.00000000E+00i
      ghzgs1_prime2=  0.00000000E+00  0.00000000E+00i,  Lambda_zgs1=  1.0000E+04
      Lambda=  1000.0
    
    LHE output: ./data/output.lhe
    Histogram output: ./data/output.dat
    Log file: ./data/output.log
    
  Running

  Input parameters for vegas:  ndim=  9   ncall= 99999999.
                              it=    0    itmx=   15
                              acc=-1.00    
                              mds=  0     nd=  50
                              (xl,xu)= (  0.00000     ,  1.00000     )
                                       (  0.00000     ,  1.00000     )
                                       (  0.00000     ,  1.00000     )
                                       (  0.00000     ,  1.00000     )
                                       (  0.00000     ,  1.00000     )
                                       (  0.00000     ,  1.00000     )
                                       (  0.00000     ,  1.00000     )
                                       (  0.00000     ,  1.00000     )
                                       (  0.00000     ,  1.00000     )

#********** Integration by Vegas (iteration       1) ************
#                                                               *
#  integral  = 0.12396910E-05   accum. integral = 0.12396910E-05*
#  std. dev. = 0.52788916E-07   accum. std. dev = 0.52788916E-07*
#   min/max. wt. =    0.00000            0.488363E-07           *
#                                                               *
#*************   chi**2/iteration =  0.000       ****************


#********** Integration by Vegas (iteration       2) ************
#                                                               *
#  integral  = 0.15344481E-05   accum. integral = 0.13677811E-05*
#  std. dev. = 0.74532953E-07   accum. std. dev = 0.44664025E-07*
#   min/max. wt. =    0.00000            0.601532E-07           *
#                                                               *
#*************   chi**2/iteration =  10.69       ****************


#********** Integration by Vegas (iteration       3) ************
#                                                               *
#  integral  = 0.23521591E-05   accum. integral = 0.16909102E-05*
#  std. dev. = 0.10774151E-06   accum. std. dev = 0.46513694E-07*
#   min/max. wt. =    0.00000            0.597670E-07           *
#                                                               *
#*************   chi**2/iteration =  52.67       ****************


#********** Integration by Vegas (iteration       4) ************
#                                                               *
#  integral  = 0.23071438E-05   accum. integral = 0.22957278E-05*
#  std. dev. = 0.83184767E-08   accum. std. dev = 0.68585049E-08*
#   min/max. wt. =    0.00000            0.233446E-08           *
#                                                               *
#*************   chi**2/iteration =  78.83       ****************


#********** Integration by Vegas (iteration       5) ************
#                                                               *
#  integral  = 0.23165620E-05   accum. integral = 0.23149009E-05*
#  std. dev. = 0.24356217E-08   accum. std. dev = 0.20229300E-08*
#   min/max. wt. =    0.00000            0.436852E-09           *
#                                                               *
#*************   chi**2/iteration =  56.14       ****************


#********** Integration by Vegas (iteration       6) ************
#                                                               *
#  integral  = 0.23144734E-05   accum. integral = 0.23146035E-05*
#  std. dev. = 0.15439511E-08   accum. std. dev = 0.11463763E-08*
#   min/max. wt. =    0.00000            0.106098E-09           *
#                                                               *
#*************   chi**2/iteration =  42.57       ****************


#********** Integration by Vegas (iteration       7) ************
#                                                               *
#  integral  = 0.23130764E-05   accum. integral = 0.23139003E-05*
#  std. dev. = 0.13930973E-08   accum. std. dev = 0.85755957E-09*
#   min/max. wt. =    0.00000            0.129431E-09           *
#                                                               *
#*************   chi**2/iteration =  34.33       ****************


#********** Integration by Vegas (iteration       8) ************
#                                                               *
#  integral  = 0.23150089E-05   accum. integral = 0.23142808E-05*
#  std. dev. = 0.13088186E-08   accum. std. dev = 0.70435992E-09*
#   min/max. wt. =    0.00000            0.668573E-10           *
#                                                               *
#*************   chi**2/iteration =  28.73       ****************


#********** Integration by Vegas (iteration       9) ************
#                                                               *
#  integral  = 0.23138561E-05   accum. integral = 0.23141688E-05*
#  std. dev. = 0.12809015E-08   accum. std. dev = 0.61057587E-09*
#   min/max. wt. =    0.00000            0.105035E-09           *
#                                                               *
#*************   chi**2/iteration =  24.65       ****************


#********** Integration by Vegas (iteration      10) ************
#                                                               *
#  integral  = 0.23120115E-05   accum. integral = 0.23137069E-05*
#  std. dev. = 0.12588842E-08   accum. std. dev = 0.54553831E-09*
#   min/max. wt. =    0.00000            0.696687E-10           *
#                                                               *
#*************   chi**2/iteration =  21.86       ****************


#********** Integration by Vegas (iteration      11) ************
#                                                               *
#  integral  = 0.23146730E-05   accum. integral = 0.23138740E-05*
#  std. dev. = 0.12750740E-08   accum. std. dev = 0.49931772E-09*
#   min/max. wt. =    0.00000            0.509082E-10           *
#                                                               *
#*************   chi**2/iteration =  19.48       ****************


#********** Integration by Vegas (iteration      12) ************
#                                                               *
#  integral  = 0.23146286E-05   accum. integral = 0.23139879E-05*
#  std. dev. = 0.12583479E-08   accum. std. dev = 0.46257125E-09*
#   min/max. wt. =    0.00000            0.870463E-10           *
#                                                               *
#*************   chi**2/iteration =  17.55       ****************


#********** Integration by Vegas (iteration      13) ************
#                                                               *
#  integral  = 0.23151232E-05   accum. integral = 0.23141375E-05*
#  std. dev. = 0.12547401E-08   accum. std. dev = 0.43294830E-09*
#   min/max. wt. =    0.00000            0.792089E-10           *
#                                                               *
#*************   chi**2/iteration =  16.01       ****************


#********** Integration by Vegas (iteration      14) ************
#                                                               *
#  integral  = 0.23119869E-05   accum. integral = 0.23138886E-05*
#  std. dev. = 0.12574674E-08   accum. std. dev = 0.40863717E-09*
#   min/max. wt. =    0.00000            0.589822E-10           *
#                                                               *
#*************   chi**2/iteration =  14.89       ****************


#********** Integration by Vegas (iteration      15) ************
#                                                               *
#  integral  = 0.23142117E-05   accum. integral = 0.23139215E-05*
#  std. dev. = 0.12721030E-08   accum. std. dev = 0.38854999E-09*
#   min/max. wt. =    0.00000            0.538885E-10           *
#                                                               *
#*************   chi**2/iteration =  13.74       ****************

 ****************************************************
 * Writing out vegas grid to ./data/output.grid                                                      
 ****************************************************

  Input parameters for vegas:  ndim=  9   ncall= 99999999.
                              it=    0    itmx=    2
                              acc=-1.00    
                              mds=  0     nd=  50
                              (xl,xu)= (  0.00000     ,  1.00000     )
                                       (  0.00000     ,  1.00000     )
                                       (  0.00000     ,  1.00000     )
                                       (  0.00000     ,  1.00000     )
                                       (  0.00000     ,  1.00000     )
                                       (  0.00000     ,  1.00000     )
                                       (  0.00000     ,  1.00000     )
                                       (  0.00000     ,  1.00000     )
                                       (  0.00000     ,  1.00000     )

#********** Integration by Vegas (iteration       1) ************
#                                                               *
#  integral  = 0.23140444E-05   accum. integral = 0.23140444E-05*
#  std. dev. = 0.12867456E-08   accum. std. dev = 0.12867456E-08*
#   min/max. wt. =    0.00000            0.136058E-09           *
#                                                               *
#*************   chi**2/iteration =  0.000       ****************


#********** Integration by Vegas (iteration       2) ************
#                                                               *
#  integral  = 0.23127031E-05   accum. integral = 0.23133598E-05*
#  std. dev. = 0.12595821E-08   accum. std. dev = 0.90011470E-09*
#   min/max. wt. =    0.00000            0.577429E-10           *
#                                                               *
#*************   chi**2/iteration = 0.5544       ****************

 Done
