SLURM job running in:  /work-zfs/lhc/heshy/JHUGen/xsecs/JHUGen/JHUGenerator
LHAPDF 6.1.5 loading /work-zfs/lhc/cms/slc6_amd64_gcc493/external/lhapdf/6.1.5-kpegke3/share/LHAPDF/NNPDF30_lo_as_0130/NNPDF30_lo_as_0130_0000.dat
NNPDF30_lo_as_0130 PDF set, member #0, version 2; LHAPDF ID = 263000
 extending no. of histograms for vbf tests
 
  
  ***************************************************************************************
  *                                JHU Generator v7.0.2                                 *
  ***************************************************************************************
  *                                                                                     *
  *   Spin and parity determination of single-produced resonances at hadron colliders   *
  *                                                                                     *
  *          I. Anderson, S. Bolognesi, F. Caola, Y. Gao, A. Gritsan, Z. Guo,           *
  *        C. Martin, K. Melnikov, R. Rontsch, H. Roskes, U. Sarica, M. Schulze,        *
  *                   N. Tran, A. Whitbeck, M. Xiao, C. You, Y. Zhou                    *
  *              Phys.Rev. D81 (2010) 075022;  arXiv:1001.3396  [hep-ph],               *
  *              Phys.Rev. D86 (2012) 095031;  arXiv:1208.4018  [hep-ph],               *
  *              Phys.Rev. D89 (2014) 035007;  arXiv:1309.4819  [hep-ph],               *
  *              Phys.Rev. D94 (2016) 055023;  arXiv:1606.03107 [hep-ph].               *
  *                                                                                     *
  ***************************************************************************************
  
   
   Command line: ./JHUGen Unweighted=0 VegasNc0=99999999 VegasNc1=99999999 VegasNc2=99999999 LHAPDF=NNPDF30_lo_as_0130/NNPDF30_lo_as_0130.info MReso=164 Process=60 deltaRcut=0 ghz1=0,0 ghzgs1_prime2=1,0 pTjetcut=15
   
   Input Parameter:
    Collider: P-P, sqrt(s)=13000.00
    Resonance: spin=0, mass= 164.00 width=   0.00407
    Z-boson: mass=91.188, width=2.4952
    W-boson: mass=80.399, width=2.0850
    Jet cuts:
            pT >=    15.00 GeV
         |eta| <= Infinity
        DeltaR >=     0.00
           mJJ >=     0.00 GeV
    Random seed:   573699293
    To reproduce results using this seed, JHUGen should be compiled with the same compiler:
      GNU Fortran (GCC) 4.8.2
    
    WidthScheme:   2
    LHAPDF set NNPDF30_lo_as_0130/NNPDF30_lo_as_0130.info, member=  0
    Unweighted: F
    Intermediate off-shell photons: T
    
    spin-0-VV couplings: 
      generate_as=F
      ghg2=  0.10000000E+01  0.00000000E+00i
      ghzgs1_prime2=  0.00000000E+00  0.00000000E+00i,  Lambda_zgs1=  1.0000E+04
      Lambda=  1000.0
    
    LHE output: ./data/output.lhe
    Histogram output: ./data/output.dat
    Log file: ./data/output.log
    
  Running

  Input parameters for vegas:  ndim=  9   ncall= 99999999.
                              it=    0    itmx=   15
                              acc=-1.00    
                              mds=  0     nd=  50
                              (xl,xu)= (  0.00000     ,  1.00000     )
                                       (  0.00000     ,  1.00000     )
                                       (  0.00000     ,  1.00000     )
                                       (  0.00000     ,  1.00000     )
                                       (  0.00000     ,  1.00000     )
                                       (  0.00000     ,  1.00000     )
                                       (  0.00000     ,  1.00000     )
                                       (  0.00000     ,  1.00000     )
                                       (  0.00000     ,  1.00000     )

#********** Integration by Vegas (iteration       1) ************
#                                                               *
#  integral  = 0.30021736E-04   accum. integral = 0.30021736E-04*
#  std. dev. = 0.19610203E-05   accum. std. dev = 0.19610203E-05*
#   min/max. wt. =    0.00000            0.173306E-05           *
#                                                               *
#*************   chi**2/iteration =  0.000       ****************


#********** Integration by Vegas (iteration       2) ************
#                                                               *
#  integral  = 0.35775278E-04   accum. integral = 0.34528081E-04*
#  std. dev. = 0.12293756E-05   accum. std. dev = 0.10043300E-05*
#   min/max. wt. =    0.00000            0.997793E-06           *
#                                                               *
#*************   chi**2/iteration =  5.566       ****************


#********** Integration by Vegas (iteration       3) ************
#                                                               *
#  integral  = 0.41854094E-04   accum. integral = 0.41265389E-04*
#  std. dev. = 0.37626137E-06   accum. std. dev = 0.31214696E-06*
#   min/max. wt. =    0.00000            0.201821E-06           *
#                                                               *
#*************   chi**2/iteration =  22.66       ****************


#********** Integration by Vegas (iteration       4) ************
#                                                               *
#  integral  = 0.43805723E-04   accum. integral = 0.43572047E-04*
#  std. dev. = 0.12020075E-06   accum. std. dev = 0.10000928E-06*
#   min/max. wt. =    0.00000            0.655636E-07           *
#                                                               *
#*************   chi**2/iteration =  31.50       ****************


#********** Integration by Vegas (iteration       5) ************
#                                                               *
#  integral  = 0.43657814E-04   accum. integral = 0.43645667E-04*
#  std. dev. = 0.46369373E-07   accum. std. dev = 0.38760762E-07*
#   min/max. wt. =    0.00000            0.376677E-08           *
#                                                               *
#*************   chi**2/iteration =  22.42       ****************


#********** Integration by Vegas (iteration       6) ************
#                                                               *
#  integral  = 0.43674983E-04   accum. integral = 0.43664685E-04*
#  std. dev. = 0.31625747E-07   accum. std. dev = 0.23408266E-07*
#   min/max. wt. =    0.00000            0.260164E-08           *
#                                                               *
#*************   chi**2/iteration =  17.35       ****************


#********** Integration by Vegas (iteration       7) ************
#                                                               *
#  integral  = 0.43611939E-04   accum. integral = 0.43641195E-04*
#  std. dev. = 0.28386879E-07   accum. std. dev = 0.17657187E-07*
#   min/max. wt. =    0.00000            0.213060E-08           *
#                                                               *
#*************   chi**2/iteration =  14.46       ****************


#********** Integration by Vegas (iteration       8) ************
#                                                               *
#  integral  = 0.43699514E-04   accum. integral = 0.43660024E-04*
#  std. dev. = 0.27489452E-07   accum. std. dev = 0.14670529E-07*
#   min/max. wt. =    0.00000            0.289184E-08           *
#                                                               *
#*************   chi**2/iteration =  12.65       ****************


#********** Integration by Vegas (iteration       9) ************
#                                                               *
#  integral  = 0.43736680E-04   accum. integral = 0.43679148E-04*
#  std. dev. = 0.27115202E-07   accum. std. dev = 0.12804846E-07*
#   min/max. wt. =    0.00000            0.115740E-08           *
#                                                               *
#*************   chi**2/iteration =  11.75       ****************


#********** Integration by Vegas (iteration      10) ************
#                                                               *
#  integral  = 0.43689113E-04   accum. integral = 0.43681226E-04*
#  std. dev. = 0.26356447E-07   accum. std. dev = 0.11457809E-07*
#   min/max. wt. =    0.00000            0.122696E-08           *
#                                                               *
#*************   chi**2/iteration =  10.34       ****************


#********** Integration by Vegas (iteration      11) ************
#                                                               *
#  integral  = 0.43675112E-04   accum. integral = 0.43680179E-04*
#  std. dev. = 0.26479435E-07   accum. std. dev = 0.10480030E-07*
#   min/max. wt. =    0.00000            0.224123E-08           *
#                                                               *
#*************   chi**2/iteration =  9.221       ****************


#********** Integration by Vegas (iteration      12) ************
#                                                               *
#  integral  = 0.43612314E-04   accum. integral = 0.43670233E-04*
#  std. dev. = 0.26395340E-07   accum. std. dev = 0.97176253E-08*
#   min/max. wt. =    0.00000            0.183738E-08           *
#                                                               *
#*************   chi**2/iteration =  8.876       ****************


#********** Integration by Vegas (iteration      13) ************
#                                                               *
#  integral  = 0.43693227E-04   accum. integral = 0.43673145E-04*
#  std. dev. = 0.26585149E-07   accum. std. dev = 0.91112064E-08*
#   min/max. wt. =    0.00000            0.146525E-08           *
#                                                               *
#*************   chi**2/iteration =  8.142       ****************


#********** Integration by Vegas (iteration      14) ************
#                                                               *
#  integral  = 0.43668760E-04   accum. integral = 0.43672651E-04*
#  std. dev. = 0.26518852E-07   accum. std. dev = 0.86055591E-08*
#   min/max. wt. =    0.00000            0.171455E-08           *
#                                                               *
#*************   chi**2/iteration =  7.476       ****************


#********** Integration by Vegas (iteration      15) ************
#                                                               *
#  integral  = 0.43700285E-04   accum. integral = 0.43675422E-04*
#  std. dev. = 0.26697670E-07   accum. std. dev = 0.81824546E-08*
#   min/max. wt. =    0.00000            0.126875E-08           *
#                                                               *
#*************   chi**2/iteration =  6.982       ****************

 ****************************************************
 * Writing out vegas grid to ./data/output.grid                                                      
 ****************************************************

  Input parameters for vegas:  ndim=  9   ncall= 99999999.
                              it=    0    itmx=    2
                              acc=-1.00    
                              mds=  0     nd=  50
                              (xl,xu)= (  0.00000     ,  1.00000     )
                                       (  0.00000     ,  1.00000     )
                                       (  0.00000     ,  1.00000     )
                                       (  0.00000     ,  1.00000     )
                                       (  0.00000     ,  1.00000     )
                                       (  0.00000     ,  1.00000     )
                                       (  0.00000     ,  1.00000     )
                                       (  0.00000     ,  1.00000     )
                                       (  0.00000     ,  1.00000     )

#********** Integration by Vegas (iteration       1) ************
#                                                               *
#  integral  = 0.43681649E-04   accum. integral = 0.43681649E-04*
#  std. dev. = 0.26616044E-07   accum. std. dev = 0.26616044E-07*
#   min/max. wt. =    0.00000            0.120741E-08           *
#                                                               *
#*************   chi**2/iteration =  0.000       ****************


#********** Integration by Vegas (iteration       2) ************
#                                                               *
#  integral  = 0.43644858E-04   accum. integral = 0.43663232E-04*
#  std. dev. = 0.26563254E-07   accum. std. dev = 0.18801709E-07*
#   min/max. wt. =    0.00000            0.116858E-08           *
#                                                               *
#*************   chi**2/iteration = 0.9563       ****************

 Done
