SLURM job running in:  /work-zfs/lhc/heshy/JHUGen/xsecs/JHUGen/JHUGenerator
LHAPDF 6.1.5 loading /work-zfs/lhc/cms/slc6_amd64_gcc493/external/lhapdf/6.1.5-kpegke3/share/LHAPDF/NNPDF30_lo_as_0130/NNPDF30_lo_as_0130_0000.dat
NNPDF30_lo_as_0130 PDF set, member #0, version 2; LHAPDF ID = 263000
 extending no. of histograms for vbf tests
 
  
  ***************************************************************************************
  *                                JHU Generator v7.0.2                                 *
  ***************************************************************************************
  *                                                                                     *
  *   Spin and parity determination of single-produced resonances at hadron colliders   *
  *                                                                                     *
  *          I. Anderson, S. Bolognesi, F. Caola, Y. Gao, A. Gritsan, Z. Guo,           *
  *        C. Martin, K. Melnikov, R. Rontsch, H. Roskes, U. Sarica, M. Schulze,        *
  *                   N. Tran, A. Whitbeck, M. Xiao, C. You, Y. Zhou                    *
  *              Phys.Rev. D81 (2010) 075022;  arXiv:1001.3396  [hep-ph],               *
  *              Phys.Rev. D86 (2012) 095031;  arXiv:1208.4018  [hep-ph],               *
  *              Phys.Rev. D89 (2014) 035007;  arXiv:1309.4819  [hep-ph],               *
  *              Phys.Rev. D94 (2016) 055023;  arXiv:1606.03107 [hep-ph].               *
  *                                                                                     *
  ***************************************************************************************
  
   
   Command line: ./JHUGen Unweighted=0 VegasNc0=99999999 VegasNc1=99999999 VegasNc2=99999999 LHAPDF=NNPDF30_lo_as_0130/NNPDF30_lo_as_0130.info MReso=190 Process=60 deltaRcut=0 ghz1=0,0 ghzgs1_prime2=1,0 pTjetcut=15
   
   Input Parameter:
    Collider: P-P, sqrt(s)=13000.00
    Resonance: spin=0, mass= 190.00 width=   0.00407
    Z-boson: mass=91.188, width=2.4952
    W-boson: mass=80.399, width=2.0850
    Jet cuts:
            pT >=    15.00 GeV
         |eta| <= Infinity
        DeltaR >=     0.00
           mJJ >=     0.00 GeV
    Random seed:   204303283
    To reproduce results using this seed, JHUGen should be compiled with the same compiler:
      GNU Fortran (GCC) 4.8.2
    
    WidthScheme:   2
    LHAPDF set NNPDF30_lo_as_0130/NNPDF30_lo_as_0130.info, member=  0
    Unweighted: F
    Intermediate off-shell photons: T
    
    spin-0-VV couplings: 
      generate_as=F
      ghg2=  0.10000000E+01  0.00000000E+00i
      ghzgs1_prime2=  0.00000000E+00  0.00000000E+00i,  Lambda_zgs1=  1.0000E+04
      Lambda=  1000.0
    
    LHE output: ./data/output.lhe
    Histogram output: ./data/output.dat
    Log file: ./data/output.log
    
  Running

  Input parameters for vegas:  ndim=  9   ncall= 99999999.
                              it=    0    itmx=   15
                              acc=-1.00    
                              mds=  0     nd=  50
                              (xl,xu)= (  0.00000     ,  1.00000     )
                                       (  0.00000     ,  1.00000     )
                                       (  0.00000     ,  1.00000     )
                                       (  0.00000     ,  1.00000     )
                                       (  0.00000     ,  1.00000     )
                                       (  0.00000     ,  1.00000     )
                                       (  0.00000     ,  1.00000     )
                                       (  0.00000     ,  1.00000     )
                                       (  0.00000     ,  1.00000     )

#********** Integration by Vegas (iteration       1) ************
#                                                               *
#  integral  = 0.94136631E-04   accum. integral = 0.94136631E-04*
#  std. dev. = 0.48663890E-04   accum. std. dev = 0.48663890E-04*
#   min/max. wt. =    0.00000            0.438491E-04           *
#                                                               *
#*************   chi**2/iteration =  0.000       ****************


#********** Integration by Vegas (iteration       2) ************
#                                                               *
#  integral  = 0.34047017E-04   accum. integral = 0.35266386E-04*
#  std. dev. = 0.25330682E-05   accum. std. dev = 0.52126012E-05*
#   min/max. wt. =    0.00000            0.181966E-05           *
#                                                               *
#*************   chi**2/iteration =  2.639       ****************


#********** Integration by Vegas (iteration       3) ************
#                                                               *
#  integral  = 0.43313897E-04   accum. integral = 0.39943403E-04*
#  std. dev. = 0.27077315E-05   accum. std. dev = 0.30011665E-05*
#   min/max. wt. =    0.00000            0.216797E-05           *
#                                                               *
#*************   chi**2/iteration =  2.543       ****************


#********** Integration by Vegas (iteration       4) ************
#                                                               *
#  integral  = 0.40601773E-04   accum. integral = 0.40586340E-04*
#  std. dev. = 0.29979496E-06   accum. std. dev = 0.42461558E-06*
#   min/max. wt. =    0.00000            0.889336E-07           *
#                                                               *
#*************   chi**2/iteration =  2.004       ****************


#********** Integration by Vegas (iteration       5) ************
#                                                               *
#  integral  = 0.40134237E-04   accum. integral = 0.40147587E-04*
#  std. dev. = 0.51081247E-07   accum. std. dev = 0.69031802E-07*
#   min/max. wt. =    0.00000            0.108145E-07           *
#                                                               *
#*************   chi**2/iteration =  1.986       ****************


#********** Integration by Vegas (iteration       6) ************
#                                                               *
#  integral  = 0.40168159E-04   accum. integral = 0.40162608E-04*
#  std. dev. = 0.30616615E-07   accum. std. dev = 0.34432910E-07*
#   min/max. wt. =    0.00000            0.252084E-08           *
#                                                               *
#*************   chi**2/iteration =  1.738       ****************


#********** Integration by Vegas (iteration       7) ************
#                                                               *
#  integral  = 0.40141993E-04   accum. integral = 0.40152102E-04*
#  std. dev. = 0.25647009E-07   accum. std. dev = 0.23371890E-07*
#   min/max. wt. =    0.00000            0.156582E-08           *
#                                                               *
#*************   chi**2/iteration =  1.574       ****************


#********** Integration by Vegas (iteration       8) ************
#                                                               *
#  integral  = 0.40097390E-04   accum. integral = 0.40132349E-04*
#  std. dev. = 0.24329153E-07   accum. std. dev = 0.18223908E-07*
#   min/max. wt. =    0.00000            0.974408E-09           *
#                                                               *
#*************   chi**2/iteration =  1.715       ****************


#********** Integration by Vegas (iteration       9) ************
#                                                               *
#  integral  = 0.40168776E-04   accum. integral = 0.40142160E-04*
#  std. dev. = 0.24120524E-07   accum. std. dev = 0.15267907E-07*
#   min/max. wt. =    0.00000            0.113361E-08           *
#                                                               *
#*************   chi**2/iteration =  1.702       ****************


#********** Integration by Vegas (iteration      10) ************
#                                                               *
#  integral  = 0.40142782E-04   accum. integral = 0.40142290E-04*
#  std. dev. = 0.24338013E-07   accum. std. dev = 0.13354089E-07*
#   min/max. wt. =    0.00000            0.112972E-08           *
#                                                               *
#*************   chi**2/iteration =  1.564       ****************


#********** Integration by Vegas (iteration      11) ************
#                                                               *
#  integral  = 0.40096641E-04   accum. integral = 0.40134071E-04*
#  std. dev. = 0.23715548E-07   accum. std. dev = 0.11922041E-07*
#   min/max. wt. =    0.00000            0.514955E-09           *
#                                                               *
#*************   chi**2/iteration =  1.665       ****************


#********** Integration by Vegas (iteration      12) ************
#                                                               *
#  integral  = 0.40156483E-04   accum. integral = 0.40137462E-04*
#  std. dev. = 0.23866144E-07   accum. std. dev = 0.10851547E-07*
#   min/max. wt. =    0.00000            0.872162E-09           *
#                                                               *
#*************   chi**2/iteration =  1.600       ****************


#********** Integration by Vegas (iteration      13) ************
#                                                               *
#  integral  = 0.40160937E-04   accum. integral = 0.40140454E-04*
#  std. dev. = 0.24296777E-07   accum. std. dev = 0.10031578E-07*
#   min/max. wt. =    0.00000            0.105724E-08           *
#                                                               *
#*************   chi**2/iteration =  1.548       ****************


#********** Integration by Vegas (iteration      14) ************
#                                                               *
#  integral  = 0.40115252E-04   accum. integral = 0.40137549E-04*
#  std. dev. = 0.24000091E-07   accum. std. dev = 0.93495844E-08*
#   min/max. wt. =    0.00000            0.819323E-09           *
#                                                               *
#*************   chi**2/iteration =  1.513       ****************


#********** Integration by Vegas (iteration      15) ************
#                                                               *
#  integral  = 0.40174053E-04   accum. integral = 0.40141229E-04*
#  std. dev. = 0.24372143E-07   accum. std. dev = 0.87951099E-08*
#   min/max. wt. =    0.00000            0.901466E-09           *
#                                                               *
#*************   chi**2/iteration =  1.539       ****************

 ****************************************************
 * Writing out vegas grid to ./data/output.grid                                                      
 ****************************************************

  Input parameters for vegas:  ndim=  9   ncall= 99999999.
                              it=    0    itmx=    2
                              acc=-1.00    
                              mds=  0     nd=  50
                              (xl,xu)= (  0.00000     ,  1.00000     )
                                       (  0.00000     ,  1.00000     )
                                       (  0.00000     ,  1.00000     )
                                       (  0.00000     ,  1.00000     )
                                       (  0.00000     ,  1.00000     )
                                       (  0.00000     ,  1.00000     )
                                       (  0.00000     ,  1.00000     )
                                       (  0.00000     ,  1.00000     )
                                       (  0.00000     ,  1.00000     )

#********** Integration by Vegas (iteration       1) ************
#                                                               *
#  integral  = 0.40147828E-04   accum. integral = 0.40147828E-04*
#  std. dev. = 0.24793946E-07   accum. std. dev = 0.24793946E-07*
#   min/max. wt. =    0.00000            0.188720E-08           *
#                                                               *
#*************   chi**2/iteration = -.3364E-06   ****************


#********** Integration by Vegas (iteration       2) ************
#                                                               *
#  integral  = 0.40175657E-04   accum. integral = 0.40161595E-04*
#  std. dev. = 0.25075718E-07   accum. std. dev = 0.17630814E-07*
#   min/max. wt. =    0.00000            0.134950E-08           *
#                                                               *
#*************   chi**2/iteration = 0.6222       ****************

 Done
