SLURM job running in:  /work-zfs/lhc/heshy/JHUGen/xsecs/JHUGen/JHUGenerator
LHAPDF 6.1.5 loading /work-zfs/lhc/cms/slc6_amd64_gcc493/external/lhapdf/6.1.5-kpegke3/share/LHAPDF/NNPDF30_lo_as_0130/NNPDF30_lo_as_0130_0000.dat
NNPDF30_lo_as_0130 PDF set, member #0, version 2; LHAPDF ID = 263000
 extending no. of histograms for vbf tests
 
  
  ***************************************************************************************
  *                                JHU Generator v7.0.2                                 *
  ***************************************************************************************
  *                                                                                     *
  *   Spin and parity determination of single-produced resonances at hadron colliders   *
  *                                                                                     *
  *          I. Anderson, S. Bolognesi, F. Caola, Y. Gao, A. Gritsan, Z. Guo,           *
  *        C. Martin, K. Melnikov, R. Rontsch, H. Roskes, U. Sarica, M. Schulze,        *
  *                   N. Tran, A. Whitbeck, M. Xiao, C. You, Y. Zhou                    *
  *              Phys.Rev. D81 (2010) 075022;  arXiv:1001.3396  [hep-ph],               *
  *              Phys.Rev. D86 (2012) 095031;  arXiv:1208.4018  [hep-ph],               *
  *              Phys.Rev. D89 (2014) 035007;  arXiv:1309.4819  [hep-ph],               *
  *              Phys.Rev. D94 (2016) 055023;  arXiv:1606.03107 [hep-ph].               *
  *                                                                                     *
  ***************************************************************************************
  
   
   Command line: ./JHUGen Unweighted=0 VegasNc0=99999999 VegasNc1=99999999 VegasNc2=99999999 LHAPDF=NNPDF30_lo_as_0130/NNPDF30_lo_as_0130.info MReso=2150 Process=60 deltaRcut=0 ghz1=0,0 ghzgs1_prime2=1,0 pTjetcut=15
   
   Input Parameter:
    Collider: P-P, sqrt(s)=13000.00
    Resonance: spin=0, mass=2150.00 width=   0.00407
    Z-boson: mass=91.188, width=2.4952
    W-boson: mass=80.399, width=2.0850
    Jet cuts:
            pT >=    15.00 GeV
         |eta| <= Infinity
        DeltaR >=     0.00
           mJJ >=     0.00 GeV
    Random seed:   975787588
    To reproduce results using this seed, JHUGen should be compiled with the same compiler:
      GNU Fortran (GCC) 4.8.2
    
    WidthScheme:   2
    LHAPDF set NNPDF30_lo_as_0130/NNPDF30_lo_as_0130.info, member=  0
    Unweighted: F
    Intermediate off-shell photons: T
    
    spin-0-VV couplings: 
      generate_as=F
      ghg2=  0.10000000E+01  0.00000000E+00i
      ghzgs1_prime2=  0.00000000E+00  0.00000000E+00i,  Lambda_zgs1=  1.0000E+04
      Lambda=  1000.0
    
    LHE output: ./data/output.lhe
    Histogram output: ./data/output.dat
    Log file: ./data/output.log
    
  Running

  Input parameters for vegas:  ndim=  9   ncall= 99999999.
                              it=    0    itmx=   15
                              acc=-1.00    
                              mds=  0     nd=  50
                              (xl,xu)= (  0.00000     ,  1.00000     )
                                       (  0.00000     ,  1.00000     )
                                       (  0.00000     ,  1.00000     )
                                       (  0.00000     ,  1.00000     )
                                       (  0.00000     ,  1.00000     )
                                       (  0.00000     ,  1.00000     )
                                       (  0.00000     ,  1.00000     )
                                       (  0.00000     ,  1.00000     )
                                       (  0.00000     ,  1.00000     )

#********** Integration by Vegas (iteration       1) ************
#                                                               *
#  integral  = 0.30075626E-06   accum. integral = 0.30075626E-06*
#  std. dev. = 0.46230540E-08   accum. std. dev = 0.46230540E-08*
#   min/max. wt. =    0.00000            0.217464E-08           *
#                                                               *
#*************   chi**2/iteration =  0.000       ****************


#********** Integration by Vegas (iteration       2) ************
#                                                               *
#  integral  = 0.42925694E-06   accum. integral = 0.30367914E-06*
#  std. dev. = 0.43249643E-07   accum. std. dev = 0.56317695E-08*
#   min/max. wt. =    0.00000            0.370382E-07           *
#                                                               *
#*************   chi**2/iteration =  11.56       ****************


#********** Integration by Vegas (iteration       3) ************
#                                                               *
#  integral  = 0.51727498E-06   accum. integral = 0.35729213E-06*
#  std. dev. = 0.13578168E-07   accum. std. dev = 0.55913052E-08*
#   min/max. wt. =    0.00000            0.523107E-08           *
#                                                               *
#*************   chi**2/iteration =  141.5       ****************


#********** Integration by Vegas (iteration       4) ************
#                                                               *
#  integral  = 0.57481460E-06   accum. integral = 0.49591523E-06*
#  std. dev. = 0.57030226E-08   accum. std. dev = 0.36995236E-08*
#   min/max. wt. =    0.00000            0.408740E-08           *
#                                                               *
#*************   chi**2/iteration =  344.5       ****************


#********** Integration by Vegas (iteration       5) ************
#                                                               *
#  integral  = 0.57338726E-06   accum. integral = 0.56936150E-06*
#  std. dev. = 0.10632380E-08   accum. std. dev = 0.88504838E-09*
#   min/max. wt. =    0.00000            0.173761E-09           *
#                                                               *
#*************   chi**2/iteration =  328.9       ****************


#********** Integration by Vegas (iteration       6) ************
#                                                               *
#  integral  = 0.57289347E-06   accum. integral = 0.57240149E-06*
#  std. dev. = 0.41610420E-09   accum. std. dev = 0.34023673E-09*
#   min/max. wt. =    0.00000            0.451107E-10           *
#                                                               *
#*************   chi**2/iteration =  250.6       ****************


#********** Integration by Vegas (iteration       7) ************
#                                                               *
#  integral  = 0.57210769E-06   accum. integral = 0.57223298E-06*
#  std. dev. = 0.33241454E-09   accum. std. dev = 0.22664415E-09*
#   min/max. wt. =    0.00000            0.225124E-10           *
#                                                               *
#*************   chi**2/iteration =  200.8       ****************


#********** Integration by Vegas (iteration       8) ************
#                                                               *
#  integral  = 0.57284386E-06   accum. integral = 0.57246764E-06*
#  std. dev. = 0.31917830E-09   accum. std. dev = 0.18047997E-09*
#   min/max. wt. =    0.00000            0.208144E-10           *
#                                                               *
#*************   chi**2/iteration =  167.5       ****************


#********** Integration by Vegas (iteration       9) ************
#                                                               *
#  integral  = 0.57328354E-06   accum. integral = 0.57270434E-06*
#  std. dev. = 0.30968428E-09   accum. std. dev = 0.15377077E-09*
#   min/max. wt. =    0.00000            0.222799E-10           *
#                                                               *
#*************   chi**2/iteration =  144.1       ****************


#********** Integration by Vegas (iteration      10) ************
#                                                               *
#  integral  = 0.57280538E-06   accum. integral = 0.57272722E-06*
#  std. dev. = 0.30806143E-09   accum. std. dev = 0.13642322E-09*
#   min/max. wt. =    0.00000            0.305154E-10           *
#                                                               *
#*************   chi**2/iteration =  125.9       ****************


#********** Integration by Vegas (iteration      11) ************
#                                                               *
#  integral  = 0.57275814E-06   accum. integral = 0.57273300E-06*
#  std. dev. = 0.30553122E-09   accum. std. dev = 0.12386139E-09*
#   min/max. wt. =    0.00000            0.185914E-10           *
#                                                               *
#*************   chi**2/iteration =  111.7       ****************


#********** Integration by Vegas (iteration      12) ************
#                                                               *
#  integral  = 0.57278885E-06   accum. integral = 0.57274178E-06*
#  std. dev. = 0.30613075E-09   accum. std. dev = 0.11437120E-09*
#   min/max. wt. =    0.00000            0.257951E-10           *
#                                                               *
#*************   chi**2/iteration =  100.4       ****************


#********** Integration by Vegas (iteration      13) ************
#                                                               *
#  integral  = 0.57273614E-06   accum. integral = 0.57274101E-06*
#  std. dev. = 0.30490796E-09   accum. std. dev = 0.10677842E-09*
#   min/max. wt. =    0.00000            0.147896E-10           *
#                                                               *
#*************   chi**2/iteration =  91.18       ****************


#********** Integration by Vegas (iteration      14) ************
#                                                               *
#  integral  = 0.57261569E-06   accum. integral = 0.57272557E-06*
#  std. dev. = 0.30071738E-09   accum. std. dev = 0.10039333E-09*
#   min/max. wt. =    0.00000            0.173622E-10           *
#                                                               *
#*************   chi**2/iteration =  83.50       ****************


#********** Integration by Vegas (iteration      15) ************
#                                                               *
#  integral  = 0.57296495E-06   accum. integral = 0.57275122E-06*
#  std. dev. = 0.30482020E-09   accum. std. dev = 0.95197967E-10*
#   min/max. wt. =    0.00000            0.143780E-10           *
#                                                               *
#*************   chi**2/iteration =  77.03       ****************

 ****************************************************
 * Writing out vegas grid to ./data/output.grid                                                      
 ****************************************************

  Input parameters for vegas:  ndim=  9   ncall= 99999999.
                              it=    0    itmx=    2
                              acc=-1.00    
                              mds=  0     nd=  50
                              (xl,xu)= (  0.00000     ,  1.00000     )
                                       (  0.00000     ,  1.00000     )
                                       (  0.00000     ,  1.00000     )
                                       (  0.00000     ,  1.00000     )
                                       (  0.00000     ,  1.00000     )
                                       (  0.00000     ,  1.00000     )
                                       (  0.00000     ,  1.00000     )
                                       (  0.00000     ,  1.00000     )
                                       (  0.00000     ,  1.00000     )

#********** Integration by Vegas (iteration       1) ************
#                                                               *
#  integral  = 0.57251436E-06   accum. integral = 0.57251436E-06*
#  std. dev. = 0.30230951E-09   accum. std. dev = 0.30230951E-09*
#   min/max. wt. =    0.00000            0.132385E-10           *
#                                                               *
#*************   chi**2/iteration = -.5524E-06   ****************


#********** Integration by Vegas (iteration       2) ************
#                                                               *
#  integral  = 0.57335159E-06   accum. integral = 0.57292632E-06*
#  std. dev. = 0.30760138E-09   accum. std. dev = 0.21561445E-09*
#   min/max. wt. =    0.00000            0.171152E-10           *
#                                                               *
#*************   chi**2/iteration =  3.765       ****************

 Done
