SLURM job running in:  /work-zfs/lhc/heshy/JHUGen/xsecs/JHUGen/JHUGenerator
LHAPDF 6.1.5 loading /work-zfs/lhc/cms/slc6_amd64_gcc493/external/lhapdf/6.1.5-kpegke3/share/LHAPDF/NNPDF30_lo_as_0130/NNPDF30_lo_as_0130_0000.dat
NNPDF30_lo_as_0130 PDF set, member #0, version 2; LHAPDF ID = 263000
 extending no. of histograms for vbf tests
 
  
  ***************************************************************************************
  *                                JHU Generator v7.0.2                                 *
  ***************************************************************************************
  *                                                                                     *
  *   Spin and parity determination of single-produced resonances at hadron colliders   *
  *                                                                                     *
  *          I. Anderson, S. Bolognesi, F. Caola, Y. Gao, A. Gritsan, Z. Guo,           *
  *        C. Martin, K. Melnikov, R. Rontsch, H. Roskes, U. Sarica, M. Schulze,        *
  *                   N. Tran, A. Whitbeck, M. Xiao, C. You, Y. Zhou                    *
  *              Phys.Rev. D81 (2010) 075022;  arXiv:1001.3396  [hep-ph],               *
  *              Phys.Rev. D86 (2012) 095031;  arXiv:1208.4018  [hep-ph],               *
  *              Phys.Rev. D89 (2014) 035007;  arXiv:1309.4819  [hep-ph],               *
  *              Phys.Rev. D94 (2016) 055023;  arXiv:1606.03107 [hep-ph].               *
  *                                                                                     *
  ***************************************************************************************
  
   
   Command line: ./JHUGen Unweighted=0 VegasNc0=99999999 VegasNc1=99999999 VegasNc2=99999999 LHAPDF=NNPDF30_lo_as_0130/NNPDF30_lo_as_0130.info MReso=220 Process=60 deltaRcut=0 ghz1=0,0 ghzgs1_prime2=1,0 pTjetcut=15
   
   Input Parameter:
    Collider: P-P, sqrt(s)=13000.00
    Resonance: spin=0, mass= 220.00 width=   0.00407
    Z-boson: mass=91.188, width=2.4952
    W-boson: mass=80.399, width=2.0850
    Jet cuts:
            pT >=    15.00 GeV
         |eta| <= Infinity
        DeltaR >=     0.00
           mJJ >=     0.00 GeV
    Random seed:   897146538
    To reproduce results using this seed, JHUGen should be compiled with the same compiler:
      GNU Fortran (GCC) 4.8.2
    
    WidthScheme:   2
    LHAPDF set NNPDF30_lo_as_0130/NNPDF30_lo_as_0130.info, member=  0
    Unweighted: F
    Intermediate off-shell photons: T
    
    spin-0-VV couplings: 
      generate_as=F
      ghg2=  0.10000000E+01  0.00000000E+00i
      ghzgs1_prime2=  0.00000000E+00  0.00000000E+00i,  Lambda_zgs1=  1.0000E+04
      Lambda=  1000.0
    
    LHE output: ./data/output.lhe
    Histogram output: ./data/output.dat
    Log file: ./data/output.log
    
  Running

  Input parameters for vegas:  ndim=  9   ncall= 99999999.
                              it=    0    itmx=   15
                              acc=-1.00    
                              mds=  0     nd=  50
                              (xl,xu)= (  0.00000     ,  1.00000     )
                                       (  0.00000     ,  1.00000     )
                                       (  0.00000     ,  1.00000     )
                                       (  0.00000     ,  1.00000     )
                                       (  0.00000     ,  1.00000     )
                                       (  0.00000     ,  1.00000     )
                                       (  0.00000     ,  1.00000     )
                                       (  0.00000     ,  1.00000     )
                                       (  0.00000     ,  1.00000     )

#********** Integration by Vegas (iteration       1) ************
#                                                               *
#  integral  = 0.26827707E-04   accum. integral = 0.26827707E-04*
#  std. dev. = 0.29970305E-05   accum. std. dev = 0.29970305E-05*
#   min/max. wt. =    0.00000            0.275798E-05           *
#                                                               *
#*************   chi**2/iteration =  0.000       ****************


#********** Integration by Vegas (iteration       2) ************
#                                                               *
#  integral  = 0.32806692E-04   accum. integral = 0.31853480E-04*
#  std. dev. = 0.15961122E-05   accum. std. dev = 0.13366799E-05*
#   min/max. wt. =    0.00000            0.131883E-05           *
#                                                               *
#*************   chi**2/iteration =  2.679       ****************


#********** Integration by Vegas (iteration       3) ************
#                                                               *
#  integral  = 0.35503161E-04   accum. integral = 0.35264383E-04*
#  std. dev. = 0.41900465E-06   accum. std. dev = 0.36417415E-06*
#   min/max. wt. =    0.00000            0.229866E-06           *
#                                                               *
#*************   chi**2/iteration =  4.250       ****************


#********** Integration by Vegas (iteration       4) ************
#                                                               *
#  integral  = 0.36509788E-04   accum. integral = 0.36471688E-04*
#  std. dev. = 0.73998451E-07   accum. std. dev = 0.66106059E-07*
#   min/max. wt. =    0.00000            0.106939E-07           *
#                                                               *
#*************   chi**2/iteration =  6.139       ****************


#********** Integration by Vegas (iteration       5) ************
#                                                               *
#  integral  = 0.36566101E-04   accum. integral = 0.36551070E-04*
#  std. dev. = 0.31752633E-07   accum. std. dev = 0.26946755E-07*
#   min/max. wt. =    0.00000            0.288125E-08           *
#                                                               *
#*************   chi**2/iteration =  4.822       ****************


#********** Integration by Vegas (iteration       6) ************
#                                                               *
#  integral  = 0.36588185E-04   accum. integral = 0.36572707E-04*
#  std. dev. = 0.24640423E-07   accum. std. dev = 0.17644821E-07*
#   min/max. wt. =    0.00000            0.981756E-09           *
#                                                               *
#*************   chi**2/iteration =  3.967       ****************


#********** Integration by Vegas (iteration       7) ************
#                                                               *
#  integral  = 0.36556724E-04   accum. integral = 0.36566227E-04*
#  std. dev. = 0.22763478E-07   accum. std. dev = 0.13736085E-07*
#   min/max. wt. =    0.00000            0.188097E-08           *
#                                                               *
#*************   chi**2/iteration =  3.298       ****************


#********** Integration by Vegas (iteration       8) ************
#                                                               *
#  integral  = 0.36580196E-04   accum. integral = 0.36570257E-04*
#  std. dev. = 0.22776186E-07   accum. std. dev = 0.11669264E-07*
#   min/max. wt. =    0.00000            0.560361E-08           *
#                                                               *
#*************   chi**2/iteration =  2.829       ****************


#********** Integration by Vegas (iteration       9) ************
#                                                               *
#  integral  = 0.36573593E-04   accum. integral = 0.36571006E-04*
#  std. dev. = 0.22726216E-07   accum. std. dev = 0.10331698E-07*
#   min/max. wt. =    0.00000            0.118753E-08           *
#                                                               *
#*************   chi**2/iteration =  2.451       ****************


#********** Integration by Vegas (iteration      10) ************
#                                                               *
#  integral  = 0.36572443E-04   accum. integral = 0.36571282E-04*
#  std. dev. = 0.22101676E-07   accum. std. dev = 0.93278012E-08*
#   min/max. wt. =    0.00000            0.903459E-09           *
#                                                               *
#*************   chi**2/iteration =  2.160       ****************


#********** Integration by Vegas (iteration      11) ************
#                                                               *
#  integral  = 0.36552980E-04   accum. integral = 0.36568300E-04*
#  std. dev. = 0.21932886E-07   accum. std. dev = 0.85636167E-08*
#   min/max. wt. =    0.00000            0.100213E-08           *
#                                                               *
#*************   chi**2/iteration =  1.993       ****************


#********** Integration by Vegas (iteration      12) ************
#                                                               *
#  integral  = 0.36567825E-04   accum. integral = 0.36568234E-04*
#  std. dev. = 0.22125558E-07   accum. std. dev = 0.79733327E-08*
#   min/max. wt. =    0.00000            0.114765E-08           *
#                                                               *
#*************   chi**2/iteration =  1.802       ****************


#********** Integration by Vegas (iteration      13) ************
#                                                               *
#  integral  = 0.36564417E-04   accum. integral = 0.36567762E-04*
#  std. dev. = 0.21873245E-07   accum. std. dev = 0.74816381E-08*
#   min/max. wt. =    0.00000            0.791411E-09           *
#                                                               *
#*************   chi**2/iteration =  1.646       ****************


#********** Integration by Vegas (iteration      14) ************
#                                                               *
#  integral  = 0.36523390E-04   accum. integral = 0.36562920E-04*
#  std. dev. = 0.21966034E-07   accum. std. dev = 0.70757243E-08*
#   min/max. wt. =    0.00000            0.767245E-09           *
#                                                               *
#*************   chi**2/iteration =  1.807       ****************


#********** Integration by Vegas (iteration      15) ************
#                                                               *
#  integral  = 0.36552560E-04   accum. integral = 0.36561917E-04*
#  std. dev. = 0.22175813E-07   accum. std. dev = 0.67363005E-08*
#   min/max. wt. =    0.00000            0.106049E-08           *
#                                                               *
#*************   chi**2/iteration =  1.687       ****************

 ****************************************************
 * Writing out vegas grid to ./data/output.grid                                                      
 ****************************************************

  Input parameters for vegas:  ndim=  9   ncall= 99999999.
                              it=    0    itmx=    2
                              acc=-1.00    
                              mds=  0     nd=  50
                              (xl,xu)= (  0.00000     ,  1.00000     )
                                       (  0.00000     ,  1.00000     )
                                       (  0.00000     ,  1.00000     )
                                       (  0.00000     ,  1.00000     )
                                       (  0.00000     ,  1.00000     )
                                       (  0.00000     ,  1.00000     )
                                       (  0.00000     ,  1.00000     )
                                       (  0.00000     ,  1.00000     )
                                       (  0.00000     ,  1.00000     )

#********** Integration by Vegas (iteration       1) ************
#                                                               *
#  integral  = 0.36546912E-04   accum. integral = 0.36546912E-04*
#  std. dev. = 0.22340108E-07   accum. std. dev = 0.22340108E-07*
#   min/max. wt. =    0.00000            0.749536E-09           *
#                                                               *
#*************   chi**2/iteration =  0.000       ****************


#********** Integration by Vegas (iteration       2) ************
#                                                               *
#  integral  = 0.36542325E-04   accum. integral = 0.36544611E-04*
#  std. dev. = 0.22260951E-07   accum. std. dev = 0.15768785E-07*
#   min/max. wt. =    0.00000            0.122072E-08           *
#                                                               *
#*************   chi**2/iteration = 0.2113E-01   ****************

 Done
