SLURM job running in:  /work-zfs/lhc/heshy/JHUGen/xsecs/JHUGen/JHUGenerator
LHAPDF 6.1.5 loading /work-zfs/lhc/cms/slc6_amd64_gcc493/external/lhapdf/6.1.5-kpegke3/share/LHAPDF/NNPDF30_lo_as_0130/NNPDF30_lo_as_0130_0000.dat
NNPDF30_lo_as_0130 PDF set, member #0, version 2; LHAPDF ID = 263000
 extending no. of histograms for vbf tests
 
  
  ***************************************************************************************
  *                                JHU Generator v7.0.2                                 *
  ***************************************************************************************
  *                                                                                     *
  *   Spin and parity determination of single-produced resonances at hadron colliders   *
  *                                                                                     *
  *          I. Anderson, S. Bolognesi, F. Caola, Y. Gao, A. Gritsan, Z. Guo,           *
  *        C. Martin, K. Melnikov, R. Rontsch, H. Roskes, U. Sarica, M. Schulze,        *
  *                   N. Tran, A. Whitbeck, M. Xiao, C. You, Y. Zhou                    *
  *              Phys.Rev. D81 (2010) 075022;  arXiv:1001.3396  [hep-ph],               *
  *              Phys.Rev. D86 (2012) 095031;  arXiv:1208.4018  [hep-ph],               *
  *              Phys.Rev. D89 (2014) 035007;  arXiv:1309.4819  [hep-ph],               *
  *              Phys.Rev. D94 (2016) 055023;  arXiv:1606.03107 [hep-ph].               *
  *                                                                                     *
  ***************************************************************************************
  
   
   Command line: ./JHUGen Unweighted=0 VegasNc0=99999999 VegasNc1=99999999 VegasNc2=99999999 LHAPDF=NNPDF30_lo_as_0130/NNPDF30_lo_as_0130.info MReso=270 Process=60 deltaRcut=0 ghz1=0,0 ghzgs1_prime2=1,0 pTjetcut=15
   
   Input Parameter:
    Collider: P-P, sqrt(s)=13000.00
    Resonance: spin=0, mass= 270.00 width=   0.00407
    Z-boson: mass=91.188, width=2.4952
    W-boson: mass=80.399, width=2.0850
    Jet cuts:
            pT >=    15.00 GeV
         |eta| <= Infinity
        DeltaR >=     0.00
           mJJ >=     0.00 GeV
    Random seed:   115303672
    To reproduce results using this seed, JHUGen should be compiled with the same compiler:
      GNU Fortran (GCC) 4.8.2
    
    WidthScheme:   2
    LHAPDF set NNPDF30_lo_as_0130/NNPDF30_lo_as_0130.info, member=  0
    Unweighted: F
    Intermediate off-shell photons: T
    
    spin-0-VV couplings: 
      generate_as=F
      ghg2=  0.10000000E+01  0.00000000E+00i
      ghzgs1_prime2=  0.00000000E+00  0.00000000E+00i,  Lambda_zgs1=  1.0000E+04
      Lambda=  1000.0
    
    LHE output: ./data/output.lhe
    Histogram output: ./data/output.dat
    Log file: ./data/output.log
    
  Running

  Input parameters for vegas:  ndim=  9   ncall= 99999999.
                              it=    0    itmx=   15
                              acc=-1.00    
                              mds=  0     nd=  50
                              (xl,xu)= (  0.00000     ,  1.00000     )
                                       (  0.00000     ,  1.00000     )
                                       (  0.00000     ,  1.00000     )
                                       (  0.00000     ,  1.00000     )
                                       (  0.00000     ,  1.00000     )
                                       (  0.00000     ,  1.00000     )
                                       (  0.00000     ,  1.00000     )
                                       (  0.00000     ,  1.00000     )
                                       (  0.00000     ,  1.00000     )

#********** Integration by Vegas (iteration       1) ************
#                                                               *
#  integral  = 0.65006128E-04   accum. integral = 0.65006128E-04*
#  std. dev. = 0.26043773E-04   accum. std. dev = 0.26043773E-04*
#   min/max. wt. =    0.00000            0.185587E-04           *
#                                                               *
#*************   chi**2/iteration =  0.000       ****************


#********** Integration by Vegas (iteration       2) ************
#                                                               *
#  integral  = 0.27644109E-04   accum. integral = 0.28570679E-04*
#  std. dev. = 0.17661563E-05   accum. std. dev = 0.31514354E-05*
#   min/max. wt. =    0.00000            0.116869E-05           *
#                                                               *
#*************   chi**2/iteration =  3.396       ****************


#********** Integration by Vegas (iteration       3) ************
#                                                               *
#  integral  = 0.30728482E-04   accum. integral = 0.30649949E-04*
#  std. dev. = 0.37677853E-06   accum. std. dev = 0.53532340E-06*
#   min/max. wt. =    0.00000            0.201613E-06           *
#                                                               *
#*************   chi**2/iteration =  2.427       ****************


#********** Integration by Vegas (iteration       4) ************
#                                                               *
#  integral  = 0.31423624E-04   accum. integral = 0.31352009E-04*
#  std. dev. = 0.12079967E-06   accum. std. dev = 0.15233264E-06*
#   min/max. wt. =    0.00000            0.829343E-07           *
#                                                               *
#*************   chi**2/iteration =  2.572       ****************


#********** Integration by Vegas (iteration       5) ************
#                                                               *
#  integral  = 0.31500945E-04   accum. integral = 0.31479837E-04*
#  std. dev. = 0.46876084E-07   accum. std. dev = 0.54847087E-07*
#   min/max. wt. =    0.00000            0.101096E-07           *
#                                                               *
#*************   chi**2/iteration =  2.333       ****************


#********** Integration by Vegas (iteration       6) ************
#                                                               *
#  integral  = 0.31434776E-04   accum. integral = 0.31445066E-04*
#  std. dev. = 0.23575105E-07   accum. std. dev = 0.25375937E-07*
#   min/max. wt. =    0.00000            0.107630E-08           *
#                                                               *
#*************   chi**2/iteration =  2.103       ****************


#********** Integration by Vegas (iteration       7) ************
#                                                               *
#  integral  = 0.31509319E-04   accum. integral = 0.31477568E-04*
#  std. dev. = 0.20517350E-07   accum. std. dev = 0.17411849E-07*
#   min/max. wt. =    0.00000            0.118885E-08           *
#                                                               *
#*************   chi**2/iteration =  2.406       ****************


#********** Integration by Vegas (iteration       8) ************
#                                                               *
#  integral  = 0.31497829E-04   accum. integral = 0.31485082E-04*
#  std. dev. = 0.18998343E-07   accum. std. dev = 0.13550758E-07*
#   min/max. wt. =    0.00000            0.804911E-09           *
#                                                               *
#*************   chi**2/iteration =  2.217       ****************


#********** Integration by Vegas (iteration       9) ************
#                                                               *
#  integral  = 0.31500122E-04   accum. integral = 0.31489122E-04*
#  std. dev. = 0.19093088E-07   accum. std. dev = 0.11413047E-07*
#   min/max. wt. =    0.00000            0.135949E-08           *
#                                                               *
#*************   chi**2/iteration =  2.043       ****************


#********** Integration by Vegas (iteration      10) ************
#                                                               *
#  integral  = 0.31496755E-04   accum. integral = 0.31490794E-04*
#  std. dev. = 0.18683564E-07   accum. std. dev = 0.99599451E-08*
#   min/max. wt. =    0.00000            0.939532E-09           *
#                                                               *
#*************   chi**2/iteration =  1.873       ****************


#********** Integration by Vegas (iteration      11) ************
#                                                               *
#  integral  = 0.31502003E-04   accum. integral = 0.31492834E-04*
#  std. dev. = 0.18538860E-07   accum. std. dev = 0.89136955E-08*
#   min/max. wt. =    0.00000            0.562957E-09           *
#                                                               *
#*************   chi**2/iteration =  1.745       ****************


#********** Integration by Vegas (iteration      12) ************
#                                                               *
#  integral  = 0.31484703E-04   accum. integral = 0.31491582E-04*
#  std. dev. = 0.18525685E-07   accum. std. dev = 0.81252245E-08*
#   min/max. wt. =    0.00000            0.571125E-09           *
#                                                               *
#*************   chi**2/iteration =  1.627       ****************


#********** Integration by Vegas (iteration      13) ************
#                                                               *
#  integral  = 0.31459745E-04   accum. integral = 0.31487318E-04*
#  std. dev. = 0.18476650E-07   accum. std. dev = 0.75031257E-08*
#   min/max. wt. =    0.00000            0.827565E-09           *
#                                                               *
#*************   chi**2/iteration =  1.689       ****************


#********** Integration by Vegas (iteration      14) ************
#                                                               *
#  integral  = 0.31510237E-04   accum. integral = 0.31489960E-04*
#  std. dev. = 0.18761167E-07   accum. std. dev = 0.70105496E-08*
#   min/max. wt. =    0.00000            0.634860E-09           *
#                                                               *
#*************   chi**2/iteration =  1.664       ****************


#********** Integration by Vegas (iteration      15) ************
#                                                               *
#  integral  = 0.31497612E-04   accum. integral = 0.31490745E-04*
#  std. dev. = 0.18835274E-07   accum. std. dev = 0.66024572E-08*
#   min/max. wt. =    0.00000            0.835291E-09           *
#                                                               *
#*************   chi**2/iteration =  1.572       ****************

 ****************************************************
 * Writing out vegas grid to ./data/output.grid                                                      
 ****************************************************

  Input parameters for vegas:  ndim=  9   ncall= 99999999.
                              it=    0    itmx=    2
                              acc=-1.00    
                              mds=  0     nd=  50
                              (xl,xu)= (  0.00000     ,  1.00000     )
                                       (  0.00000     ,  1.00000     )
                                       (  0.00000     ,  1.00000     )
                                       (  0.00000     ,  1.00000     )
                                       (  0.00000     ,  1.00000     )
                                       (  0.00000     ,  1.00000     )
                                       (  0.00000     ,  1.00000     )
                                       (  0.00000     ,  1.00000     )
                                       (  0.00000     ,  1.00000     )

#********** Integration by Vegas (iteration       1) ************
#                                                               *
#  integral  = 0.31507676E-04   accum. integral = 0.31507676E-04*
#  std. dev. = 0.18984552E-07   accum. std. dev = 0.18984552E-07*
#   min/max. wt. =    0.00000            0.186506E-08           *
#                                                               *
#*************   chi**2/iteration =  0.000       ****************


#********** Integration by Vegas (iteration       2) ************
#                                                               *
#  integral  = 0.31519297E-04   accum. integral = 0.31513533E-04*
#  std. dev. = 0.18839814E-07   accum. std. dev = 0.13372620E-07*
#   min/max. wt. =    0.00000            0.632000E-09           *
#                                                               *
#*************   chi**2/iteration = 0.1886       ****************

 Done
