SLURM job running in:  /work-zfs/lhc/heshy/JHUGen/xsecs/JHUGen/JHUGenerator
LHAPDF 6.1.5 loading /work-zfs/lhc/cms/slc6_amd64_gcc493/external/lhapdf/6.1.5-kpegke3/share/LHAPDF/NNPDF30_lo_as_0130/NNPDF30_lo_as_0130_0000.dat
NNPDF30_lo_as_0130 PDF set, member #0, version 2; LHAPDF ID = 263000
 extending no. of histograms for vbf tests
 
  
  ***************************************************************************************
  *                                JHU Generator v7.0.2                                 *
  ***************************************************************************************
  *                                                                                     *
  *   Spin and parity determination of single-produced resonances at hadron colliders   *
  *                                                                                     *
  *          I. Anderson, S. Bolognesi, F. Caola, Y. Gao, A. Gritsan, Z. Guo,           *
  *        C. Martin, K. Melnikov, R. Rontsch, H. Roskes, U. Sarica, M. Schulze,        *
  *                   N. Tran, A. Whitbeck, M. Xiao, C. You, Y. Zhou                    *
  *              Phys.Rev. D81 (2010) 075022;  arXiv:1001.3396  [hep-ph],               *
  *              Phys.Rev. D86 (2012) 095031;  arXiv:1208.4018  [hep-ph],               *
  *              Phys.Rev. D89 (2014) 035007;  arXiv:1309.4819  [hep-ph],               *
  *              Phys.Rev. D94 (2016) 055023;  arXiv:1606.03107 [hep-ph].               *
  *                                                                                     *
  ***************************************************************************************
  
   
   Command line: ./JHUGen Unweighted=0 VegasNc0=99999999 VegasNc1=99999999 VegasNc2=99999999 LHAPDF=NNPDF30_lo_as_0130/NNPDF30_lo_as_0130.info MReso=330 Process=60 deltaRcut=0 ghz1=0,0 ghzgs1_prime2=1,0 pTjetcut=15
   
   Input Parameter:
    Collider: P-P, sqrt(s)=13000.00
    Resonance: spin=0, mass= 330.00 width=   0.00407
    Z-boson: mass=91.188, width=2.4952
    W-boson: mass=80.399, width=2.0850
    Jet cuts:
            pT >=    15.00 GeV
         |eta| <= Infinity
        DeltaR >=     0.00
           mJJ >=     0.00 GeV
    Random seed:   801759636
    To reproduce results using this seed, JHUGen should be compiled with the same compiler:
      GNU Fortran (GCC) 4.8.2
    
    WidthScheme:   2
    LHAPDF set NNPDF30_lo_as_0130/NNPDF30_lo_as_0130.info, member=  0
    Unweighted: F
    Intermediate off-shell photons: T
    
    spin-0-VV couplings: 
      generate_as=F
      ghg2=  0.10000000E+01  0.00000000E+00i
      ghzgs1_prime2=  0.00000000E+00  0.00000000E+00i,  Lambda_zgs1=  1.0000E+04
      Lambda=  1000.0
    
    LHE output: ./data/output.lhe
    Histogram output: ./data/output.dat
    Log file: ./data/output.log
    
  Running

  Input parameters for vegas:  ndim=  9   ncall= 99999999.
                              it=    0    itmx=   15
                              acc=-1.00    
                              mds=  0     nd=  50
                              (xl,xu)= (  0.00000     ,  1.00000     )
                                       (  0.00000     ,  1.00000     )
                                       (  0.00000     ,  1.00000     )
                                       (  0.00000     ,  1.00000     )
                                       (  0.00000     ,  1.00000     )
                                       (  0.00000     ,  1.00000     )
                                       (  0.00000     ,  1.00000     )
                                       (  0.00000     ,  1.00000     )
                                       (  0.00000     ,  1.00000     )

#********** Integration by Vegas (iteration       1) ************
#                                                               *
#  integral  = 0.21113030E-04   accum. integral = 0.21113030E-04*
#  std. dev. = 0.35996675E-05   accum. std. dev = 0.35996675E-05*
#   min/max. wt. =    0.00000            0.336550E-05           *
#                                                               *
#*************   chi**2/iteration =  0.000       ****************


#********** Integration by Vegas (iteration       2) ************
#                                                               *
#  integral  = 0.24280298E-04   accum. integral = 0.23124426E-04*
#  std. dev. = 0.31381378E-05   accum. std. dev = 0.23433706E-05*
#   min/max. wt. =    0.00000            0.307147E-05           *
#                                                               *
#*************   chi**2/iteration = 0.4230       ****************


#********** Integration by Vegas (iteration       3) ************
#                                                               *
#  integral  = 0.27746438E-04   accum. integral = 0.27033987E-04*
#  std. dev. = 0.12199579E-05   accum. std. dev = 0.99193463E-06*
#   min/max. wt. =    0.00000            0.909666E-06           *
#                                                               *
#*************   chi**2/iteration =  1.597       ****************


#********** Integration by Vegas (iteration       4) ************
#                                                               *
#  integral  = 0.26504247E-04   accum. integral = 0.26508963E-04*
#  std. dev. = 0.10157777E-06   accum. std. dev = 0.95530791E-07*
#   min/max. wt. =    0.00000            0.309637E-07           *
#                                                               *
#*************   chi**2/iteration =  1.112       ****************


#********** Integration by Vegas (iteration       5) ************
#                                                               *
#  integral  = 0.26568770E-04   accum. integral = 0.26564821E-04*
#  std. dev. = 0.26953741E-07   accum. std. dev = 0.24855373E-07*
#   min/max. wt. =    0.00000            0.200527E-08           *
#                                                               *
#*************   chi**2/iteration = 0.9030       ****************


#********** Integration by Vegas (iteration       6) ************
#                                                               *
#  integral  = 0.26576096E-04   accum. integral = 0.26572221E-04*
#  std. dev. = 0.18854276E-07   accum. std. dev = 0.14690582E-07*
#   min/max. wt. =    0.00000            0.108479E-08           *
#                                                               *
#*************   chi**2/iteration = 0.7373       ****************


#********** Integration by Vegas (iteration       7) ************
#                                                               *
#  integral  = 0.26619442E-04   accum. integral = 0.26593656E-04*
#  std. dev. = 0.16781044E-07   accum. std. dev = 0.10921363E-07*
#   min/max. wt. =    0.00000            0.925708E-09           *
#                                                               *
#*************   chi**2/iteration =  1.379       ****************


#********** Integration by Vegas (iteration       8) ************
#                                                               *
#  integral  = 0.26582919E-04   accum. integral = 0.26590152E-04*
#  std. dev. = 0.16223541E-07   accum. std. dev = 0.90026570E-08*
#   min/max. wt. =    0.00000            0.909900E-09           *
#                                                               *
#*************   chi**2/iteration =  1.217       ****************


#********** Integration by Vegas (iteration       9) ************
#                                                               *
#  integral  = 0.26571077E-04   accum. integral = 0.26585253E-04*
#  std. dev. = 0.15757090E-07   accum. std. dev = 0.77862113E-08*
#   min/max. wt. =    0.00000            0.752865E-09           *
#                                                               *
#*************   chi**2/iteration =  1.201       ****************


#********** Integration by Vegas (iteration      10) ************
#                                                               *
#  integral  = 0.26598233E-04   accum. integral = 0.26587792E-04*
#  std. dev. = 0.16209677E-07   accum. std. dev = 0.70020848E-08*
#   min/max. wt. =    0.00000            0.166003E-08           *
#                                                               *
#*************   chi**2/iteration =  1.122       ****************


#********** Integration by Vegas (iteration      11) ************
#                                                               *
#  integral  = 0.26600779E-04   accum. integral = 0.26590055E-04*
#  std. dev. = 0.15607396E-07   accum. std. dev = 0.63768072E-08*
#   min/max. wt. =    0.00000            0.908973E-09           *
#                                                               *
#*************   chi**2/iteration =  1.065       ****************


#********** Integration by Vegas (iteration      12) ************
#                                                               *
#  integral  = 0.26595543E-04   accum. integral = 0.26590849E-04*
#  std. dev. = 0.15840397E-07   accum. std. dev = 0.59082848E-08*
#   min/max. wt. =    0.00000            0.530492E-09           *
#                                                               *
#*************   chi**2/iteration = 0.9744       ****************


#********** Integration by Vegas (iteration      13) ************
#                                                               *
#  integral  = 0.26582261E-04   accum. integral = 0.26589757E-04*
#  std. dev. = 0.15779567E-07   accum. std. dev = 0.55282350E-08*
#   min/max. wt. =    0.00000            0.712775E-09           *
#                                                               *
#*************   chi**2/iteration = 0.9129       ****************


#********** Integration by Vegas (iteration      14) ************
#                                                               *
#  integral  = 0.26619368E-04   accum. integral = 0.26592998E-04*
#  std. dev. = 0.16071304E-07   accum. std. dev = 0.52241580E-08*
#   min/max. wt. =    0.00000            0.881740E-09           *
#                                                               *
#*************   chi**2/iteration =  1.081       ****************


#********** Integration by Vegas (iteration      15) ************
#                                                               *
#  integral  = 0.26582578E-04   accum. integral = 0.26591950E-04*
#  std. dev. = 0.15878450E-07   accum. std. dev = 0.49599551E-08*
#   min/max. wt. =    0.00000            0.647167E-09           *
#                                                               *
#*************   chi**2/iteration =  1.030       ****************

 ****************************************************
 * Writing out vegas grid to ./data/output.grid                                                      
 ****************************************************

  Input parameters for vegas:  ndim=  9   ncall= 99999999.
                              it=    0    itmx=    2
                              acc=-1.00    
                              mds=  0     nd=  50
                              (xl,xu)= (  0.00000     ,  1.00000     )
                                       (  0.00000     ,  1.00000     )
                                       (  0.00000     ,  1.00000     )
                                       (  0.00000     ,  1.00000     )
                                       (  0.00000     ,  1.00000     )
                                       (  0.00000     ,  1.00000     )
                                       (  0.00000     ,  1.00000     )
                                       (  0.00000     ,  1.00000     )
                                       (  0.00000     ,  1.00000     )

#********** Integration by Vegas (iteration       1) ************
#                                                               *
#  integral  = 0.26582309E-04   accum. integral = 0.26582309E-04*
#  std. dev. = 0.16135838E-07   accum. std. dev = 0.16135838E-07*
#   min/max. wt. =    0.00000            0.446722E-09           *
#                                                               *
#*************   chi**2/iteration =  0.000       ****************


#********** Integration by Vegas (iteration       2) ************
#                                                               *
#  integral  = 0.26588825E-04   accum. integral = 0.26585582E-04*
#  std. dev. = 0.16066360E-07   accum. std. dev = 0.11385110E-07*
#   min/max. wt. =    0.00000            0.535650E-09           *
#                                                               *
#*************   chi**2/iteration = 0.8182E-01   ****************

 Done
