SLURM job running in:  /work-zfs/lhc/heshy/JHUGen/xsecs/JHUGen/JHUGenerator
LHAPDF 6.1.5 loading /work-zfs/lhc/cms/slc6_amd64_gcc493/external/lhapdf/6.1.5-kpegke3/share/LHAPDF/NNPDF30_lo_as_0130/NNPDF30_lo_as_0130_0000.dat
NNPDF30_lo_as_0130 PDF set, member #0, version 2; LHAPDF ID = 263000
 extending no. of histograms for vbf tests
 
  
  ***************************************************************************************
  *                                JHU Generator v7.0.2                                 *
  ***************************************************************************************
  *                                                                                     *
  *   Spin and parity determination of single-produced resonances at hadron colliders   *
  *                                                                                     *
  *          I. Anderson, S. Bolognesi, F. Caola, Y. Gao, A. Gritsan, Z. Guo,           *
  *        C. Martin, K. Melnikov, R. Rontsch, H. Roskes, U. Sarica, M. Schulze,        *
  *                   N. Tran, A. Whitbeck, M. Xiao, C. You, Y. Zhou                    *
  *              Phys.Rev. D81 (2010) 075022;  arXiv:1001.3396  [hep-ph],               *
  *              Phys.Rev. D86 (2012) 095031;  arXiv:1208.4018  [hep-ph],               *
  *              Phys.Rev. D89 (2014) 035007;  arXiv:1309.4819  [hep-ph],               *
  *              Phys.Rev. D94 (2016) 055023;  arXiv:1606.03107 [hep-ph].               *
  *                                                                                     *
  ***************************************************************************************
  
   
   Command line: ./JHUGen Unweighted=0 VegasNc0=99999999 VegasNc1=99999999 VegasNc2=99999999 LHAPDF=NNPDF30_lo_as_0130/NNPDF30_lo_as_0130.info MReso=388 Process=60 deltaRcut=0 ghz1=0,0 ghzgs1_prime2=1,0 pTjetcut=15
   
   Input Parameter:
    Collider: P-P, sqrt(s)=13000.00
    Resonance: spin=0, mass= 388.00 width=   0.00407
    Z-boson: mass=91.188, width=2.4952
    W-boson: mass=80.399, width=2.0850
    Jet cuts:
            pT >=    15.00 GeV
         |eta| <= Infinity
        DeltaR >=     0.00
           mJJ >=     0.00 GeV
    Random seed:   824798886
    To reproduce results using this seed, JHUGen should be compiled with the same compiler:
      GNU Fortran (GCC) 4.8.2
    
    WidthScheme:   2
    LHAPDF set NNPDF30_lo_as_0130/NNPDF30_lo_as_0130.info, member=  0
    Unweighted: F
    Intermediate off-shell photons: T
    
    spin-0-VV couplings: 
      generate_as=F
      ghg2=  0.10000000E+01  0.00000000E+00i
      ghzgs1_prime2=  0.00000000E+00  0.00000000E+00i,  Lambda_zgs1=  1.0000E+04
      Lambda=  1000.0
    
    LHE output: ./data/output.lhe
    Histogram output: ./data/output.dat
    Log file: ./data/output.log
    
  Running

  Input parameters for vegas:  ndim=  9   ncall= 99999999.
                              it=    0    itmx=   15
                              acc=-1.00    
                              mds=  0     nd=  50
                              (xl,xu)= (  0.00000     ,  1.00000     )
                                       (  0.00000     ,  1.00000     )
                                       (  0.00000     ,  1.00000     )
                                       (  0.00000     ,  1.00000     )
                                       (  0.00000     ,  1.00000     )
                                       (  0.00000     ,  1.00000     )
                                       (  0.00000     ,  1.00000     )
                                       (  0.00000     ,  1.00000     )
                                       (  0.00000     ,  1.00000     )

#********** Integration by Vegas (iteration       1) ************
#                                                               *
#  integral  = 0.14429631E-04   accum. integral = 0.14429631E-04*
#  std. dev. = 0.97817278E-06   accum. std. dev = 0.97817278E-06*
#   min/max. wt. =    0.00000            0.726101E-06           *
#                                                               *
#*************   chi**2/iteration = -.5403E-10   ****************


#********** Integration by Vegas (iteration       2) ************
#                                                               *
#  integral  = 0.23883800E-04   accum. integral = 0.17814506E-04*
#  std. dev. = 0.21680112E-05   accum. std. dev = 0.10717017E-05*
#   min/max. wt. =    0.00000            0.134498E-05           *
#                                                               *
#*************   chi**2/iteration =  17.87       ****************


#********** Integration by Vegas (iteration       3) ************
#                                                               *
#  integral  = 0.22552888E-04   accum. integral = 0.22256783E-04*
#  std. dev. = 0.31625712E-06   accum. std. dev = 0.28125632E-06*
#   min/max. wt. =    0.00000            0.205797E-06           *
#                                                               *
#*************   chi**2/iteration =  16.42       ****************


#********** Integration by Vegas (iteration       4) ************
#                                                               *
#  integral  = 0.22832109E-04   accum. integral = 0.22807604E-04*
#  std. dev. = 0.65387633E-07   accum. std. dev = 0.59585090E-07*
#   min/max. wt. =    0.00000            0.311791E-07           *
#                                                               *
#*************   chi**2/iteration =  11.66       ****************


#********** Integration by Vegas (iteration       5) ************
#                                                               *
#  integral  = 0.22725836E-04   accum. integral = 0.22735960E-04*
#  std. dev. = 0.23938708E-07   accum. std. dev = 0.21262325E-07*
#   min/max. wt. =    0.00000            0.189613E-08           *
#                                                               *
#*************   chi**2/iteration =  8.903       ****************


#********** Integration by Vegas (iteration       6) ************
#                                                               *
#  integral  = 0.22772136E-04   accum. integral = 0.22759967E-04*
#  std. dev. = 0.15985454E-07   accum. std. dev = 0.12449325E-07*
#   min/max. wt. =    0.00000            0.128612E-08           *
#                                                               *
#*************   chi**2/iteration =  7.365       ****************


#********** Integration by Vegas (iteration       7) ************
#                                                               *
#  integral  = 0.22769651E-04   accum. integral = 0.22764308E-04*
#  std. dev. = 0.14445289E-07   accum. std. dev = 0.93089276E-08*
#   min/max. wt. =    0.00000            0.569402E-09           *
#                                                               *
#*************   chi**2/iteration =  6.101       ****************


#********** Integration by Vegas (iteration       8) ************
#                                                               *
#  integral  = 0.22761838E-04   accum. integral = 0.22763521E-04*
#  std. dev. = 0.14138437E-07   accum. std. dev = 0.77217823E-08*
#   min/max. wt. =    0.00000            0.715416E-09           *
#                                                               *
#*************   chi**2/iteration =  5.182       ****************


#********** Integration by Vegas (iteration       9) ************
#                                                               *
#  integral  = 0.22748378E-04   accum. integral = 0.22759745E-04*
#  std. dev. = 0.13837245E-07   accum. std. dev = 0.67147914E-08*
#   min/max. wt. =    0.00000            0.624156E-09           *
#                                                               *
#*************   chi**2/iteration =  4.620       ****************


#********** Integration by Vegas (iteration      10) ************
#                                                               *
#  integral  = 0.22726337E-04   accum. integral = 0.22752970E-04*
#  std. dev. = 0.13687494E-07   accum. std. dev = 0.60124444E-08*
#   min/max. wt. =    0.00000            0.823477E-09           *
#                                                               *
#*************   chi**2/iteration =  4.638       ****************


#********** Integration by Vegas (iteration      11) ************
#                                                               *
#  integral  = 0.22750187E-04   accum. integral = 0.22752500E-04*
#  std. dev. = 0.13701415E-07   accum. std. dev = 0.54954146E-08*
#   min/max. wt. =    0.00000            0.114804E-08           *
#                                                               *
#*************   chi**2/iteration =  4.158       ****************


#********** Integration by Vegas (iteration      12) ************
#                                                               *
#  integral  = 0.22748514E-04   accum. integral = 0.22751921E-04*
#  std. dev. = 0.13647735E-07   accum. std. dev = 0.50908406E-08*
#   min/max. wt. =    0.00000            0.544728E-09           *
#                                                               *
#*************   chi**2/iteration =  3.772       ****************


#********** Integration by Vegas (iteration      13) ************
#                                                               *
#  integral  = 0.22757218E-04   accum. integral = 0.22752584E-04*
#  std. dev. = 0.13758136E-07   accum. std. dev = 0.47698559E-08*
#   min/max. wt. =    0.00000            0.647731E-09           *
#                                                               *
#*************   chi**2/iteration =  3.457       ****************


#********** Integration by Vegas (iteration      14) ************
#                                                               *
#  integral  = 0.22739040E-04   accum. integral = 0.22751037E-04*
#  std. dev. = 0.13539883E-07   accum. std. dev = 0.44954188E-08*
#   min/max. wt. =    0.00000            0.526459E-09           *
#                                                               *
#*************   chi**2/iteration =  3.253       ****************


#********** Integration by Vegas (iteration      15) ************
#                                                               *
#  integral  = 0.22735182E-04   accum. integral = 0.22749447E-04*
#  std. dev. = 0.13707937E-07   accum. std. dev = 0.42692459E-08*
#   min/max. wt. =    0.00000            0.653182E-09           *
#                                                               *
#*************   chi**2/iteration =  3.102       ****************

 ****************************************************
 * Writing out vegas grid to ./data/output.grid                                                      
 ****************************************************

  Input parameters for vegas:  ndim=  9   ncall= 99999999.
                              it=    0    itmx=    2
                              acc=-1.00    
                              mds=  0     nd=  50
                              (xl,xu)= (  0.00000     ,  1.00000     )
                                       (  0.00000     ,  1.00000     )
                                       (  0.00000     ,  1.00000     )
                                       (  0.00000     ,  1.00000     )
                                       (  0.00000     ,  1.00000     )
                                       (  0.00000     ,  1.00000     )
                                       (  0.00000     ,  1.00000     )
                                       (  0.00000     ,  1.00000     )
                                       (  0.00000     ,  1.00000     )

#********** Integration by Vegas (iteration       1) ************
#                                                               *
#  integral  = 0.22767025E-04   accum. integral = 0.22767025E-04*
#  std. dev. = 0.13850871E-07   accum. std. dev = 0.13850871E-07*
#   min/max. wt. =    0.00000            0.105663E-08           *
#                                                               *
#*************   chi**2/iteration =  0.000       ****************


#********** Integration by Vegas (iteration       2) ************
#                                                               *
#  integral  = 0.22754078E-04   accum. integral = 0.22760596E-04*
#  std. dev. = 0.13938119E-07   accum. std. dev = 0.98247292E-08*
#   min/max. wt. =    0.00000            0.117458E-08           *
#                                                               *
#*************   chi**2/iteration = 0.4337       ****************

 Done
