SLURM job running in:  /work-zfs/lhc/heshy/JHUGen/xsecs/JHUGen/JHUGenerator
LHAPDF 6.1.5 loading /work-zfs/lhc/cms/slc6_amd64_gcc493/external/lhapdf/6.1.5-kpegke3/share/LHAPDF/NNPDF30_lo_as_0130/NNPDF30_lo_as_0130_0000.dat
NNPDF30_lo_as_0130 PDF set, member #0, version 2; LHAPDF ID = 263000
 extending no. of histograms for vbf tests
 
  
  ***************************************************************************************
  *                                JHU Generator v7.0.2                                 *
  ***************************************************************************************
  *                                                                                     *
  *   Spin and parity determination of single-produced resonances at hadron colliders   *
  *                                                                                     *
  *          I. Anderson, S. Bolognesi, F. Caola, Y. Gao, A. Gritsan, Z. Guo,           *
  *        C. Martin, K. Melnikov, R. Rontsch, H. Roskes, U. Sarica, M. Schulze,        *
  *                   N. Tran, A. Whitbeck, M. Xiao, C. You, Y. Zhou                    *
  *              Phys.Rev. D81 (2010) 075022;  arXiv:1001.3396  [hep-ph],               *
  *              Phys.Rev. D86 (2012) 095031;  arXiv:1208.4018  [hep-ph],               *
  *              Phys.Rev. D89 (2014) 035007;  arXiv:1309.4819  [hep-ph],               *
  *              Phys.Rev. D94 (2016) 055023;  arXiv:1606.03107 [hep-ph].               *
  *                                                                                     *
  ***************************************************************************************
  
   
   Command line: ./JHUGen Unweighted=0 VegasNc0=99999999 VegasNc1=99999999 VegasNc2=99999999 LHAPDF=NNPDF30_lo_as_0130/NNPDF30_lo_as_0130.info MReso=444 Process=60 deltaRcut=0 ghz1=0,0 ghzgs1_prime2=1,0 pTjetcut=15
   
   Input Parameter:
    Collider: P-P, sqrt(s)=13000.00
    Resonance: spin=0, mass= 444.00 width=   0.00407
    Z-boson: mass=91.188, width=2.4952
    W-boson: mass=80.399, width=2.0850
    Jet cuts:
            pT >=    15.00 GeV
         |eta| <= Infinity
        DeltaR >=     0.00
           mJJ >=     0.00 GeV
    Random seed:   383266744
    To reproduce results using this seed, JHUGen should be compiled with the same compiler:
      GNU Fortran (GCC) 4.8.2
    
    WidthScheme:   2
    LHAPDF set NNPDF30_lo_as_0130/NNPDF30_lo_as_0130.info, member=  0
    Unweighted: F
    Intermediate off-shell photons: T
    
    spin-0-VV couplings: 
      generate_as=F
      ghg2=  0.10000000E+01  0.00000000E+00i
      ghzgs1_prime2=  0.00000000E+00  0.00000000E+00i,  Lambda_zgs1=  1.0000E+04
      Lambda=  1000.0
    
    LHE output: ./data/output.lhe
    Histogram output: ./data/output.dat
    Log file: ./data/output.log
    
  Running

  Input parameters for vegas:  ndim=  9   ncall= 99999999.
                              it=    0    itmx=   15
                              acc=-1.00    
                              mds=  0     nd=  50
                              (xl,xu)= (  0.00000     ,  1.00000     )
                                       (  0.00000     ,  1.00000     )
                                       (  0.00000     ,  1.00000     )
                                       (  0.00000     ,  1.00000     )
                                       (  0.00000     ,  1.00000     )
                                       (  0.00000     ,  1.00000     )
                                       (  0.00000     ,  1.00000     )
                                       (  0.00000     ,  1.00000     )
                                       (  0.00000     ,  1.00000     )

#********** Integration by Vegas (iteration       1) ************
#                                                               *
#  integral  = 0.18214243E-04   accum. integral = 0.18214243E-04*
#  std. dev. = 0.43338084E-05   accum. std. dev = 0.43338084E-05*
#   min/max. wt. =    0.00000            0.342117E-05           *
#                                                               *
#*************   chi**2/iteration =  0.000       ****************


#********** Integration by Vegas (iteration       2) ************
#                                                               *
#  integral  = 0.14714658E-04   accum. integral = 0.14770314E-04*
#  std. dev. = 0.44507962E-06   accum. std. dev = 0.49681247E-06*
#   min/max. wt. =    0.00000            0.309839E-06           *
#                                                               *
#*************   chi**2/iteration = 0.7758       ****************


#********** Integration by Vegas (iteration       3) ************
#                                                               *
#  integral  = 0.18707971E-04   accum. integral = 0.18155821E-04*
#  std. dev. = 0.22669903E-06   accum. std. dev = 0.19442774E-06*
#   min/max. wt. =    0.00000            0.100520E-06           *
#                                                               *
#*************   chi**2/iteration =  25.07       ****************


#********** Integration by Vegas (iteration       4) ************
#                                                               *
#  integral  = 0.19660867E-04   accum. integral = 0.19594636E-04*
#  std. dev. = 0.47396273E-07   accum. std. dev = 0.42243510E-07*
#   min/max. wt. =    0.00000            0.132455E-07           *
#                                                               *
#*************   chi**2/iteration =  33.38       ****************


#********** Integration by Vegas (iteration       5) ************
#                                                               *
#  integral  = 0.19671285E-04   accum. integral = 0.19661033E-04*
#  std. dev. = 0.18218804E-07   accum. std. dev = 0.15762095E-07*
#   min/max. wt. =    0.00000            0.350729E-08           *
#                                                               *
#*************   chi**2/iteration =  24.73       ****************


#********** Integration by Vegas (iteration       6) ************
#                                                               *
#  integral  = 0.19686069E-04   accum. integral = 0.19676554E-04*
#  std. dev. = 0.13286954E-07   accum. std. dev = 0.98452178E-08*
#   min/max. wt. =    0.00000            0.593704E-09           *
#                                                               *
#*************   chi**2/iteration =  19.58       ****************


#********** Integration by Vegas (iteration       7) ************
#                                                               *
#  integral  = 0.19671681E-04   accum. integral = 0.19674485E-04*
#  std. dev. = 0.12171404E-07   accum. std. dev = 0.75362797E-08*
#   min/max. wt. =    0.00000            0.108049E-08           *
#                                                               *
#*************   chi**2/iteration =  16.04       ****************


#********** Integration by Vegas (iteration       8) ************
#                                                               *
#  integral  = 0.19678821E-04   accum. integral = 0.19675836E-04*
#  std. dev. = 0.11790540E-07   accum. std. dev = 0.62947789E-08*
#   min/max. wt. =    0.00000            0.632556E-09           *
#                                                               *
#*************   chi**2/iteration =  13.58       ****************


#********** Integration by Vegas (iteration       9) ************
#                                                               *
#  integral  = 0.19682839E-04   accum. integral = 0.19677527E-04*
#  std. dev. = 0.11669490E-07   accum. std. dev = 0.55109949E-08*
#   min/max. wt. =    0.00000            0.364209E-09           *
#                                                               *
#*************   chi**2/iteration =  11.80       ****************


#********** Integration by Vegas (iteration      10) ************
#                                                               *
#  integral  = 0.19677696E-04   accum. integral = 0.19677560E-04*
#  std. dev. = 0.11686979E-07   accum. std. dev = 0.49680925E-08*
#   min/max. wt. =    0.00000            0.163627E-08           *
#                                                               *
#*************   chi**2/iteration =  10.40       ****************


#********** Integration by Vegas (iteration      11) ************
#                                                               *
#  integral  = 0.19659161E-04   accum. integral = 0.19674575E-04*
#  std. dev. = 0.11685474E-07   accum. std. dev = 0.45620284E-08*
#   min/max. wt. =    0.00000            0.638396E-09           *
#                                                               *
#*************   chi**2/iteration =  9.524       ****************


#********** Integration by Vegas (iteration      12) ************
#                                                               *
#  integral  = 0.19681815E-04   accum. integral = 0.19675568E-04*
#  std. dev. = 0.11818731E-07   accum. std. dev = 0.42494455E-08*
#   min/max. wt. =    0.00000            0.810393E-09           *
#                                                               *
#*************   chi**2/iteration =  8.642       ****************


#********** Integration by Vegas (iteration      13) ************
#                                                               *
#  integral  = 0.19664875E-04   accum. integral = 0.19674246E-04*
#  std. dev. = 0.11642210E-07   accum. std. dev = 0.39870912E-08*
#   min/max. wt. =    0.00000            0.401010E-09           *
#                                                               *
#*************   chi**2/iteration =  7.951       ****************


#********** Integration by Vegas (iteration      14) ************
#                                                               *
#  integral  = 0.19680623E-04   accum. integral = 0.19674942E-04*
#  std. dev. = 0.11702261E-07   accum. std. dev = 0.37706328E-08*
#   min/max. wt. =    0.00000            0.467495E-09           *
#                                                               *
#*************   chi**2/iteration =  7.332       ****************


#********** Integration by Vegas (iteration      15) ************
#                                                               *
#  integral  = 0.19657867E-04   accum. integral = 0.19673280E-04*
#  std. dev. = 0.11760539E-07   accum. std. dev = 0.35882600E-08*
#   min/max. wt. =    0.00000            0.472449E-09           *
#                                                               *
#*************   chi**2/iteration =  6.928       ****************

 ****************************************************
 * Writing out vegas grid to ./data/output.grid                                                      
 ****************************************************

  Input parameters for vegas:  ndim=  9   ncall= 99999999.
                              it=    0    itmx=    2
                              acc=-1.00    
                              mds=  0     nd=  50
                              (xl,xu)= (  0.00000     ,  1.00000     )
                                       (  0.00000     ,  1.00000     )
                                       (  0.00000     ,  1.00000     )
                                       (  0.00000     ,  1.00000     )
                                       (  0.00000     ,  1.00000     )
                                       (  0.00000     ,  1.00000     )
                                       (  0.00000     ,  1.00000     )
                                       (  0.00000     ,  1.00000     )
                                       (  0.00000     ,  1.00000     )

#********** Integration by Vegas (iteration       1) ************
#                                                               *
#  integral  = 0.19679909E-04   accum. integral = 0.19679909E-04*
#  std. dev. = 0.11703800E-07   accum. std. dev = 0.11703800E-07*
#   min/max. wt. =    0.00000            0.366682E-09           *
#                                                               *
#*************   chi**2/iteration =  0.000       ****************


#********** Integration by Vegas (iteration       2) ************
#                                                               *
#  integral  = 0.19673385E-04   accum. integral = 0.19676673E-04*
#  std. dev. = 0.11793661E-07   accum. std. dev = 0.83074142E-08*
#   min/max. wt. =    0.00000            0.588900E-09           *
#                                                               *
#*************   chi**2/iteration = 0.1540       ****************

 Done
