SLURM job running in:  /work-zfs/lhc/heshy/JHUGen/xsecs/JHUGen/JHUGenerator
LHAPDF 6.1.5 loading /work-zfs/lhc/cms/slc6_amd64_gcc493/external/lhapdf/6.1.5-kpegke3/share/LHAPDF/NNPDF30_lo_as_0130/NNPDF30_lo_as_0130_0000.dat
NNPDF30_lo_as_0130 PDF set, member #0, version 2; LHAPDF ID = 263000
 extending no. of histograms for vbf tests
 
  
  ***************************************************************************************
  *                                JHU Generator v7.0.2                                 *
  ***************************************************************************************
  *                                                                                     *
  *   Spin and parity determination of single-produced resonances at hadron colliders   *
  *                                                                                     *
  *          I. Anderson, S. Bolognesi, F. Caola, Y. Gao, A. Gritsan, Z. Guo,           *
  *        C. Martin, K. Melnikov, R. Rontsch, H. Roskes, U. Sarica, M. Schulze,        *
  *                   N. Tran, A. Whitbeck, M. Xiao, C. You, Y. Zhou                    *
  *              Phys.Rev. D81 (2010) 075022;  arXiv:1001.3396  [hep-ph],               *
  *              Phys.Rev. D86 (2012) 095031;  arXiv:1208.4018  [hep-ph],               *
  *              Phys.Rev. D89 (2014) 035007;  arXiv:1309.4819  [hep-ph],               *
  *              Phys.Rev. D94 (2016) 055023;  arXiv:1606.03107 [hep-ph].               *
  *                                                                                     *
  ***************************************************************************************
  
   
   Command line: ./JHUGen Unweighted=0 VegasNc0=99999999 VegasNc1=99999999 VegasNc2=99999999 LHAPDF=NNPDF30_lo_as_0130/NNPDF30_lo_as_0130.info MReso=505 Process=60 deltaRcut=0 ghz1=0,0 ghzgs1_prime2=1,0 pTjetcut=15
   
   Input Parameter:
    Collider: P-P, sqrt(s)=13000.00
    Resonance: spin=0, mass= 505.00 width=   0.00407
    Z-boson: mass=91.188, width=2.4952
    W-boson: mass=80.399, width=2.0850
    Jet cuts:
            pT >=    15.00 GeV
         |eta| <= Infinity
        DeltaR >=     0.00
           mJJ >=     0.00 GeV
    Random seed:   845992396
    To reproduce results using this seed, JHUGen should be compiled with the same compiler:
      GNU Fortran (GCC) 4.8.2
    
    WidthScheme:   2
    LHAPDF set NNPDF30_lo_as_0130/NNPDF30_lo_as_0130.info, member=  0
    Unweighted: F
    Intermediate off-shell photons: T
    
    spin-0-VV couplings: 
      generate_as=F
      ghg2=  0.10000000E+01  0.00000000E+00i
      ghzgs1_prime2=  0.00000000E+00  0.00000000E+00i,  Lambda_zgs1=  1.0000E+04
      Lambda=  1000.0
    
    LHE output: ./data/output.lhe
    Histogram output: ./data/output.dat
    Log file: ./data/output.log
    
  Running

  Input parameters for vegas:  ndim=  9   ncall= 99999999.
                              it=    0    itmx=   15
                              acc=-1.00    
                              mds=  0     nd=  50
                              (xl,xu)= (  0.00000     ,  1.00000     )
                                       (  0.00000     ,  1.00000     )
                                       (  0.00000     ,  1.00000     )
                                       (  0.00000     ,  1.00000     )
                                       (  0.00000     ,  1.00000     )
                                       (  0.00000     ,  1.00000     )
                                       (  0.00000     ,  1.00000     )
                                       (  0.00000     ,  1.00000     )
                                       (  0.00000     ,  1.00000     )

#********** Integration by Vegas (iteration       1) ************
#                                                               *
#  integral  = 0.12416781E-04   accum. integral = 0.12416781E-04*
#  std. dev. = 0.17528322E-05   accum. std. dev = 0.17528322E-05*
#   min/max. wt. =    0.00000            0.134897E-05           *
#                                                               *
#*************   chi**2/iteration =  0.000       ****************


#********** Integration by Vegas (iteration       2) ************
#                                                               *
#  integral  = 0.14232266E-04   accum. integral = 0.13648553E-04*
#  std. dev. = 0.13830566E-05   accum. std. dev = 0.10690349E-05*
#   min/max. wt. =    0.00000            0.129655E-05           *
#                                                               *
#*************   chi**2/iteration = 0.6285       ****************


#********** Integration by Vegas (iteration       3) ************
#                                                               *
#  integral  = 0.17513792E-04   accum. integral = 0.16673373E-04*
#  std. dev. = 0.73894678E-06   accum. std. dev = 0.55506456E-06*
#   min/max. wt. =    0.00000            0.547060E-06           *
#                                                               *
#*************   chi**2/iteration =  4.377       ****************


#********** Integration by Vegas (iteration       4) ************
#                                                               *
#  integral  = 0.16860840E-04   accum. integral = 0.16859992E-04*
#  std. dev. = 0.42418063E-07   accum. std. dev = 0.38637169E-07*
#   min/max. wt. =    0.00000            0.129139E-07           *
#                                                               *
#*************   chi**2/iteration =  2.759       ****************


#********** Integration by Vegas (iteration       5) ************
#                                                               *
#  integral  = 0.16865029E-04   accum. integral = 0.16864465E-04*
#  std. dev. = 0.15029355E-07   accum. std. dev = 0.13183411E-07*
#   min/max. wt. =    0.00000            0.187868E-08           *
#                                                               *
#*************   chi**2/iteration =  1.994       ****************


#********** Integration by Vegas (iteration       6) ************
#                                                               *
#  integral  = 0.16875722E-04   accum. integral = 0.16871287E-04*
#  std. dev. = 0.11426440E-07   accum. std. dev = 0.83813386E-08*
#   min/max. wt. =    0.00000            0.517262E-09           *
#                                                               *
#*************   chi**2/iteration =  1.641       ****************


#********** Integration by Vegas (iteration       7) ************
#                                                               *
#  integral  = 0.16882791E-04   accum. integral = 0.16876029E-04*
#  std. dev. = 0.10627479E-07   accum. std. dev = 0.64841616E-08*
#   min/max. wt. =    0.00000            0.459379E-09           *
#                                                               *
#*************   chi**2/iteration =  1.470       ****************


#********** Integration by Vegas (iteration       8) ************
#                                                               *
#  integral  = 0.16888705E-04   accum. integral = 0.16879926E-04*
#  std. dev. = 0.10243701E-07   accum. std. dev = 0.54323791E-08*
#   min/max. wt. =    0.00000            0.467935E-09           *
#                                                               *
#*************   chi**2/iteration =  1.409       ****************


#********** Integration by Vegas (iteration       9) ************
#                                                               *
#  integral  = 0.16894868E-04   accum. integral = 0.16883543E-04*
#  std. dev. = 0.10053825E-07   accum. std. dev = 0.47539799E-08*
#   min/max. wt. =    0.00000            0.386054E-09           *
#                                                               *
#*************   chi**2/iteration =  1.447       ****************


#********** Integration by Vegas (iteration      10) ************
#                                                               *
#  integral  = 0.16892062E-04   accum. integral = 0.16885229E-04*
#  std. dev. = 0.99592614E-08   accum. std. dev = 0.42753439E-08*
#   min/max. wt. =    0.00000            0.492464E-09           *
#                                                               *
#*************   chi**2/iteration =  1.345       ****************


#********** Integration by Vegas (iteration      11) ************
#                                                               *
#  integral  = 0.16887865E-04   accum. integral = 0.16885660E-04*
#  std. dev. = 0.10007219E-07   accum. std. dev = 0.39225630E-08*
#   min/max. wt. =    0.00000            0.437449E-09           *
#                                                               *
#*************   chi**2/iteration =  1.209       ****************


#********** Integration by Vegas (iteration      12) ************
#                                                               *
#  integral  = 0.16902929E-04   accum. integral = 0.16888071E-04*
#  std. dev. = 0.10063171E-07   accum. std. dev = 0.36487588E-08*
#   min/max. wt. =    0.00000            0.414594E-09           *
#                                                               *
#*************   chi**2/iteration =  1.337       ****************


#********** Integration by Vegas (iteration      13) ************
#                                                               *
#  integral  = 0.16908964E-04   accum. integral = 0.16890626E-04*
#  std. dev. = 0.10076581E-07   accum. std. dev = 0.34266080E-08*
#   min/max. wt. =    0.00000            0.711614E-09           *
#                                                               *
#*************   chi**2/iteration =  1.553       ****************


#********** Integration by Vegas (iteration      14) ************
#                                                               *
#  integral  = 0.16891650E-04   accum. integral = 0.16890738E-04*
#  std. dev. = 0.10023756E-07   accum. std. dev = 0.32394258E-08*
#   min/max. wt. =    0.00000            0.308382E-09           *
#                                                               *
#*************   chi**2/iteration =  1.428       ****************


#********** Integration by Vegas (iteration      15) ************
#                                                               *
#  integral  = 0.16892486E-04   accum. integral = 0.16890911E-04*
#  std. dev. = 0.10026333E-07   accum. std. dev = 0.30803376E-08*
#   min/max. wt. =    0.00000            0.335651E-09           *
#                                                               *
#*************   chi**2/iteration =  1.324       ****************

 ****************************************************
 * Writing out vegas grid to ./data/output.grid                                                      
 ****************************************************

  Input parameters for vegas:  ndim=  9   ncall= 99999999.
                              it=    0    itmx=    2
                              acc=-1.00    
                              mds=  0     nd=  50
                              (xl,xu)= (  0.00000     ,  1.00000     )
                                       (  0.00000     ,  1.00000     )
                                       (  0.00000     ,  1.00000     )
                                       (  0.00000     ,  1.00000     )
                                       (  0.00000     ,  1.00000     )
                                       (  0.00000     ,  1.00000     )
                                       (  0.00000     ,  1.00000     )
                                       (  0.00000     ,  1.00000     )
                                       (  0.00000     ,  1.00000     )

#********** Integration by Vegas (iteration       1) ************
#                                                               *
#  integral  = 0.16893252E-04   accum. integral = 0.16893252E-04*
#  std. dev. = 0.10197399E-07   accum. std. dev = 0.10197399E-07*
#   min/max. wt. =    0.00000            0.108022E-08           *
#                                                               *
#*************   chi**2/iteration =  0.000       ****************


#********** Integration by Vegas (iteration       2) ************
#                                                               *
#  integral  = 0.16894506E-04   accum. integral = 0.16893884E-04*
#  std. dev. = 0.10122097E-07   accum. std. dev = 0.71838768E-08*
#   min/max. wt. =    0.00000            0.470562E-09           *
#                                                               *
#*************   chi**2/iteration = 0.7610E-02   ****************

 Done
