SLURM job running in:  /work-zfs/lhc/heshy/JHUGen/xsecs/JHUGen/JHUGenerator
LHAPDF 6.1.5 loading /work-zfs/lhc/cms/slc6_amd64_gcc493/external/lhapdf/6.1.5-kpegke3/share/LHAPDF/NNPDF30_lo_as_0130/NNPDF30_lo_as_0130_0000.dat
NNPDF30_lo_as_0130 PDF set, member #0, version 2; LHAPDF ID = 263000
 extending no. of histograms for vbf tests
 
  
  ***************************************************************************************
  *                                JHU Generator v7.0.2                                 *
  ***************************************************************************************
  *                                                                                     *
  *   Spin and parity determination of single-produced resonances at hadron colliders   *
  *                                                                                     *
  *          I. Anderson, S. Bolognesi, F. Caola, Y. Gao, A. Gritsan, Z. Guo,           *
  *        C. Martin, K. Melnikov, R. Rontsch, H. Roskes, U. Sarica, M. Schulze,        *
  *                   N. Tran, A. Whitbeck, M. Xiao, C. You, Y. Zhou                    *
  *              Phys.Rev. D81 (2010) 075022;  arXiv:1001.3396  [hep-ph],               *
  *              Phys.Rev. D86 (2012) 095031;  arXiv:1208.4018  [hep-ph],               *
  *              Phys.Rev. D89 (2014) 035007;  arXiv:1309.4819  [hep-ph],               *
  *              Phys.Rev. D94 (2016) 055023;  arXiv:1606.03107 [hep-ph].               *
  *                                                                                     *
  ***************************************************************************************
  
   
   Command line: ./JHUGen Unweighted=0 VegasNc0=99999999 VegasNc1=99999999 VegasNc2=99999999 LHAPDF=NNPDF30_lo_as_0130/NNPDF30_lo_as_0130.info MReso=615 Process=60 deltaRcut=0 ghz1=0,0 ghzgs1_prime2=1,0 pTjetcut=15
   
   Input Parameter:
    Collider: P-P, sqrt(s)=13000.00
    Resonance: spin=0, mass= 615.00 width=   0.00407
    Z-boson: mass=91.188, width=2.4952
    W-boson: mass=80.399, width=2.0850
    Jet cuts:
            pT >=    15.00 GeV
         |eta| <= Infinity
        DeltaR >=     0.00
           mJJ >=     0.00 GeV
    Random seed:   413215675
    To reproduce results using this seed, JHUGen should be compiled with the same compiler:
      GNU Fortran (GCC) 4.8.2
    
    WidthScheme:   2
    LHAPDF set NNPDF30_lo_as_0130/NNPDF30_lo_as_0130.info, member=  0
    Unweighted: F
    Intermediate off-shell photons: T
    
    spin-0-VV couplings: 
      generate_as=F
      ghg2=  0.10000000E+01  0.00000000E+00i
      ghzgs1_prime2=  0.00000000E+00  0.00000000E+00i,  Lambda_zgs1=  1.0000E+04
      Lambda=  1000.0
    
    LHE output: ./data/output.lhe
    Histogram output: ./data/output.dat
    Log file: ./data/output.log
    
  Running

  Input parameters for vegas:  ndim=  9   ncall= 99999999.
                              it=    0    itmx=   15
                              acc=-1.00    
                              mds=  0     nd=  50
                              (xl,xu)= (  0.00000     ,  1.00000     )
                                       (  0.00000     ,  1.00000     )
                                       (  0.00000     ,  1.00000     )
                                       (  0.00000     ,  1.00000     )
                                       (  0.00000     ,  1.00000     )
                                       (  0.00000     ,  1.00000     )
                                       (  0.00000     ,  1.00000     )
                                       (  0.00000     ,  1.00000     )
                                       (  0.00000     ,  1.00000     )

#********** Integration by Vegas (iteration       1) ************
#                                                               *
#  integral  = 0.70945728E-05   accum. integral = 0.70945728E-05*
#  std. dev. = 0.12276920E-06   accum. std. dev = 0.12276920E-06*
#   min/max. wt. =    0.00000            0.893995E-07           *
#                                                               *
#*************   chi**2/iteration =  0.000       ****************


#********** Integration by Vegas (iteration       2) ************
#                                                               *
#  integral  = 0.16633015E-04   accum. integral = 0.71385194E-05*
#  std. dev. = 0.42306524E-05   accum. std. dev = 0.22075610E-06*
#   min/max. wt. =    0.00000            0.349018E-05           *
#                                                               *
#*************   chi**2/iteration =  8.553       ****************


#********** Integration by Vegas (iteration       3) ************
#                                                               *
#  integral  = 0.13101728E-04   accum. integral = 0.83784018E-05*
#  std. dev. = 0.44149186E-06   accum. std. dev = 0.19809780E-06*
#   min/max. wt. =    0.00000            0.341455E-06           *
#                                                               *
#*************   chi**2/iteration =  78.79       ****************


#********** Integration by Vegas (iteration       4) ************
#                                                               *
#  integral  = 0.12996779E-04   accum. integral = 0.12692238E-04*
#  std. dev. = 0.53060495E-07   accum. std. dev = 0.50972787E-07*
#   min/max. wt. =    0.00000            0.126114E-07           *
#                                                               *
#*************   chi**2/iteration =  220.8       ****************


#********** Integration by Vegas (iteration       5) ************
#                                                               *
#  integral  = 0.12991874E-04   accum. integral = 0.12974027E-04*
#  std. dev. = 0.12900766E-07   accum. std. dev = 0.12454258E-07*
#   min/max. wt. =    0.00000            0.262779E-08           *
#                                                               *
#*************   chi**2/iteration =  173.3       ****************


#********** Integration by Vegas (iteration       6) ************
#                                                               *
#  integral  = 0.12978651E-04   accum. integral = 0.12977111E-04*
#  std. dev. = 0.88303535E-08   accum. std. dev = 0.71908659E-08*
#   min/max. wt. =    0.00000            0.303200E-09           *
#                                                               *
#*************   chi**2/iteration =  138.5       ****************


#********** Integration by Vegas (iteration       7) ************
#                                                               *
#  integral  = 0.12968689E-04   accum. integral = 0.12973413E-04*
#  std. dev. = 0.81448794E-08   accum. std. dev = 0.53871822E-08*
#   min/max. wt. =    0.00000            0.435478E-09           *
#                                                               *
#*************   chi**2/iteration =  115.5       ****************


#********** Integration by Vegas (iteration       8) ************
#                                                               *
#  integral  = 0.12975756E-04   accum. integral = 0.12974163E-04*
#  std. dev. = 0.78694235E-08   accum. std. dev = 0.44432726E-08*
#   min/max. wt. =    0.00000            0.110455E-08           *
#                                                               *
#*************   chi**2/iteration =  98.94       ****************


#********** Integration by Vegas (iteration       9) ************
#                                                               *
#  integral  = 0.12969723E-04   accum. integral = 0.12973026E-04*
#  std. dev. = 0.75829095E-08   accum. std. dev = 0.38327183E-08*
#   min/max. wt. =    0.00000            0.246438E-09           *
#                                                               *
#*************   chi**2/iteration =  86.57       ****************


#********** Integration by Vegas (iteration      10) ************
#                                                               *
#  integral  = 0.12981922E-04   accum. integral = 0.12974823E-04*
#  std. dev. = 0.76352205E-08   accum. std. dev = 0.34245448E-08*
#   min/max. wt. =    0.00000            0.326059E-09           *
#                                                               *
#*************   chi**2/iteration =  77.04       ****************


#********** Integration by Vegas (iteration      11) ************
#                                                               *
#  integral  = 0.12973683E-04   accum. integral = 0.12974629E-04*
#  std. dev. = 0.75806114E-08   accum. std. dev = 0.31204982E-08*
#   min/max. wt. =    0.00000            0.345490E-09           *
#                                                               *
#*************   chi**2/iteration =  69.32       ****************


#********** Integration by Vegas (iteration      12) ************
#                                                               *
#  integral  = 0.12988090E-04   accum. integral = 0.12976586E-04*
#  std. dev. = 0.75854591E-08   accum. std. dev = 0.28854078E-08*
#   min/max. wt. =    0.00000            0.381152E-09           *
#                                                               *
#*************   chi**2/iteration =  63.24       ****************


#********** Integration by Vegas (iteration      13) ************
#                                                               *
#  integral  = 0.12971453E-04   accum. integral = 0.12975941E-04*
#  std. dev. = 0.76193965E-08   accum. std. dev = 0.26982719E-08*
#   min/max. wt. =    0.00000            0.474316E-09           *
#                                                               *
#*************   chi**2/iteration =  57.99       ****************


#********** Integration by Vegas (iteration      14) ************
#                                                               *
#  integral  = 0.12992624E-04   accum. integral = 0.12977805E-04*
#  std. dev. = 0.76265106E-08   accum. std. dev = 0.25434982E-08*
#   min/max. wt. =    0.00000            0.328784E-09           *
#                                                               *
#*************   chi**2/iteration =  53.84       ****************


#********** Integration by Vegas (iteration      15) ************
#                                                               *
#  integral  = 0.12973898E-04   accum. integral = 0.12977421E-04*
#  std. dev. = 0.77132412E-08   accum. std. dev = 0.24154832E-08*
#   min/max. wt. =    0.00000            0.554448E-09           *
#                                                               *
#*************   chi**2/iteration =  50.01       ****************

 ****************************************************
 * Writing out vegas grid to ./data/output.grid                                                      
 ****************************************************

  Input parameters for vegas:  ndim=  9   ncall= 99999999.
                              it=    0    itmx=    2
                              acc=-1.00    
                              mds=  0     nd=  50
                              (xl,xu)= (  0.00000     ,  1.00000     )
                                       (  0.00000     ,  1.00000     )
                                       (  0.00000     ,  1.00000     )
                                       (  0.00000     ,  1.00000     )
                                       (  0.00000     ,  1.00000     )
                                       (  0.00000     ,  1.00000     )
                                       (  0.00000     ,  1.00000     )
                                       (  0.00000     ,  1.00000     )
                                       (  0.00000     ,  1.00000     )

#********** Integration by Vegas (iteration       1) ************
#                                                               *
#  integral  = 0.12976422E-04   accum. integral = 0.12976422E-04*
#  std. dev. = 0.78124558E-08   accum. std. dev = 0.78124558E-08*
#   min/max. wt. =    0.00000            0.284101E-09           *
#                                                               *
#*************   chi**2/iteration = 0.8470E-06   ****************


#********** Integration by Vegas (iteration       2) ************
#                                                               *
#  integral  = 0.12997967E-04   accum. integral = 0.12987366E-04*
#  std. dev. = 0.77015226E-08   accum. std. dev = 0.54845340E-08*
#   min/max. wt. =    0.00000            0.349424E-09           *
#                                                               *
#*************   chi**2/iteration =  3.853       ****************

 Done
