SLURM job running in:  /work-zfs/lhc/heshy/JHUGen/xsecs/JHUGen/JHUGenerator
LHAPDF 6.1.5 loading /work-zfs/lhc/cms/slc6_amd64_gcc493/external/lhapdf/6.1.5-kpegke3/share/LHAPDF/NNPDF30_lo_as_0130/NNPDF30_lo_as_0130_0000.dat
NNPDF30_lo_as_0130 PDF set, member #0, version 2; LHAPDF ID = 263000
 extending no. of histograms for vbf tests
 
  
  ***************************************************************************************
  *                                JHU Generator v7.0.2                                 *
  ***************************************************************************************
  *                                                                                     *
  *   Spin and parity determination of single-produced resonances at hadron colliders   *
  *                                                                                     *
  *          I. Anderson, S. Bolognesi, F. Caola, Y. Gao, A. Gritsan, Z. Guo,           *
  *        C. Martin, K. Melnikov, R. Rontsch, H. Roskes, U. Sarica, M. Schulze,        *
  *                   N. Tran, A. Whitbeck, M. Xiao, C. You, Y. Zhou                    *
  *              Phys.Rev. D81 (2010) 075022;  arXiv:1001.3396  [hep-ph],               *
  *              Phys.Rev. D86 (2012) 095031;  arXiv:1208.4018  [hep-ph],               *
  *              Phys.Rev. D89 (2014) 035007;  arXiv:1309.4819  [hep-ph],               *
  *              Phys.Rev. D94 (2016) 055023;  arXiv:1606.03107 [hep-ph].               *
  *                                                                                     *
  ***************************************************************************************
  
   
   Command line: ./JHUGen Unweighted=0 VegasNc0=99999999 VegasNc1=99999999 VegasNc2=99999999 LHAPDF=NNPDF30_lo_as_0130/NNPDF30_lo_as_0130.info MReso=705 Process=60 deltaRcut=0 ghz1=0,0 ghzgs1_prime2=1,0 pTjetcut=15
   
   Input Parameter:
    Collider: P-P, sqrt(s)=13000.00
    Resonance: spin=0, mass= 705.00 width=   0.00407
    Z-boson: mass=91.188, width=2.4952
    W-boson: mass=80.399, width=2.0850
    Jet cuts:
            pT >=    15.00 GeV
         |eta| <= Infinity
        DeltaR >=     0.00
           mJJ >=     0.00 GeV
    Random seed:   387959951
    To reproduce results using this seed, JHUGen should be compiled with the same compiler:
      GNU Fortran (GCC) 4.8.2
    
    WidthScheme:   2
    LHAPDF set NNPDF30_lo_as_0130/NNPDF30_lo_as_0130.info, member=  0
    Unweighted: F
    Intermediate off-shell photons: T
    
    spin-0-VV couplings: 
      generate_as=F
      ghg2=  0.10000000E+01  0.00000000E+00i
      ghzgs1_prime2=  0.00000000E+00  0.00000000E+00i,  Lambda_zgs1=  1.0000E+04
      Lambda=  1000.0
    
    LHE output: ./data/output.lhe
    Histogram output: ./data/output.dat
    Log file: ./data/output.log
    
  Running

  Input parameters for vegas:  ndim=  9   ncall= 99999999.
                              it=    0    itmx=   15
                              acc=-1.00    
                              mds=  0     nd=  50
                              (xl,xu)= (  0.00000     ,  1.00000     )
                                       (  0.00000     ,  1.00000     )
                                       (  0.00000     ,  1.00000     )
                                       (  0.00000     ,  1.00000     )
                                       (  0.00000     ,  1.00000     )
                                       (  0.00000     ,  1.00000     )
                                       (  0.00000     ,  1.00000     )
                                       (  0.00000     ,  1.00000     )
                                       (  0.00000     ,  1.00000     )

#********** Integration by Vegas (iteration       1) ************
#                                                               *
#  integral  = 0.68371539E-05   accum. integral = 0.68371539E-05*
#  std. dev. = 0.74847384E-06   accum. std. dev = 0.74847384E-06*
#   min/max. wt. =    0.00000            0.619046E-06           *
#                                                               *
#*************   chi**2/iteration = 0.1154E-10   ****************


#********** Integration by Vegas (iteration       2) ************
#                                                               *
#  integral  = 0.80807303E-05   accum. integral = 0.79192798E-05*
#  std. dev. = 0.34169040E-06   accum. std. dev = 0.29523362E-06*
#   min/max. wt. =    0.00000            0.186409E-06           *
#                                                               *
#*************   chi**2/iteration =  2.002       ****************


#********** Integration by Vegas (iteration       3) ************
#                                                               *
#  integral  = 0.10171252E-04   accum. integral = 0.99320882E-05*
#  std. dev. = 0.13829471E-06   accum. std. dev = 0.10894646E-06*
#   min/max. wt. =    0.00000            0.589453E-07           *
#                                                               *
#*************   chi**2/iteration =  21.05       ****************


#********** Integration by Vegas (iteration       4) ************
#                                                               *
#  integral  = 0.10504458E-04   accum. integral = 0.10487447E-04*
#  std. dev. = 0.23632057E-07   accum. std. dev = 0.20000944E-07*
#   min/max. wt. =    0.00000            0.691539E-08           *
#                                                               *
#*************   chi**2/iteration =  20.25       ****************


#********** Integration by Vegas (iteration       5) ************
#                                                               *
#  integral  = 0.10543947E-04   accum. integral = 0.10535892E-04*
#  std. dev. = 0.95276068E-08   accum. std. dev = 0.78225071E-08*
#   min/max. wt. =    0.00000            0.111472E-08           *
#                                                               *
#*************   chi**2/iteration =  15.75       ****************


#********** Integration by Vegas (iteration       6) ************
#                                                               *
#  integral  = 0.10552774E-04   accum. integral = 0.10546247E-04*
#  std. dev. = 0.70101449E-08   accum. std. dev = 0.49738106E-08*
#   min/max. wt. =    0.00000            0.282096E-09           *
#                                                               *
#*************   chi**2/iteration =  12.59       ****************


#********** Integration by Vegas (iteration       7) ************
#                                                               *
#  integral  = 0.10545599E-04   accum. integral = 0.10545972E-04*
#  std. dev. = 0.63910925E-08   accum. std. dev = 0.38319309E-08*
#   min/max. wt. =    0.00000            0.307878E-09           *
#                                                               *
#*************   chi**2/iteration =  10.18       ****************


#********** Integration by Vegas (iteration       8) ************
#                                                               *
#  integral  = 0.10545487E-04   accum. integral = 0.10545823E-04*
#  std. dev. = 0.62464765E-08   accum. std. dev = 0.32244054E-08*
#   min/max. wt. =    0.00000            0.377758E-09           *
#                                                               *
#*************   chi**2/iteration =  8.536       ****************


#********** Integration by Vegas (iteration       9) ************
#                                                               *
#  integral  = 0.10551384E-04   accum. integral = 0.10547174E-04*
#  std. dev. = 0.61190040E-08   accum. std. dev = 0.28297104E-08*
#   min/max. wt. =    0.00000            0.507345E-09           *
#                                                               *
#*************   chi**2/iteration =  7.431       ****************


#********** Integration by Vegas (iteration      10) ************
#                                                               *
#  integral  = 0.10550892E-04   accum. integral = 0.10547908E-04*
#  std. dev. = 0.60774408E-08   accum. std. dev = 0.25519496E-08*
#   min/max. wt. =    0.00000            0.305041E-09           *
#                                                               *
#*************   chi**2/iteration =  6.554       ****************


#********** Integration by Vegas (iteration      11) ************
#                                                               *
#  integral  = 0.10568307E-04   accum. integral = 0.10551302E-04*
#  std. dev. = 0.60565855E-08   accum. std. dev = 0.23431148E-08*
#   min/max. wt. =    0.00000            0.376593E-09           *
#                                                               *
#*************   chi**2/iteration =  6.884       ****************


#********** Integration by Vegas (iteration      12) ************
#                                                               *
#  integral  = 0.10551312E-04   accum. integral = 0.10551304E-04*
#  std. dev. = 0.61146133E-08   accum. std. dev = 0.21827502E-08*
#   min/max. wt. =    0.00000            0.187600E-09           *
#                                                               *
#*************   chi**2/iteration =  6.202       ****************


#********** Integration by Vegas (iteration      13) ************
#                                                               *
#  integral  = 0.10547805E-04   accum. integral = 0.10550879E-04*
#  std. dev. = 0.61487430E-08   accum. std. dev = 0.20535114E-08*
#   min/max. wt. =    0.00000            0.257468E-09           *
#                                                               *
#*************   chi**2/iteration =  5.669       ****************


#********** Integration by Vegas (iteration      14) ************
#                                                               *
#  integral  = 0.10542196E-04   accum. integral = 0.10549954E-04*
#  std. dev. = 0.62057132E-08   accum. std. dev = 0.19472221E-08*
#   min/max. wt. =    0.00000            0.342139E-09           *
#                                                               *
#*************   chi**2/iteration =  5.346       ****************


#********** Integration by Vegas (iteration      15) ************
#                                                               *
#  integral  = 0.10556180E-04   accum. integral = 0.10550548E-04*
#  std. dev. = 0.62417607E-08   accum. std. dev = 0.18571542E-08*
#   min/max. wt. =    0.00000            0.193643E-09           *
#                                                               *
#*************   chi**2/iteration =  5.005       ****************

 ****************************************************
 * Writing out vegas grid to ./data/output.grid                                                      
 ****************************************************

  Input parameters for vegas:  ndim=  9   ncall= 99999999.
                              it=    0    itmx=    2
                              acc=-1.00    
                              mds=  0     nd=  50
                              (xl,xu)= (  0.00000     ,  1.00000     )
                                       (  0.00000     ,  1.00000     )
                                       (  0.00000     ,  1.00000     )
                                       (  0.00000     ,  1.00000     )
                                       (  0.00000     ,  1.00000     )
                                       (  0.00000     ,  1.00000     )
                                       (  0.00000     ,  1.00000     )
                                       (  0.00000     ,  1.00000     )
                                       (  0.00000     ,  1.00000     )

#********** Integration by Vegas (iteration       1) ************
#                                                               *
#  integral  = 0.10549111E-04   accum. integral = 0.10549111E-04*
#  std. dev. = 0.62779020E-08   accum. std. dev = 0.62779020E-08*
#   min/max. wt. =    0.00000            0.378234E-09           *
#                                                               *
#*************   chi**2/iteration = -.3279E-06   ****************


#********** Integration by Vegas (iteration       2) ************
#                                                               *
#  integral  = 0.10552136E-04   accum. integral = 0.10550622E-04*
#  std. dev. = 0.62883144E-08   accum. std. dev = 0.44428249E-08*
#   min/max. wt. =    0.00000            0.240796E-09           *
#                                                               *
#*************   chi**2/iteration = 0.1157       ****************

 Done
