SLURM job running in:  /work-zfs/lhc/heshy/JHUGen/xsecs/JHUGen/JHUGenerator
LHAPDF 6.1.5 loading /work-zfs/lhc/cms/slc6_amd64_gcc493/external/lhapdf/6.1.5-kpegke3/share/LHAPDF/NNPDF30_lo_as_0130/NNPDF30_lo_as_0130_0000.dat
NNPDF30_lo_as_0130 PDF set, member #0, version 2; LHAPDF ID = 263000
 extending no. of histograms for vbf tests
 
  
  ***************************************************************************************
  *                                JHU Generator v7.0.2                                 *
  ***************************************************************************************
  *                                                                                     *
  *   Spin and parity determination of single-produced resonances at hadron colliders   *
  *                                                                                     *
  *          I. Anderson, S. Bolognesi, F. Caola, Y. Gao, A. Gritsan, Z. Guo,           *
  *        C. Martin, K. Melnikov, R. Rontsch, H. Roskes, U. Sarica, M. Schulze,        *
  *                   N. Tran, A. Whitbeck, M. Xiao, C. You, Y. Zhou                    *
  *              Phys.Rev. D81 (2010) 075022;  arXiv:1001.3396  [hep-ph],               *
  *              Phys.Rev. D86 (2012) 095031;  arXiv:1208.4018  [hep-ph],               *
  *              Phys.Rev. D89 (2014) 035007;  arXiv:1309.4819  [hep-ph],               *
  *              Phys.Rev. D94 (2016) 055023;  arXiv:1606.03107 [hep-ph].               *
  *                                                                                     *
  ***************************************************************************************
  
   
   Command line: ./JHUGen Unweighted=0 VegasNc0=99999999 VegasNc1=99999999 VegasNc2=99999999 LHAPDF=NNPDF30_lo_as_0130/NNPDF30_lo_as_0130.info MReso=725 Process=60 deltaRcut=0 ghz1=0,0 ghzgs1_prime2=1,0 pTjetcut=15
   
   Input Parameter:
    Collider: P-P, sqrt(s)=13000.00
    Resonance: spin=0, mass= 725.00 width=   0.00407
    Z-boson: mass=91.188, width=2.4952
    W-boson: mass=80.399, width=2.0850
    Jet cuts:
            pT >=    15.00 GeV
         |eta| <= Infinity
        DeltaR >=     0.00
           mJJ >=     0.00 GeV
    Random seed:    24148171
    To reproduce results using this seed, JHUGen should be compiled with the same compiler:
      GNU Fortran (GCC) 4.8.2
    
    WidthScheme:   2
    LHAPDF set NNPDF30_lo_as_0130/NNPDF30_lo_as_0130.info, member=  0
    Unweighted: F
    Intermediate off-shell photons: T
    
    spin-0-VV couplings: 
      generate_as=F
      ghg2=  0.10000000E+01  0.00000000E+00i
      ghzgs1_prime2=  0.00000000E+00  0.00000000E+00i,  Lambda_zgs1=  1.0000E+04
      Lambda=  1000.0
    
    LHE output: ./data/output.lhe
    Histogram output: ./data/output.dat
    Log file: ./data/output.log
    
  Running

  Input parameters for vegas:  ndim=  9   ncall= 99999999.
                              it=    0    itmx=   15
                              acc=-1.00    
                              mds=  0     nd=  50
                              (xl,xu)= (  0.00000     ,  1.00000     )
                                       (  0.00000     ,  1.00000     )
                                       (  0.00000     ,  1.00000     )
                                       (  0.00000     ,  1.00000     )
                                       (  0.00000     ,  1.00000     )
                                       (  0.00000     ,  1.00000     )
                                       (  0.00000     ,  1.00000     )
                                       (  0.00000     ,  1.00000     )
                                       (  0.00000     ,  1.00000     )

#********** Integration by Vegas (iteration       1) ************
#                                                               *
#  integral  = 0.11380886E-04   accum. integral = 0.11380886E-04*
#  std. dev. = 0.52029553E-05   accum. std. dev = 0.52029553E-05*
#   min/max. wt. =    0.00000            0.519081E-05           *
#                                                               *
#*************   chi**2/iteration =  0.000       ****************


#********** Integration by Vegas (iteration       2) ************
#                                                               *
#  integral  = 0.10423801E-04   accum. integral = 0.10622570E-04*
#  std. dev. = 0.24397713E-05   accum. std. dev = 0.22735825E-05*
#   min/max. wt. =    0.00000            0.188080E-05           *
#                                                               *
#*************   chi**2/iteration = 0.2913E-01   ****************


#********** Integration by Vegas (iteration       3) ************
#                                                               *
#  integral  = 0.99998685E-05   accum. integral = 0.10027557E-04*
#  std. dev. = 0.44941999E-06   accum. std. dev = 0.46643721E-06*
#   min/max. wt. =    0.00000            0.296130E-06           *
#                                                               *
#*************   chi**2/iteration = 0.5324E-01   ****************


#********** Integration by Vegas (iteration       4) ************
#                                                               *
#  integral  = 0.10102985E-04   accum. integral = 0.10102457E-04*
#  std. dev. = 0.37286360E-07   accum. std. dev = 0.38582629E-07*
#   min/max. wt. =    0.00000            0.784631E-08           *
#                                                               *
#*************   chi**2/iteration = 0.4522E-01   ****************


#********** Integration by Vegas (iteration       5) ************
#                                                               *
#  integral  = 0.10085901E-04   accum. integral = 0.10087116E-04*
#  std. dev. = 0.10439521E-07   accum. std. dev = 0.10373292E-07*
#   min/max. wt. =    0.00000            0.443050E-08           *
#                                                               *
#*************   chi**2/iteration = 0.7774E-01   ****************


#********** Integration by Vegas (iteration       6) ************
#                                                               *
#  integral  = 0.10074280E-04   accum. integral = 0.10078537E-04*
#  std. dev. = 0.70701375E-08   accum. std. dev = 0.59417540E-08*
#   min/max. wt. =    0.00000            0.260973E-09           *
#                                                               *
#*************   chi**2/iteration = 0.2697       ****************


#********** Integration by Vegas (iteration       7) ************
#                                                               *
#  integral  = 0.10075255E-04   accum. integral = 0.10076995E-04*
#  std. dev. = 0.61430315E-08   accum. std. dev = 0.43105564E-08*
#   min/max. wt. =    0.00000            0.287363E-09           *
#                                                               *
#*************   chi**2/iteration = 0.2505       ****************


#********** Integration by Vegas (iteration       8) ************
#                                                               *
#  integral  = 0.10084704E-04   accum. integral = 0.10079654E-04*
#  std. dev. = 0.58069527E-08   accum. std. dev = 0.34791042E-08*
#   min/max. wt. =    0.00000            0.176451E-09           *
#                                                               *
#*************   chi**2/iteration = 0.3744       ****************


#********** Integration by Vegas (iteration       9) ************
#                                                               *
#  integral  = 0.10088007E-04   accum. integral = 0.10081795E-04*
#  std. dev. = 0.58113428E-08   accum. std. dev = 0.29938870E-08*
#   min/max. wt. =    0.00000            0.328528E-09           *
#                                                               *
#*************   chi**2/iteration = 0.5144       ****************


#********** Integration by Vegas (iteration      10) ************
#                                                               *
#  integral  = 0.10081026E-04   accum. integral = 0.10081636E-04*
#  std. dev. = 0.57667076E-08   accum. std. dev = 0.26624845E-08*
#   min/max. wt. =    0.00000            0.259018E-09           *
#                                                               *
#*************   chi**2/iteration = 0.4604       ****************


#********** Integration by Vegas (iteration      11) ************
#                                                               *
#  integral  = 0.10081920E-04   accum. integral = 0.10081685E-04*
#  std. dev. = 0.57463008E-08   accum. std. dev = 0.24191062E-08*
#   min/max. wt. =    0.00000            0.173675E-09           *
#                                                               *
#*************   chi**2/iteration = 0.4158       ****************


#********** Integration by Vegas (iteration      12) ************
#                                                               *
#  integral  = 0.10087631E-04   accum. integral = 0.10082543E-04*
#  std. dev. = 0.58079341E-08   accum. std. dev = 0.22351701E-08*
#   min/max. wt. =    0.00000            0.279014E-09           *
#                                                               *
#*************   chi**2/iteration = 0.4583       ****************


#********** Integration by Vegas (iteration      13) ************
#                                                               *
#  integral  = 0.10088382E-04   accum. integral = 0.10083291E-04*
#  std. dev. = 0.57569058E-08   accum. std. dev = 0.20850823E-08*
#   min/max. wt. =    0.00000            0.174335E-09           *
#                                                               *
#*************   chi**2/iteration = 0.4939       ****************


#********** Integration by Vegas (iteration      14) ************
#                                                               *
#  integral  = 0.10076888E-04   accum. integral = 0.10082593E-04*
#  std. dev. = 0.58847100E-08   accum. std. dev = 0.19663853E-08*
#   min/max. wt. =    0.00000            0.268742E-09           *
#                                                               *
#*************   chi**2/iteration = 0.5359       ****************


#********** Integration by Vegas (iteration      15) ************
#                                                               *
#  integral  = 0.10078611E-04   accum. integral = 0.10082210E-04*
#  std. dev. = 0.59573944E-08   accum. std. dev = 0.18679981E-08*
#   min/max. wt. =    0.00000            0.313444E-09           *
#                                                               *
#*************   chi**2/iteration = 0.5267       ****************

 ****************************************************
 * Writing out vegas grid to ./data/output.grid                                                      
 ****************************************************

  Input parameters for vegas:  ndim=  9   ncall= 99999999.
                              it=    0    itmx=    2
                              acc=-1.00    
                              mds=  0     nd=  50
                              (xl,xu)= (  0.00000     ,  1.00000     )
                                       (  0.00000     ,  1.00000     )
                                       (  0.00000     ,  1.00000     )
                                       (  0.00000     ,  1.00000     )
                                       (  0.00000     ,  1.00000     )
                                       (  0.00000     ,  1.00000     )
                                       (  0.00000     ,  1.00000     )
                                       (  0.00000     ,  1.00000     )
                                       (  0.00000     ,  1.00000     )

#********** Integration by Vegas (iteration       1) ************
#                                                               *
#  integral  = 0.10081967E-04   accum. integral = 0.10081967E-04*
#  std. dev. = 0.59655517E-08   accum. std. dev = 0.59655517E-08*
#   min/max. wt. =    0.00000            0.280887E-09           *
#                                                               *
#*************   chi**2/iteration =  0.000       ****************


#********** Integration by Vegas (iteration       2) ************
#                                                               *
#  integral  = 0.10088434E-04   accum. integral = 0.10085191E-04*
#  std. dev. = 0.59870373E-08   accum. std. dev = 0.42258628E-08*
#   min/max. wt. =    0.00000            0.268188E-09           *
#                                                               *
#*************   chi**2/iteration = 0.5850       ****************

 Done
