SLURM job running in:  /work-zfs/lhc/heshy/JHUGen/xsecs/JHUGen/JHUGenerator
LHAPDF 6.1.5 loading /work-zfs/lhc/cms/slc6_amd64_gcc493/external/lhapdf/6.1.5-kpegke3/share/LHAPDF/NNPDF30_lo_as_0130/NNPDF30_lo_as_0130_0000.dat
NNPDF30_lo_as_0130 PDF set, member #0, version 2; LHAPDF ID = 263000
 extending no. of histograms for vbf tests
 
  
  ***************************************************************************************
  *                                JHU Generator v7.0.2                                 *
  ***************************************************************************************
  *                                                                                     *
  *   Spin and parity determination of single-produced resonances at hadron colliders   *
  *                                                                                     *
  *          I. Anderson, S. Bolognesi, F. Caola, Y. Gao, A. Gritsan, Z. Guo,           *
  *        C. Martin, K. Melnikov, R. Rontsch, H. Roskes, U. Sarica, M. Schulze,        *
  *                   N. Tran, A. Whitbeck, M. Xiao, C. You, Y. Zhou                    *
  *              Phys.Rev. D81 (2010) 075022;  arXiv:1001.3396  [hep-ph],               *
  *              Phys.Rev. D86 (2012) 095031;  arXiv:1208.4018  [hep-ph],               *
  *              Phys.Rev. D89 (2014) 035007;  arXiv:1309.4819  [hep-ph],               *
  *              Phys.Rev. D94 (2016) 055023;  arXiv:1606.03107 [hep-ph].               *
  *                                                                                     *
  ***************************************************************************************
  
   
   Command line: ./JHUGen Unweighted=0 VegasNc0=99999999 VegasNc1=99999999 VegasNc2=99999999 LHAPDF=NNPDF30_lo_as_0130/NNPDF30_lo_as_0130.info MReso=735 Process=60 deltaRcut=0 ghz1=0,0 ghzgs1_prime2=1,0 pTjetcut=15
   
   Input Parameter:
    Collider: P-P, sqrt(s)=13000.00
    Resonance: spin=0, mass= 735.00 width=   0.00407
    Z-boson: mass=91.188, width=2.4952
    W-boson: mass=80.399, width=2.0850
    Jet cuts:
            pT >=    15.00 GeV
         |eta| <= Infinity
        DeltaR >=     0.00
           mJJ >=     0.00 GeV
    Random seed:   937821223
    To reproduce results using this seed, JHUGen should be compiled with the same compiler:
      GNU Fortran (GCC) 4.8.2
    
    WidthScheme:   2
    LHAPDF set NNPDF30_lo_as_0130/NNPDF30_lo_as_0130.info, member=  0
    Unweighted: F
    Intermediate off-shell photons: T
    
    spin-0-VV couplings: 
      generate_as=F
      ghg2=  0.10000000E+01  0.00000000E+00i
      ghzgs1_prime2=  0.00000000E+00  0.00000000E+00i,  Lambda_zgs1=  1.0000E+04
      Lambda=  1000.0
    
    LHE output: ./data/output.lhe
    Histogram output: ./data/output.dat
    Log file: ./data/output.log
    
  Running

  Input parameters for vegas:  ndim=  9   ncall= 99999999.
                              it=    0    itmx=   15
                              acc=-1.00    
                              mds=  0     nd=  50
                              (xl,xu)= (  0.00000     ,  1.00000     )
                                       (  0.00000     ,  1.00000     )
                                       (  0.00000     ,  1.00000     )
                                       (  0.00000     ,  1.00000     )
                                       (  0.00000     ,  1.00000     )
                                       (  0.00000     ,  1.00000     )
                                       (  0.00000     ,  1.00000     )
                                       (  0.00000     ,  1.00000     )
                                       (  0.00000     ,  1.00000     )

#********** Integration by Vegas (iteration       1) ************
#                                                               *
#  integral  = 0.54926416E-05   accum. integral = 0.54926416E-05*
#  std. dev. = 0.23260301E-06   accum. std. dev = 0.23260301E-06*
#   min/max. wt. =    0.00000            0.218085E-06           *
#                                                               *
#*************   chi**2/iteration =  0.000       ****************


#********** Integration by Vegas (iteration       2) ************
#                                                               *
#  integral  = 0.82347666E-05   accum. integral = 0.63724284E-05*
#  std. dev. = 0.50737131E-06   accum. std. dev = 0.24427247E-06*
#   min/max. wt. =    0.00000            0.266036E-06           *
#                                                               *
#*************   chi**2/iteration =  27.43       ****************


#********** Integration by Vegas (iteration       3) ************
#                                                               *
#  integral  = 0.97276841E-05   accum. integral = 0.90910061E-05*
#  std. dev. = 0.16429267E-06   accum. std. dev = 0.12181302E-06*
#   min/max. wt. =    0.00000            0.708487E-07           *
#                                                               *
#*************   chi**2/iteration =  68.77       ****************


#********** Integration by Vegas (iteration       4) ************
#                                                               *
#  integral  = 0.98399609E-05   accum. integral = 0.98244845E-05*
#  std. dev. = 0.21729552E-07   accum. std. dev = 0.18589488E-07*
#   min/max. wt. =    0.00000            0.521264E-08           *
#                                                               *
#*************   chi**2/iteration =  51.63       ****************


#********** Integration by Vegas (iteration       5) ************
#                                                               *
#  integral  = 0.98573415E-05   accum. integral = 0.98527870E-05*
#  std. dev. = 0.86414465E-08   accum. std. dev = 0.71543773E-08*
#   min/max. wt. =    0.00000            0.629839E-09           *
#                                                               *
#*************   chi**2/iteration =  36.87       ****************


#********** Integration by Vegas (iteration       6) ************
#                                                               *
#  integral  = 0.98661468E-05   accum. integral = 0.98607376E-05*
#  std. dev. = 0.66212368E-08   accum. std. dev = 0.46495668E-08*
#   min/max. wt. =    0.00000            0.525801E-09           *
#                                                               *
#*************   chi**2/iteration =  28.67       ****************


#********** Integration by Vegas (iteration       7) ************
#                                                               *
#  integral  = 0.98572854E-05   accum. integral = 0.98593016E-05*
#  std. dev. = 0.60468697E-08   accum. std. dev = 0.36048434E-08*
#   min/max. wt. =    0.00000            0.185480E-09           *
#                                                               *
#*************   chi**2/iteration =  23.25       ****************


#********** Integration by Vegas (iteration       8) ************
#                                                               *
#  integral  = 0.98717785E-05   accum. integral = 0.98631318E-05*
#  std. dev. = 0.58683110E-08   accum. std. dev = 0.30333798E-08*
#   min/max. wt. =    0.00000            0.364702E-09           *
#                                                               *
#*************   chi**2/iteration =  20.02       ****************


#********** Integration by Vegas (iteration       9) ************
#                                                               *
#  integral  = 0.98550430E-05   accum. integral = 0.98611729E-05*
#  std. dev. = 0.57419003E-08   accum. std. dev = 0.26618439E-08*
#   min/max. wt. =    0.00000            0.245215E-09           *
#                                                               *
#*************   chi**2/iteration =  17.45       ****************


#********** Integration by Vegas (iteration      10) ************
#                                                               *
#  integral  = 0.98674448E-05   accum. integral = 0.98624263E-05*
#  std. dev. = 0.56611150E-08   accum. std. dev = 0.23964434E-08*
#   min/max. wt. =    0.00000            0.355821E-09           *
#                                                               *
#*************   chi**2/iteration =  15.44       ****************


#********** Integration by Vegas (iteration      11) ************
#                                                               *
#  integral  = 0.98641432E-05   accum. integral = 0.98627018E-05*
#  std. dev. = 0.57873889E-08   accum. std. dev = 0.22072046E-08*
#   min/max. wt. =    0.00000            0.553105E-09           *
#                                                               *
#*************   chi**2/iteration =  13.76       ****************


#********** Integration by Vegas (iteration      12) ************
#                                                               *
#  integral  = 0.98509847E-05   accum. integral = 0.98610512E-05*
#  std. dev. = 0.57170629E-08   accum. std. dev = 0.20543539E-08*
#   min/max. wt. =    0.00000            0.270547E-09           *
#                                                               *
#*************   chi**2/iteration =  12.76       ****************


#********** Integration by Vegas (iteration      13) ************
#                                                               *
#  integral  = 0.98680309E-05   accum. integral = 0.98619095E-05*
#  std. dev. = 0.57404519E-08   accum. std. dev = 0.19309012E-08*
#   min/max. wt. =    0.00000            0.320369E-09           *
#                                                               *
#*************   chi**2/iteration =  11.73       ****************


#********** Integration by Vegas (iteration      14) ************
#                                                               *
#  integral  = 0.98611156E-05   accum. integral = 0.98618242E-05*
#  std. dev. = 0.57972826E-08   accum. std. dev = 0.18297541E-08*
#   min/max. wt. =    0.00000            0.405554E-09           *
#                                                               *
#*************   chi**2/iteration =  10.77       ****************


#********** Integration by Vegas (iteration      15) ************
#                                                               *
#  integral  = 0.98550117E-05   accum. integral = 0.98611460E-05*
#  std. dev. = 0.57120456E-08   accum. std. dev = 0.17407653E-08*
#   min/max. wt. =    0.00000            0.193020E-09           *
#                                                               *
#*************   chi**2/iteration =  10.04       ****************

 ****************************************************
 * Writing out vegas grid to ./data/output.grid                                                      
 ****************************************************

  Input parameters for vegas:  ndim=  9   ncall= 99999999.
                              it=    0    itmx=    2
                              acc=-1.00    
                              mds=  0     nd=  50
                              (xl,xu)= (  0.00000     ,  1.00000     )
                                       (  0.00000     ,  1.00000     )
                                       (  0.00000     ,  1.00000     )
                                       (  0.00000     ,  1.00000     )
                                       (  0.00000     ,  1.00000     )
                                       (  0.00000     ,  1.00000     )
                                       (  0.00000     ,  1.00000     )
                                       (  0.00000     ,  1.00000     )
                                       (  0.00000     ,  1.00000     )

#********** Integration by Vegas (iteration       1) ************
#                                                               *
#  integral  = 0.98594311E-05   accum. integral = 0.98594311E-05*
#  std. dev. = 0.57315173E-08   accum. std. dev = 0.57315173E-08*
#   min/max. wt. =    0.00000            0.327546E-09           *
#                                                               *
#*************   chi**2/iteration = 0.3934E-06   ****************


#********** Integration by Vegas (iteration       2) ************
#                                                               *
#  integral  = 0.98628358E-05   accum. integral = 0.98611317E-05*
#  std. dev. = 0.57394281E-08   accum. std. dev = 0.40555897E-08*
#   min/max. wt. =    0.00000            0.228233E-09           *
#                                                               *
#*************   chi**2/iteration = 0.1760       ****************

 Done
