SLURM job running in:  /work-zfs/lhc/heshy/JHUGen/xsecs/JHUGen/JHUGenerator
LHAPDF 6.1.5 loading /work-zfs/lhc/cms/slc6_amd64_gcc493/external/lhapdf/6.1.5-kpegke3/share/LHAPDF/NNPDF30_lo_as_0130/NNPDF30_lo_as_0130_0000.dat
NNPDF30_lo_as_0130 PDF set, member #0, version 2; LHAPDF ID = 263000
 extending no. of histograms for vbf tests
 
  
  ***************************************************************************************
  *                                JHU Generator v7.0.2                                 *
  ***************************************************************************************
  *                                                                                     *
  *   Spin and parity determination of single-produced resonances at hadron colliders   *
  *                                                                                     *
  *          I. Anderson, S. Bolognesi, F. Caola, Y. Gao, A. Gritsan, Z. Guo,           *
  *        C. Martin, K. Melnikov, R. Rontsch, H. Roskes, U. Sarica, M. Schulze,        *
  *                   N. Tran, A. Whitbeck, M. Xiao, C. You, Y. Zhou                    *
  *              Phys.Rev. D81 (2010) 075022;  arXiv:1001.3396  [hep-ph],               *
  *              Phys.Rev. D86 (2012) 095031;  arXiv:1208.4018  [hep-ph],               *
  *              Phys.Rev. D89 (2014) 035007;  arXiv:1309.4819  [hep-ph],               *
  *              Phys.Rev. D94 (2016) 055023;  arXiv:1606.03107 [hep-ph].               *
  *                                                                                     *
  ***************************************************************************************
  
   
   Command line: ./JHUGen Unweighted=0 VegasNc0=99999999 VegasNc1=99999999 VegasNc2=99999999 LHAPDF=NNPDF30_lo_as_0130/NNPDF30_lo_as_0130.info MReso=785 Process=60 deltaRcut=0 ghz1=0,0 ghzgs1_prime2=1,0 pTjetcut=15
   
   Input Parameter:
    Collider: P-P, sqrt(s)=13000.00
    Resonance: spin=0, mass= 785.00 width=   0.00407
    Z-boson: mass=91.188, width=2.4952
    W-boson: mass=80.399, width=2.0850
    Jet cuts:
            pT >=    15.00 GeV
         |eta| <= Infinity
        DeltaR >=     0.00
           mJJ >=     0.00 GeV
    Random seed:   771447160
    To reproduce results using this seed, JHUGen should be compiled with the same compiler:
      GNU Fortran (GCC) 4.8.2
    
    WidthScheme:   2
    LHAPDF set NNPDF30_lo_as_0130/NNPDF30_lo_as_0130.info, member=  0
    Unweighted: F
    Intermediate off-shell photons: T
    
    spin-0-VV couplings: 
      generate_as=F
      ghg2=  0.10000000E+01  0.00000000E+00i
      ghzgs1_prime2=  0.00000000E+00  0.00000000E+00i,  Lambda_zgs1=  1.0000E+04
      Lambda=  1000.0
    
    LHE output: ./data/output.lhe
    Histogram output: ./data/output.dat
    Log file: ./data/output.log
    
  Running

  Input parameters for vegas:  ndim=  9   ncall= 99999999.
                              it=    0    itmx=   15
                              acc=-1.00    
                              mds=  0     nd=  50
                              (xl,xu)= (  0.00000     ,  1.00000     )
                                       (  0.00000     ,  1.00000     )
                                       (  0.00000     ,  1.00000     )
                                       (  0.00000     ,  1.00000     )
                                       (  0.00000     ,  1.00000     )
                                       (  0.00000     ,  1.00000     )
                                       (  0.00000     ,  1.00000     )
                                       (  0.00000     ,  1.00000     )
                                       (  0.00000     ,  1.00000     )

#********** Integration by Vegas (iteration       1) ************
#                                                               *
#  integral  = 0.52157970E-05   accum. integral = 0.52157970E-05*
#  std. dev. = 0.32020711E-06   accum. std. dev = 0.32020711E-06*
#   min/max. wt. =    0.00000            0.228481E-06           *
#                                                               *
#*************   chi**2/iteration =  0.000       ****************


#********** Integration by Vegas (iteration       2) ************
#                                                               *
#  integral  = 0.64620114E-05   accum. integral = 0.56215425E-05*
#  std. dev. = 0.57096827E-06   accum. std. dev = 0.29605000E-06*
#   min/max. wt. =    0.00000            0.547387E-06           *
#                                                               *
#*************   chi**2/iteration =  3.887       ****************


#********** Integration by Vegas (iteration       3) ************
#                                                               *
#  integral  = 0.85642234E-05   accum. integral = 0.73419546E-05*
#  std. dev. = 0.36394005E-06   accum. std. dev = 0.22378997E-06*
#   min/max. wt. =    0.00000            0.292714E-06           *
#                                                               *
#*************   chi**2/iteration =  22.40       ****************


#********** Integration by Vegas (iteration       4) ************
#                                                               *
#  integral  = 0.88476146E-05   accum. integral = 0.88178552E-05*
#  std. dev. = 0.40822164E-07   accum. std. dev = 0.33923152E-07*
#   min/max. wt. =    0.00000            0.105151E-07           *
#                                                               *
#*************   chi**2/iteration =  25.56       ****************


#********** Integration by Vegas (iteration       5) ************
#                                                               *
#  integral  = 0.88164109E-05   accum. integral = 0.88164861E-05*
#  std. dev. = 0.94356475E-08   accum. std. dev = 0.80487919E-08*
#   min/max. wt. =    0.00000            0.841768E-09           *
#                                                               *
#*************   chi**2/iteration =  17.72       ****************


#********** Integration by Vegas (iteration       6) ************
#                                                               *
#  integral  = 0.88216084E-05   accum. integral = 0.88200749E-05*
#  std. dev. = 0.60090772E-08   accum. std. dev = 0.45143511E-08*
#   min/max. wt. =    0.00000            0.299430E-09           *
#                                                               *
#*************   chi**2/iteration =  13.55       ****************


#********** Integration by Vegas (iteration       7) ************
#                                                               *
#  integral  = 0.88141061E-05   accum. integral = 0.88173101E-05*
#  std. dev. = 0.54098720E-08   accum. std. dev = 0.33635247E-08*
#   min/max. wt. =    0.00000            0.546487E-09           *
#                                                               *
#*************   chi**2/iteration =  11.05       ****************


#********** Integration by Vegas (iteration       8) ************
#                                                               *
#  integral  = 0.88199069E-05   accum. integral = 0.88181757E-05*
#  std. dev. = 0.52102838E-08   accum. std. dev = 0.27803675E-08*
#   min/max. wt. =    0.00000            0.442142E-09           *
#                                                               *
#*************   chi**2/iteration =  9.267       ****************


#********** Integration by Vegas (iteration       9) ************
#                                                               *
#  integral  = 0.88230868E-05   accum. integral = 0.88194413E-05*
#  std. dev. = 0.51074180E-08   accum. std. dev = 0.24181898E-08*
#   min/max. wt. =    0.00000            0.174716E-09           *
#                                                               *
#*************   chi**2/iteration =  8.056       ****************


#********** Integration by Vegas (iteration      10) ************
#                                                               *
#  integral  = 0.88135302E-05   accum. integral = 0.88182188E-05*
#  std. dev. = 0.50720846E-08   accum. std. dev = 0.21694457E-08*
#   min/max. wt. =    0.00000            0.139122E-09           *
#                                                               *
#*************   chi**2/iteration =  7.192       ****************


#********** Integration by Vegas (iteration      11) ************
#                                                               *
#  integral  = 0.88256143E-05   accum. integral = 0.88194908E-05*
#  std. dev. = 0.50680239E-08   accum. std. dev = 0.19860380E-08*
#   min/max. wt. =    0.00000            0.216537E-09           *
#                                                               *
#*************   chi**2/iteration =  6.593       ****************


#********** Integration by Vegas (iteration      12) ************
#                                                               *
#  integral  = 0.88105470E-05   accum. integral = 0.88181730E-05*
#  std. dev. = 0.50474539E-08   accum. std. dev = 0.18427513E-08*
#   min/max. wt. =    0.00000            0.382283E-09           *
#                                                               *
#*************   chi**2/iteration =  6.205       ****************


#********** Integration by Vegas (iteration      13) ************
#                                                               *
#  integral  = 0.88167984E-05   accum. integral = 0.88180018E-05*
#  std. dev. = 0.51404838E-08   accum. std. dev = 0.17312698E-08*
#   min/max. wt. =    0.00000            0.201495E-09           *
#                                                               *
#*************   chi**2/iteration =  5.647       ****************


#********** Integration by Vegas (iteration      14) ************
#                                                               *
#  integral  = 0.88129982E-05   accum. integral = 0.88174417E-05*
#  std. dev. = 0.51074847E-08   accum. std. dev = 0.16371417E-08*
#   min/max. wt. =    0.00000            0.203337E-09           *
#                                                               *
#*************   chi**2/iteration =  5.249       ****************


#********** Integration by Vegas (iteration      15) ************
#                                                               *
#  integral  = 0.88113577E-05   accum. integral = 0.88168329E-05*
#  std. dev. = 0.51236100E-08   accum. std. dev = 0.15576762E-08*
#   min/max. wt. =    0.00000            0.317124E-09           *
#                                                               *
#*************   chi**2/iteration =  4.943       ****************

 ****************************************************
 * Writing out vegas grid to ./data/output.grid                                                      
 ****************************************************

  Input parameters for vegas:  ndim=  9   ncall= 99999999.
                              it=    0    itmx=    2
                              acc=-1.00    
                              mds=  0     nd=  50
                              (xl,xu)= (  0.00000     ,  1.00000     )
                                       (  0.00000     ,  1.00000     )
                                       (  0.00000     ,  1.00000     )
                                       (  0.00000     ,  1.00000     )
                                       (  0.00000     ,  1.00000     )
                                       (  0.00000     ,  1.00000     )
                                       (  0.00000     ,  1.00000     )
                                       (  0.00000     ,  1.00000     )
                                       (  0.00000     ,  1.00000     )

#********** Integration by Vegas (iteration       1) ************
#                                                               *
#  integral  = 0.88156193E-05   accum. integral = 0.88156193E-05*
#  std. dev. = 0.50844547E-08   accum. std. dev = 0.50844547E-08*
#   min/max. wt. =    0.00000            0.184788E-09           *
#                                                               *
#*************   chi**2/iteration =  0.000       ****************


#********** Integration by Vegas (iteration       2) ************
#                                                               *
#  integral  = 0.88245473E-05   accum. integral = 0.88200289E-05*
#  std. dev. = 0.51520539E-08   accum. std. dev = 0.36189398E-08*
#   min/max. wt. =    0.00000            0.249495E-09           *
#                                                               *
#*************   chi**2/iteration =  1.520       ****************

 Done
