SLURM job running in:  /work-zfs/lhc/heshy/JHUGen/xsecs/JHUGen/JHUGenerator
LHAPDF 6.1.5 loading /work-zfs/lhc/cms/slc6_amd64_gcc493/external/lhapdf/6.1.5-kpegke3/share/LHAPDF/NNPDF30_lo_as_0130/NNPDF30_lo_as_0130_0000.dat
NNPDF30_lo_as_0130 PDF set, member #0, version 2; LHAPDF ID = 263000
 extending no. of histograms for vbf tests
 
  
  ***************************************************************************************
  *                                JHU Generator v7.0.2                                 *
  ***************************************************************************************
  *                                                                                     *
  *   Spin and parity determination of single-produced resonances at hadron colliders   *
  *                                                                                     *
  *          I. Anderson, S. Bolognesi, F. Caola, Y. Gao, A. Gritsan, Z. Guo,           *
  *        C. Martin, K. Melnikov, R. Rontsch, H. Roskes, U. Sarica, M. Schulze,        *
  *                   N. Tran, A. Whitbeck, M. Xiao, C. You, Y. Zhou                    *
  *              Phys.Rev. D81 (2010) 075022;  arXiv:1001.3396  [hep-ph],               *
  *              Phys.Rev. D86 (2012) 095031;  arXiv:1208.4018  [hep-ph],               *
  *              Phys.Rev. D89 (2014) 035007;  arXiv:1309.4819  [hep-ph],               *
  *              Phys.Rev. D94 (2016) 055023;  arXiv:1606.03107 [hep-ph].               *
  *                                                                                     *
  ***************************************************************************************
  
   
   Command line: ./JHUGen Unweighted=0 VegasNc0=99999999 VegasNc1=99999999 VegasNc2=99999999 LHAPDF=NNPDF30_lo_as_0130/NNPDF30_lo_as_0130.info MReso=84 Process=60 deltaRcut=0 ghz1=0,0 ghzgs1_prime2=1,0 pTjetcut=15
   
   Input Parameter:
    Collider: P-P, sqrt(s)=13000.00
    Resonance: spin=0, mass=  84.00 width=   0.00407
    Z-boson: mass=91.188, width=2.4952
    W-boson: mass=80.399, width=2.0850
    Jet cuts:
            pT >=    15.00 GeV
         |eta| <= Infinity
        DeltaR >=     0.00
           mJJ >=     0.00 GeV
    Random seed:   918738005
    To reproduce results using this seed, JHUGen should be compiled with the same compiler:
      GNU Fortran (GCC) 4.8.2
    
    WidthScheme:   2
    LHAPDF set NNPDF30_lo_as_0130/NNPDF30_lo_as_0130.info, member=  0
    Unweighted: F
    Intermediate off-shell photons: T
    
    spin-0-VV couplings: 
      generate_as=F
      ghg2=  0.10000000E+01  0.00000000E+00i
      ghzgs1_prime2=  0.00000000E+00  0.00000000E+00i,  Lambda_zgs1=  1.0000E+04
      Lambda=  1000.0
    
    LHE output: ./data/output.lhe
    Histogram output: ./data/output.dat
    Log file: ./data/output.log
    
  Running

  Input parameters for vegas:  ndim=  9   ncall= 99999999.
                              it=    0    itmx=   15
                              acc=-1.00    
                              mds=  0     nd=  50
                              (xl,xu)= (  0.00000     ,  1.00000     )
                                       (  0.00000     ,  1.00000     )
                                       (  0.00000     ,  1.00000     )
                                       (  0.00000     ,  1.00000     )
                                       (  0.00000     ,  1.00000     )
                                       (  0.00000     ,  1.00000     )
                                       (  0.00000     ,  1.00000     )
                                       (  0.00000     ,  1.00000     )
                                       (  0.00000     ,  1.00000     )

#********** Integration by Vegas (iteration       1) ************
#                                                               *
#  integral  = 0.67436777E-04   accum. integral = 0.67436777E-04*
#  std. dev. = 0.13912843E-04   accum. std. dev = 0.13912843E-04*
#   min/max. wt. =    0.00000            0.994340E-05           *
#                                                               *
#*************   chi**2/iteration =  0.000       ****************


#********** Integration by Vegas (iteration       2) ************
#                                                               *
#  integral  = 0.52128467E-04   accum. integral = 0.52560484E-04*
#  std. dev. = 0.18327243E-05   accum. std. dev = 0.20888709E-05*
#   min/max. wt. =    0.00000            0.117314E-05           *
#                                                               *
#*************   chi**2/iteration =  1.471       ****************


#********** Integration by Vegas (iteration       3) ************
#                                                               *
#  integral  = 0.56307922E-04   accum. integral = 0.56197395E-04*
#  std. dev. = 0.34020623E-06   accum. std. dev = 0.35105213E-06*
#   min/max. wt. =    0.00000            0.126333E-06           *
#                                                               *
#*************   chi**2/iteration =  2.399       ****************


#********** Integration by Vegas (iteration       4) ************
#                                                               *
#  integral  = 0.57736655E-04   accum. integral = 0.57615816E-04*
#  std. dev. = 0.10030563E-06   accum. std. dev = 0.97846338E-07*
#   min/max. wt. =    0.00000            0.251667E-07           *
#                                                               *
#*************   chi**2/iteration =  7.582       ****************


#********** Integration by Vegas (iteration       5) ************
#                                                               *
#  integral  = 0.57853662E-04   accum. integral = 0.57804832E-04*
#  std. dev. = 0.49039788E-07   accum. std. dev = 0.44211743E-07*
#   min/max. wt. =    0.00000            0.442079E-08           *
#                                                               *
#*************   chi**2/iteration =  6.899       ****************


#********** Integration by Vegas (iteration       6) ************
#                                                               *
#  integral  = 0.57912944E-04   accum. integral = 0.57864355E-04*
#  std. dev. = 0.39538718E-07   accum. std. dev = 0.29589419E-07*
#   min/max. wt. =    0.00000            0.213977E-08           *
#                                                               *
#*************   chi**2/iteration =  6.199       ****************


#********** Integration by Vegas (iteration       7) ************
#                                                               *
#  integral  = 0.57859547E-04   accum. integral = 0.57862471E-04*
#  std. dev. = 0.36508269E-07   accum. std. dev = 0.23042403E-07*
#   min/max. wt. =    0.00000            0.163656E-08           *
#                                                               *
#*************   chi**2/iteration =  5.181       ****************


#********** Integration by Vegas (iteration       8) ************
#                                                               *
#  integral  = 0.57920651E-04   accum. integral = 0.57879513E-04*
#  std. dev. = 0.35547560E-07   accum. std. dev = 0.19358792E-07*
#   min/max. wt. =    0.00000            0.258067E-08           *
#                                                               *
#*************   chi**2/iteration =  4.716       ****************


#********** Integration by Vegas (iteration       9) ************
#                                                               *
#  integral  = 0.57928378E-04   accum. integral = 0.57890641E-04*
#  std. dev. = 0.35435206E-07   accum. std. dev = 0.17001019E-07*
#   min/max. wt. =    0.00000            0.217772E-08           *
#                                                               *
#*************   chi**2/iteration =  4.314       ****************


#********** Integration by Vegas (iteration      10) ************
#                                                               *
#  integral  = 0.57915533E-04   accum. integral = 0.57895322E-04*
#  std. dev. = 0.35126861E-07   accum. std. dev = 0.15310593E-07*
#   min/max. wt. =    0.00000            0.180903E-08           *
#                                                               *
#*************   chi**2/iteration =  3.884       ****************


#********** Integration by Vegas (iteration      11) ************
#                                                               *
#  integral  = 0.57899768E-04   accum. integral = 0.57896032E-04*
#  std. dev. = 0.34944263E-07   accum. std. dev = 0.14028813E-07*
#   min/max. wt. =    0.00000            0.221756E-08           *
#                                                               *
#*************   chi**2/iteration =  3.500       ****************


#********** Integration by Vegas (iteration      12) ************
#                                                               *
#  integral  = 0.57901710E-04   accum. integral = 0.57896821E-04*
#  std. dev. = 0.34735870E-07   accum. std. dev = 0.13011535E-07*
#   min/max. wt. =    0.00000            0.147777E-08           *
#                                                               *
#*************   chi**2/iteration =  3.187       ****************


#********** Integration by Vegas (iteration      13) ************
#                                                               *
#  integral  = 0.57921169E-04   accum. integral = 0.57899753E-04*
#  std. dev. = 0.35027138E-07   accum. std. dev = 0.12199372E-07*
#   min/max. wt. =    0.00000            0.245572E-08           *
#                                                               *
#*************   chi**2/iteration =  2.958       ****************


#********** Integration by Vegas (iteration      14) ************
#                                                               *
#  integral  = 0.57858205E-04   accum. integral = 0.57895244E-04*
#  std. dev. = 0.34798136E-07   accum. std. dev = 0.11514526E-07*
#   min/max. wt. =    0.00000            0.128529E-08           *
#                                                               *
#*************   chi**2/iteration =  2.829       ****************


#********** Integration by Vegas (iteration      15) ************
#                                                               *
#  integral  = 0.57953763E-04   accum. integral = 0.57900792E-04*
#  std. dev. = 0.35477380E-07   accum. std. dev = 0.10953016E-07*
#   min/max. wt. =    0.00000            0.140817E-08           *
#                                                               *
#*************   chi**2/iteration =  2.803       ****************

 ****************************************************
 * Writing out vegas grid to ./data/output.grid                                                      
 ****************************************************

  Input parameters for vegas:  ndim=  9   ncall= 99999999.
                              it=    0    itmx=    2
                              acc=-1.00    
                              mds=  0     nd=  50
                              (xl,xu)= (  0.00000     ,  1.00000     )
                                       (  0.00000     ,  1.00000     )
                                       (  0.00000     ,  1.00000     )
                                       (  0.00000     ,  1.00000     )
                                       (  0.00000     ,  1.00000     )
                                       (  0.00000     ,  1.00000     )
                                       (  0.00000     ,  1.00000     )
                                       (  0.00000     ,  1.00000     )
                                       (  0.00000     ,  1.00000     )

#********** Integration by Vegas (iteration       1) ************
#                                                               *
#  integral  = 0.57876180E-04   accum. integral = 0.57876180E-04*
#  std. dev. = 0.35687758E-07   accum. std. dev = 0.35687758E-07*
#   min/max. wt. =    0.00000            0.140759E-08           *
#                                                               *
#*************   chi**2/iteration = 0.3247E-06   ****************


#********** Integration by Vegas (iteration       2) ************
#                                                               *
#  integral  = 0.57858377E-04   accum. integral = 0.57867241E-04*
#  std. dev. = 0.35527936E-07   accum. std. dev = 0.25178377E-07*
#   min/max. wt. =    0.00000            0.143571E-08           *
#                                                               *
#*************   chi**2/iteration = 0.1249       ****************

 Done
