SLURM job running in:  /work-zfs/lhc/heshy/JHUGen/xsecs/JHUGen_new/JHUGenerator
LHAPDF 6.1.5 loading /work-zfs/lhc/cms/slc6_amd64_gcc493/external/lhapdf/6.1.5-kpegke3/share/LHAPDF/NNPDF30_lo_as_0130/NNPDF30_lo_as_0130_0000.dat
NNPDF30_lo_as_0130 PDF set, member #0, version 2; LHAPDF ID = 263000
 
                                                                                          
   ***************************************************************************************
   *                                JHU Generator v7.0.2                                 *
   ***************************************************************************************
   *                                                                                     *
   *   Spin and parity determination of single-produced resonances at hadron colliders   *
   *                                                                                     *
   *          I. Anderson, S. Bolognesi, F. Caola, Y. Gao, A. Gritsan, Z. Guo,           *
   *        C. Martin, K. Melnikov, R. Rontsch, H. Roskes, U. Sarica, M. Schulze,        *
   *                   N. Tran, A. Whitbeck, M. Xiao, C. You, Y. Zhou                    *
   *               Phys.Rev. D81 (2010) 075022;  arXiv:1001.3396  [hep-ph],              *
   *               Phys.Rev. D86 (2012) 095031;  arXiv:1208.4018  [hep-ph],              *
   *               Phys.Rev. D89 (2014) 035007;  arXiv:1309.4819  [hep-ph],              *
   *               Phys.Rev. D94 (2016) 055023;  arXiv:1606.03107 [hep-ph].              *
   *                                                                                     *
   ***************************************************************************************
                                                                                          
   
   Command line: ./JHUGen Unweighted=0 VegasNc0=99999999 VegasNc1=99999999 VegasNc2=99999999 LHAPDF=NNPDF30_lo_as_0130/NNPDF30_lo_as_0130.info MReso=236 DecayMode1=0 DecayMode2=0 Interf=0 Process=0 ghz1=1,0
   
   Input Parameter:
    Collider: P-P, sqrt(s)=13000.00
    Resonance: spin=0, mass= 236.00 width=   0.00407
    DecayMode1: 0  DecayMode2: 0
    Z-boson: mass=91.188, width=2.4952
    Random seed:   770663064
    To reproduce results using this seed, JHUGen should be compiled with the same compiler:
      GNU Fortran (GCC) 4.9.3
    
    OffXVV: TTT
    WidthScheme:   2
    PChannel: 0
    LHAPDF set NNPDF30_lo_as_0130/NNPDF30_lo_as_0130.info, member=  0
    Unweighted: F
    Interference: F
    Intermediate off-shell photons: F
    
    spin-0-VV couplings: 
      generate_as=F
      ghg2=  0.10000000E+01  0.00000000E+00i
      ghz1=  0.10000000E+01  0.00000000E+00i
      Lambda=  1000.0
    
    LHE output: ./data/output.lhe
    Histogram output: ./data/output.dat
    Log file: ./data/output.log
    
  Running

  Input parameters for vegas:  ndim= 11   ncall= 99999999.
                              it=    0    itmx=    5
                              acc=-1.00    
                              mds=  0     nd=  50
                              (xl,xu)= (  0.00000     ,  1.00000     )
                                       (  0.00000     ,  1.00000     )
                                       (  0.00000     ,  1.00000     )
                                       (  0.00000     ,  1.00000     )
                                       (  0.00000     ,  1.00000     )
                                       (  0.00000     ,  1.00000     )
                                       (  0.00000     ,  1.00000     )
                                       (  0.00000     ,  1.00000     )
                                       (  0.00000     ,  1.00000     )
                                       (  0.00000     ,  1.00000     )
                                       (  0.00000     ,  1.00000     )

#********** Integration by Vegas (iteration       1) ************
#                                                               *
#  integral  =  15470.299       accum. integral =  15470.299    *
#  std. dev. =  7.3971231       accum. std. dev =  7.3971231    *
#   min/max. wt. =    0.00000            0.334499E-01           *
#                                                               *
#*************   chi**2/iteration =  0.000       ****************


#********** Integration by Vegas (iteration       2) ************
#                                                               *
#  integral  =  15467.850       accum. integral =  15467.953    *
#  std. dev. =  1.5499399       accum. std. dev =  1.5171065    *
#   min/max. wt. =    0.00000            0.175547E-02           *
#                                                               *
#*************   chi**2/iteration = 0.1049       ****************


#********** Integration by Vegas (iteration       3) ************
#                                                               *
#  integral  =  15466.120       accum. integral =  15466.595    *
#  std. dev. = 0.89660643       accum. std. dev = 0.77194244    *
#   min/max. wt. =    0.00000            0.736084E-03           *
#                                                               *
#*************   chi**2/iteration = 0.5934       ****************


#********** Integration by Vegas (iteration       4) ************
#                                                               *
#  integral  =  15467.111       accum. integral =  15466.836    *
#  std. dev. = 0.82289624       accum. std. dev = 0.56300556    *
#   min/max. wt. =    0.00000            0.140572E-02           *
#                                                               *
#*************   chi**2/iteration = 0.4656       ****************


#********** Integration by Vegas (iteration       5) ************
#                                                               *
#  integral  =  15467.633       accum. integral =  15467.092    *
#  std. dev. = 0.81905165       accum. std. dev = 0.46396540    *
#   min/max. wt. =    0.00000            0.165289E-02           *
#                                                               *
#*************   chi**2/iteration = 0.5099       ****************

 ****************************************************
 * Writing out vegas grid to ./data/output.grid                                                      
 ****************************************************

  Input parameters for vegas:  ndim= 11   ncall= 99999999.
                              it=    0    itmx=    2
                              acc=-1.00    
                              mds=  0     nd=  50
                              (xl,xu)= (  0.00000     ,  1.00000     )
                                       (  0.00000     ,  1.00000     )
                                       (  0.00000     ,  1.00000     )
                                       (  0.00000     ,  1.00000     )
                                       (  0.00000     ,  1.00000     )
                                       (  0.00000     ,  1.00000     )
                                       (  0.00000     ,  1.00000     )
                                       (  0.00000     ,  1.00000     )
                                       (  0.00000     ,  1.00000     )
                                       (  0.00000     ,  1.00000     )
                                       (  0.00000     ,  1.00000     )

#********** Integration by Vegas (iteration       1) ************
#                                                               *
#  integral  =  15468.087       accum. integral =  15468.087    *
#  std. dev. = 0.82003423       accum. std. dev = 0.82003423    *
#   min/max. wt. =    0.00000            0.172779E-02           *
#                                                               *
#*************   chi**2/iteration = 0.4432E-04   ****************


#********** Integration by Vegas (iteration       2) ************
#                                                               *
#  integral  =  15466.991       accum. integral =  15467.540    *
#  std. dev. = 0.82117630       accum. std. dev = 0.58025510    *
#   min/max. wt. =    0.00000            0.174522E-02           *
#                                                               *
#*************   chi**2/iteration = 0.8911       ****************

 Done
