SLURM job running in:  /work-zfs/lhc/heshy/JHUGen/xsecs/JHUGen/JHUGenerator
LHAPDF 6.1.5 loading /work-zfs/lhc/cms/slc6_amd64_gcc493/external/lhapdf/6.1.5-kpegke3/share/LHAPDF/NNPDF30_lo_as_0130/NNPDF30_lo_as_0130_0000.dat
NNPDF30_lo_as_0130 PDF set, member #0, version 2; LHAPDF ID = 263000
 
                                                                                          
   ***************************************************************************************
   *                                JHU Generator v6.9.9                                 *
   ***************************************************************************************
   *                                                                                     *
   *   Spin and parity determination of single-produced resonances at hadron colliders   *
   *                                                                                     *
   *          I. Anderson, S. Bolognesi, F. Caola, Y. Gao, A. Gritsan, Z. Guo,           *
   *        C. Martin, K. Melnikov, R.Rontsch, H. Roskes, U. Sarica, M. Schulze,         *
   *                   N. Tran, A. Whitbeck, M. Xiao, C. You, Y. Zhou                    *
   *                Phys.Rev. D81 (2010) 075022;  arXiv:1001.3396 [hep-ph],              *
   *                Phys.Rev. D86 (2012) 095031;  arXiv:1208.4018 [hep-ph],              *
   *                Phys.Rev. D89 (2014) 035007;  arXiv:1309.4819 [hep-ph].              *
   *                                                                                     *
   ***************************************************************************************
                                                                                          
   
   Command line: ./JHUGen Unweighted=0 VegasNc0=99999999 VegasNc1=99999999 VegasNc2=99999999 LHAPDF=NNPDF30_lo_as_0130/NNPDF30_lo_as_0130.info MReso=258 ghz1=1,0 Process=0 PChannel=0 Interf=0
   
   Input Parameter:
    Collider: P-P, sqrt(s)=13000.00
    Resonance: spin=0, mass= 258.00 width=   0.00407
    DecayMode1: 0  DecayMode2: 0
    Z-boson: mass=91.188, width=2.4952
    Random seed:   466847323
    To reproduce results using this seed, JHUGen should be compiled with the same compiler:
      GNU Fortran (GCC) 4.8.2
    
    OffXVV: TTT
    WidthScheme:   2
    PChannel: 0
    LHAPDF set NNPDF30_lo_as_0130/NNPDF30_lo_as_0130.info, member=  0
    Unweighted: F
    Interference: F
    Intermediate off-shell photons: F
    
    spin-0-VV couplings: 
      generate_as=F
      ghg2=  0.10000000E+01  0.00000000E+00i
      ghg3=  0.00000000E+00  0.00000000E+00i
      ghg4=  0.00000000E+00  0.00000000E+00i
      ghz1=  0.10000000E+01  0.00000000E+00i
      ghz2=  0.00000000E+00  0.00000000E+00i
      ghz3=  0.00000000E+00  0.00000000E+00i
      ghz4=  0.00000000E+00  0.00000000E+00i
      Lambda=  1000.0
    
    LHE output: ./data/output.lhe
    Histogram output: ./data/output.dat
    Log file: ./data/output.log
    
  Running

  Input parameters for vegas:  ndim= 11   ncall= 97656250.
                              it=    0    itmx=    5
                              acc=-1.00    
                              mds=  1     nd=  50
                              (xl,xu)= (  0.00000     ,  1.00000     )
                                       (  0.00000     ,  1.00000     )
                                       (  0.00000     ,  1.00000     )
                                       (  0.00000     ,  1.00000     )
                                       (  0.00000     ,  1.00000     )
                                       (  0.00000     ,  1.00000     )
                                       (  0.00000     ,  1.00000     )
                                       (  0.00000     ,  1.00000     )
                                       (  0.00000     ,  1.00000     )
                                       (  0.00000     ,  1.00000     )
                                       (  0.00000     ,  1.00000     )

#********** Integration by Vegas (iteration       1) ************
#                                                               *
#  integral  =  18779.415       accum. integral =  18779.415    *
#  std. dev. =  7.9647282       accum. std. dev =  7.9647282    *
#   min/max. wt. =    0.00000            0.307660E-01           *
#                                                               *
#*************   chi**2/iteration =  0.000       ****************


#********** Integration by Vegas (iteration       2) ************
#                                                               *
#  integral  =  18771.596       accum. integral =  18771.772    *
#  std. dev. =  1.2063233       accum. std. dev =  1.1929579    *
#   min/max. wt. =    0.00000            0.192496E-02           *
#                                                               *
#*************   chi**2/iteration = 0.9416       ****************


#********** Integration by Vegas (iteration       3) ************
#                                                               *
#  integral  =  18769.547       accum. integral =  18770.384    *
#  std. dev. = 0.92650910       accum. std. dev = 0.73180971    *
#   min/max. wt. =    0.00000            0.851098E-03           *
#                                                               *
#*************   chi**2/iteration =  1.555       ****************


#********** Integration by Vegas (iteration       4) ************
#                                                               *
#  integral  =  18769.336       accum. integral =  18769.956    *
#  std. dev. = 0.88129025       accum. std. dev = 0.56302730    *
#   min/max. wt. =    0.00000            0.174724E-02           *
#                                                               *
#*************   chi**2/iteration =  1.316       ****************


#********** Integration by Vegas (iteration       5) ************
#                                                               *
#  integral  =  18770.156       accum. integral =  18770.014    *
#  std. dev. = 0.88282790       accum. std. dev = 0.47471042    *
#   min/max. wt. =    0.00000            0.239124E-02           *
#                                                               *
#*************   chi**2/iteration = 0.9963       ****************

 ****************************************************
 * Writing out vegas grid to ./data/output.grid                                                      
 ****************************************************

  Input parameters for vegas:  ndim= 11   ncall= 97656250.
                              it=    0    itmx=    2
                              acc=-1.00    
                              mds=  1     nd=  50
                              (xl,xu)= (  0.00000     ,  1.00000     )
                                       (  0.00000     ,  1.00000     )
                                       (  0.00000     ,  1.00000     )
                                       (  0.00000     ,  1.00000     )
                                       (  0.00000     ,  1.00000     )
                                       (  0.00000     ,  1.00000     )
                                       (  0.00000     ,  1.00000     )
                                       (  0.00000     ,  1.00000     )
                                       (  0.00000     ,  1.00000     )
                                       (  0.00000     ,  1.00000     )
                                       (  0.00000     ,  1.00000     )

#********** Integration by Vegas (iteration       1) ************
#                                                               *
#  integral  =  18770.198       accum. integral =  18770.198    *
#  std. dev. = 0.88505624       accum. std. dev = 0.88505624    *
#   min/max. wt. =    0.00000            0.213066E-02           *
#                                                               *
#*************   chi**2/iteration = 0.7609E-04   ****************


#********** Integration by Vegas (iteration       2) ************
#                                                               *
#  integral  =  18770.479       accum. integral =  18770.339    *
#  std. dev. = 0.88683626       accum. std. dev = 0.62645766    *
#   min/max. wt. =    0.00000            0.229127E-02           *
#                                                               *
#*************   chi**2/iteration = 0.5033E-01   ****************

 Done
