SLURM job running in:  /work-zfs/lhc/heshy/JHUGen/xsecs/JHUGen_new/JHUGenerator
LHAPDF 6.1.5 loading /work-zfs/lhc/cms/slc6_amd64_gcc493/external/lhapdf/6.1.5-kpegke3/share/LHAPDF/NNPDF30_lo_as_0130/NNPDF30_lo_as_0130_0000.dat
NNPDF30_lo_as_0130 PDF set, member #0, version 2; LHAPDF ID = 263000
 
                                                                                          
   ***************************************************************************************
   *                                JHU Generator v7.0.2                                 *
   ***************************************************************************************
   *                                                                                     *
   *   Spin and parity determination of single-produced resonances at hadron colliders   *
   *                                                                                     *
   *          I. Anderson, S. Bolognesi, F. Caola, Y. Gao, A. Gritsan, Z. Guo,           *
   *        C. Martin, K. Melnikov, R. Rontsch, H. Roskes, U. Sarica, M. Schulze,        *
   *                   N. Tran, A. Whitbeck, M. Xiao, C. You, Y. Zhou                    *
   *               Phys.Rev. D81 (2010) 075022;  arXiv:1001.3396  [hep-ph],              *
   *               Phys.Rev. D86 (2012) 095031;  arXiv:1208.4018  [hep-ph],              *
   *               Phys.Rev. D89 (2014) 035007;  arXiv:1309.4819  [hep-ph],              *
   *               Phys.Rev. D94 (2016) 055023;  arXiv:1606.03107 [hep-ph].              *
   *                                                                                     *
   ***************************************************************************************
                                                                                          
   
   Command line: ./JHUGen Unweighted=0 VegasNc0=99999999 VegasNc1=99999999 VegasNc2=99999999 LHAPDF=NNPDF30_lo_as_0130/NNPDF30_lo_as_0130.info MReso=352 DecayMode1=0 DecayMode2=0 Interf=0 Process=0 ghz1=1,0
   
   Input Parameter:
    Collider: P-P, sqrt(s)=13000.00
    Resonance: spin=0, mass= 352.00 width=   0.00407
    DecayMode1: 0  DecayMode2: 0
    Z-boson: mass=91.188, width=2.4952
    Random seed:   156625277
    To reproduce results using this seed, JHUGen should be compiled with the same compiler:
      GNU Fortran (GCC) 4.9.3
    
    OffXVV: TTT
    WidthScheme:   2
    PChannel: 0
    LHAPDF set NNPDF30_lo_as_0130/NNPDF30_lo_as_0130.info, member=  0
    Unweighted: F
    Interference: F
    Intermediate off-shell photons: F
    
    spin-0-VV couplings: 
      generate_as=F
      ghg2=  0.10000000E+01  0.00000000E+00i
      ghz1=  0.10000000E+01  0.00000000E+00i
      Lambda=  1000.0
    
    LHE output: ./data/output.lhe
    Histogram output: ./data/output.dat
    Log file: ./data/output.log
    
  Running

  Input parameters for vegas:  ndim= 11   ncall= 99999999.
                              it=    0    itmx=    5
                              acc=-1.00    
                              mds=  0     nd=  50
                              (xl,xu)= (  0.00000     ,  1.00000     )
                                       (  0.00000     ,  1.00000     )
                                       (  0.00000     ,  1.00000     )
                                       (  0.00000     ,  1.00000     )
                                       (  0.00000     ,  1.00000     )
                                       (  0.00000     ,  1.00000     )
                                       (  0.00000     ,  1.00000     )
                                       (  0.00000     ,  1.00000     )
                                       (  0.00000     ,  1.00000     )
                                       (  0.00000     ,  1.00000     )
                                       (  0.00000     ,  1.00000     )

#********** Integration by Vegas (iteration       1) ************
#                                                               *
#  integral  =  30471.131       accum. integral =  30471.131    *
#  std. dev. =  12.864632       accum. std. dev =  12.864632    *
#   min/max. wt. =    0.00000            0.257614E-01           *
#                                                               *
#*************   chi**2/iteration = 0.7203E-06   ****************


#********** Integration by Vegas (iteration       2) ************
#                                                               *
#  integral  =  30461.541       accum. integral =  30462.057    *
#  std. dev. =  3.0675852       accum. std. dev =  2.9843457    *
#   min/max. wt. =    0.00000            0.194477E-02           *
#                                                               *
#*************   chi**2/iteration = 0.5254       ****************


#********** Integration by Vegas (iteration       3) ************
#                                                               *
#  integral  =  30471.270       accum. integral =  30467.991    *
#  std. dev. =  2.2186747       accum. std. dev =  1.7804430    *
#   min/max. wt. =    0.00000            0.120893E-02           *
#                                                               *
#*************   chi**2/iteration =  3.330       ****************


#********** Integration by Vegas (iteration       4) ************
#                                                               *
#  integral  =  30469.805       accum. integral =  30468.739    *
#  std. dev. =  2.1258355       accum. std. dev =  1.3649421    *
#   min/max. wt. =    0.00000            0.288194E-02           *
#                                                               *
#*************   chi**2/iteration =  2.363       ****************


#********** Integration by Vegas (iteration       5) ************
#                                                               *
#  integral  =  30471.738       accum. integral =  30469.614    *
#  std. dev. =  2.1264978       accum. std. dev =  1.1486623    *
#   min/max. wt. =    0.00000            0.333965E-02           *
#                                                               *
#*************   chi**2/iteration =  2.124       ****************

 ****************************************************
 * Writing out vegas grid to ./data/output.grid                                                      
 ****************************************************

  Input parameters for vegas:  ndim= 11   ncall= 99999999.
                              it=    0    itmx=    2
                              acc=-1.00    
                              mds=  0     nd=  50
                              (xl,xu)= (  0.00000     ,  1.00000     )
                                       (  0.00000     ,  1.00000     )
                                       (  0.00000     ,  1.00000     )
                                       (  0.00000     ,  1.00000     )
                                       (  0.00000     ,  1.00000     )
                                       (  0.00000     ,  1.00000     )
                                       (  0.00000     ,  1.00000     )
                                       (  0.00000     ,  1.00000     )
                                       (  0.00000     ,  1.00000     )
                                       (  0.00000     ,  1.00000     )
                                       (  0.00000     ,  1.00000     )

#********** Integration by Vegas (iteration       1) ************
#                                                               *
#  integral  =  30471.953       accum. integral =  30471.953    *
#  std. dev. =  2.1290957       accum. std. dev =  2.1290957    *
#   min/max. wt. =    0.00000            0.368944E-02           *
#                                                               *
#*************   chi**2/iteration = 0.7889E-04   ****************


#********** Integration by Vegas (iteration       2) ************
#                                                               *
#  integral  =  30472.649       accum. integral =  30472.301    *
#  std. dev. =  2.1313359       accum. std. dev =  1.5062894    *
#   min/max. wt. =    0.00000            0.388738E-02           *
#                                                               *
#*************   chi**2/iteration = 0.5333E-01   ****************

 Done
