SLURM job running in:  /work-zfs/lhc/heshy/JHUGen/xsecs/JHUGen_new/JHUGenerator
LHAPDF 6.1.5 loading /work-zfs/lhc/cms/slc6_amd64_gcc493/external/lhapdf/6.1.5-kpegke3/share/LHAPDF/NNPDF30_lo_as_0130/NNPDF30_lo_as_0130_0000.dat
NNPDF30_lo_as_0130 PDF set, member #0, version 2; LHAPDF ID = 263000
 
                                                                                          
   ***************************************************************************************
   *                                JHU Generator v7.0.2                                 *
   ***************************************************************************************
   *                                                                                     *
   *   Spin and parity determination of single-produced resonances at hadron colliders   *
   *                                                                                     *
   *          I. Anderson, S. Bolognesi, F. Caola, Y. Gao, A. Gritsan, Z. Guo,           *
   *        C. Martin, K. Melnikov, R. Rontsch, H. Roskes, U. Sarica, M. Schulze,        *
   *                   N. Tran, A. Whitbeck, M. Xiao, C. You, Y. Zhou                    *
   *               Phys.Rev. D81 (2010) 075022;  arXiv:1001.3396  [hep-ph],              *
   *               Phys.Rev. D86 (2012) 095031;  arXiv:1208.4018  [hep-ph],              *
   *               Phys.Rev. D89 (2014) 035007;  arXiv:1309.4819  [hep-ph],              *
   *               Phys.Rev. D94 (2016) 055023;  arXiv:1606.03107 [hep-ph].              *
   *                                                                                     *
   ***************************************************************************************
                                                                                          
   
   Command line: ./JHUGen Unweighted=0 VegasNc0=99999999 VegasNc1=99999999 VegasNc2=99999999 LHAPDF=NNPDF30_lo_as_0130/NNPDF30_lo_as_0130.info MReso=855 DecayMode1=0 DecayMode2=0 Interf=0 Process=0 ghz1=1,0
   
   Input Parameter:
    Collider: P-P, sqrt(s)=13000.00
    Resonance: spin=0, mass= 855.00 width=   0.00407
    DecayMode1: 0  DecayMode2: 0
    Z-boson: mass=91.188, width=2.4952
    Random seed:   464261874
    To reproduce results using this seed, JHUGen should be compiled with the same compiler:
      GNU Fortran (GCC) 4.9.3
    
    OffXVV: TTT
    WidthScheme:   2
    PChannel: 0
    LHAPDF set NNPDF30_lo_as_0130/NNPDF30_lo_as_0130.info, member=  0
    Unweighted: F
    Interference: F
    Intermediate off-shell photons: F
    
    spin-0-VV couplings: 
      generate_as=F
      ghg2=  0.10000000E+01  0.00000000E+00i
      ghz1=  0.10000000E+01  0.00000000E+00i
      Lambda=  1000.0
    
    LHE output: ./data/output.lhe
    Histogram output: ./data/output.dat
    Log file: ./data/output.log
    
  Running

  Input parameters for vegas:  ndim= 11   ncall= 99999999.
                              it=    0    itmx=    5
                              acc=-1.00    
                              mds=  0     nd=  50
                              (xl,xu)= (  0.00000     ,  1.00000     )
                                       (  0.00000     ,  1.00000     )
                                       (  0.00000     ,  1.00000     )
                                       (  0.00000     ,  1.00000     )
                                       (  0.00000     ,  1.00000     )
                                       (  0.00000     ,  1.00000     )
                                       (  0.00000     ,  1.00000     )
                                       (  0.00000     ,  1.00000     )
                                       (  0.00000     ,  1.00000     )
                                       (  0.00000     ,  1.00000     )
                                       (  0.00000     ,  1.00000     )

#********** Integration by Vegas (iteration       1) ************
#                                                               *
#  integral  =  42168.935       accum. integral =  42168.935    *
#  std. dev. =  12.240538       accum. std. dev =  12.240538    *
#   min/max. wt. =    0.00000            0.109987E-01           *
#                                                               *
#*************   chi**2/iteration = -.1591E-05   ****************


#********** Integration by Vegas (iteration       2) ************
#                                                               *
#  integral  =  42198.517       accum. integral =  42195.548    *
#  std. dev. =  4.0911749       accum. std. dev =  3.8790957    *
#   min/max. wt. =    0.00000            0.204709E-02           *
#                                                               *
#*************   chi**2/iteration =  5.246       ****************


#********** Integration by Vegas (iteration       3) ************
#                                                               *
#  integral  =  42197.358       accum. integral =  42196.630    *
#  std. dev. =  3.1851040       accum. std. dev =  2.4614069    *
#   min/max. wt. =    0.00000            0.159225E-02           *
#                                                               *
#*************   chi**2/iteration =  2.689       ****************


#********** Integration by Vegas (iteration       4) ************
#                                                               *
#  integral  =  42198.750       accum. integral =  42197.452    *
#  std. dev. =  3.0950180       accum. std. dev =  1.9263974    *
#   min/max. wt. =    0.00000            0.373142E-02           *
#                                                               *
#*************   chi**2/iteration =  1.888       ****************


#********** Integration by Vegas (iteration       5) ************
#                                                               *
#  integral  =  42199.821       accum. integral =  42198.112    *
#  std. dev. =  3.1008316       accum. std. dev =  1.6363051    *
#   min/max. wt. =    0.00000            0.500549E-02           *
#                                                               *
#*************   chi**2/iteration =  1.522       ****************

 ****************************************************
 * Writing out vegas grid to ./data/output.grid                                                      
 ****************************************************

  Input parameters for vegas:  ndim= 11   ncall= 99999999.
                              it=    0    itmx=    2
                              acc=-1.00    
                              mds=  0     nd=  50
                              (xl,xu)= (  0.00000     ,  1.00000     )
                                       (  0.00000     ,  1.00000     )
                                       (  0.00000     ,  1.00000     )
                                       (  0.00000     ,  1.00000     )
                                       (  0.00000     ,  1.00000     )
                                       (  0.00000     ,  1.00000     )
                                       (  0.00000     ,  1.00000     )
                                       (  0.00000     ,  1.00000     )
                                       (  0.00000     ,  1.00000     )
                                       (  0.00000     ,  1.00000     )
                                       (  0.00000     ,  1.00000     )

#********** Integration by Vegas (iteration       1) ************
#                                                               *
#  integral  =  42198.008       accum. integral =  42198.008    *
#  std. dev. =  3.1060469       accum. std. dev =  3.1060469    *
#   min/max. wt. =    0.00000            0.493145E-02           *
#                                                               *
#*************   chi**2/iteration = -.2471E-04   ****************


#********** Integration by Vegas (iteration       2) ************
#                                                               *
#  integral  =  42196.702       accum. integral =  42197.356    *
#  std. dev. =  3.1095971       accum. std. dev =  2.1975609    *
#   min/max. wt. =    0.00000            0.511908E-02           *
#                                                               *
#*************   chi**2/iteration = 0.8828E-01   ****************

 Done
