SLURM job running in:  /work-zfs/lhc/heshy/JHUGen/xsecs/JHUGen/JHUGenerator
LHAPDF 6.1.5 loading /work-zfs/lhc/cms/slc6_amd64_gcc493/external/lhapdf/6.1.5-kpegke3/share/LHAPDF/NNPDF30_lo_as_0130/NNPDF30_lo_as_0130_0000.dat
NNPDF30_lo_as_0130 PDF set, member #0, version 2; LHAPDF ID = 263000
 
                                                                                          
   ***************************************************************************************
   *                                JHU Generator v6.9.9                                 *
   ***************************************************************************************
   *                                                                                     *
   *   Spin and parity determination of single-produced resonances at hadron colliders   *
   *                                                                                     *
   *          I. Anderson, S. Bolognesi, F. Caola, Y. Gao, A. Gritsan, Z. Guo,           *
   *        C. Martin, K. Melnikov, R.Rontsch, H. Roskes, U. Sarica, M. Schulze,         *
   *                   N. Tran, A. Whitbeck, M. Xiao, C. You, Y. Zhou                    *
   *                Phys.Rev. D81 (2010) 075022;  arXiv:1001.3396 [hep-ph],              *
   *                Phys.Rev. D86 (2012) 095031;  arXiv:1208.4018 [hep-ph],              *
   *                Phys.Rev. D89 (2014) 035007;  arXiv:1309.4819 [hep-ph].              *
   *                                                                                     *
   ***************************************************************************************
                                                                                          
   
   Command line: ./JHUGen Unweighted=0 VegasNc0=99999999 VegasNc1=99999999 VegasNc2=99999999 LHAPDF=NNPDF30_lo_as_0130/NNPDF30_lo_as_0130.info MReso=890 ghz1=1,0 Process=0 PChannel=0 Interf=0
   
   Input Parameter:
    Collider: P-P, sqrt(s)=13000.00
    Resonance: spin=0, mass= 890.00 width=   0.00407
    DecayMode1: 0  DecayMode2: 0
    Z-boson: mass=91.188, width=2.4952
    Random seed:   215113354
    To reproduce results using this seed, JHUGen should be compiled with the same compiler:
      GNU Fortran (GCC) 4.8.2
    
    OffXVV: TTT
    WidthScheme:   2
    PChannel: 0
    LHAPDF set NNPDF30_lo_as_0130/NNPDF30_lo_as_0130.info, member=  0
    Unweighted: F
    Interference: F
    Intermediate off-shell photons: F
    
    spin-0-VV couplings: 
      generate_as=F
      ghg2=  0.10000000E+01  0.00000000E+00i
      ghg3=  0.00000000E+00  0.00000000E+00i
      ghg4=  0.00000000E+00  0.00000000E+00i
      ghz1=  0.10000000E+01  0.00000000E+00i
      ghz2=  0.00000000E+00  0.00000000E+00i
      ghz3=  0.00000000E+00  0.00000000E+00i
      ghz4=  0.00000000E+00  0.00000000E+00i
      Lambda=  1000.0
    
    LHE output: ./data/output.lhe
    Histogram output: ./data/output.dat
    Log file: ./data/output.log
    
  Running

  Input parameters for vegas:  ndim= 11   ncall= 97656250.
                              it=    0    itmx=    5
                              acc=-1.00    
                              mds=  1     nd=  50
                              (xl,xu)= (  0.00000     ,  1.00000     )
                                       (  0.00000     ,  1.00000     )
                                       (  0.00000     ,  1.00000     )
                                       (  0.00000     ,  1.00000     )
                                       (  0.00000     ,  1.00000     )
                                       (  0.00000     ,  1.00000     )
                                       (  0.00000     ,  1.00000     )
                                       (  0.00000     ,  1.00000     )
                                       (  0.00000     ,  1.00000     )
                                       (  0.00000     ,  1.00000     )
                                       (  0.00000     ,  1.00000     )

#********** Integration by Vegas (iteration       1) ************
#                                                               *
#  integral  =  41520.770       accum. integral =  41520.770    *
#  std. dev. =  8.3952345       accum. std. dev =  8.3952345    *
#   min/max. wt. =    0.00000            0.106937E-01           *
#                                                               *
#*************   chi**2/iteration = -.3383E-05   ****************


#********** Integration by Vegas (iteration       2) ************
#                                                               *
#  integral  =  41511.839       accum. integral =  41512.779    *
#  std. dev. =  2.8786345       accum. std. dev =  2.7232372    *
#   min/max. wt. =    0.00000            0.209192E-02           *
#                                                               *
#*************   chi**2/iteration =  1.012       ****************


#********** Integration by Vegas (iteration       3) ************
#                                                               *
#  integral  =  41512.256       accum. integral =  41512.486    *
#  std. dev. =  2.4116562       accum. std. dev =  1.8054937    *
#   min/max. wt. =    0.00000            0.160223E-02           *
#                                                               *
#*************   chi**2/iteration = 0.5164       ****************


#********** Integration by Vegas (iteration       4) ************
#                                                               *
#  integral  =  41516.069       accum. integral =  41513.807    *
#  std. dev. =  2.3620441       accum. std. dev =  1.4344307    *
#   min/max. wt. =    0.00000            0.373172E-02           *
#                                                               *
#*************   chi**2/iteration = 0.8282       ****************


#********** Integration by Vegas (iteration       5) ************
#                                                               *
#  integral  =  41515.052       accum. integral =  41514.140    *
#  std. dev. =  2.3766542       accum. std. dev =  1.2280867    *
#   min/max. wt. =    0.00000            0.467081E-02           *
#                                                               *
#*************   chi**2/iteration = 0.6714       ****************

 ****************************************************
 * Writing out vegas grid to ./data/output.grid                                                      
 ****************************************************

  Input parameters for vegas:  ndim= 11   ncall= 97656250.
                              it=    0    itmx=    2
                              acc=-1.00    
                              mds=  1     nd=  50
                              (xl,xu)= (  0.00000     ,  1.00000     )
                                       (  0.00000     ,  1.00000     )
                                       (  0.00000     ,  1.00000     )
                                       (  0.00000     ,  1.00000     )
                                       (  0.00000     ,  1.00000     )
                                       (  0.00000     ,  1.00000     )
                                       (  0.00000     ,  1.00000     )
                                       (  0.00000     ,  1.00000     )
                                       (  0.00000     ,  1.00000     )
                                       (  0.00000     ,  1.00000     )
                                       (  0.00000     ,  1.00000     )

#********** Integration by Vegas (iteration       1) ************
#                                                               *
#  integral  =  41516.974       accum. integral =  41516.974    *
#  std. dev. =  2.3842191       accum. std. dev =  2.3842191    *
#   min/max. wt. =    0.00000            0.476638E-02           *
#                                                               *
#*************   chi**2/iteration =  0.000       ****************


#********** Integration by Vegas (iteration       2) ************
#                                                               *
#  integral  =  41517.716       accum. integral =  41517.344    *
#  std. dev. =  2.3893553       accum. std. dev =  1.6877105    *
#   min/max. wt. =    0.00000            0.511011E-02           *
#                                                               *
#*************   chi**2/iteration = 0.4815E-01   ****************

 Done
