SLURM job running in:  /work-zfs/lhc/heshy/JHUGen/xsecs/JHUGen/JHUGenerator
LHAPDF 6.1.5 loading /work-zfs/lhc/cms/slc6_amd64_gcc493/external/lhapdf/6.1.5-kpegke3/share/LHAPDF/NNPDF30_lo_as_0130/NNPDF30_lo_as_0130_0000.dat
NNPDF30_lo_as_0130 PDF set, member #0, version 2; LHAPDF ID = 263000
 extending no. of histograms for vbf tests
 
                                                                                          
   ***************************************************************************************
   *                                JHU Generator v6.9.9                                 *
   ***************************************************************************************
   *                                                                                     *
   *   Spin and parity determination of single-produced resonances at hadron colliders   *
   *                                                                                     *
   *          I. Anderson, S. Bolognesi, F. Caola, Y. Gao, A. Gritsan, Z. Guo,           *
   *        C. Martin, K. Melnikov, R.Rontsch, H. Roskes, U. Sarica, M. Schulze,         *
   *                   N. Tran, A. Whitbeck, M. Xiao, C. You, Y. Zhou                    *
   *                Phys.Rev. D81 (2010) 075022;  arXiv:1001.3396 [hep-ph],              *
   *                Phys.Rev. D86 (2012) 095031;  arXiv:1208.4018 [hep-ph],              *
   *                Phys.Rev. D89 (2014) 035007;  arXiv:1309.4819 [hep-ph].              *
   *                                                                                     *
   ***************************************************************************************
                                                                                          
   
   Command line: ./JHUGen Unweighted=0 VegasNc0=99999999 VegasNc1=99999999 VegasNc2=99999999 LHAPDF=NNPDF30_lo_as_0130/NNPDF30_lo_as_0130.info MReso=106 ghz1=1,0 Process=60 pTjetcut=0 deltaRcut=0 pTjetcut=25 etajetcut=4.7 pTlepcut=5 etalepcut=2.5
   
   Input Parameter:
    Collider: P-P, sqrt(s)=13000.00
    Resonance: spin=0, mass= 106.00 width=   0.00407
    Z-boson: mass=91.188, width=2.4952
    W-boson: mass=80.399, width=2.0850
    Jet cuts:
            pT >=    25.00 GeV
         |eta| <=     4.70
        DeltaR >=     0.00
           mJJ >=     0.00 GeV
           m4l_min/max      -1.00     -1.00 GeV
    Random seed:   979664195
    To reproduce results using this seed, JHUGen should be compiled with the same compiler:
      GNU Fortran (GCC) 4.8.2
    
    WidthScheme:   2
    LHAPDF set NNPDF30_lo_as_0130/NNPDF30_lo_as_0130.info, member=  0
    Unweighted: F
    Intermediate off-shell photons: F
    
    spin-0-VV couplings: 
      generate_as=F
      ghg2=  0.10000000E+01  0.00000000E+00i
      ghg3=  0.00000000E+00  0.00000000E+00i
      ghg4=  0.00000000E+00  0.00000000E+00i
      ghz1=  0.10000000E+01  0.00000000E+00i
      ghz2=  0.00000000E+00  0.00000000E+00i
      ghz3=  0.00000000E+00  0.00000000E+00i
      ghz4=  0.00000000E+00  0.00000000E+00i
      Lambda=  1000.0
    
    LHE output: ./data/output.lhe
    Histogram output: ./data/output.dat
    Log file: ./data/output.log
    
  Running

  Input parameters for vegas:  ndim=  9   ncall= 80707214.
                              it=    0    itmx=   15
                              acc=-1.00    
                              mds=  1     nd=  50
                              (xl,xu)= (  0.00000     ,  1.00000     )
                                       (  0.00000     ,  1.00000     )
                                       (  0.00000     ,  1.00000     )
                                       (  0.00000     ,  1.00000     )
                                       (  0.00000     ,  1.00000     )
                                       (  0.00000     ,  1.00000     )
                                       (  0.00000     ,  1.00000     )
                                       (  0.00000     ,  1.00000     )
                                       (  0.00000     ,  1.00000     )

#********** Integration by Vegas (iteration       1) ************
#                                                               *
#  integral  =  632.02726       accum. integral =  632.02726    *
#  std. dev. =  79.677907       accum. std. dev =  79.677907    *
#   min/max. wt. =    0.00000             52.0728               *
#                                                               *
#*************   chi**2/iteration =  0.000       ****************


#********** Integration by Vegas (iteration       2) ************
#                                                               *
#  integral  =  718.10969       accum. integral =  698.86520    *
#  std. dev. =  48.577431       accum. std. dev =  40.320583    *
#   min/max. wt. =    0.00000             37.6668               *
#                                                               *
#*************   chi**2/iteration = 0.7904       ****************


#********** Integration by Vegas (iteration       3) ************
#                                                               *
#  integral  =  788.82707       accum. integral =  740.51249    *
#  std. dev. =  50.643718       accum. std. dev =  31.270804    *
#   min/max. wt. =    0.00000             46.4619               *
#                                                               *
#*************   chi**2/iteration =  1.381       ****************


#********** Integration by Vegas (iteration       4) ************
#                                                               *
#  integral  =  733.73941       accum. integral =  733.93985    *
#  std. dev. =  5.5971772       accum. std. dev =  5.4133096    *
#   min/max. wt. =    0.00000             2.33599               *
#                                                               *
#*************   chi**2/iteration = 0.9246       ****************


#********** Integration by Vegas (iteration       5) ************
#                                                               *
#  integral  =  742.93248       accum. integral =  742.38842    *
#  std. dev. =  1.4167222       accum. std. dev =  1.3399463    *
#   min/max. wt. =    0.00000            0.503904               *
#                                                               *
#*************   chi**2/iteration =  1.325       ****************


#********** Integration by Vegas (iteration       6) ************
#                                                               *
#  integral  =  742.91957       accum. integral =  742.78362    *
#  std. dev. = 0.80537839       accum. std. dev = 0.68072716    *
#   min/max. wt. =    0.00000            0.672691E-01           *
#                                                               *
#*************   chi**2/iteration =  1.074       ****************


#********** Integration by Vegas (iteration       7) ************
#                                                               *
#  integral  =  743.08502       accum. integral =  742.94884    *
#  std. dev. = 0.63085302       accum. std. dev = 0.45894256    *
#   min/max. wt. =    0.00000            0.131918               *
#                                                               *
#*************   chi**2/iteration = 0.9076       ****************


#********** Integration by Vegas (iteration       8) ************
#                                                               *
#  integral  =  744.67009       accum. integral =  743.60460    *
#  std. dev. = 0.59664288       accum. std. dev = 0.36199215    *
#   min/max. wt. =    0.00000            0.397767E-01           *
#                                                               *
#*************   chi**2/iteration =  1.536       ****************


#********** Integration by Vegas (iteration       9) ************
#                                                               *
#  integral  =  744.19227       accum. integral =  743.76895    *
#  std. dev. = 0.59066743       accum. std. dev = 0.30780760    *
#   min/max. wt. =    0.00000            0.109954               *
#                                                               *
#*************   chi**2/iteration =  1.431       ****************


#********** Integration by Vegas (iteration      10) ************
#                                                               *
#  integral  =  743.33933       accum. integral =  743.67043    *
#  std. dev. = 0.57196452       accum. std. dev = 0.27058916    *
#   min/max. wt. =    0.00000            0.256683E-01           *
#                                                               *
#*************   chi**2/iteration =  1.318       ****************


#********** Integration by Vegas (iteration      11) ************
#                                                               *
#  integral  =  743.42902       accum. integral =  743.62497    *
#  std. dev. = 0.56874623       accum. std. dev = 0.24406117    *
#   min/max. wt. =    0.00000            0.352156E-01           *
#                                                               *
#*************   chi**2/iteration =  1.198       ****************


#********** Integration by Vegas (iteration      12) ************
#                                                               *
#  integral  =  744.23071       accum. integral =  743.72023    *
#  std. dev. = 0.57191707       accum. std. dev = 0.22428007    *
#   min/max. wt. =    0.00000            0.365127E-01           *
#                                                               *
#*************   chi**2/iteration =  1.175       ****************


#********** Integration by Vegas (iteration      13) ************
#                                                               *
#  integral  =  743.82157       accum. integral =  743.73384    *
#  std. dev. = 0.57554876       accum. std. dev = 0.20885091    *
#   min/max. wt. =    0.00000            0.326118E-01           *
#                                                               *
#*************   chi**2/iteration =  1.077       ****************


#********** Integration by Vegas (iteration      14) ************
#                                                               *
#  integral  =  744.74561       accum. integral =  743.85015    *
#  std. dev. = 0.58594699       accum. std. dev = 0.19663715    *
#   min/max. wt. =    0.00000            0.517632E-01           *
#                                                               *
#*************   chi**2/iteration =  1.200       ****************


#********** Integration by Vegas (iteration      15) ************
#                                                               *
#  integral  =  744.74255       accum. integral =  743.94239    *
#  std. dev. = 0.58514199       accum. std. dev = 0.18632675    *
#   min/max. wt. =    0.00000            0.180065E-01           *
#                                                               *
#*************   chi**2/iteration =  1.265       ****************

 ****************************************************
 * Writing out vegas grid to ./data/output.grid                                                      
 ****************************************************

  Input parameters for vegas:  ndim=  9   ncall= 80707214.
                              it=    0    itmx=    2
                              acc=-1.00    
                              mds=  1     nd=  50
                              (xl,xu)= (  0.00000     ,  1.00000     )
                                       (  0.00000     ,  1.00000     )
                                       (  0.00000     ,  1.00000     )
                                       (  0.00000     ,  1.00000     )
                                       (  0.00000     ,  1.00000     )
                                       (  0.00000     ,  1.00000     )
                                       (  0.00000     ,  1.00000     )
                                       (  0.00000     ,  1.00000     )
                                       (  0.00000     ,  1.00000     )

#********** Integration by Vegas (iteration       1) ************
#                                                               *
#  integral  =  744.53267       accum. integral =  744.53267    *
#  std. dev. = 0.59828072       accum. std. dev = 0.59828072    *
#   min/max. wt. =    0.00000            0.749641E-01           *
#                                                               *
#*************   chi**2/iteration =  0.000       ****************


#********** Integration by Vegas (iteration       2) ************
#                                                               *
#  integral  =  742.87613       accum. integral =  743.71507    *
#  std. dev. = 0.60469384       accum. std. dev = 0.42529255    *
#   min/max. wt. =    0.00000            0.383055E-01           *
#                                                               *
#*************   chi**2/iteration =  3.788       ****************

 Done
