SLURM job running in:  /work-zfs/lhc/heshy/JHUGen/xsecs/JHUGen/JHUGenerator
LHAPDF 6.1.5 loading /work-zfs/lhc/cms/slc6_amd64_gcc493/external/lhapdf/6.1.5-kpegke3/share/LHAPDF/NNPDF30_lo_as_0130/NNPDF30_lo_as_0130_0000.dat
NNPDF30_lo_as_0130 PDF set, member #0, version 2; LHAPDF ID = 263000
 extending no. of histograms for vbf tests
 
                                                                                          
   ***************************************************************************************
   *                                JHU Generator v6.9.9                                 *
   ***************************************************************************************
   *                                                                                     *
   *   Spin and parity determination of single-produced resonances at hadron colliders   *
   *                                                                                     *
   *          I. Anderson, S. Bolognesi, F. Caola, Y. Gao, A. Gritsan, Z. Guo,           *
   *        C. Martin, K. Melnikov, R.Rontsch, H. Roskes, U. Sarica, M. Schulze,         *
   *                   N. Tran, A. Whitbeck, M. Xiao, C. You, Y. Zhou                    *
   *                Phys.Rev. D81 (2010) 075022;  arXiv:1001.3396 [hep-ph],              *
   *                Phys.Rev. D86 (2012) 095031;  arXiv:1208.4018 [hep-ph],              *
   *                Phys.Rev. D89 (2014) 035007;  arXiv:1309.4819 [hep-ph].              *
   *                                                                                     *
   ***************************************************************************************
                                                                                          
   
   Command line: ./JHUGen Unweighted=0 VegasNc0=99999999 VegasNc1=99999999 VegasNc2=99999999 LHAPDF=NNPDF30_lo_as_0130/NNPDF30_lo_as_0130.info MReso=116 ghz1=1,0 Process=60 pTjetcut=0 deltaRcut=0 pTjetcut=25 etajetcut=4.7 pTlepcut=5 etalepcut=2.5
   
   Input Parameter:
    Collider: P-P, sqrt(s)=13000.00
    Resonance: spin=0, mass= 116.00 width=   0.00407
    Z-boson: mass=91.188, width=2.4952
    W-boson: mass=80.399, width=2.0850
    Jet cuts:
            pT >=    25.00 GeV
         |eta| <=     4.70
        DeltaR >=     0.00
           mJJ >=     0.00 GeV
           m4l_min/max      -1.00     -1.00 GeV
    Random seed:   503310770
    To reproduce results using this seed, JHUGen should be compiled with the same compiler:
      GNU Fortran (GCC) 4.8.2
    
    WidthScheme:   2
    LHAPDF set NNPDF30_lo_as_0130/NNPDF30_lo_as_0130.info, member=  0
    Unweighted: F
    Intermediate off-shell photons: F
    
    spin-0-VV couplings: 
      generate_as=F
      ghg2=  0.10000000E+01  0.00000000E+00i
      ghg3=  0.00000000E+00  0.00000000E+00i
      ghg4=  0.00000000E+00  0.00000000E+00i
      ghz1=  0.10000000E+01  0.00000000E+00i
      ghz2=  0.00000000E+00  0.00000000E+00i
      ghz3=  0.00000000E+00  0.00000000E+00i
      ghz4=  0.00000000E+00  0.00000000E+00i
      Lambda=  1000.0
    
    LHE output: ./data/output.lhe
    Histogram output: ./data/output.dat
    Log file: ./data/output.log
    
  Running

  Input parameters for vegas:  ndim=  9   ncall= 80707214.
                              it=    0    itmx=   15
                              acc=-1.00    
                              mds=  1     nd=  50
                              (xl,xu)= (  0.00000     ,  1.00000     )
                                       (  0.00000     ,  1.00000     )
                                       (  0.00000     ,  1.00000     )
                                       (  0.00000     ,  1.00000     )
                                       (  0.00000     ,  1.00000     )
                                       (  0.00000     ,  1.00000     )
                                       (  0.00000     ,  1.00000     )
                                       (  0.00000     ,  1.00000     )
                                       (  0.00000     ,  1.00000     )

#********** Integration by Vegas (iteration       1) ************
#                                                               *
#  integral  =  448.55617       accum. integral =  448.55617    *
#  std. dev. =  24.617022       accum. std. dev =  24.617022    *
#   min/max. wt. =    0.00000             15.7183               *
#                                                               *
#*************   chi**2/iteration = 0.9605E-10   ****************


#********** Integration by Vegas (iteration       2) ************
#                                                               *
#  integral  =  628.75595       accum. integral =  565.76375    *
#  std. dev. =  25.296844       accum. std. dev =  17.721012    *
#   min/max. wt. =    0.00000             14.3885               *
#                                                               *
#*************   chi**2/iteration =  23.49       ****************


#********** Integration by Vegas (iteration       3) ************
#                                                               *
#  integral  =  673.77662       accum. integral =  657.26147    *
#  std. dev. =  9.2883169       accum. std. dev =  7.5080693    *
#   min/max. wt. =    0.00000             6.10607               *
#                                                               *
#*************   chi**2/iteration =  23.40       ****************


#********** Integration by Vegas (iteration       4) ************
#                                                               *
#  integral  =  681.17232       accum. integral =  679.16134    *
#  std. dev. =  2.6189531       accum. std. dev =  2.2641217    *
#   min/max. wt. =    0.00000             1.20571               *
#                                                               *
#*************   chi**2/iteration =  17.30       ****************


#********** Integration by Vegas (iteration       5) ************
#                                                               *
#  integral  =  683.86797       accum. integral =  683.26052    *
#  std. dev. = 0.96866240       accum. std. dev = 0.83230130    *
#   min/max. wt. =    0.00000            0.173165               *
#                                                               *
#*************   chi**2/iteration =  13.29       ****************


#********** Integration by Vegas (iteration       6) ************
#                                                               *
#  integral  =  684.33874       accum. integral =  683.97401    *
#  std. dev. = 0.64677605       accum. std. dev = 0.49133297    *
#   min/max. wt. =    0.00000            0.579316E-01           *
#                                                               *
#*************   chi**2/iteration =  10.53       ****************


#********** Integration by Vegas (iteration       7) ************
#                                                               *
#  integral  =  685.32209       accum. integral =  684.60842    *
#  std. dev. = 0.55883551       accum. std. dev = 0.36130216    *
#   min/max. wt. =    0.00000            0.370664E-01           *
#                                                               *
#*************   chi**2/iteration =  9.173       ****************


#********** Integration by Vegas (iteration       8) ************
#                                                               *
#  integral  =  684.94494       accum. integral =  684.71857    *
#  std. dev. = 0.54926245       accum. std. dev = 0.29862625    *
#   min/max. wt. =    0.00000            0.794703E-01           *
#                                                               *
#*************   chi**2/iteration =  7.782       ****************


#********** Integration by Vegas (iteration       9) ************
#                                                               *
#  integral  =  684.92455       accum. integral =  684.77201    *
#  std. dev. = 0.53093061       accum. std. dev = 0.25851506    *
#   min/max. wt. =    0.00000            0.505045E-01           *
#                                                               *
#*************   chi**2/iteration =  6.745       ****************


#********** Integration by Vegas (iteration      10) ************
#                                                               *
#  integral  =  685.02852       accum. integral =  684.82601    *
#  std. dev. = 0.52373422       accum. std. dev = 0.23077872    *
#   min/max. wt. =    0.00000            0.373460E-01           *
#                                                               *
#*************   chi**2/iteration =  5.962       ****************


#********** Integration by Vegas (iteration      11) ************
#                                                               *
#  integral  =  684.71627       accum. integral =  684.80683    *
#  std. dev. = 0.52198248       accum. std. dev = 0.21043910    *
#   min/max. wt. =    0.00000            0.371913E-01           *
#                                                               *
#*************   chi**2/iteration =  5.329       ****************


#********** Integration by Vegas (iteration      12) ************
#                                                               *
#  integral  =  684.44432       accum. integral =  684.75335    *
#  std. dev. = 0.52429027       accum. std. dev = 0.19489622    *
#   min/max. wt. =    0.00000            0.275829E-01           *
#                                                               *
#*************   chi**2/iteration =  4.855       ****************


#********** Integration by Vegas (iteration      13) ************
#                                                               *
#  integral  =  683.44306       accum. integral =  684.58582    *
#  std. dev. = 0.52520862       accum. std. dev = 0.18246270    *
#   min/max. wt. =    0.00000            0.355477E-01           *
#                                                               *
#*************   chi**2/iteration =  4.907       ****************


#********** Integration by Vegas (iteration      14) ************
#                                                               *
#  integral  =  685.02260       accum. integral =  684.63391    *
#  std. dev. = 0.53514619       accum. std. dev = 0.17251982    *
#   min/max. wt. =    0.00000            0.248194E-01           *
#                                                               *
#*************   chi**2/iteration =  4.557       ****************


#********** Integration by Vegas (iteration      15) ************
#                                                               *
#  integral  =  684.52739       accum. integral =  684.62372    *
#  std. dev. = 0.54548377       accum. std. dev = 0.16437435    *
#   min/max. wt. =    0.00000            0.858162E-01           *
#                                                               *
#*************   chi**2/iteration =  4.218       ****************

 ****************************************************
 * Writing out vegas grid to ./data/output.grid                                                      
 ****************************************************

  Input parameters for vegas:  ndim=  9   ncall= 80707214.
                              it=    0    itmx=    2
                              acc=-1.00    
                              mds=  1     nd=  50
                              (xl,xu)= (  0.00000     ,  1.00000     )
                                       (  0.00000     ,  1.00000     )
                                       (  0.00000     ,  1.00000     )
                                       (  0.00000     ,  1.00000     )
                                       (  0.00000     ,  1.00000     )
                                       (  0.00000     ,  1.00000     )
                                       (  0.00000     ,  1.00000     )
                                       (  0.00000     ,  1.00000     )
                                       (  0.00000     ,  1.00000     )

#********** Integration by Vegas (iteration       1) ************
#                                                               *
#  integral  =  684.79133       accum. integral =  684.79133    *
#  std. dev. = 0.54294372       accum. std. dev = 0.54294372    *
#   min/max. wt. =    0.00000            0.210989E-01           *
#                                                               *
#*************   chi**2/iteration =  0.000       ****************


#********** Integration by Vegas (iteration       2) ************
#                                                               *
#  integral  =  685.34468       accum. integral =  685.06218    *
#  std. dev. = 0.55494865       accum. std. dev = 0.38809739    *
#   min/max. wt. =    0.00000            0.128957               *
#                                                               *
#*************   chi**2/iteration = 0.5075       ****************

 Done
