SLURM job running in:  /work-zfs/lhc/heshy/JHUGen/xsecs/JHUGen/JHUGenerator
LHAPDF 6.1.5 loading /work-zfs/lhc/cms/slc6_amd64_gcc493/external/lhapdf/6.1.5-kpegke3/share/LHAPDF/NNPDF30_lo_as_0130/NNPDF30_lo_as_0130_0000.dat
NNPDF30_lo_as_0130 PDF set, member #0, version 2; LHAPDF ID = 263000
 extending no. of histograms for vbf tests
 
                                                                                          
   ***************************************************************************************
   *                                JHU Generator v6.9.9                                 *
   ***************************************************************************************
   *                                                                                     *
   *   Spin and parity determination of single-produced resonances at hadron colliders   *
   *                                                                                     *
   *          I. Anderson, S. Bolognesi, F. Caola, Y. Gao, A. Gritsan, Z. Guo,           *
   *        C. Martin, K. Melnikov, R.Rontsch, H. Roskes, U. Sarica, M. Schulze,         *
   *                   N. Tran, A. Whitbeck, M. Xiao, C. You, Y. Zhou                    *
   *                Phys.Rev. D81 (2010) 075022;  arXiv:1001.3396 [hep-ph],              *
   *                Phys.Rev. D86 (2012) 095031;  arXiv:1208.4018 [hep-ph],              *
   *                Phys.Rev. D89 (2014) 035007;  arXiv:1309.4819 [hep-ph].              *
   *                                                                                     *
   ***************************************************************************************
                                                                                          
   
   Command line: ./JHUGen Unweighted=0 VegasNc0=99999999 VegasNc1=99999999 VegasNc2=99999999 LHAPDF=NNPDF30_lo_as_0130/NNPDF30_lo_as_0130.info MReso=1370 ghz1=1,0 Process=60 pTjetcut=0 deltaRcut=0 pTjetcut=25 etajetcut=4.7 pTlepcut=5 etalepcut=2.5
   
   Input Parameter:
    Collider: P-P, sqrt(s)=13000.00
    Resonance: spin=0, mass=1370.00 width=   0.00407
    Z-boson: mass=91.188, width=2.4952
    W-boson: mass=80.399, width=2.0850
    Jet cuts:
            pT >=    25.00 GeV
         |eta| <=     4.70
        DeltaR >=     0.00
           mJJ >=     0.00 GeV
           m4l_min/max      -1.00     -1.00 GeV
    Random seed:   262900013
    To reproduce results using this seed, JHUGen should be compiled with the same compiler:
      GNU Fortran (GCC) 4.8.2
    
    WidthScheme:   2
    LHAPDF set NNPDF30_lo_as_0130/NNPDF30_lo_as_0130.info, member=  0
    Unweighted: F
    Intermediate off-shell photons: F
    
    spin-0-VV couplings: 
      generate_as=F
      ghg2=  0.10000000E+01  0.00000000E+00i
      ghg3=  0.00000000E+00  0.00000000E+00i
      ghg4=  0.00000000E+00  0.00000000E+00i
      ghz1=  0.10000000E+01  0.00000000E+00i
      ghz2=  0.00000000E+00  0.00000000E+00i
      ghz3=  0.00000000E+00  0.00000000E+00i
      ghz4=  0.00000000E+00  0.00000000E+00i
      Lambda=  1000.0
    
    LHE output: ./data/output.lhe
    Histogram output: ./data/output.dat
    Log file: ./data/output.log
    
  Running

  Input parameters for vegas:  ndim=  9   ncall= 80707214.
                              it=    0    itmx=   15
                              acc=-1.00    
                              mds=  1     nd=  50
                              (xl,xu)= (  0.00000     ,  1.00000     )
                                       (  0.00000     ,  1.00000     )
                                       (  0.00000     ,  1.00000     )
                                       (  0.00000     ,  1.00000     )
                                       (  0.00000     ,  1.00000     )
                                       (  0.00000     ,  1.00000     )
                                       (  0.00000     ,  1.00000     )
                                       (  0.00000     ,  1.00000     )
                                       (  0.00000     ,  1.00000     )

#********** Integration by Vegas (iteration       1) ************
#                                                               *
#  integral  =  1.5679486       accum. integral =  1.5679486    *
#  std. dev. = 0.13865907E-01   accum. std. dev = 0.13865907E-01*
#   min/max. wt. =    0.00000            0.748761E-02           *
#                                                               *
#*************   chi**2/iteration = -.4620E-08   ****************


#********** Integration by Vegas (iteration       2) ************
#                                                               *
#  integral  =  1.6910514       accum. integral =  1.5731318    *
#  std. dev. = 0.71329086E-01   accum. std. dev = 0.14113653E-01*
#   min/max. wt. =    0.00000            0.700992E-01           *
#                                                               *
#*************   chi**2/iteration =  3.065       ****************


#********** Integration by Vegas (iteration       3) ************
#                                                               *
#  integral  =  2.1746613       accum. integral =  1.5961770    *
#  std. dev. = 0.94302401E-01   accum. std. dev = 0.15533030E-01*
#   min/max. wt. =    0.00000            0.648034E-01           *
#                                                               *
#*************   chi**2/iteration =  28.83       ****************


#********** Integration by Vegas (iteration       4) ************
#                                                               *
#  integral  =  3.0416885       accum. integral =  1.6167697    *
#  std. dev. = 0.21475615       accum. std. dev = 0.18510410E-01*
#   min/max. wt. =    0.00000            0.199910               *
#                                                               *
#*************   chi**2/iteration =  41.88       ****************


#********** Integration by Vegas (iteration       5) ************
#                                                               *
#  integral  =  3.0704629       accum. integral =  2.4812152    *
#  std. dev. = 0.21362942E-01   accum. std. dev = 0.12860234E-01*
#   min/max. wt. =    0.00000            0.835519E-02           *
#                                                               *
#*************   chi**2/iteration =  796.2       ****************


#********** Integration by Vegas (iteration       6) ************
#                                                               *
#  integral  =  3.0801009       accum. integral =  3.0511174    *
#  std. dev. = 0.37267413E-02   accum. std. dev = 0.29787057E-02*
#   min/max. wt. =    0.00000            0.912528E-03           *
#                                                               *
#*************   chi**2/iteration =  946.8       ****************


#********** Integration by Vegas (iteration       7) ************
#                                                               *
#  integral  =  3.0765021       accum. integral =  3.0702665    *
#  std. dev. = 0.20721191E-02   accum. std. dev = 0.15267191E-02*
#   min/max. wt. =    0.00000            0.173457E-03           *
#                                                               *
#*************   chi**2/iteration =  746.4       ****************


#********** Integration by Vegas (iteration       8) ************
#                                                               *
#  integral  =  3.0780127       accum. integral =  3.0741081    *
#  std. dev. = 0.18153298E-02   accum. std. dev = 0.11101136E-02*
#   min/max. wt. =    0.00000            0.140089E-03           *
#                                                               *
#*************   chi**2/iteration =  611.7       ****************


#********** Integration by Vegas (iteration       9) ************
#                                                               *
#  integral  =  3.0773140       accum. integral =  3.0752358    *
#  std. dev. = 0.17349804E-02   accum. std. dev = 0.90980000E-03*
#   min/max. wt. =    0.00000            0.731907E-04           *
#                                                               *
#*************   chi**2/iteration =  516.9       ****************


#********** Integration by Vegas (iteration      10) ************
#                                                               *
#  integral  =  3.0766282       accum. integral =  3.0756053    *
#  std. dev. = 0.17117958E-02   accum. std. dev = 0.79059271E-03*
#   min/max. wt. =    0.00000            0.823979E-04           *
#                                                               *
#*************   chi**2/iteration =  447.1       ****************


#********** Integration by Vegas (iteration      11) ************
#                                                               *
#  integral  =  3.0748412       accum. integral =  3.0754436    *
#  std. dev. = 0.17004971E-02   accum. std. dev = 0.70962667E-03*
#   min/max. wt. =    0.00000            0.848202E-04           *
#                                                               *
#*************   chi**2/iteration =  393.7       ****************


#********** Integration by Vegas (iteration      12) ************
#                                                               *
#  integral  =  3.0740724       accum. integral =  3.0752064    *
#  std. dev. = 0.17104541E-02   accum. std. dev = 0.65109987E-03*
#   min/max. wt. =    0.00000            0.913012E-04           *
#                                                               *
#*************   chi**2/iteration =  351.7       ****************


#********** Integration by Vegas (iteration      13) ************
#                                                               *
#  integral  =  3.0759286       accum. integral =  3.0753103    *
#  std. dev. = 0.17357694E-02   accum. std. dev = 0.60691885E-03*
#   min/max. wt. =    0.00000            0.913941E-04           *
#                                                               *
#*************   chi**2/iteration =  317.6       ****************


#********** Integration by Vegas (iteration      14) ************
#                                                               *
#  integral  =  3.0748629       accum. integral =  3.0752553    *
#  std. dev. = 0.17577438E-02   accum. std. dev = 0.57193561E-03*
#   min/max. wt. =    0.00000            0.119065E-03           *
#                                                               *
#*************   chi**2/iteration =  289.5       ****************


#********** Integration by Vegas (iteration      15) ************
#                                                               *
#  integral  =  3.0771682       accum. integral =  3.0754631    *
#  std. dev. = 0.17673492E-02   accum. std. dev = 0.54291605E-03*
#   min/max. wt. =    0.00000            0.830780E-04           *
#                                                               *
#*************   chi**2/iteration =  266.0       ****************

 ****************************************************
 * Writing out vegas grid to ./data/output.grid                                                      
 ****************************************************

  Input parameters for vegas:  ndim=  9   ncall= 80707214.
                              it=    0    itmx=    2
                              acc=-1.00    
                              mds=  1     nd=  50
                              (xl,xu)= (  0.00000     ,  1.00000     )
                                       (  0.00000     ,  1.00000     )
                                       (  0.00000     ,  1.00000     )
                                       (  0.00000     ,  1.00000     )
                                       (  0.00000     ,  1.00000     )
                                       (  0.00000     ,  1.00000     )
                                       (  0.00000     ,  1.00000     )
                                       (  0.00000     ,  1.00000     )
                                       (  0.00000     ,  1.00000     )

#********** Integration by Vegas (iteration       1) ************
#                                                               *
#  integral  =  3.0744444       accum. integral =  3.0744444    *
#  std. dev. = 0.17984561E-02   accum. std. dev = 0.17984561E-02*
#   min/max. wt. =    0.00000            0.193527E-03           *
#                                                               *
#*************   chi**2/iteration =  0.000       ****************


#********** Integration by Vegas (iteration       2) ************
#                                                               *
#  integral  =  3.0767373       accum. integral =  3.0755939    *
#  std. dev. = 0.17950289E-02   accum. std. dev = 0.12704862E-02*
#   min/max. wt. =    0.00000            0.147229E-03           *
#                                                               *
#*************   chi**2/iteration = 0.8134       ****************

 Done
