SLURM job running in:  /work-zfs/lhc/heshy/JHUGen/xsecs/JHUGen/JHUGenerator
LHAPDF 6.1.5 loading /work-zfs/lhc/cms/slc6_amd64_gcc493/external/lhapdf/6.1.5-kpegke3/share/LHAPDF/NNPDF30_lo_as_0130/NNPDF30_lo_as_0130_0000.dat
NNPDF30_lo_as_0130 PDF set, member #0, version 2; LHAPDF ID = 263000
 extending no. of histograms for vbf tests
 
                                                                                          
   ***************************************************************************************
   *                                JHU Generator v6.9.9                                 *
   ***************************************************************************************
   *                                                                                     *
   *   Spin and parity determination of single-produced resonances at hadron colliders   *
   *                                                                                     *
   *          I. Anderson, S. Bolognesi, F. Caola, Y. Gao, A. Gritsan, Z. Guo,           *
   *        C. Martin, K. Melnikov, R.Rontsch, H. Roskes, U. Sarica, M. Schulze,         *
   *                   N. Tran, A. Whitbeck, M. Xiao, C. You, Y. Zhou                    *
   *                Phys.Rev. D81 (2010) 075022;  arXiv:1001.3396 [hep-ph],              *
   *                Phys.Rev. D86 (2012) 095031;  arXiv:1208.4018 [hep-ph],              *
   *                Phys.Rev. D89 (2014) 035007;  arXiv:1309.4819 [hep-ph].              *
   *                                                                                     *
   ***************************************************************************************
                                                                                          
   
   Command line: ./JHUGen Unweighted=0 VegasNc0=99999999 VegasNc1=99999999 VegasNc2=99999999 LHAPDF=NNPDF30_lo_as_0130/NNPDF30_lo_as_0130.info MReso=166 ghz1=1,0 Process=60 pTjetcut=0 deltaRcut=0 pTjetcut=25 etajetcut=4.7 pTlepcut=5 etalepcut=2.5
   
   Input Parameter:
    Collider: P-P, sqrt(s)=13000.00
    Resonance: spin=0, mass= 166.00 width=   0.00407
    Z-boson: mass=91.188, width=2.4952
    W-boson: mass=80.399, width=2.0850
    Jet cuts:
            pT >=    25.00 GeV
         |eta| <=     4.70
        DeltaR >=     0.00
           mJJ >=     0.00 GeV
           m4l_min/max      -1.00     -1.00 GeV
    Random seed:   355353582
    To reproduce results using this seed, JHUGen should be compiled with the same compiler:
      GNU Fortran (GCC) 4.8.2
    
    WidthScheme:   2
    LHAPDF set NNPDF30_lo_as_0130/NNPDF30_lo_as_0130.info, member=  0
    Unweighted: F
    Intermediate off-shell photons: F
    
    spin-0-VV couplings: 
      generate_as=F
      ghg2=  0.10000000E+01  0.00000000E+00i
      ghg3=  0.00000000E+00  0.00000000E+00i
      ghg4=  0.00000000E+00  0.00000000E+00i
      ghz1=  0.10000000E+01  0.00000000E+00i
      ghz2=  0.00000000E+00  0.00000000E+00i
      ghz3=  0.00000000E+00  0.00000000E+00i
      ghz4=  0.00000000E+00  0.00000000E+00i
      Lambda=  1000.0
    
    LHE output: ./data/output.lhe
    Histogram output: ./data/output.dat
    Log file: ./data/output.log
    
  Running

  Input parameters for vegas:  ndim=  9   ncall= 80707214.
                              it=    0    itmx=   15
                              acc=-1.00    
                              mds=  1     nd=  50
                              (xl,xu)= (  0.00000     ,  1.00000     )
                                       (  0.00000     ,  1.00000     )
                                       (  0.00000     ,  1.00000     )
                                       (  0.00000     ,  1.00000     )
                                       (  0.00000     ,  1.00000     )
                                       (  0.00000     ,  1.00000     )
                                       (  0.00000     ,  1.00000     )
                                       (  0.00000     ,  1.00000     )
                                       (  0.00000     ,  1.00000     )

#********** Integration by Vegas (iteration       1) ************
#                                                               *
#  integral  =  303.71205       accum. integral =  303.71205    *
#  std. dev. =  15.130191       accum. std. dev =  15.130191    *
#   min/max. wt. =    0.00000             8.15707               *
#                                                               *
#*************   chi**2/iteration =  0.000       ****************


#********** Integration by Vegas (iteration       2) ************
#                                                               *
#  integral  =  435.42057       accum. integral =  327.19844    *
#  std. dev. =  46.563040       accum. std. dev =  16.951719    *
#   min/max. wt. =    0.00000             45.8561               *
#                                                               *
#*************   chi**2/iteration =  8.836       ****************


#********** Integration by Vegas (iteration       3) ************
#                                                               *
#  integral  =  438.28435       accum. integral =  426.73825    *
#  std. dev. =  6.7407586       accum. std. dev =  5.7865009    *
#   min/max. wt. =    0.00000             2.89024               *
#                                                               *
#*************   chi**2/iteration =  21.10       ****************


#********** Integration by Vegas (iteration       4) ************
#                                                               *
#  integral  =  461.06833       accum. integral =  456.73208    *
#  std. dev. =  2.5522789       accum. std. dev =  2.1435549    *
#   min/max. wt. =    0.00000             1.25048               *
#                                                               *
#*************   chi**2/iteration =  22.38       ****************


#********** Integration by Vegas (iteration       5) ************
#                                                               *
#  integral  =  463.00734       accum. integral =  462.01528    *
#  std. dev. =  1.0381285       accum. std. dev = 0.87326362    *
#   min/max. wt. =    0.00000            0.370368               *
#                                                               *
#*************   chi**2/iteration =  17.71       ****************


#********** Integration by Vegas (iteration       6) ************
#                                                               *
#  integral  =  462.02271       accum. integral =  462.02128    *
#  std. dev. = 0.46452557       accum. std. dev = 0.38929108    *
#   min/max. wt. =    0.00000            0.521700E-01           *
#                                                               *
#*************   chi**2/iteration =  13.74       ****************


#********** Integration by Vegas (iteration       7) ************
#                                                               *
#  integral  =  462.61088       accum. integral =  462.34171    *
#  std. dev. = 0.38300388       accum. std. dev = 0.26587852    *
#   min/max. wt. =    0.00000            0.569189E-01           *
#                                                               *
#*************   chi**2/iteration =  11.41       ****************


#********** Integration by Vegas (iteration       8) ************
#                                                               *
#  integral  =  461.91178       accum. integral =  462.17657    *
#  std. dev. = 0.35699411       accum. std. dev = 0.21027397    *
#   min/max. wt. =    0.00000            0.270756E-01           *
#                                                               *
#*************   chi**2/iteration =  9.774       ****************


#********** Integration by Vegas (iteration       9) ************
#                                                               *
#  integral  =  462.85098       accum. integral =  462.36827    *
#  std. dev. = 0.35180610       accum. std. dev = 0.17899650    *
#   min/max. wt. =    0.00000            0.293930E-01           *
#                                                               *
#*************   chi**2/iteration =  8.809       ****************


#********** Integration by Vegas (iteration      10) ************
#                                                               *
#  integral  =  461.51685       accum. integral =  462.17556    *
#  std. dev. = 0.34578067       accum. std. dev = 0.15816266    *
#   min/max. wt. =    0.00000            0.207730E-01           *
#                                                               *
#*************   chi**2/iteration =  8.323       ****************


#********** Integration by Vegas (iteration      11) ************
#                                                               *
#  integral  =  462.35143       accum. integral =  462.20790    *
#  std. dev. = 0.34723125       accum. std. dev = 0.14344170    *
#   min/max. wt. =    0.00000            0.189873E-01           *
#                                                               *
#*************   chi**2/iteration =  7.455       ****************


#********** Integration by Vegas (iteration      12) ************
#                                                               *
#  integral  =  462.11841       accum. integral =  462.19419    *
#  std. dev. = 0.34989085       accum. std. dev = 0.13241821    *
#   min/max. wt. =    0.00000            0.227861E-01           *
#                                                               *
#*************   chi**2/iteration =  6.740       ****************


#********** Integration by Vegas (iteration      13) ************
#                                                               *
#  integral  =  461.94222       accum. integral =  462.16125    *
#  std. dev. = 0.35295515       accum. std. dev = 0.12378398    *
#   min/max. wt. =    0.00000            0.204670E-01           *
#                                                               *
#*************   chi**2/iteration =  6.185       ****************


#********** Integration by Vegas (iteration      14) ************
#                                                               *
#  integral  =  462.64789       accum. integral =  462.21682    *
#  std. dev. = 0.35597248       accum. std. dev = 0.11677665    *
#   min/max. wt. =    0.00000            0.176818E-01           *
#                                                               *
#*************   chi**2/iteration =  5.818       ****************


#********** Integration by Vegas (iteration      15) ************
#                                                               *
#  integral  =  462.27103       accum. integral =  462.22219    *
#  std. dev. = 0.36249041       accum. std. dev = 0.11106129    *
#   min/max. wt. =    0.00000            0.290825E-01           *
#                                                               *
#*************   chi**2/iteration =  5.382       ****************

 ****************************************************
 * Writing out vegas grid to ./data/output.grid                                                      
 ****************************************************

  Input parameters for vegas:  ndim=  9   ncall= 80707214.
                              it=    0    itmx=    2
                              acc=-1.00    
                              mds=  1     nd=  50
                              (xl,xu)= (  0.00000     ,  1.00000     )
                                       (  0.00000     ,  1.00000     )
                                       (  0.00000     ,  1.00000     )
                                       (  0.00000     ,  1.00000     )
                                       (  0.00000     ,  1.00000     )
                                       (  0.00000     ,  1.00000     )
                                       (  0.00000     ,  1.00000     )
                                       (  0.00000     ,  1.00000     )
                                       (  0.00000     ,  1.00000     )

#********** Integration by Vegas (iteration       1) ************
#                                                               *
#  integral  =  462.66407       accum. integral =  462.66407    *
#  std. dev. = 0.36502221       accum. std. dev = 0.36502221    *
#   min/max. wt. =    0.00000            0.173037E-01           *
#                                                               *
#*************   chi**2/iteration = 0.4369E-06   ****************


#********** Integration by Vegas (iteration       2) ************
#                                                               *
#  integral  =  462.86365       accum. integral =  462.76180    *
#  std. dev. = 0.37281487       accum. std. dev = 0.26082234    *
#   min/max. wt. =    0.00000            0.186596E-01           *
#                                                               *
#*************   chi**2/iteration = 0.1462       ****************

 Done
