SLURM job running in:  /work-zfs/lhc/heshy/JHUGen/xsecs/JHUGen/JHUGenerator
LHAPDF 6.1.5 loading /work-zfs/lhc/cms/slc6_amd64_gcc493/external/lhapdf/6.1.5-kpegke3/share/LHAPDF/NNPDF30_lo_as_0130/NNPDF30_lo_as_0130_0000.dat
NNPDF30_lo_as_0130 PDF set, member #0, version 2; LHAPDF ID = 263000
 extending no. of histograms for vbf tests
 
                                                                                          
   ***************************************************************************************
   *                                JHU Generator v6.9.9                                 *
   ***************************************************************************************
   *                                                                                     *
   *   Spin and parity determination of single-produced resonances at hadron colliders   *
   *                                                                                     *
   *          I. Anderson, S. Bolognesi, F. Caola, Y. Gao, A. Gritsan, Z. Guo,           *
   *        C. Martin, K. Melnikov, R.Rontsch, H. Roskes, U. Sarica, M. Schulze,         *
   *                   N. Tran, A. Whitbeck, M. Xiao, C. You, Y. Zhou                    *
   *                Phys.Rev. D81 (2010) 075022;  arXiv:1001.3396 [hep-ph],              *
   *                Phys.Rev. D86 (2012) 095031;  arXiv:1208.4018 [hep-ph],              *
   *                Phys.Rev. D89 (2014) 035007;  arXiv:1309.4819 [hep-ph].              *
   *                                                                                     *
   ***************************************************************************************
                                                                                          
   
   Command line: ./JHUGen Unweighted=0 VegasNc0=99999999 VegasNc1=99999999 VegasNc2=99999999 LHAPDF=NNPDF30_lo_as_0130/NNPDF30_lo_as_0130.info MReso=1950 ghz1=1,0 Process=60 pTjetcut=0 deltaRcut=0 pTjetcut=25 etajetcut=4.7 pTlepcut=5 etalepcut=2.5
   
   Input Parameter:
    Collider: P-P, sqrt(s)=13000.00
    Resonance: spin=0, mass=1950.00 width=   0.00407
    Z-boson: mass=91.188, width=2.4952
    W-boson: mass=80.399, width=2.0850
    Jet cuts:
            pT >=    25.00 GeV
         |eta| <=     4.70
        DeltaR >=     0.00
           mJJ >=     0.00 GeV
           m4l_min/max      -1.00     -1.00 GeV
    Random seed:   760845740
    To reproduce results using this seed, JHUGen should be compiled with the same compiler:
      GNU Fortran (GCC) 4.8.2
    
    WidthScheme:   2
    LHAPDF set NNPDF30_lo_as_0130/NNPDF30_lo_as_0130.info, member=  0
    Unweighted: F
    Intermediate off-shell photons: F
    
    spin-0-VV couplings: 
      generate_as=F
      ghg2=  0.10000000E+01  0.00000000E+00i
      ghg3=  0.00000000E+00  0.00000000E+00i
      ghg4=  0.00000000E+00  0.00000000E+00i
      ghz1=  0.10000000E+01  0.00000000E+00i
      ghz2=  0.00000000E+00  0.00000000E+00i
      ghz3=  0.00000000E+00  0.00000000E+00i
      ghz4=  0.00000000E+00  0.00000000E+00i
      Lambda=  1000.0
    
    LHE output: ./data/output.lhe
    Histogram output: ./data/output.dat
    Log file: ./data/output.log
    
  Running

  Input parameters for vegas:  ndim=  9   ncall= 80707214.
                              it=    0    itmx=   15
                              acc=-1.00    
                              mds=  1     nd=  50
                              (xl,xu)= (  0.00000     ,  1.00000     )
                                       (  0.00000     ,  1.00000     )
                                       (  0.00000     ,  1.00000     )
                                       (  0.00000     ,  1.00000     )
                                       (  0.00000     ,  1.00000     )
                                       (  0.00000     ,  1.00000     )
                                       (  0.00000     ,  1.00000     )
                                       (  0.00000     ,  1.00000     )
                                       (  0.00000     ,  1.00000     )

#********** Integration by Vegas (iteration       1) ************
#                                                               *
#  integral  = 0.31718368       accum. integral = 0.31718368    *
#  std. dev. = 0.92760416E-03   accum. std. dev = 0.92760416E-03*
#   min/max. wt. =    0.00000            0.356926E-03           *
#                                                               *
#*************   chi**2/iteration = -.4839E-07   ****************


#********** Integration by Vegas (iteration       2) ************
#                                                               *
#  integral  = 0.34970453       accum. integral = 0.31735868    *
#  std. dev. = 0.13904244E-01   accum. std. dev = 0.97368622E-03*
#   min/max. wt. =    0.00000            0.122350E-01           *
#                                                               *
#*************   chi**2/iteration =  5.965       ****************


#********** Integration by Vegas (iteration       3) ************
#                                                               *
#  integral  = 0.39368818       accum. integral = 0.31755913    *
#  std. dev. = 0.22376860E-01   accum. std. dev = 0.10337863E-02*
#   min/max. wt. =    0.00000            0.204732E-01           *
#                                                               *
#*************   chi**2/iteration =  9.776       ****************


#********** Integration by Vegas (iteration       4) ************
#                                                               *
#  integral  = 0.57540368       accum. integral = 0.31869077    *
#  std. dev. = 0.25243675E-01   accum. std. dev = 0.12236032E-02*
#   min/max. wt. =    0.00000            0.109943E-01           *
#                                                               *
#*************   chi**2/iteration =  69.29       ****************


#********** Integration by Vegas (iteration       5) ************
#                                                               *
#  integral  = 0.66161374       accum. integral = 0.31933211    *
#  std. dev. = 0.44422776E-01   accum. std. dev = 0.13905596E-02*
#   min/max. wt. =    0.00000            0.438498E-01           *
#                                                               *
#*************   chi**2/iteration =  68.54       ****************


#********** Integration by Vegas (iteration       6) ************
#                                                               *
#  integral  = 0.62869628       accum. integral = 0.37511846    *
#  std. dev. = 0.38920655E-02   accum. std. dev = 0.13326944E-02*
#   min/max. wt. =    0.00000            0.116829E-02           *
#                                                               *
#*************   chi**2/iteration =  1642.       ****************


#********** Integration by Vegas (iteration       7) ************
#                                                               *
#  integral  = 0.63374948       accum. integral = 0.59389582    *
#  std. dev. = 0.71108045E-03   accum. std. dev = 0.54377270E-03*
#   min/max. wt. =    0.00000            0.119893E-03           *
#                                                               *
#*************   chi**2/iteration =  6180.       ****************


#********** Integration by Vegas (iteration       8) ************
#                                                               *
#  integral  = 0.63397308       accum. integral = 0.62242643    *
#  std. dev. = 0.41620307E-03   accum. std. dev = 0.29992767E-03*
#   min/max. wt. =    0.00000            0.227407E-04           *
#                                                               *
#*************   chi**2/iteration =  5540.       ****************


#********** Integration by Vegas (iteration       9) ************
#                                                               *
#  integral  = 0.63272913       accum. integral = 0.62754575    *
#  std. dev. = 0.35266246E-03   accum. std. dev = 0.21701575E-03*
#   min/max. wt. =    0.00000            0.237309E-04           *
#                                                               *
#*************   chi**2/iteration =  4729.       ****************


#********** Integration by Vegas (iteration      10) ************
#                                                               *
#  integral  = 0.63262674       accum. integral = 0.62932628    *
#  std. dev. = 0.33840095E-03   accum. std. dev = 0.17761133E-03*
#   min/max. wt. =    0.00000            0.202068E-04           *
#                                                               *
#*************   chi**2/iteration =  4097.       ****************


#********** Integration by Vegas (iteration      11) ************
#                                                               *
#  integral  = 0.63299900       accum. integral = 0.63030207    *
#  std. dev. = 0.33323156E-03   accum. std. dev = 0.15408028E-03*
#   min/max. wt. =    0.00000            0.170338E-04           *
#                                                               *
#*************   chi**2/iteration =  3609.       ****************


#********** Integration by Vegas (iteration      12) ************
#                                                               *
#  integral  = 0.63261483       accum. integral = 0.63077268    *
#  std. dev. = 0.33962126E-03   accum. std. dev = 0.13888805E-03*
#   min/max. wt. =    0.00000            0.187916E-04           *
#                                                               *
#*************   chi**2/iteration =  3220.       ****************


#********** Integration by Vegas (iteration      13) ************
#                                                               *
#  integral  = 0.63337541       accum. integral = 0.63120718    *
#  std. dev. = 0.34264464E-03   accum. std. dev = 0.12783265E-03*
#   min/max. wt. =    0.00000            0.157922E-04           *
#                                                               *
#*************   chi**2/iteration =  2908.       ****************


#********** Integration by Vegas (iteration      14) ************
#                                                               *
#  integral  = 0.63290043       accum. integral = 0.63144403    *
#  std. dev. = 0.34689471E-03   accum. std. dev = 0.11938907E-03*
#   min/max. wt. =    0.00000            0.332649E-04           *
#                                                               *
#*************   chi**2/iteration =  2648.       ****************


#********** Integration by Vegas (iteration      15) ************
#                                                               *
#  integral  = 0.63321470       accum. integral = 0.63166746    *
#  std. dev. = 0.34158484E-03   accum. std. dev = 0.11227802E-03*
#   min/max. wt. =    0.00000            0.144201E-04           *
#                                                               *
#*************   chi**2/iteration =  2432.       ****************

 ****************************************************
 * Writing out vegas grid to ./data/output.grid                                                      
 ****************************************************

  Input parameters for vegas:  ndim=  9   ncall= 80707214.
                              it=    0    itmx=    2
                              acc=-1.00    
                              mds=  1     nd=  50
                              (xl,xu)= (  0.00000     ,  1.00000     )
                                       (  0.00000     ,  1.00000     )
                                       (  0.00000     ,  1.00000     )
                                       (  0.00000     ,  1.00000     )
                                       (  0.00000     ,  1.00000     )
                                       (  0.00000     ,  1.00000     )
                                       (  0.00000     ,  1.00000     )
                                       (  0.00000     ,  1.00000     )
                                       (  0.00000     ,  1.00000     )

#********** Integration by Vegas (iteration       1) ************
#                                                               *
#  integral  = 0.63273041       accum. integral = 0.63273041    *
#  std. dev. = 0.34274697E-03   accum. std. dev = 0.34274697E-03*
#   min/max. wt. =    0.00000            0.182301E-04           *
#                                                               *
#*************   chi**2/iteration =  0.000       ****************


#********** Integration by Vegas (iteration       2) ************
#                                                               *
#  integral  = 0.63312139       accum. integral = 0.63292337    *
#  std. dev. = 0.34742021E-03   accum. std. dev = 0.24399519E-03*
#   min/max. wt. =    0.00000            0.343316E-04           *
#                                                               *
#*************   chi**2/iteration = 0.6412       ****************

 Done
