SLURM job running in:  /work-zfs/lhc/heshy/JHUGen/xsecs/JHUGen/JHUGenerator
LHAPDF 6.1.5 loading /work-zfs/lhc/cms/slc6_amd64_gcc493/external/lhapdf/6.1.5-kpegke3/share/LHAPDF/NNPDF30_lo_as_0130/NNPDF30_lo_as_0130_0000.dat
NNPDF30_lo_as_0130 PDF set, member #0, version 2; LHAPDF ID = 263000
 extending no. of histograms for vbf tests
 
                                                                                          
   ***************************************************************************************
   *                                JHU Generator v6.9.9                                 *
   ***************************************************************************************
   *                                                                                     *
   *   Spin and parity determination of single-produced resonances at hadron colliders   *
   *                                                                                     *
   *          I. Anderson, S. Bolognesi, F. Caola, Y. Gao, A. Gritsan, Z. Guo,           *
   *        C. Martin, K. Melnikov, R.Rontsch, H. Roskes, U. Sarica, M. Schulze,         *
   *                   N. Tran, A. Whitbeck, M. Xiao, C. You, Y. Zhou                    *
   *                Phys.Rev. D81 (2010) 075022;  arXiv:1001.3396 [hep-ph],              *
   *                Phys.Rev. D86 (2012) 095031;  arXiv:1208.4018 [hep-ph],              *
   *                Phys.Rev. D89 (2014) 035007;  arXiv:1309.4819 [hep-ph].              *
   *                                                                                     *
   ***************************************************************************************
                                                                                          
   
   Command line: ./JHUGen Unweighted=0 VegasNc0=99999999 VegasNc1=99999999 VegasNc2=99999999 LHAPDF=NNPDF30_lo_as_0130/NNPDF30_lo_as_0130.info MReso=272 ghz1=1,0 Process=60 pTjetcut=0 deltaRcut=0 pTjetcut=25 etajetcut=4.7 pTlepcut=5 etalepcut=2.5
   
   Input Parameter:
    Collider: P-P, sqrt(s)=13000.00
    Resonance: spin=0, mass= 272.00 width=   0.00407
    Z-boson: mass=91.188, width=2.4952
    W-boson: mass=80.399, width=2.0850
    Jet cuts:
            pT >=    25.00 GeV
         |eta| <=     4.70
        DeltaR >=     0.00
           mJJ >=     0.00 GeV
           m4l_min/max      -1.00     -1.00 GeV
    Random seed:   147651932
    To reproduce results using this seed, JHUGen should be compiled with the same compiler:
      GNU Fortran (GCC) 4.8.2
    
    WidthScheme:   2
    LHAPDF set NNPDF30_lo_as_0130/NNPDF30_lo_as_0130.info, member=  0
    Unweighted: F
    Intermediate off-shell photons: F
    
    spin-0-VV couplings: 
      generate_as=F
      ghg2=  0.10000000E+01  0.00000000E+00i
      ghg3=  0.00000000E+00  0.00000000E+00i
      ghg4=  0.00000000E+00  0.00000000E+00i
      ghz1=  0.10000000E+01  0.00000000E+00i
      ghz2=  0.00000000E+00  0.00000000E+00i
      ghz3=  0.00000000E+00  0.00000000E+00i
      ghz4=  0.00000000E+00  0.00000000E+00i
      Lambda=  1000.0
    
    LHE output: ./data/output.lhe
    Histogram output: ./data/output.dat
    Log file: ./data/output.log
    
  Running

  Input parameters for vegas:  ndim=  9   ncall= 80707214.
                              it=    0    itmx=   15
                              acc=-1.00    
                              mds=  1     nd=  50
                              (xl,xu)= (  0.00000     ,  1.00000     )
                                       (  0.00000     ,  1.00000     )
                                       (  0.00000     ,  1.00000     )
                                       (  0.00000     ,  1.00000     )
                                       (  0.00000     ,  1.00000     )
                                       (  0.00000     ,  1.00000     )
                                       (  0.00000     ,  1.00000     )
                                       (  0.00000     ,  1.00000     )
                                       (  0.00000     ,  1.00000     )

#********** Integration by Vegas (iteration       1) ************
#                                                               *
#  integral  =  123.96145       accum. integral =  123.96145    *
#  std. dev. =  2.2807945       accum. std. dev =  2.2807945    *
#   min/max. wt. =    0.00000             1.74587               *
#                                                               *
#*************   chi**2/iteration =  0.000       ****************


#********** Integration by Vegas (iteration       2) ************
#                                                               *
#  integral  =  182.24247       accum. integral =  136.30634    *
#  std. dev. =  6.4681876       accum. std. dev =  2.5457828    *
#   min/max. wt. =    0.00000             3.66489               *
#                                                               *
#*************   chi**2/iteration =  87.41       ****************


#********** Integration by Vegas (iteration       3) ************
#                                                               *
#  integral  =  222.12558       accum. integral =  159.86219    *
#  std. dev. =  5.8990038       accum. std. dev =  2.5136743    *
#   min/max. wt. =    0.00000             3.75915               *
#                                                               *
#*************   chi**2/iteration =  148.5       ****************


#********** Integration by Vegas (iteration       4) ************
#                                                               *
#  integral  =  223.11174       accum. integral =  215.46082    *
#  std. dev. =  1.1515543       accum. std. dev = 0.92986889    *
#   min/max. wt. =    0.00000            0.730998               *
#                                                               *
#*************   chi**2/iteration =  251.5       ****************


#********** Integration by Vegas (iteration       5) ************
#                                                               *
#  integral  =  224.40682       accum. integral =  223.49816    *
#  std. dev. = 0.36512956       accum. std. dev = 0.30694555    *
#   min/max. wt. =    0.00000            0.635665E-01           *
#                                                               *
#*************   chi**2/iteration =  195.2       ****************


#********** Integration by Vegas (iteration       6) ************
#                                                               *
#  integral  =  225.20762       accum. integral =  224.75335    *
#  std. dev. = 0.20894847       accum. std. dev = 0.16188558    *
#   min/max. wt. =    0.00000            0.421878E-01           *
#                                                               *
#*************   chi**2/iteration =  153.6       ****************


#********** Integration by Vegas (iteration       7) ************
#                                                               *
#  integral  =  224.86464       accum. integral =  224.81011    *
#  std. dev. = 0.17522978       accum. std. dev = 0.11508205    *
#   min/max. wt. =    0.00000            0.987301E-02           *
#                                                               *
#*************   chi**2/iteration =  124.1       ****************


#********** Integration by Vegas (iteration       8) ************
#                                                               *
#  integral  =  224.87139       accum. integral =  224.83276    *
#  std. dev. = 0.16343941       accum. std. dev = 0.92409319E-01*
#   min/max. wt. =    0.00000            0.101608E-01           *
#                                                               *
#*************   chi**2/iteration =  104.0       ****************


#********** Integration by Vegas (iteration       9) ************
#                                                               *
#  integral  =  225.01056       accum. integral =  224.88226    *
#  std. dev. = 0.16005921       accum. std. dev = 0.79182068E-01*
#   min/max. wt. =    0.00000            0.767715E-02           *
#                                                               *
#*************   chi**2/iteration =  89.59       ****************


#********** Integration by Vegas (iteration      10) ************
#                                                               *
#  integral  =  224.92672       accum. integral =  224.89196    *
#  std. dev. = 0.15985995       accum. std. dev = 0.70494936E-01*
#   min/max. wt. =    0.00000            0.121014E-01           *
#                                                               *
#*************   chi**2/iteration =  78.57       ****************


#********** Integration by Vegas (iteration      11) ************
#                                                               *
#  integral  =  224.92019       accum. integral =  224.89706    *
#  std. dev. = 0.15902401       accum. std. dev = 0.64164644E-01*
#   min/max. wt. =    0.00000            0.102800E-01           *
#                                                               *
#*************   chi**2/iteration =  69.94       ****************


#********** Integration by Vegas (iteration      12) ************
#                                                               *
#  integral  =  224.87985       accum. integral =  224.89443    *
#  std. dev. = 0.15901593       accum. std. dev = 0.59322120E-01*
#   min/max. wt. =    0.00000            0.612617E-02           *
#                                                               *
#*************   chi**2/iteration =  63.01       ****************


#********** Integration by Vegas (iteration      13) ************
#                                                               *
#  integral  =  225.25896       accum. integral =  224.94275    *
#  std. dev. = 0.15932910       accum. std. dev = 0.55467492E-01*
#   min/max. wt. =    0.00000            0.672156E-02           *
#                                                               *
#*************   chi**2/iteration =  57.72       ****************


#********** Integration by Vegas (iteration      14) ************
#                                                               *
#  integral  =  224.88913       accum. integral =  224.93667    *
#  std. dev. = 0.16196602       accum. std. dev = 0.52396805E-01*
#   min/max. wt. =    0.00000            0.144655E-01           *
#                                                               *
#*************   chi**2/iteration =  52.95       ****************


#********** Integration by Vegas (iteration      15) ************
#                                                               *
#  integral  =  224.82502       accum. integral =  224.92553    *
#  std. dev. = 0.16371596       accum. std. dev = 0.49849535E-01*
#   min/max. wt. =    0.00000            0.697250E-02           *
#                                                               *
#*************   chi**2/iteration =  48.93       ****************

 ****************************************************
 * Writing out vegas grid to ./data/output.grid                                                      
 ****************************************************

  Input parameters for vegas:  ndim=  9   ncall= 80707214.
                              it=    0    itmx=    2
                              acc=-1.00    
                              mds=  1     nd=  50
                              (xl,xu)= (  0.00000     ,  1.00000     )
                                       (  0.00000     ,  1.00000     )
                                       (  0.00000     ,  1.00000     )
                                       (  0.00000     ,  1.00000     )
                                       (  0.00000     ,  1.00000     )
                                       (  0.00000     ,  1.00000     )
                                       (  0.00000     ,  1.00000     )
                                       (  0.00000     ,  1.00000     )
                                       (  0.00000     ,  1.00000     )

#********** Integration by Vegas (iteration       1) ************
#                                                               *
#  integral  =  225.25044       accum. integral =  225.25044    *
#  std. dev. = 0.16669035       accum. std. dev = 0.16669035    *
#   min/max. wt. =    0.00000            0.804383E-02           *
#                                                               *
#*************   chi**2/iteration =  0.000       ****************


#********** Integration by Vegas (iteration       2) ************
#                                                               *
#  integral  =  225.13950       accum. integral =  225.19577    *
#  std. dev. = 0.16901626       accum. std. dev = 0.11868126    *
#   min/max. wt. =    0.00000            0.156648E-01           *
#                                                               *
#*************   chi**2/iteration = 0.2182       ****************

 Done
