SLURM job running in:  /work-zfs/lhc/heshy/JHUGen/xsecs/JHUGen/JHUGenerator
LHAPDF 6.1.5 loading /work-zfs/lhc/cms/slc6_amd64_gcc493/external/lhapdf/6.1.5-kpegke3/share/LHAPDF/NNPDF30_lo_as_0130/NNPDF30_lo_as_0130_0000.dat
NNPDF30_lo_as_0130 PDF set, member #0, version 2; LHAPDF ID = 263000
 extending no. of histograms for vbf tests
 
                                                                                          
   ***************************************************************************************
   *                                JHU Generator v6.9.9                                 *
   ***************************************************************************************
   *                                                                                     *
   *   Spin and parity determination of single-produced resonances at hadron colliders   *
   *                                                                                     *
   *          I. Anderson, S. Bolognesi, F. Caola, Y. Gao, A. Gritsan, Z. Guo,           *
   *        C. Martin, K. Melnikov, R.Rontsch, H. Roskes, U. Sarica, M. Schulze,         *
   *                   N. Tran, A. Whitbeck, M. Xiao, C. You, Y. Zhou                    *
   *                Phys.Rev. D81 (2010) 075022;  arXiv:1001.3396 [hep-ph],              *
   *                Phys.Rev. D86 (2012) 095031;  arXiv:1208.4018 [hep-ph],              *
   *                Phys.Rev. D89 (2014) 035007;  arXiv:1309.4819 [hep-ph].              *
   *                                                                                     *
   ***************************************************************************************
                                                                                          
   
   Command line: ./JHUGen Unweighted=0 VegasNc0=99999999 VegasNc1=99999999 VegasNc2=99999999 LHAPDF=NNPDF30_lo_as_0130/NNPDF30_lo_as_0130.info MReso=2850 ghz1=1,0 Process=60 pTjetcut=0 deltaRcut=0 pTjetcut=25 etajetcut=4.7 pTlepcut=5 etalepcut=2.5
   
   Input Parameter:
    Collider: P-P, sqrt(s)=13000.00
    Resonance: spin=0, mass=2850.00 width=   0.00407
    Z-boson: mass=91.188, width=2.4952
    W-boson: mass=80.399, width=2.0850
    Jet cuts:
            pT >=    25.00 GeV
         |eta| <=     4.70
        DeltaR >=     0.00
           mJJ >=     0.00 GeV
           m4l_min/max      -1.00     -1.00 GeV
    Random seed:   891028155
    To reproduce results using this seed, JHUGen should be compiled with the same compiler:
      GNU Fortran (GCC) 4.8.2
    
    WidthScheme:   2
    LHAPDF set NNPDF30_lo_as_0130/NNPDF30_lo_as_0130.info, member=  0
    Unweighted: F
    Intermediate off-shell photons: F
    
    spin-0-VV couplings: 
      generate_as=F
      ghg2=  0.10000000E+01  0.00000000E+00i
      ghg3=  0.00000000E+00  0.00000000E+00i
      ghg4=  0.00000000E+00  0.00000000E+00i
      ghz1=  0.10000000E+01  0.00000000E+00i
      ghz2=  0.00000000E+00  0.00000000E+00i
      ghz3=  0.00000000E+00  0.00000000E+00i
      ghz4=  0.00000000E+00  0.00000000E+00i
      Lambda=  1000.0
    
    LHE output: ./data/output.lhe
    Histogram output: ./data/output.dat
    Log file: ./data/output.log
    
  Running

  Input parameters for vegas:  ndim=  9   ncall= 80707214.
                              it=    0    itmx=   15
                              acc=-1.00    
                              mds=  1     nd=  50
                              (xl,xu)= (  0.00000     ,  1.00000     )
                                       (  0.00000     ,  1.00000     )
                                       (  0.00000     ,  1.00000     )
                                       (  0.00000     ,  1.00000     )
                                       (  0.00000     ,  1.00000     )
                                       (  0.00000     ,  1.00000     )
                                       (  0.00000     ,  1.00000     )
                                       (  0.00000     ,  1.00000     )
                                       (  0.00000     ,  1.00000     )

#********** Integration by Vegas (iteration       1) ************
#                                                               *
#  integral  = 0.35266697E-01   accum. integral = 0.35266697E-01*
#  std. dev. = 0.98353544E-04   accum. std. dev = 0.98353544E-04*
#   min/max. wt. =    0.00000            0.361512E-04           *
#                                                               *
#*************   chi**2/iteration =  0.000       ****************


#********** Integration by Vegas (iteration       2) ************
#                                                               *
#  integral  = 0.36324233E-01   accum. integral = 0.35302135E-01*
#  std. dev. = 0.54404282E-03   accum. std. dev = 0.98152032E-04*
#   min/max. wt. =    0.00000            0.386318E-03           *
#                                                               *
#*************   chi**2/iteration =  3.756       ****************


#********** Integration by Vegas (iteration       3) ************
#                                                               *
#  integral  = 0.49593800E-01   accum. integral = 0.35305318E-01*
#  std. dev. = 0.91102478E-02   accum. std. dev = 0.11217215E-03*
#   min/max. wt. =    0.00000            0.887435E-02           *
#                                                               *
#*************   chi**2/iteration =  3.245       ****************


#********** Integration by Vegas (iteration       4) ************
#                                                               *
#  integral  = 0.51227366E-01   accum. integral = 0.35329311E-01*
#  std. dev. = 0.36149669E-02   accum. std. dev = 0.11977412E-03*
#   min/max. wt. =    0.00000            0.244125E-02           *
#                                                               *
#*************   chi**2/iteration =  10.75       ****************


#********** Integration by Vegas (iteration       5) ************
#                                                               *
#  integral  = 0.83040220E-01   accum. integral = 0.35342240E-01*
#  std. dev. = 0.13816483E-01   accum. std. dev = 0.14771550E-03*
#   min/max. wt. =    0.00000            0.132592E-01           *
#                                                               *
#*************   chi**2/iteration =  12.37       ****************


#********** Integration by Vegas (iteration       6) ************
#                                                               *
#  integral  = 0.69479445E-01   accum. integral = 0.37436715E-01*
#  std. dev. = 0.74434232E-03   accum. std. dev = 0.15077514E-03*
#   min/max. wt. =    0.00000            0.238285E-03           *
#                                                               *
#*************   chi**2/iteration =  599.2       ****************


#********** Integration by Vegas (iteration       7) ************
#                                                               *
#  integral  = 0.70284765E-01   accum. integral = 0.63880631E-01*
#  std. dev. = 0.91784320E-04   accum. std. dev = 0.69049227E-04*
#   min/max. wt. =    0.00000            0.207049E-04           *
#                                                               *
#*************   chi**2/iteration =  6383.       ****************


#********** Integration by Vegas (iteration       8) ************
#                                                               *
#  integral  = 0.70285341E-01   accum. integral = 0.68698906E-01*
#  std. dev. = 0.47254760E-04   accum. std. dev = 0.35261029E-04*
#   min/max. wt. =    0.00000            0.321093E-05           *
#                                                               *
#*************   chi**2/iteration =  6075.       ****************


#********** Integration by Vegas (iteration       9) ************
#                                                               *
#  integral  = 0.70242929E-01   accum. integral = 0.69500282E-01*
#  std. dev. = 0.39432324E-04   accum. std. dev = 0.24924813E-04*
#   min/max. wt. =    0.00000            0.420448E-05           *
#                                                               *
#*************   chi**2/iteration =  5237.       ****************


#********** Integration by Vegas (iteration      10) ************
#                                                               *
#  integral  = 0.70137728E-01   accum. integral = 0.69736728E-01*
#  std. dev. = 0.36940129E-04   accum. std. dev = 0.20058508E-04*
#   min/max. wt. =    0.00000            0.158984E-05           *
#                                                               *
#*************   chi**2/iteration =  4548.       ****************


#********** Integration by Vegas (iteration      11) ************
#                                                               *
#  integral  = 0.70300309E-01   accum. integral = 0.69893314E-01*
#  std. dev. = 0.36355200E-04   accum. std. dev = 0.17248935E-04*
#   min/max. wt. =    0.00000            0.173177E-05           *
#                                                               *
#*************   chi**2/iteration =  4019.       ****************


#********** Integration by Vegas (iteration      12) ************
#                                                               *
#  integral  = 0.70294666E-01   accum. integral = 0.69981049E-01*
#  std. dev. = 0.36228092E-04   accum. std. dev = 0.15395523E-04*
#   min/max. wt. =    0.00000            0.318183E-05           *
#                                                               *
#*************   chi**2/iteration =  3594.       ****************


#********** Integration by Vegas (iteration      13) ************
#                                                               *
#  integral  = 0.70257141E-01   accum. integral = 0.70030380E-01*
#  std. dev. = 0.36296061E-04   accum. std. dev = 0.14064280E-04*
#   min/max. wt. =    0.00000            0.179659E-05           *
#                                                               *
#*************   chi**2/iteration =  3247.       ****************


#********** Integration by Vegas (iteration      14) ************
#                                                               *
#  integral  = 0.70288606E-01   accum. integral = 0.70068237E-01*
#  std. dev. = 0.37033064E-04   accum. std. dev = 0.13080865E-04*
#   min/max. wt. =    0.00000            0.304671E-05           *
#                                                               *
#*************   chi**2/iteration =  2961.       ****************


#********** Integration by Vegas (iteration      15) ************
#                                                               *
#  integral  = 0.70281827E-01   accum. integral = 0.70095534E-01*
#  std. dev. = 0.37039176E-04   accum. std. dev = 0.12287408E-04*
#   min/max. wt. =    0.00000            0.185742E-05           *
#                                                               *
#*************   chi**2/iteration =  2720.       ****************

 ****************************************************
 * Writing out vegas grid to ./data/output.grid                                                      
 ****************************************************

  Input parameters for vegas:  ndim=  9   ncall= 80707214.
                              it=    0    itmx=    2
                              acc=-1.00    
                              mds=  1     nd=  50
                              (xl,xu)= (  0.00000     ,  1.00000     )
                                       (  0.00000     ,  1.00000     )
                                       (  0.00000     ,  1.00000     )
                                       (  0.00000     ,  1.00000     )
                                       (  0.00000     ,  1.00000     )
                                       (  0.00000     ,  1.00000     )
                                       (  0.00000     ,  1.00000     )
                                       (  0.00000     ,  1.00000     )
                                       (  0.00000     ,  1.00000     )

#********** Integration by Vegas (iteration       1) ************
#                                                               *
#  integral  = 0.70310520E-01   accum. integral = 0.70310520E-01*
#  std. dev. = 0.38036273E-04   accum. std. dev = 0.38036273E-04*
#   min/max. wt. =    0.00000            0.343186E-05           *
#                                                               *
#*************   chi**2/iteration =  0.000       ****************


#********** Integration by Vegas (iteration       2) ************
#                                                               *
#  integral  = 0.70299676E-01   accum. integral = 0.70305127E-01*
#  std. dev. = 0.38235601E-04   accum. std. dev = 0.26965893E-04*
#   min/max. wt. =    0.00000            0.348208E-05           *
#                                                               *
#*************   chi**2/iteration = 0.4038E-01   ****************

 Done
