SLURM job running in:  /work-zfs/lhc/heshy/JHUGen/xsecs/JHUGen/JHUGenerator
LHAPDF 6.1.5 loading /work-zfs/lhc/cms/slc6_amd64_gcc493/external/lhapdf/6.1.5-kpegke3/share/LHAPDF/NNPDF30_lo_as_0130/NNPDF30_lo_as_0130_0000.dat
NNPDF30_lo_as_0130 PDF set, member #0, version 2; LHAPDF ID = 263000
 extending no. of histograms for vbf tests
 
                                                                                          
   ***************************************************************************************
   *                                JHU Generator v6.9.9                                 *
   ***************************************************************************************
   *                                                                                     *
   *   Spin and parity determination of single-produced resonances at hadron colliders   *
   *                                                                                     *
   *          I. Anderson, S. Bolognesi, F. Caola, Y. Gao, A. Gritsan, Z. Guo,           *
   *        C. Martin, K. Melnikov, R.Rontsch, H. Roskes, U. Sarica, M. Schulze,         *
   *                   N. Tran, A. Whitbeck, M. Xiao, C. You, Y. Zhou                    *
   *                Phys.Rev. D81 (2010) 075022;  arXiv:1001.3396 [hep-ph],              *
   *                Phys.Rev. D86 (2012) 095031;  arXiv:1208.4018 [hep-ph],              *
   *                Phys.Rev. D89 (2014) 035007;  arXiv:1309.4819 [hep-ph].              *
   *                                                                                     *
   ***************************************************************************************
                                                                                          
   
   Command line: ./JHUGen Unweighted=0 VegasNc0=99999999 VegasNc1=99999999 VegasNc2=99999999 LHAPDF=NNPDF30_lo_as_0130/NNPDF30_lo_as_0130.info MReso=354 ghz1=1,0 Process=60 pTjetcut=0 deltaRcut=0 pTjetcut=25 etajetcut=4.7 pTlepcut=5 etalepcut=2.5
   
   Input Parameter:
    Collider: P-P, sqrt(s)=13000.00
    Resonance: spin=0, mass= 354.00 width=   0.00407
    Z-boson: mass=91.188, width=2.4952
    W-boson: mass=80.399, width=2.0850
    Jet cuts:
            pT >=    25.00 GeV
         |eta| <=     4.70
        DeltaR >=     0.00
           mJJ >=     0.00 GeV
           m4l_min/max      -1.00     -1.00 GeV
    Random seed:   844620126
    To reproduce results using this seed, JHUGen should be compiled with the same compiler:
      GNU Fortran (GCC) 4.8.2
    
    WidthScheme:   2
    LHAPDF set NNPDF30_lo_as_0130/NNPDF30_lo_as_0130.info, member=  0
    Unweighted: F
    Intermediate off-shell photons: F
    
    spin-0-VV couplings: 
      generate_as=F
      ghg2=  0.10000000E+01  0.00000000E+00i
      ghg3=  0.00000000E+00  0.00000000E+00i
      ghg4=  0.00000000E+00  0.00000000E+00i
      ghz1=  0.10000000E+01  0.00000000E+00i
      ghz2=  0.00000000E+00  0.00000000E+00i
      ghz3=  0.00000000E+00  0.00000000E+00i
      ghz4=  0.00000000E+00  0.00000000E+00i
      Lambda=  1000.0
    
    LHE output: ./data/output.lhe
    Histogram output: ./data/output.dat
    Log file: ./data/output.log
    
  Running

  Input parameters for vegas:  ndim=  9   ncall= 80707214.
                              it=    0    itmx=   15
                              acc=-1.00    
                              mds=  1     nd=  50
                              (xl,xu)= (  0.00000     ,  1.00000     )
                                       (  0.00000     ,  1.00000     )
                                       (  0.00000     ,  1.00000     )
                                       (  0.00000     ,  1.00000     )
                                       (  0.00000     ,  1.00000     )
                                       (  0.00000     ,  1.00000     )
                                       (  0.00000     ,  1.00000     )
                                       (  0.00000     ,  1.00000     )
                                       (  0.00000     ,  1.00000     )

#********** Integration by Vegas (iteration       1) ************
#                                                               *
#  integral  =  80.723194       accum. integral =  80.723194    *
#  std. dev. =  3.9857799       accum. std. dev =  3.9857799    *
#   min/max. wt. =    0.00000             2.91732               *
#                                                               *
#*************   chi**2/iteration =  0.000       ****************


#********** Integration by Vegas (iteration       2) ************
#                                                               *
#  integral  =  113.27155       accum. integral =  88.406598    *
#  std. dev. =  10.061269       accum. std. dev =  4.2445578    *
#   min/max. wt. =    0.00000             9.44230               *
#                                                               *
#*************   chi**2/iteration =  10.59       ****************


#********** Integration by Vegas (iteration       3) ************
#                                                               *
#  integral  =  130.39292       accum. integral =  117.45970    *
#  std. dev. =  3.7545276       accum. std. dev =  2.6365086    *
#   min/max. wt. =    0.00000             3.01874               *
#                                                               *
#*************   chi**2/iteration =  31.25       ****************


#********** Integration by Vegas (iteration       4) ************
#                                                               *
#  integral  =  139.59832       accum. integral =  138.22108    *
#  std. dev. = 0.86119191       accum. std. dev = 0.70583376    *
#   min/max. wt. =    0.00000            0.326298               *
#                                                               *
#*************   chi**2/iteration =  37.21       ****************


#********** Integration by Vegas (iteration       5) ************
#                                                               *
#  integral  =  139.63220       accum. integral =  139.50483    *
#  std. dev. = 0.26275244       accum. std. dev = 0.22030782    *
#   min/max. wt. =    0.00000            0.699237E-01           *
#                                                               *
#*************   chi**2/iteration =  26.70       ****************


#********** Integration by Vegas (iteration       6) ************
#                                                               *
#  integral  =  139.69711       accum. integral =  139.65638    *
#  std. dev. = 0.12998479       accum. std. dev = 0.10386179    *
#   min/max. wt. =    0.00000            0.200266E-01           *
#                                                               *
#*************   chi**2/iteration =  20.47       ****************


#********** Integration by Vegas (iteration       7) ************
#                                                               *
#  integral  =  139.74093       accum. integral =  139.70228    *
#  std. dev. = 0.10590666       accum. std. dev = 0.71385009E-01*
#   min/max. wt. =    0.00000            0.654767E-02           *
#                                                               *
#*************   chi**2/iteration =  16.56       ****************


#********** Integration by Vegas (iteration       8) ************
#                                                               *
#  integral  =  139.62660       accum. integral =  139.67337    *
#  std. dev. = 0.99160040E-01   accum. std. dev = 0.56787240E-01*
#   min/max. wt. =    0.00000            0.735873E-02           *
#                                                               *
#*************   chi**2/iteration =  13.92       ****************


#********** Integration by Vegas (iteration       9) ************
#                                                               *
#  integral  =  139.45557       accum. integral =  139.61077    *
#  std. dev. = 0.96398618E-01   accum. std. dev = 0.48367440E-01*
#   min/max. wt. =    0.00000            0.577376E-02           *
#                                                               *
#*************   chi**2/iteration =  12.49       ****************


#********** Integration by Vegas (iteration      10) ************
#                                                               *
#  integral  =  139.36117       accum. integral =  139.55446    *
#  std. dev. = 0.95681007E-01   accum. std. dev = 0.42860289E-01*
#   min/max. wt. =    0.00000            0.102914E-01           *
#                                                               *
#*************   chi**2/iteration =  11.60       ****************


#********** Integration by Vegas (iteration      11) ************
#                                                               *
#  integral  =  139.51111       accum. integral =  139.54645    *
#  std. dev. = 0.95526437E-01   accum. std. dev = 0.38918127E-01*
#   min/max. wt. =    0.00000            0.499611E-02           *
#                                                               *
#*************   chi**2/iteration =  10.34       ****************


#********** Integration by Vegas (iteration      12) ************
#                                                               *
#  integral  =  139.43749       accum. integral =  139.52936    *
#  std. dev. = 0.95195945E-01   accum. std. dev = 0.35904135E-01*
#   min/max. wt. =    0.00000            0.669936E-02           *
#                                                               *
#*************   chi**2/iteration =  9.427       ****************


#********** Integration by Vegas (iteration      13) ************
#                                                               *
#  integral  =  139.46525       accum. integral =  139.52078    *
#  std. dev. = 0.95935779E-01   accum. std. dev = 0.33547856E-01*
#   min/max. wt. =    0.00000            0.628089E-02           *
#                                                               *
#*************   chi**2/iteration =  8.609       ****************


#********** Integration by Vegas (iteration      14) ************
#                                                               *
#  integral  =  139.47957       accum. integral =  139.51599    *
#  std. dev. = 0.96697603E-01   accum. std. dev = 0.31641234E-01*
#   min/max. wt. =    0.00000            0.432299E-02           *
#                                                               *
#*************   chi**2/iteration =  7.907       ****************


#********** Integration by Vegas (iteration      15) ************
#                                                               *
#  integral  =  139.55087       accum. integral =  139.51957    *
#  std. dev. = 0.97490160E-01   accum. std. dev = 0.30058104E-01*
#   min/max. wt. =    0.00000            0.456693E-02           *
#                                                               *
#*************   chi**2/iteration =  7.308       ****************

 ****************************************************
 * Writing out vegas grid to ./data/output.grid                                                      
 ****************************************************

  Input parameters for vegas:  ndim=  9   ncall= 80707214.
                              it=    0    itmx=    2
                              acc=-1.00    
                              mds=  1     nd=  50
                              (xl,xu)= (  0.00000     ,  1.00000     )
                                       (  0.00000     ,  1.00000     )
                                       (  0.00000     ,  1.00000     )
                                       (  0.00000     ,  1.00000     )
                                       (  0.00000     ,  1.00000     )
                                       (  0.00000     ,  1.00000     )
                                       (  0.00000     ,  1.00000     )
                                       (  0.00000     ,  1.00000     )
                                       (  0.00000     ,  1.00000     )

#********** Integration by Vegas (iteration       1) ************
#                                                               *
#  integral  =  139.40228       accum. integral =  139.40228    *
#  std. dev. = 0.98829588E-01   accum. std. dev = 0.98829588E-01*
#   min/max. wt. =    0.00000            0.479804E-02           *
#                                                               *
#*************   chi**2/iteration =  0.000       ****************


#********** Integration by Vegas (iteration       2) ************
#                                                               *
#  integral  =  139.47858       accum. integral =  139.43945    *
#  std. dev. = 0.10146037       accum. std. dev = 0.70795380E-01*
#   min/max. wt. =    0.00000            0.557742E-02           *
#                                                               *
#*************   chi**2/iteration = 0.2899       ****************

 Done
