SLURM job running in:  /work-zfs/lhc/heshy/JHUGen/xsecs/JHUGen/JHUGenerator
LHAPDF 6.1.5 loading /work-zfs/lhc/cms/slc6_amd64_gcc493/external/lhapdf/6.1.5-kpegke3/share/LHAPDF/NNPDF30_lo_as_0130/NNPDF30_lo_as_0130_0000.dat
NNPDF30_lo_as_0130 PDF set, member #0, version 2; LHAPDF ID = 263000
 extending no. of histograms for vbf tests
 
                                                                                          
   ***************************************************************************************
   *                                JHU Generator v6.9.9                                 *
   ***************************************************************************************
   *                                                                                     *
   *   Spin and parity determination of single-produced resonances at hadron colliders   *
   *                                                                                     *
   *          I. Anderson, S. Bolognesi, F. Caola, Y. Gao, A. Gritsan, Z. Guo,           *
   *        C. Martin, K. Melnikov, R.Rontsch, H. Roskes, U. Sarica, M. Schulze,         *
   *                   N. Tran, A. Whitbeck, M. Xiao, C. You, Y. Zhou                    *
   *                Phys.Rev. D81 (2010) 075022;  arXiv:1001.3396 [hep-ph],              *
   *                Phys.Rev. D86 (2012) 095031;  arXiv:1208.4018 [hep-ph],              *
   *                Phys.Rev. D89 (2014) 035007;  arXiv:1309.4819 [hep-ph].              *
   *                                                                                     *
   ***************************************************************************************
                                                                                          
   
   Command line: ./JHUGen Unweighted=0 VegasNc0=99999999 VegasNc1=99999999 VegasNc2=99999999 LHAPDF=NNPDF30_lo_as_0130/NNPDF30_lo_as_0130.info MReso=372 ghz1=1,0 Process=60 pTjetcut=0 deltaRcut=0 pTjetcut=25 etajetcut=4.7 pTlepcut=5 etalepcut=2.5
   
   Input Parameter:
    Collider: P-P, sqrt(s)=13000.00
    Resonance: spin=0, mass= 372.00 width=   0.00407
    Z-boson: mass=91.188, width=2.4952
    W-boson: mass=80.399, width=2.0850
    Jet cuts:
            pT >=    25.00 GeV
         |eta| <=     4.70
        DeltaR >=     0.00
           mJJ >=     0.00 GeV
           m4l_min/max      -1.00     -1.00 GeV
    Random seed:   669557030
    To reproduce results using this seed, JHUGen should be compiled with the same compiler:
      GNU Fortran (GCC) 4.8.2
    
    WidthScheme:   2
    LHAPDF set NNPDF30_lo_as_0130/NNPDF30_lo_as_0130.info, member=  0
    Unweighted: F
    Intermediate off-shell photons: F
    
    spin-0-VV couplings: 
      generate_as=F
      ghg2=  0.10000000E+01  0.00000000E+00i
      ghg3=  0.00000000E+00  0.00000000E+00i
      ghg4=  0.00000000E+00  0.00000000E+00i
      ghz1=  0.10000000E+01  0.00000000E+00i
      ghz2=  0.00000000E+00  0.00000000E+00i
      ghz3=  0.00000000E+00  0.00000000E+00i
      ghz4=  0.00000000E+00  0.00000000E+00i
      Lambda=  1000.0
    
    LHE output: ./data/output.lhe
    Histogram output: ./data/output.dat
    Log file: ./data/output.log
    
  Running

  Input parameters for vegas:  ndim=  9   ncall= 80707214.
                              it=    0    itmx=   15
                              acc=-1.00    
                              mds=  1     nd=  50
                              (xl,xu)= (  0.00000     ,  1.00000     )
                                       (  0.00000     ,  1.00000     )
                                       (  0.00000     ,  1.00000     )
                                       (  0.00000     ,  1.00000     )
                                       (  0.00000     ,  1.00000     )
                                       (  0.00000     ,  1.00000     )
                                       (  0.00000     ,  1.00000     )
                                       (  0.00000     ,  1.00000     )
                                       (  0.00000     ,  1.00000     )

#********** Integration by Vegas (iteration       1) ************
#                                                               *
#  integral  =  80.056020       accum. integral =  80.056020    *
#  std. dev. =  11.205471       accum. std. dev =  11.205471    *
#   min/max. wt. =    0.00000             11.1435               *
#                                                               *
#*************   chi**2/iteration = -.7243E-11   ****************


#********** Integration by Vegas (iteration       2) ************
#                                                               *
#  integral  =  97.467915       accum. integral =  94.846129    *
#  std. dev. =  5.7439502       accum. std. dev =  4.8441499    *
#   min/max. wt. =    0.00000             4.25088               *
#                                                               *
#*************   chi**2/iteration =  1.651       ****************


#********** Integration by Vegas (iteration       3) ************
#                                                               *
#  integral  =  122.47832       accum. integral =  116.93238    *
#  std. dev. =  3.3334784       accum. std. dev =  2.4699030    *
#   min/max. wt. =    0.00000             1.75454               *
#                                                               *
#*************   chi**2/iteration =  10.67       ****************


#********** Integration by Vegas (iteration       4) ************
#                                                               *
#  integral  =  125.56763       accum. integral =  125.13045    *
#  std. dev. = 0.70557710       accum. std. dev = 0.59143520    *
#   min/max. wt. =    0.00000            0.434629               *
#                                                               *
#*************   chi**2/iteration =  9.697       ****************


#********** Integration by Vegas (iteration       5) ************
#                                                               *
#  integral  =  126.42599       accum. integral =  126.29595    *
#  std. dev. = 0.23121576       accum. std. dev = 0.19418823    *
#   min/max. wt. =    0.00000            0.461161E-01           *
#                                                               *
#*************   chi**2/iteration =  7.777       ****************


#********** Integration by Vegas (iteration       6) ************
#                                                               *
#  integral  =  126.30598       accum. integral =  126.30394    *
#  std. dev. = 0.11090297       accum. std. dev = 0.89672624E-01*
#   min/max. wt. =    0.00000            0.743586E-02           *
#                                                               *
#*************   chi**2/iteration =  5.952       ****************


#********** Integration by Vegas (iteration       7) ************
#                                                               *
#  integral  =  126.59019       accum. integral =  126.45689    *
#  std. dev. = 0.92578092E-01   accum. std. dev = 0.62159070E-01*
#   min/max. wt. =    0.00000            0.501807E-02           *
#                                                               *
#*************   chi**2/iteration =  5.686       ****************


#********** Integration by Vegas (iteration       8) ************
#                                                               *
#  integral  =  126.46694       accum. integral =  126.46058    *
#  std. dev. = 0.88786917E-01   accum. std. dev = 0.50016326E-01*
#   min/max. wt. =    0.00000            0.521004E-02           *
#                                                               *
#*************   chi**2/iteration =  4.766       ****************


#********** Integration by Vegas (iteration       9) ************
#                                                               *
#  integral  =  126.70421       accum. integral =  126.52783    *
#  std. dev. = 0.87273746E-01   accum. std. dev = 0.42935672E-01*
#   min/max. wt. =    0.00000            0.473007E-02           *
#                                                               *
#*************   chi**2/iteration =  4.901       ****************


#********** Integration by Vegas (iteration      10) ************
#                                                               *
#  integral  =  126.56694       accum. integral =  126.53649    *
#  std. dev. = 0.85893588E-01   accum. std. dev = 0.38146241E-01*
#   min/max. wt. =    0.00000            0.327847E-02           *
#                                                               *
#*************   chi**2/iteration =  4.318       ****************


#********** Integration by Vegas (iteration      11) ************
#                                                               *
#  integral  =  126.64576       accum. integral =  126.55603    *
#  std. dev. = 0.86662197E-01   accum. std. dev = 0.34761876E-01*
#   min/max. wt. =    0.00000            0.587305E-02           *
#                                                               *
#*************   chi**2/iteration =  3.988       ****************


#********** Integration by Vegas (iteration      12) ************
#                                                               *
#  integral  =  126.58170       accum. integral =  126.55996    *
#  std. dev. = 0.86172718E-01   accum. std. dev = 0.32138407E-01*
#   min/max. wt. =    0.00000            0.473159E-02           *
#                                                               *
#*************   chi**2/iteration =  3.600       ****************


#********** Integration by Vegas (iteration      13) ************
#                                                               *
#  integral  =  126.63486       accum. integral =  126.56970    *
#  std. dev. = 0.87227820E-01   accum. std. dev = 0.30092413E-01*
#   min/max. wt. =    0.00000            0.429225E-02           *
#                                                               *
#*************   chi**2/iteration =  3.333       ****************


#********** Integration by Vegas (iteration      14) ************
#                                                               *
#  integral  =  126.63152       accum. integral =  126.57677    *
#  std. dev. = 0.87539937E-01   accum. std. dev = 0.28413235E-01*
#   min/max. wt. =    0.00000            0.698448E-02           *
#                                                               *
#*************   chi**2/iteration =  3.093       ****************


#********** Integration by Vegas (iteration      15) ************
#                                                               *
#  integral  =  126.61073       accum. integral =  126.58012    *
#  std. dev. = 0.89412682E-01   accum. std. dev = 0.27050246E-01*
#   min/max. wt. =    0.00000            0.107103E-01           *
#                                                               *
#*************   chi**2/iteration =  2.866       ****************

 ****************************************************
 * Writing out vegas grid to ./data/output.grid                                                      
 ****************************************************

  Input parameters for vegas:  ndim=  9   ncall= 80707214.
                              it=    0    itmx=    2
                              acc=-1.00    
                              mds=  1     nd=  50
                              (xl,xu)= (  0.00000     ,  1.00000     )
                                       (  0.00000     ,  1.00000     )
                                       (  0.00000     ,  1.00000     )
                                       (  0.00000     ,  1.00000     )
                                       (  0.00000     ,  1.00000     )
                                       (  0.00000     ,  1.00000     )
                                       (  0.00000     ,  1.00000     )
                                       (  0.00000     ,  1.00000     )
                                       (  0.00000     ,  1.00000     )

#********** Integration by Vegas (iteration       1) ************
#                                                               *
#  integral  =  126.67630       accum. integral =  126.67630    *
#  std. dev. = 0.89950122E-01   accum. std. dev = 0.89950122E-01*
#   min/max. wt. =    0.00000            0.656796E-02           *
#                                                               *
#*************   chi**2/iteration =  0.000       ****************


#********** Integration by Vegas (iteration       2) ************
#                                                               *
#  integral  =  126.45117       accum. integral =  126.56449    *
#  std. dev. = 0.90394160E-01   accum. std. dev = 0.63760473E-01*
#   min/max. wt. =    0.00000            0.457194E-02           *
#                                                               *
#*************   chi**2/iteration =  3.113       ****************

 Done
