SLURM job running in:  /work-zfs/lhc/heshy/JHUGen/xsecs/JHUGen/JHUGenerator
LHAPDF 6.1.5 loading /work-zfs/lhc/cms/slc6_amd64_gcc493/external/lhapdf/6.1.5-kpegke3/share/LHAPDF/NNPDF30_lo_as_0130/NNPDF30_lo_as_0130_0000.dat
NNPDF30_lo_as_0130 PDF set, member #0, version 2; LHAPDF ID = 263000
 extending no. of histograms for vbf tests
 
                                                                                          
   ***************************************************************************************
   *                                JHU Generator v6.9.9                                 *
   ***************************************************************************************
   *                                                                                     *
   *   Spin and parity determination of single-produced resonances at hadron colliders   *
   *                                                                                     *
   *          I. Anderson, S. Bolognesi, F. Caola, Y. Gao, A. Gritsan, Z. Guo,           *
   *        C. Martin, K. Melnikov, R.Rontsch, H. Roskes, U. Sarica, M. Schulze,         *
   *                   N. Tran, A. Whitbeck, M. Xiao, C. You, Y. Zhou                    *
   *                Phys.Rev. D81 (2010) 075022;  arXiv:1001.3396 [hep-ph],              *
   *                Phys.Rev. D86 (2012) 095031;  arXiv:1208.4018 [hep-ph],              *
   *                Phys.Rev. D89 (2014) 035007;  arXiv:1309.4819 [hep-ph].              *
   *                                                                                     *
   ***************************************************************************************
                                                                                          
   
   Command line: ./JHUGen Unweighted=0 VegasNc0=99999999 VegasNc1=99999999 VegasNc2=99999999 LHAPDF=NNPDF30_lo_as_0130/NNPDF30_lo_as_0130.info MReso=378 ghz1=1,0 Process=60 pTjetcut=0 deltaRcut=0 pTjetcut=25 etajetcut=4.7 pTlepcut=5 etalepcut=2.5
   
   Input Parameter:
    Collider: P-P, sqrt(s)=13000.00
    Resonance: spin=0, mass= 378.00 width=   0.00407
    Z-boson: mass=91.188, width=2.4952
    W-boson: mass=80.399, width=2.0850
    Jet cuts:
            pT >=    25.00 GeV
         |eta| <=     4.70
        DeltaR >=     0.00
           mJJ >=     0.00 GeV
           m4l_min/max      -1.00     -1.00 GeV
    Random seed:   640993406
    To reproduce results using this seed, JHUGen should be compiled with the same compiler:
      GNU Fortran (GCC) 4.8.2
    
    WidthScheme:   2
    LHAPDF set NNPDF30_lo_as_0130/NNPDF30_lo_as_0130.info, member=  0
    Unweighted: F
    Intermediate off-shell photons: F
    
    spin-0-VV couplings: 
      generate_as=F
      ghg2=  0.10000000E+01  0.00000000E+00i
      ghg3=  0.00000000E+00  0.00000000E+00i
      ghg4=  0.00000000E+00  0.00000000E+00i
      ghz1=  0.10000000E+01  0.00000000E+00i
      ghz2=  0.00000000E+00  0.00000000E+00i
      ghz3=  0.00000000E+00  0.00000000E+00i
      ghz4=  0.00000000E+00  0.00000000E+00i
      Lambda=  1000.0
    
    LHE output: ./data/output.lhe
    Histogram output: ./data/output.dat
    Log file: ./data/output.log
    
  Running

  Input parameters for vegas:  ndim=  9   ncall= 80707214.
                              it=    0    itmx=   15
                              acc=-1.00    
                              mds=  1     nd=  50
                              (xl,xu)= (  0.00000     ,  1.00000     )
                                       (  0.00000     ,  1.00000     )
                                       (  0.00000     ,  1.00000     )
                                       (  0.00000     ,  1.00000     )
                                       (  0.00000     ,  1.00000     )
                                       (  0.00000     ,  1.00000     )
                                       (  0.00000     ,  1.00000     )
                                       (  0.00000     ,  1.00000     )
                                       (  0.00000     ,  1.00000     )

#********** Integration by Vegas (iteration       1) ************
#                                                               *
#  integral  =  88.958290       accum. integral =  88.958290    *
#  std. dev. =  11.600544       accum. std. dev =  11.600544    *
#   min/max. wt. =    0.00000             8.06170               *
#                                                               *
#*************   chi**2/iteration =  0.000       ****************


#********** Integration by Vegas (iteration       2) ************
#                                                               *
#  integral  =  96.871938       accum. integral =  95.793944    *
#  std. dev. =  5.0165836       accum. std. dev =  4.4760151    *
#   min/max. wt. =    0.00000             3.25412               *
#                                                               *
#*************   chi**2/iteration = 0.3674       ****************


#********** Integration by Vegas (iteration       3) ************
#                                                               *
#  integral  =  147.71952       accum. integral =  101.99886    *
#  std. dev. =  19.299137       accum. std. dev =  5.1571467    *
#   min/max. wt. =    0.00000             14.2800               *
#                                                               *
#*************   chi**2/iteration =  5.453       ****************


#********** Integration by Vegas (iteration       4) ************
#                                                               *
#  integral  =  120.95722       accum. integral =  120.23070    *
#  std. dev. =  1.0904811       accum. std. dev =  1.0248451    *
#   min/max. wt. =    0.00000            0.222678               *
#                                                               *
#*************   chi**2/iteration =  7.730       ****************


#********** Integration by Vegas (iteration       5) ************
#                                                               *
#  integral  =  122.72805       accum. integral =  122.58773    *
#  std. dev. = 0.26474298       accum. std. dev = 0.24584946    *
#   min/max. wt. =    0.00000            0.110697               *
#                                                               *
#*************   chi**2/iteration =  7.029       ****************


#********** Integration by Vegas (iteration       6) ************
#                                                               *
#  integral  =  122.38858       accum. integral =  122.42637    *
#  std. dev. = 0.12412662       accum. std. dev = 0.10788272    *
#   min/max. wt. =    0.00000            0.852514E-02           *
#                                                               *
#*************   chi**2/iteration =  5.647       ****************


#********** Integration by Vegas (iteration       7) ************
#                                                               *
#  integral  =  122.62264       accum. integral =  122.54205    *
#  std. dev. = 0.93438692E-01   accum. std. dev = 0.69508958E-01*
#   min/max. wt. =    0.00000            0.504755E-02           *
#                                                               *
#*************   chi**2/iteration =  4.976       ****************


#********** Integration by Vegas (iteration       8) ************
#                                                               *
#  integral  =  122.59245       accum. integral =  122.56214    *
#  std. dev. = 0.88079838E-01   accum. std. dev = 0.54118482E-01*
#   min/max. wt. =    0.00000            0.125035E-01           *
#                                                               *
#*************   chi**2/iteration =  4.261       ****************


#********** Integration by Vegas (iteration       9) ************
#                                                               *
#  integral  =  122.37619       accum. integral =  122.50572    *
#  std. dev. = 0.84117452E-01   accum. std. dev = 0.45299412E-01*
#   min/max. wt. =    0.00000            0.291036E-02           *
#                                                               *
#*************   chi**2/iteration =  4.152       ****************


#********** Integration by Vegas (iteration      10) ************
#                                                               *
#  integral  =  122.53703       accum. integral =  122.51316    *
#  std. dev. = 0.83128292E-01   accum. std. dev = 0.39652509E-01*
#   min/max. wt. =    0.00000            0.714269E-02           *
#                                                               *
#*************   chi**2/iteration =  3.685       ****************


#********** Integration by Vegas (iteration      11) ************
#                                                               *
#  integral  =  122.43408       accum. integral =  122.49794    *
#  std. dev. = 0.82930039E-01   accum. std. dev = 0.35702354E-01*
#   min/max. wt. =    0.00000            0.491327E-02           *
#                                                               *
#*************   chi**2/iteration =  3.380       ****************


#********** Integration by Vegas (iteration      12) ************
#                                                               *
#  integral  =  122.58644       accum. integral =  122.51219    *
#  std. dev. = 0.83165171E-01   accum. std. dev = 0.32759058E-01*
#   min/max. wt. =    0.00000            0.787068E-02           *
#                                                               *
#*************   chi**2/iteration =  3.152       ****************


#********** Integration by Vegas (iteration      13) ************
#                                                               *
#  integral  =  122.42820       accum. integral =  122.50049    *
#  std. dev. = 0.82850186E-01   accum. std. dev = 0.30433587E-01*
#   min/max. wt. =    0.00000            0.455897E-02           *
#                                                               *
#*************   chi**2/iteration =  2.958       ****************


#********** Integration by Vegas (iteration      14) ************
#                                                               *
#  integral  =  122.47343       accum. integral =  122.49717    *
#  std. dev. = 0.82685530E-01   accum. std. dev = 0.28538287E-01*
#   min/max. wt. =    0.00000            0.434936E-02           *
#                                                               *
#*************   chi**2/iteration =  2.732       ****************


#********** Integration by Vegas (iteration      15) ************
#                                                               *
#  integral  =  122.69270       accum. integral =  122.51826    *
#  std. dev. = 0.83466244E-01   accum. std. dev = 0.26986178E-01*
#   min/max. wt. =    0.00000            0.450694E-02           *
#                                                               *
#*************   chi**2/iteration =  2.892       ****************

 ****************************************************
 * Writing out vegas grid to ./data/output.grid                                                      
 ****************************************************

  Input parameters for vegas:  ndim=  9   ncall= 80707214.
                              it=    0    itmx=    2
                              acc=-1.00    
                              mds=  1     nd=  50
                              (xl,xu)= (  0.00000     ,  1.00000     )
                                       (  0.00000     ,  1.00000     )
                                       (  0.00000     ,  1.00000     )
                                       (  0.00000     ,  1.00000     )
                                       (  0.00000     ,  1.00000     )
                                       (  0.00000     ,  1.00000     )
                                       (  0.00000     ,  1.00000     )
                                       (  0.00000     ,  1.00000     )
                                       (  0.00000     ,  1.00000     )

#********** Integration by Vegas (iteration       1) ************
#                                                               *
#  integral  =  122.52388       accum. integral =  122.52388    *
#  std. dev. = 0.84193853E-01   accum. std. dev = 0.84193853E-01*
#   min/max. wt. =    0.00000            0.691168E-02           *
#                                                               *
#*************   chi**2/iteration =  0.000       ****************


#********** Integration by Vegas (iteration       2) ************
#                                                               *
#  integral  =  122.53119       accum. integral =  122.52744    *
#  std. dev. = 0.86381944E-01   accum. std. dev = 0.60292814E-01*
#   min/max. wt. =    0.00000            0.164575E-01           *
#                                                               *
#*************   chi**2/iteration = 0.3670E-02   ****************

 Done
