SLURM job running in:  /work-zfs/lhc/heshy/JHUGen/xsecs/JHUGen/JHUGenerator
LHAPDF 6.1.5 loading /work-zfs/lhc/cms/slc6_amd64_gcc493/external/lhapdf/6.1.5-kpegke3/share/LHAPDF/NNPDF30_lo_as_0130/NNPDF30_lo_as_0130_0000.dat
NNPDF30_lo_as_0130 PDF set, member #0, version 2; LHAPDF ID = 263000
 extending no. of histograms for vbf tests
 
                                                                                          
   ***************************************************************************************
   *                                JHU Generator v6.9.9                                 *
   ***************************************************************************************
   *                                                                                     *
   *   Spin and parity determination of single-produced resonances at hadron colliders   *
   *                                                                                     *
   *          I. Anderson, S. Bolognesi, F. Caola, Y. Gao, A. Gritsan, Z. Guo,           *
   *        C. Martin, K. Melnikov, R.Rontsch, H. Roskes, U. Sarica, M. Schulze,         *
   *                   N. Tran, A. Whitbeck, M. Xiao, C. You, Y. Zhou                    *
   *                Phys.Rev. D81 (2010) 075022;  arXiv:1001.3396 [hep-ph],              *
   *                Phys.Rev. D86 (2012) 095031;  arXiv:1208.4018 [hep-ph],              *
   *                Phys.Rev. D89 (2014) 035007;  arXiv:1309.4819 [hep-ph].              *
   *                                                                                     *
   ***************************************************************************************
                                                                                          
   
   Command line: ./JHUGen Unweighted=0 VegasNc0=99999999 VegasNc1=99999999 VegasNc2=99999999 LHAPDF=NNPDF30_lo_as_0130/NNPDF30_lo_as_0130.info MReso=412 ghz1=1,0 Process=60 pTjetcut=0 deltaRcut=0 pTjetcut=25 etajetcut=4.7 pTlepcut=5 etalepcut=2.5
   
   Input Parameter:
    Collider: P-P, sqrt(s)=13000.00
    Resonance: spin=0, mass= 412.00 width=   0.00407
    Z-boson: mass=91.188, width=2.4952
    W-boson: mass=80.399, width=2.0850
    Jet cuts:
            pT >=    25.00 GeV
         |eta| <=     4.70
        DeltaR >=     0.00
           mJJ >=     0.00 GeV
           m4l_min/max      -1.00     -1.00 GeV
    Random seed:   643940438
    To reproduce results using this seed, JHUGen should be compiled with the same compiler:
      GNU Fortran (GCC) 4.8.2
    
    WidthScheme:   2
    LHAPDF set NNPDF30_lo_as_0130/NNPDF30_lo_as_0130.info, member=  0
    Unweighted: F
    Intermediate off-shell photons: F
    
    spin-0-VV couplings: 
      generate_as=F
      ghg2=  0.10000000E+01  0.00000000E+00i
      ghg3=  0.00000000E+00  0.00000000E+00i
      ghg4=  0.00000000E+00  0.00000000E+00i
      ghz1=  0.10000000E+01  0.00000000E+00i
      ghz2=  0.00000000E+00  0.00000000E+00i
      ghz3=  0.00000000E+00  0.00000000E+00i
      ghz4=  0.00000000E+00  0.00000000E+00i
      Lambda=  1000.0
    
    LHE output: ./data/output.lhe
    Histogram output: ./data/output.dat
    Log file: ./data/output.log
    
  Running

  Input parameters for vegas:  ndim=  9   ncall= 80707214.
                              it=    0    itmx=   15
                              acc=-1.00    
                              mds=  1     nd=  50
                              (xl,xu)= (  0.00000     ,  1.00000     )
                                       (  0.00000     ,  1.00000     )
                                       (  0.00000     ,  1.00000     )
                                       (  0.00000     ,  1.00000     )
                                       (  0.00000     ,  1.00000     )
                                       (  0.00000     ,  1.00000     )
                                       (  0.00000     ,  1.00000     )
                                       (  0.00000     ,  1.00000     )
                                       (  0.00000     ,  1.00000     )

#********** Integration by Vegas (iteration       1) ************
#                                                               *
#  integral  =  58.259219       accum. integral =  58.259219    *
#  std. dev. =  1.7858046       accum. std. dev =  1.7858046    *
#   min/max. wt. =    0.00000             1.33571               *
#                                                               *
#*************   chi**2/iteration =  0.000       ****************


#********** Integration by Vegas (iteration       2) ************
#                                                               *
#  integral  =  148.37299       accum. integral =  59.704067    *
#  std. dev. =  35.628608       accum. std. dev =  3.4271686    *
#   min/max. wt. =    0.00000             24.6486               *
#                                                               *
#*************   chi**2/iteration =  10.90       ****************


#********** Integration by Vegas (iteration       3) ************
#                                                               *
#  integral  =  107.22832       accum. integral =  62.665713    *
#  std. dev. =  12.647002       accum. std. dev =  3.2657159    *
#   min/max. wt. =    0.00000             9.79112               *
#                                                               *
#*************   chi**2/iteration =  11.81       ****************


#********** Integration by Vegas (iteration       4) ************
#                                                               *
#  integral  =  101.98472       accum. integral =  94.054595    *
#  std. dev. =  1.5092959       accum. std. dev =  1.4380063    *
#   min/max. wt. =    0.00000             1.14753               *
#                                                               *
#*************   chi**2/iteration =  48.31       ****************


#********** Integration by Vegas (iteration       5) ************
#                                                               *
#  integral  =  102.67024       accum. integral =  102.26944    *
#  std. dev. = 0.29987062       accum. std. dev = 0.30676570    *
#   min/max. wt. =    0.00000            0.425856E-01           *
#                                                               *
#*************   chi**2/iteration =  45.78       ****************


#********** Integration by Vegas (iteration       6) ************
#                                                               *
#  integral  =  102.66442       accum. integral =  102.62212    *
#  std. dev. = 0.10140260       accum. std. dev = 0.99643255E-01*
#   min/max. wt. =    0.00000            0.117000E-01           *
#                                                               *
#*************   chi**2/iteration =  37.48       ****************


#********** Integration by Vegas (iteration       7) ************
#                                                               *
#  integral  =  102.76180       accum. integral =  102.70571    *
#  std. dev. = 0.78566354E-01   accum. std. dev = 0.62810911E-01*
#   min/max. wt. =    0.00000            0.725046E-02           *
#                                                               *
#*************   chi**2/iteration =  31.76       ****************


#********** Integration by Vegas (iteration       8) ************
#                                                               *
#  integral  =  102.69390       accum. integral =  102.70082    *
#  std. dev. = 0.72231512E-01   accum. std. dev = 0.47878477E-01*
#   min/max. wt. =    0.00000            0.290875E-02           *
#                                                               *
#*************   chi**2/iteration =  27.45       ****************


#********** Integration by Vegas (iteration       9) ************
#                                                               *
#  integral  =  102.57538       accum. integral =  102.66251    *
#  std. dev. = 0.70034239E-01   accum. std. dev = 0.39772509E-01*
#   min/max. wt. =    0.00000            0.390512E-02           *
#                                                               *
#*************   chi**2/iteration =  24.44       ****************


#********** Integration by Vegas (iteration      10) ************
#                                                               *
#  integral  =  102.74746       accum. integral =  102.68267    *
#  std. dev. = 0.69493648E-01   accum. std. dev = 0.34646992E-01*
#   min/max. wt. =    0.00000            0.471722E-02           *
#                                                               *
#*************   chi**2/iteration =  21.96       ****************


#********** Integration by Vegas (iteration      11) ************
#                                                               *
#  integral  =  102.52986       accum. integral =  102.65302    *
#  std. dev. = 0.68854299E-01   accum. std. dev = 0.31035080E-01*
#   min/max. wt. =    0.00000            0.367500E-02           *
#                                                               *
#*************   chi**2/iteration =  20.23       ****************


#********** Integration by Vegas (iteration      12) ************
#                                                               *
#  integral  =  102.61355       accum. integral =  102.64663    *
#  std. dev. = 0.69029992E-01   accum. std. dev = 0.28358401E-01*
#   min/max. wt. =    0.00000            0.616635E-02           *
#                                                               *
#*************   chi**2/iteration =  18.48       ****************


#********** Integration by Vegas (iteration      13) ************
#                                                               *
#  integral  =  102.66588       accum. integral =  102.64931    *
#  std. dev. = 0.69105971E-01   accum. std. dev = 0.26269883E-01*
#   min/max. wt. =    0.00000            0.525728E-02           *
#                                                               *
#*************   chi**2/iteration =  17.00       ****************


#********** Integration by Vegas (iteration      14) ************
#                                                               *
#  integral  =  102.53397       accum. integral =  102.63520    *
#  std. dev. = 0.68993485E-01   accum. std. dev = 0.24576712E-01*
#   min/max. wt. =    0.00000            0.582266E-02           *
#                                                               *
#*************   chi**2/iteration =  15.92       ****************


#********** Integration by Vegas (iteration      15) ************
#                                                               *
#  integral  =  102.67122       accum. integral =  102.63911    *
#  std. dev. = 0.69271904E-01   accum. std. dev = 0.23179643E-01*
#   min/max. wt. =    0.00000            0.359470E-02           *
#                                                               *
#*************   chi**2/iteration =  14.83       ****************

 ****************************************************
 * Writing out vegas grid to ./data/output.grid                                                      
 ****************************************************

  Input parameters for vegas:  ndim=  9   ncall= 80707214.
                              it=    0    itmx=    2
                              acc=-1.00    
                              mds=  1     nd=  50
                              (xl,xu)= (  0.00000     ,  1.00000     )
                                       (  0.00000     ,  1.00000     )
                                       (  0.00000     ,  1.00000     )
                                       (  0.00000     ,  1.00000     )
                                       (  0.00000     ,  1.00000     )
                                       (  0.00000     ,  1.00000     )
                                       (  0.00000     ,  1.00000     )
                                       (  0.00000     ,  1.00000     )
                                       (  0.00000     ,  1.00000     )

#********** Integration by Vegas (iteration       1) ************
#                                                               *
#  integral  =  102.58349       accum. integral =  102.58349    *
#  std. dev. = 0.69950389E-01   accum. std. dev = 0.69950389E-01*
#   min/max. wt. =    0.00000            0.509469E-02           *
#                                                               *
#*************   chi**2/iteration =  0.000       ****************


#********** Integration by Vegas (iteration       2) ************
#                                                               *
#  integral  =  102.66185       accum. integral =  102.62193    *
#  std. dev. = 0.71331445E-01   accum. std. dev = 0.49943885E-01*
#   min/max. wt. =    0.00000            0.941609E-02           *
#                                                               *
#*************   chi**2/iteration = 0.6145       ****************

 Done
