SLURM job running in:  /work-zfs/lhc/heshy/JHUGen/xsecs/JHUGen/JHUGenerator
LHAPDF 6.1.5 loading /work-zfs/lhc/cms/slc6_amd64_gcc493/external/lhapdf/6.1.5-kpegke3/share/LHAPDF/NNPDF30_lo_as_0130/NNPDF30_lo_as_0130_0000.dat
NNPDF30_lo_as_0130 PDF set, member #0, version 2; LHAPDF ID = 263000
 extending no. of histograms for vbf tests
 
                                                                                          
   ***************************************************************************************
   *                                JHU Generator v6.9.9                                 *
   ***************************************************************************************
   *                                                                                     *
   *   Spin and parity determination of single-produced resonances at hadron colliders   *
   *                                                                                     *
   *          I. Anderson, S. Bolognesi, F. Caola, Y. Gao, A. Gritsan, Z. Guo,           *
   *        C. Martin, K. Melnikov, R.Rontsch, H. Roskes, U. Sarica, M. Schulze,         *
   *                   N. Tran, A. Whitbeck, M. Xiao, C. You, Y. Zhou                    *
   *                Phys.Rev. D81 (2010) 075022;  arXiv:1001.3396 [hep-ph],              *
   *                Phys.Rev. D86 (2012) 095031;  arXiv:1208.4018 [hep-ph],              *
   *                Phys.Rev. D89 (2014) 035007;  arXiv:1309.4819 [hep-ph].              *
   *                                                                                     *
   ***************************************************************************************
                                                                                          
   
   Command line: ./JHUGen Unweighted=0 VegasNc0=99999999 VegasNc1=99999999 VegasNc2=99999999 LHAPDF=NNPDF30_lo_as_0130/NNPDF30_lo_as_0130.info MReso=505 ghz1=1,0 Process=60 pTjetcut=0 deltaRcut=0 pTjetcut=25 etajetcut=4.7 pTlepcut=5 etalepcut=2.5
   
   Input Parameter:
    Collider: P-P, sqrt(s)=13000.00
    Resonance: spin=0, mass= 505.00 width=   0.00407
    Z-boson: mass=91.188, width=2.4952
    W-boson: mass=80.399, width=2.0850
    Jet cuts:
            pT >=    25.00 GeV
         |eta| <=     4.70
        DeltaR >=     0.00
           mJJ >=     0.00 GeV
           m4l_min/max      -1.00     -1.00 GeV
    Random seed:   137214037
    To reproduce results using this seed, JHUGen should be compiled with the same compiler:
      GNU Fortran (GCC) 4.8.2
    
    WidthScheme:   2
    LHAPDF set NNPDF30_lo_as_0130/NNPDF30_lo_as_0130.info, member=  0
    Unweighted: F
    Intermediate off-shell photons: F
    
    spin-0-VV couplings: 
      generate_as=F
      ghg2=  0.10000000E+01  0.00000000E+00i
      ghg3=  0.00000000E+00  0.00000000E+00i
      ghg4=  0.00000000E+00  0.00000000E+00i
      ghz1=  0.10000000E+01  0.00000000E+00i
      ghz2=  0.00000000E+00  0.00000000E+00i
      ghz3=  0.00000000E+00  0.00000000E+00i
      ghz4=  0.00000000E+00  0.00000000E+00i
      Lambda=  1000.0
    
    LHE output: ./data/output.lhe
    Histogram output: ./data/output.dat
    Log file: ./data/output.log
    
  Running

  Input parameters for vegas:  ndim=  9   ncall= 80707214.
                              it=    0    itmx=   15
                              acc=-1.00    
                              mds=  1     nd=  50
                              (xl,xu)= (  0.00000     ,  1.00000     )
                                       (  0.00000     ,  1.00000     )
                                       (  0.00000     ,  1.00000     )
                                       (  0.00000     ,  1.00000     )
                                       (  0.00000     ,  1.00000     )
                                       (  0.00000     ,  1.00000     )
                                       (  0.00000     ,  1.00000     )
                                       (  0.00000     ,  1.00000     )
                                       (  0.00000     ,  1.00000     )

#********** Integration by Vegas (iteration       1) ************
#                                                               *
#  integral  =  36.514690       accum. integral =  36.514690    *
#  std. dev. =  2.7102384       accum. std. dev =  2.7102384    *
#   min/max. wt. =    0.00000             2.69484               *
#                                                               *
#*************   chi**2/iteration =  0.000       ****************


#********** Integration by Vegas (iteration       2) ************
#                                                               *
#  integral  =  79.667383       accum. integral =  39.583290    *
#  std. dev. =  21.371564       accum. std. dev =  4.4329582    *
#   min/max. wt. =    0.00000             17.4360               *
#                                                               *
#*************   chi**2/iteration =  6.253       ****************


#********** Integration by Vegas (iteration       3) ************
#                                                               *
#  integral  =  66.327365       accum. integral =  54.686868    *
#  std. dev. =  4.1654369       accum. std. dev =  2.9947350    *
#   min/max. wt. =    0.00000             3.27138               *
#                                                               *
#*************   chi**2/iteration =  12.78       ****************


#********** Integration by Vegas (iteration       4) ************
#                                                               *
#  integral  =  65.504545       accum. integral =  64.713552    *
#  std. dev. = 0.86830637       accum. std. dev = 0.81641804    *
#   min/max. wt. =    0.00000            0.470673               *
#                                                               *
#*************   chi**2/iteration =  12.35       ****************


#********** Integration by Vegas (iteration       5) ************
#                                                               *
#  integral  =  65.368877       accum. integral =  65.355466    *
#  std. dev. = 0.12057954       accum. std. dev = 0.11730569    *
#   min/max. wt. =    0.00000            0.229492E-01           *
#                                                               *
#*************   chi**2/iteration =  9.338       ****************


#********** Integration by Vegas (iteration       6) ************
#                                                               *
#  integral  =  65.427575       accum. integral =  65.414009    *
#  std. dev. = 0.57498969E-01   accum. std. dev = 0.51036121E-01*
#   min/max. wt. =    0.00000            0.549253E-02           *
#                                                               *
#*************   chi**2/iteration =  7.486       ****************


#********** Integration by Vegas (iteration       7) ************
#                                                               *
#  integral  =  65.362451       accum. integral =  65.385595    *
#  std. dev. = 0.46711841E-01   accum. std. dev = 0.34263492E-01*
#   min/max. wt. =    0.00000            0.258952E-02           *
#                                                               *
#*************   chi**2/iteration =  6.307       ****************


#********** Integration by Vegas (iteration       8) ************
#                                                               *
#  integral  =  65.261454       accum. integral =  65.337552    *
#  std. dev. = 0.43575491E-01   accum. std. dev = 0.26861661E-01*
#   min/max. wt. =    0.00000            0.197806E-02           *
#                                                               *
#*************   chi**2/iteration =  6.115       ****************


#********** Integration by Vegas (iteration       9) ************
#                                                               *
#  integral  =  65.359994       accum. integral =  65.343996    *
#  std. dev. = 0.42775032E-01   accum. std. dev = 0.22706363E-01*
#   min/max. wt. =    0.00000            0.323574E-02           *
#                                                               *
#*************   chi**2/iteration =  5.363       ****************


#********** Integration by Vegas (iteration      10) ************
#                                                               *
#  integral  =  65.440896       accum. integral =  65.365715    *
#  std. dev. = 0.42699814E-01   accum. std. dev = 0.20022070E-01*
#   min/max. wt. =    0.00000            0.366278E-02           *
#                                                               *
#*************   chi**2/iteration =  5.210       ****************


#********** Integration by Vegas (iteration      11) ************
#                                                               *
#  integral  =  65.421517       accum. integral =  65.376146    *
#  std. dev. = 0.42148133E-01   accum. std. dev = 0.18069405E-01*
#   min/max. wt. =    0.00000            0.283901E-02           *
#                                                               *
#*************   chi**2/iteration =  4.826       ****************


#********** Integration by Vegas (iteration      12) ************
#                                                               *
#  integral  =  65.323183       accum. integral =  65.368019    *
#  std. dev. = 0.42738276E-01   accum. std. dev = 0.16635084E-01*
#   min/max. wt. =    0.00000            0.304432E-02           *
#                                                               *
#*************   chi**2/iteration =  4.502       ****************


#********** Integration by Vegas (iteration      13) ************
#                                                               *
#  integral  =  65.307616       accum. integral =  65.359950    *
#  std. dev. = 0.42624452E-01   accum. std. dev = 0.15491454E-01*
#   min/max. wt. =    0.00000            0.173262E-02           *
#                                                               *
#*************   chi**2/iteration =  4.269       ****************


#********** Integration by Vegas (iteration      14) ************
#                                                               *
#  integral  =  65.390566       accum. integral =  65.363429    *
#  std. dev. = 0.43566725E-01   accum. std. dev = 0.14592013E-01*
#   min/max. wt. =    0.00000            0.344491E-02           *
#                                                               *
#*************   chi**2/iteration =  3.971       ****************


#********** Integration by Vegas (iteration      15) ************
#                                                               *
#  integral  =  65.294100       accum. integral =  65.356402    *
#  std. dev. = 0.43667372E-01   accum. std. dev = 0.13837426E-01*
#   min/max. wt. =    0.00000            0.486841E-02           *
#                                                               *
#*************   chi**2/iteration =  3.848       ****************

 ****************************************************
 * Writing out vegas grid to ./data/output.grid                                                      
 ****************************************************

  Input parameters for vegas:  ndim=  9   ncall= 80707214.
                              it=    0    itmx=    2
                              acc=-1.00    
                              mds=  1     nd=  50
                              (xl,xu)= (  0.00000     ,  1.00000     )
                                       (  0.00000     ,  1.00000     )
                                       (  0.00000     ,  1.00000     )
                                       (  0.00000     ,  1.00000     )
                                       (  0.00000     ,  1.00000     )
                                       (  0.00000     ,  1.00000     )
                                       (  0.00000     ,  1.00000     )
                                       (  0.00000     ,  1.00000     )
                                       (  0.00000     ,  1.00000     )

#********** Integration by Vegas (iteration       1) ************
#                                                               *
#  integral  =  65.293059       accum. integral =  65.293059    *
#  std. dev. = 0.43184701E-01   accum. std. dev = 0.43184701E-01*
#   min/max. wt. =    0.00000            0.182742E-02           *
#                                                               *
#*************   chi**2/iteration =  0.000       ****************


#********** Integration by Vegas (iteration       2) ************
#                                                               *
#  integral  =  65.364730       accum. integral =  65.328162    *
#  std. dev. = 0.44125437E-01   accum. std. dev = 0.30863785E-01*
#   min/max. wt. =    0.00000            0.272169E-02           *
#                                                               *
#*************   chi**2/iteration =  1.346       ****************

 Done
