SLURM job running in:  /work-zfs/lhc/heshy/JHUGen/xsecs/JHUGen/JHUGenerator
LHAPDF 6.1.5 loading /work-zfs/lhc/cms/slc6_amd64_gcc493/external/lhapdf/6.1.5-kpegke3/share/LHAPDF/NNPDF30_lo_as_0130/NNPDF30_lo_as_0130_0000.dat
NNPDF30_lo_as_0130 PDF set, member #0, version 2; LHAPDF ID = 263000
 extending no. of histograms for vbf tests
 
                                                                                          
   ***************************************************************************************
   *                                JHU Generator v6.9.9                                 *
   ***************************************************************************************
   *                                                                                     *
   *   Spin and parity determination of single-produced resonances at hadron colliders   *
   *                                                                                     *
   *          I. Anderson, S. Bolognesi, F. Caola, Y. Gao, A. Gritsan, Z. Guo,           *
   *        C. Martin, K. Melnikov, R.Rontsch, H. Roskes, U. Sarica, M. Schulze,         *
   *                   N. Tran, A. Whitbeck, M. Xiao, C. You, Y. Zhou                    *
   *                Phys.Rev. D81 (2010) 075022;  arXiv:1001.3396 [hep-ph],              *
   *                Phys.Rev. D86 (2012) 095031;  arXiv:1208.4018 [hep-ph],              *
   *                Phys.Rev. D89 (2014) 035007;  arXiv:1309.4819 [hep-ph].              *
   *                                                                                     *
   ***************************************************************************************
                                                                                          
   
   Command line: ./JHUGen Unweighted=0 VegasNc0=99999999 VegasNc1=99999999 VegasNc2=99999999 LHAPDF=NNPDF30_lo_as_0130/NNPDF30_lo_as_0130.info MReso=620 ghz1=1,0 Process=60 pTjetcut=0 deltaRcut=0 pTjetcut=25 etajetcut=4.7 pTlepcut=5 etalepcut=2.5
   
   Input Parameter:
    Collider: P-P, sqrt(s)=13000.00
    Resonance: spin=0, mass= 620.00 width=   0.00407
    Z-boson: mass=91.188, width=2.4952
    W-boson: mass=80.399, width=2.0850
    Jet cuts:
            pT >=    25.00 GeV
         |eta| <=     4.70
        DeltaR >=     0.00
           mJJ >=     0.00 GeV
           m4l_min/max      -1.00     -1.00 GeV
    Random seed:   567699445
    To reproduce results using this seed, JHUGen should be compiled with the same compiler:
      GNU Fortran (GCC) 4.8.2
    
    WidthScheme:   2
    LHAPDF set NNPDF30_lo_as_0130/NNPDF30_lo_as_0130.info, member=  0
    Unweighted: F
    Intermediate off-shell photons: F
    
    spin-0-VV couplings: 
      generate_as=F
      ghg2=  0.10000000E+01  0.00000000E+00i
      ghg3=  0.00000000E+00  0.00000000E+00i
      ghg4=  0.00000000E+00  0.00000000E+00i
      ghz1=  0.10000000E+01  0.00000000E+00i
      ghz2=  0.00000000E+00  0.00000000E+00i
      ghz3=  0.00000000E+00  0.00000000E+00i
      ghz4=  0.00000000E+00  0.00000000E+00i
      Lambda=  1000.0
    
    LHE output: ./data/output.lhe
    Histogram output: ./data/output.dat
    Log file: ./data/output.log
    
  Running

  Input parameters for vegas:  ndim=  9   ncall= 80707214.
                              it=    0    itmx=   15
                              acc=-1.00    
                              mds=  1     nd=  50
                              (xl,xu)= (  0.00000     ,  1.00000     )
                                       (  0.00000     ,  1.00000     )
                                       (  0.00000     ,  1.00000     )
                                       (  0.00000     ,  1.00000     )
                                       (  0.00000     ,  1.00000     )
                                       (  0.00000     ,  1.00000     )
                                       (  0.00000     ,  1.00000     )
                                       (  0.00000     ,  1.00000     )
                                       (  0.00000     ,  1.00000     )

#********** Integration by Vegas (iteration       1) ************
#                                                               *
#  integral  =  21.301474       accum. integral =  21.301474    *
#  std. dev. = 0.83017288       accum. std. dev = 0.83017288    *
#   min/max. wt. =    0.00000            0.794697               *
#                                                               *
#*************   chi**2/iteration = 0.8248E-10   ****************


#********** Integration by Vegas (iteration       2) ************
#                                                               *
#  integral  =  33.230630       accum. integral =  22.041157    *
#  std. dev. =  5.0370857       accum. std. dev =  1.0534924    *
#   min/max. wt. =    0.00000             4.29672               *
#                                                               *
#*************   chi**2/iteration =  7.450       ****************


#********** Integration by Vegas (iteration       3) ************
#                                                               *
#  integral  =  36.614607       accum. integral =  28.176673    *
#  std. dev. =  1.6207116       accum. std. dev = 0.89275750    *
#   min/max. wt. =    0.00000            0.935764               *
#                                                               *
#*************   chi**2/iteration =  35.47       ****************


#********** Integration by Vegas (iteration       4) ************
#                                                               *
#  integral  =  39.469217       accum. integral =  35.583127    *
#  std. dev. = 0.82111784       accum. std. dev = 0.56236987    *
#   min/max. wt. =    0.00000            0.787672               *
#                                                               *
#*************   chi**2/iteration =  50.83       ****************


#********** Integration by Vegas (iteration       5) ************
#                                                               *
#  integral  =  39.484875       accum. integral =  39.309871    *
#  std. dev. = 0.14416065       accum. std. dev = 0.12376650    *
#   min/max. wt. =    0.00000            0.237121E-01           *
#                                                               *
#*************   chi**2/iteration =  45.95       ****************


#********** Integration by Vegas (iteration       6) ************
#                                                               *
#  integral  =  39.475981       accum. integral =  39.463648    *
#  std. dev. = 0.39890064E-01   accum. std. dev = 0.34543307E-01*
#   min/max. wt. =    0.00000            0.348987E-02           *
#                                                               *
#*************   chi**2/iteration =  35.36       ****************


#********** Integration by Vegas (iteration       7) ************
#                                                               *
#  integral  =  39.430113       accum. integral =  39.441847    *
#  std. dev. = 0.28124980E-01   accum. std. dev = 0.20768592E-01*
#   min/max. wt. =    0.00000            0.124374E-02           *
#                                                               *
#*************   chi**2/iteration =  28.62       ****************


#********** Integration by Vegas (iteration       8) ************
#                                                               *
#  integral  =  39.471669       accum. integral =  39.455079    *
#  std. dev. = 0.25417948E-01   accum. std. dev = 0.15677607E-01*
#   min/max. wt. =    0.00000            0.988049E-03           *
#                                                               *
#*************   chi**2/iteration =  24.08       ****************


#********** Integration by Vegas (iteration       9) ************
#                                                               *
#  integral  =  39.458320       accum. integral =  39.456082    *
#  std. dev. = 0.25295488E-01   accum. std. dev = 0.13149107E-01*
#   min/max. wt. =    0.00000            0.176568E-02           *
#                                                               *
#*************   chi**2/iteration =  20.69       ****************


#********** Integration by Vegas (iteration      10) ************
#                                                               *
#  integral  =  39.424639       accum. integral =  39.448484    *
#  std. dev. = 0.24898701E-01   accum. std. dev = 0.11532020E-01*
#   min/max. wt. =    0.00000            0.148399E-02           *
#                                                               *
#*************   chi**2/iteration =  18.28       ****************


#********** Integration by Vegas (iteration      11) ************
#                                                               *
#  integral  =  39.437845       accum. integral =  39.446461    *
#  std. dev. = 0.25273571E-01   accum. std. dev = 0.10438161E-01*
#   min/max. wt. =    0.00000            0.173805E-02           *
#                                                               *
#*************   chi**2/iteration =  16.28       ****************


#********** Integration by Vegas (iteration      12) ************
#                                                               *
#  integral  =  39.418163       accum. integral =  39.441847    *
#  std. dev. = 0.24949811E-01   accum. std. dev = 0.95941568E-02*
#   min/max. wt. =    0.00000            0.955234E-03           *
#                                                               *
#*************   chi**2/iteration =  14.77       ****************


#********** Integration by Vegas (iteration      13) ************
#                                                               *
#  integral  =  39.457698       accum. integral =  39.444030    *
#  std. dev. = 0.25233174E-01   accum. std. dev = 0.89448209E-02*
#   min/max. wt. =    0.00000            0.153238E-02           *
#                                                               *
#*************   chi**2/iteration =  13.46       ****************


#********** Integration by Vegas (iteration      14) ************
#                                                               *
#  integral  =  39.462607       accum. integral =  39.446244    *
#  std. dev. = 0.25464104E-01   accum. std. dev = 0.84238087E-02*
#   min/max. wt. =    0.00000            0.112730E-02           *
#                                                               *
#*************   chi**2/iteration =  12.38       ****************


#********** Integration by Vegas (iteration      15) ************
#                                                               *
#  integral  =  39.480130       accum. integral =  39.449645    *
#  std. dev. = 0.26328365E-01   accum. std. dev = 0.80137743E-02*
#   min/max. wt. =    0.00000            0.229395E-02           *
#                                                               *
#*************   chi**2/iteration =  11.54       ****************

 ****************************************************
 * Writing out vegas grid to ./data/output.grid                                                      
 ****************************************************

  Input parameters for vegas:  ndim=  9   ncall= 80707214.
                              it=    0    itmx=    2
                              acc=-1.00    
                              mds=  1     nd=  50
                              (xl,xu)= (  0.00000     ,  1.00000     )
                                       (  0.00000     ,  1.00000     )
                                       (  0.00000     ,  1.00000     )
                                       (  0.00000     ,  1.00000     )
                                       (  0.00000     ,  1.00000     )
                                       (  0.00000     ,  1.00000     )
                                       (  0.00000     ,  1.00000     )
                                       (  0.00000     ,  1.00000     )
                                       (  0.00000     ,  1.00000     )

#********** Integration by Vegas (iteration       1) ************
#                                                               *
#  integral  =  39.442789       accum. integral =  39.442789    *
#  std. dev. = 0.26189868E-01   accum. std. dev = 0.26189868E-01*
#   min/max. wt. =    0.00000            0.257315E-02           *
#                                                               *
#*************   chi**2/iteration =  0.000       ****************


#********** Integration by Vegas (iteration       2) ************
#                                                               *
#  integral  =  39.459390       accum. integral =  39.451037    *
#  std. dev. = 0.26366966E-01   accum. std. dev = 0.18581357E-01*
#   min/max. wt. =    0.00000            0.126649E-02           *
#                                                               *
#*************   chi**2/iteration = 0.1993       ****************

 Done
