SLURM job running in:  /work-zfs/lhc/heshy/JHUGen/xsecs/JHUGen/JHUGenerator
LHAPDF 6.1.5 loading /work-zfs/lhc/cms/slc6_amd64_gcc493/external/lhapdf/6.1.5-kpegke3/share/LHAPDF/NNPDF30_lo_as_0130/NNPDF30_lo_as_0130_0000.dat
NNPDF30_lo_as_0130 PDF set, member #0, version 2; LHAPDF ID = 263000
 extending no. of histograms for vbf tests
 
                                                                                          
   ***************************************************************************************
   *                                JHU Generator v6.9.9                                 *
   ***************************************************************************************
   *                                                                                     *
   *   Spin and parity determination of single-produced resonances at hadron colliders   *
   *                                                                                     *
   *          I. Anderson, S. Bolognesi, F. Caola, Y. Gao, A. Gritsan, Z. Guo,           *
   *        C. Martin, K. Melnikov, R.Rontsch, H. Roskes, U. Sarica, M. Schulze,         *
   *                   N. Tran, A. Whitbeck, M. Xiao, C. You, Y. Zhou                    *
   *                Phys.Rev. D81 (2010) 075022;  arXiv:1001.3396 [hep-ph],              *
   *                Phys.Rev. D86 (2012) 095031;  arXiv:1208.4018 [hep-ph],              *
   *                Phys.Rev. D89 (2014) 035007;  arXiv:1309.4819 [hep-ph].              *
   *                                                                                     *
   ***************************************************************************************
                                                                                          
   
   Command line: ./JHUGen Unweighted=0 VegasNc0=99999999 VegasNc1=99999999 VegasNc2=99999999 LHAPDF=NNPDF30_lo_as_0130/NNPDF30_lo_as_0130.info MReso=690 ghz1=1,0 Process=60 pTjetcut=0 deltaRcut=0 pTjetcut=25 etajetcut=4.7 pTlepcut=5 etalepcut=2.5
   
   Input Parameter:
    Collider: P-P, sqrt(s)=13000.00
    Resonance: spin=0, mass= 690.00 width=   0.00407
    Z-boson: mass=91.188, width=2.4952
    W-boson: mass=80.399, width=2.0850
    Jet cuts:
            pT >=    25.00 GeV
         |eta| <=     4.70
        DeltaR >=     0.00
           mJJ >=     0.00 GeV
           m4l_min/max      -1.00     -1.00 GeV
    Random seed:    37482134
    To reproduce results using this seed, JHUGen should be compiled with the same compiler:
      GNU Fortran (GCC) 4.8.2
    
    WidthScheme:   2
    LHAPDF set NNPDF30_lo_as_0130/NNPDF30_lo_as_0130.info, member=  0
    Unweighted: F
    Intermediate off-shell photons: F
    
    spin-0-VV couplings: 
      generate_as=F
      ghg2=  0.10000000E+01  0.00000000E+00i
      ghg3=  0.00000000E+00  0.00000000E+00i
      ghg4=  0.00000000E+00  0.00000000E+00i
      ghz1=  0.10000000E+01  0.00000000E+00i
      ghz2=  0.00000000E+00  0.00000000E+00i
      ghz3=  0.00000000E+00  0.00000000E+00i
      ghz4=  0.00000000E+00  0.00000000E+00i
      Lambda=  1000.0
    
    LHE output: ./data/output.lhe
    Histogram output: ./data/output.dat
    Log file: ./data/output.log
    
  Running

  Input parameters for vegas:  ndim=  9   ncall= 80707214.
                              it=    0    itmx=   15
                              acc=-1.00    
                              mds=  1     nd=  50
                              (xl,xu)= (  0.00000     ,  1.00000     )
                                       (  0.00000     ,  1.00000     )
                                       (  0.00000     ,  1.00000     )
                                       (  0.00000     ,  1.00000     )
                                       (  0.00000     ,  1.00000     )
                                       (  0.00000     ,  1.00000     )
                                       (  0.00000     ,  1.00000     )
                                       (  0.00000     ,  1.00000     )
                                       (  0.00000     ,  1.00000     )

#********** Integration by Vegas (iteration       1) ************
#                                                               *
#  integral  =  15.694922       accum. integral =  15.694922    *
#  std. dev. = 0.24317049       accum. std. dev = 0.24317049    *
#   min/max. wt. =    0.00000            0.144269               *
#                                                               *
#*************   chi**2/iteration =  0.000       ****************


#********** Integration by Vegas (iteration       2) ************
#                                                               *
#  integral  =  27.105002       accum. integral =  15.766842    *
#  std. dev. =  5.2728516       accum. std. dev = 0.34205878    *
#   min/max. wt. =    0.00000             4.92507               *
#                                                               *
#*************   chi**2/iteration =  6.962       ****************


#********** Integration by Vegas (iteration       3) ************
#                                                               *
#  integral  =  26.717778       accum. integral =  16.656687    *
#  std. dev. =  1.3875368       accum. std. dev = 0.35186880    *
#   min/max. wt. =    0.00000             1.08419               *
#                                                               *
#*************   chi**2/iteration =  39.16       ****************


#********** Integration by Vegas (iteration       4) ************
#                                                               *
#  integral  =  29.857910       accum. integral =  23.580296    *
#  std. dev. = 0.42088752       accum. std. dev = 0.25958473    *
#   min/max. wt. =    0.00000            0.201019               *
#                                                               *
#*************   chi**2/iteration =  237.7       ****************


#********** Integration by Vegas (iteration       5) ************
#                                                               *
#  integral  =  29.630228       accum. integral =  29.281096    *
#  std. dev. = 0.74856162E-01   accum. std. dev = 0.64551711E-01*
#   min/max. wt. =    0.00000            0.236779E-01           *
#                                                               *
#*************   chi**2/iteration =  285.8       ****************


#********** Integration by Vegas (iteration       6) ************
#                                                               *
#  integral  =  29.675593       accum. integral =  29.622966    *
#  std. dev. = 0.28553413E-01   accum. std. dev = 0.24103686E-01*
#   min/max. wt. =    0.00000            0.437975E-02           *
#                                                               *
#*************   chi**2/iteration =  225.0       ****************


#********** Integration by Vegas (iteration       7) ************
#                                                               *
#  integral  =  29.707004       accum. integral =  29.674241    *
#  std. dev. = 0.21269870E-01   accum. std. dev = 0.15283286E-01*
#   min/max. wt. =    0.00000            0.201914E-02           *
#                                                               *
#*************   chi**2/iteration =  183.0       ****************


#********** Integration by Vegas (iteration       8) ************
#                                                               *
#  integral  =  29.704768       accum. integral =  29.687056    *
#  std. dev. = 0.19530929E-01   accum. std. dev = 0.11772872E-01*
#   min/max. wt. =    0.00000            0.268405E-02           *
#                                                               *
#*************   chi**2/iteration =  153.6       ****************


#********** Integration by Vegas (iteration       9) ************
#                                                               *
#  integral  =  29.707576       accum. integral =  29.693505    *
#  std. dev. = 0.18694368E-01   accum. std. dev = 0.98329094E-02*
#   min/max. wt. =    0.00000            0.826118E-03           *
#                                                               *
#*************   chi**2/iteration =  132.2       ****************


#********** Integration by Vegas (iteration      10) ************
#                                                               *
#  integral  =  29.701337       accum. integral =  29.695372    *
#  std. dev. = 0.18725489E-01   accum. std. dev = 0.86388620E-02*
#   min/max. wt. =    0.00000            0.149329E-02           *
#                                                               *
#*************   chi**2/iteration =  116.0       ****************


#********** Integration by Vegas (iteration      11) ************
#                                                               *
#  integral  =  29.677438       accum. integral =  29.691901    *
#  std. dev. = 0.18650520E-01   accum. std. dev = 0.77996851E-02*
#   min/max. wt. =    0.00000            0.230714E-02           *
#                                                               *
#*************   chi**2/iteration =  103.4       ****************


#********** Integration by Vegas (iteration      12) ************
#                                                               *
#  integral  =  29.659883       accum. integral =  29.686700    *
#  std. dev. = 0.18618902E-01   accum. std. dev = 0.71693347E-02*
#   min/max. wt. =    0.00000            0.102697E-02           *
#                                                               *
#*************   chi**2/iteration =  93.40       ****************


#********** Integration by Vegas (iteration      13) ************
#                                                               *
#  integral  =  29.674615       accum. integral =  29.684999    *
#  std. dev. = 0.18551478E-01   accum. std. dev = 0.66703769E-02*
#   min/max. wt. =    0.00000            0.107698E-02           *
#                                                               *
#*************   chi**2/iteration =  85.02       ****************


#********** Integration by Vegas (iteration      14) ************
#                                                               *
#  integral  =  29.688693       accum. integral =  29.685448    *
#  std. dev. = 0.18718173E-01   accum. std. dev = 0.62718182E-02*
#   min/max. wt. =    0.00000            0.766218E-03           *
#                                                               *
#*************   chi**2/iteration =  77.98       ****************


#********** Integration by Vegas (iteration      15) ************
#                                                               *
#  integral  =  29.699332       accum. integral =  29.686935    *
#  std. dev. = 0.18848892E-01   accum. std. dev = 0.59428830E-02*
#   min/max. wt. =    0.00000            0.121825E-02           *
#                                                               *
#*************   chi**2/iteration =  72.05       ****************

 ****************************************************
 * Writing out vegas grid to ./data/output.grid                                                      
 ****************************************************

  Input parameters for vegas:  ndim=  9   ncall= 80707214.
                              it=    0    itmx=    2
                              acc=-1.00    
                              mds=  1     nd=  50
                              (xl,xu)= (  0.00000     ,  1.00000     )
                                       (  0.00000     ,  1.00000     )
                                       (  0.00000     ,  1.00000     )
                                       (  0.00000     ,  1.00000     )
                                       (  0.00000     ,  1.00000     )
                                       (  0.00000     ,  1.00000     )
                                       (  0.00000     ,  1.00000     )
                                       (  0.00000     ,  1.00000     )
                                       (  0.00000     ,  1.00000     )

#********** Integration by Vegas (iteration       1) ************
#                                                               *
#  integral  =  29.707744       accum. integral =  29.707744    *
#  std. dev. = 0.19071051E-01   accum. std. dev = 0.19071051E-01*
#   min/max. wt. =    0.00000            0.117767E-02           *
#                                                               *
#*************   chi**2/iteration =  0.000       ****************


#********** Integration by Vegas (iteration       2) ************
#                                                               *
#  integral  =  29.708564       accum. integral =  29.708147    *
#  std. dev. = 0.19417004E-01   accum. std. dev = 0.13605937E-01*
#   min/max. wt. =    0.00000            0.100210E-02           *
#                                                               *
#*************   chi**2/iteration = 0.9053E-03   ****************

 Done
