SLURM job running in:  /work-zfs/lhc/heshy/JHUGen/xsecs/JHUGen/JHUGenerator
LHAPDF 6.1.5 loading /work-zfs/lhc/cms/slc6_amd64_gcc493/external/lhapdf/6.1.5-kpegke3/share/LHAPDF/NNPDF30_lo_as_0130/NNPDF30_lo_as_0130_0000.dat
NNPDF30_lo_as_0130 PDF set, member #0, version 2; LHAPDF ID = 263000
 extending no. of histograms for vbf tests
 
                                                                                          
   ***************************************************************************************
   *                                JHU Generator v6.9.9                                 *
   ***************************************************************************************
   *                                                                                     *
   *   Spin and parity determination of single-produced resonances at hadron colliders   *
   *                                                                                     *
   *          I. Anderson, S. Bolognesi, F. Caola, Y. Gao, A. Gritsan, Z. Guo,           *
   *        C. Martin, K. Melnikov, R.Rontsch, H. Roskes, U. Sarica, M. Schulze,         *
   *                   N. Tran, A. Whitbeck, M. Xiao, C. You, Y. Zhou                    *
   *                Phys.Rev. D81 (2010) 075022;  arXiv:1001.3396 [hep-ph],              *
   *                Phys.Rev. D86 (2012) 095031;  arXiv:1208.4018 [hep-ph],              *
   *                Phys.Rev. D89 (2014) 035007;  arXiv:1309.4819 [hep-ph].              *
   *                                                                                     *
   ***************************************************************************************
                                                                                          
   
   Command line: ./JHUGen Unweighted=0 VegasNc0=99999999 VegasNc1=99999999 VegasNc2=99999999 LHAPDF=NNPDF30_lo_as_0130/NNPDF30_lo_as_0130.info MReso=700 ghz1=1,0 Process=60 pTjetcut=0 deltaRcut=0 pTjetcut=25 etajetcut=4.7 pTlepcut=5 etalepcut=2.5
   
   Input Parameter:
    Collider: P-P, sqrt(s)=13000.00
    Resonance: spin=0, mass= 700.00 width=   0.00407
    Z-boson: mass=91.188, width=2.4952
    W-boson: mass=80.399, width=2.0850
    Jet cuts:
            pT >=    25.00 GeV
         |eta| <=     4.70
        DeltaR >=     0.00
           mJJ >=     0.00 GeV
           m4l_min/max      -1.00     -1.00 GeV
    Random seed:   317886544
    To reproduce results using this seed, JHUGen should be compiled with the same compiler:
      GNU Fortran (GCC) 4.8.2
    
    WidthScheme:   2
    LHAPDF set NNPDF30_lo_as_0130/NNPDF30_lo_as_0130.info, member=  0
    Unweighted: F
    Intermediate off-shell photons: F
    
    spin-0-VV couplings: 
      generate_as=F
      ghg2=  0.10000000E+01  0.00000000E+00i
      ghg3=  0.00000000E+00  0.00000000E+00i
      ghg4=  0.00000000E+00  0.00000000E+00i
      ghz1=  0.10000000E+01  0.00000000E+00i
      ghz2=  0.00000000E+00  0.00000000E+00i
      ghz3=  0.00000000E+00  0.00000000E+00i
      ghz4=  0.00000000E+00  0.00000000E+00i
      Lambda=  1000.0
    
    LHE output: ./data/output.lhe
    Histogram output: ./data/output.dat
    Log file: ./data/output.log
    
  Running

  Input parameters for vegas:  ndim=  9   ncall= 80707214.
                              it=    0    itmx=   15
                              acc=-1.00    
                              mds=  1     nd=  50
                              (xl,xu)= (  0.00000     ,  1.00000     )
                                       (  0.00000     ,  1.00000     )
                                       (  0.00000     ,  1.00000     )
                                       (  0.00000     ,  1.00000     )
                                       (  0.00000     ,  1.00000     )
                                       (  0.00000     ,  1.00000     )
                                       (  0.00000     ,  1.00000     )
                                       (  0.00000     ,  1.00000     )
                                       (  0.00000     ,  1.00000     )

#********** Integration by Vegas (iteration       1) ************
#                                                               *
#  integral  =  15.737457       accum. integral =  15.737457    *
#  std. dev. = 0.90092312       accum. std. dev = 0.90092312    *
#   min/max. wt. =    0.00000            0.869257               *
#                                                               *
#*************   chi**2/iteration = 0.3502E-10   ****************


#********** Integration by Vegas (iteration       2) ************
#                                                               *
#  integral  =  18.191894       accum. integral =  16.950023    *
#  std. dev. =  1.0539417       accum. std. dev = 0.69261896    *
#   min/max. wt. =    0.00000            0.925501               *
#                                                               *
#*************   chi**2/iteration =  3.136       ****************


#********** Integration by Vegas (iteration       3) ************
#                                                               *
#  integral  =  27.617063       accum. integral =  20.158261    *
#  std. dev. =  1.7147239       accum. std. dev = 0.72000042    *
#   min/max. wt. =    0.00000            0.949881               *
#                                                               *
#*************   chi**2/iteration =  24.08       ****************


#********** Integration by Vegas (iteration       4) ************
#                                                               *
#  integral  =  28.526111       accum. integral =  27.569262    *
#  std. dev. = 0.34902279       accum. std. dev = 0.26726481    *
#   min/max. wt. =    0.00000            0.158274               *
#                                                               *
#*************   chi**2/iteration =  46.41       ****************


#********** Integration by Vegas (iteration       5) ************
#                                                               *
#  integral  =  28.519328       accum. integral =  28.491225    *
#  std. dev. = 0.57332089E-01   accum. std. dev = 0.48251975E-01*
#   min/max. wt. =    0.00000            0.772177E-02           *
#                                                               *
#*************   chi**2/iteration =  34.37       ****************


#********** Integration by Vegas (iteration       6) ************
#                                                               *
#  integral  =  28.496706       accum. integral =  28.495769    *
#  std. dev. = 0.25637388E-01   accum. std. dev = 0.20560470E-01*
#   min/max. wt. =    0.00000            0.499115E-02           *
#                                                               *
#*************   chi**2/iteration =  25.91       ****************


#********** Integration by Vegas (iteration       7) ************
#                                                               *
#  integral  =  28.559403       accum. integral =  28.532029    *
#  std. dev. = 0.20325544E-01   accum. std. dev = 0.13765994E-01*
#   min/max. wt. =    0.00000            0.910988E-03           *
#                                                               *
#*************   chi**2/iteration =  21.59       ****************


#********** Integration by Vegas (iteration       8) ************
#                                                               *
#  integral  =  28.512213       accum. integral =  28.523926    *
#  std. dev. = 0.18415643E-01   accum. std. dev = 0.10739805E-01*
#   min/max. wt. =    0.00000            0.733764E-03           *
#                                                               *
#*************   chi**2/iteration =  18.09       ****************


#********** Integration by Vegas (iteration       9) ************
#                                                               *
#  integral  =  28.543178       accum. integral =  28.529731    *
#  std. dev. = 0.17941890E-01   accum. std. dev = 0.90772218E-02*
#   min/max. wt. =    0.00000            0.880155E-03           *
#                                                               *
#*************   chi**2/iteration =  15.60       ****************


#********** Integration by Vegas (iteration      10) ************
#                                                               *
#  integral  =  28.538116       accum. integral =  28.531659    *
#  std. dev. = 0.18025111E-01   accum. std. dev = 0.80357953E-02*
#   min/max. wt. =    0.00000            0.113933E-02           *
#                                                               *
#*************   chi**2/iteration =  13.64       ****************


#********** Integration by Vegas (iteration      11) ************
#                                                               *
#  integral  =  28.552463       accum. integral =  28.535638    *
#  std. dev. = 0.17785222E-01   accum. std. dev = 0.72784859E-02*
#   min/max. wt. =    0.00000            0.985277E-03           *
#                                                               *
#*************   chi**2/iteration =  12.23       ****************


#********** Integration by Vegas (iteration      12) ************
#                                                               *
#  integral  =  28.523682       accum. integral =  28.533690    *
#  std. dev. = 0.17609803E-01   accum. std. dev = 0.66977164E-02*
#   min/max. wt. =    0.00000            0.694755E-03           *
#                                                               *
#*************   chi**2/iteration =  11.03       ****************


#********** Integration by Vegas (iteration      13) ************
#                                                               *
#  integral  =  28.511436       accum. integral =  28.530631    *
#  std. dev. = 0.17801173E-01   accum. std. dev = 0.62504184E-02*
#   min/max. wt. =    0.00000            0.133647E-02           *
#                                                               *
#*************   chi**2/iteration =  10.14       ****************


#********** Integration by Vegas (iteration      14) ************
#                                                               *
#  integral  =  28.526073       accum. integral =  28.530087    *
#  std. dev. = 0.17934263E-01   accum. std. dev = 0.58897611E-02*
#   min/max. wt. =    0.00000            0.126318E-02           *
#                                                               *
#*************   chi**2/iteration =  9.288       ****************


#********** Integration by Vegas (iteration      15) ************
#                                                               *
#  integral  =  28.526472       accum. integral =  28.529707    *
#  std. dev. = 0.18079020E-01   accum. std. dev = 0.55914087E-02*
#   min/max. wt. =    0.00000            0.149792E-02           *
#                                                               *
#*************   chi**2/iteration =  8.567       ****************

 ****************************************************
 * Writing out vegas grid to ./data/output.grid                                                      
 ****************************************************

  Input parameters for vegas:  ndim=  9   ncall= 80707214.
                              it=    0    itmx=    2
                              acc=-1.00    
                              mds=  1     nd=  50
                              (xl,xu)= (  0.00000     ,  1.00000     )
                                       (  0.00000     ,  1.00000     )
                                       (  0.00000     ,  1.00000     )
                                       (  0.00000     ,  1.00000     )
                                       (  0.00000     ,  1.00000     )
                                       (  0.00000     ,  1.00000     )
                                       (  0.00000     ,  1.00000     )
                                       (  0.00000     ,  1.00000     )
                                       (  0.00000     ,  1.00000     )

#********** Integration by Vegas (iteration       1) ************
#                                                               *
#  integral  =  28.539369       accum. integral =  28.539369    *
#  std. dev. = 0.18163156E-01   accum. std. dev = 0.18163156E-01*
#   min/max. wt. =    0.00000            0.876444E-03           *
#                                                               *
#*************   chi**2/iteration = -.6892E-06   ****************


#********** Integration by Vegas (iteration       2) ************
#                                                               *
#  integral  =  28.533860       accum. integral =  28.536634    *
#  std. dev. = 0.18286591E-01   accum. std. dev = 0.12886701E-01*
#   min/max. wt. =    0.00000            0.103250E-02           *
#                                                               *
#*************   chi**2/iteration = 0.4563E-01   ****************

 Done
