SLURM job running in:  /work-zfs/lhc/heshy/JHUGen/xsecs/JHUGen/JHUGenerator
LHAPDF 6.1.5 loading /work-zfs/lhc/cms/slc6_amd64_gcc493/external/lhapdf/6.1.5-kpegke3/share/LHAPDF/NNPDF30_lo_as_0130/NNPDF30_lo_as_0130_0000.dat
NNPDF30_lo_as_0130 PDF set, member #0, version 2; LHAPDF ID = 263000
 extending no. of histograms for vbf tests
 
                                                                                          
   ***************************************************************************************
   *                                JHU Generator v6.9.9                                 *
   ***************************************************************************************
   *                                                                                     *
   *   Spin and parity determination of single-produced resonances at hadron colliders   *
   *                                                                                     *
   *          I. Anderson, S. Bolognesi, F. Caola, Y. Gao, A. Gritsan, Z. Guo,           *
   *        C. Martin, K. Melnikov, R.Rontsch, H. Roskes, U. Sarica, M. Schulze,         *
   *                   N. Tran, A. Whitbeck, M. Xiao, C. You, Y. Zhou                    *
   *                Phys.Rev. D81 (2010) 075022;  arXiv:1001.3396 [hep-ph],              *
   *                Phys.Rev. D86 (2012) 095031;  arXiv:1208.4018 [hep-ph],              *
   *                Phys.Rev. D89 (2014) 035007;  arXiv:1309.4819 [hep-ph].              *
   *                                                                                     *
   ***************************************************************************************
                                                                                          
   
   Command line: ./JHUGen Unweighted=0 VegasNc0=99999999 VegasNc1=99999999 VegasNc2=99999999 LHAPDF=NNPDF30_lo_as_0130/NNPDF30_lo_as_0130.info MReso=715 ghz1=1,0 Process=60 pTjetcut=0 deltaRcut=0 pTjetcut=25 etajetcut=4.7 pTlepcut=5 etalepcut=2.5
   
   Input Parameter:
    Collider: P-P, sqrt(s)=13000.00
    Resonance: spin=0, mass= 715.00 width=   0.00407
    Z-boson: mass=91.188, width=2.4952
    W-boson: mass=80.399, width=2.0850
    Jet cuts:
            pT >=    25.00 GeV
         |eta| <=     4.70
        DeltaR >=     0.00
           mJJ >=     0.00 GeV
           m4l_min/max      -1.00     -1.00 GeV
    Random seed:   300096463
    To reproduce results using this seed, JHUGen should be compiled with the same compiler:
      GNU Fortran (GCC) 4.8.2
    
    WidthScheme:   2
    LHAPDF set NNPDF30_lo_as_0130/NNPDF30_lo_as_0130.info, member=  0
    Unweighted: F
    Intermediate off-shell photons: F
    
    spin-0-VV couplings: 
      generate_as=F
      ghg2=  0.10000000E+01  0.00000000E+00i
      ghg3=  0.00000000E+00  0.00000000E+00i
      ghg4=  0.00000000E+00  0.00000000E+00i
      ghz1=  0.10000000E+01  0.00000000E+00i
      ghz2=  0.00000000E+00  0.00000000E+00i
      ghz3=  0.00000000E+00  0.00000000E+00i
      ghz4=  0.00000000E+00  0.00000000E+00i
      Lambda=  1000.0
    
    LHE output: ./data/output.lhe
    Histogram output: ./data/output.dat
    Log file: ./data/output.log
    
  Running

  Input parameters for vegas:  ndim=  9   ncall= 80707214.
                              it=    0    itmx=   15
                              acc=-1.00    
                              mds=  1     nd=  50
                              (xl,xu)= (  0.00000     ,  1.00000     )
                                       (  0.00000     ,  1.00000     )
                                       (  0.00000     ,  1.00000     )
                                       (  0.00000     ,  1.00000     )
                                       (  0.00000     ,  1.00000     )
                                       (  0.00000     ,  1.00000     )
                                       (  0.00000     ,  1.00000     )
                                       (  0.00000     ,  1.00000     )
                                       (  0.00000     ,  1.00000     )

#********** Integration by Vegas (iteration       1) ************
#                                                               *
#  integral  =  52.274612       accum. integral =  52.274612    *
#  std. dev. =  38.544259       accum. std. dev =  38.544259    *
#   min/max. wt. =    0.00000             38.5442               *
#                                                               *
#*************   chi**2/iteration =  0.000       ****************


#********** Integration by Vegas (iteration       2) ************
#                                                               *
#  integral  =  14.885430       accum. integral =  15.013404    *
#  std. dev. = 0.64322383       accum. std. dev =  1.6579140    *
#   min/max. wt. =    0.00000            0.229349               *
#                                                               *
#*************   chi**2/iteration =  1.733       ****************


#********** Integration by Vegas (iteration       3) ************
#                                                               *
#  integral  =  21.379861       accum. integral =  18.420706    *
#  std. dev. = 0.85948768       accum. std. dev = 0.99172468    *
#   min/max. wt. =    0.00000            0.460682               *
#                                                               *
#*************   chi**2/iteration =  6.249       ****************


#********** Integration by Vegas (iteration       4) ************
#                                                               *
#  integral  =  26.295454       accum. integral =  23.594105    *
#  std. dev. = 0.55882284       accum. std. dev = 0.55165968    *
#   min/max. wt. =    0.00000            0.423396               *
#                                                               *
#*************   chi**2/iteration =  19.92       ****************


#********** Integration by Vegas (iteration       5) ************
#                                                               *
#  integral  =  26.864935       accum. integral =  26.696975    *
#  std. dev. = 0.10766382       accum. std. dev = 0.12124876    *
#   min/max. wt. =    0.00000            0.300211E-01           *
#                                                               *
#*************   chi**2/iteration =  24.74       ****************


#********** Integration by Vegas (iteration       6) ************
#                                                               *
#  integral  =  26.871403       accum. integral =  26.856166    *
#  std. dev. = 0.32450378E-01   accum. std. dev = 0.35076522E-01*
#   min/max. wt. =    0.00000            0.531146E-02           *
#                                                               *
#*************   chi**2/iteration =  21.06       ****************


#********** Integration by Vegas (iteration       7) ************
#                                                               *
#  integral  =  26.896179       accum. integral =  26.884020    *
#  std. dev. = 0.20500351E-01   accum. std. dev = 0.19032764E-01*
#   min/max. wt. =    0.00000            0.196285E-02           *
#                                                               *
#*************   chi**2/iteration =  18.27       ****************


#********** Integration by Vegas (iteration       8) ************
#                                                               *
#  integral  =  26.884423       accum. integral =  26.884213    *
#  std. dev. = 0.17855839E-01   accum. std. dev = 0.13580251E-01*
#   min/max. wt. =    0.00000            0.125364E-02           *
#                                                               *
#*************   chi**2/iteration =  16.04       ****************


#********** Integration by Vegas (iteration       9) ************
#                                                               *
#  integral  =  26.909105       accum. integral =  26.892803    *
#  std. dev. = 0.17026723E-01   accum. std. dev = 0.10884558E-01*
#   min/max. wt. =    0.00000            0.685103E-03           *
#                                                               *
#*************   chi**2/iteration =  14.46       ****************


#********** Integration by Vegas (iteration      10) ************
#                                                               *
#  integral  =  26.902531       accum. integral =  26.895384    *
#  std. dev. = 0.16640462E-01   accum. std. dev = 0.92564950E-02*
#   min/max. wt. =    0.00000            0.635703E-03           *
#                                                               *
#*************   chi**2/iteration =  13.08       ****************


#********** Integration by Vegas (iteration      11) ************
#                                                               *
#  integral  =  26.927183       accum. integral =  26.902057    *
#  std. dev. = 0.16648235E-01   accum. std. dev = 0.81753065E-02*
#   min/max. wt. =    0.00000            0.781769E-03           *
#                                                               *
#*************   chi**2/iteration =  12.18       ****************


#********** Integration by Vegas (iteration      12) ************
#                                                               *
#  integral  =  26.925308       accum. integral =  26.906099    *
#  std. dev. = 0.16625104E-01   accum. std. dev = 0.73905513E-02*
#   min/max. wt. =    0.00000            0.982799E-03           *
#                                                               *
#*************   chi**2/iteration =  11.32       ****************


#********** Integration by Vegas (iteration      13) ************
#                                                               *
#  integral  =  26.907569       accum. integral =  26.906315    *
#  std. dev. = 0.16663104E-01   accum. std. dev = 0.67924161E-02*
#   min/max. wt. =    0.00000            0.807268E-03           *
#                                                               *
#*************   chi**2/iteration =  10.48       ****************


#********** Integration by Vegas (iteration      14) ************
#                                                               *
#  integral  =  26.884756       accum. integral =  26.903589    *
#  std. dev. = 0.16798306E-01   accum. std. dev = 0.63224369E-02*
#   min/max. wt. =    0.00000            0.642137E-03           *
#                                                               *
#*************   chi**2/iteration =  9.848       ****************


#********** Integration by Vegas (iteration      15) ************
#                                                               *
#  integral  =  26.903382       accum. integral =  26.903567    *
#  std. dev. = 0.17052876E-01   accum. std. dev = 0.59453710E-02*
#   min/max. wt. =    0.00000            0.792661E-03           *
#                                                               *
#*************   chi**2/iteration =  9.210       ****************

 ****************************************************
 * Writing out vegas grid to ./data/output.grid                                                      
 ****************************************************

  Input parameters for vegas:  ndim=  9   ncall= 80707214.
                              it=    0    itmx=    2
                              acc=-1.00    
                              mds=  1     nd=  50
                              (xl,xu)= (  0.00000     ,  1.00000     )
                                       (  0.00000     ,  1.00000     )
                                       (  0.00000     ,  1.00000     )
                                       (  0.00000     ,  1.00000     )
                                       (  0.00000     ,  1.00000     )
                                       (  0.00000     ,  1.00000     )
                                       (  0.00000     ,  1.00000     )
                                       (  0.00000     ,  1.00000     )
                                       (  0.00000     ,  1.00000     )

#********** Integration by Vegas (iteration       1) ************
#                                                               *
#  integral  =  26.900586       accum. integral =  26.900586    *
#  std. dev. = 0.17253902E-01   accum. std. dev = 0.17253902E-01*
#   min/max. wt. =    0.00000            0.879646E-03           *
#                                                               *
#*************   chi**2/iteration =  0.000       ****************


#********** Integration by Vegas (iteration       2) ************
#                                                               *
#  integral  =  26.908307       accum. integral =  26.904338    *
#  std. dev. = 0.17750778E-01   accum. std. dev = 0.12372334E-01*
#   min/max. wt. =    0.00000            0.193476E-02           *
#                                                               *
#*************   chi**2/iteration = 0.9719E-01   ****************

 Done
