SLURM job running in:  /work-zfs/lhc/heshy/JHUGen/xsecs/JHUGen/JHUGenerator
LHAPDF 6.1.5 loading /work-zfs/lhc/cms/slc6_amd64_gcc493/external/lhapdf/6.1.5-kpegke3/share/LHAPDF/NNPDF30_lo_as_0130/NNPDF30_lo_as_0130_0000.dat
NNPDF30_lo_as_0130 PDF set, member #0, version 2; LHAPDF ID = 263000
 extending no. of histograms for vbf tests
 
                                                                                          
   ***************************************************************************************
   *                                JHU Generator v6.9.9                                 *
   ***************************************************************************************
   *                                                                                     *
   *   Spin and parity determination of single-produced resonances at hadron colliders   *
   *                                                                                     *
   *          I. Anderson, S. Bolognesi, F. Caola, Y. Gao, A. Gritsan, Z. Guo,           *
   *        C. Martin, K. Melnikov, R.Rontsch, H. Roskes, U. Sarica, M. Schulze,         *
   *                   N. Tran, A. Whitbeck, M. Xiao, C. You, Y. Zhou                    *
   *                Phys.Rev. D81 (2010) 075022;  arXiv:1001.3396 [hep-ph],              *
   *                Phys.Rev. D86 (2012) 095031;  arXiv:1208.4018 [hep-ph],              *
   *                Phys.Rev. D89 (2014) 035007;  arXiv:1309.4819 [hep-ph].              *
   *                                                                                     *
   ***************************************************************************************
                                                                                          
   
   Command line: ./JHUGen Unweighted=0 VegasNc0=99999999 VegasNc1=99999999 VegasNc2=99999999 LHAPDF=NNPDF30_lo_as_0130/NNPDF30_lo_as_0130.info MReso=720 ghz1=1,0 Process=60 pTjetcut=0 deltaRcut=0 pTjetcut=25 etajetcut=4.7 pTlepcut=5 etalepcut=2.5
   
   Input Parameter:
    Collider: P-P, sqrt(s)=13000.00
    Resonance: spin=0, mass= 720.00 width=   0.00407
    Z-boson: mass=91.188, width=2.4952
    W-boson: mass=80.399, width=2.0850
    Jet cuts:
            pT >=    25.00 GeV
         |eta| <=     4.70
        DeltaR >=     0.00
           mJJ >=     0.00 GeV
           m4l_min/max      -1.00     -1.00 GeV
    Random seed:   572665456
    To reproduce results using this seed, JHUGen should be compiled with the same compiler:
      GNU Fortran (GCC) 4.8.2
    
    WidthScheme:   2
    LHAPDF set NNPDF30_lo_as_0130/NNPDF30_lo_as_0130.info, member=  0
    Unweighted: F
    Intermediate off-shell photons: F
    
    spin-0-VV couplings: 
      generate_as=F
      ghg2=  0.10000000E+01  0.00000000E+00i
      ghg3=  0.00000000E+00  0.00000000E+00i
      ghg4=  0.00000000E+00  0.00000000E+00i
      ghz1=  0.10000000E+01  0.00000000E+00i
      ghz2=  0.00000000E+00  0.00000000E+00i
      ghz3=  0.00000000E+00  0.00000000E+00i
      ghz4=  0.00000000E+00  0.00000000E+00i
      Lambda=  1000.0
    
    LHE output: ./data/output.lhe
    Histogram output: ./data/output.dat
    Log file: ./data/output.log
    
  Running

  Input parameters for vegas:  ndim=  9   ncall= 80707214.
                              it=    0    itmx=   15
                              acc=-1.00    
                              mds=  1     nd=  50
                              (xl,xu)= (  0.00000     ,  1.00000     )
                                       (  0.00000     ,  1.00000     )
                                       (  0.00000     ,  1.00000     )
                                       (  0.00000     ,  1.00000     )
                                       (  0.00000     ,  1.00000     )
                                       (  0.00000     ,  1.00000     )
                                       (  0.00000     ,  1.00000     )
                                       (  0.00000     ,  1.00000     )
                                       (  0.00000     ,  1.00000     )

#********** Integration by Vegas (iteration       1) ************
#                                                               *
#  integral  =  13.877809       accum. integral =  13.877809    *
#  std. dev. = 0.30433076       accum. std. dev = 0.30433076    *
#   min/max. wt. =    0.00000            0.284971               *
#                                                               *
#*************   chi**2/iteration =  0.000       ****************


#********** Integration by Vegas (iteration       2) ************
#                                                               *
#  integral  =  16.718273       accum. integral =  14.452108    *
#  std. dev. = 0.72827047       accum. std. dev = 0.30093683    *
#   min/max. wt. =    0.00000            0.532388               *
#                                                               *
#*************   chi**2/iteration =  14.36       ****************


#********** Integration by Vegas (iteration       3) ************
#                                                               *
#  integral  =  23.321270       accum. integral =  16.334503    *
#  std. dev. = 0.88005733       accum. std. dev = 0.31992922    *
#   min/max. wt. =    0.00000            0.394552               *
#                                                               *
#*************   chi**2/iteration =  69.22       ****************


#********** Integration by Vegas (iteration       4) ************
#                                                               *
#  integral  =  26.776346       accum. integral =  20.366467    *
#  std. dev. = 0.58693595       accum. std. dev = 0.28351236    *
#   min/max. wt. =    0.00000            0.477794               *
#                                                               *
#*************   chi**2/iteration =  143.2       ****************


#********** Integration by Vegas (iteration       5) ************
#                                                               *
#  integral  =  26.275447       accum. integral =  25.920826    *
#  std. dev. = 0.90432532E-01   accum. std. dev = 0.73461221E-01*
#   min/max. wt. =    0.00000            0.217283E-01           *
#                                                               *
#*************   chi**2/iteration =  187.2       ****************


#********** Integration by Vegas (iteration       6) ************
#                                                               *
#  integral  =  26.421512       accum. integral =  26.384299    *
#  std. dev. = 0.24982047E-01   accum. std. dev = 0.20749230E-01*
#   min/max. wt. =    0.00000            0.238154E-02           *
#                                                               *
#*************   chi**2/iteration =  147.6       ****************


#********** Integration by Vegas (iteration       7) ************
#                                                               *
#  integral  =  26.393385       accum. integral =  26.389993    *
#  std. dev. = 0.18532399E-01   accum. std. dev = 0.12981487E-01*
#   min/max. wt. =    0.00000            0.998747E-03           *
#                                                               *
#*************   chi**2/iteration =  117.3       ****************


#********** Integration by Vegas (iteration       8) ************
#                                                               *
#  integral  =  26.387711       accum. integral =  26.389015    *
#  std. dev. = 0.16937202E-01   accum. std. dev = 0.99814709E-02*
#   min/max. wt. =    0.00000            0.114459E-02           *
#                                                               *
#*************   chi**2/iteration =  97.20       ****************


#********** Integration by Vegas (iteration       9) ************
#                                                               *
#  integral  =  26.418987       accum. integral =  26.398364    *
#  std. dev. = 0.16486698E-01   accum. std. dev = 0.83878097E-02*
#   min/max. wt. =    0.00000            0.121710E-02           *
#                                                               *
#*************   chi**2/iteration =  83.22       ****************


#********** Integration by Vegas (iteration      10) ************
#                                                               *
#  integral  =  26.422421       accum. integral =  26.404132    *
#  std. dev. = 0.16398730E-01   accum. std. dev = 0.73882165E-02*
#   min/max. wt. =    0.00000            0.794658E-03           *
#                                                               *
#*************   chi**2/iteration =  72.70       ****************


#********** Integration by Vegas (iteration      11) ************
#                                                               *
#  integral  =  26.398916       accum. integral =  26.403121    *
#  std. dev. = 0.16364502E-01   accum. std. dev = 0.66876959E-02*
#   min/max. wt. =    0.00000            0.845410E-03           *
#                                                               *
#*************   chi**2/iteration =  64.39       ****************


#********** Integration by Vegas (iteration      12) ************
#                                                               *
#  integral  =  26.382173       accum. integral =  26.399717    *
#  std. dev. = 0.16342802E-01   accum. std. dev = 0.61605744E-02*
#   min/max. wt. =    0.00000            0.112589E-02           *
#                                                               *
#*************   chi**2/iteration =  57.91       ****************


#********** Integration by Vegas (iteration      13) ************
#                                                               *
#  integral  =  26.397749       accum. integral =  26.399445    *
#  std. dev. = 0.16457976E-01   accum. std. dev = 0.57506918E-02*
#   min/max. wt. =    0.00000            0.831414E-03           *
#                                                               *
#*************   chi**2/iteration =  52.50       ****************


#********** Integration by Vegas (iteration      14) ************
#                                                               *
#  integral  =  26.360815       accum. integral =  26.394904    *
#  std. dev. = 0.16743949E-01   accum. std. dev = 0.54270315E-02*
#   min/max. wt. =    0.00000            0.141328E-02           *
#                                                               *
#*************   chi**2/iteration =  48.43       ****************


#********** Integration by Vegas (iteration      15) ************
#                                                               *
#  integral  =  26.417682       accum. integral =  26.397268    *
#  std. dev. = 0.16905240E-01   accum. std. dev = 0.51588328E-02*
#   min/max. wt. =    0.00000            0.109302E-02           *
#                                                               *
#*************   chi**2/iteration =  44.73       ****************

 ****************************************************
 * Writing out vegas grid to ./data/output.grid                                                      
 ****************************************************

  Input parameters for vegas:  ndim=  9   ncall= 80707214.
                              it=    0    itmx=    2
                              acc=-1.00    
                              mds=  1     nd=  50
                              (xl,xu)= (  0.00000     ,  1.00000     )
                                       (  0.00000     ,  1.00000     )
                                       (  0.00000     ,  1.00000     )
                                       (  0.00000     ,  1.00000     )
                                       (  0.00000     ,  1.00000     )
                                       (  0.00000     ,  1.00000     )
                                       (  0.00000     ,  1.00000     )
                                       (  0.00000     ,  1.00000     )
                                       (  0.00000     ,  1.00000     )

#********** Integration by Vegas (iteration       1) ************
#                                                               *
#  integral  =  26.397218       accum. integral =  26.397218    *
#  std. dev. = 0.16946255E-01   accum. std. dev = 0.16946255E-01*
#   min/max. wt. =    0.00000            0.153057E-02           *
#                                                               *
#*************   chi**2/iteration =  0.000       ****************


#********** Integration by Vegas (iteration       2) ************
#                                                               *
#  integral  =  26.399251       accum. integral =  26.398237    *
#  std. dev. = 0.16903443E-01   accum. std. dev = 0.11967646E-01*
#   min/max. wt. =    0.00000            0.929299E-03           *
#                                                               *
#*************   chi**2/iteration = 0.7209E-02   ****************

 Done
