SLURM job running in:  /work-zfs/lhc/heshy/JHUGen/xsecs/JHUGen/JHUGenerator
LHAPDF 6.1.5 loading /work-zfs/lhc/cms/slc6_amd64_gcc493/external/lhapdf/6.1.5-kpegke3/share/LHAPDF/NNPDF30_lo_as_0130/NNPDF30_lo_as_0130_0000.dat
NNPDF30_lo_as_0130 PDF set, member #0, version 2; LHAPDF ID = 263000
 extending no. of histograms for vbf tests
 
                                                                                          
   ***************************************************************************************
   *                                JHU Generator v6.9.9                                 *
   ***************************************************************************************
   *                                                                                     *
   *   Spin and parity determination of single-produced resonances at hadron colliders   *
   *                                                                                     *
   *          I. Anderson, S. Bolognesi, F. Caola, Y. Gao, A. Gritsan, Z. Guo,           *
   *        C. Martin, K. Melnikov, R.Rontsch, H. Roskes, U. Sarica, M. Schulze,         *
   *                   N. Tran, A. Whitbeck, M. Xiao, C. You, Y. Zhou                    *
   *                Phys.Rev. D81 (2010) 075022;  arXiv:1001.3396 [hep-ph],              *
   *                Phys.Rev. D86 (2012) 095031;  arXiv:1208.4018 [hep-ph],              *
   *                Phys.Rev. D89 (2014) 035007;  arXiv:1309.4819 [hep-ph].              *
   *                                                                                     *
   ***************************************************************************************
                                                                                          
   
   Command line: ./JHUGen Unweighted=0 VegasNc0=99999999 VegasNc1=99999999 VegasNc2=99999999 LHAPDF=NNPDF30_lo_as_0130/NNPDF30_lo_as_0130.info MReso=740 ghz1=1,0 Process=60 pTjetcut=0 deltaRcut=0 pTjetcut=25 etajetcut=4.7 pTlepcut=5 etalepcut=2.5
   
   Input Parameter:
    Collider: P-P, sqrt(s)=13000.00
    Resonance: spin=0, mass= 740.00 width=   0.00407
    Z-boson: mass=91.188, width=2.4952
    W-boson: mass=80.399, width=2.0850
    Jet cuts:
            pT >=    25.00 GeV
         |eta| <=     4.70
        DeltaR >=     0.00
           mJJ >=     0.00 GeV
           m4l_min/max      -1.00     -1.00 GeV
    Random seed:   938556971
    To reproduce results using this seed, JHUGen should be compiled with the same compiler:
      GNU Fortran (GCC) 4.8.2
    
    WidthScheme:   2
    LHAPDF set NNPDF30_lo_as_0130/NNPDF30_lo_as_0130.info, member=  0
    Unweighted: F
    Intermediate off-shell photons: F
    
    spin-0-VV couplings: 
      generate_as=F
      ghg2=  0.10000000E+01  0.00000000E+00i
      ghg3=  0.00000000E+00  0.00000000E+00i
      ghg4=  0.00000000E+00  0.00000000E+00i
      ghz1=  0.10000000E+01  0.00000000E+00i
      ghz2=  0.00000000E+00  0.00000000E+00i
      ghz3=  0.00000000E+00  0.00000000E+00i
      ghz4=  0.00000000E+00  0.00000000E+00i
      Lambda=  1000.0
    
    LHE output: ./data/output.lhe
    Histogram output: ./data/output.dat
    Log file: ./data/output.log
    
  Running

  Input parameters for vegas:  ndim=  9   ncall= 80707214.
                              it=    0    itmx=   15
                              acc=-1.00    
                              mds=  1     nd=  50
                              (xl,xu)= (  0.00000     ,  1.00000     )
                                       (  0.00000     ,  1.00000     )
                                       (  0.00000     ,  1.00000     )
                                       (  0.00000     ,  1.00000     )
                                       (  0.00000     ,  1.00000     )
                                       (  0.00000     ,  1.00000     )
                                       (  0.00000     ,  1.00000     )
                                       (  0.00000     ,  1.00000     )
                                       (  0.00000     ,  1.00000     )

#********** Integration by Vegas (iteration       1) ************
#                                                               *
#  integral  =  12.707355       accum. integral =  12.707355    *
#  std. dev. = 0.14358223       accum. std. dev = 0.14358223    *
#   min/max. wt. =    0.00000            0.988128E-01           *
#                                                               *
#*************   chi**2/iteration = 0.2757E-08   ****************


#********** Integration by Vegas (iteration       2) ************
#                                                               *
#  integral  =  18.808338       accum. integral =  12.749727    *
#  std. dev. =  2.5412022       accum. std. dev = 0.18072486    *
#   min/max. wt. =    0.00000             1.98799               *
#                                                               *
#*************   chi**2/iteration =  7.852       ****************


#********** Integration by Vegas (iteration       3) ************
#                                                               *
#  integral  =  20.391010       accum. integral =  13.521423    *
#  std. dev. = 0.68503587       accum. std. dev = 0.18807631    *
#   min/max. wt. =    0.00000            0.304542               *
#                                                               *
#*************   chi**2/iteration =  78.16       ****************


#********** Integration by Vegas (iteration       4) ************
#                                                               *
#  integral  =  24.735013       accum. integral =  14.940954    *
#  std. dev. = 0.69364182       accum. std. dev = 0.19595414    *
#   min/max. wt. =    0.00000            0.460663               *
#                                                               *
#*************   chi**2/iteration =  162.6       ****************


#********** Integration by Vegas (iteration       5) ************
#                                                               *
#  integral  =  24.461405       accum. integral =  21.891698    *
#  std. dev. = 0.14839898       accum. std. dev = 0.10727055    *
#   min/max. wt. =    0.00000            0.808517E-01           *
#                                                               *
#*************   chi**2/iteration =  497.8       ****************


#********** Integration by Vegas (iteration       6) ************
#                                                               *
#  integral  =  24.461550       accum. integral =  24.294938    *
#  std. dev. = 0.33386837E-01   accum. std. dev = 0.28203406E-01*
#   min/max. wt. =    0.00000            0.629390E-02           *
#                                                               *
#*************   chi**2/iteration =  474.2       ****************


#********** Integration by Vegas (iteration       7) ************
#                                                               *
#  integral  =  24.416750       accum. integral =  24.387086    *
#  std. dev. = 0.18285118E-01   accum. std. dev = 0.14218541E-01*
#   min/max. wt. =    0.00000            0.974362E-03           *
#                                                               *
#*************   chi**2/iteration =  380.9       ****************


#********** Integration by Vegas (iteration       8) ************
#                                                               *
#  integral  =  24.457051       accum. integral =  24.421583    *
#  std. dev. = 0.16152767E-01   accum. std. dev = 0.10283847E-01*
#   min/max. wt. =    0.00000            0.679637E-03           *
#                                                               *
#*************   chi**2/iteration =  318.0       ****************


#********** Integration by Vegas (iteration       9) ************
#                                                               *
#  integral  =  24.427679       accum. integral =  24.423719    *
#  std. dev. = 0.15421272E-01   accum. std. dev = 0.83856528E-02*
#   min/max. wt. =    0.00000            0.149817E-02           *
#                                                               *
#*************   chi**2/iteration =  271.9       ****************


#********** Integration by Vegas (iteration      10) ************
#                                                               *
#  integral  =  24.440800       accum. integral =  24.428233    *
#  std. dev. = 0.15243136E-01   accum. std. dev = 0.72597726E-02*
#   min/max. wt. =    0.00000            0.742719E-03           *
#                                                               *
#*************   chi**2/iteration =  237.3       ****************


#********** Integration by Vegas (iteration      11) ************
#                                                               *
#  integral  =  24.411852       accum. integral =  24.424771    *
#  std. dev. = 0.15119938E-01   accum. std. dev = 0.64946335E-02*
#   min/max. wt. =    0.00000            0.103659E-02           *
#                                                               *
#*************   chi**2/iteration =  210.6       ****************


#********** Integration by Vegas (iteration      12) ************
#                                                               *
#  integral  =  24.413054       accum. integral =  24.422743    *
#  std. dev. = 0.15192626E-01   accum. std. dev = 0.59415624E-02*
#   min/max. wt. =    0.00000            0.839397E-03           *
#                                                               *
#*************   chi**2/iteration =  189.2       ****************


#********** Integration by Vegas (iteration      13) ************
#                                                               *
#  integral  =  24.438860       accum. integral =  24.425148    *
#  std. dev. = 0.15107410E-01   accum. std. dev = 0.55085040E-02*
#   min/max. wt. =    0.00000            0.626545E-03           *
#                                                               *
#*************   chi**2/iteration =  171.8       ****************


#********** Integration by Vegas (iteration      14) ************
#                                                               *
#  integral  =  24.430821       accum. integral =  24.425881    *
#  std. dev. = 0.15150140E-01   accum. std. dev = 0.51628207E-02*
#   min/max. wt. =    0.00000            0.763859E-03           *
#                                                               *
#*************   chi**2/iteration =  157.2       ****************


#********** Integration by Vegas (iteration      15) ************
#                                                               *
#  integral  =  24.445218       accum. integral =  24.428000    *
#  std. dev. = 0.15529378E-01   accum. std. dev = 0.48901383E-02*
#   min/max. wt. =    0.00000            0.283351E-02           *
#                                                               *
#*************   chi**2/iteration =  145.0       ****************

 ****************************************************
 * Writing out vegas grid to ./data/output.grid                                                      
 ****************************************************

  Input parameters for vegas:  ndim=  9   ncall= 80707214.
                              it=    0    itmx=    2
                              acc=-1.00    
                              mds=  1     nd=  50
                              (xl,xu)= (  0.00000     ,  1.00000     )
                                       (  0.00000     ,  1.00000     )
                                       (  0.00000     ,  1.00000     )
                                       (  0.00000     ,  1.00000     )
                                       (  0.00000     ,  1.00000     )
                                       (  0.00000     ,  1.00000     )
                                       (  0.00000     ,  1.00000     )
                                       (  0.00000     ,  1.00000     )
                                       (  0.00000     ,  1.00000     )

#********** Integration by Vegas (iteration       1) ************
#                                                               *
#  integral  =  24.399644       accum. integral =  24.399644    *
#  std. dev. = 0.15369446E-01   accum. std. dev = 0.15369446E-01*
#   min/max. wt. =    0.00000            0.779394E-03           *
#                                                               *
#*************   chi**2/iteration =  0.000       ****************


#********** Integration by Vegas (iteration       2) ************
#                                                               *
#  integral  =  24.410323       accum. integral =  24.405005    *
#  std. dev. = 0.15312053E-01   accum. std. dev = 0.10847482E-01*
#   min/max. wt. =    0.00000            0.595071E-03           *
#                                                               *
#*************   chi**2/iteration = 0.2421       ****************

 Done
