SLURM job running in:  /work-zfs/lhc/heshy/JHUGen/xsecs/JHUGen/JHUGenerator
LHAPDF 6.1.5 loading /work-zfs/lhc/cms/slc6_amd64_gcc493/external/lhapdf/6.1.5-kpegke3/share/LHAPDF/NNPDF30_lo_as_0130/NNPDF30_lo_as_0130_0000.dat
NNPDF30_lo_as_0130 PDF set, member #0, version 2; LHAPDF ID = 263000
 extending no. of histograms for vbf tests
 
                                                                                          
   ***************************************************************************************
   *                                JHU Generator v6.9.9                                 *
   ***************************************************************************************
   *                                                                                     *
   *   Spin and parity determination of single-produced resonances at hadron colliders   *
   *                                                                                     *
   *          I. Anderson, S. Bolognesi, F. Caola, Y. Gao, A. Gritsan, Z. Guo,           *
   *        C. Martin, K. Melnikov, R.Rontsch, H. Roskes, U. Sarica, M. Schulze,         *
   *                   N. Tran, A. Whitbeck, M. Xiao, C. You, Y. Zhou                    *
   *                Phys.Rev. D81 (2010) 075022;  arXiv:1001.3396 [hep-ph],              *
   *                Phys.Rev. D86 (2012) 095031;  arXiv:1208.4018 [hep-ph],              *
   *                Phys.Rev. D89 (2014) 035007;  arXiv:1309.4819 [hep-ph].              *
   *                                                                                     *
   ***************************************************************************************
                                                                                          
   
   Command line: ./JHUGen Unweighted=0 VegasNc0=99999999 VegasNc1=99999999 VegasNc2=99999999 LHAPDF=NNPDF30_lo_as_0130/NNPDF30_lo_as_0130.info MReso=860 ghz1=1,0 Process=60 pTjetcut=0 deltaRcut=0 pTjetcut=25 etajetcut=4.7 pTlepcut=5 etalepcut=2.5
   
   Input Parameter:
    Collider: P-P, sqrt(s)=13000.00
    Resonance: spin=0, mass= 860.00 width=   0.00407
    Z-boson: mass=91.188, width=2.4952
    W-boson: mass=80.399, width=2.0850
    Jet cuts:
            pT >=    25.00 GeV
         |eta| <=     4.70
        DeltaR >=     0.00
           mJJ >=     0.00 GeV
           m4l_min/max      -1.00     -1.00 GeV
    Random seed:   408337007
    To reproduce results using this seed, JHUGen should be compiled with the same compiler:
      GNU Fortran (GCC) 4.8.2
    
    WidthScheme:   2
    LHAPDF set NNPDF30_lo_as_0130/NNPDF30_lo_as_0130.info, member=  0
    Unweighted: F
    Intermediate off-shell photons: F
    
    spin-0-VV couplings: 
      generate_as=F
      ghg2=  0.10000000E+01  0.00000000E+00i
      ghg3=  0.00000000E+00  0.00000000E+00i
      ghg4=  0.00000000E+00  0.00000000E+00i
      ghz1=  0.10000000E+01  0.00000000E+00i
      ghz2=  0.00000000E+00  0.00000000E+00i
      ghz3=  0.00000000E+00  0.00000000E+00i
      ghz4=  0.00000000E+00  0.00000000E+00i
      Lambda=  1000.0
    
    LHE output: ./data/output.lhe
    Histogram output: ./data/output.dat
    Log file: ./data/output.log
    
  Running

  Input parameters for vegas:  ndim=  9   ncall= 80707214.
                              it=    0    itmx=   15
                              acc=-1.00    
                              mds=  1     nd=  50
                              (xl,xu)= (  0.00000     ,  1.00000     )
                                       (  0.00000     ,  1.00000     )
                                       (  0.00000     ,  1.00000     )
                                       (  0.00000     ,  1.00000     )
                                       (  0.00000     ,  1.00000     )
                                       (  0.00000     ,  1.00000     )
                                       (  0.00000     ,  1.00000     )
                                       (  0.00000     ,  1.00000     )
                                       (  0.00000     ,  1.00000     )

#********** Integration by Vegas (iteration       1) ************
#                                                               *
#  integral  =  8.9612024       accum. integral =  8.9612024    *
#  std. dev. = 0.78714483       accum. std. dev = 0.78714483    *
#   min/max. wt. =    0.00000            0.763726               *
#                                                               *
#*************   chi**2/iteration =  0.000       ****************


#********** Integration by Vegas (iteration       2) ************
#                                                               *
#  integral  =  11.482197       accum. integral =  10.232341    *
#  std. dev. =  1.0001078       accum. std. dev = 0.63699017    *
#   min/max. wt. =    0.00000            0.754915               *
#                                                               *
#*************   chi**2/iteration =  3.912       ****************


#********** Integration by Vegas (iteration       3) ************
#                                                               *
#  integral  =  14.136333       accum. integral =  12.371534    *
#  std. dev. = 0.79413023       accum. std. dev = 0.48730727    *
#   min/max. wt. =    0.00000            0.644730               *
#                                                               *
#*************   chi**2/iteration =  9.456       ****************


#********** Integration by Vegas (iteration       4) ************
#                                                               *
#  integral  =  15.711953       accum. integral =  15.371754    *
#  std. dev. = 0.22001161       accum. std. dev = 0.17031515    *
#   min/max. wt. =    0.00000            0.101867               *
#                                                               *
#*************   chi**2/iteration =  16.98       ****************


#********** Integration by Vegas (iteration       5) ************
#                                                               *
#  integral  =  15.685749       accum. integral =  15.670300    *
#  std. dev. = 0.47353232E-01   accum. std. dev = 0.39600497E-01*
#   min/max. wt. =    0.00000            0.279528E-01           *
#                                                               *
#*************   chi**2/iteration =  12.33       ****************


#********** Integration by Vegas (iteration       6) ************
#                                                               *
#  integral  =  15.683321       accum. integral =  15.681874    *
#  std. dev. = 0.16322346E-01   accum. std. dev = 0.13589478E-01*
#   min/max. wt. =    0.00000            0.174868E-02           *
#                                                               *
#*************   chi**2/iteration =  9.324       ****************


#********** Integration by Vegas (iteration       7) ************
#                                                               *
#  integral  =  15.697214       accum. integral =  15.691950    *
#  std. dev. = 0.11132774E-01   accum. std. dev = 0.81208555E-02*
#   min/max. wt. =    0.00000            0.815612E-03           *
#                                                               *
#*************   chi**2/iteration =  7.601       ****************


#********** Integration by Vegas (iteration       8) ************
#                                                               *
#  integral  =  15.678135       accum. integral =  15.685713    *
#  std. dev. = 0.99326491E-02   accum. std. dev = 0.61007354E-02*
#   min/max. wt. =    0.00000            0.731411E-03           *
#                                                               *
#*************   chi**2/iteration =  6.513       ****************


#********** Integration by Vegas (iteration       9) ************
#                                                               *
#  integral  =  15.675674       accum. integral =  15.682441    *
#  std. dev. = 0.95968601E-02   accum. std. dev = 0.50632242E-02*
#   min/max. wt. =    0.00000            0.514179E-03           *
#                                                               *
#*************   chi**2/iteration =  5.685       ****************


#********** Integration by Vegas (iteration      10) ************
#                                                               *
#  integral  =  15.685431       accum. integral =  15.683194    *
#  std. dev. = 0.94490108E-02   accum. std. dev = 0.44170702E-02*
#   min/max. wt. =    0.00000            0.946790E-03           *
#                                                               *
#*************   chi**2/iteration =  4.978       ****************


#********** Integration by Vegas (iteration      11) ************
#                                                               *
#  integral  =  15.685034       accum. integral =  15.683570    *
#  std. dev. = 0.93628423E-02   accum. std. dev = 0.39677447E-02*
#   min/max. wt. =    0.00000            0.496405E-03           *
#                                                               *
#*************   chi**2/iteration =  4.422       ****************


#********** Integration by Vegas (iteration      12) ************
#                                                               *
#  integral  =  15.671180       accum. integral =  15.681459    *
#  std. dev. = 0.93271298E-02   accum. std. dev = 0.36342393E-02*
#   min/max. wt. =    0.00000            0.440632E-03           *
#                                                               *
#*************   chi**2/iteration =  4.125       ****************


#********** Integration by Vegas (iteration      13) ************
#                                                               *
#  integral  =  15.686808       accum. integral =  15.682230    *
#  std. dev. = 0.93929972E-02   accum. std. dev = 0.33783251E-02*
#   min/max. wt. =    0.00000            0.627600E-03           *
#                                                               *
#*************   chi**2/iteration =  3.771       ****************


#********** Integration by Vegas (iteration      14) ************
#                                                               *
#  integral  =  15.687274       accum. integral =  15.682861    *
#  std. dev. = 0.94228690E-02   accum. std. dev = 0.31725260E-02*
#   min/max. wt. =    0.00000            0.476045E-03           *
#                                                               *
#*************   chi**2/iteration =  3.474       ****************


#********** Integration by Vegas (iteration      15) ************
#                                                               *
#  integral  =  15.685469       accum. integral =  15.683153    *
#  std. dev. = 0.93965369E-02   accum. std. dev = 0.30002817E-02*
#   min/max. wt. =    0.00000            0.491371E-03           *
#                                                               *
#*************   chi**2/iteration =  3.209       ****************

 ****************************************************
 * Writing out vegas grid to ./data/output.grid                                                      
 ****************************************************

  Input parameters for vegas:  ndim=  9   ncall= 80707214.
                              it=    0    itmx=    2
                              acc=-1.00    
                              mds=  1     nd=  50
                              (xl,xu)= (  0.00000     ,  1.00000     )
                                       (  0.00000     ,  1.00000     )
                                       (  0.00000     ,  1.00000     )
                                       (  0.00000     ,  1.00000     )
                                       (  0.00000     ,  1.00000     )
                                       (  0.00000     ,  1.00000     )
                                       (  0.00000     ,  1.00000     )
                                       (  0.00000     ,  1.00000     )
                                       (  0.00000     ,  1.00000     )

#********** Integration by Vegas (iteration       1) ************
#                                                               *
#  integral  =  15.701417       accum. integral =  15.701417    *
#  std. dev. = 0.94805936E-02   accum. std. dev = 0.94805936E-02*
#   min/max. wt. =    0.00000            0.455638E-03           *
#                                                               *
#*************   chi**2/iteration =  0.000       ****************


#********** Integration by Vegas (iteration       2) ************
#                                                               *
#  integral  =  15.676621       accum. integral =  15.689215    *
#  std. dev. = 0.96168237E-02   accum. std. dev = 0.67513652E-02*
#   min/max. wt. =    0.00000            0.528101E-03           *
#                                                               *
#*************   chi**2/iteration =  3.368       ****************

 Done
