SLURM job running in:  /work-zfs/lhc/heshy/JHUGen/xsecs/JHUGen/JHUGenerator
LHAPDF 6.1.5 loading /work-zfs/lhc/cms/slc6_amd64_gcc493/external/lhapdf/6.1.5-kpegke3/share/LHAPDF/NNPDF30_lo_as_0130/NNPDF30_lo_as_0130_0000.dat
NNPDF30_lo_as_0130 PDF set, member #0, version 2; LHAPDF ID = 263000
 extending no. of histograms for vbf tests
 
                                                                                          
   ***************************************************************************************
   *                                JHU Generator v6.9.9                                 *
   ***************************************************************************************
   *                                                                                     *
   *   Spin and parity determination of single-produced resonances at hadron colliders   *
   *                                                                                     *
   *          I. Anderson, S. Bolognesi, F. Caola, Y. Gao, A. Gritsan, Z. Guo,           *
   *        C. Martin, K. Melnikov, R.Rontsch, H. Roskes, U. Sarica, M. Schulze,         *
   *                   N. Tran, A. Whitbeck, M. Xiao, C. You, Y. Zhou                    *
   *                Phys.Rev. D81 (2010) 075022;  arXiv:1001.3396 [hep-ph],              *
   *                Phys.Rev. D86 (2012) 095031;  arXiv:1208.4018 [hep-ph],              *
   *                Phys.Rev. D89 (2014) 035007;  arXiv:1309.4819 [hep-ph].              *
   *                                                                                     *
   ***************************************************************************************
                                                                                          
   
   Command line: ./JHUGen Unweighted=0 VegasNc0=99999999 VegasNc1=99999999 VegasNc2=99999999 LHAPDF=NNPDF30_lo_as_0130/NNPDF30_lo_as_0130.info MReso=885 ghz1=1,0 Process=60 pTjetcut=0 deltaRcut=0 pTjetcut=25 etajetcut=4.7 pTlepcut=5 etalepcut=2.5
   
   Input Parameter:
    Collider: P-P, sqrt(s)=13000.00
    Resonance: spin=0, mass= 885.00 width=   0.00407
    Z-boson: mass=91.188, width=2.4952
    W-boson: mass=80.399, width=2.0850
    Jet cuts:
            pT >=    25.00 GeV
         |eta| <=     4.70
        DeltaR >=     0.00
           mJJ >=     0.00 GeV
           m4l_min/max      -1.00     -1.00 GeV
    Random seed:   144009036
    To reproduce results using this seed, JHUGen should be compiled with the same compiler:
      GNU Fortran (GCC) 4.8.2
    
    WidthScheme:   2
    LHAPDF set NNPDF30_lo_as_0130/NNPDF30_lo_as_0130.info, member=  0
    Unweighted: F
    Intermediate off-shell photons: F
    
    spin-0-VV couplings: 
      generate_as=F
      ghg2=  0.10000000E+01  0.00000000E+00i
      ghg3=  0.00000000E+00  0.00000000E+00i
      ghg4=  0.00000000E+00  0.00000000E+00i
      ghz1=  0.10000000E+01  0.00000000E+00i
      ghz2=  0.00000000E+00  0.00000000E+00i
      ghz3=  0.00000000E+00  0.00000000E+00i
      ghz4=  0.00000000E+00  0.00000000E+00i
      Lambda=  1000.0
    
    LHE output: ./data/output.lhe
    Histogram output: ./data/output.dat
    Log file: ./data/output.log
    
  Running

  Input parameters for vegas:  ndim=  9   ncall= 80707214.
                              it=    0    itmx=   15
                              acc=-1.00    
                              mds=  1     nd=  50
                              (xl,xu)= (  0.00000     ,  1.00000     )
                                       (  0.00000     ,  1.00000     )
                                       (  0.00000     ,  1.00000     )
                                       (  0.00000     ,  1.00000     )
                                       (  0.00000     ,  1.00000     )
                                       (  0.00000     ,  1.00000     )
                                       (  0.00000     ,  1.00000     )
                                       (  0.00000     ,  1.00000     )
                                       (  0.00000     ,  1.00000     )

#********** Integration by Vegas (iteration       1) ************
#                                                               *
#  integral  =  8.0103906       accum. integral =  8.0103906    *
#  std. dev. = 0.70240998       accum. std. dev = 0.70240998    *
#   min/max. wt. =    0.00000            0.700495               *
#                                                               *
#*************   chi**2/iteration =  0.000       ****************


#********** Integration by Vegas (iteration       2) ************
#                                                               *
#  integral  =  10.966704       accum. integral =  8.5651968    *
#  std. dev. =  2.0007107       accum. std. dev = 0.75894496    *
#   min/max. wt. =    0.00000             1.47120               *
#                                                               *
#*************   chi**2/iteration =  2.311       ****************


#********** Integration by Vegas (iteration       3) ************
#                                                               *
#  integral  =  12.069638       accum. integral =  9.8234703    *
#  std. dev. =  1.2744756       accum. std. dev = 0.66371988    *
#   min/max. wt. =    0.00000             1.21129               *
#                                                               *
#*************   chi**2/iteration =  4.175       ****************


#********** Integration by Vegas (iteration       4) ************
#                                                               *
#  integral  =  14.583977       accum. integral =  11.955858    *
#  std. dev. =  1.0244264       accum. std. dev = 0.54764941    *
#   min/max. wt. =    0.00000            0.868525               *
#                                                               *
#*************   chi**2/iteration =  8.484       ****************


#********** Integration by Vegas (iteration       5) ************
#                                                               *
#  integral  =  14.504685       accum. integral =  14.294279    *
#  std. dev. = 0.20454453       accum. std. dev = 0.16578216    *
#   min/max. wt. =    0.00000            0.182411               *
#                                                               *
#*************   chi**2/iteration =  10.21       ****************


#********** Integration by Vegas (iteration       6) ************
#                                                               *
#  integral  =  14.301377       accum. integral =  14.301087    *
#  std. dev. = 0.39926007E-01   accum. std. dev = 0.34541236E-01*
#   min/max. wt. =    0.00000            0.109844E-01           *
#                                                               *
#*************   chi**2/iteration =  7.707       ****************


#********** Integration by Vegas (iteration       7) ************
#                                                               *
#  integral  =  14.348726       accum. integral =  14.344204    *
#  std. dev. = 0.12703210E-01   accum. std. dev = 0.10859258E-01*
#   min/max. wt. =    0.00000            0.160115E-02           *
#                                                               *
#*************   chi**2/iteration =  6.443       ****************


#********** Integration by Vegas (iteration       8) ************
#                                                               *
#  integral  =  14.342157       accum. integral =  14.342921    *
#  std. dev. = 0.93197957E-02   accum. std. dev = 0.67310648E-02*
#   min/max. wt. =    0.00000            0.436607E-03           *
#                                                               *
#*************   chi**2/iteration =  5.366       ****************


#********** Integration by Vegas (iteration       9) ************
#                                                               *
#  integral  =  14.351374       accum. integral =  14.346448    *
#  std. dev. = 0.87271611E-02   accum. std. dev = 0.51963650E-02*
#   min/max. wt. =    0.00000            0.457483E-03           *
#                                                               *
#*************   chi**2/iteration =  4.672       ****************


#********** Integration by Vegas (iteration      10) ************
#                                                               *
#  integral  =  14.369011       accum. integral =  14.353331    *
#  std. dev. = 0.85178117E-02   accum. std. dev = 0.43705067E-02*
#   min/max. wt. =    0.00000            0.415940E-03           *
#                                                               *
#*************   chi**2/iteration =  4.708       ****************


#********** Integration by Vegas (iteration      11) ************
#                                                               *
#  integral  =  14.350314       accum. integral =  14.352616    *
#  std. dev. = 0.84280334E-02   accum. std. dev = 0.38442908E-02*
#   min/max. wt. =    0.00000            0.526319E-03           *
#                                                               *
#*************   chi**2/iteration =  4.189       ****************


#********** Integration by Vegas (iteration      12) ************
#                                                               *
#  integral  =  14.356233       accum. integral =  14.353303    *
#  std. dev. = 0.84760423E-02   accum. std. dev = 0.34799882E-02*
#   min/max. wt. =    0.00000            0.354592E-03           *
#                                                               *
#*************   chi**2/iteration =  3.779       ****************


#********** Integration by Vegas (iteration      13) ************
#                                                               *
#  integral  =  14.354410       accum. integral =  14.353473    *
#  std. dev. = 0.86911927E-02   accum. std. dev = 0.32182565E-02*
#   min/max. wt. =    0.00000            0.112649E-02           *
#                                                               *
#*************   chi**2/iteration =  3.432       ****************


#********** Integration by Vegas (iteration      14) ************
#                                                               *
#  integral  =  14.346270       accum. integral =  14.352497    *
#  std. dev. = 0.85826380E-02   accum. std. dev = 0.30045101E-02*
#   min/max. wt. =    0.00000            0.609132E-03           *
#                                                               *
#*************   chi**2/iteration =  3.194       ****************


#********** Integration by Vegas (iteration      15) ************
#                                                               *
#  integral  =  14.364534       accum. integral =  14.353937    *
#  std. dev. = 0.85787763E-02   accum. std. dev = 0.28291402E-02*
#   min/max. wt. =    0.00000            0.430500E-03           *
#                                                               *
#*************   chi**2/iteration =  3.081       ****************

 ****************************************************
 * Writing out vegas grid to ./data/output.grid                                                      
 ****************************************************

  Input parameters for vegas:  ndim=  9   ncall= 80707214.
                              it=    0    itmx=    2
                              acc=-1.00    
                              mds=  1     nd=  50
                              (xl,xu)= (  0.00000     ,  1.00000     )
                                       (  0.00000     ,  1.00000     )
                                       (  0.00000     ,  1.00000     )
                                       (  0.00000     ,  1.00000     )
                                       (  0.00000     ,  1.00000     )
                                       (  0.00000     ,  1.00000     )
                                       (  0.00000     ,  1.00000     )
                                       (  0.00000     ,  1.00000     )
                                       (  0.00000     ,  1.00000     )

#********** Integration by Vegas (iteration       1) ************
#                                                               *
#  integral  =  14.353072       accum. integral =  14.353072    *
#  std. dev. = 0.86365626E-02   accum. std. dev = 0.86365626E-02*
#   min/max. wt. =    0.00000            0.387627E-03           *
#                                                               *
#*************   chi**2/iteration = 0.3810E-06   ****************


#********** Integration by Vegas (iteration       2) ************
#                                                               *
#  integral  =  14.358145       accum. integral =  14.355570    *
#  std. dev. = 0.87726671E-02   accum. std. dev = 0.61545449E-02*
#   min/max. wt. =    0.00000            0.725933E-03           *
#                                                               *
#*************   chi**2/iteration = 0.1696       ****************

 Done
