SLURM job running in:  /work-zfs/lhc/heshy/JHUGen/xsecs/JHUGen/JHUGenerator
LHAPDF 6.1.5 loading /work-zfs/lhc/cms/slc6_amd64_gcc493/external/lhapdf/6.1.5-kpegke3/share/LHAPDF/NNPDF30_lo_as_0130/NNPDF30_lo_as_0130_0000.dat
NNPDF30_lo_as_0130 PDF set, member #0, version 2; LHAPDF ID = 263000
 
  
  ***************************************************************************************
  *                                JHU Generator v7.0.2                                 *
  ***************************************************************************************
  *                                                                                     *
  *   Spin and parity determination of single-produced resonances at hadron colliders   *
  *                                                                                     *
  *          I. Anderson, S. Bolognesi, F. Caola, Y. Gao, A. Gritsan, Z. Guo,           *
  *        C. Martin, K. Melnikov, R. Rontsch, H. Roskes, U. Sarica, M. Schulze,        *
  *                   N. Tran, A. Whitbeck, M. Xiao, C. You, Y. Zhou                    *
  *              Phys.Rev. D81 (2010) 075022;  arXiv:1001.3396  [hep-ph],               *
  *              Phys.Rev. D86 (2012) 095031;  arXiv:1208.4018  [hep-ph],               *
  *              Phys.Rev. D89 (2014) 035007;  arXiv:1309.4819  [hep-ph],               *
  *              Phys.Rev. D94 (2016) 055023;  arXiv:1606.03107 [hep-ph].               *
  *                                                                                     *
  ***************************************************************************************
  
   
   Command line: ./JHUGen Unweighted=0 VegasNc0=99999999 VegasNc1=99999999 VegasNc2=99999999 LHAPDF=NNPDF30_lo_as_0130/NNPDF30_lo_as_0130.info MReso=150 DecayMode1=0 DecayMode2=0 Interf=0 MPhotonCutoff=4 Process=0 ghz1=0,0 ghzgs1_prime2=1,0
   
   Input Parameter:
    Collider: P-P, sqrt(s)=13000.00
    Resonance: spin=0, mass= 150.00 width=   0.00407
    DecayMode1: 0  DecayMode2: 0
    Z-boson: mass=91.188, width=2.4952
    Random seed:   178531264
    To reproduce results using this seed, JHUGen should be compiled with the same compiler:
      GNU Fortran (GCC) 4.8.2
    
    OffXVV: TTT
    WidthScheme:   2
    PChannel: 0
    LHAPDF set NNPDF30_lo_as_0130/NNPDF30_lo_as_0130.info, member=  0
    Unweighted: F
    Interference: F
    Intermediate off-shell photons: T
    
    spin-0-VV couplings: 
      generate_as=F
      ghg2=  0.10000000E+01  0.00000000E+00i
      m(gammastar) >=     4.00 GeV
      ghzgs1_prime2=  0.00000000E+00  0.00000000E+00i,  Lambda_zgs1=  1.0000E+04
      Lambda=  1000.0
    
    LHE output: ./data/output.lhe
    Histogram output: ./data/output.dat
    Log file: ./data/output.log
    
  Running

  Input parameters for vegas:  ndim= 11   ncall= 99999999.
                              it=    0    itmx=    5
                              acc=-1.00    
                              mds=  0     nd=  50
                              (xl,xu)= (  0.00000     ,  1.00000     )
                                       (  0.00000     ,  1.00000     )
                                       (  0.00000     ,  1.00000     )
                                       (  0.00000     ,  1.00000     )
                                       (  0.00000     ,  1.00000     )
                                       (  0.00000     ,  1.00000     )
                                       (  0.00000     ,  1.00000     )
                                       (  0.00000     ,  1.00000     )
                                       (  0.00000     ,  1.00000     )
                                       (  0.00000     ,  1.00000     )
                                       (  0.00000     ,  1.00000     )

#********** Integration by Vegas (iteration       1) ************
#                                                               *
#  integral  = 0.80779067E-06   accum. integral = 0.80779067E-06*
#  std. dev. = 0.38638064E-08   accum. std. dev = 0.38638064E-08*
#   min/max. wt. =    0.00000            0.649810E-09           *
#                                                               *
#*************   chi**2/iteration = 0.1353E-07   ****************


#********** Integration by Vegas (iteration       2) ************
#                                                               *
#  integral  = 0.80557328E-06   accum. integral = 0.80558507E-06*
#  std. dev. = 0.28171974E-09   accum. std. dev = 0.28135674E-09*
#   min/max. wt. =    0.00000            0.523482E-11           *
#                                                               *
#*************   chi**2/iteration = 0.3282       ****************


#********** Integration by Vegas (iteration       3) ************
#                                                               *
#  integral  = 0.80557127E-06   accum. integral = 0.80557203E-06*
#  std. dev. = 0.67499105E-10   accum. std. dev = 0.65692127E-10*
#   min/max. wt. =    0.00000            0.155596E-12           *
#                                                               *
#*************   chi**2/iteration = 0.1655       ****************


#********** Integration by Vegas (iteration       4) ************
#                                                               *
#  integral  = 0.80553300E-06   accum. integral = 0.80554740E-06*
#  std. dev. = 0.50200251E-10   accum. std. dev = 0.39901898E-10*
#   min/max. wt. =    0.00000            0.174361E-12           *
#                                                               *
#*************   chi**2/iteration = 0.1846       ****************


#********** Integration by Vegas (iteration       5) ************
#                                                               *
#  integral  = 0.80548986E-06   accum. integral = 0.80552402E-06*
#  std. dev. = 0.48187658E-10   accum. std. dev = 0.30738109E-10*
#   min/max. wt. =    0.00000            0.247725E-12           *
#                                                               *
#*************   chi**2/iteration = 0.3498       ****************

 ****************************************************
 * Writing out vegas grid to ./data/output.grid                                                      
 ****************************************************

  Input parameters for vegas:  ndim= 11   ncall= 99999999.
                              it=    0    itmx=    2
                              acc=-1.00    
                              mds=  0     nd=  50
                              (xl,xu)= (  0.00000     ,  1.00000     )
                                       (  0.00000     ,  1.00000     )
                                       (  0.00000     ,  1.00000     )
                                       (  0.00000     ,  1.00000     )
                                       (  0.00000     ,  1.00000     )
                                       (  0.00000     ,  1.00000     )
                                       (  0.00000     ,  1.00000     )
                                       (  0.00000     ,  1.00000     )
                                       (  0.00000     ,  1.00000     )
                                       (  0.00000     ,  1.00000     )
                                       (  0.00000     ,  1.00000     )

#********** Integration by Vegas (iteration       1) ************
#                                                               *
#  integral  = 0.80549549E-06   accum. integral = 0.80549549E-06*
#  std. dev. = 0.48057997E-10   accum. std. dev = 0.48057997E-10*
#   min/max. wt. =    0.00000            0.423789E-12           *
#                                                               *
#*************   chi**2/iteration =  0.000       ****************


#********** Integration by Vegas (iteration       2) ************
#                                                               *
#  integral  = 0.80551763E-06   accum. integral = 0.80550654E-06*
#  std. dev. = 0.48130512E-10   accum. std. dev = 0.34007745E-10*
#   min/max. wt. =    0.00000            0.358564E-12           *
#                                                               *
#*************   chi**2/iteration = 0.1059       ****************

 Done
