SLURM job running in:  /work-zfs/lhc/heshy/JHUGen/xsecs/JHUGen/JHUGenerator
LHAPDF 6.1.5 loading /work-zfs/lhc/cms/slc6_amd64_gcc493/external/lhapdf/6.1.5-kpegke3/share/LHAPDF/NNPDF30_lo_as_0130/NNPDF30_lo_as_0130_0000.dat
NNPDF30_lo_as_0130 PDF set, member #0, version 2; LHAPDF ID = 263000
 
  
  ***************************************************************************************
  *                                JHU Generator v7.0.2                                 *
  ***************************************************************************************
  *                                                                                     *
  *   Spin and parity determination of single-produced resonances at hadron colliders   *
  *                                                                                     *
  *          I. Anderson, S. Bolognesi, F. Caola, Y. Gao, A. Gritsan, Z. Guo,           *
  *        C. Martin, K. Melnikov, R. Rontsch, H. Roskes, U. Sarica, M. Schulze,        *
  *                   N. Tran, A. Whitbeck, M. Xiao, C. You, Y. Zhou                    *
  *              Phys.Rev. D81 (2010) 075022;  arXiv:1001.3396  [hep-ph],               *
  *              Phys.Rev. D86 (2012) 095031;  arXiv:1208.4018  [hep-ph],               *
  *              Phys.Rev. D89 (2014) 035007;  arXiv:1309.4819  [hep-ph],               *
  *              Phys.Rev. D94 (2016) 055023;  arXiv:1606.03107 [hep-ph].               *
  *                                                                                     *
  ***************************************************************************************
  
   
   Command line: ./JHUGen Unweighted=0 VegasNc0=99999999 VegasNc1=99999999 VegasNc2=99999999 LHAPDF=NNPDF30_lo_as_0130/NNPDF30_lo_as_0130.info MReso=198 DecayMode1=0 DecayMode2=0 Interf=0 MPhotonCutoff=4 Process=0 ghz1=0,0 ghzgs1_prime2=1,0
   
   Input Parameter:
    Collider: P-P, sqrt(s)=13000.00
    Resonance: spin=0, mass= 198.00 width=   0.00407
    DecayMode1: 0  DecayMode2: 0
    Z-boson: mass=91.188, width=2.4952
    Random seed:   366921662
    To reproduce results using this seed, JHUGen should be compiled with the same compiler:
      GNU Fortran (GCC) 4.8.2
    
    OffXVV: TTT
    WidthScheme:   2
    PChannel: 0
    LHAPDF set NNPDF30_lo_as_0130/NNPDF30_lo_as_0130.info, member=  0
    Unweighted: F
    Interference: F
    Intermediate off-shell photons: T
    
    spin-0-VV couplings: 
      generate_as=F
      ghg2=  0.10000000E+01  0.00000000E+00i
      m(gammastar) >=     4.00 GeV
      ghzgs1_prime2=  0.00000000E+00  0.00000000E+00i,  Lambda_zgs1=  1.0000E+04
      Lambda=  1000.0
    
    LHE output: ./data/output.lhe
    Histogram output: ./data/output.dat
    Log file: ./data/output.log
    
  Running

  Input parameters for vegas:  ndim= 11   ncall= 99999999.
                              it=    0    itmx=    5
                              acc=-1.00    
                              mds=  0     nd=  50
                              (xl,xu)= (  0.00000     ,  1.00000     )
                                       (  0.00000     ,  1.00000     )
                                       (  0.00000     ,  1.00000     )
                                       (  0.00000     ,  1.00000     )
                                       (  0.00000     ,  1.00000     )
                                       (  0.00000     ,  1.00000     )
                                       (  0.00000     ,  1.00000     )
                                       (  0.00000     ,  1.00000     )
                                       (  0.00000     ,  1.00000     )
                                       (  0.00000     ,  1.00000     )
                                       (  0.00000     ,  1.00000     )

#********** Integration by Vegas (iteration       1) ************
#                                                               *
#  integral  = 0.50730141E-05   accum. integral = 0.50730141E-05*
#  std. dev. = 0.12504580E-07   accum. std. dev = 0.12504580E-07*
#   min/max. wt. =    0.00000            0.909207E-09           *
#                                                               *
#*************   chi**2/iteration = 0.2066E-07   ****************


#********** Integration by Vegas (iteration       2) ************
#                                                               *
#  integral  = 0.50497819E-05   accum. integral = 0.50502116E-05*
#  std. dev. = 0.17087124E-08   accum. std. dev = 0.16967350E-08*
#   min/max. wt. =    0.00000            0.927599E-11           *
#                                                               *
#*************   chi**2/iteration =  3.400       ****************


#********** Integration by Vegas (iteration       3) ************
#                                                               *
#  integral  = 0.50479950E-05   accum. integral = 0.50483466E-05*
#  std. dev. = 0.73473143E-09   accum. std. dev = 0.67514388E-09*
#   min/max. wt. =    0.00000            0.104392E-11           *
#                                                               *
#*************   chi**2/iteration =  2.423       ****************


#********** Integration by Vegas (iteration       4) ************
#                                                               *
#  integral  = 0.50476321E-05   accum. integral = 0.50479139E-05*
#  std. dev. = 0.54384234E-09   accum. std. dev = 0.42380483E-09*
#   min/max. wt. =    0.00000            0.133273E-11           *
#                                                               *
#*************   chi**2/iteration =  1.843       ****************


#********** Integration by Vegas (iteration       5) ************
#                                                               *
#  integral  = 0.50476731E-05   accum. integral = 0.50478130E-05*
#  std. dev. = 0.49839995E-09   accum. std. dev = 0.32295830E-09*
#   min/max. wt. =    0.00000            0.140517E-11           *
#                                                               *
#*************   chi**2/iteration =  1.417       ****************

 ****************************************************
 * Writing out vegas grid to ./data/output.grid                                                      
 ****************************************************

  Input parameters for vegas:  ndim= 11   ncall= 99999999.
                              it=    0    itmx=    2
                              acc=-1.00    
                              mds=  0     nd=  50
                              (xl,xu)= (  0.00000     ,  1.00000     )
                                       (  0.00000     ,  1.00000     )
                                       (  0.00000     ,  1.00000     )
                                       (  0.00000     ,  1.00000     )
                                       (  0.00000     ,  1.00000     )
                                       (  0.00000     ,  1.00000     )
                                       (  0.00000     ,  1.00000     )
                                       (  0.00000     ,  1.00000     )
                                       (  0.00000     ,  1.00000     )
                                       (  0.00000     ,  1.00000     )
                                       (  0.00000     ,  1.00000     )

#********** Integration by Vegas (iteration       1) ************
#                                                               *
#  integral  = 0.50482383E-05   accum. integral = 0.50482383E-05*
#  std. dev. = 0.48378764E-09   accum. std. dev = 0.48378764E-09*
#   min/max. wt. =    0.00000            0.155935E-11           *
#                                                               *
#*************   chi**2/iteration =  0.000       ****************


#********** Integration by Vegas (iteration       2) ************
#                                                               *
#  integral  = 0.50477808E-05   accum. integral = 0.50480072E-05*
#  std. dev. = 0.47865859E-09   accum. std. dev = 0.34026180E-09*
#   min/max. wt. =    0.00000            0.154964E-11           *
#                                                               *
#*************   chi**2/iteration = 0.4514       ****************

 Done
