SLURM job running in:  /work-zfs/lhc/heshy/JHUGen/xsecs/JHUGen/JHUGenerator
LHAPDF 6.1.5 loading /work-zfs/lhc/cms/slc6_amd64_gcc493/external/lhapdf/6.1.5-kpegke3/share/LHAPDF/NNPDF30_lo_as_0130/NNPDF30_lo_as_0130_0000.dat
NNPDF30_lo_as_0130 PDF set, member #0, version 2; LHAPDF ID = 263000
 
  
  ***************************************************************************************
  *                                JHU Generator v7.0.2                                 *
  ***************************************************************************************
  *                                                                                     *
  *   Spin and parity determination of single-produced resonances at hadron colliders   *
  *                                                                                     *
  *          I. Anderson, S. Bolognesi, F. Caola, Y. Gao, A. Gritsan, Z. Guo,           *
  *        C. Martin, K. Melnikov, R. Rontsch, H. Roskes, U. Sarica, M. Schulze,        *
  *                   N. Tran, A. Whitbeck, M. Xiao, C. You, Y. Zhou                    *
  *              Phys.Rev. D81 (2010) 075022;  arXiv:1001.3396  [hep-ph],               *
  *              Phys.Rev. D86 (2012) 095031;  arXiv:1208.4018  [hep-ph],               *
  *              Phys.Rev. D89 (2014) 035007;  arXiv:1309.4819  [hep-ph],               *
  *              Phys.Rev. D94 (2016) 055023;  arXiv:1606.03107 [hep-ph].               *
  *                                                                                     *
  ***************************************************************************************
  
   
   Command line: ./JHUGen Unweighted=0 VegasNc0=99999999 VegasNc1=99999999 VegasNc2=99999999 LHAPDF=NNPDF30_lo_as_0130/NNPDF30_lo_as_0130.info MReso=805 DecayMode1=0 DecayMode2=0 Interf=0 MPhotonCutoff=4 Process=0 ghz1=0,0 ghzgs1_prime2=1,0
   
   Input Parameter:
    Collider: P-P, sqrt(s)=13000.00
    Resonance: spin=0, mass= 805.00 width=   0.00407
    DecayMode1: 0  DecayMode2: 0
    Z-boson: mass=91.188, width=2.4952
    Random seed:    66476927
    To reproduce results using this seed, JHUGen should be compiled with the same compiler:
      GNU Fortran (GCC) 4.8.2
    
    OffXVV: TTT
    WidthScheme:   2
    PChannel: 0
    LHAPDF set NNPDF30_lo_as_0130/NNPDF30_lo_as_0130.info, member=  0
    Unweighted: F
    Interference: F
    Intermediate off-shell photons: T
    
    spin-0-VV couplings: 
      generate_as=F
      ghg2=  0.10000000E+01  0.00000000E+00i
      m(gammastar) >=     4.00 GeV
      ghzgs1_prime2=  0.00000000E+00  0.00000000E+00i,  Lambda_zgs1=  1.0000E+04
      Lambda=  1000.0
    
    LHE output: ./data/output.lhe
    Histogram output: ./data/output.dat
    Log file: ./data/output.log
    
  Running

  Input parameters for vegas:  ndim= 11   ncall= 99999999.
                              it=    0    itmx=    5
                              acc=-1.00    
                              mds=  0     nd=  50
                              (xl,xu)= (  0.00000     ,  1.00000     )
                                       (  0.00000     ,  1.00000     )
                                       (  0.00000     ,  1.00000     )
                                       (  0.00000     ,  1.00000     )
                                       (  0.00000     ,  1.00000     )
                                       (  0.00000     ,  1.00000     )
                                       (  0.00000     ,  1.00000     )
                                       (  0.00000     ,  1.00000     )
                                       (  0.00000     ,  1.00000     )
                                       (  0.00000     ,  1.00000     )
                                       (  0.00000     ,  1.00000     )

#********** Integration by Vegas (iteration       1) ************
#                                                               *
#  integral  = 0.27906415E-04   accum. integral = 0.27906415E-04*
#  std. dev. = 0.26835609E-07   accum. std. dev = 0.26835609E-07*
#   min/max. wt. =    0.00000            0.308031E-09           *
#                                                               *
#*************   chi**2/iteration =  0.000       ****************


#********** Integration by Vegas (iteration       2) ************
#                                                               *
#  integral  = 0.27932799E-04   accum. integral = 0.27930986E-04*
#  std. dev. = 0.72965074E-08   accum. std. dev = 0.70380221E-08*
#   min/max. wt. =    0.00000            0.149558E-10           *
#                                                               *
#*************   chi**2/iteration = 0.8985       ****************


#********** Integration by Vegas (iteration       3) ************
#                                                               *
#  integral  = 0.27931943E-04   accum. integral = 0.27931651E-04*
#  std. dev. = 0.46630506E-08   accum. std. dev = 0.38866396E-08*
#   min/max. wt. =    0.00000            0.593757E-11           *
#                                                               *
#*************   chi**2/iteration = 0.4557       ****************


#********** Integration by Vegas (iteration       4) ************
#                                                               *
#  integral  = 0.27927536E-04   accum. integral = 0.27929481E-04*
#  std. dev. = 0.36797240E-08   accum. std. dev = 0.26720127E-08*
#   min/max. wt. =    0.00000            0.100268E-10           *
#                                                               *
#*************   chi**2/iteration = 0.5009       ****************


#********** Integration by Vegas (iteration       5) ************
#                                                               *
#  integral  = 0.27926585E-04   accum. integral = 0.27928371E-04*
#  std. dev. = 0.33900817E-08   accum. std. dev = 0.20985047E-08*
#   min/max. wt. =    0.00000            0.103680E-10           *
#                                                               *
#*************   chi**2/iteration = 0.4882       ****************

 ****************************************************
 * Writing out vegas grid to ./data/output.grid                                                      
 ****************************************************

  Input parameters for vegas:  ndim= 11   ncall= 99999999.
                              it=    0    itmx=    2
                              acc=-1.00    
                              mds=  0     nd=  50
                              (xl,xu)= (  0.00000     ,  1.00000     )
                                       (  0.00000     ,  1.00000     )
                                       (  0.00000     ,  1.00000     )
                                       (  0.00000     ,  1.00000     )
                                       (  0.00000     ,  1.00000     )
                                       (  0.00000     ,  1.00000     )
                                       (  0.00000     ,  1.00000     )
                                       (  0.00000     ,  1.00000     )
                                       (  0.00000     ,  1.00000     )
                                       (  0.00000     ,  1.00000     )
                                       (  0.00000     ,  1.00000     )

#********** Integration by Vegas (iteration       1) ************
#                                                               *
#  integral  = 0.27931788E-04   accum. integral = 0.27931788E-04*
#  std. dev. = 0.32436481E-08   accum. std. dev = 0.32436481E-08*
#   min/max. wt. =    0.00000            0.104027E-10           *
#                                                               *
#*************   chi**2/iteration = 0.1965E-04   ****************


#********** Integration by Vegas (iteration       2) ************
#                                                               *
#  integral  = 0.27932612E-04   accum. integral = 0.27932207E-04*
#  std. dev. = 0.31905551E-08   accum. std. dev = 0.22746015E-08*
#   min/max. wt. =    0.00000            0.932956E-11           *
#                                                               *
#*************   chi**2/iteration = 0.3280E-01   ****************

 Done
