SLURM job running in:  /work-zfs/lhc/heshy/JHUGen/xsecs/JHUGen/JHUGenerator
LHAPDF 6.1.5 loading /work-zfs/lhc/cms/slc6_amd64_gcc493/external/lhapdf/6.1.5-kpegke3/share/LHAPDF/NNPDF30_lo_as_0130/NNPDF30_lo_as_0130_0000.dat
NNPDF30_lo_as_0130 PDF set, member #0, version 2; LHAPDF ID = 263000
 
                                                                                          
   ***************************************************************************************
   *                                JHU Generator v6.9.9                                 *
   ***************************************************************************************
   *                                                                                     *
   *   Spin and parity determination of single-produced resonances at hadron colliders   *
   *                                                                                     *
   *          I. Anderson, S. Bolognesi, F. Caola, Y. Gao, A. Gritsan, Z. Guo,           *
   *        C. Martin, K. Melnikov, R.Rontsch, H. Roskes, U. Sarica, M. Schulze,         *
   *                   N. Tran, A. Whitbeck, M. Xiao, C. You, Y. Zhou                    *
   *                Phys.Rev. D81 (2010) 075022;  arXiv:1001.3396 [hep-ph],              *
   *                Phys.Rev. D86 (2012) 095031;  arXiv:1208.4018 [hep-ph],              *
   *                Phys.Rev. D89 (2014) 035007;  arXiv:1309.4819 [hep-ph].              *
   *                                                                                     *
   ***************************************************************************************
                                                                                          
   
   Command line: ./JHUGen Unweighted=0 VegasNc0=99999999 VegasNc1=99999999 VegasNc2=99999999 LHAPDF=NNPDF30_lo_as_0130/NNPDF30_lo_as_0130.info MReso=1100 Process=61 ghg2=0,0 ghg4=1,0 pTjetcut=25 etajetcut=4.7 pTlepcut=5 etalepcut=2.5
   
   Input Parameter:
    Collider: P-P, sqrt(s)=13000.00
    Resonance: spin=0, mass=1100.00 width=   0.00407
    Jet cuts:
            pT >=    25.00 GeV
         |eta| <=     4.70
        DeltaR >=     0.30
           mJJ >=     0.00 GeV
           m4l_min/max      -1.00     -1.00 GeV
    Random seed:   262696780
    To reproduce results using this seed, JHUGen should be compiled with the same compiler:
      GNU Fortran (GCC) 4.8.2
    
    WidthScheme:   2
    LHAPDF set NNPDF30_lo_as_0130/NNPDF30_lo_as_0130.info, member=  0
    Unweighted: F
    
    spin-0-VV couplings: 
      generate_as=F
      ghg2=  0.00000000E+00  0.00000000E+00i
      ghg3=  0.00000000E+00  0.00000000E+00i
      ghg4=  0.10000000E+01  0.00000000E+00i
      ghz1=  0.20000000E+01  0.00000000E+00i
      ghz2=  0.00000000E+00  0.00000000E+00i
      ghz3=  0.00000000E+00  0.00000000E+00i
      ghz4=  0.00000000E+00  0.00000000E+00i
      Lambda=  1000.0
    
    LHE output: ./data/output.lhe
    Histogram output: ./data/output.dat
    Log file: ./data/output.log
    
  Running

  Input parameters for vegas:  ndim=  9   ncall= 80707214.
                              it=    0    itmx=   15
                              acc=-1.00    
                              mds=  1     nd=  50
                              (xl,xu)= (  0.00000     ,  1.00000     )
                                       (  0.00000     ,  1.00000     )
                                       (  0.00000     ,  1.00000     )
                                       (  0.00000     ,  1.00000     )
                                       (  0.00000     ,  1.00000     )
                                       (  0.00000     ,  1.00000     )
                                       (  0.00000     ,  1.00000     )
                                       (  0.00000     ,  1.00000     )
                                       (  0.00000     ,  1.00000     )

#********** Integration by Vegas (iteration       1) ************
#                                                               *
#  integral  =  53.564318       accum. integral =  53.564318    *
#  std. dev. =  5.4031207       accum. std. dev =  5.4031207    *
#   min/max. wt. =    0.00000             3.39459               *
#                                                               *
#*************   chi**2/iteration = 0.1558E-10   ****************


#********** Integration by Vegas (iteration       2) ************
#                                                               *
#  integral  =  51.056823       accum. integral =  51.127485    *
#  std. dev. = 0.87700520       accum. std. dev = 0.88604423    *
#   min/max. wt. =    0.00000            0.499358               *
#                                                               *
#*************   chi**2/iteration = 0.2191       ****************


#********** Integration by Vegas (iteration       3) ************
#                                                               *
#  integral  =  52.657219       accum. integral =  52.513686    *
#  std. dev. = 0.28692042       accum. std. dev = 0.27198273    *
#   min/max. wt. =    0.00000            0.150560               *
#                                                               *
#*************   chi**2/iteration =  1.453       ****************


#********** Integration by Vegas (iteration       4) ************
#                                                               *
#  integral  =  53.315192       accum. integral =  53.099392    *
#  std. dev. = 0.16785928       accum. std. dev = 0.14172312    *
#   min/max. wt. =    0.00000            0.120806               *
#                                                               *
#*************   chi**2/iteration =  3.058       ****************


#********** Integration by Vegas (iteration       5) ************
#                                                               *
#  integral  =  53.139035       accum. integral =  53.131033    *
#  std. dev. = 0.71923885E-01   accum. std. dev = 0.63790616E-01*
#   min/max. wt. =    0.00000            0.171478E-01           *
#                                                               *
#*************   chi**2/iteration =  2.301       ****************


#********** Integration by Vegas (iteration       6) ************
#                                                               *
#  integral  =  53.213547       accum. integral =  53.190729    *
#  std. dev. = 0.39782038E-01   accum. std. dev = 0.33594073E-01*
#   min/max. wt. =    0.00000            0.524837E-02           *
#                                                               *
#*************   chi**2/iteration =  2.077       ****************


#********** Integration by Vegas (iteration       7) ************
#                                                               *
#  integral  =  53.185819       accum. integral =  53.188162    *
#  std. dev. = 0.32310898E-01   accum. std. dev = 0.23228911E-01*
#   min/max. wt. =    0.00000            0.277859E-02           *
#                                                               *
#*************   chi**2/iteration =  1.729       ****************


#********** Integration by Vegas (iteration       8) ************
#                                                               *
#  integral  =  53.215228       accum. integral =  53.197993    *
#  std. dev. = 0.30951639E-01   accum. std. dev = 0.18551209E-01*
#   min/max. wt. =    0.00000            0.627536E-02           *
#                                                               *
#*************   chi**2/iteration =  1.550       ****************


#********** Integration by Vegas (iteration       9) ************
#                                                               *
#  integral  =  53.211399       accum. integral =  53.201834    *
#  std. dev. = 0.29431899E-01   accum. std. dev = 0.15679044E-01*
#   min/max. wt. =    0.00000            0.233817E-02           *
#                                                               *
#*************   chi**2/iteration =  1.373       ****************


#********** Integration by Vegas (iteration      10) ************
#                                                               *
#  integral  =  53.196174       accum. integral =  53.200522    *
#  std. dev. = 0.28668967E-01   accum. std. dev = 0.13748058E-01*
#   min/max. wt. =    0.00000            0.219743E-02           *
#                                                               *
#*************   chi**2/iteration =  1.223       ****************


#********** Integration by Vegas (iteration      11) ************
#                                                               *
#  integral  =  53.176004       accum. integral =  53.196017    *
#  std. dev. = 0.29083992E-01   accum. std. dev = 0.12425134E-01*
#   min/max. wt. =    0.00000            0.215758E-02           *
#                                                               *
#*************   chi**2/iteration =  1.158       ****************


#********** Integration by Vegas (iteration      12) ************
#                                                               *
#  integral  =  53.222430       accum. integral =  53.200254    *
#  std. dev. = 0.28547266E-01   accum. std. dev = 0.11389106E-01*
#   min/max. wt. =    0.00000            0.131060E-02           *
#                                                               *
#*************   chi**2/iteration =  1.118       ****************


#********** Integration by Vegas (iteration      13) ************
#                                                               *
#  integral  =  53.179411       accum. integral =  53.197619    *
#  std. dev. = 0.30030564E-01   accum. std. dev = 0.10647398E-01*
#   min/max. wt. =    0.00000            0.662216E-02           *
#                                                               *
#*************   chi**2/iteration =  1.060       ****************


#********** Integration by Vegas (iteration      14) ************
#                                                               *
#  integral  =  53.233821       accum. integral =  53.201839    *
#  std. dev. = 0.29422328E-01   accum. std. dev = 0.10010267E-01*
#   min/max. wt. =    0.00000            0.370424E-02           *
#                                                               *
#*************   chi**2/iteration =  1.081       ****************


#********** Integration by Vegas (iteration      15) ************
#                                                               *
#  integral  =  53.138258       accum. integral =  53.195042    *
#  std. dev. = 0.28985313E-01   accum. std. dev = 0.94612186E-02*
#   min/max. wt. =    0.00000            0.222577E-02           *
#                                                               *
#*************   chi**2/iteration =  1.312       ****************

 ****************************************************
 * Writing out vegas grid to ./data/output.grid                                                      
 ****************************************************

  Input parameters for vegas:  ndim=  9   ncall= 80707214.
                              it=    0    itmx=    2
                              acc=-1.00    
                              mds=  1     nd=  50
                              (xl,xu)= (  0.00000     ,  1.00000     )
                                       (  0.00000     ,  1.00000     )
                                       (  0.00000     ,  1.00000     )
                                       (  0.00000     ,  1.00000     )
                                       (  0.00000     ,  1.00000     )
                                       (  0.00000     ,  1.00000     )
                                       (  0.00000     ,  1.00000     )
                                       (  0.00000     ,  1.00000     )
                                       (  0.00000     ,  1.00000     )

#********** Integration by Vegas (iteration       1) ************
#                                                               *
#  integral  =  53.189764       accum. integral =  53.189764    *
#  std. dev. = 0.29004687E-01   accum. std. dev = 0.29004687E-01*
#   min/max. wt. =    0.00000            0.171117E-02           *
#                                                               *
#*************   chi**2/iteration = 0.5405E-06   ****************


#********** Integration by Vegas (iteration       2) ************
#                                                               *
#  integral  =  53.204518       accum. integral =  53.196984    *
#  std. dev. = 0.29636549E-01   accum. std. dev = 0.20729260E-01*
#   min/max. wt. =    0.00000            0.284150E-02           *
#                                                               *
#*************   chi**2/iteration = 0.1265       ****************

 Done
