SLURM job running in:  /work-zfs/lhc/heshy/JHUGen/xsecs/JHUGen/JHUGenerator
LHAPDF 6.1.5 loading /work-zfs/lhc/cms/slc6_amd64_gcc493/external/lhapdf/6.1.5-kpegke3/share/LHAPDF/NNPDF30_lo_as_0130/NNPDF30_lo_as_0130_0000.dat
NNPDF30_lo_as_0130 PDF set, member #0, version 2; LHAPDF ID = 263000
 
                                                                                          
   ***************************************************************************************
   *                                JHU Generator v6.9.9                                 *
   ***************************************************************************************
   *                                                                                     *
   *   Spin and parity determination of single-produced resonances at hadron colliders   *
   *                                                                                     *
   *          I. Anderson, S. Bolognesi, F. Caola, Y. Gao, A. Gritsan, Z. Guo,           *
   *        C. Martin, K. Melnikov, R.Rontsch, H. Roskes, U. Sarica, M. Schulze,         *
   *                   N. Tran, A. Whitbeck, M. Xiao, C. You, Y. Zhou                    *
   *                Phys.Rev. D81 (2010) 075022;  arXiv:1001.3396 [hep-ph],              *
   *                Phys.Rev. D86 (2012) 095031;  arXiv:1208.4018 [hep-ph],              *
   *                Phys.Rev. D89 (2014) 035007;  arXiv:1309.4819 [hep-ph].              *
   *                                                                                     *
   ***************************************************************************************
                                                                                          
   
   Command line: ./JHUGen Unweighted=0 VegasNc0=99999999 VegasNc1=99999999 VegasNc2=99999999 LHAPDF=NNPDF30_lo_as_0130/NNPDF30_lo_as_0130.info MReso=114 Process=61 ghg2=0,0 ghg4=1,0 pTjetcut=25 etajetcut=4.7 pTlepcut=5 etalepcut=2.5
   
   Input Parameter:
    Collider: P-P, sqrt(s)=13000.00
    Resonance: spin=0, mass= 114.00 width=   0.00407
    Jet cuts:
            pT >=    25.00 GeV
         |eta| <=     4.70
        DeltaR >=     0.30
           mJJ >=     0.00 GeV
           m4l_min/max      -1.00     -1.00 GeV
    Random seed:   595511560
    To reproduce results using this seed, JHUGen should be compiled with the same compiler:
      GNU Fortran (GCC) 4.8.2
    
    WidthScheme:   2
    LHAPDF set NNPDF30_lo_as_0130/NNPDF30_lo_as_0130.info, member=  0
    Unweighted: F
    
    spin-0-VV couplings: 
      generate_as=F
      ghg2=  0.00000000E+00  0.00000000E+00i
      ghg3=  0.00000000E+00  0.00000000E+00i
      ghg4=  0.10000000E+01  0.00000000E+00i
      ghz1=  0.20000000E+01  0.00000000E+00i
      ghz2=  0.00000000E+00  0.00000000E+00i
      ghz3=  0.00000000E+00  0.00000000E+00i
      ghz4=  0.00000000E+00  0.00000000E+00i
      Lambda=  1000.0
    
    LHE output: ./data/output.lhe
    Histogram output: ./data/output.dat
    Log file: ./data/output.log
    
  Running

  Input parameters for vegas:  ndim=  9   ncall= 80707214.
                              it=    0    itmx=   15
                              acc=-1.00    
                              mds=  1     nd=  50
                              (xl,xu)= (  0.00000     ,  1.00000     )
                                       (  0.00000     ,  1.00000     )
                                       (  0.00000     ,  1.00000     )
                                       (  0.00000     ,  1.00000     )
                                       (  0.00000     ,  1.00000     )
                                       (  0.00000     ,  1.00000     )
                                       (  0.00000     ,  1.00000     )
                                       (  0.00000     ,  1.00000     )
                                       (  0.00000     ,  1.00000     )

#********** Integration by Vegas (iteration       1) ************
#                                                               *
#  integral  =  6999.1792       accum. integral =  6999.1792    *
#  std. dev. =  352.86864       accum. std. dev =  352.86864    *
#   min/max. wt. =    0.00000             213.558               *
#                                                               *
#*************   chi**2/iteration =  0.000       ****************


#********** Integration by Vegas (iteration       2) ************
#                                                               *
#  integral  =  7418.3841       accum. integral =  7409.0222    *
#  std. dev. =  56.525917       accum. std. dev =  54.334951    *
#   min/max. wt. =    0.00000             35.3455               *
#                                                               *
#*************   chi**2/iteration =  1.298       ****************


#********** Integration by Vegas (iteration       3) ************
#                                                               *
#  integral  =  7583.0424       accum. integral =  7546.8018    *
#  std. dev. =  29.301050       accum. std. dev =  25.228382    *
#   min/max. wt. =    0.00000             24.3310               *
#                                                               *
#*************   chi**2/iteration =  4.548       ****************


#********** Integration by Vegas (iteration       4) ************
#                                                               *
#  integral  =  7573.7943       accum. integral =  7567.6036    *
#  std. dev. =  14.205832       accum. std. dev =  12.180372    *
#   min/max. wt. =    0.00000             5.88471               *
#                                                               *
#*************   chi**2/iteration =  3.273       ****************


#********** Integration by Vegas (iteration       5) ************
#                                                               *
#  integral  =  7581.5975       accum. integral =  7579.0677    *
#  std. dev. =  5.8642616       accum. std. dev =  5.2048865    *
#   min/max. wt. =    0.00000            0.585825               *
#                                                               *
#*************   chi**2/iteration =  2.698       ****************


#********** Integration by Vegas (iteration       6) ************
#                                                               *
#  integral  =  7579.9718       accum. integral =  7579.5600    *
#  std. dev. =  4.8528306       accum. std. dev =  3.5240421    *
#   min/max. wt. =    0.00000             1.84364               *
#                                                               *
#*************   chi**2/iteration =  2.148       ****************


#********** Integration by Vegas (iteration       7) ************
#                                                               *
#  integral  =  7584.3718       accum. integral =  7581.5203    *
#  std. dev. =  4.3216975       accum. std. dev =  2.7193992    *
#   min/max. wt. =    0.00000            0.764107               *
#                                                               *
#*************   chi**2/iteration =  1.907       ****************


#********** Integration by Vegas (iteration       8) ************
#                                                               *
#  integral  =  7586.0753       accum. integral =  7583.0033    *
#  std. dev. =  3.9710123       accum. std. dev =  2.2373598    *
#   min/max. wt. =    0.00000            0.707979               *
#                                                               *
#*************   chi**2/iteration =  1.759       ****************


#********** Integration by Vegas (iteration       9) ************
#                                                               *
#  integral  =  7584.5270       accum. integral =  7583.4010    *
#  std. dev. =  3.8119798       accum. std. dev =  1.9260511    *
#   min/max. wt. =    0.00000            0.641398               *
#                                                               *
#*************   chi**2/iteration =  1.550       ****************


#********** Integration by Vegas (iteration      10) ************
#                                                               *
#  integral  =  7584.2961       accum. integral =  7583.5864    *
#  std. dev. =  3.8104785       accum. std. dev =  1.7169680    *
#   min/max. wt. =    0.00000            0.760282               *
#                                                               *
#*************   chi**2/iteration =  1.379       ****************


#********** Integration by Vegas (iteration      11) ************
#                                                               *
#  integral  =  7592.6041       accum. integral =  7585.1844    *
#  std. dev. =  3.7406162       accum. std. dev =  1.5590004    *
#   min/max. wt. =    0.00000            0.296896               *
#                                                               *
#*************   chi**2/iteration =  1.727       ****************


#********** Integration by Vegas (iteration      12) ************
#                                                               *
#  integral  =  7579.8481       accum. integral =  7584.3953    *
#  std. dev. =  3.7735930       accum. std. dev =  1.4401260    *
#   min/max. wt. =    0.00000            0.708460               *
#                                                               *
#*************   chi**2/iteration =  1.725       ****************


#********** Integration by Vegas (iteration      13) ************
#                                                               *
#  integral  =  7583.1493       accum. integral =  7584.2295    *
#  std. dev. =  3.7057694       accum. std. dev =  1.3417377    *
#   min/max. wt. =    0.00000            0.348033               *
#                                                               *
#*************   chi**2/iteration =  1.587       ****************


#********** Integration by Vegas (iteration      14) ************
#                                                               *
#  integral  =  7584.9140       accum. integral =  7584.3030    *
#  std. dev. =  3.8968233       accum. std. dev =  1.2683051    *
#   min/max. wt. =    0.00000            0.871315               *
#                                                               *
#*************   chi**2/iteration =  1.466       ****************


#********** Integration by Vegas (iteration      15) ************
#                                                               *
#  integral  =  7584.0279       accum. integral =  7584.2744    *
#  std. dev. =  3.7461883       accum. std. dev =  1.2010182    *
#   min/max. wt. =    0.00000            0.415982               *
#                                                               *
#*************   chi**2/iteration =  1.360       ****************

 ****************************************************
 * Writing out vegas grid to ./data/output.grid                                                      
 ****************************************************

  Input parameters for vegas:  ndim=  9   ncall= 80707214.
                              it=    0    itmx=    2
                              acc=-1.00    
                              mds=  1     nd=  50
                              (xl,xu)= (  0.00000     ,  1.00000     )
                                       (  0.00000     ,  1.00000     )
                                       (  0.00000     ,  1.00000     )
                                       (  0.00000     ,  1.00000     )
                                       (  0.00000     ,  1.00000     )
                                       (  0.00000     ,  1.00000     )
                                       (  0.00000     ,  1.00000     )
                                       (  0.00000     ,  1.00000     )
                                       (  0.00000     ,  1.00000     )

#********** Integration by Vegas (iteration       1) ************
#                                                               *
#  integral  =  7587.0953       accum. integral =  7587.0953    *
#  std. dev. =  3.7271343       accum. std. dev =  3.7271343    *
#   min/max. wt. =    0.00000            0.320821               *
#                                                               *
#*************   chi**2/iteration =  0.000       ****************


#********** Integration by Vegas (iteration       2) ************
#                                                               *
#  integral  =  7584.2914       accum. integral =  7585.7409    *
#  std. dev. =  3.8543055       accum. std. dev =  2.6792960    *
#   min/max. wt. =    0.00000            0.772969               *
#                                                               *
#*************   chi**2/iteration = 0.2732       ****************

 Done
