SLURM job running in:  /work-zfs/lhc/heshy/JHUGen/xsecs/JHUGen/JHUGenerator
LHAPDF 6.1.5 loading /work-zfs/lhc/cms/slc6_amd64_gcc493/external/lhapdf/6.1.5-kpegke3/share/LHAPDF/NNPDF30_lo_as_0130/NNPDF30_lo_as_0130_0000.dat
NNPDF30_lo_as_0130 PDF set, member #0, version 2; LHAPDF ID = 263000
 
                                                                                          
   ***************************************************************************************
   *                                JHU Generator v6.9.9                                 *
   ***************************************************************************************
   *                                                                                     *
   *   Spin and parity determination of single-produced resonances at hadron colliders   *
   *                                                                                     *
   *          I. Anderson, S. Bolognesi, F. Caola, Y. Gao, A. Gritsan, Z. Guo,           *
   *        C. Martin, K. Melnikov, R.Rontsch, H. Roskes, U. Sarica, M. Schulze,         *
   *                   N. Tran, A. Whitbeck, M. Xiao, C. You, Y. Zhou                    *
   *                Phys.Rev. D81 (2010) 075022;  arXiv:1001.3396 [hep-ph],              *
   *                Phys.Rev. D86 (2012) 095031;  arXiv:1208.4018 [hep-ph],              *
   *                Phys.Rev. D89 (2014) 035007;  arXiv:1309.4819 [hep-ph].              *
   *                                                                                     *
   ***************************************************************************************
                                                                                          
   
   Command line: ./JHUGen Unweighted=0 VegasNc0=99999999 VegasNc1=99999999 VegasNc2=99999999 LHAPDF=NNPDF30_lo_as_0130/NNPDF30_lo_as_0130.info MReso=125 Process=61 ghg2=0,0 ghg4=1,0 pTjetcut=25 etajetcut=4.7 pTlepcut=5 etalepcut=2.5
   
   Input Parameter:
    Collider: P-P, sqrt(s)=13000.00
    Resonance: spin=0, mass= 125.00 width=   0.00407
    Jet cuts:
            pT >=    25.00 GeV
         |eta| <=     4.70
        DeltaR >=     0.30
           mJJ >=     0.00 GeV
           m4l_min/max      -1.00     -1.00 GeV
    Random seed:   280556477
    To reproduce results using this seed, JHUGen should be compiled with the same compiler:
      GNU Fortran (GCC) 4.8.2
    
    WidthScheme:   2
    LHAPDF set NNPDF30_lo_as_0130/NNPDF30_lo_as_0130.info, member=  0
    Unweighted: F
    
    spin-0-VV couplings: 
      generate_as=F
      ghg2=  0.00000000E+00  0.00000000E+00i
      ghg3=  0.00000000E+00  0.00000000E+00i
      ghg4=  0.10000000E+01  0.00000000E+00i
      ghz1=  0.20000000E+01  0.00000000E+00i
      ghz2=  0.00000000E+00  0.00000000E+00i
      ghz3=  0.00000000E+00  0.00000000E+00i
      ghz4=  0.00000000E+00  0.00000000E+00i
      Lambda=  1000.0
    
    LHE output: ./data/output.lhe
    Histogram output: ./data/output.dat
    Log file: ./data/output.log
    
  Running

  Input parameters for vegas:  ndim=  9   ncall= 80707214.
                              it=    0    itmx=   15
                              acc=-1.00    
                              mds=  1     nd=  50
                              (xl,xu)= (  0.00000     ,  1.00000     )
                                       (  0.00000     ,  1.00000     )
                                       (  0.00000     ,  1.00000     )
                                       (  0.00000     ,  1.00000     )
                                       (  0.00000     ,  1.00000     )
                                       (  0.00000     ,  1.00000     )
                                       (  0.00000     ,  1.00000     )
                                       (  0.00000     ,  1.00000     )
                                       (  0.00000     ,  1.00000     )

#********** Integration by Vegas (iteration       1) ************
#                                                               *
#  integral  =  6551.8597       accum. integral =  6551.8597    *
#  std. dev. =  409.58079       accum. std. dev =  409.58079    *
#   min/max. wt. =    0.00000             316.335               *
#                                                               *
#*************   chi**2/iteration =  0.000       ****************


#********** Integration by Vegas (iteration       2) ************
#                                                               *
#  integral  =  6549.1271       accum. integral =  6549.1575    *
#  std. dev. =  43.387255       accum. std. dev =  43.154656    *
#   min/max. wt. =    0.00000             13.6122               *
#                                                               *
#*************   chi**2/iteration = 0.4399E-04   ****************


#********** Integration by Vegas (iteration       3) ************
#                                                               *
#  integral  =  6691.2984       accum. integral =  6604.4139    *
#  std. dev. =  55.276935       accum. std. dev =  33.983018    *
#   min/max. wt. =    0.00000             52.1230               *
#                                                               *
#*************   chi**2/iteration =  2.078       ****************


#********** Integration by Vegas (iteration       4) ************
#                                                               *
#  integral  =  6630.7910       accum. integral =  6622.4914    *
#  std. dev. =  23.141330       accum. std. dev =  19.086225    *
#   min/max. wt. =    0.00000             8.94007               *
#                                                               *
#*************   chi**2/iteration =  1.519       ****************


#********** Integration by Vegas (iteration       5) ************
#                                                               *
#  integral  =  6650.7544       accum. integral =  6648.5455    *
#  std. dev. =  5.5949903       accum. std. dev =  5.3430280    *
#   min/max. wt. =    0.00000            0.545886               *
#                                                               *
#*************   chi**2/iteration =  1.640       ****************


#********** Integration by Vegas (iteration       6) ************
#                                                               *
#  integral  =  6654.7284       accum. integral =  6652.5730    *
#  std. dev. =  3.9321400       accum. std. dev =  3.1578218    *
#   min/max. wt. =    0.00000            0.985528               *
#                                                               *
#*************   chi**2/iteration =  1.484       ****************


#********** Integration by Vegas (iteration       7) ************
#                                                               *
#  integral  =  6657.4710       accum. integral =  6654.7547    *
#  std. dev. =  3.5426079       accum. std. dev =  2.3534428    *
#   min/max. wt. =    0.00000            0.516233               *
#                                                               *
#*************   chi**2/iteration =  1.413       ****************


#********** Integration by Vegas (iteration       8) ************
#                                                               *
#  integral  =  6657.4725       accum. integral =  6655.6501    *
#  std. dev. =  3.3730841       accum. std. dev =  1.9282779    *
#   min/max. wt. =    0.00000            0.342331               *
#                                                               *
#*************   chi**2/iteration =  1.272       ****************


#********** Integration by Vegas (iteration       9) ************
#                                                               *
#  integral  =  6662.5470       accum. integral =  6657.4164    *
#  std. dev. =  3.3022556       accum. std. dev =  1.6640266    *
#   min/max. wt. =    0.00000            0.584388               *
#                                                               *
#*************   chi**2/iteration =  1.521       ****************


#********** Integration by Vegas (iteration      10) ************
#                                                               *
#  integral  =  6661.8614       accum. integral =  6658.3405    *
#  std. dev. =  3.2616628       accum. std. dev =  1.4816081    *
#   min/max. wt. =    0.00000            0.288780               *
#                                                               *
#*************   chi**2/iteration =  1.516       ****************


#********** Integration by Vegas (iteration      11) ************
#                                                               *
#  integral  =  6655.7745       accum. integral =  6657.9208    *
#  std. dev. =  3.3599963       accum. std. dev =  1.3553837    *
#   min/max. wt. =    0.00000            0.987490               *
#                                                               *
#*************   chi**2/iteration =  1.412       ****************


#********** Integration by Vegas (iteration      12) ************
#                                                               *
#  integral  =  6653.0419       accum. integral =  6657.3358    *
#  std. dev. =  3.6802677       accum. std. dev =  1.2717720    *
#   min/max. wt. =    0.00000             1.07797               *
#                                                               *
#*************   chi**2/iteration =  1.425       ****************


#********** Integration by Vegas (iteration      13) ************
#                                                               *
#  integral  =  6654.4267       accum. integral =  6656.9893    *
#  std. dev. =  3.4659574       accum. std. dev =  1.1938246    *
#   min/max. wt. =    0.00000            0.156739               *
#                                                               *
#*************   chi**2/iteration =  1.357       ****************


#********** Integration by Vegas (iteration      14) ************
#                                                               *
#  integral  =  6654.4656       accum. integral =  6656.6918    *
#  std. dev. =  3.2721523       accum. std. dev =  1.1214081    *
#   min/max. wt. =    0.00000            0.238250               *
#                                                               *
#*************   chi**2/iteration =  1.293       ****************


#********** Integration by Vegas (iteration      15) ************
#                                                               *
#  integral  =  6656.9752       accum. integral =  6656.7217    *
#  std. dev. =  3.2695916       accum. std. dev =  1.0606584    *
#   min/max. wt. =    0.00000            0.201496               *
#                                                               *
#*************   chi**2/iteration =  1.201       ****************

 ****************************************************
 * Writing out vegas grid to ./data/output.grid                                                      
 ****************************************************

  Input parameters for vegas:  ndim=  9   ncall= 80707214.
                              it=    0    itmx=    2
                              acc=-1.00    
                              mds=  1     nd=  50
                              (xl,xu)= (  0.00000     ,  1.00000     )
                                       (  0.00000     ,  1.00000     )
                                       (  0.00000     ,  1.00000     )
                                       (  0.00000     ,  1.00000     )
                                       (  0.00000     ,  1.00000     )
                                       (  0.00000     ,  1.00000     )
                                       (  0.00000     ,  1.00000     )
                                       (  0.00000     ,  1.00000     )
                                       (  0.00000     ,  1.00000     )

#********** Integration by Vegas (iteration       1) ************
#                                                               *
#  integral  =  6659.1660       accum. integral =  6659.1660    *
#  std. dev. =  3.6258505       accum. std. dev =  3.6258505    *
#   min/max. wt. =    0.00000             1.27330               *
#                                                               *
#*************   chi**2/iteration = 0.5667E-06   ****************


#********** Integration by Vegas (iteration       2) ************
#                                                               *
#  integral  =  6658.4988       accum. integral =  6658.8217    *
#  std. dev. =  3.5112792       accum. std. dev =  2.5223852    *
#   min/max. wt. =    0.00000            0.198459               *
#                                                               *
#*************   chi**2/iteration = 0.1746E-01   ****************

 Done
