SLURM job running in:  /work-zfs/lhc/heshy/JHUGen/xsecs/JHUGen/JHUGenerator
LHAPDF 6.1.5 loading /work-zfs/lhc/cms/slc6_amd64_gcc493/external/lhapdf/6.1.5-kpegke3/share/LHAPDF/NNPDF30_lo_as_0130/NNPDF30_lo_as_0130_0000.dat
NNPDF30_lo_as_0130 PDF set, member #0, version 2; LHAPDF ID = 263000
 
                                                                                          
   ***************************************************************************************
   *                                JHU Generator v6.9.9                                 *
   ***************************************************************************************
   *                                                                                     *
   *   Spin and parity determination of single-produced resonances at hadron colliders   *
   *                                                                                     *
   *          I. Anderson, S. Bolognesi, F. Caola, Y. Gao, A. Gritsan, Z. Guo,           *
   *        C. Martin, K. Melnikov, R.Rontsch, H. Roskes, U. Sarica, M. Schulze,         *
   *                   N. Tran, A. Whitbeck, M. Xiao, C. You, Y. Zhou                    *
   *                Phys.Rev. D81 (2010) 075022;  arXiv:1001.3396 [hep-ph],              *
   *                Phys.Rev. D86 (2012) 095031;  arXiv:1208.4018 [hep-ph],              *
   *                Phys.Rev. D89 (2014) 035007;  arXiv:1309.4819 [hep-ph].              *
   *                                                                                     *
   ***************************************************************************************
                                                                                          
   
   Command line: ./JHUGen Unweighted=0 VegasNc0=99999999 VegasNc1=99999999 VegasNc2=99999999 LHAPDF=NNPDF30_lo_as_0130/NNPDF30_lo_as_0130.info MReso=1250 Process=61 ghg2=0,0 ghg4=1,0 pTjetcut=25 etajetcut=4.7 pTlepcut=5 etalepcut=2.5
   
   Input Parameter:
    Collider: P-P, sqrt(s)=13000.00
    Resonance: spin=0, mass=1250.00 width=   0.00407
    Jet cuts:
            pT >=    25.00 GeV
         |eta| <=     4.70
        DeltaR >=     0.30
           mJJ >=     0.00 GeV
           m4l_min/max      -1.00     -1.00 GeV
    Random seed:   596712540
    To reproduce results using this seed, JHUGen should be compiled with the same compiler:
      GNU Fortran (GCC) 4.8.2
    
    WidthScheme:   2
    LHAPDF set NNPDF30_lo_as_0130/NNPDF30_lo_as_0130.info, member=  0
    Unweighted: F
    
    spin-0-VV couplings: 
      generate_as=F
      ghg2=  0.00000000E+00  0.00000000E+00i
      ghg3=  0.00000000E+00  0.00000000E+00i
      ghg4=  0.10000000E+01  0.00000000E+00i
      ghz1=  0.20000000E+01  0.00000000E+00i
      ghz2=  0.00000000E+00  0.00000000E+00i
      ghz3=  0.00000000E+00  0.00000000E+00i
      ghz4=  0.00000000E+00  0.00000000E+00i
      Lambda=  1000.0
    
    LHE output: ./data/output.lhe
    Histogram output: ./data/output.dat
    Log file: ./data/output.log
    
  Running

  Input parameters for vegas:  ndim=  9   ncall= 80707214.
                              it=    0    itmx=   15
                              acc=-1.00    
                              mds=  1     nd=  50
                              (xl,xu)= (  0.00000     ,  1.00000     )
                                       (  0.00000     ,  1.00000     )
                                       (  0.00000     ,  1.00000     )
                                       (  0.00000     ,  1.00000     )
                                       (  0.00000     ,  1.00000     )
                                       (  0.00000     ,  1.00000     )
                                       (  0.00000     ,  1.00000     )
                                       (  0.00000     ,  1.00000     )
                                       (  0.00000     ,  1.00000     )

#********** Integration by Vegas (iteration       1) ************
#                                                               *
#  integral  =  32.667628       accum. integral =  32.667628    *
#  std. dev. =  5.0042283       accum. std. dev =  5.0042283    *
#   min/max. wt. =    0.00000             4.46601               *
#                                                               *
#*************   chi**2/iteration =  0.000       ****************


#********** Integration by Vegas (iteration       2) ************
#                                                               *
#  integral  =  34.773120       accum. integral =  34.370227    *
#  std. dev. =  2.5912057       accum. std. dev =  2.2606927    *
#   min/max. wt. =    0.00000             2.54488               *
#                                                               *
#*************   chi**2/iteration = 0.1341       ****************


#********** Integration by Vegas (iteration       3) ************
#                                                               *
#  integral  =  34.211944       accum. integral =  34.216295    *
#  std. dev. = 0.38546720       accum. std. dev = 0.37661995    *
#   min/max. wt. =    0.00000            0.231133               *
#                                                               *
#*************   chi**2/iteration = 0.6881E-01   ****************


#********** Integration by Vegas (iteration       4) ************
#                                                               *
#  integral  =  33.608026       accum. integral =  33.625571    *
#  std. dev. = 0.64355016E-01   accum. std. dev = 0.63827988E-01*
#   min/max. wt. =    0.00000            0.110113E-01           *
#                                                               *
#*************   chi**2/iteration = 0.8938       ****************


#********** Integration by Vegas (iteration       5) ************
#                                                               *
#  integral  =  33.695230       accum. integral =  33.680629    *
#  std. dev. = 0.32744349E-01   accum. std. dev = 0.29200173E-01*
#   min/max. wt. =    0.00000            0.985616E-02           *
#                                                               *
#*************   chi**2/iteration = 0.9071       ****************


#********** Integration by Vegas (iteration       6) ************
#                                                               *
#  integral  =  33.786430       accum. integral =  33.741983    *
#  std. dev. = 0.24844877E-01   accum. std. dev = 0.18925155E-01*
#   min/max. wt. =    0.00000            0.473624E-02           *
#                                                               *
#*************   chi**2/iteration =  2.248       ****************


#********** Integration by Vegas (iteration       7) ************
#                                                               *
#  integral  =  33.749830       accum. integral =  33.745621    *
#  std. dev. = 0.20324375E-01   accum. std. dev = 0.13856513E-01*
#   min/max. wt. =    0.00000            0.306989E-02           *
#                                                               *
#*************   chi**2/iteration =  1.888       ****************


#********** Integration by Vegas (iteration       8) ************
#                                                               *
#  integral  =  33.770683       accum. integral =  33.754260    *
#  std. dev. = 0.19093854E-01   accum. std. dev = 0.11216011E-01*
#   min/max. wt. =    0.00000            0.147477E-02           *
#                                                               *
#*************   chi**2/iteration =  1.779       ****************


#********** Integration by Vegas (iteration       9) ************
#                                                               *
#  integral  =  33.767171       accum. integral =  33.757647    *
#  std. dev. = 0.18798430E-01   accum. std. dev = 0.96327454E-02*
#   min/max. wt. =    0.00000            0.236896E-02           *
#                                                               *
#*************   chi**2/iteration =  1.601       ****************


#********** Integration by Vegas (iteration      10) ************
#                                                               *
#  integral  =  33.745574       accum. integral =  33.755119    *
#  std. dev. = 0.18694641E-01   accum. std. dev = 0.85639613E-02*
#   min/max. wt. =    0.00000            0.203297E-02           *
#                                                               *
#*************   chi**2/iteration =  1.460       ****************


#********** Integration by Vegas (iteration      11) ************
#                                                               *
#  integral  =  33.753018       accum. integral =  33.754745    *
#  std. dev. = 0.18386599E-01   accum. std. dev = 0.77637426E-02*
#   min/max. wt. =    0.00000            0.123157E-02           *
#                                                               *
#*************   chi**2/iteration =  1.315       ****************


#********** Integration by Vegas (iteration      12) ************
#                                                               *
#  integral  =  33.708283       accum. integral =  33.747790    *
#  std. dev. = 0.18465291E-01   accum. std. dev = 0.71578763E-02*
#   min/max. wt. =    0.00000            0.285517E-02           *
#                                                               *
#*************   chi**2/iteration =  1.683       ****************


#********** Integration by Vegas (iteration      13) ************
#                                                               *
#  integral  =  33.758176       accum. integral =  33.749133    *
#  std. dev. = 0.18561353E-01   accum. std. dev = 0.66786436E-02*
#   min/max. wt. =    0.00000            0.131684E-02           *
#                                                               *
#*************   chi**2/iteration =  1.566       ****************


#********** Integration by Vegas (iteration      14) ************
#                                                               *
#  integral  =  33.779091       accum. integral =  33.752424    *
#  std. dev. = 0.19018136E-01   accum. std. dev = 0.63013335E-02*
#   min/max. wt. =    0.00000            0.235164E-02           *
#                                                               *
#*************   chi**2/iteration =  1.615       ****************


#********** Integration by Vegas (iteration      15) ************
#                                                               *
#  integral  =  33.744135       accum. integral =  33.751555    *
#  std. dev. = 0.18407561E-01   accum. std. dev = 0.59618862E-02*
#   min/max. wt. =    0.00000            0.915398E-03           *
#                                                               *
#*************   chi**2/iteration =  1.513       ****************

 ****************************************************
 * Writing out vegas grid to ./data/output.grid                                                      
 ****************************************************

  Input parameters for vegas:  ndim=  9   ncall= 80707214.
                              it=    0    itmx=    2
                              acc=-1.00    
                              mds=  1     nd=  50
                              (xl,xu)= (  0.00000     ,  1.00000     )
                                       (  0.00000     ,  1.00000     )
                                       (  0.00000     ,  1.00000     )
                                       (  0.00000     ,  1.00000     )
                                       (  0.00000     ,  1.00000     )
                                       (  0.00000     ,  1.00000     )
                                       (  0.00000     ,  1.00000     )
                                       (  0.00000     ,  1.00000     )
                                       (  0.00000     ,  1.00000     )

#********** Integration by Vegas (iteration       1) ************
#                                                               *
#  integral  =  33.723918       accum. integral =  33.723918    *
#  std. dev. = 0.18961782E-01   accum. std. dev = 0.18961782E-01*
#   min/max. wt. =    0.00000            0.333502E-02           *
#                                                               *
#*************   chi**2/iteration =  0.000       ****************


#********** Integration by Vegas (iteration       2) ************
#                                                               *
#  integral  =  33.771643       accum. integral =  33.747736    *
#  std. dev. = 0.19023767E-01   accum. std. dev = 0.13429897E-01*
#   min/max. wt. =    0.00000            0.231152E-02           *
#                                                               *
#*************   chi**2/iteration =  3.154       ****************

 Done
