SLURM job running in:  /work-zfs/lhc/heshy/JHUGen/xsecs/JHUGen/JHUGenerator
LHAPDF 6.1.5 loading /work-zfs/lhc/cms/slc6_amd64_gcc493/external/lhapdf/6.1.5-kpegke3/share/LHAPDF/NNPDF30_lo_as_0130/NNPDF30_lo_as_0130_0000.dat
NNPDF30_lo_as_0130 PDF set, member #0, version 2; LHAPDF ID = 263000
 
                                                                                          
   ***************************************************************************************
   *                                JHU Generator v6.9.9                                 *
   ***************************************************************************************
   *                                                                                     *
   *   Spin and parity determination of single-produced resonances at hadron colliders   *
   *                                                                                     *
   *          I. Anderson, S. Bolognesi, F. Caola, Y. Gao, A. Gritsan, Z. Guo,           *
   *        C. Martin, K. Melnikov, R.Rontsch, H. Roskes, U. Sarica, M. Schulze,         *
   *                   N. Tran, A. Whitbeck, M. Xiao, C. You, Y. Zhou                    *
   *                Phys.Rev. D81 (2010) 075022;  arXiv:1001.3396 [hep-ph],              *
   *                Phys.Rev. D86 (2012) 095031;  arXiv:1208.4018 [hep-ph],              *
   *                Phys.Rev. D89 (2014) 035007;  arXiv:1309.4819 [hep-ph].              *
   *                                                                                     *
   ***************************************************************************************
                                                                                          
   
   Command line: ./JHUGen Unweighted=0 VegasNc0=99999999 VegasNc1=99999999 VegasNc2=99999999 LHAPDF=NNPDF30_lo_as_0130/NNPDF30_lo_as_0130.info MReso=152 Process=61 ghg2=0,0 ghg4=1,0 pTjetcut=25 etajetcut=4.7 pTlepcut=5 etalepcut=2.5
   
   Input Parameter:
    Collider: P-P, sqrt(s)=13000.00
    Resonance: spin=0, mass= 152.00 width=   0.00407
    Jet cuts:
            pT >=    25.00 GeV
         |eta| <=     4.70
        DeltaR >=     0.30
           mJJ >=     0.00 GeV
           m4l_min/max      -1.00     -1.00 GeV
    Random seed:   195718949
    To reproduce results using this seed, JHUGen should be compiled with the same compiler:
      GNU Fortran (GCC) 4.8.2
    
    WidthScheme:   2
    LHAPDF set NNPDF30_lo_as_0130/NNPDF30_lo_as_0130.info, member=  0
    Unweighted: F
    
    spin-0-VV couplings: 
      generate_as=F
      ghg2=  0.00000000E+00  0.00000000E+00i
      ghg3=  0.00000000E+00  0.00000000E+00i
      ghg4=  0.10000000E+01  0.00000000E+00i
      ghz1=  0.20000000E+01  0.00000000E+00i
      ghz2=  0.00000000E+00  0.00000000E+00i
      ghz3=  0.00000000E+00  0.00000000E+00i
      ghz4=  0.00000000E+00  0.00000000E+00i
      Lambda=  1000.0
    
    LHE output: ./data/output.lhe
    Histogram output: ./data/output.dat
    Log file: ./data/output.log
    
  Running

  Input parameters for vegas:  ndim=  9   ncall= 80707214.
                              it=    0    itmx=   15
                              acc=-1.00    
                              mds=  1     nd=  50
                              (xl,xu)= (  0.00000     ,  1.00000     )
                                       (  0.00000     ,  1.00000     )
                                       (  0.00000     ,  1.00000     )
                                       (  0.00000     ,  1.00000     )
                                       (  0.00000     ,  1.00000     )
                                       (  0.00000     ,  1.00000     )
                                       (  0.00000     ,  1.00000     )
                                       (  0.00000     ,  1.00000     )
                                       (  0.00000     ,  1.00000     )

#********** Integration by Vegas (iteration       1) ************
#                                                               *
#  integral  =  4549.0973       accum. integral =  4549.0973    *
#  std. dev. =  250.93812       accum. std. dev =  250.93812    *
#   min/max. wt. =    0.00000             166.072               *
#                                                               *
#*************   chi**2/iteration =  0.000       ****************


#********** Integration by Vegas (iteration       2) ************
#                                                               *
#  integral  =  4986.0566       accum. integral =  4958.6778    *
#  std. dev. =  71.110897       accum. std. dev =  65.899383    *
#   min/max. wt. =    0.00000             61.0077               *
#                                                               *
#*************   chi**2/iteration =  2.580       ****************


#********** Integration by Vegas (iteration       3) ************
#                                                               *
#  integral  =  4953.2422       accum. integral =  4953.5340    *
#  std. dev. =  16.291365       accum. std. dev =  15.465018    *
#   min/max. wt. =    0.00000             3.99842               *
#                                                               *
#*************   chi**2/iteration =  1.261       ****************


#********** Integration by Vegas (iteration       4) ************
#                                                               *
#  integral  =  4978.3292       accum. integral =  4974.9284    *
#  std. dev. =  6.3504303       accum. std. dev =  5.7707035    *
#   min/max. wt. =    0.00000             3.82166               *
#                                                               *
#*************   chi**2/iteration =  1.556       ****************


#********** Integration by Vegas (iteration       5) ************
#                                                               *
#  integral  =  4977.2225       accum. integral =  4976.5100    *
#  std. dev. =  3.9584156       accum. std. dev =  3.2302766    *
#   min/max. wt. =    0.00000            0.352188               *
#                                                               *
#*************   chi**2/iteration =  1.184       ****************


#********** Integration by Vegas (iteration       6) ************
#                                                               *
#  integral  =  4977.1455       accum. integral =  4976.8767    *
#  std. dev. =  2.8139425       accum. std. dev =  2.1070151    *
#   min/max. wt. =    0.00000            0.312224               *
#                                                               *
#*************   chi**2/iteration = 0.9462       ****************


#********** Integration by Vegas (iteration       7) ************
#                                                               *
#  integral  =  4978.9911       accum. integral =  4977.6845    *
#  std. dev. =  2.7194874       accum. std. dev =  1.6598539    *
#   min/max. wt. =    0.00000            0.806193               *
#                                                               *
#*************   chi**2/iteration = 0.8490       ****************


#********** Integration by Vegas (iteration       8) ************
#                                                               *
#  integral  =  4973.3688       accum. integral =  4976.3812    *
#  std. dev. =  2.5526788       accum. std. dev =  1.3887739    *
#   min/max. wt. =    0.00000            0.226329               *
#                                                               *
#*************   chi**2/iteration =  1.016       ****************


#********** Integration by Vegas (iteration       9) ************
#                                                               *
#  integral  =  4979.1672       accum. integral =  4977.0205    *
#  std. dev. =  2.5737578       accum. std. dev =  1.2206224    *
#   min/max. wt. =    0.00000            0.779737               *
#                                                               *
#*************   chi**2/iteration =  1.002       ****************


#********** Integration by Vegas (iteration      10) ************
#                                                               *
#  integral  =  4974.5715       accum. integral =  4976.5307    *
#  std. dev. =  2.4633408       accum. std. dev =  1.0927489    *
#   min/max. wt. =    0.00000            0.227729               *
#                                                               *
#*************   chi**2/iteration = 0.9786       ****************


#********** Integration by Vegas (iteration      11) ************
#                                                               *
#  integral  =  4977.3143       accum. integral =  4976.6502    *
#  std. dev. =  2.5977446       accum. std. dev =  1.0067380    *
#   min/max. wt. =    0.00000            0.758260               *
#                                                               *
#*************   chi**2/iteration = 0.8872       ****************


#********** Integration by Vegas (iteration      12) ************
#                                                               *
#  integral  =  4977.7399       accum. integral =  4976.8050    *
#  std. dev. =  2.4939614       accum. std. dev = 0.93312245    *
#   min/max. wt. =    0.00000            0.254548               *
#                                                               *
#*************   chi**2/iteration = 0.8206       ****************


#********** Integration by Vegas (iteration      13) ************
#                                                               *
#  integral  =  4977.6809       accum. integral =  4976.9163    *
#  std. dev. =  2.4636758       accum. std. dev = 0.87231876    *
#   min/max. wt. =    0.00000            0.380125               *
#                                                               *
#*************   chi**2/iteration = 0.7606       ****************


#********** Integration by Vegas (iteration      14) ************
#                                                               *
#  integral  =  4974.9454       accum. integral =  4976.6859    *
#  std. dev. =  2.4124023       accum. std. dev = 0.82011073    *
#   min/max. wt. =    0.00000            0.238384               *
#                                                               *
#*************   chi**2/iteration = 0.7474       ****************


#********** Integration by Vegas (iteration      15) ************
#                                                               *
#  integral  =  4976.8570       accum. integral =  4976.7034    *
#  std. dev. =  2.4459771       accum. std. dev = 0.77740377    *
#   min/max. wt. =    0.00000            0.251385               *
#                                                               *
#*************   chi**2/iteration = 0.6937       ****************

 ****************************************************
 * Writing out vegas grid to ./data/output.grid                                                      
 ****************************************************

  Input parameters for vegas:  ndim=  9   ncall= 80707214.
                              it=    0    itmx=    2
                              acc=-1.00    
                              mds=  1     nd=  50
                              (xl,xu)= (  0.00000     ,  1.00000     )
                                       (  0.00000     ,  1.00000     )
                                       (  0.00000     ,  1.00000     )
                                       (  0.00000     ,  1.00000     )
                                       (  0.00000     ,  1.00000     )
                                       (  0.00000     ,  1.00000     )
                                       (  0.00000     ,  1.00000     )
                                       (  0.00000     ,  1.00000     )
                                       (  0.00000     ,  1.00000     )

#********** Integration by Vegas (iteration       1) ************
#                                                               *
#  integral  =  4976.3746       accum. integral =  4976.3746    *
#  std. dev. =  2.4761818       accum. std. dev =  2.4761818    *
#   min/max. wt. =    0.00000            0.338626               *
#                                                               *
#*************   chi**2/iteration =  0.000       ****************


#********** Integration by Vegas (iteration       2) ************
#                                                               *
#  integral  =  4976.2106       accum. integral =  4976.2924    *
#  std. dev. =  2.4678274       accum. std. dev =  1.7479638    *
#   min/max. wt. =    0.00000            0.403138               *
#                                                               *
#*************   chi**2/iteration = 0.2199E-02   ****************

 Done
