SLURM job running in:  /work-zfs/lhc/heshy/JHUGen/xsecs/JHUGen/JHUGenerator
LHAPDF 6.1.5 loading /work-zfs/lhc/cms/slc6_amd64_gcc493/external/lhapdf/6.1.5-kpegke3/share/LHAPDF/NNPDF30_lo_as_0130/NNPDF30_lo_as_0130_0000.dat
NNPDF30_lo_as_0130 PDF set, member #0, version 2; LHAPDF ID = 263000
 
                                                                                          
   ***************************************************************************************
   *                                JHU Generator v6.9.9                                 *
   ***************************************************************************************
   *                                                                                     *
   *   Spin and parity determination of single-produced resonances at hadron colliders   *
   *                                                                                     *
   *          I. Anderson, S. Bolognesi, F. Caola, Y. Gao, A. Gritsan, Z. Guo,           *
   *        C. Martin, K. Melnikov, R.Rontsch, H. Roskes, U. Sarica, M. Schulze,         *
   *                   N. Tran, A. Whitbeck, M. Xiao, C. You, Y. Zhou                    *
   *                Phys.Rev. D81 (2010) 075022;  arXiv:1001.3396 [hep-ph],              *
   *                Phys.Rev. D86 (2012) 095031;  arXiv:1208.4018 [hep-ph],              *
   *                Phys.Rev. D89 (2014) 035007;  arXiv:1309.4819 [hep-ph].              *
   *                                                                                     *
   ***************************************************************************************
                                                                                          
   
   Command line: ./JHUGen Unweighted=0 VegasNc0=99999999 VegasNc1=99999999 VegasNc2=99999999 LHAPDF=NNPDF30_lo_as_0130/NNPDF30_lo_as_0130.info MReso=1600 Process=61 ghg2=0,0 ghg4=1,0 pTjetcut=25 etajetcut=4.7 pTlepcut=5 etalepcut=2.5
   
   Input Parameter:
    Collider: P-P, sqrt(s)=13000.00
    Resonance: spin=0, mass=1600.00 width=   0.00407
    Jet cuts:
            pT >=    25.00 GeV
         |eta| <=     4.70
        DeltaR >=     0.30
           mJJ >=     0.00 GeV
           m4l_min/max      -1.00     -1.00 GeV
    Random seed:   778967950
    To reproduce results using this seed, JHUGen should be compiled with the same compiler:
      GNU Fortran (GCC) 4.8.2
    
    WidthScheme:   2
    LHAPDF set NNPDF30_lo_as_0130/NNPDF30_lo_as_0130.info, member=  0
    Unweighted: F
    
    spin-0-VV couplings: 
      generate_as=F
      ghg2=  0.00000000E+00  0.00000000E+00i
      ghg3=  0.00000000E+00  0.00000000E+00i
      ghg4=  0.10000000E+01  0.00000000E+00i
      ghz1=  0.20000000E+01  0.00000000E+00i
      ghz2=  0.00000000E+00  0.00000000E+00i
      ghz3=  0.00000000E+00  0.00000000E+00i
      ghz4=  0.00000000E+00  0.00000000E+00i
      Lambda=  1000.0
    
    LHE output: ./data/output.lhe
    Histogram output: ./data/output.dat
    Log file: ./data/output.log
    
  Running

  Input parameters for vegas:  ndim=  9   ncall= 80707214.
                              it=    0    itmx=   15
                              acc=-1.00    
                              mds=  1     nd=  50
                              (xl,xu)= (  0.00000     ,  1.00000     )
                                       (  0.00000     ,  1.00000     )
                                       (  0.00000     ,  1.00000     )
                                       (  0.00000     ,  1.00000     )
                                       (  0.00000     ,  1.00000     )
                                       (  0.00000     ,  1.00000     )
                                       (  0.00000     ,  1.00000     )
                                       (  0.00000     ,  1.00000     )
                                       (  0.00000     ,  1.00000     )

#********** Integration by Vegas (iteration       1) ************
#                                                               *
#  integral  =  11.900942       accum. integral =  11.900942    *
#  std. dev. =  1.4669982       accum. std. dev =  1.4669982    *
#   min/max. wt. =    0.00000            0.869611               *
#                                                               *
#*************   chi**2/iteration =  0.000       ****************


#********** Integration by Vegas (iteration       2) ************
#                                                               *
#  integral  =  12.759185       accum. integral =  12.687832    *
#  std. dev. = 0.47361080       accum. std. dev = 0.43850909    *
#   min/max. wt. =    0.00000            0.412953               *
#                                                               *
#*************   chi**2/iteration = 0.2917       ****************


#********** Integration by Vegas (iteration       3) ************
#                                                               *
#  integral  =  12.566570       accum. integral =  12.575269    *
#  std. dev. = 0.12416676       accum. std. dev = 0.11818103    *
#   min/max. wt. =    0.00000            0.100613               *
#                                                               *
#*************   chi**2/iteration = 0.1792       ****************


#********** Integration by Vegas (iteration       4) ************
#                                                               *
#  integral  =  12.768937       accum. integral =  12.736556    *
#  std. dev. = 0.54465755E-01   accum. std. dev = 0.48672805E-01*
#   min/max. wt. =    0.00000            0.243908E-01           *
#                                                               *
#*************   chi**2/iteration = 0.8524       ****************


#********** Integration by Vegas (iteration       5) ************
#                                                               *
#  integral  =  12.666384       accum. integral =  12.675256    *
#  std. dev. = 0.18757139E-01   accum. std. dev = 0.17351723E-01*
#   min/max. wt. =    0.00000            0.349217E-02           *
#                                                               *
#*************   chi**2/iteration =  1.087       ****************


#********** Integration by Vegas (iteration       6) ************
#                                                               *
#  integral  =  12.659440       accum. integral =  12.663229    *
#  std. dev. = 0.98353344E-02   accum. std. dev = 0.85072545E-02*
#   min/max. wt. =    0.00000            0.174452E-02           *
#                                                               *
#*************   chi**2/iteration = 0.9931       ****************


#********** Integration by Vegas (iteration       7) ************
#                                                               *
#  integral  =  12.684075       accum. integral =  12.674019    *
#  std. dev. = 0.82959710E-02   accum. std. dev = 0.59173098E-02*
#   min/max. wt. =    0.00000            0.126236E-02           *
#                                                               *
#*************   chi**2/iteration =  1.342       ****************


#********** Integration by Vegas (iteration       8) ************
#                                                               *
#  integral  =  12.669601       accum. integral =  12.672324    *
#  std. dev. = 0.75577818E-02   accum. std. dev = 0.46502600E-02*
#   min/max. wt. =    0.00000            0.837332E-03           *
#                                                               *
#*************   chi**2/iteration =  1.178       ****************


#********** Integration by Vegas (iteration       9) ************
#                                                               *
#  integral  =  12.673053       accum. integral =  12.672532    *
#  std. dev. = 0.74216633E-02   accum. std. dev = 0.39360206E-02*
#   min/max. wt. =    0.00000            0.112532E-02           *
#                                                               *
#*************   chi**2/iteration =  1.030       ****************


#********** Integration by Vegas (iteration      10) ************
#                                                               *
#  integral  =  12.666532       accum. integral =  12.671166    *
#  std. dev. = 0.72894190E-02   accum. std. dev = 0.34609646E-02*
#   min/max. wt. =    0.00000            0.798418E-03           *
#                                                               *
#*************   chi**2/iteration = 0.9736       ****************


#********** Integration by Vegas (iteration      11) ************
#                                                               *
#  integral  =  12.664643       accum. integral =  12.669924    *
#  std. dev. = 0.71723599E-02   accum. std. dev = 0.31155652E-02*
#   min/max. wt. =    0.00000            0.570722E-03           *
#                                                               *
#*************   chi**2/iteration = 0.9430       ****************


#********** Integration by Vegas (iteration      12) ************
#                                                               *
#  integral  =  12.679795       accum. integral =  12.671576    *
#  std. dev. = 0.69885334E-02   accum. std. dev = 0.28442808E-02*
#   min/max. wt. =    0.00000            0.522931E-03           *
#                                                               *
#*************   chi**2/iteration =  1.009       ****************


#********** Integration by Vegas (iteration      13) ************
#                                                               *
#  integral  =  12.669809       accum. integral =  12.671320    *
#  std. dev. = 0.69453279E-02   accum. std. dev = 0.26313545E-02*
#   min/max. wt. =    0.00000            0.354753E-03           *
#                                                               *
#*************   chi**2/iteration = 0.9290       ****************


#********** Integration by Vegas (iteration      14) ************
#                                                               *
#  integral  =  12.658581       accum. integral =  12.669717    *
#  std. dev. = 0.69569468E-02   accum. std. dev = 0.24607762E-02*
#   min/max. wt. =    0.00000            0.441808E-03           *
#                                                               *
#*************   chi**2/iteration =  1.084       ****************


#********** Integration by Vegas (iteration      15) ************
#                                                               *
#  integral  =  12.683445       accum. integral =  12.671211    *
#  std. dev. = 0.70773473E-02   accum. std. dev = 0.23238227E-02*
#   min/max. wt. =    0.00000            0.566895E-03           *
#                                                               *
#*************   chi**2/iteration =  1.247       ****************

 ****************************************************
 * Writing out vegas grid to ./data/output.grid                                                      
 ****************************************************

  Input parameters for vegas:  ndim=  9   ncall= 80707214.
                              it=    0    itmx=    2
                              acc=-1.00    
                              mds=  1     nd=  50
                              (xl,xu)= (  0.00000     ,  1.00000     )
                                       (  0.00000     ,  1.00000     )
                                       (  0.00000     ,  1.00000     )
                                       (  0.00000     ,  1.00000     )
                                       (  0.00000     ,  1.00000     )
                                       (  0.00000     ,  1.00000     )
                                       (  0.00000     ,  1.00000     )
                                       (  0.00000     ,  1.00000     )
                                       (  0.00000     ,  1.00000     )

#********** Integration by Vegas (iteration       1) ************
#                                                               *
#  integral  =  12.683004       accum. integral =  12.683004    *
#  std. dev. = 0.74957139E-02   accum. std. dev = 0.74957139E-02*
#   min/max. wt. =    0.00000            0.144500E-02           *
#                                                               *
#*************   chi**2/iteration =  0.000       ****************


#********** Integration by Vegas (iteration       2) ************
#                                                               *
#  integral  =  12.670865       accum. integral =  12.676699    *
#  std. dev. = 0.72031790E-02   accum. std. dev = 0.51938555E-02*
#   min/max. wt. =    0.00000            0.383351E-03           *
#                                                               *
#*************   chi**2/iteration =  1.362       ****************

 Done
