SLURM job running in:  /work-zfs/lhc/heshy/JHUGen/xsecs/JHUGen/JHUGenerator
LHAPDF 6.1.5 loading /work-zfs/lhc/cms/slc6_amd64_gcc493/external/lhapdf/6.1.5-kpegke3/share/LHAPDF/NNPDF30_lo_as_0130/NNPDF30_lo_as_0130_0000.dat
NNPDF30_lo_as_0130 PDF set, member #0, version 2; LHAPDF ID = 263000
 
                                                                                          
   ***************************************************************************************
   *                                JHU Generator v6.9.9                                 *
   ***************************************************************************************
   *                                                                                     *
   *   Spin and parity determination of single-produced resonances at hadron colliders   *
   *                                                                                     *
   *          I. Anderson, S. Bolognesi, F. Caola, Y. Gao, A. Gritsan, Z. Guo,           *
   *        C. Martin, K. Melnikov, R.Rontsch, H. Roskes, U. Sarica, M. Schulze,         *
   *                   N. Tran, A. Whitbeck, M. Xiao, C. You, Y. Zhou                    *
   *                Phys.Rev. D81 (2010) 075022;  arXiv:1001.3396 [hep-ph],              *
   *                Phys.Rev. D86 (2012) 095031;  arXiv:1208.4018 [hep-ph],              *
   *                Phys.Rev. D89 (2014) 035007;  arXiv:1309.4819 [hep-ph].              *
   *                                                                                     *
   ***************************************************************************************
                                                                                          
   
   Command line: ./JHUGen Unweighted=0 VegasNc0=99999999 VegasNc1=99999999 VegasNc2=99999999 LHAPDF=NNPDF30_lo_as_0130/NNPDF30_lo_as_0130.info MReso=242 Process=61 ghg2=0,0 ghg4=1,0 pTjetcut=25 etajetcut=4.7 pTlepcut=5 etalepcut=2.5
   
   Input Parameter:
    Collider: P-P, sqrt(s)=13000.00
    Resonance: spin=0, mass= 242.00 width=   0.00407
    Jet cuts:
            pT >=    25.00 GeV
         |eta| <=     4.70
        DeltaR >=     0.30
           mJJ >=     0.00 GeV
           m4l_min/max      -1.00     -1.00 GeV
    Random seed:   152138584
    To reproduce results using this seed, JHUGen should be compiled with the same compiler:
      GNU Fortran (GCC) 4.8.2
    
    WidthScheme:   2
    LHAPDF set NNPDF30_lo_as_0130/NNPDF30_lo_as_0130.info, member=  0
    Unweighted: F
    
    spin-0-VV couplings: 
      generate_as=F
      ghg2=  0.00000000E+00  0.00000000E+00i
      ghg3=  0.00000000E+00  0.00000000E+00i
      ghg4=  0.10000000E+01  0.00000000E+00i
      ghz1=  0.20000000E+01  0.00000000E+00i
      ghz2=  0.00000000E+00  0.00000000E+00i
      ghz3=  0.00000000E+00  0.00000000E+00i
      ghz4=  0.00000000E+00  0.00000000E+00i
      Lambda=  1000.0
    
    LHE output: ./data/output.lhe
    Histogram output: ./data/output.dat
    Log file: ./data/output.log
    
  Running

  Input parameters for vegas:  ndim=  9   ncall= 80707214.
                              it=    0    itmx=   15
                              acc=-1.00    
                              mds=  1     nd=  50
                              (xl,xu)= (  0.00000     ,  1.00000     )
                                       (  0.00000     ,  1.00000     )
                                       (  0.00000     ,  1.00000     )
                                       (  0.00000     ,  1.00000     )
                                       (  0.00000     ,  1.00000     )
                                       (  0.00000     ,  1.00000     )
                                       (  0.00000     ,  1.00000     )
                                       (  0.00000     ,  1.00000     )
                                       (  0.00000     ,  1.00000     )

#********** Integration by Vegas (iteration       1) ************
#                                                               *
#  integral  =  2120.3313       accum. integral =  2120.3313    *
#  std. dev. =  163.16641       accum. std. dev =  163.16641    *
#   min/max. wt. =    0.00000             130.442               *
#                                                               *
#*************   chi**2/iteration =  0.000       ****************


#********** Integration by Vegas (iteration       2) ************
#                                                               *
#  integral  =  2317.9572       accum. integral =  2297.7137    *
#  std. dev. =  60.258860       accum. std. dev =  54.709706    *
#   min/max. wt. =    0.00000             36.0869               *
#                                                               *
#*************   chi**2/iteration =  1.198       ****************


#********** Integration by Vegas (iteration       3) ************
#                                                               *
#  integral  =  2305.9507       accum. integral =  2305.5803    *
#  std. dev. =  12.324169       accum. std. dev =  11.751111    *
#   min/max. wt. =    0.00000             5.07282               *
#                                                               *
#*************   chi**2/iteration = 0.5950       ****************


#********** Integration by Vegas (iteration       4) ************
#                                                               *
#  integral  =  2286.6232       accum. integral =  2288.2750    *
#  std. dev. =  3.6897439       accum. std. dev =  3.4829556    *
#   min/max. wt. =    0.00000             1.15354               *
#                                                               *
#*************   chi**2/iteration =  1.179       ****************


#********** Integration by Vegas (iteration       5) ************
#                                                               *
#  integral  =  2291.7145       accum. integral =  2290.9262    *
#  std. dev. =  1.9265700       accum. std. dev =  1.6722436    *
#   min/max. wt. =    0.00000            0.397358               *
#                                                               *
#*************   chi**2/iteration =  1.066       ****************


#********** Integration by Vegas (iteration       6) ************
#                                                               *
#  integral  =  2290.2248       accum. integral =  2290.6438    *
#  std. dev. =  2.0585969       accum. std. dev =  1.2947260    *
#   min/max. wt. =    0.00000             1.48816               *
#                                                               *
#*************   chi**2/iteration = 0.8637       ****************


#********** Integration by Vegas (iteration       7) ************
#                                                               *
#  integral  =  2287.8255       accum. integral =  2289.7127    *
#  std. dev. =  1.8579520       accum. std. dev =  1.0606954    *
#   min/max. wt. =    0.00000            0.139512               *
#                                                               *
#*************   chi**2/iteration = 0.9784       ****************


#********** Integration by Vegas (iteration       8) ************
#                                                               *
#  integral  =  2287.7732       accum. integral =  2288.8800    *
#  std. dev. =  1.2310698       accum. std. dev = 0.80192932    *
#   min/max. wt. =    0.00000            0.120536               *
#                                                               *
#*************   chi**2/iteration =  1.042       ****************


#********** Integration by Vegas (iteration       9) ************
#                                                               *
#  integral  =  2288.0759       accum. integral =  2288.6119    *
#  std. dev. =  1.1409810       accum. std. dev = 0.65521744    *
#   min/max. wt. =    0.00000            0.628519E-01           *
#                                                               *
#*************   chi**2/iteration = 0.9523       ****************


#********** Integration by Vegas (iteration      10) ************
#                                                               *
#  integral  =  2287.2596       accum. integral =  2288.2700    *
#  std. dev. =  1.1319874       accum. std. dev = 0.56664409    *
#   min/max. wt. =    0.00000            0.126597               *
#                                                               *
#*************   chi**2/iteration = 0.9652       ****************


#********** Integration by Vegas (iteration      11) ************
#                                                               *
#  integral  =  2288.2030       accum. integral =  2288.2578    *
#  std. dev. =  1.2043516       accum. std. dev = 0.51249982    *
#   min/max. wt. =    0.00000            0.327178               *
#                                                               *
#*************   chi**2/iteration = 0.8681       ****************


#********** Integration by Vegas (iteration      12) ************
#                                                               *
#  integral  =  2287.5803       accum. integral =  2288.1456    *
#  std. dev. =  1.1553219       accum. std. dev = 0.46831537    *
#   min/max. wt. =    0.00000            0.123433               *
#                                                               *
#*************   chi**2/iteration = 0.8150       ****************


#********** Integration by Vegas (iteration      13) ************
#                                                               *
#  integral  =  2286.6415       accum. integral =  2287.9219    *
#  std. dev. =  1.1243416       accum. std. dev = 0.43220752    *
#   min/max. wt. =    0.00000            0.850128E-01           *
#                                                               *
#*************   chi**2/iteration = 0.8744       ****************


#********** Integration by Vegas (iteration      14) ************
#                                                               *
#  integral  =  2288.7202       accum. integral =  2288.0200    *
#  std. dev. =  1.1597475       accum. std. dev = 0.40491376    *
#   min/max. wt. =    0.00000            0.182043               *
#                                                               *
#*************   chi**2/iteration = 0.8389       ****************


#********** Integration by Vegas (iteration      15) ************
#                                                               *
#  integral  =  2288.0725       accum. integral =  2288.0260    *
#  std. dev. =  1.1260779       accum. std. dev = 0.38096543    *
#   min/max. wt. =    0.00000            0.124753               *
#                                                               *
#*************   chi**2/iteration = 0.7787       ****************

 ****************************************************
 * Writing out vegas grid to ./data/output.grid                                                      
 ****************************************************

  Input parameters for vegas:  ndim=  9   ncall= 80707214.
                              it=    0    itmx=    2
                              acc=-1.00    
                              mds=  1     nd=  50
                              (xl,xu)= (  0.00000     ,  1.00000     )
                                       (  0.00000     ,  1.00000     )
                                       (  0.00000     ,  1.00000     )
                                       (  0.00000     ,  1.00000     )
                                       (  0.00000     ,  1.00000     )
                                       (  0.00000     ,  1.00000     )
                                       (  0.00000     ,  1.00000     )
                                       (  0.00000     ,  1.00000     )
                                       (  0.00000     ,  1.00000     )

#********** Integration by Vegas (iteration       1) ************
#                                                               *
#  integral  =  2289.2991       accum. integral =  2289.2991    *
#  std. dev. =  1.1462553       accum. std. dev =  1.1462553    *
#   min/max. wt. =    0.00000            0.129332               *
#                                                               *
#*************   chi**2/iteration =  0.000       ****************


#********** Integration by Vegas (iteration       2) ************
#                                                               *
#  integral  =  2287.9787       accum. integral =  2288.6477    *
#  std. dev. =  1.1610298       accum. std. dev = 0.81569529    *
#   min/max. wt. =    0.00000            0.202143               *
#                                                               *
#*************   chi**2/iteration = 0.6542       ****************

 Done
