SLURM job running in:  /work-zfs/lhc/heshy/JHUGen/xsecs/JHUGen/JHUGenerator
LHAPDF 6.1.5 loading /work-zfs/lhc/cms/slc6_amd64_gcc493/external/lhapdf/6.1.5-kpegke3/share/LHAPDF/NNPDF30_lo_as_0130/NNPDF30_lo_as_0130_0000.dat
NNPDF30_lo_as_0130 PDF set, member #0, version 2; LHAPDF ID = 263000
 
                                                                                          
   ***************************************************************************************
   *                                JHU Generator v6.9.9                                 *
   ***************************************************************************************
   *                                                                                     *
   *   Spin and parity determination of single-produced resonances at hadron colliders   *
   *                                                                                     *
   *          I. Anderson, S. Bolognesi, F. Caola, Y. Gao, A. Gritsan, Z. Guo,           *
   *        C. Martin, K. Melnikov, R.Rontsch, H. Roskes, U. Sarica, M. Schulze,         *
   *                   N. Tran, A. Whitbeck, M. Xiao, C. You, Y. Zhou                    *
   *                Phys.Rev. D81 (2010) 075022;  arXiv:1001.3396 [hep-ph],              *
   *                Phys.Rev. D86 (2012) 095031;  arXiv:1208.4018 [hep-ph],              *
   *                Phys.Rev. D89 (2014) 035007;  arXiv:1309.4819 [hep-ph].              *
   *                                                                                     *
   ***************************************************************************************
                                                                                          
   
   Command line: ./JHUGen Unweighted=0 VegasNc0=99999999 VegasNc1=99999999 VegasNc2=99999999 LHAPDF=NNPDF30_lo_as_0130/NNPDF30_lo_as_0130.info MReso=2450 Process=61 ghg2=0,0 ghg4=1,0 pTjetcut=25 etajetcut=4.7 pTlepcut=5 etalepcut=2.5
   
   Input Parameter:
    Collider: P-P, sqrt(s)=13000.00
    Resonance: spin=0, mass=2450.00 width=   0.00407
    Jet cuts:
            pT >=    25.00 GeV
         |eta| <=     4.70
        DeltaR >=     0.30
           mJJ >=     0.00 GeV
           m4l_min/max      -1.00     -1.00 GeV
    Random seed:   769469097
    To reproduce results using this seed, JHUGen should be compiled with the same compiler:
      GNU Fortran (GCC) 4.8.2
    
    WidthScheme:   2
    LHAPDF set NNPDF30_lo_as_0130/NNPDF30_lo_as_0130.info, member=  0
    Unweighted: F
    
    spin-0-VV couplings: 
      generate_as=F
      ghg2=  0.00000000E+00  0.00000000E+00i
      ghg3=  0.00000000E+00  0.00000000E+00i
      ghg4=  0.10000000E+01  0.00000000E+00i
      ghz1=  0.20000000E+01  0.00000000E+00i
      ghz2=  0.00000000E+00  0.00000000E+00i
      ghz3=  0.00000000E+00  0.00000000E+00i
      ghz4=  0.00000000E+00  0.00000000E+00i
      Lambda=  1000.0
    
    LHE output: ./data/output.lhe
    Histogram output: ./data/output.dat
    Log file: ./data/output.log
    
  Running

  Input parameters for vegas:  ndim=  9   ncall= 80707214.
                              it=    0    itmx=   15
                              acc=-1.00    
                              mds=  1     nd=  50
                              (xl,xu)= (  0.00000     ,  1.00000     )
                                       (  0.00000     ,  1.00000     )
                                       (  0.00000     ,  1.00000     )
                                       (  0.00000     ,  1.00000     )
                                       (  0.00000     ,  1.00000     )
                                       (  0.00000     ,  1.00000     )
                                       (  0.00000     ,  1.00000     )
                                       (  0.00000     ,  1.00000     )
                                       (  0.00000     ,  1.00000     )

#********** Integration by Vegas (iteration       1) ************
#                                                               *
#  integral  =  1.1830928       accum. integral =  1.1830928    *
#  std. dev. = 0.86523142E-01   accum. std. dev = 0.86523142E-01*
#   min/max. wt. =    0.00000            0.421066E-01           *
#                                                               *
#*************   chi**2/iteration =  0.000       ****************


#********** Integration by Vegas (iteration       2) ************
#                                                               *
#  integral  =  1.4718455       accum. integral =  1.4489715    *
#  std. dev. = 0.31572222E-01   accum. std. dev = 0.27485246E-01*
#   min/max. wt. =    0.00000            0.166653E-01           *
#                                                               *
#*************   chi**2/iteration =  8.043       ****************


#********** Integration by Vegas (iteration       3) ************
#                                                               *
#  integral  =  1.5051469       accum. integral =  1.4991481    *
#  std. dev. = 0.10712278E-01   accum. std. dev = 0.93779989E-02*
#   min/max. wt. =    0.00000            0.457089E-02           *
#                                                               *
#*************   chi**2/iteration =  5.401       ****************


#********** Integration by Vegas (iteration       4) ************
#                                                               *
#  integral  =  1.5698677       accum. integral =  1.5134213    *
#  std. dev. = 0.20999139E-01   accum. std. dev = 0.86543193E-02*
#   min/max. wt. =    0.00000            0.189422E-01           *
#                                                               *
#*************   chi**2/iteration =  6.960       ****************


#********** Integration by Vegas (iteration       5) ************
#                                                               *
#  integral  =  1.5304470       accum. integral =  1.5261503    *
#  std. dev. = 0.53433742E-02   accum. std. dev = 0.44034460E-02*
#   min/max. wt. =    0.00000            0.886801E-03           *
#                                                               *
#*************   chi**2/iteration =  5.793       ****************


#********** Integration by Vegas (iteration       6) ************
#                                                               *
#  integral  =  1.5357097       accum. integral =  1.5347322    *
#  std. dev. = 0.15646754E-02   accum. std. dev = 0.14207943E-02*
#   min/max. wt. =    0.00000            0.206059E-03           *
#                                                               *
#*************   chi**2/iteration =  5.384       ****************


#********** Integration by Vegas (iteration       7) ************
#                                                               *
#  integral  =  1.5375994       accum. integral =  1.5365917    *
#  std. dev. = 0.10927204E-02   accum. std. dev = 0.84779585E-03*
#   min/max. wt. =    0.00000            0.204501E-03           *
#                                                               *
#*************   chi**2/iteration =  4.863       ****************


#********** Integration by Vegas (iteration       8) ************
#                                                               *
#  integral  =  1.5349126       accum. integral =  1.5358585    *
#  std. dev. = 0.99778788E-03   accum. std. dev = 0.63924809E-03*
#   min/max. wt. =    0.00000            0.288069E-03           *
#                                                               *
#*************   chi**2/iteration =  4.373       ****************


#********** Integration by Vegas (iteration       9) ************
#                                                               *
#  integral  =  1.5343715       accum. integral =  1.5353581    *
#  std. dev. = 0.92544996E-03   accum. std. dev = 0.52251340E-03*
#   min/max. wt. =    0.00000            0.536535E-04           *
#                                                               *
#*************   chi**2/iteration =  4.026       ****************


#********** Integration by Vegas (iteration      10) ************
#                                                               *
#  integral  =  1.5354248       accum. integral =  1.5353757    *
#  std. dev. = 0.89728496E-03   accum. std. dev = 0.44958126E-03*
#   min/max. wt. =    0.00000            0.135209E-03           *
#                                                               *
#*************   chi**2/iteration =  3.559       ****************


#********** Integration by Vegas (iteration      11) ************
#                                                               *
#  integral  =  1.5346641       accum. integral =  1.5352238    *
#  std. dev. = 0.88421823E-03   accum. std. dev = 0.39961489E-03*
#   min/max. wt. =    0.00000            0.594222E-04           *
#                                                               *
#*************   chi**2/iteration =  3.242       ****************


#********** Integration by Vegas (iteration      12) ************
#                                                               *
#  integral  =  1.5347734       accum. integral =  1.5351441    *
#  std. dev. = 0.88165390E-03   accum. std. dev = 0.36325670E-03*
#   min/max. wt. =    0.00000            0.623640E-04           *
#                                                               *
#*************   chi**2/iteration =  2.956       ****************


#********** Integration by Vegas (iteration      13) ************
#                                                               *
#  integral  =  1.5349811       accum. integral =  1.5351195    *
#  std. dev. = 0.87968904E-03   accum. std. dev = 0.33527672E-03*
#   min/max. wt. =    0.00000            0.887152E-04           *
#                                                               *
#*************   chi**2/iteration =  2.704       ****************


#********** Integration by Vegas (iteration      14) ************
#                                                               *
#  integral  =  1.5358157       accum. integral =  1.5352080    *
#  std. dev. = 0.89584458E-03   accum. std. dev = 0.31368759E-03*
#   min/max. wt. =    0.00000            0.607982E-04           *
#                                                               *
#*************   chi**2/iteration =  2.531       ****************


#********** Integration by Vegas (iteration      15) ************
#                                                               *
#  integral  =  1.5357965       accum. integral =  1.5352736    *
#  std. dev. = 0.90225674E-03   accum. std. dev = 0.29606858E-03*
#   min/max. wt. =    0.00000            0.796529E-04           *
#                                                               *
#*************   chi**2/iteration =  2.372       ****************

 ****************************************************
 * Writing out vegas grid to ./data/output.grid                                                      
 ****************************************************

  Input parameters for vegas:  ndim=  9   ncall= 80707214.
                              it=    0    itmx=    2
                              acc=-1.00    
                              mds=  1     nd=  50
                              (xl,xu)= (  0.00000     ,  1.00000     )
                                       (  0.00000     ,  1.00000     )
                                       (  0.00000     ,  1.00000     )
                                       (  0.00000     ,  1.00000     )
                                       (  0.00000     ,  1.00000     )
                                       (  0.00000     ,  1.00000     )
                                       (  0.00000     ,  1.00000     )
                                       (  0.00000     ,  1.00000     )
                                       (  0.00000     ,  1.00000     )

#********** Integration by Vegas (iteration       1) ************
#                                                               *
#  integral  =  1.5340819       accum. integral =  1.5340819    *
#  std. dev. = 0.89298837E-03   accum. std. dev = 0.89298837E-03*
#   min/max. wt. =    0.00000            0.673455E-04           *
#                                                               *
#*************   chi**2/iteration = 0.5569E-06   ****************


#********** Integration by Vegas (iteration       2) ************
#                                                               *
#  integral  =  1.5347647       accum. integral =  1.5344205    *
#  std. dev. = 0.90088952E-03   accum. std. dev = 0.63421440E-03*
#   min/max. wt. =    0.00000            0.816432E-04           *
#                                                               *
#*************   chi**2/iteration = 0.2895       ****************

 Done
