SLURM job running in:  /work-zfs/lhc/heshy/JHUGen/xsecs/JHUGen/JHUGenerator
LHAPDF 6.1.5 loading /work-zfs/lhc/cms/slc6_amd64_gcc493/external/lhapdf/6.1.5-kpegke3/share/LHAPDF/NNPDF30_lo_as_0130/NNPDF30_lo_as_0130_0000.dat
NNPDF30_lo_as_0130 PDF set, member #0, version 2; LHAPDF ID = 263000
 
                                                                                          
   ***************************************************************************************
   *                                JHU Generator v6.9.9                                 *
   ***************************************************************************************
   *                                                                                     *
   *   Spin and parity determination of single-produced resonances at hadron colliders   *
   *                                                                                     *
   *          I. Anderson, S. Bolognesi, F. Caola, Y. Gao, A. Gritsan, Z. Guo,           *
   *        C. Martin, K. Melnikov, R.Rontsch, H. Roskes, U. Sarica, M. Schulze,         *
   *                   N. Tran, A. Whitbeck, M. Xiao, C. You, Y. Zhou                    *
   *                Phys.Rev. D81 (2010) 075022;  arXiv:1001.3396 [hep-ph],              *
   *                Phys.Rev. D86 (2012) 095031;  arXiv:1208.4018 [hep-ph],              *
   *                Phys.Rev. D89 (2014) 035007;  arXiv:1309.4819 [hep-ph].              *
   *                                                                                     *
   ***************************************************************************************
                                                                                          
   
   Command line: ./JHUGen Unweighted=0 VegasNc0=99999999 VegasNc1=99999999 VegasNc2=99999999 LHAPDF=NNPDF30_lo_as_0130/NNPDF30_lo_as_0130.info MReso=328 Process=61 ghg2=0,0 ghg4=1,0 pTjetcut=25 etajetcut=4.7 pTlepcut=5 etalepcut=2.5
   
   Input Parameter:
    Collider: P-P, sqrt(s)=13000.00
    Resonance: spin=0, mass= 328.00 width=   0.00407
    Jet cuts:
            pT >=    25.00 GeV
         |eta| <=     4.70
        DeltaR >=     0.30
           mJJ >=     0.00 GeV
           m4l_min/max      -1.00     -1.00 GeV
    Random seed:   271924197
    To reproduce results using this seed, JHUGen should be compiled with the same compiler:
      GNU Fortran (GCC) 4.8.2
    
    WidthScheme:   2
    LHAPDF set NNPDF30_lo_as_0130/NNPDF30_lo_as_0130.info, member=  0
    Unweighted: F
    
    spin-0-VV couplings: 
      generate_as=F
      ghg2=  0.00000000E+00  0.00000000E+00i
      ghg3=  0.00000000E+00  0.00000000E+00i
      ghg4=  0.10000000E+01  0.00000000E+00i
      ghz1=  0.20000000E+01  0.00000000E+00i
      ghz2=  0.00000000E+00  0.00000000E+00i
      ghz3=  0.00000000E+00  0.00000000E+00i
      ghz4=  0.00000000E+00  0.00000000E+00i
      Lambda=  1000.0
    
    LHE output: ./data/output.lhe
    Histogram output: ./data/output.dat
    Log file: ./data/output.log
    
  Running

  Input parameters for vegas:  ndim=  9   ncall= 80707214.
                              it=    0    itmx=   15
                              acc=-1.00    
                              mds=  1     nd=  50
                              (xl,xu)= (  0.00000     ,  1.00000     )
                                       (  0.00000     ,  1.00000     )
                                       (  0.00000     ,  1.00000     )
                                       (  0.00000     ,  1.00000     )
                                       (  0.00000     ,  1.00000     )
                                       (  0.00000     ,  1.00000     )
                                       (  0.00000     ,  1.00000     )
                                       (  0.00000     ,  1.00000     )
                                       (  0.00000     ,  1.00000     )

#********** Integration by Vegas (iteration       1) ************
#                                                               *
#  integral  =  1228.2811       accum. integral =  1228.2811    *
#  std. dev. =  113.21013       accum. std. dev =  113.21013    *
#   min/max. wt. =    0.00000             96.9137               *
#                                                               *
#*************   chi**2/iteration =  0.000       ****************


#********** Integration by Vegas (iteration       2) ************
#                                                               *
#  integral  =  1274.4875       accum. integral =  1273.4531    *
#  std. dev. =  17.775820       accum. std. dev =  17.260065    *
#   min/max. wt. =    0.00000             11.5781               *
#                                                               *
#*************   chi**2/iteration = 0.1567       ****************


#********** Integration by Vegas (iteration       3) ************
#                                                               *
#  integral  =  1271.1891       accum. integral =  1271.3201    *
#  std. dev. =  4.3441117       accum. std. dev =  4.1733630    *
#   min/max. wt. =    0.00000             1.56609               *
#                                                               *
#*************   chi**2/iteration = 0.8558E-01   ****************


#********** Integration by Vegas (iteration       4) ************
#                                                               *
#  integral  =  1276.2631       accum. integral =  1275.7937    *
#  std. dev. =  1.3713222       accum. std. dev =  1.2907320    *
#   min/max. wt. =    0.00000            0.228247               *
#                                                               *
#*************   chi**2/iteration = 0.4767       ****************


#********** Integration by Vegas (iteration       5) ************
#                                                               *
#  integral  =  1279.6271       accum. integral =  1278.2288    *
#  std. dev. = 0.99116479       accum. std. dev = 0.78163728    *
#   min/max. wt. =    0.00000            0.229536               *
#                                                               *
#*************   chi**2/iteration =  1.749       ****************


#********** Integration by Vegas (iteration       6) ************
#                                                               *
#  integral  =  1278.4902       accum. integral =  1278.3584    *
#  std. dev. = 0.79572473       accum. std. dev = 0.55585213    *
#   min/max. wt. =    0.00000            0.763611E-01           *
#                                                               *
#*************   chi**2/iteration =  1.405       ****************


#********** Integration by Vegas (iteration       7) ************
#                                                               *
#  integral  =  1279.1677       accum. integral =  1278.6433    *
#  std. dev. = 0.76067783       accum. std. dev = 0.44800079    *
#   min/max. wt. =    0.00000            0.208648               *
#                                                               *
#*************   chi**2/iteration =  1.292       ****************


#********** Integration by Vegas (iteration       8) ************
#                                                               *
#  integral  =  1278.3243       accum. integral =  1278.5559    *
#  std. dev. = 0.73432543       accum. std. dev = 0.38206811    *
#   min/max. wt. =    0.00000            0.195028               *
#                                                               *
#*************   chi**2/iteration =  1.126       ****************


#********** Integration by Vegas (iteration       9) ************
#                                                               *
#  integral  =  1277.4183       accum. integral =  1278.2779    *
#  std. dev. = 0.67535608       accum. std. dev = 0.33231505    *
#   min/max. wt. =    0.00000            0.123437               *
#                                                               *
#*************   chi**2/iteration =  1.254       ****************


#********** Integration by Vegas (iteration      10) ************
#                                                               *
#  integral  =  1278.6153       accum. integral =  1278.3481    *
#  std. dev. = 0.65205723       accum. std. dev = 0.29590663    *
#   min/max. wt. =    0.00000            0.577294E-01           *
#                                                               *
#*************   chi**2/iteration =  1.137       ****************


#********** Integration by Vegas (iteration      11) ************
#                                                               *
#  integral  =  1278.0098       accum. integral =  1278.2887    *
#  std. dev. = 0.64421840       accum. std. dev = 0.26879595    *
#   min/max. wt. =    0.00000            0.668076E-01           *
#                                                               *
#*************   chi**2/iteration =  1.046       ****************


#********** Integration by Vegas (iteration      12) ************
#                                                               *
#  integral  =  1277.8391       accum. integral =  1278.2241    *
#  std. dev. = 0.65871582       accum. std. dev = 0.24881439    *
#   min/max. wt. =    0.00000            0.134456               *
#                                                               *
#*************   chi**2/iteration = 0.9867       ****************


#********** Integration by Vegas (iteration      13) ************
#                                                               *
#  integral  =  1278.6634       accum. integral =  1278.2797    *
#  std. dev. = 0.65640081       accum. std. dev = 0.23261172    *
#   min/max. wt. =    0.00000            0.798321E-01           *
#                                                               *
#*************   chi**2/iteration = 0.9367       ****************


#********** Integration by Vegas (iteration      14) ************
#                                                               *
#  integral  =  1278.2236       accum. integral =  1278.2734    *
#  std. dev. = 0.65720925       accum. std. dev = 0.21925033    *
#   min/max. wt. =    0.00000            0.165323               *
#                                                               *
#*************   chi**2/iteration = 0.8647       ****************


#********** Integration by Vegas (iteration      15) ************
#                                                               *
#  integral  =  1278.6584       accum. integral =  1278.3130    *
#  std. dev. = 0.65027416       accum. std. dev = 0.20773187    *
#   min/max. wt. =    0.00000            0.567983E-01           *
#                                                               *
#*************   chi**2/iteration = 0.8252       ****************

 ****************************************************
 * Writing out vegas grid to ./data/output.grid                                                      
 ****************************************************

  Input parameters for vegas:  ndim=  9   ncall= 80707214.
                              it=    0    itmx=    2
                              acc=-1.00    
                              mds=  1     nd=  50
                              (xl,xu)= (  0.00000     ,  1.00000     )
                                       (  0.00000     ,  1.00000     )
                                       (  0.00000     ,  1.00000     )
                                       (  0.00000     ,  1.00000     )
                                       (  0.00000     ,  1.00000     )
                                       (  0.00000     ,  1.00000     )
                                       (  0.00000     ,  1.00000     )
                                       (  0.00000     ,  1.00000     )
                                       (  0.00000     ,  1.00000     )

#********** Integration by Vegas (iteration       1) ************
#                                                               *
#  integral  =  1278.8535       accum. integral =  1278.8535    *
#  std. dev. = 0.65474785       accum. std. dev = 0.65474785    *
#   min/max. wt. =    0.00000            0.617804E-01           *
#                                                               *
#*************   chi**2/iteration =  0.000       ****************


#********** Integration by Vegas (iteration       2) ************
#                                                               *
#  integral  =  1278.1287       accum. integral =  1278.4873    *
#  std. dev. = 0.64767069       accum. std. dev = 0.46045551    *
#   min/max. wt. =    0.00000            0.651075E-01           *
#                                                               *
#*************   chi**2/iteration = 0.6187       ****************

 Done
