SLURM job running in:  /work-zfs/lhc/heshy/JHUGen/xsecs/JHUGen/JHUGenerator
LHAPDF 6.1.5 loading /work-zfs/lhc/cms/slc6_amd64_gcc493/external/lhapdf/6.1.5-kpegke3/share/LHAPDF/NNPDF30_lo_as_0130/NNPDF30_lo_as_0130_0000.dat
NNPDF30_lo_as_0130 PDF set, member #0, version 2; LHAPDF ID = 263000
 
                                                                                          
   ***************************************************************************************
   *                                JHU Generator v6.9.9                                 *
   ***************************************************************************************
   *                                                                                     *
   *   Spin and parity determination of single-produced resonances at hadron colliders   *
   *                                                                                     *
   *          I. Anderson, S. Bolognesi, F. Caola, Y. Gao, A. Gritsan, Z. Guo,           *
   *        C. Martin, K. Melnikov, R.Rontsch, H. Roskes, U. Sarica, M. Schulze,         *
   *                   N. Tran, A. Whitbeck, M. Xiao, C. You, Y. Zhou                    *
   *                Phys.Rev. D81 (2010) 075022;  arXiv:1001.3396 [hep-ph],              *
   *                Phys.Rev. D86 (2012) 095031;  arXiv:1208.4018 [hep-ph],              *
   *                Phys.Rev. D89 (2014) 035007;  arXiv:1309.4819 [hep-ph].              *
   *                                                                                     *
   ***************************************************************************************
                                                                                          
   
   Command line: ./JHUGen Unweighted=0 VegasNc0=99999999 VegasNc1=99999999 VegasNc2=99999999 LHAPDF=NNPDF30_lo_as_0130/NNPDF30_lo_as_0130.info MReso=330 Process=61 ghg2=0,0 ghg4=1,0 pTjetcut=25 etajetcut=4.7 pTlepcut=5 etalepcut=2.5
   
   Input Parameter:
    Collider: P-P, sqrt(s)=13000.00
    Resonance: spin=0, mass= 330.00 width=   0.00407
    Jet cuts:
            pT >=    25.00 GeV
         |eta| <=     4.70
        DeltaR >=     0.30
           mJJ >=     0.00 GeV
           m4l_min/max      -1.00     -1.00 GeV
    Random seed:   831829004
    To reproduce results using this seed, JHUGen should be compiled with the same compiler:
      GNU Fortran (GCC) 4.8.2
    
    WidthScheme:   2
    LHAPDF set NNPDF30_lo_as_0130/NNPDF30_lo_as_0130.info, member=  0
    Unweighted: F
    
    spin-0-VV couplings: 
      generate_as=F
      ghg2=  0.00000000E+00  0.00000000E+00i
      ghg3=  0.00000000E+00  0.00000000E+00i
      ghg4=  0.10000000E+01  0.00000000E+00i
      ghz1=  0.20000000E+01  0.00000000E+00i
      ghz2=  0.00000000E+00  0.00000000E+00i
      ghz3=  0.00000000E+00  0.00000000E+00i
      ghz4=  0.00000000E+00  0.00000000E+00i
      Lambda=  1000.0
    
    LHE output: ./data/output.lhe
    Histogram output: ./data/output.dat
    Log file: ./data/output.log
    
  Running

  Input parameters for vegas:  ndim=  9   ncall= 80707214.
                              it=    0    itmx=   15
                              acc=-1.00    
                              mds=  1     nd=  50
                              (xl,xu)= (  0.00000     ,  1.00000     )
                                       (  0.00000     ,  1.00000     )
                                       (  0.00000     ,  1.00000     )
                                       (  0.00000     ,  1.00000     )
                                       (  0.00000     ,  1.00000     )
                                       (  0.00000     ,  1.00000     )
                                       (  0.00000     ,  1.00000     )
                                       (  0.00000     ,  1.00000     )
                                       (  0.00000     ,  1.00000     )

#********** Integration by Vegas (iteration       1) ************
#                                                               *
#  integral  =  1572.7094       accum. integral =  1572.7094    *
#  std. dev. =  234.35916       accum. std. dev =  234.35916    *
#   min/max. wt. =    0.00000             181.477               *
#                                                               *
#*************   chi**2/iteration =  0.000       ****************


#********** Integration by Vegas (iteration       2) ************
#                                                               *
#  integral  =  1415.3313       accum. integral =  1489.6573    *
#  std. dev. =  199.51995       accum. std. dev =  153.21087    *
#   min/max. wt. =    0.00000             199.335               *
#                                                               *
#*************   chi**2/iteration = 0.2627       ****************


#********** Integration by Vegas (iteration       3) ************
#                                                               *
#  integral  =  1228.0055       accum. integral =  1232.7833    *
#  std. dev. =  17.150979       accum. std. dev =  19.545320    *
#   min/max. wt. =    0.00000             6.29144               *
#                                                               *
#*************   chi**2/iteration =  1.753       ****************


#********** Integration by Vegas (iteration       4) ************
#                                                               *
#  integral  =  1254.4096       accum. integral =  1254.1400    *
#  std. dev. =  1.9503708       accum. std. dev =  2.1238834    *
#   min/max. wt. =    0.00000            0.456161               *
#                                                               *
#*************   chi**2/iteration =  1.659       ****************


#********** Integration by Vegas (iteration       5) ************
#                                                               *
#  integral  =  1262.7144       accum. integral =  1259.8015    *
#  std. dev. =  1.3994272       accum. std. dev =  1.2184211    *
#   min/max. wt. =    0.00000            0.735197               *
#                                                               *
#*************   chi**2/iteration =  4.061       ****************


#********** Integration by Vegas (iteration       6) ************
#                                                               *
#  integral  =  1264.8058       accum. integral =  1261.6622    *
#  std. dev. =  1.4805455       accum. std. dev = 0.95550351    *
#   min/max. wt. =    0.00000             1.03358               *
#                                                               *
#*************   chi**2/iteration =  4.600       ****************


#********** Integration by Vegas (iteration       7) ************
#                                                               *
#  integral  =  1261.2297       accum. integral =  1261.4804    *
#  std. dev. =  1.0572265       accum. std. dev = 0.72163566    *
#   min/max. wt. =    0.00000            0.499996E-01           *
#                                                               *
#*************   chi**2/iteration =  3.911       ****************


#********** Integration by Vegas (iteration       8) ************
#                                                               *
#  integral  =  1261.5588       accum. integral =  1261.5193    *
#  std. dev. = 0.69096051       accum. std. dev = 0.50913243    *
#   min/max. wt. =    0.00000            0.578713E-01           *
#                                                               *
#*************   chi**2/iteration =  3.394       ****************


#********** Integration by Vegas (iteration       9) ************
#                                                               *
#  integral  =  1262.8832       accum. integral =  1262.0218    *
#  std. dev. = 0.63786781       accum. std. dev = 0.40271536    *
#   min/max. wt. =    0.00000            0.423744E-01           *
#                                                               *
#*************   chi**2/iteration =  3.332       ****************


#********** Integration by Vegas (iteration      10) ************
#                                                               *
#  integral  =  1263.6470       accum. integral =  1262.4281    *
#  std. dev. = 0.67101972       accum. std. dev = 0.34746015    *
#   min/max. wt. =    0.00000            0.151645               *
#                                                               *
#*************   chi**2/iteration =  3.439       ****************


#********** Integration by Vegas (iteration      11) ************
#                                                               *
#  integral  =  1262.3253       accum. integral =  1262.4066    *
#  std. dev. = 0.65253533       accum. std. dev = 0.30809675    *
#   min/max. wt. =    0.00000            0.930904E-01           *
#                                                               *
#*************   chi**2/iteration =  3.117       ****************


#********** Integration by Vegas (iteration      12) ************
#                                                               *
#  integral  =  1263.1478       accum. integral =  1262.5396    *
#  std. dev. = 0.63805757       accum. std. dev = 0.27837049    *
#   min/max. wt. =    0.00000            0.448896E-01           *
#                                                               *
#*************   chi**2/iteration =  2.943       ****************


#********** Integration by Vegas (iteration      13) ************
#                                                               *
#  integral  =  1262.6010       accum. integral =  1262.5490    *
#  std. dev. = 0.63398106       accum. std. dev = 0.25551782    *
#   min/max. wt. =    0.00000            0.746106E-01           *
#                                                               *
#*************   chi**2/iteration =  2.711       ****************


#********** Integration by Vegas (iteration      14) ************
#                                                               *
#  integral  =  1261.9496       accum. integral =  1262.4712    *
#  std. dev. = 0.64304438       accum. std. dev = 0.23788561    *
#   min/max. wt. =    0.00000            0.809447E-01           *
#                                                               *
#*************   chi**2/iteration =  2.567       ****************


#********** Integration by Vegas (iteration      15) ************
#                                                               *
#  integral  =  1262.7652       accum. integral =  1262.5046    *
#  std. dev. = 0.64782765       accum. std. dev = 0.22359965    *
#   min/max. wt. =    0.00000            0.688321E-01           *
#                                                               *
#*************   chi**2/iteration =  2.405       ****************

 ****************************************************
 * Writing out vegas grid to ./data/output.grid                                                      
 ****************************************************

  Input parameters for vegas:  ndim=  9   ncall= 80707214.
                              it=    0    itmx=    2
                              acc=-1.00    
                              mds=  1     nd=  50
                              (xl,xu)= (  0.00000     ,  1.00000     )
                                       (  0.00000     ,  1.00000     )
                                       (  0.00000     ,  1.00000     )
                                       (  0.00000     ,  1.00000     )
                                       (  0.00000     ,  1.00000     )
                                       (  0.00000     ,  1.00000     )
                                       (  0.00000     ,  1.00000     )
                                       (  0.00000     ,  1.00000     )
                                       (  0.00000     ,  1.00000     )

#********** Integration by Vegas (iteration       1) ************
#                                                               *
#  integral  =  1262.7244       accum. integral =  1262.7244    *
#  std. dev. = 0.63848931       accum. std. dev = 0.63848931    *
#   min/max. wt. =    0.00000            0.641531E-01           *
#                                                               *
#*************   chi**2/iteration = -.1713E-05   ****************


#********** Integration by Vegas (iteration       2) ************
#                                                               *
#  integral  =  1262.2740       accum. integral =  1262.5010    *
#  std. dev. = 0.64349992       accum. std. dev = 0.45324062    *
#   min/max. wt. =    0.00000            0.409406E-01           *
#                                                               *
#*************   chi**2/iteration = 0.2466       ****************

 Done
