SLURM job running in:  /work-zfs/lhc/heshy/JHUGen/xsecs/JHUGen/JHUGenerator
LHAPDF 6.1.5 loading /work-zfs/lhc/cms/slc6_amd64_gcc493/external/lhapdf/6.1.5-kpegke3/share/LHAPDF/NNPDF30_lo_as_0130/NNPDF30_lo_as_0130_0000.dat
NNPDF30_lo_as_0130 PDF set, member #0, version 2; LHAPDF ID = 263000
 
                                                                                          
   ***************************************************************************************
   *                                JHU Generator v6.9.9                                 *
   ***************************************************************************************
   *                                                                                     *
   *   Spin and parity determination of single-produced resonances at hadron colliders   *
   *                                                                                     *
   *          I. Anderson, S. Bolognesi, F. Caola, Y. Gao, A. Gritsan, Z. Guo,           *
   *        C. Martin, K. Melnikov, R.Rontsch, H. Roskes, U. Sarica, M. Schulze,         *
   *                   N. Tran, A. Whitbeck, M. Xiao, C. You, Y. Zhou                    *
   *                Phys.Rev. D81 (2010) 075022;  arXiv:1001.3396 [hep-ph],              *
   *                Phys.Rev. D86 (2012) 095031;  arXiv:1208.4018 [hep-ph],              *
   *                Phys.Rev. D89 (2014) 035007;  arXiv:1309.4819 [hep-ph].              *
   *                                                                                     *
   ***************************************************************************************
                                                                                          
   
   Command line: ./JHUGen Unweighted=0 VegasNc0=99999999 VegasNc1=99999999 VegasNc2=99999999 LHAPDF=NNPDF30_lo_as_0130/NNPDF30_lo_as_0130.info MReso=386 Process=61 ghg2=0,0 ghg4=1,0 pTjetcut=25 etajetcut=4.7 pTlepcut=5 etalepcut=2.5
   
   Input Parameter:
    Collider: P-P, sqrt(s)=13000.00
    Resonance: spin=0, mass= 386.00 width=   0.00407
    Jet cuts:
            pT >=    25.00 GeV
         |eta| <=     4.70
        DeltaR >=     0.30
           mJJ >=     0.00 GeV
           m4l_min/max      -1.00     -1.00 GeV
    Random seed:   954683912
    To reproduce results using this seed, JHUGen should be compiled with the same compiler:
      GNU Fortran (GCC) 4.8.2
    
    WidthScheme:   2
    LHAPDF set NNPDF30_lo_as_0130/NNPDF30_lo_as_0130.info, member=  0
    Unweighted: F
    
    spin-0-VV couplings: 
      generate_as=F
      ghg2=  0.00000000E+00  0.00000000E+00i
      ghg3=  0.00000000E+00  0.00000000E+00i
      ghg4=  0.10000000E+01  0.00000000E+00i
      ghz1=  0.20000000E+01  0.00000000E+00i
      ghz2=  0.00000000E+00  0.00000000E+00i
      ghz3=  0.00000000E+00  0.00000000E+00i
      ghz4=  0.00000000E+00  0.00000000E+00i
      Lambda=  1000.0
    
    LHE output: ./data/output.lhe
    Histogram output: ./data/output.dat
    Log file: ./data/output.log
    
  Running

  Input parameters for vegas:  ndim=  9   ncall= 80707214.
                              it=    0    itmx=   15
                              acc=-1.00    
                              mds=  1     nd=  50
                              (xl,xu)= (  0.00000     ,  1.00000     )
                                       (  0.00000     ,  1.00000     )
                                       (  0.00000     ,  1.00000     )
                                       (  0.00000     ,  1.00000     )
                                       (  0.00000     ,  1.00000     )
                                       (  0.00000     ,  1.00000     )
                                       (  0.00000     ,  1.00000     )
                                       (  0.00000     ,  1.00000     )
                                       (  0.00000     ,  1.00000     )

#********** Integration by Vegas (iteration       1) ************
#                                                               *
#  integral  =  795.39780       accum. integral =  795.39780    *
#  std. dev. =  43.617295       accum. std. dev =  43.617295    *
#   min/max. wt. =    0.00000             20.6567               *
#                                                               *
#*************   chi**2/iteration =  0.000       ****************


#********** Integration by Vegas (iteration       2) ************
#                                                               *
#  integral  =  897.00057       accum. integral =  893.36679    *
#  std. dev. =  9.4733187       accum. std. dev =  8.7913343    *
#   min/max. wt. =    0.00000             4.85802               *
#                                                               *
#*************   chi**2/iteration =  4.602       ****************


#********** Integration by Vegas (iteration       3) ************
#                                                               *
#  integral  =  912.33163       accum. integral =  907.58404    *
#  std. dev. =  5.4674254       accum. std. dev =  4.5131408    *
#   min/max. wt. =    0.00000             4.25144               *
#                                                               *
#*************   chi**2/iteration =  3.843       ****************


#********** Integration by Vegas (iteration       4) ************
#                                                               *
#  integral  =  909.32556       accum. integral =  909.06925    *
#  std. dev. =  1.9600649       accum. std. dev =  1.7514016    *
#   min/max. wt. =    0.00000            0.423898               *
#                                                               *
#*************   chi**2/iteration =  2.545       ****************


#********** Integration by Vegas (iteration       5) ************
#                                                               *
#  integral  =  908.90028       accum. integral =  908.92583    *
#  std. dev. = 0.76355294       accum. std. dev = 0.68553833    *
#   min/max. wt. =    0.00000            0.284405               *
#                                                               *
#*************   chi**2/iteration =  1.886       ****************


#********** Integration by Vegas (iteration       6) ************
#                                                               *
#  integral  =  909.28038       accum. integral =  909.14270    *
#  std. dev. = 0.56072138       accum. std. dev = 0.42910110    *
#   min/max. wt. =    0.00000            0.538366E-01           *
#                                                               *
#*************   chi**2/iteration =  1.528       ****************


#********** Integration by Vegas (iteration       7) ************
#                                                               *
#  integral  =  909.70005       accum. integral =  909.34998    *
#  std. dev. = 0.57018510       accum. std. dev = 0.34117701    *
#   min/max. wt. =    0.00000            0.272858               *
#                                                               *
#*************   chi**2/iteration =  1.369       ****************


#********** Integration by Vegas (iteration       8) ************
#                                                               *
#  integral  =  908.85872       accum. integral =  909.20218    *
#  std. dev. = 0.52957183       accum. std. dev = 0.28592869    *
#   min/max. wt. =    0.00000            0.538761E-01           *
#                                                               *
#*************   chi**2/iteration =  1.257       ****************


#********** Integration by Vegas (iteration       9) ************
#                                                               *
#  integral  =  909.35111       accum. integral =  909.24447    *
#  std. dev. = 0.46154592       accum. std. dev = 0.24240078    *
#   min/max. wt. =    0.00000            0.253242E-01           *
#                                                               *
#*************   chi**2/iteration =  1.105       ****************


#********** Integration by Vegas (iteration      10) ************
#                                                               *
#  integral  =  909.76619       accum. integral =  909.35780    *
#  std. dev. = 0.46706060       accum. std. dev = 0.21478684    *
#   min/max. wt. =    0.00000            0.819332E-01           *
#                                                               *
#*************   chi**2/iteration =  1.091       ****************


#********** Integration by Vegas (iteration      11) ************
#                                                               *
#  integral  =  909.88987       accum. integral =  909.45448    *
#  std. dev. = 0.46204654       accum. std. dev = 0.19453958    *
#   min/max. wt. =    0.00000            0.483284E-01           *
#                                                               *
#*************   chi**2/iteration =  1.091       ****************


#********** Integration by Vegas (iteration      12) ************
#                                                               *
#  integral  =  909.70179       accum. integral =  909.49315    *
#  std. dev. = 0.45736443       accum. std. dev = 0.17886558    *
#   min/max. wt. =    0.00000            0.321988E-01           *
#                                                               *
#*************   chi**2/iteration =  1.012       ****************


#********** Integration by Vegas (iteration      13) ************
#                                                               *
#  integral  =  909.70589       accum. integral =  909.52250    *
#  std. dev. = 0.45207635       accum. std. dev = 0.16621198    *
#   min/max. wt. =    0.00000            0.287301E-01           *
#                                                               *
#*************   chi**2/iteration = 0.9426       ****************


#********** Integration by Vegas (iteration      14) ************
#                                                               *
#  integral  =  910.07017       accum. integral =  909.58545    *
#  std. dev. = 0.46615923       accum. std. dev = 0.15648847    *
#   min/max. wt. =    0.00000            0.788462E-01           *
#                                                               *
#*************   chi**2/iteration = 0.9646       ****************


#********** Integration by Vegas (iteration      15) ************
#                                                               *
#  integral  =  909.66347       accum. integral =  909.59386    *
#  std. dev. = 0.45434966       accum. std. dev = 0.14790315    *
#   min/max. wt. =    0.00000            0.303645E-01           *
#                                                               *
#*************   chi**2/iteration = 0.8965       ****************

 ****************************************************
 * Writing out vegas grid to ./data/output.grid                                                      
 ****************************************************

  Input parameters for vegas:  ndim=  9   ncall= 80707214.
                              it=    0    itmx=    2
                              acc=-1.00    
                              mds=  1     nd=  50
                              (xl,xu)= (  0.00000     ,  1.00000     )
                                       (  0.00000     ,  1.00000     )
                                       (  0.00000     ,  1.00000     )
                                       (  0.00000     ,  1.00000     )
                                       (  0.00000     ,  1.00000     )
                                       (  0.00000     ,  1.00000     )
                                       (  0.00000     ,  1.00000     )
                                       (  0.00000     ,  1.00000     )
                                       (  0.00000     ,  1.00000     )

#********** Integration by Vegas (iteration       1) ************
#                                                               *
#  integral  =  910.49118       accum. integral =  910.49118    *
#  std. dev. = 0.46456849       accum. std. dev = 0.46456849    *
#   min/max. wt. =    0.00000            0.595157E-01           *
#                                                               *
#*************   chi**2/iteration =  0.000       ****************


#********** Integration by Vegas (iteration       2) ************
#                                                               *
#  integral  =  909.87791       accum. integral =  910.18609    *
#  std. dev. = 0.46659736       accum. std. dev = 0.32921402    *
#   min/max. wt. =    0.00000            0.497742E-01           *
#                                                               *
#*************   chi**2/iteration = 0.8667       ****************

 Done
