SLURM job running in:  /work-zfs/lhc/heshy/JHUGen/xsecs/JHUGen/JHUGenerator
LHAPDF 6.1.5 loading /work-zfs/lhc/cms/slc6_amd64_gcc493/external/lhapdf/6.1.5-kpegke3/share/LHAPDF/NNPDF30_lo_as_0130/NNPDF30_lo_as_0130_0000.dat
NNPDF30_lo_as_0130 PDF set, member #0, version 2; LHAPDF ID = 263000
 
                                                                                          
   ***************************************************************************************
   *                                JHU Generator v6.9.9                                 *
   ***************************************************************************************
   *                                                                                     *
   *   Spin and parity determination of single-produced resonances at hadron colliders   *
   *                                                                                     *
   *          I. Anderson, S. Bolognesi, F. Caola, Y. Gao, A. Gritsan, Z. Guo,           *
   *        C. Martin, K. Melnikov, R.Rontsch, H. Roskes, U. Sarica, M. Schulze,         *
   *                   N. Tran, A. Whitbeck, M. Xiao, C. You, Y. Zhou                    *
   *                Phys.Rev. D81 (2010) 075022;  arXiv:1001.3396 [hep-ph],              *
   *                Phys.Rev. D86 (2012) 095031;  arXiv:1208.4018 [hep-ph],              *
   *                Phys.Rev. D89 (2014) 035007;  arXiv:1309.4819 [hep-ph].              *
   *                                                                                     *
   ***************************************************************************************
                                                                                          
   
   Command line: ./JHUGen Unweighted=0 VegasNc0=99999999 VegasNc1=99999999 VegasNc2=99999999 LHAPDF=NNPDF30_lo_as_0130/NNPDF30_lo_as_0130.info MReso=398 Process=61 ghg2=0,0 ghg4=1,0 pTjetcut=25 etajetcut=4.7 pTlepcut=5 etalepcut=2.5
   
   Input Parameter:
    Collider: P-P, sqrt(s)=13000.00
    Resonance: spin=0, mass= 398.00 width=   0.00407
    Jet cuts:
            pT >=    25.00 GeV
         |eta| <=     4.70
        DeltaR >=     0.30
           mJJ >=     0.00 GeV
           m4l_min/max      -1.00     -1.00 GeV
    Random seed:    12801698
    To reproduce results using this seed, JHUGen should be compiled with the same compiler:
      GNU Fortran (GCC) 4.8.2
    
    WidthScheme:   2
    LHAPDF set NNPDF30_lo_as_0130/NNPDF30_lo_as_0130.info, member=  0
    Unweighted: F
    
    spin-0-VV couplings: 
      generate_as=F
      ghg2=  0.00000000E+00  0.00000000E+00i
      ghg3=  0.00000000E+00  0.00000000E+00i
      ghg4=  0.10000000E+01  0.00000000E+00i
      ghz1=  0.20000000E+01  0.00000000E+00i
      ghz2=  0.00000000E+00  0.00000000E+00i
      ghz3=  0.00000000E+00  0.00000000E+00i
      ghz4=  0.00000000E+00  0.00000000E+00i
      Lambda=  1000.0
    
    LHE output: ./data/output.lhe
    Histogram output: ./data/output.dat
    Log file: ./data/output.log
    
  Running

  Input parameters for vegas:  ndim=  9   ncall= 80707214.
                              it=    0    itmx=   15
                              acc=-1.00    
                              mds=  1     nd=  50
                              (xl,xu)= (  0.00000     ,  1.00000     )
                                       (  0.00000     ,  1.00000     )
                                       (  0.00000     ,  1.00000     )
                                       (  0.00000     ,  1.00000     )
                                       (  0.00000     ,  1.00000     )
                                       (  0.00000     ,  1.00000     )
                                       (  0.00000     ,  1.00000     )
                                       (  0.00000     ,  1.00000     )
                                       (  0.00000     ,  1.00000     )

#********** Integration by Vegas (iteration       1) ************
#                                                               *
#  integral  =  881.44662       accum. integral =  881.44662    *
#  std. dev. =  92.681061       accum. std. dev =  92.681061    *
#   min/max. wt. =    0.00000             63.9466               *
#                                                               *
#*************   chi**2/iteration = -.2711E-10   ****************


#********** Integration by Vegas (iteration       2) ************
#                                                               *
#  integral  =  840.19963       accum. integral =  840.99153    *
#  std. dev. =  12.360229       accum. std. dev =  12.545068    *
#   min/max. wt. =    0.00000             7.26961               *
#                                                               *
#*************   chi**2/iteration = 0.2034       ****************


#********** Integration by Vegas (iteration       3) ************
#                                                               *
#  integral  =  858.56722       accum. integral =  852.82891    *
#  std. dev. =  8.7090955       accum. std. dev =  7.1612407    *
#   min/max. wt. =    0.00000             6.72237               *
#                                                               *
#*************   chi**2/iteration = 0.7639       ****************


#********** Integration by Vegas (iteration       4) ************
#                                                               *
#  integral  =  849.30905       accum. integral =  849.65810    *
#  std. dev. =  2.3458228       accum. std. dev =  2.2479931    *
#   min/max. wt. =    0.00000            0.429487               *
#                                                               *
#*************   chi**2/iteration = 0.5855       ****************


#********** Integration by Vegas (iteration       5) ************
#                                                               *
#  integral  =  850.00444       accum. integral =  849.96683    *
#  std. dev. = 0.77782245       accum. std. dev = 0.73956538    *
#   min/max. wt. =    0.00000            0.195550               *
#                                                               *
#*************   chi**2/iteration = 0.4460       ****************


#********** Integration by Vegas (iteration       6) ************
#                                                               *
#  integral  =  851.76952       accum. integral =  851.00469    *
#  std. dev. = 0.63172147       accum. std. dev = 0.48132511    *
#   min/max. wt. =    0.00000            0.219032               *
#                                                               *
#*************   chi**2/iteration =  1.043       ****************


#********** Integration by Vegas (iteration       7) ************
#                                                               *
#  integral  =  852.17594       accum. integral =  851.56168    *
#  std. dev. = 0.50360968       accum. std. dev = 0.34838716    *
#   min/max. wt. =    0.00000            0.309618E-01           *
#                                                               *
#*************   chi**2/iteration =  1.339       ****************


#********** Integration by Vegas (iteration       8) ************
#                                                               *
#  integral  =  851.43215       accum. integral =  851.51390    *
#  std. dev. = 0.45389985       accum. std. dev = 0.27663833    *
#   min/max. wt. =    0.00000            0.559861E-01           *
#                                                               *
#*************   chi**2/iteration =  1.157       ****************


#********** Integration by Vegas (iteration       9) ************
#                                                               *
#  integral  =  851.18520       accum. integral =  851.41900    *
#  std. dev. = 0.43255532       accum. std. dev = 0.23321168    *
#   min/max. wt. =    0.00000            0.297899E-01           *
#                                                               *
#*************   chi**2/iteration =  1.064       ****************


#********** Integration by Vegas (iteration      10) ************
#                                                               *
#  integral  =  851.53829       accum. integral =  851.44534    *
#  std. dev. = 0.43679597       accum. std. dev = 0.20579982    *
#   min/max. wt. =    0.00000            0.517317E-01           *
#                                                               *
#*************   chi**2/iteration = 0.9527       ****************


#********** Integration by Vegas (iteration      11) ************
#                                                               *
#  integral  =  851.68775       accum. integral =  851.49049    *
#  std. dev. = 0.42906456       accum. std. dev = 0.18560337    *
#   min/max. wt. =    0.00000            0.338408E-01           *
#                                                               *
#*************   chi**2/iteration = 0.8837       ****************


#********** Integration by Vegas (iteration      12) ************
#                                                               *
#  integral  =  852.07968       accum. integral =  851.57411    *
#  std. dev. = 0.45556483       accum. std. dev = 0.17190389    *
#   min/max. wt. =    0.00000            0.919335E-01           *
#                                                               *
#*************   chi**2/iteration = 0.9336       ****************


#********** Integration by Vegas (iteration      13) ************
#                                                               *
#  integral  =  851.55775       accum. integral =  851.57191    *
#  std. dev. = 0.43477038       accum. std. dev = 0.15988280    *
#   min/max. wt. =    0.00000            0.233111E-01           *
#                                                               *
#*************   chi**2/iteration = 0.8562       ****************


#********** Integration by Vegas (iteration      14) ************
#                                                               *
#  integral  =  852.08762       accum. integral =  851.62514    *
#  std. dev. = 0.47056316       accum. std. dev = 0.15139051    *
#   min/max. wt. =    0.00000            0.161189               *
#                                                               *
#*************   chi**2/iteration = 0.8731       ****************


#********** Integration by Vegas (iteration      15) ************
#                                                               *
#  integral  =  851.12698       accum. integral =  851.57604    *
#  std. dev. = 0.45672350       accum. std. dev = 0.14371335    *
#   min/max. wt. =    0.00000            0.395006E-01           *
#                                                               *
#*************   chi**2/iteration = 0.8873       ****************

 ****************************************************
 * Writing out vegas grid to ./data/output.grid                                                      
 ****************************************************

  Input parameters for vegas:  ndim=  9   ncall= 80707214.
                              it=    0    itmx=    2
                              acc=-1.00    
                              mds=  1     nd=  50
                              (xl,xu)= (  0.00000     ,  1.00000     )
                                       (  0.00000     ,  1.00000     )
                                       (  0.00000     ,  1.00000     )
                                       (  0.00000     ,  1.00000     )
                                       (  0.00000     ,  1.00000     )
                                       (  0.00000     ,  1.00000     )
                                       (  0.00000     ,  1.00000     )
                                       (  0.00000     ,  1.00000     )
                                       (  0.00000     ,  1.00000     )

#********** Integration by Vegas (iteration       1) ************
#                                                               *
#  integral  =  852.30117       accum. integral =  852.30117    *
#  std. dev. = 0.43538933       accum. std. dev = 0.43538933    *
#   min/max. wt. =    0.00000            0.358455E-01           *
#                                                               *
#*************   chi**2/iteration =  0.000       ****************


#********** Integration by Vegas (iteration       2) ************
#                                                               *
#  integral  =  851.45368       accum. integral =  851.88016    *
#  std. dev. = 0.43777254       accum. std. dev = 0.30870505    *
#   min/max. wt. =    0.00000            0.558430E-01           *
#                                                               *
#*************   chi**2/iteration =  1.882       ****************

 Done
