SLURM job running in:  /work-zfs/lhc/heshy/JHUGen/xsecs/JHUGen/JHUGenerator
LHAPDF 6.1.5 loading /work-zfs/lhc/cms/slc6_amd64_gcc493/external/lhapdf/6.1.5-kpegke3/share/LHAPDF/NNPDF30_lo_as_0130/NNPDF30_lo_as_0130_0000.dat
NNPDF30_lo_as_0130 PDF set, member #0, version 2; LHAPDF ID = 263000
 
                                                                                          
   ***************************************************************************************
   *                                JHU Generator v6.9.9                                 *
   ***************************************************************************************
   *                                                                                     *
   *   Spin and parity determination of single-produced resonances at hadron colliders   *
   *                                                                                     *
   *          I. Anderson, S. Bolognesi, F. Caola, Y. Gao, A. Gritsan, Z. Guo,           *
   *        C. Martin, K. Melnikov, R.Rontsch, H. Roskes, U. Sarica, M. Schulze,         *
   *                   N. Tran, A. Whitbeck, M. Xiao, C. You, Y. Zhou                    *
   *                Phys.Rev. D81 (2010) 075022;  arXiv:1001.3396 [hep-ph],              *
   *                Phys.Rev. D86 (2012) 095031;  arXiv:1208.4018 [hep-ph],              *
   *                Phys.Rev. D89 (2014) 035007;  arXiv:1309.4819 [hep-ph].              *
   *                                                                                     *
   ***************************************************************************************
                                                                                          
   
   Command line: ./JHUGen Unweighted=0 VegasNc0=99999999 VegasNc1=99999999 VegasNc2=99999999 LHAPDF=NNPDF30_lo_as_0130/NNPDF30_lo_as_0130.info MReso=472 Process=61 ghg2=0,0 ghg4=1,0 pTjetcut=25 etajetcut=4.7 pTlepcut=5 etalepcut=2.5
   
   Input Parameter:
    Collider: P-P, sqrt(s)=13000.00
    Resonance: spin=0, mass= 472.00 width=   0.00407
    Jet cuts:
            pT >=    25.00 GeV
         |eta| <=     4.70
        DeltaR >=     0.30
           mJJ >=     0.00 GeV
           m4l_min/max      -1.00     -1.00 GeV
    Random seed:   485094465
    To reproduce results using this seed, JHUGen should be compiled with the same compiler:
      GNU Fortran (GCC) 4.8.2
    
    WidthScheme:   2
    LHAPDF set NNPDF30_lo_as_0130/NNPDF30_lo_as_0130.info, member=  0
    Unweighted: F
    
    spin-0-VV couplings: 
      generate_as=F
      ghg2=  0.00000000E+00  0.00000000E+00i
      ghg3=  0.00000000E+00  0.00000000E+00i
      ghg4=  0.10000000E+01  0.00000000E+00i
      ghz1=  0.20000000E+01  0.00000000E+00i
      ghz2=  0.00000000E+00  0.00000000E+00i
      ghz3=  0.00000000E+00  0.00000000E+00i
      ghz4=  0.00000000E+00  0.00000000E+00i
      Lambda=  1000.0
    
    LHE output: ./data/output.lhe
    Histogram output: ./data/output.dat
    Log file: ./data/output.log
    
  Running

  Input parameters for vegas:  ndim=  9   ncall= 80707214.
                              it=    0    itmx=   15
                              acc=-1.00    
                              mds=  1     nd=  50
                              (xl,xu)= (  0.00000     ,  1.00000     )
                                       (  0.00000     ,  1.00000     )
                                       (  0.00000     ,  1.00000     )
                                       (  0.00000     ,  1.00000     )
                                       (  0.00000     ,  1.00000     )
                                       (  0.00000     ,  1.00000     )
                                       (  0.00000     ,  1.00000     )
                                       (  0.00000     ,  1.00000     )
                                       (  0.00000     ,  1.00000     )

#********** Integration by Vegas (iteration       1) ************
#                                                               *
#  integral  =  479.96889       accum. integral =  479.96889    *
#  std. dev. =  24.406554       accum. std. dev =  24.406554    *
#   min/max. wt. =    0.00000             12.3310               *
#                                                               *
#*************   chi**2/iteration =  0.000       ****************


#********** Integration by Vegas (iteration       2) ************
#                                                               *
#  integral  =  565.65979       accum. integral =  562.22860    *
#  std. dev. =  5.8745886       accum. std. dev =  5.3376412    *
#   min/max. wt. =    0.00000             2.93715               *
#                                                               *
#*************   chi**2/iteration =  9.897       ****************


#********** Integration by Vegas (iteration       3) ************
#                                                               *
#  integral  =  579.46695       accum. integral =  577.03018    *
#  std. dev. =  2.3923820       accum. std. dev =  2.0791911    *
#   min/max. wt. =    0.00000             1.26436               *
#                                                               *
#*************   chi**2/iteration =  8.782       ****************


#********** Integration by Vegas (iteration       4) ************
#                                                               *
#  integral  =  578.58918       accum. integral =  578.39525    *
#  std. dev. = 0.83428927       accum. std. dev = 0.74543468    *
#   min/max. wt. =    0.00000            0.279043               *
#                                                               *
#*************   chi**2/iteration =  5.825       ****************


#********** Integration by Vegas (iteration       5) ************
#                                                               *
#  integral  =  579.78577       accum. integral =  579.29486    *
#  std. dev. = 0.57789432       accum. std. dev = 0.44738595    *
#   min/max. wt. =    0.00000            0.350291               *
#                                                               *
#*************   chi**2/iteration =  4.834       ****************


#********** Integration by Vegas (iteration       6) ************
#                                                               *
#  integral  =  579.93781       accum. integral =  579.63723    *
#  std. dev. = 0.43564746       accum. std. dev = 0.30793069    *
#   min/max. wt. =    0.00000            0.253242E-01           *
#                                                               *
#*************   chi**2/iteration =  4.034       ****************


#********** Integration by Vegas (iteration       7) ************
#                                                               *
#  integral  =  579.47862       accum. integral =  579.56144    *
#  std. dev. = 0.33206130       accum. std. dev = 0.22353175    *
#   min/max. wt. =    0.00000            0.363066E-01           *
#                                                               *
#*************   chi**2/iteration =  3.352       ****************


#********** Integration by Vegas (iteration       8) ************
#                                                               *
#  integral  =  579.56520       accum. integral =  579.56275    *
#  std. dev. = 0.31425626       accum. std. dev = 0.18111536    *
#   min/max. wt. =    0.00000            0.411253E-01           *
#                                                               *
#*************   chi**2/iteration =  2.854       ****************


#********** Integration by Vegas (iteration       9) ************
#                                                               *
#  integral  =  579.60517       accum. integral =  579.57448    *
#  std. dev. = 0.29980161       accum. std. dev = 0.15445072    *
#   min/max. wt. =    0.00000            0.247023E-01           *
#                                                               *
#*************   chi**2/iteration =  2.486       ****************


#********** Integration by Vegas (iteration      10) ************
#                                                               *
#  integral  =  579.69222       accum. integral =  579.60083    *
#  std. dev. = 0.29369262       accum. std. dev = 0.13636368    *
#   min/max. wt. =    0.00000            0.274433E-01           *
#                                                               *
#*************   chi**2/iteration =  2.214       ****************


#********** Integration by Vegas (iteration      11) ************
#                                                               *
#  integral  =  579.84442       accum. integral =  579.64518    *
#  std. dev. = 0.29456345       accum. std. dev = 0.12354336    *
#   min/max. wt. =    0.00000            0.316714E-01           *
#                                                               *
#*************   chi**2/iteration =  2.044       ****************


#********** Integration by Vegas (iteration      12) ************
#                                                               *
#  integral  =  580.02643       accum. integral =  579.70371    *
#  std. dev. = 0.29524221       accum. std. dev = 0.11383496    *
#   min/max. wt. =    0.00000            0.300446E-01           *
#                                                               *
#*************   chi**2/iteration =  1.985       ****************


#********** Integration by Vegas (iteration      13) ************
#                                                               *
#  integral  =  580.31738       accum. integral =  579.78220    *
#  std. dev. = 0.30220509       accum. std. dev = 0.10644351    *
#   min/max. wt. =    0.00000            0.615773E-01           *
#                                                               *
#*************   chi**2/iteration =  2.124       ****************


#********** Integration by Vegas (iteration      14) ************
#                                                               *
#  integral  =  579.57257       accum. integral =  579.75758    *
#  std. dev. = 0.29588258       accum. std. dev = 0.10009831    *
#   min/max. wt. =    0.00000            0.233863E-01           *
#                                                               *
#*************   chi**2/iteration =  1.992       ****************


#********** Integration by Vegas (iteration      15) ************
#                                                               *
#  integral  =  579.97920       accum. integral =  579.78069    *
#  std. dev. = 0.29735356       accum. std. dev = 0.94821325E-01*
#   min/max. wt. =    0.00000            0.458748E-01           *
#                                                               *
#*************   chi**2/iteration =  1.882       ****************

 ****************************************************
 * Writing out vegas grid to ./data/output.grid                                                      
 ****************************************************

  Input parameters for vegas:  ndim=  9   ncall= 80707214.
                              it=    0    itmx=    2
                              acc=-1.00    
                              mds=  1     nd=  50
                              (xl,xu)= (  0.00000     ,  1.00000     )
                                       (  0.00000     ,  1.00000     )
                                       (  0.00000     ,  1.00000     )
                                       (  0.00000     ,  1.00000     )
                                       (  0.00000     ,  1.00000     )
                                       (  0.00000     ,  1.00000     )
                                       (  0.00000     ,  1.00000     )
                                       (  0.00000     ,  1.00000     )
                                       (  0.00000     ,  1.00000     )

#********** Integration by Vegas (iteration       1) ************
#                                                               *
#  integral  =  579.85634       accum. integral =  579.85634    *
#  std. dev. = 0.30083857       accum. std. dev = 0.30083857    *
#   min/max. wt. =    0.00000            0.350072E-01           *
#                                                               *
#*************   chi**2/iteration =  0.000       ****************


#********** Integration by Vegas (iteration       2) ************
#                                                               *
#  integral  =  580.12662       accum. integral =  579.99247    *
#  std. dev. = 0.29878260       accum. std. dev = 0.21199402    *
#   min/max. wt. =    0.00000            0.351536E-01           *
#                                                               *
#*************   chi**2/iteration = 0.4059       ****************

 Done
