SLURM job running in:  /work-zfs/lhc/heshy/JHUGen/xsecs/JHUGen/JHUGenerator
LHAPDF 6.1.5 loading /work-zfs/lhc/cms/slc6_amd64_gcc493/external/lhapdf/6.1.5-kpegke3/share/LHAPDF/NNPDF30_lo_as_0130/NNPDF30_lo_as_0130_0000.dat
NNPDF30_lo_as_0130 PDF set, member #0, version 2; LHAPDF ID = 263000
 
                                                                                          
   ***************************************************************************************
   *                                JHU Generator v6.9.9                                 *
   ***************************************************************************************
   *                                                                                     *
   *   Spin and parity determination of single-produced resonances at hadron colliders   *
   *                                                                                     *
   *          I. Anderson, S. Bolognesi, F. Caola, Y. Gao, A. Gritsan, Z. Guo,           *
   *        C. Martin, K. Melnikov, R.Rontsch, H. Roskes, U. Sarica, M. Schulze,         *
   *                   N. Tran, A. Whitbeck, M. Xiao, C. You, Y. Zhou                    *
   *                Phys.Rev. D81 (2010) 075022;  arXiv:1001.3396 [hep-ph],              *
   *                Phys.Rev. D86 (2012) 095031;  arXiv:1208.4018 [hep-ph],              *
   *                Phys.Rev. D89 (2014) 035007;  arXiv:1309.4819 [hep-ph].              *
   *                                                                                     *
   ***************************************************************************************
                                                                                          
   
   Command line: ./JHUGen Unweighted=0 VegasNc0=99999999 VegasNc1=99999999 VegasNc2=99999999 LHAPDF=NNPDF30_lo_as_0130/NNPDF30_lo_as_0130.info MReso=492 Process=61 ghg2=0,0 ghg4=1,0 pTjetcut=25 etajetcut=4.7 pTlepcut=5 etalepcut=2.5
   
   Input Parameter:
    Collider: P-P, sqrt(s)=13000.00
    Resonance: spin=0, mass= 492.00 width=   0.00407
    Jet cuts:
            pT >=    25.00 GeV
         |eta| <=     4.70
        DeltaR >=     0.30
           mJJ >=     0.00 GeV
           m4l_min/max      -1.00     -1.00 GeV
    Random seed:   779567630
    To reproduce results using this seed, JHUGen should be compiled with the same compiler:
      GNU Fortran (GCC) 4.8.2
    
    WidthScheme:   2
    LHAPDF set NNPDF30_lo_as_0130/NNPDF30_lo_as_0130.info, member=  0
    Unweighted: F
    
    spin-0-VV couplings: 
      generate_as=F
      ghg2=  0.00000000E+00  0.00000000E+00i
      ghg3=  0.00000000E+00  0.00000000E+00i
      ghg4=  0.10000000E+01  0.00000000E+00i
      ghz1=  0.20000000E+01  0.00000000E+00i
      ghz2=  0.00000000E+00  0.00000000E+00i
      ghz3=  0.00000000E+00  0.00000000E+00i
      ghz4=  0.00000000E+00  0.00000000E+00i
      Lambda=  1000.0
    
    LHE output: ./data/output.lhe
    Histogram output: ./data/output.dat
    Log file: ./data/output.log
    
  Running

  Input parameters for vegas:  ndim=  9   ncall= 80707214.
                              it=    0    itmx=   15
                              acc=-1.00    
                              mds=  1     nd=  50
                              (xl,xu)= (  0.00000     ,  1.00000     )
                                       (  0.00000     ,  1.00000     )
                                       (  0.00000     ,  1.00000     )
                                       (  0.00000     ,  1.00000     )
                                       (  0.00000     ,  1.00000     )
                                       (  0.00000     ,  1.00000     )
                                       (  0.00000     ,  1.00000     )
                                       (  0.00000     ,  1.00000     )
                                       (  0.00000     ,  1.00000     )

#********** Integration by Vegas (iteration       1) ************
#                                                               *
#  integral  =  430.84865       accum. integral =  430.84865    *
#  std. dev. =  19.429885       accum. std. dev =  19.429885    *
#   min/max. wt. =    0.00000             10.6435               *
#                                                               *
#*************   chi**2/iteration =  0.000       ****************


#********** Integration by Vegas (iteration       2) ************
#                                                               *
#  integral  =  511.05237       accum. integral =  505.39498    *
#  std. dev. =  6.3490049       accum. std. dev =  5.6610919    *
#   min/max. wt. =    0.00000             3.63029               *
#                                                               *
#*************   chi**2/iteration =  13.15       ****************


#********** Integration by Vegas (iteration       3) ************
#                                                               *
#  integral  =  523.67685       accum. integral =  522.14261    *
#  std. dev. =  1.8984093       accum. std. dev =  1.7010326    *
#   min/max. wt. =    0.00000            0.999596               *
#                                                               *
#*************   chi**2/iteration =  10.55       ****************


#********** Integration by Vegas (iteration       4) ************
#                                                               *
#  integral  =  528.49534       accum. integral =  525.39686    *
#  std. dev. =  1.7892977       accum. std. dev =  1.2118052    *
#   min/max. wt. =    0.00000             1.19048               *
#                                                               *
#*************   chi**2/iteration =  9.049       ****************


#********** Integration by Vegas (iteration       5) ************
#                                                               *
#  integral  =  526.38584       accum. integral =  526.04768    *
#  std. dev. = 0.91943085       accum. std. dev = 0.71620334    *
#   min/max. wt. =    0.00000            0.151854               *
#                                                               *
#*************   chi**2/iteration =  6.751       ****************


#********** Integration by Vegas (iteration       6) ************
#                                                               *
#  integral  =  525.82707       accum. integral =  525.87908    *
#  std. dev. = 0.41380694       accum. std. dev = 0.35011721    *
#   min/max. wt. =    0.00000            0.148043               *
#                                                               *
#*************   chi**2/iteration =  5.342       ****************


#********** Integration by Vegas (iteration       7) ************
#                                                               *
#  integral  =  526.43160       accum. integral =  526.18162    *
#  std. dev. = 0.32921295       accum. std. dev = 0.23667602    *
#   min/max. wt. =    0.00000            0.529929E-01           *
#                                                               *
#*************   chi**2/iteration =  4.633       ****************


#********** Integration by Vegas (iteration       8) ************
#                                                               *
#  integral  =  526.23179       accum. integral =  526.20256    *
#  std. dev. = 0.28766800       accum. std. dev = 0.18130339    *
#   min/max. wt. =    0.00000            0.452853E-01           *
#                                                               *
#*************   chi**2/iteration =  3.945       ****************


#********** Integration by Vegas (iteration       9) ************
#                                                               *
#  integral  =  525.87486       accum. integral =  526.10427    *
#  std. dev. = 0.28375996       accum. std. dev = 0.15211255    *
#   min/max. wt. =    0.00000            0.322990E-01           *
#                                                               *
#*************   chi**2/iteration =  3.555       ****************


#********** Integration by Vegas (iteration      10) ************
#                                                               *
#  integral  =  526.31883       accum. integral =  526.15646    *
#  std. dev. = 0.27432825       accum. std. dev = 0.13262471    *
#   min/max. wt. =    0.00000            0.292538E-01           *
#                                                               *
#*************   chi**2/iteration =  3.199       ****************


#********** Integration by Vegas (iteration      11) ************
#                                                               *
#  integral  =  526.50922       accum. integral =  526.22315    *
#  std. dev. = 0.28032210       accum. std. dev = 0.11965674    *
#   min/max. wt. =    0.00000            0.570400E-01           *
#                                                               *
#*************   chi**2/iteration =  3.002       ****************


#********** Integration by Vegas (iteration      12) ************
#                                                               *
#  integral  =  525.86997       accum. integral =  526.16421    *
#  std. dev. = 0.27200479       accum. std. dev = 0.10937659    *
#   min/max. wt. =    0.00000            0.161554E-01           *
#                                                               *
#*************   chi**2/iteration =  2.853       ****************


#********** Integration by Vegas (iteration      13) ************
#                                                               *
#  integral  =  525.88139       accum. integral =  526.12792    *
#  std. dev. = 0.28961215       accum. std. dev = 0.10224406    *
#   min/max. wt. =    0.00000            0.802877E-01           *
#                                                               *
#*************   chi**2/iteration =  2.680       ****************


#********** Integration by Vegas (iteration      14) ************
#                                                               *
#  integral  =  525.99894       accum. integral =  526.11244    *
#  std. dev. = 0.28092979       accum. std. dev = 0.96013114E-01*
#   min/max. wt. =    0.00000            0.189883E-01           *
#                                                               *
#*************   chi**2/iteration =  2.483       ****************


#********** Integration by Vegas (iteration      15) ************
#                                                               *
#  integral  =  526.45768       accum. integral =  526.14939    *
#  std. dev. = 0.28138165       accum. std. dev = 0.90818229E-01*
#   min/max. wt. =    0.00000            0.385544E-01           *
#                                                               *
#*************   chi**2/iteration =  2.400       ****************

 ****************************************************
 * Writing out vegas grid to ./data/output.grid                                                      
 ****************************************************

  Input parameters for vegas:  ndim=  9   ncall= 80707214.
                              it=    0    itmx=    2
                              acc=-1.00    
                              mds=  1     nd=  50
                              (xl,xu)= (  0.00000     ,  1.00000     )
                                       (  0.00000     ,  1.00000     )
                                       (  0.00000     ,  1.00000     )
                                       (  0.00000     ,  1.00000     )
                                       (  0.00000     ,  1.00000     )
                                       (  0.00000     ,  1.00000     )
                                       (  0.00000     ,  1.00000     )
                                       (  0.00000     ,  1.00000     )
                                       (  0.00000     ,  1.00000     )

#********** Integration by Vegas (iteration       1) ************
#                                                               *
#  integral  =  526.25408       accum. integral =  526.25408    *
#  std. dev. = 0.27614626       accum. std. dev = 0.27614626    *
#   min/max. wt. =    0.00000            0.255476E-01           *
#                                                               *
#*************   chi**2/iteration =  0.000       ****************


#********** Integration by Vegas (iteration       2) ************
#                                                               *
#  integral  =  526.48453       accum. integral =  526.36017    *
#  std. dev. = 0.29911158       accum. std. dev = 0.20290214    *
#   min/max. wt. =    0.00000            0.985979E-01           *
#                                                               *
#*************   chi**2/iteration = 0.3201       ****************

 Done
