SLURM job running in:  /work-zfs/lhc/heshy/JHUGen/xsecs/JHUGen/JHUGenerator
LHAPDF 6.1.5 loading /work-zfs/lhc/cms/slc6_amd64_gcc493/external/lhapdf/6.1.5-kpegke3/share/LHAPDF/NNPDF30_lo_as_0130/NNPDF30_lo_as_0130_0000.dat
NNPDF30_lo_as_0130 PDF set, member #0, version 2; LHAPDF ID = 263000
 
                                                                                          
   ***************************************************************************************
   *                                JHU Generator v6.9.9                                 *
   ***************************************************************************************
   *                                                                                     *
   *   Spin and parity determination of single-produced resonances at hadron colliders   *
   *                                                                                     *
   *          I. Anderson, S. Bolognesi, F. Caola, Y. Gao, A. Gritsan, Z. Guo,           *
   *        C. Martin, K. Melnikov, R.Rontsch, H. Roskes, U. Sarica, M. Schulze,         *
   *                   N. Tran, A. Whitbeck, M. Xiao, C. You, Y. Zhou                    *
   *                Phys.Rev. D81 (2010) 075022;  arXiv:1001.3396 [hep-ph],              *
   *                Phys.Rev. D86 (2012) 095031;  arXiv:1208.4018 [hep-ph],              *
   *                Phys.Rev. D89 (2014) 035007;  arXiv:1309.4819 [hep-ph].              *
   *                                                                                     *
   ***************************************************************************************
                                                                                          
   
   Command line: ./JHUGen Unweighted=0 VegasNc0=99999999 VegasNc1=99999999 VegasNc2=99999999 LHAPDF=NNPDF30_lo_as_0130/NNPDF30_lo_as_0130.info MReso=498 Process=61 ghg2=0,0 ghg4=1,0 pTjetcut=25 etajetcut=4.7 pTlepcut=5 etalepcut=2.5
   
   Input Parameter:
    Collider: P-P, sqrt(s)=13000.00
    Resonance: spin=0, mass= 498.00 width=   0.00407
    Jet cuts:
            pT >=    25.00 GeV
         |eta| <=     4.70
        DeltaR >=     0.30
           mJJ >=     0.00 GeV
           m4l_min/max      -1.00     -1.00 GeV
    Random seed:   610430912
    To reproduce results using this seed, JHUGen should be compiled with the same compiler:
      GNU Fortran (GCC) 4.8.2
    
    WidthScheme:   2
    LHAPDF set NNPDF30_lo_as_0130/NNPDF30_lo_as_0130.info, member=  0
    Unweighted: F
    
    spin-0-VV couplings: 
      generate_as=F
      ghg2=  0.00000000E+00  0.00000000E+00i
      ghg3=  0.00000000E+00  0.00000000E+00i
      ghg4=  0.10000000E+01  0.00000000E+00i
      ghz1=  0.20000000E+01  0.00000000E+00i
      ghz2=  0.00000000E+00  0.00000000E+00i
      ghz3=  0.00000000E+00  0.00000000E+00i
      ghz4=  0.00000000E+00  0.00000000E+00i
      Lambda=  1000.0
    
    LHE output: ./data/output.lhe
    Histogram output: ./data/output.dat
    Log file: ./data/output.log
    
  Running

  Input parameters for vegas:  ndim=  9   ncall= 80707214.
                              it=    0    itmx=   15
                              acc=-1.00    
                              mds=  1     nd=  50
                              (xl,xu)= (  0.00000     ,  1.00000     )
                                       (  0.00000     ,  1.00000     )
                                       (  0.00000     ,  1.00000     )
                                       (  0.00000     ,  1.00000     )
                                       (  0.00000     ,  1.00000     )
                                       (  0.00000     ,  1.00000     )
                                       (  0.00000     ,  1.00000     )
                                       (  0.00000     ,  1.00000     )
                                       (  0.00000     ,  1.00000     )

#********** Integration by Vegas (iteration       1) ************
#                                                               *
#  integral  =  587.00499       accum. integral =  587.00499    *
#  std. dev. =  76.012615       accum. std. dev =  76.012615    *
#   min/max. wt. =    0.00000             41.8687               *
#                                                               *
#*************   chi**2/iteration = 0.3022E-10   ****************


#********** Integration by Vegas (iteration       2) ************
#                                                               *
#  integral  =  501.64095       accum. integral =  502.93641    *
#  std. dev. =  8.0636495       accum. std. dev =  8.7097515    *
#   min/max. wt. =    0.00000             4.77568               *
#                                                               *
#*************   chi**2/iteration =  1.434       ****************


#********** Integration by Vegas (iteration       3) ************
#                                                               *
#  integral  =  509.47920       accum. integral =  509.14418    *
#  std. dev. =  1.8880449       accum. std. dev =  1.9279445    *
#   min/max. wt. =    0.00000            0.595571               *
#                                                               *
#*************   chi**2/iteration =  1.029       ****************


#********** Integration by Vegas (iteration       4) ************
#                                                               *
#  integral  =  512.40559       accum. integral =  511.43655    *
#  std. dev. =  1.2025819       accum. std. dev =  1.0403961    *
#   min/max. wt. =    0.00000            0.977945               *
#                                                               *
#*************   chi**2/iteration =  1.384       ****************


#********** Integration by Vegas (iteration       5) ************
#                                                               *
#  integral  =  510.93699       accum. integral =  511.09929    *
#  std. dev. = 0.69739915       accum. std. dev = 0.58906657    *
#   min/max. wt. =    0.00000            0.702874E-01           *
#                                                               *
#*************   chi**2/iteration =  1.092       ****************


#********** Integration by Vegas (iteration       6) ************
#                                                               *
#  integral  =  510.92535       accum. integral =  510.97788    *
#  std. dev. = 0.37694651       accum. std. dev = 0.32228694    *
#   min/max. wt. =    0.00000            0.149558               *
#                                                               *
#*************   chi**2/iteration = 0.8935       ****************


#********** Integration by Vegas (iteration       7) ************
#                                                               *
#  integral  =  511.18458       accum. integral =  511.08276    *
#  std. dev. = 0.31045834       accum. std. dev = 0.22548688    *
#   min/max. wt. =    0.00000            0.193202E-01           *
#                                                               *
#*************   chi**2/iteration = 0.7843       ****************


#********** Integration by Vegas (iteration       8) ************
#                                                               *
#  integral  =  510.45383       accum. integral =  510.82876    *
#  std. dev. = 0.26829504       accum. std. dev = 0.17365362    *
#   min/max. wt. =    0.00000            0.243324E-01           *
#                                                               *
#*************   chi**2/iteration =  1.127       ****************


#********** Integration by Vegas (iteration       9) ************
#                                                               *
#  integral  =  510.83257       accum. integral =  510.82988    *
#  std. dev. = 0.26530181       accum. std. dev = 0.14577407    *
#   min/max. wt. =    0.00000            0.325158E-01           *
#                                                               *
#*************   chi**2/iteration = 0.9898       ****************


#********** Integration by Vegas (iteration      10) ************
#                                                               *
#  integral  =  511.13653       accum. integral =  510.90238    *
#  std. dev. = 0.25804498       accum. std. dev = 0.12719078    *
#   min/max. wt. =    0.00000            0.145461E-01           *
#                                                               *
#*************   chi**2/iteration = 0.9991       ****************


#********** Integration by Vegas (iteration      11) ************
#                                                               *
#  integral  =  510.91600       accum. integral =  510.90498    *
#  std. dev. = 0.25852806       accum. std. dev = 0.11429133    *
#   min/max. wt. =    0.00000            0.224667E-01           *
#                                                               *
#*************   chi**2/iteration = 0.9016       ****************


#********** Integration by Vegas (iteration      12) ************
#                                                               *
#  integral  =  510.61002       accum. integral =  510.85834    *
#  std. dev. = 0.26023267       accum. std. dev = 0.10475228    *
#   min/max. wt. =    0.00000            0.362053E-01           *
#                                                               *
#*************   chi**2/iteration = 0.9174       ****************


#********** Integration by Vegas (iteration      13) ************
#                                                               *
#  integral  =  510.89054       accum. integral =  510.86271    *
#  std. dev. = 0.26122926       accum. std. dev = 0.97296056E-01*
#   min/max. wt. =    0.00000            0.358231E-01           *
#                                                               *
#*************   chi**2/iteration = 0.8435       ****************


#********** Integration by Vegas (iteration      14) ************
#                                                               *
#  integral  =  510.76442       accum. integral =  510.85107    *
#  std. dev. = 0.26249935       accum. std. dev = 0.91280244E-01*
#   min/max. wt. =    0.00000            0.331350E-01           *
#                                                               *
#*************   chi**2/iteration = 0.7892       ****************


#********** Integration by Vegas (iteration      15) ************
#                                                               *
#  integral  =  510.95308       accum. integral =  510.86191    *
#  std. dev. = 0.26209927       accum. std. dev = 0.86237295E-01*
#   min/max. wt. =    0.00000            0.163479E-01           *
#                                                               *
#*************   chi**2/iteration = 0.7433       ****************

 ****************************************************
 * Writing out vegas grid to ./data/output.grid                                                      
 ****************************************************

  Input parameters for vegas:  ndim=  9   ncall= 80707214.
                              it=    0    itmx=    2
                              acc=-1.00    
                              mds=  1     nd=  50
                              (xl,xu)= (  0.00000     ,  1.00000     )
                                       (  0.00000     ,  1.00000     )
                                       (  0.00000     ,  1.00000     )
                                       (  0.00000     ,  1.00000     )
                                       (  0.00000     ,  1.00000     )
                                       (  0.00000     ,  1.00000     )
                                       (  0.00000     ,  1.00000     )
                                       (  0.00000     ,  1.00000     )
                                       (  0.00000     ,  1.00000     )

#********** Integration by Vegas (iteration       1) ************
#                                                               *
#  integral  =  510.84373       accum. integral =  510.84373    *
#  std. dev. = 0.26529187       accum. std. dev = 0.26529187    *
#   min/max. wt. =    0.00000            0.268139E-01           *
#                                                               *
#*************   chi**2/iteration =  0.000       ****************


#********** Integration by Vegas (iteration       2) ************
#                                                               *
#  integral  =  510.74757       accum. integral =  510.79581    *
#  std. dev. = 0.26615823       accum. std. dev = 0.18789518    *
#   min/max. wt. =    0.00000            0.216840E-01           *
#                                                               *
#*************   chi**2/iteration = 0.6541E-01   ****************

 Done
