SLURM job running in:  /work-zfs/lhc/heshy/JHUGen/xsecs/JHUGen/JHUGenerator
LHAPDF 6.1.5 loading /work-zfs/lhc/cms/slc6_amd64_gcc493/external/lhapdf/6.1.5-kpegke3/share/LHAPDF/NNPDF30_lo_as_0130/NNPDF30_lo_as_0130_0000.dat
NNPDF30_lo_as_0130 PDF set, member #0, version 2; LHAPDF ID = 263000
 
                                                                                          
   ***************************************************************************************
   *                                JHU Generator v6.9.9                                 *
   ***************************************************************************************
   *                                                                                     *
   *   Spin and parity determination of single-produced resonances at hadron colliders   *
   *                                                                                     *
   *          I. Anderson, S. Bolognesi, F. Caola, Y. Gao, A. Gritsan, Z. Guo,           *
   *        C. Martin, K. Melnikov, R.Rontsch, H. Roskes, U. Sarica, M. Schulze,         *
   *                   N. Tran, A. Whitbeck, M. Xiao, C. You, Y. Zhou                    *
   *                Phys.Rev. D81 (2010) 075022;  arXiv:1001.3396 [hep-ph],              *
   *                Phys.Rev. D86 (2012) 095031;  arXiv:1208.4018 [hep-ph],              *
   *                Phys.Rev. D89 (2014) 035007;  arXiv:1309.4819 [hep-ph].              *
   *                                                                                     *
   ***************************************************************************************
                                                                                          
   
   Command line: ./JHUGen Unweighted=0 VegasNc0=99999999 VegasNc1=99999999 VegasNc2=99999999 LHAPDF=NNPDF30_lo_as_0130/NNPDF30_lo_as_0130.info MReso=530 Process=61 ghg2=0,0 ghg4=1,0 pTjetcut=25 etajetcut=4.7 pTlepcut=5 etalepcut=2.5
   
   Input Parameter:
    Collider: P-P, sqrt(s)=13000.00
    Resonance: spin=0, mass= 530.00 width=   0.00407
    Jet cuts:
            pT >=    25.00 GeV
         |eta| <=     4.70
        DeltaR >=     0.30
           mJJ >=     0.00 GeV
           m4l_min/max      -1.00     -1.00 GeV
    Random seed:   803856251
    To reproduce results using this seed, JHUGen should be compiled with the same compiler:
      GNU Fortran (GCC) 4.8.2
    
    WidthScheme:   2
    LHAPDF set NNPDF30_lo_as_0130/NNPDF30_lo_as_0130.info, member=  0
    Unweighted: F
    
    spin-0-VV couplings: 
      generate_as=F
      ghg2=  0.00000000E+00  0.00000000E+00i
      ghg3=  0.00000000E+00  0.00000000E+00i
      ghg4=  0.10000000E+01  0.00000000E+00i
      ghz1=  0.20000000E+01  0.00000000E+00i
      ghz2=  0.00000000E+00  0.00000000E+00i
      ghz3=  0.00000000E+00  0.00000000E+00i
      ghz4=  0.00000000E+00  0.00000000E+00i
      Lambda=  1000.0
    
    LHE output: ./data/output.lhe
    Histogram output: ./data/output.dat
    Log file: ./data/output.log
    
  Running

  Input parameters for vegas:  ndim=  9   ncall= 80707214.
                              it=    0    itmx=   15
                              acc=-1.00    
                              mds=  1     nd=  50
                              (xl,xu)= (  0.00000     ,  1.00000     )
                                       (  0.00000     ,  1.00000     )
                                       (  0.00000     ,  1.00000     )
                                       (  0.00000     ,  1.00000     )
                                       (  0.00000     ,  1.00000     )
                                       (  0.00000     ,  1.00000     )
                                       (  0.00000     ,  1.00000     )
                                       (  0.00000     ,  1.00000     )
                                       (  0.00000     ,  1.00000     )

#********** Integration by Vegas (iteration       1) ************
#                                                               *
#  integral  =  415.38081       accum. integral =  415.38081    *
#  std. dev. =  57.577387       accum. std. dev =  57.577387    *
#   min/max. wt. =    0.00000             54.5715               *
#                                                               *
#*************   chi**2/iteration = -.1756E-10   ****************


#********** Integration by Vegas (iteration       2) ************
#                                                               *
#  integral  =  429.26621       accum. integral =  428.98773    *
#  std. dev. =  8.5123807       accum. std. dev =  8.2914208    *
#   min/max. wt. =    0.00000             4.36050               *
#                                                               *
#*************   chi**2/iteration = 0.5506E-01   ****************


#********** Integration by Vegas (iteration       3) ************
#                                                               *
#  integral  =  437.27271       accum. integral =  437.06473    *
#  std. dev. =  1.3774210       accum. std. dev =  1.3293226    *
#   min/max. wt. =    0.00000            0.500204               *
#                                                               *
#*************   chi**2/iteration = 0.5020       ****************


#********** Integration by Vegas (iteration       4) ************
#                                                               *
#  integral  =  439.58861       accum. integral =  439.02331    *
#  std. dev. = 0.73452516       accum. std. dev = 0.63365261    *
#   min/max. wt. =    0.00000            0.462074               *
#                                                               *
#*************   chi**2/iteration =  1.249       ****************


#********** Integration by Vegas (iteration       5) ************
#                                                               *
#  integral  =  439.93348       accum. integral =  439.65622    *
#  std. dev. = 0.42860936       accum. std. dev = 0.35128262    *
#   min/max. wt. =    0.00000            0.708223E-01           *
#                                                               *
#*************   chi**2/iteration =  1.284       ****************


#********** Integration by Vegas (iteration       6) ************
#                                                               *
#  integral  =  439.68270       accum. integral =  439.67304    *
#  std. dev. = 0.27071962       accum. std. dev = 0.21277868    *
#   min/max. wt. =    0.00000            0.305283E-01           *
#                                                               *
#*************   chi**2/iteration =  1.022       ****************


#********** Integration by Vegas (iteration       7) ************
#                                                               *
#  integral  =  440.07071       accum. integral =  439.84596    *
#  std. dev. = 0.24619354       accum. std. dev = 0.16030451    *
#   min/max. wt. =    0.00000            0.195492E-01           *
#                                                               *
#*************   chi**2/iteration =  1.100       ****************


#********** Integration by Vegas (iteration       8) ************
#                                                               *
#  integral  =  439.55004       accum. integral =  439.74934    *
#  std. dev. = 0.23288401       accum. std. dev = 0.13174662    *
#   min/max. wt. =    0.00000            0.269373E-01           *
#                                                               *
#*************   chi**2/iteration =  1.099       ****************


#********** Integration by Vegas (iteration       9) ************
#                                                               *
#  integral  =  439.75291       accum. integral =  439.75021    *
#  std. dev. = 0.23380033       accum. std. dev = 0.11462089    *
#   min/max. wt. =    0.00000            0.323667E-01           *
#                                                               *
#*************   chi**2/iteration = 0.9592       ****************


#********** Integration by Vegas (iteration      10) ************
#                                                               *
#  integral  =  439.52549       accum. integral =  439.70406    *
#  std. dev. = 0.22745671       accum. std. dev = 0.10226618    *
#   min/max. wt. =    0.00000            0.229479E-01           *
#                                                               *
#*************   chi**2/iteration = 0.9387       ****************


#********** Integration by Vegas (iteration      11) ************
#                                                               *
#  integral  =  439.65786       accum. integral =  439.69641    *
#  std. dev. = 0.23131977       accum. std. dev = 0.93477274E-01*
#   min/max. wt. =    0.00000            0.473267E-01           *
#                                                               *
#*************   chi**2/iteration = 0.8469       ****************


#********** Integration by Vegas (iteration      12) ************
#                                                               *
#  integral  =  439.47906       accum. integral =  439.66417    *
#  std. dev. = 0.22559394       accum. std. dev = 0.86318612E-01*
#   min/max. wt. =    0.00000            0.150083E-01           *
#                                                               *
#*************   chi**2/iteration = 0.8418       ****************


#********** Integration by Vegas (iteration      13) ************
#                                                               *
#  integral  =  439.86484       accum. integral =  439.69057    *
#  std. dev. = 0.22340577       accum. std. dev = 0.80486075E-01*
#   min/max. wt. =    0.00000            0.166971E-01           *
#                                                               *
#*************   chi**2/iteration = 0.8300       ****************


#********** Integration by Vegas (iteration      14) ************
#                                                               *
#  integral  =  440.00887       accum. integral =  439.72800    *
#  std. dev. = 0.22205630       accum. std. dev = 0.75644775E-01*
#   min/max. wt. =    0.00000            0.132285E-01           *
#                                                               *
#*************   chi**2/iteration = 0.9067       ****************


#********** Integration by Vegas (iteration      15) ************
#                                                               *
#  integral  =  439.83426       accum. integral =  439.73904    *
#  std. dev. = 0.22348357       accum. std. dev = 0.71635450E-01*
#   min/max. wt. =    0.00000            0.126298E-01           *
#                                                               *
#*************   chi**2/iteration = 0.8558       ****************

 ****************************************************
 * Writing out vegas grid to ./data/output.grid                                                      
 ****************************************************

  Input parameters for vegas:  ndim=  9   ncall= 80707214.
                              it=    0    itmx=    2
                              acc=-1.00    
                              mds=  1     nd=  50
                              (xl,xu)= (  0.00000     ,  1.00000     )
                                       (  0.00000     ,  1.00000     )
                                       (  0.00000     ,  1.00000     )
                                       (  0.00000     ,  1.00000     )
                                       (  0.00000     ,  1.00000     )
                                       (  0.00000     ,  1.00000     )
                                       (  0.00000     ,  1.00000     )
                                       (  0.00000     ,  1.00000     )
                                       (  0.00000     ,  1.00000     )

#********** Integration by Vegas (iteration       1) ************
#                                                               *
#  integral  =  439.79033       accum. integral =  439.79033    *
#  std. dev. = 0.22993839       accum. std. dev = 0.22993839    *
#   min/max. wt. =    0.00000            0.442938E-01           *
#                                                               *
#*************   chi**2/iteration = -.5505E-06   ****************


#********** Integration by Vegas (iteration       2) ************
#                                                               *
#  integral  =  439.65084       accum. integral =  439.72014    *
#  std. dev. = 0.22841321       accum. std. dev = 0.16204924    *
#   min/max. wt. =    0.00000            0.312237E-01           *
#                                                               *
#*************   chi**2/iteration = 0.1851       ****************

 Done
