SLURM job running in:  /work-zfs/lhc/heshy/JHUGen/xsecs/JHUGen/JHUGenerator
LHAPDF 6.1.5 loading /work-zfs/lhc/cms/slc6_amd64_gcc493/external/lhapdf/6.1.5-kpegke3/share/LHAPDF/NNPDF30_lo_as_0130/NNPDF30_lo_as_0130_0000.dat
NNPDF30_lo_as_0130 PDF set, member #0, version 2; LHAPDF ID = 263000
 
                                                                                          
   ***************************************************************************************
   *                                JHU Generator v6.9.9                                 *
   ***************************************************************************************
   *                                                                                     *
   *   Spin and parity determination of single-produced resonances at hadron colliders   *
   *                                                                                     *
   *          I. Anderson, S. Bolognesi, F. Caola, Y. Gao, A. Gritsan, Z. Guo,           *
   *        C. Martin, K. Melnikov, R.Rontsch, H. Roskes, U. Sarica, M. Schulze,         *
   *                   N. Tran, A. Whitbeck, M. Xiao, C. You, Y. Zhou                    *
   *                Phys.Rev. D81 (2010) 075022;  arXiv:1001.3396 [hep-ph],              *
   *                Phys.Rev. D86 (2012) 095031;  arXiv:1208.4018 [hep-ph],              *
   *                Phys.Rev. D89 (2014) 035007;  arXiv:1309.4819 [hep-ph].              *
   *                                                                                     *
   ***************************************************************************************
                                                                                          
   
   Command line: ./JHUGen Unweighted=0 VegasNc0=99999999 VegasNc1=99999999 VegasNc2=99999999 LHAPDF=NNPDF30_lo_as_0130/NNPDF30_lo_as_0130.info MReso=555 Process=61 ghg2=0,0 ghg4=1,0 pTjetcut=25 etajetcut=4.7 pTlepcut=5 etalepcut=2.5
   
   Input Parameter:
    Collider: P-P, sqrt(s)=13000.00
    Resonance: spin=0, mass= 555.00 width=   0.00407
    Jet cuts:
            pT >=    25.00 GeV
         |eta| <=     4.70
        DeltaR >=     0.30
           mJJ >=     0.00 GeV
           m4l_min/max      -1.00     -1.00 GeV
    Random seed:   621045912
    To reproduce results using this seed, JHUGen should be compiled with the same compiler:
      GNU Fortran (GCC) 4.8.2
    
    WidthScheme:   2
    LHAPDF set NNPDF30_lo_as_0130/NNPDF30_lo_as_0130.info, member=  0
    Unweighted: F
    
    spin-0-VV couplings: 
      generate_as=F
      ghg2=  0.00000000E+00  0.00000000E+00i
      ghg3=  0.00000000E+00  0.00000000E+00i
      ghg4=  0.10000000E+01  0.00000000E+00i
      ghz1=  0.20000000E+01  0.00000000E+00i
      ghz2=  0.00000000E+00  0.00000000E+00i
      ghz3=  0.00000000E+00  0.00000000E+00i
      ghz4=  0.00000000E+00  0.00000000E+00i
      Lambda=  1000.0
    
    LHE output: ./data/output.lhe
    Histogram output: ./data/output.dat
    Log file: ./data/output.log
    
  Running

  Input parameters for vegas:  ndim=  9   ncall= 80707214.
                              it=    0    itmx=   15
                              acc=-1.00    
                              mds=  1     nd=  50
                              (xl,xu)= (  0.00000     ,  1.00000     )
                                       (  0.00000     ,  1.00000     )
                                       (  0.00000     ,  1.00000     )
                                       (  0.00000     ,  1.00000     )
                                       (  0.00000     ,  1.00000     )
                                       (  0.00000     ,  1.00000     )
                                       (  0.00000     ,  1.00000     )
                                       (  0.00000     ,  1.00000     )
                                       (  0.00000     ,  1.00000     )

#********** Integration by Vegas (iteration       1) ************
#                                                               *
#  integral  =  357.44430       accum. integral =  357.44430    *
#  std. dev. =  23.575542       accum. std. dev =  23.575542    *
#   min/max. wt. =    0.00000             12.7542               *
#                                                               *
#*************   chi**2/iteration =  0.000       ****************


#********** Integration by Vegas (iteration       2) ************
#                                                               *
#  integral  =  381.44790       accum. integral =  380.90198    *
#  std. dev. =  3.8380483       accum. std. dev =  3.6767125    *
#   min/max. wt. =    0.00000             1.38647               *
#                                                               *
#*************   chi**2/iteration = 0.9464       ****************


#********** Integration by Vegas (iteration       3) ************
#                                                               *
#  integral  =  395.72556       accum. integral =  390.93802    *
#  std. dev. =  2.7186210       accum. std. dev =  2.1397644    *
#   min/max. wt. =    0.00000             1.78717               *
#                                                               *
#*************   chi**2/iteration =  5.696       ****************


#********** Integration by Vegas (iteration       4) ************
#                                                               *
#  integral  =  391.74702       accum. integral =  391.65259    *
#  std. dev. = 0.80499750       accum. std. dev = 0.73750629    *
#   min/max. wt. =    0.00000            0.198365               *
#                                                               *
#*************   chi**2/iteration =  3.773       ****************


#********** Integration by Vegas (iteration       5) ************
#                                                               *
#  integral  =  392.19660       accum. integral =  392.09360    *
#  std. dev. = 0.36604450       accum. std. dev = 0.32265956    *
#   min/max. wt. =    0.00000            0.147482               *
#                                                               *
#*************   chi**2/iteration =  2.908       ****************


#********** Integration by Vegas (iteration       6) ************
#                                                               *
#  integral  =  392.84118       accum. integral =  392.55919    *
#  std. dev. = 0.25690963       accum. std. dev = 0.19893746    *
#   min/max. wt. =    0.00000            0.240973E-01           *
#                                                               *
#*************   chi**2/iteration =  2.972       ****************


#********** Integration by Vegas (iteration       7) ************
#                                                               *
#  integral  =  392.43137       accum. integral =  392.50152    *
#  std. dev. = 0.22336104       accum. std. dev = 0.14775617    *
#   min/max. wt. =    0.00000            0.295714E-01           *
#                                                               *
#*************   chi**2/iteration =  2.495       ****************


#********** Integration by Vegas (iteration       8) ************
#                                                               *
#  integral  =  392.90788       accum. integral =  392.63029    *
#  std. dev. = 0.22055157       accum. std. dev = 0.12237678    *
#   min/max. wt. =    0.00000            0.626770E-01           *
#                                                               *
#*************   chi**2/iteration =  2.471       ****************


#********** Integration by Vegas (iteration       9) ************
#                                                               *
#  integral  =  392.68219       accum. integral =  392.64299    *
#  std. dev. = 0.21804690       accum. std. dev = 0.10652641    *
#   min/max. wt. =    0.00000            0.522764E-01           *
#                                                               *
#*************   chi**2/iteration =  2.161       ****************


#********** Integration by Vegas (iteration      10) ************
#                                                               *
#  integral  =  392.61993       accum. integral =  392.63803    *
#  std. dev. = 0.20609996       accum. std. dev = 0.94504676E-01*
#   min/max. wt. =    0.00000            0.137514E-01           *
#                                                               *
#*************   chi**2/iteration =  1.917       ****************


#********** Integration by Vegas (iteration      11) ************
#                                                               *
#  integral  =  392.59712       accum. integral =  392.63066    *
#  std. dev. = 0.20376169       accum. std. dev = 0.85651692E-01*
#   min/max. wt. =    0.00000            0.190237E-01           *
#                                                               *
#*************   chi**2/iteration =  1.725       ****************


#********** Integration by Vegas (iteration      12) ************
#                                                               *
#  integral  =  392.30504       accum. integral =  392.58031    *
#  std. dev. = 0.20211631       accum. std. dev = 0.78812763E-01*
#   min/max. wt. =    0.00000            0.123959E-01           *
#                                                               *
#*************   chi**2/iteration =  1.769       ****************


#********** Integration by Vegas (iteration      13) ************
#                                                               *
#  integral  =  392.34407       accum. integral =  392.54846    *
#  std. dev. = 0.20134390       accum. std. dev = 0.73355670E-01*
#   min/max. wt. =    0.00000            0.139592E-01           *
#                                                               *
#*************   chi**2/iteration =  1.720       ****************


#********** Integration by Vegas (iteration      14) ************
#                                                               *
#  integral  =  392.65460       accum. integral =  392.56051    *
#  std. dev. = 0.20680621       accum. std. dev = 0.69111171E-01*
#   min/max. wt. =    0.00000            0.301870E-01           *
#                                                               *
#*************   chi**2/iteration =  1.604       ****************


#********** Integration by Vegas (iteration      15) ************
#                                                               *
#  integral  =  392.56722       accum. integral =  392.56119    *
#  std. dev. = 0.20757912       accum. std. dev = 0.65555434E-01*
#   min/max. wt. =    0.00000            0.241670E-01           *
#                                                               *
#*************   chi**2/iteration =  1.488       ****************

 ****************************************************
 * Writing out vegas grid to ./data/output.grid                                                      
 ****************************************************

  Input parameters for vegas:  ndim=  9   ncall= 80707214.
                              it=    0    itmx=    2
                              acc=-1.00    
                              mds=  1     nd=  50
                              (xl,xu)= (  0.00000     ,  1.00000     )
                                       (  0.00000     ,  1.00000     )
                                       (  0.00000     ,  1.00000     )
                                       (  0.00000     ,  1.00000     )
                                       (  0.00000     ,  1.00000     )
                                       (  0.00000     ,  1.00000     )
                                       (  0.00000     ,  1.00000     )
                                       (  0.00000     ,  1.00000     )
                                       (  0.00000     ,  1.00000     )

#********** Integration by Vegas (iteration       1) ************
#                                                               *
#  integral  =  392.73644       accum. integral =  392.73644    *
#  std. dev. = 0.20459273       accum. std. dev = 0.20459273    *
#   min/max. wt. =    0.00000            0.939277E-02           *
#                                                               *
#*************   chi**2/iteration = -.1391E-05   ****************


#********** Integration by Vegas (iteration       2) ************
#                                                               *
#  integral  =  392.73673       accum. integral =  392.73658    *
#  std. dev. = 0.20682286       accum. std. dev = 0.14545097    *
#   min/max. wt. =    0.00000            0.176313E-01           *
#                                                               *
#*************   chi**2/iteration = 0.9455E-06   ****************

 Done
