SLURM job running in:  /work-zfs/lhc/heshy/JHUGen/xsecs/JHUGen/JHUGenerator
LHAPDF 6.1.5 loading /work-zfs/lhc/cms/slc6_amd64_gcc493/external/lhapdf/6.1.5-kpegke3/share/LHAPDF/NNPDF30_lo_as_0130/NNPDF30_lo_as_0130_0000.dat
NNPDF30_lo_as_0130 PDF set, member #0, version 2; LHAPDF ID = 263000
 
                                                                                          
   ***************************************************************************************
   *                                JHU Generator v6.9.9                                 *
   ***************************************************************************************
   *                                                                                     *
   *   Spin and parity determination of single-produced resonances at hadron colliders   *
   *                                                                                     *
   *          I. Anderson, S. Bolognesi, F. Caola, Y. Gao, A. Gritsan, Z. Guo,           *
   *        C. Martin, K. Melnikov, R.Rontsch, H. Roskes, U. Sarica, M. Schulze,         *
   *                   N. Tran, A. Whitbeck, M. Xiao, C. You, Y. Zhou                    *
   *                Phys.Rev. D81 (2010) 075022;  arXiv:1001.3396 [hep-ph],              *
   *                Phys.Rev. D86 (2012) 095031;  arXiv:1208.4018 [hep-ph],              *
   *                Phys.Rev. D89 (2014) 035007;  arXiv:1309.4819 [hep-ph].              *
   *                                                                                     *
   ***************************************************************************************
                                                                                          
   
   Command line: ./JHUGen Unweighted=0 VegasNc0=99999999 VegasNc1=99999999 VegasNc2=99999999 LHAPDF=NNPDF30_lo_as_0130/NNPDF30_lo_as_0130.info MReso=580 Process=61 ghg2=0,0 ghg4=1,0 pTjetcut=25 etajetcut=4.7 pTlepcut=5 etalepcut=2.5
   
   Input Parameter:
    Collider: P-P, sqrt(s)=13000.00
    Resonance: spin=0, mass= 580.00 width=   0.00407
    Jet cuts:
            pT >=    25.00 GeV
         |eta| <=     4.70
        DeltaR >=     0.30
           mJJ >=     0.00 GeV
           m4l_min/max      -1.00     -1.00 GeV
    Random seed:   981253806
    To reproduce results using this seed, JHUGen should be compiled with the same compiler:
      GNU Fortran (GCC) 4.8.2
    
    WidthScheme:   2
    LHAPDF set NNPDF30_lo_as_0130/NNPDF30_lo_as_0130.info, member=  0
    Unweighted: F
    
    spin-0-VV couplings: 
      generate_as=F
      ghg2=  0.00000000E+00  0.00000000E+00i
      ghg3=  0.00000000E+00  0.00000000E+00i
      ghg4=  0.10000000E+01  0.00000000E+00i
      ghz1=  0.20000000E+01  0.00000000E+00i
      ghz2=  0.00000000E+00  0.00000000E+00i
      ghz3=  0.00000000E+00  0.00000000E+00i
      ghz4=  0.00000000E+00  0.00000000E+00i
      Lambda=  1000.0
    
    LHE output: ./data/output.lhe
    Histogram output: ./data/output.dat
    Log file: ./data/output.log
    
  Running

  Input parameters for vegas:  ndim=  9   ncall= 80707214.
                              it=    0    itmx=   15
                              acc=-1.00    
                              mds=  1     nd=  50
                              (xl,xu)= (  0.00000     ,  1.00000     )
                                       (  0.00000     ,  1.00000     )
                                       (  0.00000     ,  1.00000     )
                                       (  0.00000     ,  1.00000     )
                                       (  0.00000     ,  1.00000     )
                                       (  0.00000     ,  1.00000     )
                                       (  0.00000     ,  1.00000     )
                                       (  0.00000     ,  1.00000     )
                                       (  0.00000     ,  1.00000     )

#********** Integration by Vegas (iteration       1) ************
#                                                               *
#  integral  =  393.32579       accum. integral =  393.32579    *
#  std. dev. =  67.981774       accum. std. dev =  67.981774    *
#   min/max. wt. =    0.00000             55.5794               *
#                                                               *
#*************   chi**2/iteration =  0.000       ****************


#********** Integration by Vegas (iteration       2) ************
#                                                               *
#  integral  =  333.88097       accum. integral =  334.08333    *
#  std. dev. =  3.3727248       accum. std. dev =  3.6789412    *
#   min/max. wt. =    0.00000            0.897544               *
#                                                               *
#*************   chi**2/iteration = 0.8849       ****************


#********** Integration by Vegas (iteration       3) ************
#                                                               *
#  integral  =  349.91478       accum. integral =  345.44018    *
#  std. dev. =  2.2149263       accum. std. dev =  1.9296061    *
#   min/max. wt. =    0.00000             1.79549               *
#                                                               *
#*************   chi**2/iteration =  7.275       ****************


#********** Integration by Vegas (iteration       4) ************
#                                                               *
#  integral  =  352.28063       accum. integral =  351.00695    *
#  std. dev. = 0.90340649       accum. std. dev = 0.82825749    *
#   min/max. wt. =    0.00000            0.510693               *
#                                                               *
#*************   chi**2/iteration =  8.347       ****************


#********** Integration by Vegas (iteration       5) ************
#                                                               *
#  integral  =  351.11938       accum. integral =  351.10219    *
#  std. dev. = 0.34507844       accum. std. dev = 0.32261232    *
#   min/max. wt. =    0.00000            0.105378               *
#                                                               *
#*************   chi**2/iteration =  6.313       ****************


#********** Integration by Vegas (iteration       6) ************
#                                                               *
#  integral  =  351.63729       accum. integral =  351.44321    *
#  std. dev. = 0.23995736       accum. std. dev = 0.19383996    *
#   min/max. wt. =    0.00000            0.497966E-01           *
#                                                               *
#*************   chi**2/iteration =  5.426       ****************


#********** Integration by Vegas (iteration       7) ************
#                                                               *
#  integral  =  351.19796       accum. integral =  351.32443    *
#  std. dev. = 0.19741843       accum. std. dev = 0.13894141    *
#   min/max. wt. =    0.00000            0.142235E-01           *
#                                                               *
#*************   chi**2/iteration =  4.668       ****************


#********** Integration by Vegas (iteration       8) ************
#                                                               *
#  integral  =  351.31540       accum. integral =  351.32137    *
#  std. dev. = 0.19229215       accum. std. dev = 0.11288555    *
#   min/max. wt. =    0.00000            0.377963E-01           *
#                                                               *
#*************   chi**2/iteration =  4.013       ****************


#********** Integration by Vegas (iteration       9) ************
#                                                               *
#  integral  =  351.81604       accum. integral =  351.45257    *
#  std. dev. = 0.18637846       accum. std. dev = 0.96678653E-01*
#   min/max. wt. =    0.00000            0.179589E-01           *
#                                                               *
#*************   chi**2/iteration =  4.155       ****************


#********** Integration by Vegas (iteration      10) ************
#                                                               *
#  integral  =  351.48687       accum. integral =  351.45989    *
#  std. dev. = 0.18397985       accum. std. dev = 0.85662903E-01*
#   min/max. wt. =    0.00000            0.139830E-01           *
#                                                               *
#*************   chi**2/iteration =  3.702       ****************


#********** Integration by Vegas (iteration      11) ************
#                                                               *
#  integral  =  351.42117       accum. integral =  351.45310    *
#  std. dev. = 0.18431535       accum. std. dev = 0.77733408E-01*
#   min/max. wt. =    0.00000            0.233334E-01           *
#                                                               *
#*************   chi**2/iteration =  3.340       ****************


#********** Integration by Vegas (iteration      12) ************
#                                                               *
#  integral  =  351.41102       accum. integral =  351.44671    *
#  std. dev. = 0.18241599       accum. std. dev = 0.71545756E-01*
#   min/max. wt. =    0.00000            0.150187E-01           *
#                                                               *
#*************   chi**2/iteration =  3.044       ****************


#********** Integration by Vegas (iteration      13) ************
#                                                               *
#  integral  =  351.18025       accum. integral =  351.41165    *
#  std. dev. = 0.18254157       accum. std. dev = 0.66638034E-01*
#   min/max. wt. =    0.00000            0.183910E-01           *
#                                                               *
#*************   chi**2/iteration =  2.946       ****************


#********** Integration by Vegas (iteration      14) ************
#                                                               *
#  integral  =  351.38823       accum. integral =  351.40886    *
#  std. dev. = 0.18002776       accum. std. dev = 0.62511995E-01*
#   min/max. wt. =    0.00000            0.100050E-01           *
#                                                               *
#*************   chi**2/iteration =  2.723       ****************


#********** Integration by Vegas (iteration      15) ************
#                                                               *
#  integral  =  351.31640       accum. integral =  351.39908    *
#  std. dev. = 0.18075456       accum. std. dev = 0.59092030E-01*
#   min/max. wt. =    0.00000            0.151892E-01           *
#                                                               *
#*************   chi**2/iteration =  2.547       ****************

 ****************************************************
 * Writing out vegas grid to ./data/output.grid                                                      
 ****************************************************

  Input parameters for vegas:  ndim=  9   ncall= 80707214.
                              it=    0    itmx=    2
                              acc=-1.00    
                              mds=  1     nd=  50
                              (xl,xu)= (  0.00000     ,  1.00000     )
                                       (  0.00000     ,  1.00000     )
                                       (  0.00000     ,  1.00000     )
                                       (  0.00000     ,  1.00000     )
                                       (  0.00000     ,  1.00000     )
                                       (  0.00000     ,  1.00000     )
                                       (  0.00000     ,  1.00000     )
                                       (  0.00000     ,  1.00000     )
                                       (  0.00000     ,  1.00000     )

#********** Integration by Vegas (iteration       1) ************
#                                                               *
#  integral  =  351.27393       accum. integral =  351.27393    *
#  std. dev. = 0.18163492       accum. std. dev = 0.18163492    *
#   min/max. wt. =    0.00000            0.145586E-01           *
#                                                               *
#*************   chi**2/iteration =  0.000       ****************


#********** Integration by Vegas (iteration       2) ************
#                                                               *
#  integral  =  351.32086       accum. integral =  351.29748    *
#  std. dev. = 0.18100800       accum. std. dev = 0.12821303    *
#   min/max. wt. =    0.00000            0.166811E-01           *
#                                                               *
#*************   chi**2/iteration = 0.3347E-01   ****************

 Done
