SLURM job running in:  /work-zfs/lhc/heshy/JHUGen/xsecs/JHUGen/JHUGenerator
LHAPDF 6.1.5 loading /work-zfs/lhc/cms/slc6_amd64_gcc493/external/lhapdf/6.1.5-kpegke3/share/LHAPDF/NNPDF30_lo_as_0130/NNPDF30_lo_as_0130_0000.dat
NNPDF30_lo_as_0130 PDF set, member #0, version 2; LHAPDF ID = 263000
 
                                                                                          
   ***************************************************************************************
   *                                JHU Generator v6.9.9                                 *
   ***************************************************************************************
   *                                                                                     *
   *   Spin and parity determination of single-produced resonances at hadron colliders   *
   *                                                                                     *
   *          I. Anderson, S. Bolognesi, F. Caola, Y. Gao, A. Gritsan, Z. Guo,           *
   *        C. Martin, K. Melnikov, R.Rontsch, H. Roskes, U. Sarica, M. Schulze,         *
   *                   N. Tran, A. Whitbeck, M. Xiao, C. You, Y. Zhou                    *
   *                Phys.Rev. D81 (2010) 075022;  arXiv:1001.3396 [hep-ph],              *
   *                Phys.Rev. D86 (2012) 095031;  arXiv:1208.4018 [hep-ph],              *
   *                Phys.Rev. D89 (2014) 035007;  arXiv:1309.4819 [hep-ph].              *
   *                                                                                     *
   ***************************************************************************************
                                                                                          
   
   Command line: ./JHUGen Unweighted=0 VegasNc0=99999999 VegasNc1=99999999 VegasNc2=99999999 LHAPDF=NNPDF30_lo_as_0130/NNPDF30_lo_as_0130.info MReso=615 Process=61 ghg2=0,0 ghg4=1,0 pTjetcut=25 etajetcut=4.7 pTlepcut=5 etalepcut=2.5
   
   Input Parameter:
    Collider: P-P, sqrt(s)=13000.00
    Resonance: spin=0, mass= 615.00 width=   0.00407
    Jet cuts:
            pT >=    25.00 GeV
         |eta| <=     4.70
        DeltaR >=     0.30
           mJJ >=     0.00 GeV
           m4l_min/max      -1.00     -1.00 GeV
    Random seed:   612255341
    To reproduce results using this seed, JHUGen should be compiled with the same compiler:
      GNU Fortran (GCC) 4.8.2
    
    WidthScheme:   2
    LHAPDF set NNPDF30_lo_as_0130/NNPDF30_lo_as_0130.info, member=  0
    Unweighted: F
    
    spin-0-VV couplings: 
      generate_as=F
      ghg2=  0.00000000E+00  0.00000000E+00i
      ghg3=  0.00000000E+00  0.00000000E+00i
      ghg4=  0.10000000E+01  0.00000000E+00i
      ghz1=  0.20000000E+01  0.00000000E+00i
      ghz2=  0.00000000E+00  0.00000000E+00i
      ghz3=  0.00000000E+00  0.00000000E+00i
      ghz4=  0.00000000E+00  0.00000000E+00i
      Lambda=  1000.0
    
    LHE output: ./data/output.lhe
    Histogram output: ./data/output.dat
    Log file: ./data/output.log
    
  Running

  Input parameters for vegas:  ndim=  9   ncall= 80707214.
                              it=    0    itmx=   15
                              acc=-1.00    
                              mds=  1     nd=  50
                              (xl,xu)= (  0.00000     ,  1.00000     )
                                       (  0.00000     ,  1.00000     )
                                       (  0.00000     ,  1.00000     )
                                       (  0.00000     ,  1.00000     )
                                       (  0.00000     ,  1.00000     )
                                       (  0.00000     ,  1.00000     )
                                       (  0.00000     ,  1.00000     )
                                       (  0.00000     ,  1.00000     )
                                       (  0.00000     ,  1.00000     )

#********** Integration by Vegas (iteration       1) ************
#                                                               *
#  integral  =  314.52337       accum. integral =  314.52337    *
#  std. dev. =  36.738690       accum. std. dev =  36.738690    *
#   min/max. wt. =    0.00000             28.7168               *
#                                                               *
#*************   chi**2/iteration =  0.000       ****************


#********** Integration by Vegas (iteration       2) ************
#                                                               *
#  integral  =  292.44820       accum. integral =  292.56514    *
#  std. dev. =  2.4928955       accum. std. dev =  2.5818271    *
#   min/max. wt. =    0.00000             1.22808               *
#                                                               *
#*************   chi**2/iteration = 0.3848       ****************


#********** Integration by Vegas (iteration       3) ************
#                                                               *
#  integral  =  305.45813       accum. integral =  297.02172    *
#  std. dev. =  3.5729898       accum. std. dev =  2.0925443    *
#   min/max. wt. =    0.00000             3.32525               *
#                                                               *
#*************   chi**2/iteration =  4.483       ****************


#********** Integration by Vegas (iteration       4) ************
#                                                               *
#  integral  =  302.77187       accum. integral =  301.83516    *
#  std. dev. = 0.91853314       accum. std. dev = 0.84353160    *
#   min/max. wt. =    0.00000            0.398315               *
#                                                               *
#*************   chi**2/iteration =  5.108       ****************


#********** Integration by Vegas (iteration       5) ************
#                                                               *
#  integral  =  301.56995       accum. integral =  301.59897    *
#  std. dev. = 0.29339107       accum. std. dev = 0.27859058    *
#   min/max. wt. =    0.00000            0.660626E-01           *
#                                                               *
#*************   chi**2/iteration =  3.865       ****************


#********** Integration by Vegas (iteration       6) ************
#                                                               *
#  integral  =  302.17025       accum. integral =  301.98286    *
#  std. dev. = 0.19382529       accum. std. dev = 0.15944376    *
#   min/max. wt. =    0.00000            0.149308E-01           *
#                                                               *
#*************   chi**2/iteration =  3.662       ****************


#********** Integration by Vegas (iteration       7) ************
#                                                               *
#  integral  =  302.35576       accum. integral =  302.14865    *
#  std. dev. = 0.17770108       accum. std. dev = 0.11877864    *
#   min/max. wt. =    0.00000            0.280801E-01           *
#                                                               *
#*************   chi**2/iteration =  3.460       ****************


#********** Integration by Vegas (iteration       8) ************
#                                                               *
#  integral  =  302.27578       accum. integral =  302.19188    *
#  std. dev. = 0.16501230       accum. std. dev = 0.96458181E-01*
#   min/max. wt. =    0.00000            0.166419E-01           *
#                                                               *
#*************   chi**2/iteration =  3.024       ****************


#********** Integration by Vegas (iteration       9) ************
#                                                               *
#  integral  =  302.35868       accum. integral =  302.23193    *
#  std. dev. = 0.17123092       accum. std. dev = 0.84064094E-01*
#   min/max. wt. =    0.00000            0.356720E-01           *
#                                                               *
#*************   chi**2/iteration =  2.737       ****************


#********** Integration by Vegas (iteration      10) ************
#                                                               *
#  integral  =  302.43907       accum. integral =  302.27596    *
#  std. dev. = 0.16155305       accum. std. dev = 0.74586003E-01*
#   min/max. wt. =    0.00000            0.856677E-02           *
#                                                               *
#*************   chi**2/iteration =  2.577       ****************


#********** Integration by Vegas (iteration      11) ************
#                                                               *
#  integral  =  302.35649       accum. integral =  302.29060    *
#  std. dev. = 0.15794730       accum. std. dev = 0.67454965E-01*
#   min/max. wt. =    0.00000            0.193457E-01           *
#                                                               *
#*************   chi**2/iteration =  2.341       ****************


#********** Integration by Vegas (iteration      12) ************
#                                                               *
#  integral  =  302.52192       accum. integral =  302.32661    *
#  std. dev. = 0.15692113       accum. std. dev = 0.61976427E-01*
#   min/max. wt. =    0.00000            0.120560E-01           *
#                                                               *
#*************   chi**2/iteration =  2.295       ****************


#********** Integration by Vegas (iteration      13) ************
#                                                               *
#  integral  =  302.28817       accum. integral =  302.32147    *
#  std. dev. = 0.15737255       accum. std. dev = 0.57671390E-01*
#   min/max. wt. =    0.00000            0.123304E-01           *
#                                                               *
#*************   chi**2/iteration =  2.109       ****************


#********** Integration by Vegas (iteration      14) ************
#                                                               *
#  integral  =  302.39088       accum. integral =  302.32948    *
#  std. dev. = 0.15949600       accum. std. dev = 0.54237801E-01*
#   min/max. wt. =    0.00000            0.284735E-01           *
#                                                               *
#*************   chi**2/iteration =  1.960       ****************


#********** Integration by Vegas (iteration      15) ************
#                                                               *
#  integral  =  302.39113       accum. integral =  302.33603    *
#  std. dev. = 0.15707322       accum. std. dev = 0.51269791E-01*
#   min/max. wt. =    0.00000            0.119142E-01           *
#                                                               *
#*************   chi**2/iteration =  1.830       ****************

 ****************************************************
 * Writing out vegas grid to ./data/output.grid                                                      
 ****************************************************

  Input parameters for vegas:  ndim=  9   ncall= 80707214.
                              it=    0    itmx=    2
                              acc=-1.00    
                              mds=  1     nd=  50
                              (xl,xu)= (  0.00000     ,  1.00000     )
                                       (  0.00000     ,  1.00000     )
                                       (  0.00000     ,  1.00000     )
                                       (  0.00000     ,  1.00000     )
                                       (  0.00000     ,  1.00000     )
                                       (  0.00000     ,  1.00000     )
                                       (  0.00000     ,  1.00000     )
                                       (  0.00000     ,  1.00000     )
                                       (  0.00000     ,  1.00000     )

#********** Integration by Vegas (iteration       1) ************
#                                                               *
#  integral  =  302.29702       accum. integral =  302.29702    *
#  std. dev. = 0.16976797       accum. std. dev = 0.16976797    *
#   min/max. wt. =    0.00000            0.541874E-01           *
#                                                               *
#*************   chi**2/iteration = 0.5049E-06   ****************


#********** Integration by Vegas (iteration       2) ************
#                                                               *
#  integral  =  302.05818       accum. integral =  302.17181    *
#  std. dev. = 0.16160601       accum. std. dev = 0.11705409    *
#   min/max. wt. =    0.00000            0.711518E-02           *
#                                                               *
#*************   chi**2/iteration =  1.037       ****************

 Done
