SLURM job running in:  /work-zfs/lhc/heshy/JHUGen/xsecs/JHUGen/JHUGenerator
LHAPDF 6.1.5 loading /work-zfs/lhc/cms/slc6_amd64_gcc493/external/lhapdf/6.1.5-kpegke3/share/LHAPDF/NNPDF30_lo_as_0130/NNPDF30_lo_as_0130_0000.dat
NNPDF30_lo_as_0130 PDF set, member #0, version 2; LHAPDF ID = 263000
 
                                                                                          
   ***************************************************************************************
   *                                JHU Generator v6.9.9                                 *
   ***************************************************************************************
   *                                                                                     *
   *   Spin and parity determination of single-produced resonances at hadron colliders   *
   *                                                                                     *
   *          I. Anderson, S. Bolognesi, F. Caola, Y. Gao, A. Gritsan, Z. Guo,           *
   *        C. Martin, K. Melnikov, R.Rontsch, H. Roskes, U. Sarica, M. Schulze,         *
   *                   N. Tran, A. Whitbeck, M. Xiao, C. You, Y. Zhou                    *
   *                Phys.Rev. D81 (2010) 075022;  arXiv:1001.3396 [hep-ph],              *
   *                Phys.Rev. D86 (2012) 095031;  arXiv:1208.4018 [hep-ph],              *
   *                Phys.Rev. D89 (2014) 035007;  arXiv:1309.4819 [hep-ph].              *
   *                                                                                     *
   ***************************************************************************************
                                                                                          
   
   Command line: ./JHUGen Unweighted=0 VegasNc0=99999999 VegasNc1=99999999 VegasNc2=99999999 LHAPDF=NNPDF30_lo_as_0130/NNPDF30_lo_as_0130.info MReso=660 Process=61 ghg2=0,0 ghg4=1,0 pTjetcut=25 etajetcut=4.7 pTlepcut=5 etalepcut=2.5
   
   Input Parameter:
    Collider: P-P, sqrt(s)=13000.00
    Resonance: spin=0, mass= 660.00 width=   0.00407
    Jet cuts:
            pT >=    25.00 GeV
         |eta| <=     4.70
        DeltaR >=     0.30
           mJJ >=     0.00 GeV
           m4l_min/max      -1.00     -1.00 GeV
    Random seed:   873324878
    To reproduce results using this seed, JHUGen should be compiled with the same compiler:
      GNU Fortran (GCC) 4.8.2
    
    WidthScheme:   2
    LHAPDF set NNPDF30_lo_as_0130/NNPDF30_lo_as_0130.info, member=  0
    Unweighted: F
    
    spin-0-VV couplings: 
      generate_as=F
      ghg2=  0.00000000E+00  0.00000000E+00i
      ghg3=  0.00000000E+00  0.00000000E+00i
      ghg4=  0.10000000E+01  0.00000000E+00i
      ghz1=  0.20000000E+01  0.00000000E+00i
      ghz2=  0.00000000E+00  0.00000000E+00i
      ghz3=  0.00000000E+00  0.00000000E+00i
      ghz4=  0.00000000E+00  0.00000000E+00i
      Lambda=  1000.0
    
    LHE output: ./data/output.lhe
    Histogram output: ./data/output.dat
    Log file: ./data/output.log
    
  Running

  Input parameters for vegas:  ndim=  9   ncall= 80707214.
                              it=    0    itmx=   15
                              acc=-1.00    
                              mds=  1     nd=  50
                              (xl,xu)= (  0.00000     ,  1.00000     )
                                       (  0.00000     ,  1.00000     )
                                       (  0.00000     ,  1.00000     )
                                       (  0.00000     ,  1.00000     )
                                       (  0.00000     ,  1.00000     )
                                       (  0.00000     ,  1.00000     )
                                       (  0.00000     ,  1.00000     )
                                       (  0.00000     ,  1.00000     )
                                       (  0.00000     ,  1.00000     )

#********** Integration by Vegas (iteration       1) ************
#                                                               *
#  integral  =  210.95503       accum. integral =  210.95503    *
#  std. dev. =  10.016747       accum. std. dev =  10.016747    *
#   min/max. wt. =    0.00000             3.78716               *
#                                                               *
#*************   chi**2/iteration = -.1450E-09   ****************


#********** Integration by Vegas (iteration       2) ************
#                                                               *
#  integral  =  253.36949       accum. integral =  245.57564    *
#  std. dev. =  5.7082113       accum. std. dev =  4.7451735    *
#   min/max. wt. =    0.00000             5.01299               *
#                                                               *
#*************   chi**2/iteration =  11.97       ****************


#********** Integration by Vegas (iteration       3) ************
#                                                               *
#  integral  =  251.33209       accum. integral =  250.97783    *
#  std. dev. =  1.3100250       accum. std. dev =  1.2085748    *
#   min/max. wt. =    0.00000            0.533650               *
#                                                               *
#*************   chi**2/iteration =  6.336       ****************


#********** Integration by Vegas (iteration       4) ************
#                                                               *
#  integral  =  250.56280       accum. integral =  250.60695    *
#  std. dev. = 0.43649157       accum. std. dev = 0.39885716    *
#   min/max. wt. =    0.00000            0.177056               *
#                                                               *
#*************   chi**2/iteration =  4.160       ****************


#********** Integration by Vegas (iteration       5) ************
#                                                               *
#  integral  =  250.47798       accum. integral =  250.50992    *
#  std. dev. = 0.23669591       accum. std. dev = 0.19988907    *
#   min/max. wt. =    0.00000            0.613274E-01           *
#                                                               *
#*************   chi**2/iteration =  3.097       ****************


#********** Integration by Vegas (iteration       6) ************
#                                                               *
#  integral  =  251.10950       accum. integral =  250.85667    *
#  std. dev. = 0.17574557       accum. std. dev = 0.13045107    *
#   min/max. wt. =    0.00000            0.597020E-01           *
#                                                               *
#*************   chi**2/iteration =  3.483       ****************


#********** Integration by Vegas (iteration       7) ************
#                                                               *
#  integral  =  250.66474       accum. integral =  250.77543    *
#  std. dev. = 0.15571541       accum. std. dev = 0.99388293E-01*
#   min/max. wt. =    0.00000            0.427627E-01           *
#                                                               *
#*************   chi**2/iteration =  3.036       ****************


#********** Integration by Vegas (iteration       8) ************
#                                                               *
#  integral  =  250.63521       accum. integral =  250.72731    *
#  std. dev. = 0.14015057       accum. std. dev = 0.80745243E-01*
#   min/max. wt. =    0.00000            0.875552E-02           *
#                                                               *
#*************   chi**2/iteration =  2.687       ****************


#********** Integration by Vegas (iteration       9) ************
#                                                               *
#  integral  =  250.81161       accum. integral =  250.75008    *
#  std. dev. = 0.13504527       accum. std. dev = 0.69117483E-01*
#   min/max. wt. =    0.00000            0.223567E-01           *
#                                                               *
#*************   chi**2/iteration =  2.378       ****************


#********** Integration by Vegas (iteration      10) ************
#                                                               *
#  integral  =  250.95790       accum. integral =  250.79540    *
#  std. dev. = 0.13298478       accum. std. dev = 0.61217246E-01*
#   min/max. wt. =    0.00000            0.942342E-02           *
#                                                               *
#*************   chi**2/iteration =  2.326       ****************


#********** Integration by Vegas (iteration      11) ************
#                                                               *
#  integral  =  250.64785       accum. integral =  250.76949    *
#  std. dev. = 0.13437585       accum. std. dev = 0.55648973E-01*
#   min/max. wt. =    0.00000            0.297691E-01           *
#                                                               *
#*************   chi**2/iteration =  2.190       ****************


#********** Integration by Vegas (iteration      12) ************
#                                                               *
#  integral  =  250.78600       accum. integral =  250.77200    *
#  std. dev. = 0.13286261       accum. std. dev = 0.51285941E-01*
#   min/max. wt. =    0.00000            0.105901E-01           *
#                                                               *
#*************   chi**2/iteration =  1.988       ****************


#********** Integration by Vegas (iteration      13) ************
#                                                               *
#  integral  =  250.87528       accum. integral =  250.78627    *
#  std. dev. = 0.12962441       accum. std. dev = 0.47655919E-01*
#   min/max. wt. =    0.00000            0.943998E-02           *
#                                                               *
#*************   chi**2/iteration =  1.865       ****************


#********** Integration by Vegas (iteration      14) ************
#                                                               *
#  integral  =  250.90345       accum. integral =  250.79980    *
#  std. dev. = 0.13333308       accum. std. dev = 0.44854869E-01*
#   min/max. wt. =    0.00000            0.251720E-01           *
#                                                               *
#*************   chi**2/iteration =  1.773       ****************


#********** Integration by Vegas (iteration      15) ************
#                                                               *
#  integral  =  250.86417       accum. integral =  250.80654    *
#  std. dev. = 0.13250840       accum. std. dev = 0.42471174E-01*
#   min/max. wt. =    0.00000            0.124402E-01           *
#                                                               *
#*************   chi**2/iteration =  1.659       ****************

 ****************************************************
 * Writing out vegas grid to ./data/output.grid                                                      
 ****************************************************

  Input parameters for vegas:  ndim=  9   ncall= 80707214.
                              it=    0    itmx=    2
                              acc=-1.00    
                              mds=  1     nd=  50
                              (xl,xu)= (  0.00000     ,  1.00000     )
                                       (  0.00000     ,  1.00000     )
                                       (  0.00000     ,  1.00000     )
                                       (  0.00000     ,  1.00000     )
                                       (  0.00000     ,  1.00000     )
                                       (  0.00000     ,  1.00000     )
                                       (  0.00000     ,  1.00000     )
                                       (  0.00000     ,  1.00000     )
                                       (  0.00000     ,  1.00000     )

#********** Integration by Vegas (iteration       1) ************
#                                                               *
#  integral  =  250.89649       accum. integral =  250.89649    *
#  std. dev. = 0.13283735       accum. std. dev = 0.13283735    *
#   min/max. wt. =    0.00000            0.140022E-01           *
#                                                               *
#*************   chi**2/iteration =  0.000       ****************


#********** Integration by Vegas (iteration       2) ************
#                                                               *
#  integral  =  250.68296       accum. integral =  250.79027    *
#  std. dev. = 0.13339902       accum. std. dev = 0.94127971E-01*
#   min/max. wt. =    0.00000            0.219310E-01           *
#                                                               *
#*************   chi**2/iteration =  1.285       ****************

 Done
