SLURM job running in:  /work-zfs/lhc/heshy/JHUGen/xsecs/JHUGen/JHUGenerator
LHAPDF 6.1.5 loading /work-zfs/lhc/cms/slc6_amd64_gcc493/external/lhapdf/6.1.5-kpegke3/share/LHAPDF/NNPDF30_lo_as_0130/NNPDF30_lo_as_0130_0000.dat
NNPDF30_lo_as_0130 PDF set, member #0, version 2; LHAPDF ID = 263000
 
                                                                                          
   ***************************************************************************************
   *                                JHU Generator v6.9.9                                 *
   ***************************************************************************************
   *                                                                                     *
   *   Spin and parity determination of single-produced resonances at hadron colliders   *
   *                                                                                     *
   *          I. Anderson, S. Bolognesi, F. Caola, Y. Gao, A. Gritsan, Z. Guo,           *
   *        C. Martin, K. Melnikov, R.Rontsch, H. Roskes, U. Sarica, M. Schulze,         *
   *                   N. Tran, A. Whitbeck, M. Xiao, C. You, Y. Zhou                    *
   *                Phys.Rev. D81 (2010) 075022;  arXiv:1001.3396 [hep-ph],              *
   *                Phys.Rev. D86 (2012) 095031;  arXiv:1208.4018 [hep-ph],              *
   *                Phys.Rev. D89 (2014) 035007;  arXiv:1309.4819 [hep-ph].              *
   *                                                                                     *
   ***************************************************************************************
                                                                                          
   
   Command line: ./JHUGen Unweighted=0 VegasNc0=99999999 VegasNc1=99999999 VegasNc2=99999999 LHAPDF=NNPDF30_lo_as_0130/NNPDF30_lo_as_0130.info MReso=860 Process=61 ghg2=0,0 ghg4=1,0 pTjetcut=25 etajetcut=4.7 pTlepcut=5 etalepcut=2.5
   
   Input Parameter:
    Collider: P-P, sqrt(s)=13000.00
    Resonance: spin=0, mass= 860.00 width=   0.00407
    Jet cuts:
            pT >=    25.00 GeV
         |eta| <=     4.70
        DeltaR >=     0.30
           mJJ >=     0.00 GeV
           m4l_min/max      -1.00     -1.00 GeV
    Random seed:   862262080
    To reproduce results using this seed, JHUGen should be compiled with the same compiler:
      GNU Fortran (GCC) 4.8.2
    
    WidthScheme:   2
    LHAPDF set NNPDF30_lo_as_0130/NNPDF30_lo_as_0130.info, member=  0
    Unweighted: F
    
    spin-0-VV couplings: 
      generate_as=F
      ghg2=  0.00000000E+00  0.00000000E+00i
      ghg3=  0.00000000E+00  0.00000000E+00i
      ghg4=  0.10000000E+01  0.00000000E+00i
      ghz1=  0.20000000E+01  0.00000000E+00i
      ghz2=  0.00000000E+00  0.00000000E+00i
      ghz3=  0.00000000E+00  0.00000000E+00i
      ghz4=  0.00000000E+00  0.00000000E+00i
      Lambda=  1000.0
    
    LHE output: ./data/output.lhe
    Histogram output: ./data/output.dat
    Log file: ./data/output.log
    
  Running

  Input parameters for vegas:  ndim=  9   ncall= 80707214.
                              it=    0    itmx=   15
                              acc=-1.00    
                              mds=  1     nd=  50
                              (xl,xu)= (  0.00000     ,  1.00000     )
                                       (  0.00000     ,  1.00000     )
                                       (  0.00000     ,  1.00000     )
                                       (  0.00000     ,  1.00000     )
                                       (  0.00000     ,  1.00000     )
                                       (  0.00000     ,  1.00000     )
                                       (  0.00000     ,  1.00000     )
                                       (  0.00000     ,  1.00000     )
                                       (  0.00000     ,  1.00000     )

#********** Integration by Vegas (iteration       1) ************
#                                                               *
#  integral  =  383.67531       accum. integral =  383.67531    *
#  std. dev. =  283.00664       accum. std. dev =  283.00664    *
#   min/max. wt. =    0.00000             282.901               *
#                                                               *
#*************   chi**2/iteration =  0.000       ****************


#********** Integration by Vegas (iteration       2) ************
#                                                               *
#  integral  =  121.04029       accum. integral =  123.77410    *
#  std. dev. =  9.1567836       accum. std. dev =  21.408795    *
#   min/max. wt. =    0.00000             5.42664               *
#                                                               *
#*************   chi**2/iteration =  1.549       ****************


#********** Integration by Vegas (iteration       3) ************
#                                                               *
#  integral  =  118.61147       accum. integral =  119.06071    *
#  std. dev. =  2.7557501       accum. std. dev =  5.3758725    *
#   min/max. wt. =    0.00000             2.55013               *
#                                                               *
#*************   chi**2/iteration =  1.106       ****************


#********** Integration by Vegas (iteration       4) ************
#                                                               *
#  integral  =  116.90255       accum. integral =  116.95549    *
#  std. dev. = 0.41154437       accum. std. dev = 0.75697219    *
#   min/max. wt. =    0.00000            0.105143               *
#                                                               *
#*************   chi**2/iteration = 0.9770       ****************


#********** Integration by Vegas (iteration       5) ************
#                                                               *
#  integral  =  118.69627       accum. integral =  117.56323    *
#  std. dev. = 0.56350691       accum. std. dev = 0.56616140    *
#   min/max. wt. =    0.00000            0.442648               *
#                                                               *
#*************   chi**2/iteration =  1.390       ****************


#********** Integration by Vegas (iteration       6) ************
#                                                               *
#  integral  =  117.93238       accum. integral =  117.76609    *
#  std. dev. = 0.29951629       accum. std. dev = 0.35853042    *
#   min/max. wt. =    0.00000            0.446746E-01           *
#                                                               *
#*************   chi**2/iteration =  1.301       ****************


#********** Integration by Vegas (iteration       7) ************
#                                                               *
#  integral  =  117.91872       accum. integral =  117.89781    *
#  std. dev. = 0.88449761E-01   accum. std. dev = 0.12671951    *
#   min/max. wt. =    0.00000            0.872477E-02           *
#                                                               *
#*************   chi**2/iteration =  1.218       ****************


#********** Integration by Vegas (iteration       8) ************
#                                                               *
#  integral  =  117.86186       accum. integral =  117.87684    *
#  std. dev. = 0.69440554E-01   accum. std. dev = 0.78795634E-01*
#   min/max. wt. =    0.00000            0.671623E-02           *
#                                                               *
#*************   chi**2/iteration =  1.133       ****************


#********** Integration by Vegas (iteration       9) ************
#                                                               *
#  integral  =  117.91690       accum. integral =  117.89290    *
#  std. dev. = 0.64864571E-01   accum. std. dev = 0.59111888E-01*
#   min/max. wt. =    0.00000            0.892308E-02           *
#                                                               *
#*************   chi**2/iteration =  1.069       ****************


#********** Integration by Vegas (iteration      10) ************
#                                                               *
#  integral  =  117.76871       accum. integral =  117.85593    *
#  std. dev. = 0.62993703E-01   accum. std. dev = 0.48235888E-01*
#   min/max. wt. =    0.00000            0.584458E-02           *
#                                                               *
#*************   chi**2/iteration =  1.156       ****************


#********** Integration by Vegas (iteration      11) ************
#                                                               *
#  integral  =  117.82043       accum. integral =  117.84783    *
#  std. dev. = 0.63249421E-01   accum. std. dev = 0.41419830E-01*
#   min/max. wt. =    0.00000            0.494906E-02           *
#                                                               *
#*************   chi**2/iteration =  1.102       ****************


#********** Integration by Vegas (iteration      12) ************
#                                                               *
#  integral  =  117.74420       accum. integral =  117.82832    *
#  std. dev. = 0.62685058E-01   accum. std. dev = 0.36581199E-01*
#   min/max. wt. =    0.00000            0.381587E-02           *
#                                                               *
#*************   chi**2/iteration =  1.154       ****************


#********** Integration by Vegas (iteration      13) ************
#                                                               *
#  integral  =  117.95863       accum. integral =  117.84849    *
#  std. dev. = 0.63669832E-01   accum. std. dev = 0.33049797E-01*
#   min/max. wt. =    0.00000            0.749340E-02           *
#                                                               *
#*************   chi**2/iteration =  1.265       ****************


#********** Integration by Vegas (iteration      14) ************
#                                                               *
#  integral  =  117.96595       accum. integral =  117.86317    *
#  std. dev. = 0.66300025E-01   accum. std. dev = 0.30442843E-01*
#   min/max. wt. =    0.00000            0.168397E-01           *
#                                                               *
#*************   chi**2/iteration =  1.330       ****************


#********** Integration by Vegas (iteration      15) ************
#                                                               *
#  integral  =  117.92288       accum. integral =  117.87009    *
#  std. dev. = 0.64713819E-01   accum. std. dev = 0.28233079E-01*
#   min/max. wt. =    0.00000            0.720046E-02           *
#                                                               *
#*************   chi**2/iteration =  1.302       ****************

 ****************************************************
 * Writing out vegas grid to ./data/output.grid                                                      
 ****************************************************

  Input parameters for vegas:  ndim=  9   ncall= 80707214.
                              it=    0    itmx=    2
                              acc=-1.00    
                              mds=  1     nd=  50
                              (xl,xu)= (  0.00000     ,  1.00000     )
                                       (  0.00000     ,  1.00000     )
                                       (  0.00000     ,  1.00000     )
                                       (  0.00000     ,  1.00000     )
                                       (  0.00000     ,  1.00000     )
                                       (  0.00000     ,  1.00000     )
                                       (  0.00000     ,  1.00000     )
                                       (  0.00000     ,  1.00000     )
                                       (  0.00000     ,  1.00000     )

#********** Integration by Vegas (iteration       1) ************
#                                                               *
#  integral  =  117.82997       accum. integral =  117.82997    *
#  std. dev. = 0.64080711E-01   accum. std. dev = 0.64080711E-01*
#   min/max. wt. =    0.00000            0.663693E-02           *
#                                                               *
#*************   chi**2/iteration =  0.000       ****************


#********** Integration by Vegas (iteration       2) ************
#                                                               *
#  integral  =  117.82704       accum. integral =  117.82850    *
#  std. dev. = 0.63706520E-01   accum. std. dev = 0.45179031E-01*
#   min/max. wt. =    0.00000            0.427656E-02           *
#                                                               *
#*************   chi**2/iteration = 0.1054E-02   ****************

 Done
