SLURM job running in:  /work-zfs/lhc/heshy/JHUGen/xsecs/JHUGen/JHUGenerator
LHAPDF 6.1.5 loading /work-zfs/lhc/cms/slc6_amd64_gcc493/external/lhapdf/6.1.5-kpegke3/share/LHAPDF/NNPDF30_lo_as_0130/NNPDF30_lo_as_0130_0000.dat
NNPDF30_lo_as_0130 PDF set, member #0, version 2; LHAPDF ID = 263000
 
                                                                                          
   ***************************************************************************************
   *                                JHU Generator v6.9.9                                 *
   ***************************************************************************************
   *                                                                                     *
   *   Spin and parity determination of single-produced resonances at hadron colliders   *
   *                                                                                     *
   *          I. Anderson, S. Bolognesi, F. Caola, Y. Gao, A. Gritsan, Z. Guo,           *
   *        C. Martin, K. Melnikov, R.Rontsch, H. Roskes, U. Sarica, M. Schulze,         *
   *                   N. Tran, A. Whitbeck, M. Xiao, C. You, Y. Zhou                    *
   *                Phys.Rev. D81 (2010) 075022;  arXiv:1001.3396 [hep-ph],              *
   *                Phys.Rev. D86 (2012) 095031;  arXiv:1208.4018 [hep-ph],              *
   *                Phys.Rev. D89 (2014) 035007;  arXiv:1309.4819 [hep-ph].              *
   *                                                                                     *
   ***************************************************************************************
                                                                                          
   
   Command line: ./JHUGen Unweighted=0 VegasNc0=99999999 VegasNc1=99999999 VegasNc2=99999999 LHAPDF=NNPDF30_lo_as_0130/NNPDF30_lo_as_0130.info MReso=930 Process=61 ghg2=0,0 ghg4=1,0 pTjetcut=25 etajetcut=4.7 pTlepcut=5 etalepcut=2.5
   
   Input Parameter:
    Collider: P-P, sqrt(s)=13000.00
    Resonance: spin=0, mass= 930.00 width=   0.00407
    Jet cuts:
            pT >=    25.00 GeV
         |eta| <=     4.70
        DeltaR >=     0.30
           mJJ >=     0.00 GeV
           m4l_min/max      -1.00     -1.00 GeV
    Random seed:   787230249
    To reproduce results using this seed, JHUGen should be compiled with the same compiler:
      GNU Fortran (GCC) 4.8.2
    
    WidthScheme:   2
    LHAPDF set NNPDF30_lo_as_0130/NNPDF30_lo_as_0130.info, member=  0
    Unweighted: F
    
    spin-0-VV couplings: 
      generate_as=F
      ghg2=  0.00000000E+00  0.00000000E+00i
      ghg3=  0.00000000E+00  0.00000000E+00i
      ghg4=  0.10000000E+01  0.00000000E+00i
      ghz1=  0.20000000E+01  0.00000000E+00i
      ghz2=  0.00000000E+00  0.00000000E+00i
      ghz3=  0.00000000E+00  0.00000000E+00i
      ghz4=  0.00000000E+00  0.00000000E+00i
      Lambda=  1000.0
    
    LHE output: ./data/output.lhe
    Histogram output: ./data/output.dat
    Log file: ./data/output.log
    
  Running

  Input parameters for vegas:  ndim=  9   ncall= 80707214.
                              it=    0    itmx=   15
                              acc=-1.00    
                              mds=  1     nd=  50
                              (xl,xu)= (  0.00000     ,  1.00000     )
                                       (  0.00000     ,  1.00000     )
                                       (  0.00000     ,  1.00000     )
                                       (  0.00000     ,  1.00000     )
                                       (  0.00000     ,  1.00000     )
                                       (  0.00000     ,  1.00000     )
                                       (  0.00000     ,  1.00000     )
                                       (  0.00000     ,  1.00000     )
                                       (  0.00000     ,  1.00000     )

#********** Integration by Vegas (iteration       1) ************
#                                                               *
#  integral  =  105.17679       accum. integral =  105.17679    *
#  std. dev. =  33.846740       accum. std. dev =  33.846740    *
#   min/max. wt. =    0.00000             33.6185               *
#                                                               *
#*************   chi**2/iteration =  0.000       ****************


#********** Integration by Vegas (iteration       2) ************
#                                                               *
#  integral  =  94.573362       accum. integral =  94.755102    *
#  std. dev. =  4.0190323       accum. std. dev =  4.2137301    *
#   min/max. wt. =    0.00000             2.57530               *
#                                                               *
#*************   chi**2/iteration = 0.1066       ****************


#********** Integration by Vegas (iteration       3) ************
#                                                               *
#  integral  =  92.589406       accum. integral =  92.848942    *
#  std. dev. =  1.4393909       accum. std. dev =  1.4235145    *
#   min/max. wt. =    0.00000             1.34413               *
#                                                               *
#*************   chi**2/iteration = 0.1780       ****************


#********** Integration by Vegas (iteration       4) ************
#                                                               *
#  integral  =  92.810882       accum. integral =  92.814910    *
#  std. dev. = 0.46567929       accum. std. dev = 0.45750812    *
#   min/max. wt. =    0.00000            0.253715               *
#                                                               *
#*************   chi**2/iteration = 0.1218       ****************


#********** Integration by Vegas (iteration       5) ************
#                                                               *
#  integral  =  92.502197       accum. integral =  92.525068    *
#  std. dev. = 0.12328411       accum. std. dev = 0.12273594    *
#   min/max. wt. =    0.00000            0.215944E-01           *
#                                                               *
#*************   chi**2/iteration = 0.2028       ****************


#********** Integration by Vegas (iteration       6) ************
#                                                               *
#  integral  =  92.642660       accum. integral =  92.581708    *
#  std. dev. = 0.12331168       accum. std. dev = 0.87906372E-01*
#   min/max. wt. =    0.00000            0.100140               *
#                                                               *
#*************   chi**2/iteration = 0.2533       ****************


#********** Integration by Vegas (iteration       7) ************
#                                                               *
#  integral  =  92.420189       accum. integral =  92.513472    *
#  std. dev. = 0.99822159E-01   accum. std. dev = 0.66533686E-01*
#   min/max. wt. =    0.00000            0.891029E-02           *
#                                                               *
#*************   chi**2/iteration = 0.4524       ****************


#********** Integration by Vegas (iteration       8) ************
#                                                               *
#  integral  =  92.506013       accum. integral =  92.509274    *
#  std. dev. = 0.57243176E-01   accum. std. dev = 0.43864612E-01*
#   min/max. wt. =    0.00000            0.755875E-02           *
#                                                               *
#*************   chi**2/iteration = 0.3911       ****************


#********** Integration by Vegas (iteration       9) ************
#                                                               *
#  integral  =  92.427679       accum. integral =  92.477219    *
#  std. dev. = 0.53339079E-01   accum. std. dev = 0.34096834E-01*
#   min/max. wt. =    0.00000            0.136200E-01           *
#                                                               *
#*************   chi**2/iteration = 0.5146       ****************


#********** Integration by Vegas (iteration      10) ************
#                                                               *
#  integral  =  92.544811       accum. integral =  92.497964    *
#  std. dev. = 0.50303313E-01   accum. std. dev = 0.28334799E-01*
#   min/max. wt. =    0.00000            0.241846E-02           *
#                                                               *
#*************   chi**2/iteration = 0.5936       ****************


#********** Integration by Vegas (iteration      11) ************
#                                                               *
#  integral  =  92.541443       accum. integral =  92.508540    *
#  std. dev. = 0.49151858E-01   accum. std. dev = 0.24612114E-01*
#   min/max. wt. =    0.00000            0.446189E-02           *
#                                                               *
#*************   chi**2/iteration = 0.5933       ****************


#********** Integration by Vegas (iteration      12) ************
#                                                               *
#  integral  =  92.509553       accum. integral =  92.508734    *
#  std. dev. = 0.49869238E-01   accum. std. dev = 0.22108645E-01*
#   min/max. wt. =    0.00000            0.813302E-02           *
#                                                               *
#*************   chi**2/iteration = 0.5407       ****************


#********** Integration by Vegas (iteration      13) ************
#                                                               *
#  integral  =  92.543681       accum. integral =  92.514289    *
#  std. dev. = 0.50157177E-01   accum. std. dev = 0.20254307E-01*
#   min/max. wt. =    0.00000            0.728954E-02           *
#                                                               *
#*************   chi**2/iteration = 0.5299       ****************


#********** Integration by Vegas (iteration      14) ************
#                                                               *
#  integral  =  92.470351       accum. integral =  92.508082    *
#  std. dev. = 0.49263701E-01   accum. std. dev = 0.18751278E-01*
#   min/max. wt. =    0.00000            0.267015E-02           *
#                                                               *
#*************   chi**2/iteration = 0.5413       ****************


#********** Integration by Vegas (iteration      15) ************
#                                                               *
#  integral  =  92.489096       accum. integral =  92.505853    *
#  std. dev. = 0.50775192E-01   accum. std. dev = 0.17601669E-01*
#   min/max. wt. =    0.00000            0.996817E-02           *
#                                                               *
#*************   chi**2/iteration = 0.5121       ****************

 ****************************************************
 * Writing out vegas grid to ./data/output.grid                                                      
 ****************************************************

  Input parameters for vegas:  ndim=  9   ncall= 80707214.
                              it=    0    itmx=    2
                              acc=-1.00    
                              mds=  1     nd=  50
                              (xl,xu)= (  0.00000     ,  1.00000     )
                                       (  0.00000     ,  1.00000     )
                                       (  0.00000     ,  1.00000     )
                                       (  0.00000     ,  1.00000     )
                                       (  0.00000     ,  1.00000     )
                                       (  0.00000     ,  1.00000     )
                                       (  0.00000     ,  1.00000     )
                                       (  0.00000     ,  1.00000     )
                                       (  0.00000     ,  1.00000     )

#********** Integration by Vegas (iteration       1) ************
#                                                               *
#  integral  =  92.562154       accum. integral =  92.562154    *
#  std. dev. = 0.49751725E-01   accum. std. dev = 0.49751725E-01*
#   min/max. wt. =    0.00000            0.344248E-02           *
#                                                               *
#*************   chi**2/iteration = -.1470E-05   ****************


#********** Integration by Vegas (iteration       2) ************
#                                                               *
#  integral  =  92.484186       accum. integral =  92.523474    *
#  std. dev. = 0.50099589E-01   accum. std. dev = 0.35302024E-01*
#   min/max. wt. =    0.00000            0.100029E-01           *
#                                                               *
#*************   chi**2/iteration =  1.218       ****************

 Done
