SLURM job running in:  /work-zfs/lhc/heshy/JHUGen/xsecs/JHUGen/JHUGenerator
LHAPDF 6.1.5 loading /work-zfs/lhc/cms/slc6_amd64_gcc493/external/lhapdf/6.1.5-kpegke3/share/LHAPDF/NNPDF30_lo_as_0130/NNPDF30_lo_as_0130_0000.dat
NNPDF30_lo_as_0130 PDF set, member #0, version 2; LHAPDF ID = 263000
 
                                                                                          
   ***************************************************************************************
   *                                JHU Generator v6.9.9                                 *
   ***************************************************************************************
   *                                                                                     *
   *   Spin and parity determination of single-produced resonances at hadron colliders   *
   *                                                                                     *
   *          I. Anderson, S. Bolognesi, F. Caola, Y. Gao, A. Gritsan, Z. Guo,           *
   *        C. Martin, K. Melnikov, R.Rontsch, H. Roskes, U. Sarica, M. Schulze,         *
   *                   N. Tran, A. Whitbeck, M. Xiao, C. You, Y. Zhou                    *
   *                Phys.Rev. D81 (2010) 075022;  arXiv:1001.3396 [hep-ph],              *
   *                Phys.Rev. D86 (2012) 095031;  arXiv:1208.4018 [hep-ph],              *
   *                Phys.Rev. D89 (2014) 035007;  arXiv:1309.4819 [hep-ph].              *
   *                                                                                     *
   ***************************************************************************************
                                                                                          
   
   Command line: ./JHUGen Unweighted=0 VegasNc0=99999999 VegasNc1=99999999 VegasNc2=99999999 LHAPDF=NNPDF30_lo_as_0130/NNPDF30_lo_as_0130.info MReso=935 Process=61 ghg2=0,0 ghg4=1,0 pTjetcut=25 etajetcut=4.7 pTlepcut=5 etalepcut=2.5
   
   Input Parameter:
    Collider: P-P, sqrt(s)=13000.00
    Resonance: spin=0, mass= 935.00 width=   0.00407
    Jet cuts:
            pT >=    25.00 GeV
         |eta| <=     4.70
        DeltaR >=     0.30
           mJJ >=     0.00 GeV
           m4l_min/max      -1.00     -1.00 GeV
    Random seed:   603135095
    To reproduce results using this seed, JHUGen should be compiled with the same compiler:
      GNU Fortran (GCC) 4.8.2
    
    WidthScheme:   2
    LHAPDF set NNPDF30_lo_as_0130/NNPDF30_lo_as_0130.info, member=  0
    Unweighted: F
    
    spin-0-VV couplings: 
      generate_as=F
      ghg2=  0.00000000E+00  0.00000000E+00i
      ghg3=  0.00000000E+00  0.00000000E+00i
      ghg4=  0.10000000E+01  0.00000000E+00i
      ghz1=  0.20000000E+01  0.00000000E+00i
      ghz2=  0.00000000E+00  0.00000000E+00i
      ghz3=  0.00000000E+00  0.00000000E+00i
      ghz4=  0.00000000E+00  0.00000000E+00i
      Lambda=  1000.0
    
    LHE output: ./data/output.lhe
    Histogram output: ./data/output.dat
    Log file: ./data/output.log
    
  Running

  Input parameters for vegas:  ndim=  9   ncall= 80707214.
                              it=    0    itmx=   15
                              acc=-1.00    
                              mds=  1     nd=  50
                              (xl,xu)= (  0.00000     ,  1.00000     )
                                       (  0.00000     ,  1.00000     )
                                       (  0.00000     ,  1.00000     )
                                       (  0.00000     ,  1.00000     )
                                       (  0.00000     ,  1.00000     )
                                       (  0.00000     ,  1.00000     )
                                       (  0.00000     ,  1.00000     )
                                       (  0.00000     ,  1.00000     )
                                       (  0.00000     ,  1.00000     )

#********** Integration by Vegas (iteration       1) ************
#                                                               *
#  integral  =  80.678939       accum. integral =  80.678939    *
#  std. dev. =  6.2597423       accum. std. dev =  6.2597423    *
#   min/max. wt. =    0.00000             3.64546               *
#                                                               *
#*************   chi**2/iteration = -.2321E-10   ****************


#********** Integration by Vegas (iteration       2) ************
#                                                               *
#  integral  =  88.198455       accum. integral =  87.921304    *
#  std. dev. =  1.3386760       accum. std. dev =  1.2590163    *
#   min/max. wt. =    0.00000            0.674332               *
#                                                               *
#*************   chi**2/iteration =  1.265       ****************


#********** Integration by Vegas (iteration       3) ************
#                                                               *
#  integral  =  90.606889       accum. integral =  90.311201    *
#  std. dev. = 0.47473183       accum. std. dev = 0.42802129    *
#   min/max. wt. =    0.00000            0.258163               *
#                                                               *
#*************   chi**2/iteration =  2.531       ****************


#********** Integration by Vegas (iteration       4) ************
#                                                               *
#  integral  =  90.680579       accum. integral =  90.639530    *
#  std. dev. = 0.15847785       accum. std. dev = 0.14439709    *
#   min/max. wt. =    0.00000            0.306540E-01           *
#                                                               *
#*************   chi**2/iteration =  1.863       ****************


#********** Integration by Vegas (iteration       5) ************
#                                                               *
#  integral  =  91.054016       accum. integral =  90.945212    *
#  std. dev. = 0.89507694E-01   accum. std. dev = 0.74567967E-01*
#   min/max. wt. =    0.00000            0.244594E-01           *
#                                                               *
#*************   chi**2/iteration =  2.870       ****************


#********** Integration by Vegas (iteration       6) ************
#                                                               *
#  integral  =  90.898766       accum. integral =  90.917557    *
#  std. dev. = 0.63254600E-01   accum. std. dev = 0.47662919E-01*
#   min/max. wt. =    0.00000            0.111896E-01           *
#                                                               *
#*************   chi**2/iteration =  2.320       ****************


#********** Integration by Vegas (iteration       7) ************
#                                                               *
#  integral  =  91.036376       accum. integral =  90.927638    *
#  std. dev. = 0.16054559       accum. std. dev = 0.45764759E-01*
#   min/max. wt. =    0.00000            0.151391               *
#                                                               *
#*************   chi**2/iteration =  2.006       ****************


#********** Integration by Vegas (iteration       8) ************
#                                                               *
#  integral  =  90.790893       accum. integral =  90.914359    *
#  std. dev. = 0.14221103       accum. std. dev = 0.43590559E-01*
#   min/max. wt. =    0.00000            0.116304E-01           *
#                                                               *
#*************   chi**2/iteration =  1.835       ****************


#********** Integration by Vegas (iteration       9) ************
#                                                               *
#  integral  =  90.946364       accum. integral =  90.925519    *
#  std. dev. = 0.60667968E-01   accum. std. dev = 0.35251286E-01*
#   min/max. wt. =    0.00000            0.106996E-01           *
#                                                               *
#*************   chi**2/iteration =  1.622       ****************


#********** Integration by Vegas (iteration      10) ************
#                                                               *
#  integral  =  91.037050       accum. integral =  90.962730    *
#  std. dev. = 0.50679939E-01   accum. std. dev = 0.28826101E-01*
#   min/max. wt. =    0.00000            0.350074E-02           *
#                                                               *
#*************   chi**2/iteration =  1.807       ****************


#********** Integration by Vegas (iteration      11) ************
#                                                               *
#  integral  =  90.851262       accum. integral =  90.932724    *
#  std. dev. = 0.48135262E-01   accum. std. dev = 0.24673054E-01*
#   min/max. wt. =    0.00000            0.310596E-02           *
#                                                               *
#*************   chi**2/iteration =  2.024       ****************


#********** Integration by Vegas (iteration      12) ************
#                                                               *
#  integral  =  90.978243       accum. integral =  90.941686    *
#  std. dev. = 0.50512830E-01   accum. std. dev = 0.22136644E-01*
#   min/max. wt. =    0.00000            0.106789E-01           *
#                                                               *
#*************   chi**2/iteration =  1.896       ****************


#********** Integration by Vegas (iteration      13) ************
#                                                               *
#  integral  =  91.017604       accum. integral =  90.954520    *
#  std. dev. = 0.49709677E-01   accum. std. dev = 0.20198990E-01*
#   min/max. wt. =    0.00000            0.703208E-02           *
#                                                               *
#*************   chi**2/iteration =  1.900       ****************


#********** Integration by Vegas (iteration      14) ************
#                                                               *
#  integral  =  90.998968       accum. integral =  90.961019    *
#  std. dev. = 0.49383367E-01   accum. std. dev = 0.18679804E-01*
#   min/max. wt. =    0.00000            0.356768E-02           *
#                                                               *
#*************   chi**2/iteration =  1.805       ****************


#********** Integration by Vegas (iteration      15) ************
#                                                               *
#  integral  =  90.945813       accum. integral =  90.959159    *
#  std. dev. = 0.50550589E-01   accum. std. dev = 0.17512145E-01*
#   min/max. wt. =    0.00000            0.119954E-01           *
#                                                               *
#*************   chi**2/iteration =  1.680       ****************

 ****************************************************
 * Writing out vegas grid to ./data/output.grid                                                      
 ****************************************************

  Input parameters for vegas:  ndim=  9   ncall= 80707214.
                              it=    0    itmx=    2
                              acc=-1.00    
                              mds=  1     nd=  50
                              (xl,xu)= (  0.00000     ,  1.00000     )
                                       (  0.00000     ,  1.00000     )
                                       (  0.00000     ,  1.00000     )
                                       (  0.00000     ,  1.00000     )
                                       (  0.00000     ,  1.00000     )
                                       (  0.00000     ,  1.00000     )
                                       (  0.00000     ,  1.00000     )
                                       (  0.00000     ,  1.00000     )
                                       (  0.00000     ,  1.00000     )

#********** Integration by Vegas (iteration       1) ************
#                                                               *
#  integral  =  90.944589       accum. integral =  90.944589    *
#  std. dev. = 0.48874110E-01   accum. std. dev = 0.48874110E-01*
#   min/max. wt. =    0.00000            0.323606E-02           *
#                                                               *
#*************   chi**2/iteration =  0.000       ****************


#********** Integration by Vegas (iteration       2) ************
#                                                               *
#  integral  =  90.997672       accum. integral =  90.971267    *
#  std. dev. = 0.48651717E-01   accum. std. dev = 0.34480272E-01*
#   min/max. wt. =    0.00000            0.311703E-02           *
#                                                               *
#*************   chi**2/iteration = 0.5919       ****************

 Done
