SLURM job running in:  /work-zfs/lhc/heshy/JHUGen/xsecs/JHUGen/JHUGenerator
LHAPDF 6.1.5 loading /work-zfs/lhc/cms/slc6_amd64_gcc493/external/lhapdf/6.1.5-kpegke3/share/LHAPDF/NNPDF30_lo_as_0130/NNPDF30_lo_as_0130_0000.dat
NNPDF30_lo_as_0130 PDF set, member #0, version 2; LHAPDF ID = 263000
 
                                                                                          
   ***************************************************************************************
   *                                JHU Generator v6.9.9                                 *
   ***************************************************************************************
   *                                                                                     *
   *   Spin and parity determination of single-produced resonances at hadron colliders   *
   *                                                                                     *
   *          I. Anderson, S. Bolognesi, F. Caola, Y. Gao, A. Gritsan, Z. Guo,           *
   *        C. Martin, K. Melnikov, R.Rontsch, H. Roskes, U. Sarica, M. Schulze,         *
   *                   N. Tran, A. Whitbeck, M. Xiao, C. You, Y. Zhou                    *
   *                Phys.Rev. D81 (2010) 075022;  arXiv:1001.3396 [hep-ph],              *
   *                Phys.Rev. D86 (2012) 095031;  arXiv:1208.4018 [hep-ph],              *
   *                Phys.Rev. D89 (2014) 035007;  arXiv:1309.4819 [hep-ph].              *
   *                                                                                     *
   ***************************************************************************************
                                                                                          
   
   Command line: ./JHUGen Unweighted=0 VegasNc0=99999999 VegasNc1=99999999 VegasNc2=99999999 LHAPDF=NNPDF30_lo_as_0130/NNPDF30_lo_as_0130.info MReso=96 Process=61 ghg2=0,0 ghg4=1,0 pTjetcut=25 etajetcut=4.7 pTlepcut=5 etalepcut=2.5
   
   Input Parameter:
    Collider: P-P, sqrt(s)=13000.00
    Resonance: spin=0, mass=  96.00 width=   0.00407
    Jet cuts:
            pT >=    25.00 GeV
         |eta| <=     4.70
        DeltaR >=     0.30
           mJJ >=     0.00 GeV
           m4l_min/max      -1.00     -1.00 GeV
    Random seed:   181702961
    To reproduce results using this seed, JHUGen should be compiled with the same compiler:
      GNU Fortran (GCC) 4.8.2
    
    WidthScheme:   2
    LHAPDF set NNPDF30_lo_as_0130/NNPDF30_lo_as_0130.info, member=  0
    Unweighted: F
    
    spin-0-VV couplings: 
      generate_as=F
      ghg2=  0.00000000E+00  0.00000000E+00i
      ghg3=  0.00000000E+00  0.00000000E+00i
      ghg4=  0.10000000E+01  0.00000000E+00i
      ghz1=  0.20000000E+01  0.00000000E+00i
      ghz2=  0.00000000E+00  0.00000000E+00i
      ghz3=  0.00000000E+00  0.00000000E+00i
      ghz4=  0.00000000E+00  0.00000000E+00i
      Lambda=  1000.0
    
    LHE output: ./data/output.lhe
    Histogram output: ./data/output.dat
    Log file: ./data/output.log
    
  Running

  Input parameters for vegas:  ndim=  9   ncall= 80707214.
                              it=    0    itmx=   15
                              acc=-1.00    
                              mds=  1     nd=  50
                              (xl,xu)= (  0.00000     ,  1.00000     )
                                       (  0.00000     ,  1.00000     )
                                       (  0.00000     ,  1.00000     )
                                       (  0.00000     ,  1.00000     )
                                       (  0.00000     ,  1.00000     )
                                       (  0.00000     ,  1.00000     )
                                       (  0.00000     ,  1.00000     )
                                       (  0.00000     ,  1.00000     )
                                       (  0.00000     ,  1.00000     )

#********** Integration by Vegas (iteration       1) ************
#                                                               *
#  integral  =  8771.2373       accum. integral =  8771.2373    *
#  std. dev. =  446.51637       accum. std. dev =  446.51637    *
#   min/max. wt. =    0.00000             299.302               *
#                                                               *
#*************   chi**2/iteration =  0.000       ****************


#********** Integration by Vegas (iteration       2) ************
#                                                               *
#  integral  =  9382.7032       accum. integral =  9373.3888    *
#  std. dev. =  59.405601       accum. std. dev =  57.062833    *
#   min/max. wt. =    0.00000             18.4446               *
#                                                               *
#*************   chi**2/iteration =  1.721       ****************


#********** Integration by Vegas (iteration       3) ************
#                                                               *
#  integral  =  9543.6449       accum. integral =  9498.8292    *
#  std. dev. =  35.840749       accum. std. dev =  29.780544    *
#   min/max. wt. =    0.00000             29.8866               *
#                                                               *
#*************   chi**2/iteration =  4.000       ****************


#********** Integration by Vegas (iteration       4) ************
#                                                               *
#  integral  =  9583.1366       accum. integral =  9551.1696    *
#  std. dev. =  24.141836       accum. std. dev =  18.511329    *
#   min/max. wt. =    0.00000             16.4250               *
#                                                               *
#*************   chi**2/iteration =  4.244       ****************


#********** Integration by Vegas (iteration       5) ************
#                                                               *
#  integral  =  9565.5727       accum. integral =  9562.9805    *
#  std. dev. =  8.8950701       accum. std. dev =  7.8938934    *
#   min/max. wt. =    0.00000             1.26307               *
#                                                               *
#*************   chi**2/iteration =  3.273       ****************


#********** Integration by Vegas (iteration       6) ************
#                                                               *
#  integral  =  9565.2590       accum. integral =  9564.5308    *
#  std. dev. =  5.5207945       accum. std. dev =  4.4781671    *
#   min/max. wt. =    0.00000            0.636700               *
#                                                               *
#*************   chi**2/iteration =  2.612       ****************


#********** Integration by Vegas (iteration       7) ************
#                                                               *
#  integral  =  9559.0415       accum. integral =  9562.0006    *
#  std. dev. =  4.9214771       accum. std. dev =  3.2956040    *
#   min/max. wt. =    0.00000            0.830553               *
#                                                               *
#*************   chi**2/iteration =  2.282       ****************


#********** Integration by Vegas (iteration       8) ************
#                                                               *
#  integral  =  9564.1533       accum. integral =  9562.6943    *
#  std. dev. =  4.8481562       accum. std. dev =  2.7180255    *
#   min/max. wt. =    0.00000            0.571208               *
#                                                               *
#*************   chi**2/iteration =  1.968       ****************


#********** Integration by Vegas (iteration       9) ************
#                                                               *
#  integral  =  9560.7013       accum. integral =  9562.1827    *
#  std. dev. =  4.6815737       accum. std. dev =  2.3465382    *
#   min/max. wt. =    0.00000            0.363674               *
#                                                               *
#*************   chi**2/iteration =  1.735       ****************


#********** Integration by Vegas (iteration      10) ************
#                                                               *
#  integral  =  9562.7425       accum. integral =  9562.2896    *
#  std. dev. =  4.8831957       accum. std. dev =  2.1129688    *
#   min/max. wt. =    0.00000             1.12310               *
#                                                               *
#*************   chi**2/iteration =  1.540       ****************


#********** Integration by Vegas (iteration      11) ************
#                                                               *
#  integral  =  9568.3268       accum. integral =  9563.3244    *
#  std. dev. =  4.6944404       accum. std. dev =  1.9252156    *
#   min/max. wt. =    0.00000            0.271716               *
#                                                               *
#*************   chi**2/iteration =  1.523       ****************


#********** Integration by Vegas (iteration      12) ************
#                                                               *
#  integral  =  9571.1202       accum. integral =  9564.4249    *
#  std. dev. =  4.7953304       accum. std. dev =  1.7856290    *
#   min/max. wt. =    0.00000             1.04757               *
#                                                               *
#*************   chi**2/iteration =  1.592       ****************


#********** Integration by Vegas (iteration      13) ************
#                                                               *
#  integral  =  9570.4938       accum. integral =  9565.2043    *
#  std. dev. =  4.6933244       accum. std. dev =  1.6681802    *
#   min/max. wt. =    0.00000            0.397539               *
#                                                               *
#*************   chi**2/iteration =  1.581       ****************


#********** Integration by Vegas (iteration      14) ************
#                                                               *
#  integral  =  9567.1228       accum. integral =  9565.4264    *
#  std. dev. =  4.6468917       accum. std. dev =  1.5695449    *
#   min/max. wt. =    0.00000            0.335001               *
#                                                               *
#*************   chi**2/iteration =  1.470       ****************


#********** Integration by Vegas (iteration      15) ************
#                                                               *
#  integral  =  9574.1950       accum. integral =  9566.3113    *
#  std. dev. =  4.7227253       accum. std. dev =  1.4890500    *
#   min/max. wt. =    0.00000            0.563294               *
#                                                               *
#*************   chi**2/iteration =  1.588       ****************

 ****************************************************
 * Writing out vegas grid to ./data/output.grid                                                      
 ****************************************************

  Input parameters for vegas:  ndim=  9   ncall= 80707214.
                              it=    0    itmx=    2
                              acc=-1.00    
                              mds=  1     nd=  50
                              (xl,xu)= (  0.00000     ,  1.00000     )
                                       (  0.00000     ,  1.00000     )
                                       (  0.00000     ,  1.00000     )
                                       (  0.00000     ,  1.00000     )
                                       (  0.00000     ,  1.00000     )
                                       (  0.00000     ,  1.00000     )
                                       (  0.00000     ,  1.00000     )
                                       (  0.00000     ,  1.00000     )
                                       (  0.00000     ,  1.00000     )

#********** Integration by Vegas (iteration       1) ************
#                                                               *
#  integral  =  9567.4934       accum. integral =  9567.4934    *
#  std. dev. =  4.7098777       accum. std. dev =  4.7098777    *
#   min/max. wt. =    0.00000            0.564470               *
#                                                               *
#*************   chi**2/iteration =  0.000       ****************


#********** Integration by Vegas (iteration       2) ************
#                                                               *
#  integral  =  9573.1706       accum. integral =  9569.7635    *
#  std. dev. =  5.7735590       accum. std. dev =  3.6497775    *
#   min/max. wt. =    0.00000             3.19707               *
#                                                               *
#*************   chi**2/iteration = 0.5800       ****************

 Done
