SLURM job running in:  /work-zfs/lhc/heshy/JHUGen/xsecs/JHUGen/JHUGenerator
LHAPDF 6.1.5 loading /work-zfs/lhc/cms/slc6_amd64_gcc493/external/lhapdf/6.1.5-kpegke3/share/LHAPDF/NNPDF30_lo_as_0130/NNPDF30_lo_as_0130_0000.dat
NNPDF30_lo_as_0130 PDF set, member #0, version 2; LHAPDF ID = 263000
 
                                                                                          
   ***************************************************************************************
   *                                JHU Generator v6.9.9                                 *
   ***************************************************************************************
   *                                                                                     *
   *   Spin and parity determination of single-produced resonances at hadron colliders   *
   *                                                                                     *
   *          I. Anderson, S. Bolognesi, F. Caola, Y. Gao, A. Gritsan, Z. Guo,           *
   *        C. Martin, K. Melnikov, R.Rontsch, H. Roskes, U. Sarica, M. Schulze,         *
   *                   N. Tran, A. Whitbeck, M. Xiao, C. You, Y. Zhou                    *
   *                Phys.Rev. D81 (2010) 075022;  arXiv:1001.3396 [hep-ph],              *
   *                Phys.Rev. D86 (2012) 095031;  arXiv:1208.4018 [hep-ph],              *
   *                Phys.Rev. D89 (2014) 035007;  arXiv:1309.4819 [hep-ph].              *
   *                                                                                     *
   ***************************************************************************************
                                                                                          
   
   Command line: ./JHUGen Unweighted=0 VegasNc0=99999999 VegasNc1=99999999 VegasNc2=99999999 LHAPDF=NNPDF30_lo_as_0130/NNPDF30_lo_as_0130.info MReso=995 Process=61 ghg2=0,0 ghg4=1,0 pTjetcut=25 etajetcut=4.7 pTlepcut=5 etalepcut=2.5
   
   Input Parameter:
    Collider: P-P, sqrt(s)=13000.00
    Resonance: spin=0, mass= 995.00 width=   0.00407
    Jet cuts:
            pT >=    25.00 GeV
         |eta| <=     4.70
        DeltaR >=     0.30
           mJJ >=     0.00 GeV
           m4l_min/max      -1.00     -1.00 GeV
    Random seed:   163998484
    To reproduce results using this seed, JHUGen should be compiled with the same compiler:
      GNU Fortran (GCC) 4.8.2
    
    WidthScheme:   2
    LHAPDF set NNPDF30_lo_as_0130/NNPDF30_lo_as_0130.info, member=  0
    Unweighted: F
    
    spin-0-VV couplings: 
      generate_as=F
      ghg2=  0.00000000E+00  0.00000000E+00i
      ghg3=  0.00000000E+00  0.00000000E+00i
      ghg4=  0.10000000E+01  0.00000000E+00i
      ghz1=  0.20000000E+01  0.00000000E+00i
      ghz2=  0.00000000E+00  0.00000000E+00i
      ghz3=  0.00000000E+00  0.00000000E+00i
      ghz4=  0.00000000E+00  0.00000000E+00i
      Lambda=  1000.0
    
    LHE output: ./data/output.lhe
    Histogram output: ./data/output.dat
    Log file: ./data/output.log
    
  Running

  Input parameters for vegas:  ndim=  9   ncall= 80707214.
                              it=    0    itmx=   15
                              acc=-1.00    
                              mds=  1     nd=  50
                              (xl,xu)= (  0.00000     ,  1.00000     )
                                       (  0.00000     ,  1.00000     )
                                       (  0.00000     ,  1.00000     )
                                       (  0.00000     ,  1.00000     )
                                       (  0.00000     ,  1.00000     )
                                       (  0.00000     ,  1.00000     )
                                       (  0.00000     ,  1.00000     )
                                       (  0.00000     ,  1.00000     )
                                       (  0.00000     ,  1.00000     )

#********** Integration by Vegas (iteration       1) ************
#                                                               *
#  integral  =  58.209087       accum. integral =  58.209087    *
#  std. dev. =  2.8084315       accum. std. dev =  2.8084315    *
#   min/max. wt. =    0.00000             1.13283               *
#                                                               *
#*************   chi**2/iteration =  0.000       ****************


#********** Integration by Vegas (iteration       2) ************
#                                                               *
#  integral  =  72.933345       accum. integral =  71.870263    *
#  std. dev. = 0.98160901       accum. std. dev = 0.85540786    *
#   min/max. wt. =    0.00000            0.306392               *
#                                                               *
#*************   chi**2/iteration =  19.83       ****************


#********** Integration by Vegas (iteration       3) ************
#                                                               *
#  integral  =  74.862437       accum. integral =  74.267652    *
#  std. dev. = 0.48340857       accum. std. dev = 0.39922257    *
#   min/max. wt. =    0.00000            0.266198               *
#                                                               *
#*************   chi**2/iteration =  13.52       ****************


#********** Integration by Vegas (iteration       4) ************
#                                                               *
#  integral  =  74.476413       accum. integral =  74.440009    *
#  std. dev. = 0.19783336       accum. std. dev = 0.17006574    *
#   min/max. wt. =    0.00000            0.121952               *
#                                                               *
#*************   chi**2/iteration =  8.737       ****************


#********** Integration by Vegas (iteration       5) ************
#                                                               *
#  integral  =  74.492638       accum. integral =  74.483396    *
#  std. dev. = 0.82984198E-01   accum. std. dev = 0.72101934E-01*
#   min/max. wt. =    0.00000            0.156227E-01           *
#                                                               *
#*************   chi**2/iteration =  6.422       ****************


#********** Integration by Vegas (iteration       6) ************
#                                                               *
#  integral  =  74.523531       accum. integral =  74.510992    *
#  std. dev. = 0.50810957E-01   accum. std. dev = 0.40612442E-01*
#   min/max. wt. =    0.00000            0.817796E-02           *
#                                                               *
#*************   chi**2/iteration =  5.101       ****************


#********** Integration by Vegas (iteration       7) ************
#                                                               *
#  integral  =  74.500870       accum. integral =  74.506597    *
#  std. dev. = 0.48077660E-01   accum. std. dev = 0.30712218E-01*
#   min/max. wt. =    0.00000            0.157813E-01           *
#                                                               *
#*************   chi**2/iteration =  4.210       ****************


#********** Integration by Vegas (iteration       8) ************
#                                                               *
#  integral  =  74.435823       accum. integral =  74.482827    *
#  std. dev. = 0.44512780E-01   accum. std. dev = 0.25126230E-01*
#   min/max. wt. =    0.00000            0.901648E-02           *
#                                                               *
#*************   chi**2/iteration =  3.834       ****************


#********** Integration by Vegas (iteration       9) ************
#                                                               *
#  integral  =  74.464607       accum. integral =  74.477604    *
#  std. dev. = 0.40704815E-01   accum. std. dev = 0.21285438E-01*
#   min/max. wt. =    0.00000            0.294373E-02           *
#                                                               *
#*************   chi**2/iteration =  3.353       ****************


#********** Integration by Vegas (iteration      10) ************
#                                                               *
#  integral  =  74.447249       accum. integral =  74.471275    *
#  std. dev. = 0.42458360E-01   accum. std. dev = 0.18982525E-01*
#   min/max. wt. =    0.00000            0.114831E-01           *
#                                                               *
#*************   chi**2/iteration =  3.013       ****************


#********** Integration by Vegas (iteration      11) ************
#                                                               *
#  integral  =  74.502853       accum. integral =  74.476991    *
#  std. dev. = 0.41266525E-01   accum. std. dev = 0.17213516E-01*
#   min/max. wt. =    0.00000            0.704541E-02           *
#                                                               *
#*************   chi**2/iteration =  2.751       ****************


#********** Integration by Vegas (iteration      12) ************
#                                                               *
#  integral  =  74.523587       accum. integral =  74.484353    *
#  std. dev. = 0.40544130E-01   accum. std. dev = 0.15822263E-01*
#   min/max. wt. =    0.00000            0.273245E-02           *
#                                                               *
#*************   chi**2/iteration =  2.597       ****************


#********** Integration by Vegas (iteration      13) ************
#                                                               *
#  integral  =  74.453743       accum. integral =  74.480080    *
#  std. dev. = 0.39972749E-01   accum. std. dev = 0.14696493E-01*
#   min/max. wt. =    0.00000            0.315017E-02           *
#                                                               *
#*************   chi**2/iteration =  2.418       ****************


#********** Integration by Vegas (iteration      14) ************
#                                                               *
#  integral  =  74.544044       accum. integral =  74.487718    *
#  std. dev. = 0.40604965E-01   accum. std. dev = 0.13808455E-01*
#   min/max. wt. =    0.00000            0.436775E-02           *
#                                                               *
#*************   chi**2/iteration =  2.400       ****************


#********** Integration by Vegas (iteration      15) ************
#                                                               *
#  integral  =  74.442891       accum. integral =  74.482746    *
#  std. dev. = 0.39671042E-01   accum. std. dev = 0.13033038E-01*
#   min/max. wt. =    0.00000            0.187953E-02           *
#                                                               *
#*************   chi**2/iteration =  2.307       ****************

 ****************************************************
 * Writing out vegas grid to ./data/output.grid                                                      
 ****************************************************

  Input parameters for vegas:  ndim=  9   ncall= 80707214.
                              it=    0    itmx=    2
                              acc=-1.00    
                              mds=  1     nd=  50
                              (xl,xu)= (  0.00000     ,  1.00000     )
                                       (  0.00000     ,  1.00000     )
                                       (  0.00000     ,  1.00000     )
                                       (  0.00000     ,  1.00000     )
                                       (  0.00000     ,  1.00000     )
                                       (  0.00000     ,  1.00000     )
                                       (  0.00000     ,  1.00000     )
                                       (  0.00000     ,  1.00000     )
                                       (  0.00000     ,  1.00000     )

#********** Integration by Vegas (iteration       1) ************
#                                                               *
#  integral  =  74.497250       accum. integral =  74.497250    *
#  std. dev. = 0.40201780E-01   accum. std. dev = 0.40201780E-01*
#   min/max. wt. =    0.00000            0.369017E-02           *
#                                                               *
#*************   chi**2/iteration =  0.000       ****************


#********** Integration by Vegas (iteration       2) ************
#                                                               *
#  integral  =  74.475396       accum. integral =  74.486381    *
#  std. dev. = 0.40403302E-01   accum. std. dev = 0.28497912E-01*
#   min/max. wt. =    0.00000            0.417433E-02           *
#                                                               *
#*************   chi**2/iteration = 0.1469       ****************

 Done
