SLURM job running in:  /work-zfs/lhc/heshy/JHUGen/xsecs/JHUGen/JHUGenerator
LHAPDF 6.1.5 loading /work-zfs/lhc/cms/slc6_amd64_gcc493/external/lhapdf/6.1.5-kpegke3/share/LHAPDF/NNPDF30_lo_as_0130/NNPDF30_lo_as_0130_0000.dat
NNPDF30_lo_as_0130 PDF set, member #0, version 2; LHAPDF ID = 263000
 
                                                                                          
   ***************************************************************************************
   *                                JHU Generator v6.9.9                                 *
   ***************************************************************************************
   *                                                                                     *
   *   Spin and parity determination of single-produced resonances at hadron colliders   *
   *                                                                                     *
   *          I. Anderson, S. Bolognesi, F. Caola, Y. Gao, A. Gritsan, Z. Guo,           *
   *        C. Martin, K. Melnikov, R.Rontsch, H. Roskes, U. Sarica, M. Schulze,         *
   *                   N. Tran, A. Whitbeck, M. Xiao, C. You, Y. Zhou                    *
   *                Phys.Rev. D81 (2010) 075022;  arXiv:1001.3396 [hep-ph],              *
   *                Phys.Rev. D86 (2012) 095031;  arXiv:1208.4018 [hep-ph],              *
   *                Phys.Rev. D89 (2014) 035007;  arXiv:1309.4819 [hep-ph].              *
   *                                                                                     *
   ***************************************************************************************
                                                                                          
   
   Command line: ./JHUGen Unweighted=0 VegasNc0=99999999 VegasNc1=99999999 VegasNc2=99999999 LHAPDF=NNPDF30_lo_as_0130/NNPDF30_lo_as_0130.info MReso=122 a1=1,0 b5=1,0 Process=2 PChannel=0 Interf=0
   
   Input Parameter:
    Collider: P-P, sqrt(s)=13000.00
    Resonance: spin=2, mass= 122.00 width=   0.00407
    DecayMode1: 0  DecayMode2: 0
    Z-boson: mass=91.188, width=2.4952
    Random seed:   579252830
    To reproduce results using this seed, JHUGen should be compiled with the same compiler:
      GNU Fortran (GCC) 4.8.2
    
    OffXVV: TTT
    WidthScheme:   2
    PChannel: 0
    LHAPDF set NNPDF30_lo_as_0130/NNPDF30_lo_as_0130.info, member=  0
    Unweighted: F
    Interference: F
    Intermediate off-shell photons: F
    
    spin-2-VV couplings: 
      generate_bis=T
      use_dynamic_MG=T
      a1 =  0.10000000E+01  0.00000000E+00i
      a2 =  0.00000000E+00  0.00000000E+00i
      a3 =  0.00000000E+00  0.00000000E+00i
      a4 =  0.00000000E+00  0.00000000E+00i
      a5 =  0.00000000E+00  0.00000000E+00i
      b1 =  0.00000000E+00  0.00000000E+00i
      b2 =  0.00000000E+00  0.00000000E+00i
      b3 =  0.00000000E+00  0.00000000E+00i
      b4 =  0.00000000E+00  0.00000000E+00i
      b5 =  0.10000000E+01  0.00000000E+00i
      b6 =  0.00000000E+00  0.00000000E+00i
      b7 =  0.00000000E+00  0.00000000E+00i
      b8 =  0.00000000E+00  0.00000000E+00i
      b9 =  0.00000000E+00  0.00000000E+00i
      b10=  0.00000000E+00  0.00000000E+00i
      Lambda=  1000.0
    
    LHE output: ./data/output.lhe
    Histogram output: ./data/output.dat
    Log file: ./data/output.log
    
  Running

  Input parameters for vegas:  ndim= 12   ncall= 83886080.
                              it=    0    itmx=    5
                              acc=-1.00    
                              mds=  1     nd=  50
                              (xl,xu)= (  0.00000     ,  1.00000     )
                                       (  0.00000     ,  1.00000     )
                                       (  0.00000     ,  1.00000     )
                                       (  0.00000     ,  1.00000     )
                                       (  0.00000     ,  1.00000     )
                                       (  0.00000     ,  1.00000     )
                                       (  0.00000     ,  1.00000     )
                                       (  0.00000     ,  1.00000     )
                                       (  0.00000     ,  1.00000     )
                                       (  0.00000     ,  1.00000     )
                                       (  0.00000     ,  1.00000     )
                                       (  0.00000     ,  1.00000     )

#********** Integration by Vegas (iteration       1) ************
#                                                               *
#  integral  =  150024.31       accum. integral =  150024.31    *
#  std. dev. =  1398.3267       accum. std. dev =  1398.3267    *
#   min/max. wt. =    0.00000             287.171               *
#                                                               *
#*************   chi**2/iteration =  0.000       ****************


#********** Integration by Vegas (iteration       2) ************
#                                                               *
#  integral  =  151130.82       accum. integral =  151125.92    *
#  std. dev. =  93.926411       accum. std. dev =  93.375852    *
#   min/max. wt. =    0.00000             1.47694               *
#                                                               *
#*************   chi**2/iteration = 0.6182       ****************


#********** Integration by Vegas (iteration       3) ************
#                                                               *
#  integral  =  151136.53       accum. integral =  151136.30    *
#  std. dev. =  13.808183       accum. std. dev =  13.627115    *
#   min/max. wt. =    0.00000            0.376889E-01           *
#                                                               *
#*************   chi**2/iteration = 0.3148       ****************


#********** Integration by Vegas (iteration       4) ************
#                                                               *
#  integral  =  151132.51       accum. integral =  151133.31    *
#  std. dev. =  7.0226936       accum. std. dev =  6.2342909    *
#   min/max. wt. =    0.00000            0.230599E-01           *
#                                                               *
#*************   chi**2/iteration = 0.2300       ****************


#********** Integration by Vegas (iteration       5) ************
#                                                               *
#  integral  =  151131.03       accum. integral =  151132.21    *
#  std. dev. =  6.5140908       accum. std. dev =  4.5017025    *
#   min/max. wt. =    0.00000            0.291719E-01           *
#                                                               *
#*************   chi**2/iteration = 0.1883       ****************

 ****************************************************
 * Writing out vegas grid to ./data/output.grid                                                      
 ****************************************************

  Input parameters for vegas:  ndim= 12   ncall= 83886080.
                              it=    0    itmx=    2
                              acc=-1.00    
                              mds=  1     nd=  50
                              (xl,xu)= (  0.00000     ,  1.00000     )
                                       (  0.00000     ,  1.00000     )
                                       (  0.00000     ,  1.00000     )
                                       (  0.00000     ,  1.00000     )
                                       (  0.00000     ,  1.00000     )
                                       (  0.00000     ,  1.00000     )
                                       (  0.00000     ,  1.00000     )
                                       (  0.00000     ,  1.00000     )
                                       (  0.00000     ,  1.00000     )
                                       (  0.00000     ,  1.00000     )
                                       (  0.00000     ,  1.00000     )
                                       (  0.00000     ,  1.00000     )

#********** Integration by Vegas (iteration       1) ************
#                                                               *
#  integral  =  151121.98       accum. integral =  151121.98    *
#  std. dev. =  6.4137385       accum. std. dev =  6.4137385    *
#   min/max. wt. =    0.00000            0.329848E-01           *
#                                                               *
#*************   chi**2/iteration =  0.000       ****************


#********** Integration by Vegas (iteration       2) ************
#                                                               *
#  integral  =  151130.12       accum. integral =  151126.05    *
#  std. dev. =  6.4138969       accum. std. dev =  4.5352540    *
#   min/max. wt. =    0.00000            0.282751E-01           *
#                                                               *
#*************   chi**2/iteration = 0.8050       ****************

 Done
