SLURM job running in:  /work-zfs/lhc/heshy/JHUGen/xsecs/JHUGen/JHUGenerator
LHAPDF 6.1.5 loading /work-zfs/lhc/cms/slc6_amd64_gcc493/external/lhapdf/6.1.5-kpegke3/share/LHAPDF/NNPDF30_lo_as_0130/NNPDF30_lo_as_0130_0000.dat
NNPDF30_lo_as_0130 PDF set, member #0, version 2; LHAPDF ID = 263000
 
                                                                                          
   ***************************************************************************************
   *                                JHU Generator v6.9.9                                 *
   ***************************************************************************************
   *                                                                                     *
   *   Spin and parity determination of single-produced resonances at hadron colliders   *
   *                                                                                     *
   *          I. Anderson, S. Bolognesi, F. Caola, Y. Gao, A. Gritsan, Z. Guo,           *
   *        C. Martin, K. Melnikov, R.Rontsch, H. Roskes, U. Sarica, M. Schulze,         *
   *                   N. Tran, A. Whitbeck, M. Xiao, C. You, Y. Zhou                    *
   *                Phys.Rev. D81 (2010) 075022;  arXiv:1001.3396 [hep-ph],              *
   *                Phys.Rev. D86 (2012) 095031;  arXiv:1208.4018 [hep-ph],              *
   *                Phys.Rev. D89 (2014) 035007;  arXiv:1309.4819 [hep-ph].              *
   *                                                                                     *
   ***************************************************************************************
                                                                                          
   
   Command line: ./JHUGen Unweighted=0 VegasNc0=99999999 VegasNc1=99999999 VegasNc2=99999999 LHAPDF=NNPDF30_lo_as_0130/NNPDF30_lo_as_0130.info MReso=370 a1=1,0 b5=1,0 Process=2 PChannel=0 Interf=0
   
   Input Parameter:
    Collider: P-P, sqrt(s)=13000.00
    Resonance: spin=2, mass= 370.00 width=   0.00407
    DecayMode1: 0  DecayMode2: 0
    Z-boson: mass=91.188, width=2.4952
    Random seed:    39931810
    To reproduce results using this seed, JHUGen should be compiled with the same compiler:
      GNU Fortran (GCC) 4.8.2
    
    OffXVV: TTT
    WidthScheme:   2
    PChannel: 0
    LHAPDF set NNPDF30_lo_as_0130/NNPDF30_lo_as_0130.info, member=  0
    Unweighted: F
    Interference: F
    Intermediate off-shell photons: F
    
    spin-2-VV couplings: 
      generate_bis=T
      use_dynamic_MG=T
      a1 =  0.10000000E+01  0.00000000E+00i
      a2 =  0.00000000E+00  0.00000000E+00i
      a3 =  0.00000000E+00  0.00000000E+00i
      a4 =  0.00000000E+00  0.00000000E+00i
      a5 =  0.00000000E+00  0.00000000E+00i
      b1 =  0.00000000E+00  0.00000000E+00i
      b2 =  0.00000000E+00  0.00000000E+00i
      b3 =  0.00000000E+00  0.00000000E+00i
      b4 =  0.00000000E+00  0.00000000E+00i
      b5 =  0.10000000E+01  0.00000000E+00i
      b6 =  0.00000000E+00  0.00000000E+00i
      b7 =  0.00000000E+00  0.00000000E+00i
      b8 =  0.00000000E+00  0.00000000E+00i
      b9 =  0.00000000E+00  0.00000000E+00i
      b10=  0.00000000E+00  0.00000000E+00i
      Lambda=  1000.0
    
    LHE output: ./data/output.lhe
    Histogram output: ./data/output.dat
    Log file: ./data/output.log
    
  Running

  Input parameters for vegas:  ndim= 12   ncall= 83886080.
                              it=    0    itmx=    5
                              acc=-1.00    
                              mds=  1     nd=  50
                              (xl,xu)= (  0.00000     ,  1.00000     )
                                       (  0.00000     ,  1.00000     )
                                       (  0.00000     ,  1.00000     )
                                       (  0.00000     ,  1.00000     )
                                       (  0.00000     ,  1.00000     )
                                       (  0.00000     ,  1.00000     )
                                       (  0.00000     ,  1.00000     )
                                       (  0.00000     ,  1.00000     )
                                       (  0.00000     ,  1.00000     )
                                       (  0.00000     ,  1.00000     )
                                       (  0.00000     ,  1.00000     )
                                       (  0.00000     ,  1.00000     )

#********** Integration by Vegas (iteration       1) ************
#                                                               *
#  integral  = 0.40764684E+09   accum. integral = 0.40764684E+09*
#  std. dev. =  162858.55       accum. std. dev =  162858.55    *
#   min/max. wt. =    0.00000             475.531               *
#                                                               *
#*************   chi**2/iteration = 0.2413E-05   ****************


#********** Integration by Vegas (iteration       2) ************
#                                                               *
#  integral  = 0.40772068E+09   accum. integral = 0.40771913E+09*
#  std. dev. =  23864.480       accum. std. dev =  23610.270    *
#   min/max. wt. =    0.00000             26.9396               *
#                                                               *
#*************   chi**2/iteration = 0.2010       ****************


#********** Integration by Vegas (iteration       3) ************
#                                                               *
#  integral  = 0.40773283E+09   accum. integral = 0.40772746E+09*
#  std. dev. =  18958.187       accum. std. dev =  14781.974    *
#   min/max. wt. =    0.00000             16.8440               *
#                                                               *
#*************   chi**2/iteration = 0.2029       ****************


#********** Integration by Vegas (iteration       4) ************
#                                                               *
#  integral  = 0.40772773E+09   accum. integral = 0.40772757E+09*
#  std. dev. =  17992.876       accum. std. dev =  11421.644    *
#   min/max. wt. =    0.00000             41.7867               *
#                                                               *
#*************   chi**2/iteration = 0.1353       ****************


#********** Integration by Vegas (iteration       5) ************
#                                                               *
#  integral  = 0.40774063E+09   accum. integral = 0.40773129E+09*
#  std. dev. =  18092.806       accum. std. dev =  9658.1046    *
#   min/max. wt. =    0.00000             49.5176               *
#                                                               *
#*************   chi**2/iteration = 0.1946       ****************

 ****************************************************
 * Writing out vegas grid to ./data/output.grid                                                      
 ****************************************************

  Input parameters for vegas:  ndim= 12   ncall= 83886080.
                              it=    0    itmx=    2
                              acc=-1.00    
                              mds=  1     nd=  50
                              (xl,xu)= (  0.00000     ,  1.00000     )
                                       (  0.00000     ,  1.00000     )
                                       (  0.00000     ,  1.00000     )
                                       (  0.00000     ,  1.00000     )
                                       (  0.00000     ,  1.00000     )
                                       (  0.00000     ,  1.00000     )
                                       (  0.00000     ,  1.00000     )
                                       (  0.00000     ,  1.00000     )
                                       (  0.00000     ,  1.00000     )
                                       (  0.00000     ,  1.00000     )
                                       (  0.00000     ,  1.00000     )
                                       (  0.00000     ,  1.00000     )

#********** Integration by Vegas (iteration       1) ************
#                                                               *
#  integral  = 0.40775803E+09   accum. integral = 0.40775803E+09*
#  std. dev. =  18159.763       accum. std. dev =  18159.763    *
#   min/max. wt. =    0.00000             54.5096               *
#                                                               *
#*************   chi**2/iteration =  0.000       ****************


#********** Integration by Vegas (iteration       2) ************
#                                                               *
#  integral  = 0.40775571E+09   accum. integral = 0.40775687E+09*
#  std. dev. =  18207.157       accum. std. dev =  12857.615    *
#   min/max. wt. =    0.00000             51.9662               *
#                                                               *
#*************   chi**2/iteration = 0.8103E-02   ****************

 Done
