SLURM job running in:  /work-zfs/lhc/heshy/JHUGen/xsecs/JHUGen/JHUGenerator
LHAPDF 6.1.5 loading /work-zfs/lhc/cms/slc6_amd64_gcc493/external/lhapdf/6.1.5-kpegke3/share/LHAPDF/NNPDF30_lo_as_0130/NNPDF30_lo_as_0130_0000.dat
NNPDF30_lo_as_0130 PDF set, member #0, version 2; LHAPDF ID = 263000
 
                                                                                          
   ***************************************************************************************
   *                                JHU Generator v6.9.9                                 *
   ***************************************************************************************
   *                                                                                     *
   *   Spin and parity determination of single-produced resonances at hadron colliders   *
   *                                                                                     *
   *          I. Anderson, S. Bolognesi, F. Caola, Y. Gao, A. Gritsan, Z. Guo,           *
   *        C. Martin, K. Melnikov, R.Rontsch, H. Roskes, U. Sarica, M. Schulze,         *
   *                   N. Tran, A. Whitbeck, M. Xiao, C. You, Y. Zhou                    *
   *                Phys.Rev. D81 (2010) 075022;  arXiv:1001.3396 [hep-ph],              *
   *                Phys.Rev. D86 (2012) 095031;  arXiv:1208.4018 [hep-ph],              *
   *                Phys.Rev. D89 (2014) 035007;  arXiv:1309.4819 [hep-ph].              *
   *                                                                                     *
   ***************************************************************************************
                                                                                          
   
   Command line: ./JHUGen Unweighted=0 VegasNc0=99999999 VegasNc1=99999999 VegasNc2=99999999 LHAPDF=NNPDF30_lo_as_0130/NNPDF30_lo_as_0130.info MReso=380 a1=1,0 b5=1,0 Process=2 PChannel=0 Interf=0
   
   Input Parameter:
    Collider: P-P, sqrt(s)=13000.00
    Resonance: spin=2, mass= 380.00 width=   0.00407
    DecayMode1: 0  DecayMode2: 0
    Z-boson: mass=91.188, width=2.4952
    Random seed:   226554248
    To reproduce results using this seed, JHUGen should be compiled with the same compiler:
      GNU Fortran (GCC) 4.8.2
    
    OffXVV: TTT
    WidthScheme:   2
    PChannel: 0
    LHAPDF set NNPDF30_lo_as_0130/NNPDF30_lo_as_0130.info, member=  0
    Unweighted: F
    Interference: F
    Intermediate off-shell photons: F
    
    spin-2-VV couplings: 
      generate_bis=T
      use_dynamic_MG=T
      a1 =  0.10000000E+01  0.00000000E+00i
      a2 =  0.00000000E+00  0.00000000E+00i
      a3 =  0.00000000E+00  0.00000000E+00i
      a4 =  0.00000000E+00  0.00000000E+00i
      a5 =  0.00000000E+00  0.00000000E+00i
      b1 =  0.00000000E+00  0.00000000E+00i
      b2 =  0.00000000E+00  0.00000000E+00i
      b3 =  0.00000000E+00  0.00000000E+00i
      b4 =  0.00000000E+00  0.00000000E+00i
      b5 =  0.10000000E+01  0.00000000E+00i
      b6 =  0.00000000E+00  0.00000000E+00i
      b7 =  0.00000000E+00  0.00000000E+00i
      b8 =  0.00000000E+00  0.00000000E+00i
      b9 =  0.00000000E+00  0.00000000E+00i
      b10=  0.00000000E+00  0.00000000E+00i
      Lambda=  1000.0
    
    LHE output: ./data/output.lhe
    Histogram output: ./data/output.dat
    Log file: ./data/output.log
    
  Running

  Input parameters for vegas:  ndim= 12   ncall= 83886080.
                              it=    0    itmx=    5
                              acc=-1.00    
                              mds=  1     nd=  50
                              (xl,xu)= (  0.00000     ,  1.00000     )
                                       (  0.00000     ,  1.00000     )
                                       (  0.00000     ,  1.00000     )
                                       (  0.00000     ,  1.00000     )
                                       (  0.00000     ,  1.00000     )
                                       (  0.00000     ,  1.00000     )
                                       (  0.00000     ,  1.00000     )
                                       (  0.00000     ,  1.00000     )
                                       (  0.00000     ,  1.00000     )
                                       (  0.00000     ,  1.00000     )
                                       (  0.00000     ,  1.00000     )
                                       (  0.00000     ,  1.00000     )

#********** Integration by Vegas (iteration       1) ************
#                                                               *
#  integral  = 0.40559501E+09   accum. integral = 0.40559501E+09*
#  std. dev. =  160737.22       accum. std. dev =  160737.22    *
#   min/max. wt. =    0.00000             450.591               *
#                                                               *
#*************   chi**2/iteration =  0.000       ****************


#********** Integration by Vegas (iteration       2) ************
#                                                               *
#  integral  = 0.40560427E+09   accum. integral = 0.40560407E+09*
#  std. dev. =  24024.227       accum. std. dev =  23760.042    *
#   min/max. wt. =    0.00000             26.7484               *
#                                                               *
#*************   chi**2/iteration = 0.3243E-02   ****************


#********** Integration by Vegas (iteration       3) ************
#                                                               *
#  integral  = 0.40559758E+09   accum. integral = 0.40560014E+09*
#  std. dev. =  19176.419       accum. std. dev =  14922.562    *
#   min/max. wt. =    0.00000             17.1469               *
#                                                               *
#*************   chi**2/iteration = 0.2421E-01   ****************


#********** Integration by Vegas (iteration       4) ************
#                                                               *
#  integral  = 0.40559447E+09   accum. integral = 0.40559786E+09*
#  std. dev. =  18210.060       accum. std. dev =  11542.166    *
#   min/max. wt. =    0.00000             38.8133               *
#                                                               *
#*************   chi**2/iteration = 0.3543E-01   ****************


#********** Integration by Vegas (iteration       5) ************
#                                                               *
#  integral  = 0.40559064E+09   accum. integral = 0.40559581E+09*
#  std. dev. =  18310.488       accum. std. dev =  9764.1655    *
#   min/max. wt. =    0.00000             52.3028               *
#                                                               *
#*************   chi**2/iteration = 0.5436E-01   ****************

 ****************************************************
 * Writing out vegas grid to ./data/output.grid                                                      
 ****************************************************

  Input parameters for vegas:  ndim= 12   ncall= 83886080.
                              it=    0    itmx=    2
                              acc=-1.00    
                              mds=  1     nd=  50
                              (xl,xu)= (  0.00000     ,  1.00000     )
                                       (  0.00000     ,  1.00000     )
                                       (  0.00000     ,  1.00000     )
                                       (  0.00000     ,  1.00000     )
                                       (  0.00000     ,  1.00000     )
                                       (  0.00000     ,  1.00000     )
                                       (  0.00000     ,  1.00000     )
                                       (  0.00000     ,  1.00000     )
                                       (  0.00000     ,  1.00000     )
                                       (  0.00000     ,  1.00000     )
                                       (  0.00000     ,  1.00000     )
                                       (  0.00000     ,  1.00000     )

#********** Integration by Vegas (iteration       1) ************
#                                                               *
#  integral  = 0.40561778E+09   accum. integral = 0.40561778E+09*
#  std. dev. =  18373.044       accum. std. dev =  18373.044    *
#   min/max. wt. =    0.00000             53.5446               *
#                                                               *
#*************   chi**2/iteration =  0.000       ****************


#********** Integration by Vegas (iteration       2) ************
#                                                               *
#  integral  = 0.40559082E+09   accum. integral = 0.40560434E+09*
#  std. dev. =  18420.474       accum. std. dev =  13008.439    *
#   min/max. wt. =    0.00000             51.1575               *
#                                                               *
#*************   chi**2/iteration =  1.073       ****************

 Done
