SLURM job running in:  /work-zfs/lhc/heshy/JHUGen/xsecs/JHUGen/JHUGenerator
LHAPDF 6.1.5 loading /work-zfs/lhc/cms/slc6_amd64_gcc493/external/lhapdf/6.1.5-kpegke3/share/LHAPDF/NNPDF30_lo_as_0130/NNPDF30_lo_as_0130_0000.dat
NNPDF30_lo_as_0130 PDF set, member #0, version 2; LHAPDF ID = 263000
 extending no. of histograms for vbf tests
 
  
  ***************************************************************************************
  *                                JHU Generator v7.0.2                                 *
  ***************************************************************************************
  *                                                                                     *
  *   Spin and parity determination of single-produced resonances at hadron colliders   *
  *                                                                                     *
  *          I. Anderson, S. Bolognesi, F. Caola, Y. Gao, A. Gritsan, Z. Guo,           *
  *        C. Martin, K. Melnikov, R. Rontsch, H. Roskes, U. Sarica, M. Schulze,        *
  *                   N. Tran, A. Whitbeck, M. Xiao, C. You, Y. Zhou                    *
  *              Phys.Rev. D81 (2010) 075022;  arXiv:1001.3396  [hep-ph],               *
  *              Phys.Rev. D86 (2012) 095031;  arXiv:1208.4018  [hep-ph],               *
  *              Phys.Rev. D89 (2014) 035007;  arXiv:1309.4819  [hep-ph],               *
  *              Phys.Rev. D94 (2016) 055023;  arXiv:1606.03107 [hep-ph].               *
  *                                                                                     *
  ***************************************************************************************
  
   
   Command line: ./JHUGen Unweighted=0 VegasNc0=99999999 VegasNc1=99999999 VegasNc2=99999999 LHAPDF=NNPDF30_lo_as_0130/NNPDF30_lo_as_0130.info MReso=102 Process=60 deltaRcut=0 ghz1=1,0 ghzgs2=0,0 pTjetcut=15
   
   Input Parameter:
    Collider: P-P, sqrt(s)=13000.00
    Resonance: spin=0, mass= 102.00 width=   0.00407
    Z-boson: mass=91.188, width=2.4952
    W-boson: mass=80.399, width=2.0850
    Jet cuts:
            pT >=    15.00 GeV
         |eta| <= Infinity
        DeltaR >=     0.00
           mJJ >=     0.00 GeV
    Random seed:   969035348
    To reproduce results using this seed, JHUGen should be compiled with the same compiler:
      GNU Fortran (GCC) 4.8.2
    
    WidthScheme:   2
    LHAPDF set NNPDF30_lo_as_0130/NNPDF30_lo_as_0130.info, member=  0
    Unweighted: F
    Intermediate off-shell photons: T
    
    spin-0-VV couplings: 
      generate_as=F
      ghg2=  0.10000000E+01  0.00000000E+00i
      ghz1=  0.10000000E+01  0.00000000E+00i
      Lambda=  1000.0
    
    LHE output: ./data/output.lhe
    Histogram output: ./data/output.dat
    Log file: ./data/output.log
    
  Running

  Input parameters for vegas:  ndim=  9   ncall= 99999999.
                              it=    0    itmx=   15
                              acc=-1.00    
                              mds=  0     nd=  50
                              (xl,xu)= (  0.00000     ,  1.00000     )
                                       (  0.00000     ,  1.00000     )
                                       (  0.00000     ,  1.00000     )
                                       (  0.00000     ,  1.00000     )
                                       (  0.00000     ,  1.00000     )
                                       (  0.00000     ,  1.00000     )
                                       (  0.00000     ,  1.00000     )
                                       (  0.00000     ,  1.00000     )
                                       (  0.00000     ,  1.00000     )

#********** Integration by Vegas (iteration       1) ************
#                                                               *
#  integral  =  745.12464       accum. integral =  745.12464    *
#  std. dev. =  42.798731       accum. std. dev =  42.798731    *
#   min/max. wt. =    0.00000             28.1440               *
#                                                               *
#*************   chi**2/iteration =  0.000       ****************


#********** Integration by Vegas (iteration       2) ************
#                                                               *
#  integral  =  955.03309       accum. integral =  889.84779    *
#  std. dev. =  36.815122       accum. std. dev =  27.416131    *
#   min/max. wt. =    0.00000             22.0669               *
#                                                               *
#*************   chi**2/iteration =  12.54       ****************


#********** Integration by Vegas (iteration       3) ************
#                                                               *
#  integral  =  986.84634       accum. integral =  981.02885    *
#  std. dev. =  7.9786053       accum. std. dev =  7.0710685    *
#   min/max. wt. =    0.00000             3.49412               *
#                                                               *
#*************   chi**2/iteration =  10.96       ****************


#********** Integration by Vegas (iteration       4) ************
#                                                               *
#  integral  =  1010.1233       accum. integral =  1007.4749    *
#  std. dev. =  2.5057233       accum. std. dev =  2.2000729    *
#   min/max. wt. =    0.00000            0.631022               *
#                                                               *
#*************   chi**2/iteration =  11.69       ****************


#********** Integration by Vegas (iteration       5) ************
#                                                               *
#  integral  =  1014.5029       accum. integral =  1013.1936    *
#  std. dev. =  1.1480273       accum. std. dev = 0.96740050    *
#   min/max. wt. =  -0.350431E-11        0.181978               *
#                                                               *
#*************   chi**2/iteration =  10.45       ****************


#********** Integration by Vegas (iteration       6) ************
#                                                               *
#  integral  =  1014.0150       accum. integral =  1013.7009    *
#  std. dev. = 0.81446980       accum. std. dev = 0.60539660    *
#   min/max. wt. =  -0.651300E-09        0.103657               *
#                                                               *
#*************   chi**2/iteration =  8.250       ****************


#********** Integration by Vegas (iteration       7) ************
#                                                               *
#  integral  =  1014.0823       accum. integral =  1013.8627    *
#  std. dev. = 0.74583625       accum. std. dev = 0.46325439    *
#   min/max. wt. =  -0.134692E-11        0.146389               *
#                                                               *
#*************   chi**2/iteration =  6.788       ****************


#********** Integration by Vegas (iteration       8) ************
#                                                               *
#  integral  =  1014.1504       accum. integral =  1013.9537    *
#  std. dev. = 0.71444715       accum. std. dev = 0.38546607    *
#   min/max. wt. =    0.00000            0.515890E-01           *
#                                                               *
#*************   chi**2/iteration =  5.764       ****************


#********** Integration by Vegas (iteration       9) ************
#                                                               *
#  integral  =  1014.4692       accum. integral =  1014.0840    *
#  std. dev. = 0.69068654       accum. std. dev = 0.33478177    *
#   min/max. wt. =    0.00000            0.579283E-01           *
#                                                               *
#*************   chi**2/iteration =  5.052       ****************


#********** Integration by Vegas (iteration      10) ************
#                                                               *
#  integral  =  1013.7196       accum. integral =  1014.0100    *
#  std. dev. = 0.68744560       accum. std. dev = 0.29996800    *
#   min/max. wt. =    0.00000            0.520776E-01           *
#                                                               *
#*************   chi**2/iteration =  4.484       ****************


#********** Integration by Vegas (iteration      11) ************
#                                                               *
#  integral  =  1014.3677       accum. integral =  1014.0697    *
#  std. dev. = 0.69297634       accum. std. dev = 0.27466205    *
#   min/max. wt. =  -0.493855E-08        0.609704E-01           *
#                                                               *
#*************   chi**2/iteration =  4.034       ****************


#********** Integration by Vegas (iteration      12) ************
#                                                               *
#  integral  =  1015.5958       accum. integral =  1014.2900    *
#  std. dev. = 0.68980068       accum. std. dev = 0.25474274    *
#   min/max. wt. =    0.00000            0.435558E-01           *
#                                                               *
#*************   chi**2/iteration =  4.051       ****************


#********** Integration by Vegas (iteration      13) ************
#                                                               *
#  integral  =  1015.0422       accum. integral =  1014.3849    *
#  std. dev. = 0.68940538       accum. std. dev = 0.23865720    *
#   min/max. wt. =    0.00000            0.336426E-01           *
#                                                               *
#*************   chi**2/iteration =  3.788       ****************


#********** Integration by Vegas (iteration      14) ************
#                                                               *
#  integral  =  1014.2352       accum. integral =  1014.3682    *
#  std. dev. = 0.69132616       accum. std. dev = 0.22539218    *
#   min/max. wt. =    0.00000            0.300248E-01           *
#                                                               *
#*************   chi**2/iteration =  3.488       ****************


#********** Integration by Vegas (iteration      15) ************
#                                                               *
#  integral  =  1015.2542       accum. integral =  1014.4542    *
#  std. dev. = 0.70408218       accum. std. dev = 0.21452276    *
#   min/max. wt. =    0.00000            0.562321E-01           *
#                                                               *
#*************   chi**2/iteration =  3.335       ****************

 ****************************************************
 * Writing out vegas grid to ./data/output.grid                                                      
 ****************************************************

  Input parameters for vegas:  ndim=  9   ncall= 99999999.
                              it=    0    itmx=    2
                              acc=-1.00    
                              mds=  0     nd=  50
                              (xl,xu)= (  0.00000     ,  1.00000     )
                                       (  0.00000     ,  1.00000     )
                                       (  0.00000     ,  1.00000     )
                                       (  0.00000     ,  1.00000     )
                                       (  0.00000     ,  1.00000     )
                                       (  0.00000     ,  1.00000     )
                                       (  0.00000     ,  1.00000     )
                                       (  0.00000     ,  1.00000     )
                                       (  0.00000     ,  1.00000     )

#********** Integration by Vegas (iteration       1) ************
#                                                               *
#  integral  =  1014.6061       accum. integral =  1014.6061    *
#  std. dev. = 0.70800075       accum. std. dev = 0.70800075    *
#   min/max. wt. =    0.00000            0.434126E-01           *
#                                                               *
#*************   chi**2/iteration =  0.000       ****************


#********** Integration by Vegas (iteration       2) ************
#                                                               *
#  integral  =  1013.9621       accum. integral =  1014.2891    *
#  std. dev. = 0.71859864       accum. std. dev = 0.50433492    *
#   min/max. wt. =  -0.118952E-09        0.376982E-01           *
#                                                               *
#*************   chi**2/iteration = 0.4072       ****************

 Done
