SLURM job running in:  /work-zfs/lhc/heshy/JHUGen/xsecs/JHUGen/JHUGenerator
LHAPDF 6.1.5 loading /work-zfs/lhc/cms/slc6_amd64_gcc493/external/lhapdf/6.1.5-kpegke3/share/LHAPDF/NNPDF30_lo_as_0130/NNPDF30_lo_as_0130_0000.dat
NNPDF30_lo_as_0130 PDF set, member #0, version 2; LHAPDF ID = 263000
 extending no. of histograms for vbf tests
 
  
  ***************************************************************************************
  *                                JHU Generator v7.0.2                                 *
  ***************************************************************************************
  *                                                                                     *
  *   Spin and parity determination of single-produced resonances at hadron colliders   *
  *                                                                                     *
  *          I. Anderson, S. Bolognesi, F. Caola, Y. Gao, A. Gritsan, Z. Guo,           *
  *        C. Martin, K. Melnikov, R. Rontsch, H. Roskes, U. Sarica, M. Schulze,        *
  *                   N. Tran, A. Whitbeck, M. Xiao, C. You, Y. Zhou                    *
  *              Phys.Rev. D81 (2010) 075022;  arXiv:1001.3396  [hep-ph],               *
  *              Phys.Rev. D86 (2012) 095031;  arXiv:1208.4018  [hep-ph],               *
  *              Phys.Rev. D89 (2014) 035007;  arXiv:1309.4819  [hep-ph],               *
  *              Phys.Rev. D94 (2016) 055023;  arXiv:1606.03107 [hep-ph].               *
  *                                                                                     *
  ***************************************************************************************
  
   
   Command line: ./JHUGen Unweighted=0 VegasNc0=99999999 VegasNc1=99999999 VegasNc2=99999999 LHAPDF=NNPDF30_lo_as_0130/NNPDF30_lo_as_0130.info MReso=1020 Process=60 deltaRcut=0 ghz1=1,0 ghzgs2=0,0 pTjetcut=15
   
   Input Parameter:
    Collider: P-P, sqrt(s)=13000.00
    Resonance: spin=0, mass=1020.00 width=   0.00407
    Z-boson: mass=91.188, width=2.4952
    W-boson: mass=80.399, width=2.0850
    Jet cuts:
            pT >=    15.00 GeV
         |eta| <= Infinity
        DeltaR >=     0.00
           mJJ >=     0.00 GeV
    Random seed:   681662896
    To reproduce results using this seed, JHUGen should be compiled with the same compiler:
      GNU Fortran (GCC) 4.8.2
    
    WidthScheme:   2
    LHAPDF set NNPDF30_lo_as_0130/NNPDF30_lo_as_0130.info, member=  0
    Unweighted: F
    Intermediate off-shell photons: T
    
    spin-0-VV couplings: 
      generate_as=F
      ghg2=  0.10000000E+01  0.00000000E+00i
      ghz1=  0.10000000E+01  0.00000000E+00i
      Lambda=  1000.0
    
    LHE output: ./data/output.lhe
    Histogram output: ./data/output.dat
    Log file: ./data/output.log
    
  Running

  Input parameters for vegas:  ndim=  9   ncall= 99999999.
                              it=    0    itmx=   15
                              acc=-1.00    
                              mds=  0     nd=  50
                              (xl,xu)= (  0.00000     ,  1.00000     )
                                       (  0.00000     ,  1.00000     )
                                       (  0.00000     ,  1.00000     )
                                       (  0.00000     ,  1.00000     )
                                       (  0.00000     ,  1.00000     )
                                       (  0.00000     ,  1.00000     )
                                       (  0.00000     ,  1.00000     )
                                       (  0.00000     ,  1.00000     )
                                       (  0.00000     ,  1.00000     )

#********** Integration by Vegas (iteration       1) ************
#                                                               *
#  integral  =  6.6018028       accum. integral =  6.6018028    *
#  std. dev. = 0.32675135       accum. std. dev = 0.32675135    *
#   min/max. wt. =    0.00000            0.255978               *
#                                                               *
#*************   chi**2/iteration =  0.000       ****************


#********** Integration by Vegas (iteration       2) ************
#                                                               *
#  integral  =  7.9191301       accum. integral =  6.8850525    *
#  std. dev. = 0.74890057       accum. std. dev = 0.31968988    *
#   min/max. wt. =    0.00000            0.688139               *
#                                                               *
#*************   chi**2/iteration =  2.863       ****************


#********** Integration by Vegas (iteration       3) ************
#                                                               *
#  integral  =  9.6022788       accum. integral =  8.2165879    *
#  std. dev. = 0.42955197       accum. std. dev = 0.25472682    *
#   min/max. wt. =    0.00000            0.195136               *
#                                                               *
#*************   chi**2/iteration =  15.36       ****************


#********** Integration by Vegas (iteration       4) ************
#                                                               *
#  integral  =  11.763621       accum. integral =  10.383837    *
#  std. dev. = 0.29393217       accum. std. dev = 0.17924101    *
#   min/max. wt. =    0.00000            0.254737               *
#                                                               *
#*************   chi**2/iteration =  39.06       ****************


#********** Integration by Vegas (iteration       5) ************
#                                                               *
#  integral  =  12.074754       accum. integral =  12.028147    *
#  std. dev. = 0.39704610E-01   accum. std. dev = 0.31859514E-01*
#   min/max. wt. =    0.00000            0.163887E-01           *
#                                                               *
#*************   chi**2/iteration =  44.43       ****************


#********** Integration by Vegas (iteration       6) ************
#                                                               *
#  integral  =  12.110749       accum. integral =  12.105177    *
#  std. dev. = 0.10562471E-01   accum. std. dev = 0.86257916E-02*
#   min/max. wt. =    0.00000            0.983549E-03           *
#                                                               *
#*************   chi**2/iteration =  33.87       ****************


#********** Integration by Vegas (iteration       7) ************
#                                                               *
#  integral  =  12.113835       accum. integral =  12.110918    *
#  std. dev. = 0.72718322E-02   accum. std. dev = 0.51471852E-02*
#   min/max. wt. =  -0.506563E-11        0.659749E-03           *
#                                                               *
#*************   chi**2/iteration =  26.81       ****************


#********** Integration by Vegas (iteration       8) ************
#                                                               *
#  integral  =  12.109881       accum. integral =  12.110453    *
#  std. dev. = 0.65653722E-02   accum. std. dev = 0.38990598E-02*
#   min/max. wt. =    0.00000            0.435215E-03           *
#                                                               *
#*************   chi**2/iteration =  22.09       ****************


#********** Integration by Vegas (iteration       9) ************
#                                                               *
#  integral  =  12.101346       accum. integral =  12.107467    *
#  std. dev. = 0.62901819E-02   accum. std. dev = 0.32440915E-02*
#   min/max. wt. =    0.00000            0.383520E-03           *
#                                                               *
#*************   chi**2/iteration =  18.98       ****************


#********** Integration by Vegas (iteration      10) ************
#                                                               *
#  integral  =  12.100364       accum. integral =  12.105661    *
#  std. dev. = 0.61678609E-02   accum. std. dev = 0.28338453E-02*
#   min/max. wt. =    0.00000            0.382692E-03           *
#                                                               *
#*************   chi**2/iteration =  16.62       ****************


#********** Integration by Vegas (iteration      11) ************
#                                                               *
#  integral  =  12.111448       accum. integral =  12.106830    *
#  std. dev. = 0.61873910E-02   accum. std. dev = 0.25551793E-02*
#   min/max. wt. =    0.00000            0.322533E-03           *
#                                                               *
#*************   chi**2/iteration =  14.77       ****************


#********** Integration by Vegas (iteration      12) ************
#                                                               *
#  integral  =  12.109494       accum. integral =  12.107273    *
#  std. dev. = 0.62258121E-02   accum. std. dev = 0.23509127E-02*
#   min/max. wt. =    0.00000            0.430706E-03           *
#                                                               *
#*************   chi**2/iteration =  13.24       ****************


#********** Integration by Vegas (iteration      13) ************
#                                                               *
#  integral  =  12.114120       accum. integral =  12.108248    *
#  std. dev. = 0.62304866E-02   accum. std. dev = 0.21909397E-02*
#   min/max. wt. =    0.00000            0.322402E-03           *
#                                                               *
#*************   chi**2/iteration =  12.08       ****************


#********** Integration by Vegas (iteration      14) ************
#                                                               *
#  integral  =  12.104629       accum. integral =  12.107806    *
#  std. dev. = 0.62934321E-02   accum. std. dev = 0.20635162E-02*
#   min/max. wt. =  -0.458057E-11        0.461779E-03           *
#                                                               *
#*************   chi**2/iteration =  11.06       ****************


#********** Integration by Vegas (iteration      15) ************
#                                                               *
#  integral  =  12.111230       accum. integral =  12.108171    *
#  std. dev. = 0.63769909E-02   accum. std. dev = 0.19594848E-02*
#   min/max. wt. =  -0.149342E-10        0.257888E-03           *
#                                                               *
#*************   chi**2/iteration =  10.20       ****************

 ****************************************************
 * Writing out vegas grid to ./data/output.grid                                                      
 ****************************************************

  Input parameters for vegas:  ndim=  9   ncall= 99999999.
                              it=    0    itmx=    2
                              acc=-1.00    
                              mds=  0     nd=  50
                              (xl,xu)= (  0.00000     ,  1.00000     )
                                       (  0.00000     ,  1.00000     )
                                       (  0.00000     ,  1.00000     )
                                       (  0.00000     ,  1.00000     )
                                       (  0.00000     ,  1.00000     )
                                       (  0.00000     ,  1.00000     )
                                       (  0.00000     ,  1.00000     )
                                       (  0.00000     ,  1.00000     )
                                       (  0.00000     ,  1.00000     )

#********** Integration by Vegas (iteration       1) ************
#                                                               *
#  integral  =  12.110773       accum. integral =  12.110773    *
#  std. dev. = 0.64238450E-02   accum. std. dev = 0.64238450E-02*
#   min/max. wt. =    0.00000            0.375579E-03           *
#                                                               *
#*************   chi**2/iteration = -.1377E-05   ****************


#********** Integration by Vegas (iteration       2) ************
#                                                               *
#  integral  =  12.101793       accum. integral =  12.106326    *
#  std. dev. = 0.64816909E-02   accum. std. dev = 0.45626433E-02*
#   min/max. wt. =  -0.271492E-14        0.300056E-03           *
#                                                               *
#*************   chi**2/iteration = 0.9674       ****************

 Done
