SLURM job running in:  /work-zfs/lhc/heshy/JHUGen/xsecs/JHUGen/JHUGenerator
LHAPDF 6.1.5 loading /work-zfs/lhc/cms/slc6_amd64_gcc493/external/lhapdf/6.1.5-kpegke3/share/LHAPDF/NNPDF30_lo_as_0130/NNPDF30_lo_as_0130_0000.dat
NNPDF30_lo_as_0130 PDF set, member #0, version 2; LHAPDF ID = 263000
 extending no. of histograms for vbf tests
 
  
  ***************************************************************************************
  *                                JHU Generator v7.0.2                                 *
  ***************************************************************************************
  *                                                                                     *
  *   Spin and parity determination of single-produced resonances at hadron colliders   *
  *                                                                                     *
  *          I. Anderson, S. Bolognesi, F. Caola, Y. Gao, A. Gritsan, Z. Guo,           *
  *        C. Martin, K. Melnikov, R. Rontsch, H. Roskes, U. Sarica, M. Schulze,        *
  *                   N. Tran, A. Whitbeck, M. Xiao, C. You, Y. Zhou                    *
  *              Phys.Rev. D81 (2010) 075022;  arXiv:1001.3396  [hep-ph],               *
  *              Phys.Rev. D86 (2012) 095031;  arXiv:1208.4018  [hep-ph],               *
  *              Phys.Rev. D89 (2014) 035007;  arXiv:1309.4819  [hep-ph],               *
  *              Phys.Rev. D94 (2016) 055023;  arXiv:1606.03107 [hep-ph].               *
  *                                                                                     *
  ***************************************************************************************
  
   
   Command line: ./JHUGen Unweighted=0 VegasNc0=99999999 VegasNc1=99999999 VegasNc2=99999999 LHAPDF=NNPDF30_lo_as_0130/NNPDF30_lo_as_0130.info MReso=128 Process=60 deltaRcut=0 ghz1=1,0 ghzgs2=0,0 pTjetcut=15
   
   Input Parameter:
    Collider: P-P, sqrt(s)=13000.00
    Resonance: spin=0, mass= 128.00 width=   0.00407
    Z-boson: mass=91.188, width=2.4952
    W-boson: mass=80.399, width=2.0850
    Jet cuts:
            pT >=    15.00 GeV
         |eta| <= Infinity
        DeltaR >=     0.00
           mJJ >=     0.00 GeV
    Random seed:   320051889
    To reproduce results using this seed, JHUGen should be compiled with the same compiler:
      GNU Fortran (GCC) 4.8.2
    
    WidthScheme:   2
    LHAPDF set NNPDF30_lo_as_0130/NNPDF30_lo_as_0130.info, member=  0
    Unweighted: F
    Intermediate off-shell photons: T
    
    spin-0-VV couplings: 
      generate_as=F
      ghg2=  0.10000000E+01  0.00000000E+00i
      ghz1=  0.10000000E+01  0.00000000E+00i
      Lambda=  1000.0
    
    LHE output: ./data/output.lhe
    Histogram output: ./data/output.dat
    Log file: ./data/output.log
    
  Running

  Input parameters for vegas:  ndim=  9   ncall= 99999999.
                              it=    0    itmx=   15
                              acc=-1.00    
                              mds=  0     nd=  50
                              (xl,xu)= (  0.00000     ,  1.00000     )
                                       (  0.00000     ,  1.00000     )
                                       (  0.00000     ,  1.00000     )
                                       (  0.00000     ,  1.00000     )
                                       (  0.00000     ,  1.00000     )
                                       (  0.00000     ,  1.00000     )
                                       (  0.00000     ,  1.00000     )
                                       (  0.00000     ,  1.00000     )
                                       (  0.00000     ,  1.00000     )

#********** Integration by Vegas (iteration       1) ************
#                                                               *
#  integral  =  534.47472       accum. integral =  534.47472    *
#  std. dev. =  21.364406       accum. std. dev =  21.364406    *
#   min/max. wt. =    0.00000             12.0290               *
#                                                               *
#*************   chi**2/iteration =  0.000       ****************


#********** Integration by Vegas (iteration       2) ************
#                                                               *
#  integral  =  752.69592       accum. integral =  658.42828    *
#  std. dev. =  26.238259       accum. std. dev =  17.149676    *
#   min/max. wt. =    0.00000             14.8784               *
#                                                               *
#*************   chi**2/iteration =  39.69       ****************


#********** Integration by Vegas (iteration       3) ************
#                                                               *
#  integral  =  785.51961       accum. integral =  775.50322    *
#  std. dev. =  6.0363862       accum. std. dev =  5.1615726    *
#   min/max. wt. =    0.00000             2.71338               *
#                                                               *
#*************   chi**2/iteration =  39.27       ****************


#********** Integration by Vegas (iteration       4) ************
#                                                               *
#  integral  =  813.62621       accum. integral =  807.49352    *
#  std. dev. =  2.6274562       accum. std. dev =  2.1592986    *
#   min/max. wt. =    0.00000             1.21145               *
#                                                               *
#*************   chi**2/iteration =  38.09       ****************


#********** Integration by Vegas (iteration       5) ************
#                                                               *
#  integral  =  813.44768       accum. integral =  812.32402    *
#  std. dev. =  1.1605852       accum. std. dev = 0.96045948    *
#   min/max. wt. =    0.00000            0.135902               *
#                                                               *
#*************   chi**2/iteration =  28.72       ****************


#********** Integration by Vegas (iteration       6) ************
#                                                               *
#  integral  =  814.02030       accum. integral =  813.37978    *
#  std. dev. = 0.81479750       accum. std. dev = 0.59928501    *
#   min/max. wt. =    0.00000            0.361286               *
#                                                               *
#*************   chi**2/iteration =  22.66       ****************


#********** Integration by Vegas (iteration       7) ************
#                                                               *
#  integral  =  812.74511       accum. integral =  813.09939    *
#  std. dev. = 0.72144020       accum. std. dev = 0.45242421    *
#   min/max. wt. =    0.00000            0.246377E-01           *
#                                                               *
#*************   chi**2/iteration =  18.58       ****************


#********** Integration by Vegas (iteration       8) ************
#                                                               *
#  integral  =  813.42093       accum. integral =  813.23051    *
#  std. dev. = 0.57837227       accum. std. dev = 0.35088548    *
#   min/max. wt. =    0.00000            0.428628E-01           *
#                                                               *
#*************   chi**2/iteration =  15.71       ****************


#********** Integration by Vegas (iteration       9) ************
#                                                               *
#  integral  =  813.39562       accum. integral =  813.28053    *
#  std. dev. = 0.56020942       accum. std. dev = 0.29470306    *
#   min/max. wt. =    0.00000            0.783530E-01           *
#                                                               *
#*************   chi**2/iteration =  13.59       ****************


#********** Integration by Vegas (iteration      10) ************
#                                                               *
#  integral  =  813.09947       accum. integral =  813.23695    *
#  std. dev. = 0.54747868       accum. std. dev = 0.25800419    *
#   min/max. wt. =    0.00000            0.342749E-01           *
#                                                               *
#*************   chi**2/iteration =  11.98       ****************


#********** Integration by Vegas (iteration      11) ************
#                                                               *
#  integral  =  813.14904       accum. integral =  813.21961    *
#  std. dev. = 0.54182622       accum. std. dev = 0.23203803    *
#   min/max. wt. =    0.00000            0.409730E-01           *
#                                                               *
#*************   chi**2/iteration =  10.70       ****************


#********** Integration by Vegas (iteration      12) ************
#                                                               *
#  integral  =  812.79315       accum. integral =  813.14939    *
#  std. dev. = 0.54181689       accum. std. dev = 0.21273555    *
#   min/max. wt. =  -0.146027E-10        0.299315E-01           *
#                                                               *
#*************   chi**2/iteration =  9.719       ****************


#********** Integration by Vegas (iteration      13) ************
#                                                               *
#  integral  =  813.36129       accum. integral =  813.17864    *
#  std. dev. = 0.54982206       accum. std. dev = 0.19803763    *
#   min/max. wt. =    0.00000            0.277803E-01           *
#                                                               *
#*************   chi**2/iteration =  8.873       ****************


#********** Integration by Vegas (iteration      14) ************
#                                                               *
#  integral  =  813.84931       accum. integral =  813.26002    *
#  std. dev. = 0.54997099       accum. std. dev = 0.18606458    *
#   min/max. wt. =    0.00000            0.297660E-01           *
#                                                               *
#*************   chi**2/iteration =  8.259       ****************


#********** Integration by Vegas (iteration      15) ************
#                                                               *
#  integral  =  813.94311       accum. integral =  813.33330    *
#  std. dev. = 0.55274096       accum. std. dev = 0.17615550    *
#   min/max. wt. =    0.00000            0.364371E-01           *
#                                                               *
#*************   chi**2/iteration =  7.741       ****************

 ****************************************************
 * Writing out vegas grid to ./data/output.grid                                                      
 ****************************************************

  Input parameters for vegas:  ndim=  9   ncall= 99999999.
                              it=    0    itmx=    2
                              acc=-1.00    
                              mds=  0     nd=  50
                              (xl,xu)= (  0.00000     ,  1.00000     )
                                       (  0.00000     ,  1.00000     )
                                       (  0.00000     ,  1.00000     )
                                       (  0.00000     ,  1.00000     )
                                       (  0.00000     ,  1.00000     )
                                       (  0.00000     ,  1.00000     )
                                       (  0.00000     ,  1.00000     )
                                       (  0.00000     ,  1.00000     )
                                       (  0.00000     ,  1.00000     )

#********** Integration by Vegas (iteration       1) ************
#                                                               *
#  integral  =  813.26207       accum. integral =  813.26207    *
#  std. dev. = 0.55708209       accum. std. dev = 0.55708209    *
#   min/max. wt. =    0.00000            0.317422E-01           *
#                                                               *
#*************   chi**2/iteration =  0.000       ****************


#********** Integration by Vegas (iteration       2) ************
#                                                               *
#  integral  =  814.34434       accum. integral =  813.80378    *
#  std. dev. = 0.55723688       accum. std. dev = 0.39397131    *
#   min/max. wt. =    0.00000            0.217427E-01           *
#                                                               *
#*************   chi**2/iteration =  1.885       ****************

 Done
