SLURM job running in:  /work-zfs/lhc/heshy/JHUGen/xsecs/JHUGen/JHUGenerator
LHAPDF 6.1.5 loading /work-zfs/lhc/cms/slc6_amd64_gcc493/external/lhapdf/6.1.5-kpegke3/share/LHAPDF/NNPDF30_lo_as_0130/NNPDF30_lo_as_0130_0000.dat
NNPDF30_lo_as_0130 PDF set, member #0, version 2; LHAPDF ID = 263000
 extending no. of histograms for vbf tests
 
  
  ***************************************************************************************
  *                                JHU Generator v7.0.2                                 *
  ***************************************************************************************
  *                                                                                     *
  *   Spin and parity determination of single-produced resonances at hadron colliders   *
  *                                                                                     *
  *          I. Anderson, S. Bolognesi, F. Caola, Y. Gao, A. Gritsan, Z. Guo,           *
  *        C. Martin, K. Melnikov, R. Rontsch, H. Roskes, U. Sarica, M. Schulze,        *
  *                   N. Tran, A. Whitbeck, M. Xiao, C. You, Y. Zhou                    *
  *              Phys.Rev. D81 (2010) 075022;  arXiv:1001.3396  [hep-ph],               *
  *              Phys.Rev. D86 (2012) 095031;  arXiv:1208.4018  [hep-ph],               *
  *              Phys.Rev. D89 (2014) 035007;  arXiv:1309.4819  [hep-ph],               *
  *              Phys.Rev. D94 (2016) 055023;  arXiv:1606.03107 [hep-ph].               *
  *                                                                                     *
  ***************************************************************************************
  
   
   Command line: ./JHUGen Unweighted=0 VegasNc0=99999999 VegasNc1=99999999 VegasNc2=99999999 LHAPDF=NNPDF30_lo_as_0130/NNPDF30_lo_as_0130.info MReso=1300 Process=60 deltaRcut=0 ghz1=1,0 ghzgs2=0,0 pTjetcut=15
   
   Input Parameter:
    Collider: P-P, sqrt(s)=13000.00
    Resonance: spin=0, mass=1300.00 width=   0.00407
    Z-boson: mass=91.188, width=2.4952
    W-boson: mass=80.399, width=2.0850
    Jet cuts:
            pT >=    15.00 GeV
         |eta| <= Infinity
        DeltaR >=     0.00
           mJJ >=     0.00 GeV
    Random seed:   647101474
    To reproduce results using this seed, JHUGen should be compiled with the same compiler:
      GNU Fortran (GCC) 4.8.2
    
    WidthScheme:   2
    LHAPDF set NNPDF30_lo_as_0130/NNPDF30_lo_as_0130.info, member=  0
    Unweighted: F
    Intermediate off-shell photons: T
    
    spin-0-VV couplings: 
      generate_as=F
      ghg2=  0.10000000E+01  0.00000000E+00i
      ghz1=  0.10000000E+01  0.00000000E+00i
      Lambda=  1000.0
    
    LHE output: ./data/output.lhe
    Histogram output: ./data/output.dat
    Log file: ./data/output.log
    
  Running

  Input parameters for vegas:  ndim=  9   ncall= 99999999.
                              it=    0    itmx=   15
                              acc=-1.00    
                              mds=  0     nd=  50
                              (xl,xu)= (  0.00000     ,  1.00000     )
                                       (  0.00000     ,  1.00000     )
                                       (  0.00000     ,  1.00000     )
                                       (  0.00000     ,  1.00000     )
                                       (  0.00000     ,  1.00000     )
                                       (  0.00000     ,  1.00000     )
                                       (  0.00000     ,  1.00000     )
                                       (  0.00000     ,  1.00000     )
                                       (  0.00000     ,  1.00000     )

#********** Integration by Vegas (iteration       1) ************
#                                                               *
#  integral  =  2.9144731       accum. integral =  2.9144731    *
#  std. dev. = 0.20953012       accum. std. dev = 0.20953012    *
#   min/max. wt. =    0.00000            0.175703               *
#                                                               *
#*************   chi**2/iteration =  0.000       ****************


#********** Integration by Vegas (iteration       2) ************
#                                                               *
#  integral  =  3.2279352       accum. integral =  3.0450673    *
#  std. dev. = 0.27461097       accum. std. dev = 0.16886360    *
#   min/max. wt. =    0.00000            0.246689               *
#                                                               *
#*************   chi**2/iteration = 0.8367       ****************


#********** Integration by Vegas (iteration       3) ************
#                                                               *
#  integral  =  4.3029984       accum. integral =  3.4315443    *
#  std. dev. = 0.35480865       accum. std. dev = 0.16143693    *
#   min/max. wt. =    0.00000            0.222027               *
#                                                               *
#*************   chi**2/iteration =  6.776       ****************


#********** Integration by Vegas (iteration       4) ************
#                                                               *
#  integral  =  5.2580931       accum. integral =  4.4415174    *
#  std. dev. = 0.21608669       accum. std. dev = 0.12326023    *
#   min/max. wt. =  -0.421658E-13        0.139976               *
#                                                               *
#*************   chi**2/iteration =  21.55       ****************


#********** Integration by Vegas (iteration       5) ************
#                                                               *
#  integral  =  5.1547919       accum. integral =  5.1371389    *
#  std. dev. = 0.25094136E-01   accum. std. dev = 0.20582493E-01*
#   min/max. wt. =  -0.228998E-13        0.935428E-02           *
#                                                               *
#*************   chi**2/iteration =  21.59       ****************


#********** Integration by Vegas (iteration       6) ************
#                                                               *
#  integral  =  5.1255354       accum. integral =  5.1259496    *
#  std. dev. = 0.47405244E-02   accum. std. dev = 0.40263691E-02*
#   min/max. wt. =  -0.239894E-13        0.738321E-03           *
#                                                               *
#*************   chi**2/iteration =  16.17       ****************


#********** Integration by Vegas (iteration       7) ************
#                                                               *
#  integral  =  5.1262366       accum. integral =  5.1261498    *
#  std. dev. = 0.30655151E-02   accum. std. dev = 0.22669012E-02*
#   min/max. wt. =    0.00000            0.261478E-03           *
#                                                               *
#*************   chi**2/iteration =  12.86       ****************


#********** Integration by Vegas (iteration       8) ************
#                                                               *
#  integral  =  5.1269352       accum. integral =  5.1265239    *
#  std. dev. = 0.26851327E-02   accum. std. dev = 0.16685604E-02*
#   min/max. wt. =    0.00000            0.946934E-04           *
#                                                               *
#*************   chi**2/iteration =  10.66       ****************


#********** Integration by Vegas (iteration       9) ************
#                                                               *
#  integral  =  5.1293366       accum. integral =  5.1274741    *
#  std. dev. = 0.25956626E-02   accum. std. dev = 0.13753610E-02*
#   min/max. wt. =    0.00000            0.998943E-04           *
#                                                               *
#*************   chi**2/iteration =  9.208       ****************


#********** Integration by Vegas (iteration      10) ************
#                                                               *
#  integral  =  5.1295610       accum. integral =  5.1280167    *
#  std. dev. = 0.25451511E-02   accum. std. dev = 0.11950791E-02*
#   min/max. wt. =  -0.456020E-14        0.137953E-03           *
#                                                               *
#*************   chi**2/iteration =  8.087       ****************


#********** Integration by Vegas (iteration      11) ************
#                                                               *
#  integral  =  5.1281141       accum. integral =  5.1280367    *
#  std. dev. = 0.25559002E-02   accum. std. dev = 0.10742565E-02*
#   min/max. wt. =  -0.866536E-17        0.133516E-03           *
#                                                               *
#*************   chi**2/iteration =  7.162       ****************


#********** Integration by Vegas (iteration      12) ************
#                                                               *
#  integral  =  5.1315179       accum. integral =  5.1286200    *
#  std. dev. = 0.25803843E-02   accum. std. dev = 0.98669898E-03*
#   min/max. wt. =    0.00000            0.286747E-03           *
#                                                               *
#*************   chi**2/iteration =  6.583       ****************


#********** Integration by Vegas (iteration      13) ************
#                                                               *
#  integral  =  5.1308809       accum. integral =  5.1289541    *
#  std. dev. = 0.25362324E-02   accum. std. dev = 0.91596915E-03*
#   min/max. wt. =    0.00000            0.973774E-04           *
#                                                               *
#*************   chi**2/iteration =  6.031       ****************


#********** Integration by Vegas (iteration      14) ************
#                                                               *
#  integral  =  5.1323508       accum. integral =  5.1293768    *
#  std. dev. = 0.25867329E-02   accum. std. dev = 0.86115830E-03*
#   min/max. wt. =    0.00000            0.123747E-03           *
#                                                               *
#*************   chi**2/iteration =  5.645       ****************


#********** Integration by Vegas (iteration      15) ************
#                                                               *
#  integral  =  5.1315171       accum. integral =  5.1296168    *
#  std. dev. = 0.25678606E-02   accum. std. dev = 0.81476525E-03*
#   min/max. wt. =    0.00000            0.164099E-03           *
#                                                               *
#*************   chi**2/iteration =  5.248       ****************

 ****************************************************
 * Writing out vegas grid to ./data/output.grid                                                      
 ****************************************************

  Input parameters for vegas:  ndim=  9   ncall= 99999999.
                              it=    0    itmx=    2
                              acc=-1.00    
                              mds=  0     nd=  50
                              (xl,xu)= (  0.00000     ,  1.00000     )
                                       (  0.00000     ,  1.00000     )
                                       (  0.00000     ,  1.00000     )
                                       (  0.00000     ,  1.00000     )
                                       (  0.00000     ,  1.00000     )
                                       (  0.00000     ,  1.00000     )
                                       (  0.00000     ,  1.00000     )
                                       (  0.00000     ,  1.00000     )
                                       (  0.00000     ,  1.00000     )

#********** Integration by Vegas (iteration       1) ************
#                                                               *
#  integral  =  5.1292982       accum. integral =  5.1292982    *
#  std. dev. = 0.25798230E-02   accum. std. dev = 0.25798230E-02*
#   min/max. wt. =    0.00000            0.100215E-03           *
#                                                               *
#*************   chi**2/iteration =  0.000       ****************


#********** Integration by Vegas (iteration       2) ************
#                                                               *
#  integral  =  5.1308621       accum. integral =  5.1300755    *
#  std. dev. = 0.25960247E-02   accum. std. dev = 0.18299133E-02*
#   min/max. wt. =    0.00000            0.149710E-03           *
#                                                               *
#*************   chi**2/iteration = 0.1824       ****************

 Done
