SLURM job running in:  /work-zfs/lhc/heshy/JHUGen/xsecs/JHUGen/JHUGenerator
LHAPDF 6.1.5 loading /work-zfs/lhc/cms/slc6_amd64_gcc493/external/lhapdf/6.1.5-kpegke3/share/LHAPDF/NNPDF30_lo_as_0130/NNPDF30_lo_as_0130_0000.dat
NNPDF30_lo_as_0130 PDF set, member #0, version 2; LHAPDF ID = 263000
 extending no. of histograms for vbf tests
 
  
  ***************************************************************************************
  *                                JHU Generator v7.0.2                                 *
  ***************************************************************************************
  *                                                                                     *
  *   Spin and parity determination of single-produced resonances at hadron colliders   *
  *                                                                                     *
  *          I. Anderson, S. Bolognesi, F. Caola, Y. Gao, A. Gritsan, Z. Guo,           *
  *        C. Martin, K. Melnikov, R. Rontsch, H. Roskes, U. Sarica, M. Schulze,        *
  *                   N. Tran, A. Whitbeck, M. Xiao, C. You, Y. Zhou                    *
  *              Phys.Rev. D81 (2010) 075022;  arXiv:1001.3396  [hep-ph],               *
  *              Phys.Rev. D86 (2012) 095031;  arXiv:1208.4018  [hep-ph],               *
  *              Phys.Rev. D89 (2014) 035007;  arXiv:1309.4819  [hep-ph],               *
  *              Phys.Rev. D94 (2016) 055023;  arXiv:1606.03107 [hep-ph].               *
  *                                                                                     *
  ***************************************************************************************
  
   
   Command line: ./JHUGen Unweighted=0 VegasNc0=99999999 VegasNc1=99999999 VegasNc2=99999999 LHAPDF=NNPDF30_lo_as_0130/NNPDF30_lo_as_0130.info MReso=132 Process=60 deltaRcut=0 ghz1=1,0 ghzgs2=0,0 pTjetcut=15
   
   Input Parameter:
    Collider: P-P, sqrt(s)=13000.00
    Resonance: spin=0, mass= 132.00 width=   0.00407
    Z-boson: mass=91.188, width=2.4952
    W-boson: mass=80.399, width=2.0850
    Jet cuts:
            pT >=    15.00 GeV
         |eta| <= Infinity
        DeltaR >=     0.00
           mJJ >=     0.00 GeV
    Random seed:   878951722
    To reproduce results using this seed, JHUGen should be compiled with the same compiler:
      GNU Fortran (GCC) 4.8.2
    
    WidthScheme:   2
    LHAPDF set NNPDF30_lo_as_0130/NNPDF30_lo_as_0130.info, member=  0
    Unweighted: F
    Intermediate off-shell photons: T
    
    spin-0-VV couplings: 
      generate_as=F
      ghg2=  0.10000000E+01  0.00000000E+00i
      ghz1=  0.10000000E+01  0.00000000E+00i
      Lambda=  1000.0
    
    LHE output: ./data/output.lhe
    Histogram output: ./data/output.dat
    Log file: ./data/output.log
    
  Running

  Input parameters for vegas:  ndim=  9   ncall= 99999999.
                              it=    0    itmx=   15
                              acc=-1.00    
                              mds=  0     nd=  50
                              (xl,xu)= (  0.00000     ,  1.00000     )
                                       (  0.00000     ,  1.00000     )
                                       (  0.00000     ,  1.00000     )
                                       (  0.00000     ,  1.00000     )
                                       (  0.00000     ,  1.00000     )
                                       (  0.00000     ,  1.00000     )
                                       (  0.00000     ,  1.00000     )
                                       (  0.00000     ,  1.00000     )
                                       (  0.00000     ,  1.00000     )

#********** Integration by Vegas (iteration       1) ************
#                                                               *
#  integral  =  510.20490       accum. integral =  510.20490    *
#  std. dev. =  26.602172       accum. std. dev =  26.602172    *
#   min/max. wt. =    0.00000             21.4318               *
#                                                               *
#*************   chi**2/iteration = 0.8225E-10   ****************


#********** Integration by Vegas (iteration       2) ************
#                                                               *
#  integral  =  699.84338       accum. integral =  607.86117    *
#  std. dev. =  35.414018       accum. std. dev =  22.238362    *
#   min/max. wt. =    0.00000             32.6999               *
#                                                               *
#*************   chi**2/iteration =  18.15       ****************


#********** Integration by Vegas (iteration       3) ************
#                                                               *
#  integral  =  785.43425       accum. integral =  764.71145    *
#  std. dev. =  10.366988       accum. std. dev =  8.3737494    *
#   min/max. wt. =    0.00000             4.42049               *
#                                                               *
#*************   chi**2/iteration =  30.64       ****************


#********** Integration by Vegas (iteration       4) ************
#                                                               *
#  integral  =  786.84100       accum. integral =  785.37970    *
#  std. dev. =  2.5953822       accum. std. dev =  2.2462195    *
#   min/max. wt. =    0.00000             1.40246               *
#                                                               *
#*************   chi**2/iteration =  20.74       ****************


#********** Integration by Vegas (iteration       5) ************
#                                                               *
#  integral  =  787.14109       accum. integral =  786.89305    *
#  std. dev. =  1.0158373       accum. std. dev = 0.86355738    *
#   min/max. wt. =    0.00000            0.173269               *
#                                                               *
#*************   chi**2/iteration =  14.95       ****************


#********** Integration by Vegas (iteration       6) ************
#                                                               *
#  integral  =  785.55569       accum. integral =  786.00083    *
#  std. dev. = 0.66374318       accum. std. dev = 0.50579804    *
#   min/max. wt. =    0.00000            0.834020E-01           *
#                                                               *
#*************   chi**2/iteration =  11.91       ****************


#********** Integration by Vegas (iteration       7) ************
#                                                               *
#  integral  =  786.90970       accum. integral =  786.42463    *
#  std. dev. = 0.58100838       accum. std. dev = 0.37352402    *
#   min/max. wt. =    0.00000            0.484526E-01           *
#                                                               *
#*************   chi**2/iteration =  9.962       ****************


#********** Integration by Vegas (iteration       8) ************
#                                                               *
#  integral  =  786.68484       accum. integral =  786.51471    *
#  std. dev. = 0.54510446       accum. std. dev = 0.30442998    *
#   min/max. wt. =    0.00000            0.278707E-01           *
#                                                               *
#*************   chi**2/iteration =  8.429       ****************


#********** Integration by Vegas (iteration       9) ************
#                                                               *
#  integral  =  786.90389       accum. integral =  786.61848    *
#  std. dev. = 0.53204108       accum. std. dev = 0.26229930    *
#   min/max. wt. =    0.00000            0.357802E-01           *
#                                                               *
#*************   chi**2/iteration =  7.339       ****************


#********** Integration by Vegas (iteration      10) ************
#                                                               *
#  integral  =  786.19313       accum. integral =  786.52773    *
#  std. dev. = 0.52705484       accum. std. dev = 0.23374478    *
#   min/max. wt. =    0.00000            0.396228E-01           *
#                                                               *
#*************   chi**2/iteration =  6.524       ****************


#********** Integration by Vegas (iteration      11) ************
#                                                               *
#  integral  =  786.58694       accum. integral =  786.53818    *
#  std. dev. = 0.52605540       accum. std. dev = 0.21293783    *
#   min/max. wt. =    0.00000            0.340384E-01           *
#                                                               *
#*************   chi**2/iteration =  5.828       ****************


#********** Integration by Vegas (iteration      12) ************
#                                                               *
#  integral  =  786.18294       accum. integral =  786.48499    *
#  std. dev. = 0.52644618       accum. std. dev = 0.19697411    *
#   min/max. wt. =    0.00000            0.273130E-01           *
#                                                               *
#*************   chi**2/iteration =  5.302       ****************


#********** Integration by Vegas (iteration      13) ************
#                                                               *
#  integral  =  786.51921       accum. integral =  786.48919    *
#  std. dev. = 0.54496355       accum. std. dev = 0.18499499    *
#   min/max. wt. =    0.00000            0.990480E-01           *
#                                                               *
#*************   chi**2/iteration =  4.834       ****************


#********** Integration by Vegas (iteration      14) ************
#                                                               *
#  integral  =  788.19237       accum. integral =  786.67816    *
#  std. dev. = 0.54148121       accum. std. dev = 0.17486112    *
#   min/max. wt. =    0.00000            0.182844E-01           *
#                                                               *
#*************   chi**2/iteration =  5.160       ****************


#********** Integration by Vegas (iteration      15) ************
#                                                               *
#  integral  =  786.41906       accum. integral =  786.65241    *
#  std. dev. = 0.54175971       accum. std. dev = 0.16627235    *
#   min/max. wt. =    0.00000            0.655091E-01           *
#                                                               *
#*************   chi**2/iteration =  4.789       ****************

 ****************************************************
 * Writing out vegas grid to ./data/output.grid                                                      
 ****************************************************

  Input parameters for vegas:  ndim=  9   ncall= 99999999.
                              it=    0    itmx=    2
                              acc=-1.00    
                              mds=  0     nd=  50
                              (xl,xu)= (  0.00000     ,  1.00000     )
                                       (  0.00000     ,  1.00000     )
                                       (  0.00000     ,  1.00000     )
                                       (  0.00000     ,  1.00000     )
                                       (  0.00000     ,  1.00000     )
                                       (  0.00000     ,  1.00000     )
                                       (  0.00000     ,  1.00000     )
                                       (  0.00000     ,  1.00000     )
                                       (  0.00000     ,  1.00000     )

#********** Integration by Vegas (iteration       1) ************
#                                                               *
#  integral  =  787.31605       accum. integral =  787.31605    *
#  std. dev. = 0.53855893       accum. std. dev = 0.53855893    *
#   min/max. wt. =    0.00000            0.285539E-01           *
#                                                               *
#*************   chi**2/iteration =  0.000       ****************


#********** Integration by Vegas (iteration       2) ************
#                                                               *
#  integral  =  787.12196       accum. integral =  787.21955    *
#  std. dev. = 0.54142520       accum. std. dev = 0.38182776    *
#   min/max. wt. =  -0.510770E-08        0.302829E-01           *
#                                                               *
#*************   chi**2/iteration = 0.6453E-01   ****************

 Done
