SLURM job running in:  /work-zfs/lhc/heshy/JHUGen/xsecs/JHUGen/JHUGenerator
LHAPDF 6.1.5 loading /work-zfs/lhc/cms/slc6_amd64_gcc493/external/lhapdf/6.1.5-kpegke3/share/LHAPDF/NNPDF30_lo_as_0130/NNPDF30_lo_as_0130_0000.dat
NNPDF30_lo_as_0130 PDF set, member #0, version 2; LHAPDF ID = 263000
 extending no. of histograms for vbf tests
 
  
  ***************************************************************************************
  *                                JHU Generator v7.0.2                                 *
  ***************************************************************************************
  *                                                                                     *
  *   Spin and parity determination of single-produced resonances at hadron colliders   *
  *                                                                                     *
  *          I. Anderson, S. Bolognesi, F. Caola, Y. Gao, A. Gritsan, Z. Guo,           *
  *        C. Martin, K. Melnikov, R. Rontsch, H. Roskes, U. Sarica, M. Schulze,        *
  *                   N. Tran, A. Whitbeck, M. Xiao, C. You, Y. Zhou                    *
  *              Phys.Rev. D81 (2010) 075022;  arXiv:1001.3396  [hep-ph],               *
  *              Phys.Rev. D86 (2012) 095031;  arXiv:1208.4018  [hep-ph],               *
  *              Phys.Rev. D89 (2014) 035007;  arXiv:1309.4819  [hep-ph],               *
  *              Phys.Rev. D94 (2016) 055023;  arXiv:1606.03107 [hep-ph].               *
  *                                                                                     *
  ***************************************************************************************
  
   
   Command line: ./JHUGen Unweighted=0 VegasNc0=99999999 VegasNc1=99999999 VegasNc2=99999999 LHAPDF=NNPDF30_lo_as_0130/NNPDF30_lo_as_0130.info MReso=1470 Process=60 deltaRcut=0 ghz1=1,0 ghzgs2=0,0 pTjetcut=15
   
   Input Parameter:
    Collider: P-P, sqrt(s)=13000.00
    Resonance: spin=0, mass=1470.00 width=   0.00407
    Z-boson: mass=91.188, width=2.4952
    W-boson: mass=80.399, width=2.0850
    Jet cuts:
            pT >=    15.00 GeV
         |eta| <= Infinity
        DeltaR >=     0.00
           mJJ >=     0.00 GeV
    Random seed:   260478805
    To reproduce results using this seed, JHUGen should be compiled with the same compiler:
      GNU Fortran (GCC) 4.8.2
    
    WidthScheme:   2
    LHAPDF set NNPDF30_lo_as_0130/NNPDF30_lo_as_0130.info, member=  0
    Unweighted: F
    Intermediate off-shell photons: T
    
    spin-0-VV couplings: 
      generate_as=F
      ghg2=  0.10000000E+01  0.00000000E+00i
      ghz1=  0.10000000E+01  0.00000000E+00i
      Lambda=  1000.0
    
    LHE output: ./data/output.lhe
    Histogram output: ./data/output.dat
    Log file: ./data/output.log
    
  Running

  Input parameters for vegas:  ndim=  9   ncall= 99999999.
                              it=    0    itmx=   15
                              acc=-1.00    
                              mds=  0     nd=  50
                              (xl,xu)= (  0.00000     ,  1.00000     )
                                       (  0.00000     ,  1.00000     )
                                       (  0.00000     ,  1.00000     )
                                       (  0.00000     ,  1.00000     )
                                       (  0.00000     ,  1.00000     )
                                       (  0.00000     ,  1.00000     )
                                       (  0.00000     ,  1.00000     )
                                       (  0.00000     ,  1.00000     )
                                       (  0.00000     ,  1.00000     )

#********** Integration by Vegas (iteration       1) ************
#                                                               *
#  integral  =  1.6166744       accum. integral =  1.6166744    *
#  std. dev. = 0.19607891E-01   accum. std. dev = 0.19607891E-01*
#   min/max. wt. =    0.00000            0.178982E-01           *
#                                                               *
#*************   chi**2/iteration =  0.000       ****************


#********** Integration by Vegas (iteration       2) ************
#                                                               *
#  integral  =  1.7381031       accum. integral =  1.6467848    *
#  std. dev. = 0.36711737E-01   accum. std. dev = 0.17654064E-01*
#   min/max. wt. =    0.00000            0.233112E-01           *
#                                                               *
#*************   chi**2/iteration =  8.814       ****************


#********** Integration by Vegas (iteration       3) ************
#                                                               *
#  integral  =  2.2322373       accum. integral =  1.6919672    *
#  std. dev. = 0.81187266E-01   accum. std. dev = 0.19008037E-01*
#   min/max. wt. =    0.00000            0.448040E-01           *
#                                                               *
#*************   chi**2/iteration =  37.27       ****************


#********** Integration by Vegas (iteration       4) ************
#                                                               *
#  integral  =  3.1629590       accum. integral =  1.7244022    *
#  std. dev. = 0.21283159       accum. std. dev = 0.22687064E-01*
#   min/max. wt. =    0.00000            0.190959               *
#                                                               *
#*************   chi**2/iteration =  47.27       ****************


#********** Integration by Vegas (iteration       5) ************
#                                                               *
#  integral  =  3.1586713       accum. integral =  2.5099784    *
#  std. dev. = 0.28679693E-01   accum. std. dev = 0.16623321E-01*
#   min/max. wt. =    0.00000            0.162337E-01           *
#                                                               *
#*************   chi**2/iteration =  490.8       ****************


#********** Integration by Vegas (iteration       6) ************
#                                                               *
#  integral  =  3.1658925       accum. integral =  3.1433650    *
#  std. dev. = 0.40120570E-02   accum. std. dev = 0.32403091E-02*
#   min/max. wt. =  -0.636029E-15        0.442461E-03           *
#                                                               *
#*************   chi**2/iteration =  626.7       ****************


#********** Integration by Vegas (iteration       7) ************
#                                                               *
#  integral  =  3.1628736       accum. integral =  3.1591873    *
#  std. dev. = 0.19012051E-02   accum. std. dev = 0.14558090E-02*
#   min/max. wt. =    0.00000            0.197796E-03           *
#                                                               *
#*************   chi**2/iteration =  493.5       ****************


#********** Integration by Vegas (iteration       8) ************
#                                                               *
#  integral  =  3.1602077       accum. integral =  3.1597139    *
#  std. dev. = 0.16564697E-02   accum. std. dev = 0.10365173E-02*
#   min/max. wt. =  -0.379469E-12        0.823446E-04           *
#                                                               *
#*************   chi**2/iteration =  403.8       ****************


#********** Integration by Vegas (iteration       9) ************
#                                                               *
#  integral  =  3.1630082       accum. integral =  3.1609193    *
#  std. dev. = 0.15679474E-02   accum. std. dev = 0.83994453E-03*
#   min/max. wt. =    0.00000            0.777698E-04           *
#                                                               *
#*************   chi**2/iteration =  341.6       ****************


#********** Integration by Vegas (iteration      10) ************
#                                                               *
#  integral  =  3.1627539       accum. integral =  3.1614280    *
#  std. dev. = 0.15312932E-02   accum. std. dev = 0.72383178E-03*
#   min/max. wt. =    0.00000            0.831354E-04           *
#                                                               *
#*************   chi**2/iteration =  295.7       ****************


#********** Integration by Vegas (iteration      11) ************
#                                                               *
#  integral  =  3.1601881       accum. integral =  3.1611576    *
#  std. dev. = 0.15254937E-02   accum. std. dev = 0.64696866E-03*
#   min/max. wt. =    0.00000            0.159126E-03           *
#                                                               *
#*************   chi**2/iteration =  260.5       ****************


#********** Integration by Vegas (iteration      12) ************
#                                                               *
#  integral  =  3.1620069       accum. integral =  3.1613082    *
#  std. dev. = 0.15349989E-02   accum. std. dev = 0.59199494E-03*
#   min/max. wt. =    0.00000            0.606217E-04           *
#                                                               *
#*************   chi**2/iteration =  232.7       ****************


#********** Integration by Vegas (iteration      13) ************
#                                                               *
#  integral  =  3.1631407       accum. integral =  3.1615843    *
#  std. dev. = 0.15356534E-02   accum. std. dev = 0.54963099E-03*
#   min/max. wt. =    0.00000            0.637091E-04           *
#                                                               *
#*************   chi**2/iteration =  210.3       ****************


#********** Integration by Vegas (iteration      14) ************
#                                                               *
#  integral  =  3.1611597       accum. integral =  3.1615296    *
#  std. dev. = 0.15492322E-02   accum. std. dev = 0.51620549E-03*
#   min/max. wt. =  -0.921644E-18        0.751073E-04           *
#                                                               *
#*************   chi**2/iteration =  191.8       ****************


#********** Integration by Vegas (iteration      15) ************
#                                                               *
#  integral  =  3.1614746       accum. integral =  3.1615234    *
#  std. dev. = 0.15571691E-02   accum. std. dev = 0.48873240E-03*
#   min/max. wt. =  -0.123162E-15        0.876283E-04           *
#                                                               *
#*************   chi**2/iteration =  176.2       ****************

 ****************************************************
 * Writing out vegas grid to ./data/output.grid                                                      
 ****************************************************

  Input parameters for vegas:  ndim=  9   ncall= 99999999.
                              it=    0    itmx=    2
                              acc=-1.00    
                              mds=  0     nd=  50
                              (xl,xu)= (  0.00000     ,  1.00000     )
                                       (  0.00000     ,  1.00000     )
                                       (  0.00000     ,  1.00000     )
                                       (  0.00000     ,  1.00000     )
                                       (  0.00000     ,  1.00000     )
                                       (  0.00000     ,  1.00000     )
                                       (  0.00000     ,  1.00000     )
                                       (  0.00000     ,  1.00000     )
                                       (  0.00000     ,  1.00000     )

#********** Integration by Vegas (iteration       1) ************
#                                                               *
#  integral  =  3.1580767       accum. integral =  3.1580767    *
#  std. dev. = 0.15617640E-02   accum. std. dev = 0.15617640E-02*
#   min/max. wt. =    0.00000            0.914822E-04           *
#                                                               *
#*************   chi**2/iteration =  0.000       ****************


#********** Integration by Vegas (iteration       2) ************
#                                                               *
#  integral  =  3.1601478       accum. integral =  3.1591045    *
#  std. dev. = 0.15745543E-02   accum. std. dev = 0.11088313E-02*
#   min/max. wt. =    0.00000            0.696677E-04           *
#                                                               *
#*************   chi**2/iteration = 0.8713       ****************

 Done
