SLURM job running in:  /work-zfs/lhc/heshy/JHUGen/xsecs/JHUGen/JHUGenerator
LHAPDF 6.1.5 loading /work-zfs/lhc/cms/slc6_amd64_gcc493/external/lhapdf/6.1.5-kpegke3/share/LHAPDF/NNPDF30_lo_as_0130/NNPDF30_lo_as_0130_0000.dat
NNPDF30_lo_as_0130 PDF set, member #0, version 2; LHAPDF ID = 263000
 extending no. of histograms for vbf tests
 
  
  ***************************************************************************************
  *                                JHU Generator v7.0.2                                 *
  ***************************************************************************************
  *                                                                                     *
  *   Spin and parity determination of single-produced resonances at hadron colliders   *
  *                                                                                     *
  *          I. Anderson, S. Bolognesi, F. Caola, Y. Gao, A. Gritsan, Z. Guo,           *
  *        C. Martin, K. Melnikov, R. Rontsch, H. Roskes, U. Sarica, M. Schulze,        *
  *                   N. Tran, A. Whitbeck, M. Xiao, C. You, Y. Zhou                    *
  *              Phys.Rev. D81 (2010) 075022;  arXiv:1001.3396  [hep-ph],               *
  *              Phys.Rev. D86 (2012) 095031;  arXiv:1208.4018  [hep-ph],               *
  *              Phys.Rev. D89 (2014) 035007;  arXiv:1309.4819  [hep-ph],               *
  *              Phys.Rev. D94 (2016) 055023;  arXiv:1606.03107 [hep-ph].               *
  *                                                                                     *
  ***************************************************************************************
  
   
   Command line: ./JHUGen Unweighted=0 VegasNc0=99999999 VegasNc1=99999999 VegasNc2=99999999 LHAPDF=NNPDF30_lo_as_0130/NNPDF30_lo_as_0130.info MReso=172 Process=60 deltaRcut=0 ghz1=1,0 ghzgs2=0,0 pTjetcut=15
   
   Input Parameter:
    Collider: P-P, sqrt(s)=13000.00
    Resonance: spin=0, mass= 172.00 width=   0.00407
    Z-boson: mass=91.188, width=2.4952
    W-boson: mass=80.399, width=2.0850
    Jet cuts:
            pT >=    15.00 GeV
         |eta| <= Infinity
        DeltaR >=     0.00
           mJJ >=     0.00 GeV
    Random seed:   120428843
    To reproduce results using this seed, JHUGen should be compiled with the same compiler:
      GNU Fortran (GCC) 4.8.2
    
    WidthScheme:   2
    LHAPDF set NNPDF30_lo_as_0130/NNPDF30_lo_as_0130.info, member=  0
    Unweighted: F
    Intermediate off-shell photons: T
    
    spin-0-VV couplings: 
      generate_as=F
      ghg2=  0.10000000E+01  0.00000000E+00i
      ghz1=  0.10000000E+01  0.00000000E+00i
      Lambda=  1000.0
    
    LHE output: ./data/output.lhe
    Histogram output: ./data/output.dat
    Log file: ./data/output.log
    
  Running

  Input parameters for vegas:  ndim=  9   ncall= 99999999.
                              it=    0    itmx=   15
                              acc=-1.00    
                              mds=  0     nd=  50
                              (xl,xu)= (  0.00000     ,  1.00000     )
                                       (  0.00000     ,  1.00000     )
                                       (  0.00000     ,  1.00000     )
                                       (  0.00000     ,  1.00000     )
                                       (  0.00000     ,  1.00000     )
                                       (  0.00000     ,  1.00000     )
                                       (  0.00000     ,  1.00000     )
                                       (  0.00000     ,  1.00000     )
                                       (  0.00000     ,  1.00000     )

#********** Integration by Vegas (iteration       1) ************
#                                                               *
#  integral  =  480.89220       accum. integral =  480.89220    *
#  std. dev. =  79.049528       accum. std. dev =  79.049528    *
#   min/max. wt. =    0.00000             61.8313               *
#                                                               *
#*************   chi**2/iteration = -.4657E-11   ****************


#********** Integration by Vegas (iteration       2) ************
#                                                               *
#  integral  =  1399.3865       accum. integral =  534.36964    *
#  std. dev. =  925.15869       accum. std. dev =  166.91180    *
#   min/max. wt. =    0.00000             925.065               *
#                                                               *
#*************   chi**2/iteration =  1.659       ****************


#********** Integration by Vegas (iteration       3) ************
#                                                               *
#  integral  =  617.85070       accum. integral =  605.44189    *
#  std. dev. =  41.183583       accum. std. dev =  56.939108    *
#   min/max. wt. =    0.00000             35.1289               *
#                                                               *
#*************   chi**2/iteration =  1.196       ****************


#********** Integration by Vegas (iteration       4) ************
#                                                               *
#  integral  =  597.95623       accum. integral =  598.65220    *
#  std. dev. =  11.774413       accum. std. dev =  16.047104    *
#   min/max. wt. =    0.00000             8.50658               *
#                                                               *
#*************   chi**2/iteration = 0.9395       ****************


#********** Integration by Vegas (iteration       5) ************
#                                                               *
#  integral  =  575.69452       accum. integral =  576.37597    *
#  std. dev. =  1.8882829       accum. std. dev =  2.6089913    *
#   min/max. wt. =  -0.274694E-10        0.389992               *
#                                                               *
#*************   chi**2/iteration =  1.349       ****************


#********** Integration by Vegas (iteration       6) ************
#                                                               *
#  integral  =  573.57750       accum. integral =  573.79398    *
#  std. dev. = 0.53661102       accum. std. dev = 0.69504053    *
#   min/max. wt. =    0.00000            0.573496E-01           *
#                                                               *
#*************   chi**2/iteration =  1.407       ****************


#********** Integration by Vegas (iteration       7) ************
#                                                               *
#  integral  =  575.20096       accum. integral =  574.62601    *
#  std. dev. = 0.42968357       accum. std. dev = 0.42988726    *
#   min/max. wt. =    0.00000            0.416234E-01           *
#                                                               *
#*************   chi**2/iteration =  1.684       ****************


#********** Integration by Vegas (iteration       8) ************
#                                                               *
#  integral  =  575.00132       accum. integral =  574.77647    *
#  std. dev. = 0.40378445       accum. std. dev = 0.32410740    *
#   min/max. wt. =    0.00000            0.528202E-01           *
#                                                               *
#*************   chi**2/iteration =  1.568       ****************


#********** Integration by Vegas (iteration       9) ************
#                                                               *
#  integral  =  574.81617       accum. integral =  574.78842    *
#  std. dev. = 0.38962430       accum. std. dev = 0.26524943    *
#   min/max. wt. =    0.00000            0.246240E-01           *
#                                                               *
#*************   chi**2/iteration =  1.432       ****************


#********** Integration by Vegas (iteration      10) ************
#                                                               *
#  integral  =  575.00553       accum. integral =  574.83997    *
#  std. dev. = 0.38308224       accum. std. dev = 0.22752973    *
#   min/max. wt. =    0.00000            0.240583E-01           *
#                                                               *
#*************   chi**2/iteration =  1.338       ****************


#********** Integration by Vegas (iteration      11) ************
#                                                               *
#  integral  =  574.92577       accum. integral =  574.85650    *
#  std. dev. = 0.38210947       accum. std. dev = 0.20138035    *
#   min/max. wt. =    0.00000            0.167113E-01           *
#                                                               *
#*************   chi**2/iteration =  1.244       ****************


#********** Integration by Vegas (iteration      12) ************
#                                                               *
#  integral  =  574.62401       accum. integral =  574.81918    *
#  std. dev. = 0.38331758       accum. std. dev = 0.18213313    *
#   min/max. wt. =  -0.374988E-09        0.160507E-01           *
#                                                               *
#*************   chi**2/iteration =  1.180       ****************


#********** Integration by Vegas (iteration      13) ************
#                                                               *
#  integral  =  574.88107       accum. integral =  574.82748    *
#  std. dev. = 0.39034249       accum. std. dev = 0.16758628    *
#   min/max. wt. =    0.00000            0.584215E-01           *
#                                                               *
#*************   chi**2/iteration =  1.108       ****************


#********** Integration by Vegas (iteration      14) ************
#                                                               *
#  integral  =  574.79695       accum. integral =  574.82376    *
#  std. dev. = 0.38387548       accum. std. dev = 0.15551497    *
#   min/max. wt. =    0.00000            0.159682E-01           *
#                                                               *
#*************   chi**2/iteration =  1.043       ****************


#********** Integration by Vegas (iteration      15) ************
#                                                               *
#  integral  =  575.70206       accum. integral =  574.91903    *
#  std. dev. = 0.38467682       accum. std. dev = 0.14558248    *
#   min/max. wt. =    0.00000            0.148767E-01           *
#                                                               *
#*************   chi**2/iteration =  1.237       ****************

 ****************************************************
 * Writing out vegas grid to ./data/output.grid                                                      
 ****************************************************

  Input parameters for vegas:  ndim=  9   ncall= 99999999.
                              it=    0    itmx=    2
                              acc=-1.00    
                              mds=  0     nd=  50
                              (xl,xu)= (  0.00000     ,  1.00000     )
                                       (  0.00000     ,  1.00000     )
                                       (  0.00000     ,  1.00000     )
                                       (  0.00000     ,  1.00000     )
                                       (  0.00000     ,  1.00000     )
                                       (  0.00000     ,  1.00000     )
                                       (  0.00000     ,  1.00000     )
                                       (  0.00000     ,  1.00000     )
                                       (  0.00000     ,  1.00000     )

#********** Integration by Vegas (iteration       1) ************
#                                                               *
#  integral  =  575.23438       accum. integral =  575.23438    *
#  std. dev. = 0.38702558       accum. std. dev = 0.38702558    *
#   min/max. wt. =    0.00000            0.133179E-01           *
#                                                               *
#*************   chi**2/iteration =  0.000       ****************


#********** Integration by Vegas (iteration       2) ************
#                                                               *
#  integral  =  575.12836       accum. integral =  575.18193    *
#  std. dev. = 0.39110389       accum. std. dev = 0.27509871    *
#   min/max. wt. =    0.00000            0.191427E-01           *
#                                                               *
#*************   chi**2/iteration = 0.3709E-01   ****************

 Done
