SLURM job running in:  /work-zfs/lhc/heshy/JHUGen/xsecs/JHUGen/JHUGenerator
LHAPDF 6.1.5 loading /work-zfs/lhc/cms/slc6_amd64_gcc493/external/lhapdf/6.1.5-kpegke3/share/LHAPDF/NNPDF30_lo_as_0130/NNPDF30_lo_as_0130_0000.dat
NNPDF30_lo_as_0130 PDF set, member #0, version 2; LHAPDF ID = 263000
 extending no. of histograms for vbf tests
 
  
  ***************************************************************************************
  *                                JHU Generator v7.0.2                                 *
  ***************************************************************************************
  *                                                                                     *
  *   Spin and parity determination of single-produced resonances at hadron colliders   *
  *                                                                                     *
  *          I. Anderson, S. Bolognesi, F. Caola, Y. Gao, A. Gritsan, Z. Guo,           *
  *        C. Martin, K. Melnikov, R. Rontsch, H. Roskes, U. Sarica, M. Schulze,        *
  *                   N. Tran, A. Whitbeck, M. Xiao, C. You, Y. Zhou                    *
  *              Phys.Rev. D81 (2010) 075022;  arXiv:1001.3396  [hep-ph],               *
  *              Phys.Rev. D86 (2012) 095031;  arXiv:1208.4018  [hep-ph],               *
  *              Phys.Rev. D89 (2014) 035007;  arXiv:1309.4819  [hep-ph],               *
  *              Phys.Rev. D94 (2016) 055023;  arXiv:1606.03107 [hep-ph].               *
  *                                                                                     *
  ***************************************************************************************
  
   
   Command line: ./JHUGen Unweighted=0 VegasNc0=99999999 VegasNc1=99999999 VegasNc2=99999999 LHAPDF=NNPDF30_lo_as_0130/NNPDF30_lo_as_0130.info MReso=204 Process=60 deltaRcut=0 ghz1=1,0 ghzgs2=0,0 pTjetcut=15
   
   Input Parameter:
    Collider: P-P, sqrt(s)=13000.00
    Resonance: spin=0, mass= 204.00 width=   0.00407
    Z-boson: mass=91.188, width=2.4952
    W-boson: mass=80.399, width=2.0850
    Jet cuts:
            pT >=    15.00 GeV
         |eta| <= Infinity
        DeltaR >=     0.00
           mJJ >=     0.00 GeV
    Random seed:    92005775
    To reproduce results using this seed, JHUGen should be compiled with the same compiler:
      GNU Fortran (GCC) 4.8.2
    
    WidthScheme:   2
    LHAPDF set NNPDF30_lo_as_0130/NNPDF30_lo_as_0130.info, member=  0
    Unweighted: F
    Intermediate off-shell photons: T
    
    spin-0-VV couplings: 
      generate_as=F
      ghg2=  0.10000000E+01  0.00000000E+00i
      ghz1=  0.10000000E+01  0.00000000E+00i
      Lambda=  1000.0
    
    LHE output: ./data/output.lhe
    Histogram output: ./data/output.dat
    Log file: ./data/output.log
    
  Running

  Input parameters for vegas:  ndim=  9   ncall= 99999999.
                              it=    0    itmx=   15
                              acc=-1.00    
                              mds=  0     nd=  50
                              (xl,xu)= (  0.00000     ,  1.00000     )
                                       (  0.00000     ,  1.00000     )
                                       (  0.00000     ,  1.00000     )
                                       (  0.00000     ,  1.00000     )
                                       (  0.00000     ,  1.00000     )
                                       (  0.00000     ,  1.00000     )
                                       (  0.00000     ,  1.00000     )
                                       (  0.00000     ,  1.00000     )
                                       (  0.00000     ,  1.00000     )

#********** Integration by Vegas (iteration       1) ************
#                                                               *
#  integral  =  327.24823       accum. integral =  327.24823    *
#  std. dev. =  30.280122       accum. std. dev =  30.280122    *
#   min/max. wt. =    0.00000             25.2330               *
#                                                               *
#*************   chi**2/iteration =  0.000       ****************


#********** Integration by Vegas (iteration       2) ************
#                                                               *
#  integral  =  481.35541       accum. integral =  382.96075    *
#  std. dev. =  59.190979       accum. std. dev =  30.430408    *
#   min/max. wt. =    0.00000             43.6927               *
#                                                               *
#*************   chi**2/iteration =  5.914       ****************


#********** Integration by Vegas (iteration       3) ************
#                                                               *
#  integral  =  465.93439       accum. integral =  442.50170    *
#  std. dev. =  21.611388       accum. std. dev =  16.913333    *
#   min/max. wt. =    0.00000             15.0680               *
#                                                               *
#*************   chi**2/iteration =  5.142       ****************


#********** Integration by Vegas (iteration       4) ************
#                                                               *
#  integral  =  453.04923       accum. integral =  452.87996    *
#  std. dev. =  2.2733882       accum. std. dev =  2.1712915    *
#   min/max. wt. =    0.00000            0.764894               *
#                                                               *
#*************   chi**2/iteration =  3.463       ****************


#********** Integration by Vegas (iteration       5) ************
#                                                               *
#  integral  =  455.13282       accum. integral =  454.96975    *
#  std. dev. = 0.63283007       accum. std. dev = 0.58931942    *
#   min/max. wt. =    0.00000            0.867995E-01           *
#                                                               *
#*************   chi**2/iteration =  2.797       ****************


#********** Integration by Vegas (iteration       6) ************
#                                                               *
#  integral  =  455.55394       accum. integral =  455.38695    *
#  std. dev. = 0.38595267       accum. std. dev = 0.31694745    *
#   min/max. wt. =  -0.515218E-13        0.311172E-01           *
#                                                               *
#*************   chi**2/iteration =  2.350       ****************


#********** Integration by Vegas (iteration       7) ************
#                                                               *
#  integral  =  455.59587       accum. integral =  455.49086    *
#  std. dev. = 0.32792022       accum. std. dev = 0.22565513    *
#   min/max. wt. =    0.00000            0.462796E-01           *
#                                                               *
#*************   chi**2/iteration =  1.978       ****************


#********** Integration by Vegas (iteration       8) ************
#                                                               *
#  integral  =  455.90119       accum. integral =  455.63867    *
#  std. dev. = 0.30841473       accum. std. dev = 0.18107703    *
#   min/max. wt. =    0.00000            0.172647E-01           *
#                                                               *
#*************   chi**2/iteration =  1.854       ****************


#********** Integration by Vegas (iteration       9) ************
#                                                               *
#  integral  =  455.88757       accum. integral =  455.70748    *
#  std. dev. = 0.29942704       accum. std. dev = 0.15440758    *
#   min/max. wt. =    0.00000            0.134279E-01           *
#                                                               *
#*************   chi**2/iteration =  1.679       ****************


#********** Integration by Vegas (iteration      10) ************
#                                                               *
#  integral  =  456.09800       accum. integral =  455.79198    *
#  std. dev. = 0.29977200       accum. std. dev = 0.13696433    *
#   min/max. wt. =    0.00000            0.372495E-01           *
#                                                               *
#*************   chi**2/iteration =  1.639       ****************


#********** Integration by Vegas (iteration      11) ************
#                                                               *
#  integral  =  455.76979       accum. integral =  455.78794    *
#  std. dev. = 0.29545881       accum. std. dev = 0.12407633    *
#   min/max. wt. =    0.00000            0.141251E-01           *
#                                                               *
#*************   chi**2/iteration =  1.471       ****************


#********** Integration by Vegas (iteration      12) ************
#                                                               *
#  integral  =  455.41928       accum. integral =  455.73111    *
#  std. dev. = 0.29499805       accum. std. dev = 0.11425680    *
#   min/max. wt. =    0.00000            0.212143E-01           *
#                                                               *
#*************   chi**2/iteration =  1.458       ****************


#********** Integration by Vegas (iteration      13) ************
#                                                               *
#  integral  =  455.70071       accum. integral =  455.72711    *
#  std. dev. = 0.29769023       accum. std. dev = 0.10659103    *
#   min/max. wt. =    0.00000            0.239594E-01           *
#                                                               *
#*************   chi**2/iteration =  1.334       ****************


#********** Integration by Vegas (iteration      14) ************
#                                                               *
#  integral  =  455.29593       accum. integral =  455.67695    *
#  std. dev. = 0.29737647       accum. std. dev = 0.10028759    *
#   min/max. wt. =    0.00000            0.150279E-01           *
#                                                               *
#*************   chi**2/iteration =  1.375       ****************


#********** Integration by Vegas (iteration      15) ************
#                                                               *
#  integral  =  456.08254       accum. integral =  455.71814    *
#  std. dev. = 0.30219583       accum. std. dev = 0.95142239E-01*
#   min/max. wt. =    0.00000            0.141538E-01           *
#                                                               *
#*************   chi**2/iteration =  1.393       ****************

 ****************************************************
 * Writing out vegas grid to ./data/output.grid                                                      
 ****************************************************

  Input parameters for vegas:  ndim=  9   ncall= 99999999.
                              it=    0    itmx=    2
                              acc=-1.00    
                              mds=  0     nd=  50
                              (xl,xu)= (  0.00000     ,  1.00000     )
                                       (  0.00000     ,  1.00000     )
                                       (  0.00000     ,  1.00000     )
                                       (  0.00000     ,  1.00000     )
                                       (  0.00000     ,  1.00000     )
                                       (  0.00000     ,  1.00000     )
                                       (  0.00000     ,  1.00000     )
                                       (  0.00000     ,  1.00000     )
                                       (  0.00000     ,  1.00000     )

#********** Integration by Vegas (iteration       1) ************
#                                                               *
#  integral  =  455.64403       accum. integral =  455.64403    *
#  std. dev. = 0.30683176       accum. std. dev = 0.30683176    *
#   min/max. wt. =    0.00000            0.223006E-01           *
#                                                               *
#*************   chi**2/iteration =  0.000       ****************


#********** Integration by Vegas (iteration       2) ************
#                                                               *
#  integral  =  455.67985       accum. integral =  455.66190    *
#  std. dev. = 0.30758274       accum. std. dev = 0.21722786    *
#   min/max. wt. =    0.00000            0.180333E-01           *
#                                                               *
#*************   chi**2/iteration = 0.6794E-02   ****************

 Done
