SLURM job running in:  /work-zfs/lhc/heshy/JHUGen/xsecs/JHUGen/JHUGenerator
LHAPDF 6.1.5 loading /work-zfs/lhc/cms/slc6_amd64_gcc493/external/lhapdf/6.1.5-kpegke3/share/LHAPDF/NNPDF30_lo_as_0130/NNPDF30_lo_as_0130_0000.dat
NNPDF30_lo_as_0130 PDF set, member #0, version 2; LHAPDF ID = 263000
 extending no. of histograms for vbf tests
 
  
  ***************************************************************************************
  *                                JHU Generator v7.0.2                                 *
  ***************************************************************************************
  *                                                                                     *
  *   Spin and parity determination of single-produced resonances at hadron colliders   *
  *                                                                                     *
  *          I. Anderson, S. Bolognesi, F. Caola, Y. Gao, A. Gritsan, Z. Guo,           *
  *        C. Martin, K. Melnikov, R. Rontsch, H. Roskes, U. Sarica, M. Schulze,        *
  *                   N. Tran, A. Whitbeck, M. Xiao, C. You, Y. Zhou                    *
  *              Phys.Rev. D81 (2010) 075022;  arXiv:1001.3396  [hep-ph],               *
  *              Phys.Rev. D86 (2012) 095031;  arXiv:1208.4018  [hep-ph],               *
  *              Phys.Rev. D89 (2014) 035007;  arXiv:1309.4819  [hep-ph],               *
  *              Phys.Rev. D94 (2016) 055023;  arXiv:1606.03107 [hep-ph].               *
  *                                                                                     *
  ***************************************************************************************
  
   
   Command line: ./JHUGen Unweighted=0 VegasNc0=99999999 VegasNc1=99999999 VegasNc2=99999999 LHAPDF=NNPDF30_lo_as_0130/NNPDF30_lo_as_0130.info MReso=2250 Process=60 deltaRcut=0 ghz1=1,0 ghzgs2=0,0 pTjetcut=15
   
   Input Parameter:
    Collider: P-P, sqrt(s)=13000.00
    Resonance: spin=0, mass=2250.00 width=   0.00407
    Z-boson: mass=91.188, width=2.4952
    W-boson: mass=80.399, width=2.0850
    Jet cuts:
            pT >=    15.00 GeV
         |eta| <= Infinity
        DeltaR >=     0.00
           mJJ >=     0.00 GeV
    Random seed:   763797860
    To reproduce results using this seed, JHUGen should be compiled with the same compiler:
      GNU Fortran (GCC) 4.8.2
    
    WidthScheme:   2
    LHAPDF set NNPDF30_lo_as_0130/NNPDF30_lo_as_0130.info, member=  0
    Unweighted: F
    Intermediate off-shell photons: T
    
    spin-0-VV couplings: 
      generate_as=F
      ghg2=  0.10000000E+01  0.00000000E+00i
      ghz1=  0.10000000E+01  0.00000000E+00i
      Lambda=  1000.0
    
    LHE output: ./data/output.lhe
    Histogram output: ./data/output.dat
    Log file: ./data/output.log
    
  Running

  Input parameters for vegas:  ndim=  9   ncall= 99999999.
                              it=    0    itmx=   15
                              acc=-1.00    
                              mds=  0     nd=  50
                              (xl,xu)= (  0.00000     ,  1.00000     )
                                       (  0.00000     ,  1.00000     )
                                       (  0.00000     ,  1.00000     )
                                       (  0.00000     ,  1.00000     )
                                       (  0.00000     ,  1.00000     )
                                       (  0.00000     ,  1.00000     )
                                       (  0.00000     ,  1.00000     )
                                       (  0.00000     ,  1.00000     )
                                       (  0.00000     ,  1.00000     )

#********** Integration by Vegas (iteration       1) ************
#                                                               *
#  integral  = 0.21345143       accum. integral = 0.21345143    *
#  std. dev. = 0.95146480E-03   accum. std. dev = 0.95146480E-03*
#   min/max. wt. =    0.00000            0.767209E-03           *
#                                                               *
#*************   chi**2/iteration =  0.000       ****************


#********** Integration by Vegas (iteration       2) ************
#                                                               *
#  integral  =  1.3188565       accum. integral = 0.21348365    *
#  std. dev. =  1.0889534       accum. std. dev = 0.42109939E-02*
#   min/max. wt. =    0.00000             1.08888               *
#                                                               *
#*************   chi**2/iteration =  2.006       ****************


#********** Integration by Vegas (iteration       3) ************
#                                                               *
#  integral  = 0.26570924       accum. integral = 0.21362868    *
#  std. dev. = 0.22443908E-01   accum. std. dev = 0.35007299E-02*
#   min/max. wt. =    0.00000            0.146757E-01           *
#                                                               *
#*************   chi**2/iteration =  1.756       ****************


#********** Integration by Vegas (iteration       4) ************
#                                                               *
#  integral  = 0.46565551       accum. integral = 0.21376330    *
#  std. dev. = 0.89660504E-01   accum. std. dev = 0.32031124E-02*
#   min/max. wt. =    0.00000            0.869056E-01           *
#                                                               *
#*************   chi**2/iteration =  2.499       ****************


#********** Integration by Vegas (iteration       5) ************
#                                                               *
#  integral  = 0.42410320       accum. integral = 0.21943270    *
#  std. dev. = 0.11339609E-01   accum. std. dev = 0.29461641E-02*
#   min/max. wt. =  -0.382762E-15        0.860499E-02           *
#                                                               *
#*************   chi**2/iteration =  35.57       ****************


#********** Integration by Vegas (iteration       6) ************
#                                                               *
#  integral  = 0.42360134       accum. integral = 0.35254484    *
#  std. dev. = 0.13585782E-02   accum. std. dev = 0.16486155E-02*
#   min/max. wt. =    0.00000            0.626766E-03           *
#                                                               *
#*************   chi**2/iteration =  727.5       ****************


#********** Integration by Vegas (iteration       7) ************
#                                                               *
#  integral  = 0.42418444       accum. integral = 0.41871978    *
#  std. dev. = 0.31566845E-03   accum. std. dev = 0.43686992E-03*
#   min/max. wt. =  -0.396293E-16        0.231619E-04           *
#                                                               *
#*************   chi**2/iteration =  974.3       ****************


#********** Integration by Vegas (iteration       8) ************
#                                                               *
#  integral  = 0.42444488       accum. integral = 0.42250023    *
#  std. dev. = 0.21772975E-03   accum. std. dev = 0.24624706E-03*
#   min/max. wt. =    0.00000            0.738260E-05           *
#                                                               *
#*************   chi**2/iteration =  910.2       ****************


#********** Integration by Vegas (iteration       9) ************
#                                                               *
#  integral  = 0.42467669       accum. integral = 0.42345176    *
#  std. dev. = 0.20085183E-03   accum. std. dev = 0.17970782E-03*
#   min/max. wt. =    0.00000            0.138620E-04           *
#                                                               *
#*************   chi**2/iteration =  846.1       ****************


#********** Integration by Vegas (iteration      10) ************
#                                                               *
#  integral  = 0.42473532       accum. integral = 0.42385862    *
#  std. dev. = 0.19497425E-03   accum. std. dev = 0.14511143E-03*
#   min/max. wt. =    0.00000            0.722851E-05           *
#                                                               *
#*************   chi**2/iteration =  789.7       ****************


#********** Integration by Vegas (iteration      11) ************
#                                                               *
#  integral  = 0.42496353       accum. integral = 0.42412795    *
#  std. dev. = 0.19345345E-03   accum. std. dev = 0.12371777E-03*
#   min/max. wt. =    0.00000            0.721996E-05           *
#                                                               *
#*************   chi**2/iteration =  741.0       ****************


#********** Integration by Vegas (iteration      12) ************
#                                                               *
#  integral  = 0.42486384       accum. integral = 0.42426932    *
#  std. dev. = 0.19581611E-03   accum. std. dev = 0.10931136E-03*
#   min/max. wt. =  -0.214800E-12        0.208926E-04           *
#                                                               *
#*************   chi**2/iteration =  697.7       ****************


#********** Integration by Vegas (iteration      13) ************
#                                                               *
#  integral  = 0.42467565       accum. integral = 0.42433405    *
#  std. dev. = 0.19709308E-03   accum. std. dev = 0.98736490E-04*
#   min/max. wt. =    0.00000            0.191933E-04           *
#                                                               *
#*************   chi**2/iteration =  659.3       ****************


#********** Integration by Vegas (iteration      14) ************
#                                                               *
#  integral  = 0.42456867       accum. integral = 0.42436695    *
#  std. dev. = 0.19472052E-03   accum. std. dev = 0.90348529E-04*
#   min/max. wt. =    0.00000            0.144121E-04           *
#                                                               *
#*************   chi**2/iteration =  624.9       ****************


#********** Integration by Vegas (iteration      15) ************
#                                                               *
#  integral  = 0.42511879       accum. integral = 0.42445907    *
#  std. dev. = 0.19539357E-03   accum. std. dev = 0.83648379E-04*
#   min/max. wt. =    0.00000            0.633330E-05           *
#                                                               *
#*************   chi**2/iteration =  594.7       ****************

 ****************************************************
 * Writing out vegas grid to ./data/output.grid                                                      
 ****************************************************

  Input parameters for vegas:  ndim=  9   ncall= 99999999.
                              it=    0    itmx=    2
                              acc=-1.00    
                              mds=  0     nd=  50
                              (xl,xu)= (  0.00000     ,  1.00000     )
                                       (  0.00000     ,  1.00000     )
                                       (  0.00000     ,  1.00000     )
                                       (  0.00000     ,  1.00000     )
                                       (  0.00000     ,  1.00000     )
                                       (  0.00000     ,  1.00000     )
                                       (  0.00000     ,  1.00000     )
                                       (  0.00000     ,  1.00000     )
                                       (  0.00000     ,  1.00000     )

#********** Integration by Vegas (iteration       1) ************
#                                                               *
#  integral  = 0.42497716       accum. integral = 0.42497716    *
#  std. dev. = 0.19790297E-03   accum. std. dev = 0.19790297E-03*
#   min/max. wt. =    0.00000            0.153567E-04           *
#                                                               *
#*************   chi**2/iteration =  0.000       ****************


#********** Integration by Vegas (iteration       2) ************
#                                                               *
#  integral  = 0.42496792       accum. integral = 0.42497255    *
#  std. dev. = 0.19845310E-03   accum. std. dev = 0.14013262E-03*
#   min/max. wt. =  -0.209819E-14        0.110488E-04           *
#                                                               *
#*************   chi**2/iteration = 0.1084E-02   ****************

 Done
