SLURM job running in:  /work-zfs/lhc/heshy/JHUGen/xsecs/JHUGen/JHUGenerator
LHAPDF 6.1.5 loading /work-zfs/lhc/cms/slc6_amd64_gcc493/external/lhapdf/6.1.5-kpegke3/share/LHAPDF/NNPDF30_lo_as_0130/NNPDF30_lo_as_0130_0000.dat
NNPDF30_lo_as_0130 PDF set, member #0, version 2; LHAPDF ID = 263000
 extending no. of histograms for vbf tests
 
  
  ***************************************************************************************
  *                                JHU Generator v7.0.2                                 *
  ***************************************************************************************
  *                                                                                     *
  *   Spin and parity determination of single-produced resonances at hadron colliders   *
  *                                                                                     *
  *          I. Anderson, S. Bolognesi, F. Caola, Y. Gao, A. Gritsan, Z. Guo,           *
  *        C. Martin, K. Melnikov, R. Rontsch, H. Roskes, U. Sarica, M. Schulze,        *
  *                   N. Tran, A. Whitbeck, M. Xiao, C. You, Y. Zhou                    *
  *              Phys.Rev. D81 (2010) 075022;  arXiv:1001.3396  [hep-ph],               *
  *              Phys.Rev. D86 (2012) 095031;  arXiv:1208.4018  [hep-ph],               *
  *              Phys.Rev. D89 (2014) 035007;  arXiv:1309.4819  [hep-ph],               *
  *              Phys.Rev. D94 (2016) 055023;  arXiv:1606.03107 [hep-ph].               *
  *                                                                                     *
  ***************************************************************************************
  
   
   Command line: ./JHUGen Unweighted=0 VegasNc0=99999999 VegasNc1=99999999 VegasNc2=99999999 LHAPDF=NNPDF30_lo_as_0130/NNPDF30_lo_as_0130.info MReso=238 Process=60 deltaRcut=0 ghz1=1,0 ghzgs2=0,0 pTjetcut=15
   
   Input Parameter:
    Collider: P-P, sqrt(s)=13000.00
    Resonance: spin=0, mass= 238.00 width=   0.00407
    Z-boson: mass=91.188, width=2.4952
    W-boson: mass=80.399, width=2.0850
    Jet cuts:
            pT >=    15.00 GeV
         |eta| <= Infinity
        DeltaR >=     0.00
           mJJ >=     0.00 GeV
    Random seed:    92005771
    To reproduce results using this seed, JHUGen should be compiled with the same compiler:
      GNU Fortran (GCC) 4.8.2
    
    WidthScheme:   2
    LHAPDF set NNPDF30_lo_as_0130/NNPDF30_lo_as_0130.info, member=  0
    Unweighted: F
    Intermediate off-shell photons: T
    
    spin-0-VV couplings: 
      generate_as=F
      ghg2=  0.10000000E+01  0.00000000E+00i
      ghz1=  0.10000000E+01  0.00000000E+00i
      Lambda=  1000.0
    
    LHE output: ./data/output.lhe
    Histogram output: ./data/output.dat
    Log file: ./data/output.log
    
  Running

  Input parameters for vegas:  ndim=  9   ncall= 99999999.
                              it=    0    itmx=   15
                              acc=-1.00    
                              mds=  0     nd=  50
                              (xl,xu)= (  0.00000     ,  1.00000     )
                                       (  0.00000     ,  1.00000     )
                                       (  0.00000     ,  1.00000     )
                                       (  0.00000     ,  1.00000     )
                                       (  0.00000     ,  1.00000     )
                                       (  0.00000     ,  1.00000     )
                                       (  0.00000     ,  1.00000     )
                                       (  0.00000     ,  1.00000     )
                                       (  0.00000     ,  1.00000     )

#********** Integration by Vegas (iteration       1) ************
#                                                               *
#  integral  =  236.79607       accum. integral =  236.79607    *
#  std. dev. =  14.480315       accum. std. dev =  14.480315    *
#   min/max. wt. =    0.00000             8.58768               *
#                                                               *
#*************   chi**2/iteration =  0.000       ****************


#********** Integration by Vegas (iteration       2) ************
#                                                               *
#  integral  =  319.54483       accum. integral =  288.16769    *
#  std. dev. =  15.271453       accum. std. dev =  10.589903    *
#   min/max. wt. =    0.00000             9.82755               *
#                                                               *
#*************   chi**2/iteration =  14.36       ****************


#********** Integration by Vegas (iteration       3) ************
#                                                               *
#  integral  =  346.87964       accum. integral =  329.07237    *
#  std. dev. =  8.6182786       accum. std. dev =  6.3186192    *
#   min/max. wt. =    0.00000             7.21671               *
#                                                               *
#*************   chi**2/iteration =  15.24       ****************


#********** Integration by Vegas (iteration       4) ************
#                                                               *
#  integral  =  364.76539       accum. integral =  358.31755    *
#  std. dev. =  3.5518809       accum. std. dev =  2.8272693    *
#   min/max. wt. =    0.00000             2.30634               *
#                                                               *
#*************   chi**2/iteration =  17.03       ****************


#********** Integration by Vegas (iteration       5) ************
#                                                               *
#  integral  =  361.36271       accum. integral =  361.15061    *
#  std. dev. = 0.87149146       accum. std. dev = 0.76597569    *
#   min/max. wt. =    0.00000            0.172306               *
#                                                               *
#*************   chi**2/iteration =  12.38       ****************


#********** Integration by Vegas (iteration       6) ************
#                                                               *
#  integral  =  361.77477       accum. integral =  361.69775    *
#  std. dev. = 0.31575792       accum. std. dev = 0.27368723    *
#   min/max. wt. =    0.00000            0.438546E-01           *
#                                                               *
#*************   chi**2/iteration =  9.683       ****************


#********** Integration by Vegas (iteration       7) ************
#                                                               *
#  integral  =  361.57575       accum. integral =  361.62857    *
#  std. dev. = 0.25819785       accum. std. dev = 0.18220716    *
#   min/max. wt. =    0.00000            0.292120E-01           *
#                                                               *
#*************   chi**2/iteration =  7.901       ****************


#********** Integration by Vegas (iteration       8) ************
#                                                               *
#  integral  =  361.19257       accum. integral =  361.45514    *
#  std. dev. = 0.23897129       accum. std. dev = 0.14259634    *
#   min/max. wt. =  -0.242346E-10        0.960115E-02           *
#                                                               *
#*************   chi**2/iteration =  6.979       ****************


#********** Integration by Vegas (iteration       9) ************
#                                                               *
#  integral  =  361.75612       accum. integral =  361.54207    *
#  std. dev. = 0.23686672       accum. std. dev = 0.12105568    *
#   min/max. wt. =    0.00000            0.207350E-01           *
#                                                               *
#*************   chi**2/iteration =  6.185       ****************


#********** Integration by Vegas (iteration      10) ************
#                                                               *
#  integral  =  361.61771       accum. integral =  361.55949    *
#  std. dev. = 0.23265462       accum. std. dev = 0.10676324    *
#   min/max. wt. =    0.00000            0.132399E-01           *
#                                                               *
#*************   chi**2/iteration =  5.451       ****************


#********** Integration by Vegas (iteration      11) ************
#                                                               *
#  integral  =  361.27129       accum. integral =  361.50472    *
#  std. dev. = 0.23026274       accum. std. dev = 0.96482891E-01*
#   min/max. wt. =    0.00000            0.118844E-01           *
#                                                               *
#*************   chi**2/iteration =  5.002       ****************


#********** Integration by Vegas (iteration      12) ************
#                                                               *
#  integral  =  361.53211       accum. integral =  361.50907    *
#  std. dev. = 0.23120924       accum. std. dev = 0.88800926E-01*
#   min/max. wt. =    0.00000            0.127136E-01           *
#                                                               *
#*************   chi**2/iteration =  4.517       ****************


#********** Integration by Vegas (iteration      13) ************
#                                                               *
#  integral  =  362.04542       accum. integral =  361.58098    *
#  std. dev. = 0.23447273       accum. std. dev = 0.82885989E-01*
#   min/max. wt. =    0.00000            0.256405E-01           *
#                                                               *
#*************   chi**2/iteration =  4.521       ****************


#********** Integration by Vegas (iteration      14) ************
#                                                               *
#  integral  =  361.31587       accum. integral =  361.54931    *
#  std. dev. = 0.23260599       accum. std. dev = 0.77967422E-01*
#   min/max. wt. =    0.00000            0.117599E-01           *
#                                                               *
#*************   chi**2/iteration =  4.246       ****************


#********** Integration by Vegas (iteration      15) ************
#                                                               *
#  integral  =  361.54302       accum. integral =  361.54864    *
#  std. dev. = 0.23315837       accum. std. dev = 0.73862077E-01*
#   min/max. wt. =    0.00000            0.923578E-02           *
#                                                               *
#*************   chi**2/iteration =  3.926       ****************

 ****************************************************
 * Writing out vegas grid to ./data/output.grid                                                      
 ****************************************************

  Input parameters for vegas:  ndim=  9   ncall= 99999999.
                              it=    0    itmx=    2
                              acc=-1.00    
                              mds=  0     nd=  50
                              (xl,xu)= (  0.00000     ,  1.00000     )
                                       (  0.00000     ,  1.00000     )
                                       (  0.00000     ,  1.00000     )
                                       (  0.00000     ,  1.00000     )
                                       (  0.00000     ,  1.00000     )
                                       (  0.00000     ,  1.00000     )
                                       (  0.00000     ,  1.00000     )
                                       (  0.00000     ,  1.00000     )
                                       (  0.00000     ,  1.00000     )

#********** Integration by Vegas (iteration       1) ************
#                                                               *
#  integral  =  361.31480       accum. integral =  361.31480    *
#  std. dev. = 0.23855951       accum. std. dev = 0.23855951    *
#   min/max. wt. =    0.00000            0.371895E-01           *
#                                                               *
#*************   chi**2/iteration =  0.000       ****************


#********** Integration by Vegas (iteration       2) ************
#                                                               *
#  integral  =  361.21656       accum. integral =  361.26533    *
#  std. dev. = 0.23680859       accum. std. dev = 0.16806475    *
#   min/max. wt. =    0.00000            0.145090E-01           *
#                                                               *
#*************   chi**2/iteration = 0.8532E-01   ****************

 Done
