SLURM job running in:  /work-zfs/lhc/heshy/JHUGen/xsecs/JHUGen/JHUGenerator
LHAPDF 6.1.5 loading /work-zfs/lhc/cms/slc6_amd64_gcc493/external/lhapdf/6.1.5-kpegke3/share/LHAPDF/NNPDF30_lo_as_0130/NNPDF30_lo_as_0130_0000.dat
NNPDF30_lo_as_0130 PDF set, member #0, version 2; LHAPDF ID = 263000
 extending no. of histograms for vbf tests
 
  
  ***************************************************************************************
  *                                JHU Generator v7.0.2                                 *
  ***************************************************************************************
  *                                                                                     *
  *   Spin and parity determination of single-produced resonances at hadron colliders   *
  *                                                                                     *
  *          I. Anderson, S. Bolognesi, F. Caola, Y. Gao, A. Gritsan, Z. Guo,           *
  *        C. Martin, K. Melnikov, R. Rontsch, H. Roskes, U. Sarica, M. Schulze,        *
  *                   N. Tran, A. Whitbeck, M. Xiao, C. You, Y. Zhou                    *
  *              Phys.Rev. D81 (2010) 075022;  arXiv:1001.3396  [hep-ph],               *
  *              Phys.Rev. D86 (2012) 095031;  arXiv:1208.4018  [hep-ph],               *
  *              Phys.Rev. D89 (2014) 035007;  arXiv:1309.4819  [hep-ph],               *
  *              Phys.Rev. D94 (2016) 055023;  arXiv:1606.03107 [hep-ph].               *
  *                                                                                     *
  ***************************************************************************************
  
   
   Command line: ./JHUGen Unweighted=0 VegasNc0=99999999 VegasNc1=99999999 VegasNc2=99999999 LHAPDF=NNPDF30_lo_as_0130/NNPDF30_lo_as_0130.info MReso=256 Process=60 deltaRcut=0 ghz1=1,0 ghzgs2=0,0 pTjetcut=15
   
   Input Parameter:
    Collider: P-P, sqrt(s)=13000.00
    Resonance: spin=0, mass= 256.00 width=   0.00407
    Z-boson: mass=91.188, width=2.4952
    W-boson: mass=80.399, width=2.0850
    Jet cuts:
            pT >=    15.00 GeV
         |eta| <= Infinity
        DeltaR >=     0.00
           mJJ >=     0.00 GeV
    Random seed:   252276020
    To reproduce results using this seed, JHUGen should be compiled with the same compiler:
      GNU Fortran (GCC) 4.8.2
    
    WidthScheme:   2
    LHAPDF set NNPDF30_lo_as_0130/NNPDF30_lo_as_0130.info, member=  0
    Unweighted: F
    Intermediate off-shell photons: T
    
    spin-0-VV couplings: 
      generate_as=F
      ghg2=  0.10000000E+01  0.00000000E+00i
      ghz1=  0.10000000E+01  0.00000000E+00i
      Lambda=  1000.0
    
    LHE output: ./data/output.lhe
    Histogram output: ./data/output.dat
    Log file: ./data/output.log
    
  Running

  Input parameters for vegas:  ndim=  9   ncall= 99999999.
                              it=    0    itmx=   15
                              acc=-1.00    
                              mds=  0     nd=  50
                              (xl,xu)= (  0.00000     ,  1.00000     )
                                       (  0.00000     ,  1.00000     )
                                       (  0.00000     ,  1.00000     )
                                       (  0.00000     ,  1.00000     )
                                       (  0.00000     ,  1.00000     )
                                       (  0.00000     ,  1.00000     )
                                       (  0.00000     ,  1.00000     )
                                       (  0.00000     ,  1.00000     )
                                       (  0.00000     ,  1.00000     )

#********** Integration by Vegas (iteration       1) ************
#                                                               *
#  integral  =  296.02806       accum. integral =  296.02806    *
#  std. dev. =  98.044250       accum. std. dev =  98.044250    *
#   min/max. wt. =    0.00000             97.4927               *
#                                                               *
#*************   chi**2/iteration =  0.000       ****************


#********** Integration by Vegas (iteration       2) ************
#                                                               *
#  integral  =  249.37563       accum. integral =  249.67465    *
#  std. dev. =  6.6336125       accum. std. dev =  7.2572303    *
#   min/max. wt. =    0.00000             2.77873               *
#                                                               *
#*************   chi**2/iteration = 0.2629       ****************


#********** Integration by Vegas (iteration       3) ************
#                                                               *
#  integral  =  327.39040       accum. integral =  264.90282    *
#  std. dev. =  17.584854       accum. std. dev =  6.9590917    *
#   min/max. wt. =  -0.956220E-11         17.1005               *
#                                                               *
#*************   chi**2/iteration =  9.934       ****************


#********** Integration by Vegas (iteration       4) ************
#                                                               *
#  integral  =  319.51685       accum. integral =  314.51410    *
#  std. dev. =  2.4124051       accum. std. dev =  2.1561056    *
#   min/max. wt. =    0.00000             1.16691               *
#                                                               *
#*************   chi**2/iteration =  24.11       ****************


#********** Integration by Vegas (iteration       5) ************
#                                                               *
#  integral  =  321.26222       accum. integral =  320.84326    *
#  std. dev. = 0.59479906       accum. std. dev = 0.54521991    *
#   min/max. wt. =    0.00000            0.328212               *
#                                                               *
#*************   chi**2/iteration =  19.79       ****************


#********** Integration by Vegas (iteration       6) ************
#                                                               *
#  integral  =  321.49879       accum. integral =  321.34154    *
#  std. dev. = 0.32384153       accum. std. dev = 0.26964844    *
#   min/max. wt. =    0.00000            0.504122E-01           *
#                                                               *
#*************   chi**2/iteration =  15.74       ****************


#********** Integration by Vegas (iteration       7) ************
#                                                               *
#  integral  =  321.80513       accum. integral =  321.62658    *
#  std. dev. = 0.22367222       accum. std. dev = 0.16851658    *
#   min/max. wt. =    0.00000            0.141273E-01           *
#                                                               *
#*************   chi**2/iteration =  13.24       ****************


#********** Integration by Vegas (iteration       8) ************
#                                                               *
#  integral  =  321.59810       accum. integral =  321.61503    *
#  std. dev. = 0.21218215       accum. std. dev = 0.13058440    *
#   min/max. wt. =    0.00000            0.247653E-01           *
#                                                               *
#*************   chi**2/iteration =  11.23       ****************


#********** Integration by Vegas (iteration       9) ************
#                                                               *
#  integral  =  321.84126       accum. integral =  321.68333    *
#  std. dev. = 0.20565057       accum. std. dev = 0.10954608    *
#   min/max. wt. =    0.00000            0.147739E-01           *
#                                                               *
#*************   chi**2/iteration =  9.862       ****************


#********** Integration by Vegas (iteration      10) ************
#                                                               *
#  integral  =  321.99140       accum. integral =  321.75540    *
#  std. dev. = 0.20456783       accum. std. dev = 0.96190997E-01*
#   min/max. wt. =    0.00000            0.128725E-01           *
#                                                               *
#*************   chi**2/iteration =  8.914       ****************


#********** Integration by Vegas (iteration      11) ************
#                                                               *
#  integral  =  321.70620       accum. integral =  321.74597    *
#  std. dev. = 0.20302058       accum. std. dev = 0.86703969E-01*
#   min/max. wt. =    0.00000            0.107640E-01           *
#                                                               *
#*************   chi**2/iteration =  7.987       ****************


#********** Integration by Vegas (iteration      12) ************
#                                                               *
#  integral  =  321.55121       accum. integral =  321.71508    *
#  std. dev. = 0.20463309       accum. std. dev = 0.79697571E-01*
#   min/max. wt. =    0.00000            0.168915E-01           *
#                                                               *
#*************   chi**2/iteration =  7.303       ****************


#********** Integration by Vegas (iteration      13) ************
#                                                               *
#  integral  =  321.72310       accum. integral =  321.71619    *
#  std. dev. = 0.20411246       accum. std. dev = 0.74143880E-01*
#   min/max. wt. =    0.00000            0.997572E-02           *
#                                                               *
#*************   chi**2/iteration =  6.671       ****************


#********** Integration by Vegas (iteration      14) ************
#                                                               *
#  integral  =  321.65618       accum. integral =  321.70907    *
#  std. dev. = 0.20635785       accum. std. dev = 0.69713459E-01*
#   min/max. wt. =    0.00000            0.121893E-01           *
#                                                               *
#*************   chi**2/iteration =  6.145       ****************


#********** Integration by Vegas (iteration      15) ************
#                                                               *
#  integral  =  321.68641       accum. integral =  321.70666    *
#  std. dev. = 0.20593369       accum. std. dev = 0.65985545E-01*
#   min/max. wt. =    0.00000            0.100828E-01           *
#                                                               *
#*************   chi**2/iteration =  5.692       ****************

 ****************************************************
 * Writing out vegas grid to ./data/output.grid                                                      
 ****************************************************

  Input parameters for vegas:  ndim=  9   ncall= 99999999.
                              it=    0    itmx=    2
                              acc=-1.00    
                              mds=  0     nd=  50
                              (xl,xu)= (  0.00000     ,  1.00000     )
                                       (  0.00000     ,  1.00000     )
                                       (  0.00000     ,  1.00000     )
                                       (  0.00000     ,  1.00000     )
                                       (  0.00000     ,  1.00000     )
                                       (  0.00000     ,  1.00000     )
                                       (  0.00000     ,  1.00000     )
                                       (  0.00000     ,  1.00000     )
                                       (  0.00000     ,  1.00000     )

#********** Integration by Vegas (iteration       1) ************
#                                                               *
#  integral  =  321.58221       accum. integral =  321.58221    *
#  std. dev. = 0.20614048       accum. std. dev = 0.20614048    *
#   min/max. wt. =    0.00000            0.109678E-01           *
#                                                               *
#*************   chi**2/iteration =  0.000       ****************


#********** Integration by Vegas (iteration       2) ************
#                                                               *
#  integral  =  321.41499       accum. integral =  321.49970    *
#  std. dev. = 0.20877551       accum. std. dev = 0.14668560    *
#   min/max. wt. =    0.00000            0.161339E-01           *
#                                                               *
#*************   chi**2/iteration = 0.3245       ****************

 Done
