SLURM job running in:  /work-zfs/lhc/heshy/JHUGen/xsecs/JHUGen/JHUGenerator
LHAPDF 6.1.5 loading /work-zfs/lhc/cms/slc6_amd64_gcc493/external/lhapdf/6.1.5-kpegke3/share/LHAPDF/NNPDF30_lo_as_0130/NNPDF30_lo_as_0130_0000.dat
NNPDF30_lo_as_0130 PDF set, member #0, version 2; LHAPDF ID = 263000
 extending no. of histograms for vbf tests
 
  
  ***************************************************************************************
  *                                JHU Generator v7.0.2                                 *
  ***************************************************************************************
  *                                                                                     *
  *   Spin and parity determination of single-produced resonances at hadron colliders   *
  *                                                                                     *
  *          I. Anderson, S. Bolognesi, F. Caola, Y. Gao, A. Gritsan, Z. Guo,           *
  *        C. Martin, K. Melnikov, R. Rontsch, H. Roskes, U. Sarica, M. Schulze,        *
  *                   N. Tran, A. Whitbeck, M. Xiao, C. You, Y. Zhou                    *
  *              Phys.Rev. D81 (2010) 075022;  arXiv:1001.3396  [hep-ph],               *
  *              Phys.Rev. D86 (2012) 095031;  arXiv:1208.4018  [hep-ph],               *
  *              Phys.Rev. D89 (2014) 035007;  arXiv:1309.4819  [hep-ph],               *
  *              Phys.Rev. D94 (2016) 055023;  arXiv:1606.03107 [hep-ph].               *
  *                                                                                     *
  ***************************************************************************************
  
   
   Command line: ./JHUGen Unweighted=0 VegasNc0=99999999 VegasNc1=99999999 VegasNc2=99999999 LHAPDF=NNPDF30_lo_as_0130/NNPDF30_lo_as_0130.info MReso=326 Process=60 deltaRcut=0 ghz1=1,0 ghzgs2=0,0 pTjetcut=15
   
   Input Parameter:
    Collider: P-P, sqrt(s)=13000.00
    Resonance: spin=0, mass= 326.00 width=   0.00407
    Z-boson: mass=91.188, width=2.4952
    W-boson: mass=80.399, width=2.0850
    Jet cuts:
            pT >=    15.00 GeV
         |eta| <= Infinity
        DeltaR >=     0.00
           mJJ >=     0.00 GeV
    Random seed:   774992065
    To reproduce results using this seed, JHUGen should be compiled with the same compiler:
      GNU Fortran (GCC) 4.8.2
    
    WidthScheme:   2
    LHAPDF set NNPDF30_lo_as_0130/NNPDF30_lo_as_0130.info, member=  0
    Unweighted: F
    Intermediate off-shell photons: T
    
    spin-0-VV couplings: 
      generate_as=F
      ghg2=  0.10000000E+01  0.00000000E+00i
      ghz1=  0.10000000E+01  0.00000000E+00i
      Lambda=  1000.0
    
    LHE output: ./data/output.lhe
    Histogram output: ./data/output.dat
    Log file: ./data/output.log
    
  Running

  Input parameters for vegas:  ndim=  9   ncall= 99999999.
                              it=    0    itmx=   15
                              acc=-1.00    
                              mds=  0     nd=  50
                              (xl,xu)= (  0.00000     ,  1.00000     )
                                       (  0.00000     ,  1.00000     )
                                       (  0.00000     ,  1.00000     )
                                       (  0.00000     ,  1.00000     )
                                       (  0.00000     ,  1.00000     )
                                       (  0.00000     ,  1.00000     )
                                       (  0.00000     ,  1.00000     )
                                       (  0.00000     ,  1.00000     )
                                       (  0.00000     ,  1.00000     )

#********** Integration by Vegas (iteration       1) ************
#                                                               *
#  integral  =  151.09740       accum. integral =  151.09740    *
#  std. dev. =  18.958403       accum. std. dev =  18.958403    *
#   min/max. wt. =    0.00000             13.8633               *
#                                                               *
#*************   chi**2/iteration =  0.000       ****************


#********** Integration by Vegas (iteration       2) ************
#                                                               *
#  integral  =  162.80300       accum. integral =  162.21044    *
#  std. dev. =  4.7168994       accum. std. dev =  4.4338138    *
#   min/max. wt. =    0.00000             2.38787               *
#                                                               *
#*************   chi**2/iteration = 0.3346       ****************


#********** Integration by Vegas (iteration       3) ************
#                                                               *
#  integral  =  222.07854       accum. integral =  169.36825    *
#  std. dev. =  17.012889       accum. std. dev =  4.8035329    *
#   min/max. wt. =    0.00000             15.9901               *
#                                                               *
#*************   chi**2/iteration =  8.297       ****************


#********** Integration by Vegas (iteration       4) ************
#                                                               *
#  integral  =  216.96071       accum. integral =  196.88373    *
#  std. dev. =  4.9091409       accum. std. dev =  3.2838440    *
#   min/max. wt. =    0.00000             4.58264               *
#                                                               *
#*************   chi**2/iteration =  22.06       ****************


#********** Integration by Vegas (iteration       5) ************
#                                                               *
#  integral  =  212.53446       accum. integral =  211.25012    *
#  std. dev. =  1.0933009       accum. std. dev = 0.96301122    *
#   min/max. wt. =    0.00000            0.349862               *
#                                                               *
#*************   chi**2/iteration =  20.76       ****************


#********** Integration by Vegas (iteration       6) ************
#                                                               *
#  integral  =  211.34887       accum. integral =  211.34449    *
#  std. dev. = 0.22424761       accum. std. dev = 0.20552756    *
#   min/max. wt. =    0.00000            0.448360E-01           *
#                                                               *
#*************   chi**2/iteration =  16.16       ****************


#********** Integration by Vegas (iteration       7) ************
#                                                               *
#  integral  =  210.92451       accum. integral =  211.06479    *
#  std. dev. = 0.15493997       accum. std. dev = 0.11990639    *
#   min/max. wt. =    0.00000            0.167873E-01           *
#                                                               *
#*************   chi**2/iteration =  13.67       ****************


#********** Integration by Vegas (iteration       8) ************
#                                                               *
#  integral  =  211.08850       accum. integral =  211.07585    *
#  std. dev. = 0.13526044       accum. std. dev = 0.88181884E-01*
#   min/max. wt. =    0.00000            0.635976E-02           *
#                                                               *
#*************   chi**2/iteration =  11.55       ****************


#********** Integration by Vegas (iteration       9) ************
#                                                               *
#  integral  =  210.80412       accum. integral =  210.98448    *
#  std. dev. = 0.12965750       accum. std. dev = 0.72221721E-01*
#   min/max. wt. =  -0.595350E-12        0.701858E-02           *
#                                                               *
#*************   chi**2/iteration =  10.40       ****************


#********** Integration by Vegas (iteration      10) ************
#                                                               *
#  integral  =  210.82531       accum. integral =  210.94436    *
#  std. dev. = 0.12951459       accum. std. dev = 0.62720318E-01*
#   min/max. wt. =    0.00000            0.603477E-02           *
#                                                               *
#*************   chi**2/iteration =  9.302       ****************


#********** Integration by Vegas (iteration      11) ************
#                                                               *
#  integral  =  211.35044       accum. integral =  211.02679    *
#  std. dev. = 0.12917299       accum. std. dev = 0.56197827E-01*
#   min/max. wt. =    0.00000            0.983973E-02           *
#                                                               *
#*************   chi**2/iteration =  9.156       ****************


#********** Integration by Vegas (iteration      12) ************
#                                                               *
#  integral  =  210.81213       accum. integral =  210.99068    *
#  std. dev. = 0.12907587       accum. std. dev = 0.51395994E-01*
#   min/max. wt. =    0.00000            0.122624E-01           *
#                                                               *
#*************   chi**2/iteration =  8.499       ****************


#********** Integration by Vegas (iteration      13) ************
#                                                               *
#  integral  =  211.09709       accum. integral =  211.00597    *
#  std. dev. = 0.12937604       accum. std. dev = 0.47674996E-01*
#   min/max. wt. =    0.00000            0.635853E-02           *
#                                                               *
#*************   chi**2/iteration =  7.804       ****************


#********** Integration by Vegas (iteration      14) ************
#                                                               *
#  integral  =  211.08486       accum. integral =  211.01571    *
#  std. dev. = 0.13069726       accum. std. dev = 0.44728251E-01*
#   min/max. wt. =    0.00000            0.159623E-01           *
#                                                               *
#*************   chi**2/iteration =  7.199       ****************


#********** Integration by Vegas (iteration      15) ************
#                                                               *
#  integral  =  210.80113       accum. integral =  210.99168    *
#  std. dev. = 0.12913389       accum. std. dev = 0.42221044E-01*
#   min/max. wt. =    0.00000            0.402392E-02           *
#                                                               *
#*************   chi**2/iteration =  6.846       ****************

 ****************************************************
 * Writing out vegas grid to ./data/output.grid                                                      
 ****************************************************

  Input parameters for vegas:  ndim=  9   ncall= 99999999.
                              it=    0    itmx=    2
                              acc=-1.00    
                              mds=  0     nd=  50
                              (xl,xu)= (  0.00000     ,  1.00000     )
                                       (  0.00000     ,  1.00000     )
                                       (  0.00000     ,  1.00000     )
                                       (  0.00000     ,  1.00000     )
                                       (  0.00000     ,  1.00000     )
                                       (  0.00000     ,  1.00000     )
                                       (  0.00000     ,  1.00000     )
                                       (  0.00000     ,  1.00000     )
                                       (  0.00000     ,  1.00000     )

#********** Integration by Vegas (iteration       1) ************
#                                                               *
#  integral  =  211.25496       accum. integral =  211.25496    *
#  std. dev. = 0.13057588       accum. std. dev = 0.13057588    *
#   min/max. wt. =  -0.483915E-08        0.591052E-02           *
#                                                               *
#*************   chi**2/iteration =  0.000       ****************


#********** Integration by Vegas (iteration       2) ************
#                                                               *
#  integral  =  210.71249       accum. integral =  210.98636    *
#  std. dev. = 0.13151331       accum. std. dev = 0.92659891E-01*
#   min/max. wt. =    0.00000            0.133418E-01           *
#                                                               *
#*************   chi**2/iteration =  8.559       ****************

 Done
