SLURM job running in:  /work-zfs/lhc/heshy/JHUGen/xsecs/JHUGen/JHUGenerator
LHAPDF 6.1.5 loading /work-zfs/lhc/cms/slc6_amd64_gcc493/external/lhapdf/6.1.5-kpegke3/share/LHAPDF/NNPDF30_lo_as_0130/NNPDF30_lo_as_0130_0000.dat
NNPDF30_lo_as_0130 PDF set, member #0, version 2; LHAPDF ID = 263000
 extending no. of histograms for vbf tests
 
  
  ***************************************************************************************
  *                                JHU Generator v7.0.2                                 *
  ***************************************************************************************
  *                                                                                     *
  *   Spin and parity determination of single-produced resonances at hadron colliders   *
  *                                                                                     *
  *          I. Anderson, S. Bolognesi, F. Caola, Y. Gao, A. Gritsan, Z. Guo,           *
  *        C. Martin, K. Melnikov, R. Rontsch, H. Roskes, U. Sarica, M. Schulze,        *
  *                   N. Tran, A. Whitbeck, M. Xiao, C. You, Y. Zhou                    *
  *              Phys.Rev. D81 (2010) 075022;  arXiv:1001.3396  [hep-ph],               *
  *              Phys.Rev. D86 (2012) 095031;  arXiv:1208.4018  [hep-ph],               *
  *              Phys.Rev. D89 (2014) 035007;  arXiv:1309.4819  [hep-ph],               *
  *              Phys.Rev. D94 (2016) 055023;  arXiv:1606.03107 [hep-ph].               *
  *                                                                                     *
  ***************************************************************************************
  
   
   Command line: ./JHUGen Unweighted=0 VegasNc0=99999999 VegasNc1=99999999 VegasNc2=99999999 LHAPDF=NNPDF30_lo_as_0130/NNPDF30_lo_as_0130.info MReso=344 Process=60 deltaRcut=0 ghz1=1,0 ghzgs2=0,0 pTjetcut=15
   
   Input Parameter:
    Collider: P-P, sqrt(s)=13000.00
    Resonance: spin=0, mass= 344.00 width=   0.00407
    Z-boson: mass=91.188, width=2.4952
    W-boson: mass=80.399, width=2.0850
    Jet cuts:
            pT >=    15.00 GeV
         |eta| <= Infinity
        DeltaR >=     0.00
           mJJ >=     0.00 GeV
    Random seed:   430249250
    To reproduce results using this seed, JHUGen should be compiled with the same compiler:
      GNU Fortran (GCC) 4.8.2
    
    WidthScheme:   2
    LHAPDF set NNPDF30_lo_as_0130/NNPDF30_lo_as_0130.info, member=  0
    Unweighted: F
    Intermediate off-shell photons: T
    
    spin-0-VV couplings: 
      generate_as=F
      ghg2=  0.10000000E+01  0.00000000E+00i
      ghz1=  0.10000000E+01  0.00000000E+00i
      Lambda=  1000.0
    
    LHE output: ./data/output.lhe
    Histogram output: ./data/output.dat
    Log file: ./data/output.log
    
  Running

  Input parameters for vegas:  ndim=  9   ncall= 99999999.
                              it=    0    itmx=   15
                              acc=-1.00    
                              mds=  0     nd=  50
                              (xl,xu)= (  0.00000     ,  1.00000     )
                                       (  0.00000     ,  1.00000     )
                                       (  0.00000     ,  1.00000     )
                                       (  0.00000     ,  1.00000     )
                                       (  0.00000     ,  1.00000     )
                                       (  0.00000     ,  1.00000     )
                                       (  0.00000     ,  1.00000     )
                                       (  0.00000     ,  1.00000     )
                                       (  0.00000     ,  1.00000     )

#********** Integration by Vegas (iteration       1) ************
#                                                               *
#  integral  =  116.92126       accum. integral =  116.92126    *
#  std. dev. =  10.238630       accum. std. dev =  10.238630    *
#   min/max. wt. =    0.00000             9.90926               *
#                                                               *
#*************   chi**2/iteration =  0.000       ****************


#********** Integration by Vegas (iteration       2) ************
#                                                               *
#  integral  =  166.88490       accum. integral =  133.70053    *
#  std. dev. =  20.551604       accum. std. dev =  10.282716    *
#   min/max. wt. =    0.00000             19.5538               *
#                                                               *
#*************   chi**2/iteration =  5.261       ****************


#********** Integration by Vegas (iteration       3) ************
#                                                               *
#  integral  =  184.97655       accum. integral =  165.73514    *
#  std. dev. =  10.230891       accum. std. dev =  6.9461501    *
#   min/max. wt. =    0.00000             9.08465               *
#                                                               *
#*************   chi**2/iteration =  8.549       ****************


#********** Integration by Vegas (iteration       4) ************
#                                                               *
#  integral  =  201.88741       accum. integral =  175.80823    *
#  std. dev. =  14.201174       accum. std. dev =  6.3365677    *
#   min/max. wt. =    0.00000             14.1463               *
#                                                               *
#*************   chi**2/iteration =  7.121       ****************


#********** Integration by Vegas (iteration       5) ************
#                                                               *
#  integral  =  187.97177       accum. integral =  187.15395    *
#  std. dev. =  1.8738545       accum. std. dev =  1.6777299    *
#   min/max. wt. =  -0.118301E-16        0.849559               *
#                                                               *
#*************   chi**2/iteration =  5.947       ****************


#********** Integration by Vegas (iteration       6) ************
#                                                               *
#  integral  =  190.54729       accum. integral =  190.48284    *
#  std. dev. = 0.25527207       accum. std. dev = 0.23496253    *
#   min/max. wt. =    0.00000            0.326403E-01           *
#                                                               *
#*************   chi**2/iteration =  5.384       ****************


#********** Integration by Vegas (iteration       7) ************
#                                                               *
#  integral  =  190.72305       accum. integral =  190.65989    *
#  std. dev. = 0.15114428       accum. std. dev = 0.12184793    *
#   min/max. wt. =    0.00000            0.317722E-01           *
#                                                               *
#*************   chi**2/iteration =  4.512       ****************


#********** Integration by Vegas (iteration       8) ************
#                                                               *
#  integral  =  190.64318       accum. integral =  190.65129    *
#  std. dev. = 0.12602367       accum. std. dev = 0.85613136E-01*
#   min/max. wt. =    0.00000            0.747306E-02           *
#                                                               *
#*************   chi**2/iteration =  3.806       ****************


#********** Integration by Vegas (iteration       9) ************
#                                                               *
#  integral  =  190.72452       accum. integral =  190.67815    *
#  std. dev. = 0.11880815       accum. std. dev = 0.68561737E-01*
#   min/max. wt. =    0.00000            0.469106E-02           *
#                                                               *
#*************   chi**2/iteration =  3.321       ****************


#********** Integration by Vegas (iteration      10) ************
#                                                               *
#  integral  =  190.71518       accum. integral =  190.68826    *
#  std. dev. = 0.11739441       accum. std. dev = 0.58751224E-01*
#   min/max. wt. =    0.00000            0.744257E-02           *
#                                                               *
#*************   chi**2/iteration =  2.931       ****************


#********** Integration by Vegas (iteration      11) ************
#                                                               *
#  integral  =  190.79802       accum. integral =  190.71220    *
#  std. dev. = 0.11620643       accum. std. dev = 0.52166028E-01*
#   min/max. wt. =    0.00000            0.491899E-02           *
#                                                               *
#*************   chi**2/iteration =  2.692       ****************


#********** Integration by Vegas (iteration      12) ************
#                                                               *
#  integral  =  190.82854       accum. integral =  190.73312    *
#  std. dev. = 0.11590730       accum. std. dev = 0.47404944E-01*
#   min/max. wt. =    0.00000            0.624040E-02           *
#                                                               *
#*************   chi**2/iteration =  2.511       ****************


#********** Integration by Vegas (iteration      13) ************
#                                                               *
#  integral  =  190.73973       accum. integral =  190.73413    *
#  std. dev. = 0.11594174       accum. std. dev = 0.43771991E-01*
#   min/max. wt. =  -0.331768E-12        0.494985E-02           *
#                                                               *
#*************   chi**2/iteration =  2.289       ****************


#********** Integration by Vegas (iteration      14) ************
#                                                               *
#  integral  =  190.61059       accum. integral =  190.71799    *
#  std. dev. = 0.11659821       accum. std. dev = 0.40908857E-01*
#   min/max. wt. =    0.00000            0.550054E-02           *
#                                                               *
#*************   chi**2/iteration =  2.183       ****************


#********** Integration by Vegas (iteration      15) ************
#                                                               *
#  integral  =  190.52683       accum. integral =  190.69664    *
#  std. dev. = 0.11882290       accum. std. dev = 0.38634752E-01*
#   min/max. wt. =    0.00000            0.952320E-02           *
#                                                               *
#*************   chi**2/iteration =  2.192       ****************

 ****************************************************
 * Writing out vegas grid to ./data/output.grid                                                      
 ****************************************************

  Input parameters for vegas:  ndim=  9   ncall= 99999999.
                              it=    0    itmx=    2
                              acc=-1.00    
                              mds=  0     nd=  50
                              (xl,xu)= (  0.00000     ,  1.00000     )
                                       (  0.00000     ,  1.00000     )
                                       (  0.00000     ,  1.00000     )
                                       (  0.00000     ,  1.00000     )
                                       (  0.00000     ,  1.00000     )
                                       (  0.00000     ,  1.00000     )
                                       (  0.00000     ,  1.00000     )
                                       (  0.00000     ,  1.00000     )
                                       (  0.00000     ,  1.00000     )

#********** Integration by Vegas (iteration       1) ************
#                                                               *
#  integral  =  190.48439       accum. integral =  190.48439    *
#  std. dev. = 0.11808625       accum. std. dev = 0.11808625    *
#   min/max. wt. =    0.00000            0.450661E-02           *
#                                                               *
#*************   chi**2/iteration =  0.000       ****************


#********** Integration by Vegas (iteration       2) ************
#                                                               *
#  integral  =  190.72519       accum. integral =  190.60090    *
#  std. dev. = 0.12212480       accum. std. dev = 0.84893229E-01*
#   min/max. wt. =  -0.730857E-09        0.227061E-01           *
#                                                               *
#*************   chi**2/iteration =  2.007       ****************

 Done
