SLURM job running in:  /work-zfs/lhc/heshy/JHUGen/xsecs/JHUGen/JHUGenerator
LHAPDF 6.1.5 loading /work-zfs/lhc/cms/slc6_amd64_gcc493/external/lhapdf/6.1.5-kpegke3/share/LHAPDF/NNPDF30_lo_as_0130/NNPDF30_lo_as_0130_0000.dat
NNPDF30_lo_as_0130 PDF set, member #0, version 2; LHAPDF ID = 263000
 extending no. of histograms for vbf tests
 
  
  ***************************************************************************************
  *                                JHU Generator v7.0.2                                 *
  ***************************************************************************************
  *                                                                                     *
  *   Spin and parity determination of single-produced resonances at hadron colliders   *
  *                                                                                     *
  *          I. Anderson, S. Bolognesi, F. Caola, Y. Gao, A. Gritsan, Z. Guo,           *
  *        C. Martin, K. Melnikov, R. Rontsch, H. Roskes, U. Sarica, M. Schulze,        *
  *                   N. Tran, A. Whitbeck, M. Xiao, C. You, Y. Zhou                    *
  *              Phys.Rev. D81 (2010) 075022;  arXiv:1001.3396  [hep-ph],               *
  *              Phys.Rev. D86 (2012) 095031;  arXiv:1208.4018  [hep-ph],               *
  *              Phys.Rev. D89 (2014) 035007;  arXiv:1309.4819  [hep-ph],               *
  *              Phys.Rev. D94 (2016) 055023;  arXiv:1606.03107 [hep-ph].               *
  *                                                                                     *
  ***************************************************************************************
  
   
   Command line: ./JHUGen Unweighted=0 VegasNc0=99999999 VegasNc1=99999999 VegasNc2=99999999 LHAPDF=NNPDF30_lo_as_0130/NNPDF30_lo_as_0130.info MReso=348 Process=60 deltaRcut=0 ghz1=1,0 ghzgs2=0,0 pTjetcut=15
   
   Input Parameter:
    Collider: P-P, sqrt(s)=13000.00
    Resonance: spin=0, mass= 348.00 width=   0.00407
    Z-boson: mass=91.188, width=2.4952
    W-boson: mass=80.399, width=2.0850
    Jet cuts:
            pT >=    15.00 GeV
         |eta| <= Infinity
        DeltaR >=     0.00
           mJJ >=     0.00 GeV
    Random seed:   608106488
    To reproduce results using this seed, JHUGen should be compiled with the same compiler:
      GNU Fortran (GCC) 4.8.2
    
    WidthScheme:   2
    LHAPDF set NNPDF30_lo_as_0130/NNPDF30_lo_as_0130.info, member=  0
    Unweighted: F
    Intermediate off-shell photons: T
    
    spin-0-VV couplings: 
      generate_as=F
      ghg2=  0.10000000E+01  0.00000000E+00i
      ghz1=  0.10000000E+01  0.00000000E+00i
      Lambda=  1000.0
    
    LHE output: ./data/output.lhe
    Histogram output: ./data/output.dat
    Log file: ./data/output.log
    
  Running

  Input parameters for vegas:  ndim=  9   ncall= 99999999.
                              it=    0    itmx=   15
                              acc=-1.00    
                              mds=  0     nd=  50
                              (xl,xu)= (  0.00000     ,  1.00000     )
                                       (  0.00000     ,  1.00000     )
                                       (  0.00000     ,  1.00000     )
                                       (  0.00000     ,  1.00000     )
                                       (  0.00000     ,  1.00000     )
                                       (  0.00000     ,  1.00000     )
                                       (  0.00000     ,  1.00000     )
                                       (  0.00000     ,  1.00000     )
                                       (  0.00000     ,  1.00000     )

#********** Integration by Vegas (iteration       1) ************
#                                                               *
#  integral  =  114.79307       accum. integral =  114.79307    *
#  std. dev. =  6.9644624       accum. std. dev =  6.9644624    *
#   min/max. wt. =    0.00000             4.76563               *
#                                                               *
#*************   chi**2/iteration =  0.000       ****************


#********** Integration by Vegas (iteration       2) ************
#                                                               *
#  integral  =  185.90801       accum. integral =  124.20424    *
#  std. dev. =  28.880449       accum. std. dev =  8.7311222    *
#   min/max. wt. =    0.00000             27.3303               *
#                                                               *
#*************   chi**2/iteration =  7.610       ****************


#********** Integration by Vegas (iteration       3) ************
#                                                               *
#  integral  =  186.23404       accum. integral =  166.11464    *
#  std. dev. =  7.2921073       accum. std. dev =  5.3347806    *
#   min/max. wt. =    0.00000             3.94061               *
#                                                               *
#*************   chi**2/iteration =  18.11       ****************


#********** Integration by Vegas (iteration       4) ************
#                                                               *
#  integral  =  185.70812       accum. integral =  185.22542    *
#  std. dev. = 0.94991552       accum. std. dev = 0.86364066    *
#   min/max. wt. =    0.00000            0.414160               *
#                                                               *
#*************   chi**2/iteration =  15.47       ****************


#********** Integration by Vegas (iteration       5) ************
#                                                               *
#  integral  =  186.58122       accum. integral =  186.48578    *
#  std. dev. = 0.25935924       accum. std. dev = 0.23346655    *
#   min/max. wt. =    0.00000            0.530661E-01           *
#                                                               *
#*************   chi**2/iteration =  11.73       ****************


#********** Integration by Vegas (iteration       6) ************
#                                                               *
#  integral  =  186.36124       accum. integral =  186.39227    *
#  std. dev. = 0.14388679       accum. std. dev = 0.11793542    *
#   min/max. wt. =    0.00000            0.177114E-01           *
#                                                               *
#*************   chi**2/iteration =  9.206       ****************


#********** Integration by Vegas (iteration       7) ************
#                                                               *
#  integral  =  186.52053       accum. integral =  186.45646    *
#  std. dev. = 0.12466273       accum. std. dev = 0.84060723E-01*
#   min/max. wt. =    0.00000            0.129529E-01           *
#                                                               *
#*************   chi**2/iteration =  7.640       ****************


#********** Integration by Vegas (iteration       8) ************
#                                                               *
#  integral  =  186.54136       accum. integral =  186.48649    *
#  std. dev. = 0.11922499       accum. std. dev = 0.68003097E-01*
#   min/max. wt. =    0.00000            0.215859E-01           *
#                                                               *
#*************   chi**2/iteration =  6.518       ****************


#********** Integration by Vegas (iteration       9) ************
#                                                               *
#  integral  =  186.62752       accum. integral =  186.52512    *
#  std. dev. = 0.11550885       accum. std. dev = 0.58230559E-01*
#   min/max. wt. =    0.00000            0.770865E-02           *
#                                                               *
#*************   chi**2/iteration =  5.794       ****************


#********** Integration by Vegas (iteration      10) ************
#                                                               *
#  integral  =  186.26032       accum. integral =  186.46646    *
#  std. dev. = 0.11310429       accum. std. dev = 0.51566555E-01*
#   min/max. wt. =    0.00000            0.569964E-02           *
#                                                               *
#*************   chi**2/iteration =  5.618       ****************


#********** Integration by Vegas (iteration      11) ************
#                                                               *
#  integral  =  186.47001       accum. integral =  186.46711    *
#  std. dev. = 0.11246835       accum. std. dev = 0.46743762E-01*
#   min/max. wt. =    0.00000            0.574651E-02           *
#                                                               *
#*************   chi**2/iteration =  5.025       ****************


#********** Integration by Vegas (iteration      12) ************
#                                                               *
#  integral  =  186.53255       accum. integral =  186.47728    *
#  std. dev. = 0.11231531       accum. std. dev = 0.43069920E-01*
#   min/max. wt. =  -0.307709E-07        0.591813E-02           *
#                                                               *
#*************   chi**2/iteration =  4.572       ****************


#********** Integration by Vegas (iteration      13) ************
#                                                               *
#  integral  =  186.29001       accum. integral =  186.45220    *
#  std. dev. = 0.11243986       accum. std. dev = 0.40165172E-01*
#   min/max. wt. =    0.00000            0.668277E-02           *
#                                                               *
#*************   chi**2/iteration =  4.384       ****************


#********** Integration by Vegas (iteration      14) ************
#                                                               *
#  integral  =  186.39430       accum. integral =  186.44540    *
#  std. dev. = 0.11282377       accum. std. dev = 0.37799682E-01*
#   min/max. wt. =    0.00000            0.896930E-02           *
#                                                               *
#*************   chi**2/iteration =  4.051       ****************


#********** Integration by Vegas (iteration      15) ************
#                                                               *
#  integral  =  186.47550       accum. integral =  186.44851    *
#  std. dev. = 0.11391393       accum. std. dev = 0.35848295E-01*
#   min/max. wt. =    0.00000            0.656669E-02           *
#                                                               *
#*************   chi**2/iteration =  3.754       ****************

 ****************************************************
 * Writing out vegas grid to ./data/output.grid                                                      
 ****************************************************

  Input parameters for vegas:  ndim=  9   ncall= 99999999.
                              it=    0    itmx=    2
                              acc=-1.00    
                              mds=  0     nd=  50
                              (xl,xu)= (  0.00000     ,  1.00000     )
                                       (  0.00000     ,  1.00000     )
                                       (  0.00000     ,  1.00000     )
                                       (  0.00000     ,  1.00000     )
                                       (  0.00000     ,  1.00000     )
                                       (  0.00000     ,  1.00000     )
                                       (  0.00000     ,  1.00000     )
                                       (  0.00000     ,  1.00000     )
                                       (  0.00000     ,  1.00000     )

#********** Integration by Vegas (iteration       1) ************
#                                                               *
#  integral  =  186.36731       accum. integral =  186.36731    *
#  std. dev. = 0.11456964       accum. std. dev = 0.11456964    *
#   min/max. wt. =    0.00000            0.663230E-02           *
#                                                               *
#*************   chi**2/iteration =  0.000       ****************


#********** Integration by Vegas (iteration       2) ************
#                                                               *
#  integral  =  186.25806       accum. integral =  186.31334    *
#  std. dev. = 0.11587495       accum. std. dev = 0.81470273E-01*
#   min/max. wt. =  -0.360114E-08        0.435864E-02           *
#                                                               *
#*************   chi**2/iteration = 0.4490       ****************

 Done
