SLURM job running in:  /work-zfs/lhc/heshy/JHUGen/xsecs/JHUGen/JHUGenerator
LHAPDF 6.1.5 loading /work-zfs/lhc/cms/slc6_amd64_gcc493/external/lhapdf/6.1.5-kpegke3/share/LHAPDF/NNPDF30_lo_as_0130/NNPDF30_lo_as_0130_0000.dat
NNPDF30_lo_as_0130 PDF set, member #0, version 2; LHAPDF ID = 263000
 extending no. of histograms for vbf tests
 
  
  ***************************************************************************************
  *                                JHU Generator v7.0.2                                 *
  ***************************************************************************************
  *                                                                                     *
  *   Spin and parity determination of single-produced resonances at hadron colliders   *
  *                                                                                     *
  *          I. Anderson, S. Bolognesi, F. Caola, Y. Gao, A. Gritsan, Z. Guo,           *
  *        C. Martin, K. Melnikov, R. Rontsch, H. Roskes, U. Sarica, M. Schulze,        *
  *                   N. Tran, A. Whitbeck, M. Xiao, C. You, Y. Zhou                    *
  *              Phys.Rev. D81 (2010) 075022;  arXiv:1001.3396  [hep-ph],               *
  *              Phys.Rev. D86 (2012) 095031;  arXiv:1208.4018  [hep-ph],               *
  *              Phys.Rev. D89 (2014) 035007;  arXiv:1309.4819  [hep-ph],               *
  *              Phys.Rev. D94 (2016) 055023;  arXiv:1606.03107 [hep-ph].               *
  *                                                                                     *
  ***************************************************************************************
  
   
   Command line: ./JHUGen Unweighted=0 VegasNc0=99999999 VegasNc1=99999999 VegasNc2=99999999 LHAPDF=NNPDF30_lo_as_0130/NNPDF30_lo_as_0130.info MReso=384 Process=60 deltaRcut=0 ghz1=1,0 ghzgs2=0,0 pTjetcut=15
   
   Input Parameter:
    Collider: P-P, sqrt(s)=13000.00
    Resonance: spin=0, mass= 384.00 width=   0.00407
    Z-boson: mass=91.188, width=2.4952
    W-boson: mass=80.399, width=2.0850
    Jet cuts:
            pT >=    15.00 GeV
         |eta| <= Infinity
        DeltaR >=     0.00
           mJJ >=     0.00 GeV
    Random seed:   884297542
    To reproduce results using this seed, JHUGen should be compiled with the same compiler:
      GNU Fortran (GCC) 4.8.2
    
    WidthScheme:   2
    LHAPDF set NNPDF30_lo_as_0130/NNPDF30_lo_as_0130.info, member=  0
    Unweighted: F
    Intermediate off-shell photons: T
    
    spin-0-VV couplings: 
      generate_as=F
      ghg2=  0.10000000E+01  0.00000000E+00i
      ghz1=  0.10000000E+01  0.00000000E+00i
      Lambda=  1000.0
    
    LHE output: ./data/output.lhe
    Histogram output: ./data/output.dat
    Log file: ./data/output.log
    
  Running

  Input parameters for vegas:  ndim=  9   ncall= 99999999.
                              it=    0    itmx=   15
                              acc=-1.00    
                              mds=  0     nd=  50
                              (xl,xu)= (  0.00000     ,  1.00000     )
                                       (  0.00000     ,  1.00000     )
                                       (  0.00000     ,  1.00000     )
                                       (  0.00000     ,  1.00000     )
                                       (  0.00000     ,  1.00000     )
                                       (  0.00000     ,  1.00000     )
                                       (  0.00000     ,  1.00000     )
                                       (  0.00000     ,  1.00000     )
                                       (  0.00000     ,  1.00000     )

#********** Integration by Vegas (iteration       1) ************
#                                                               *
#  integral  =  158.54040       accum. integral =  158.54040    *
#  std. dev. =  74.493403       accum. std. dev =  74.493403    *
#   min/max. wt. =    0.00000             74.4577               *
#                                                               *
#*************   chi**2/iteration =  0.000       ****************


#********** Integration by Vegas (iteration       2) ************
#                                                               *
#  integral  =  127.79139       accum. integral =  129.46275    *
#  std. dev. =  14.395750       accum. std. dev =  15.773436    *
#   min/max. wt. =    0.00000             9.04147               *
#                                                               *
#*************   chi**2/iteration = 0.1951       ****************


#********** Integration by Vegas (iteration       3) ************
#                                                               *
#  integral  =  137.97106       accum. integral =  136.95724    *
#  std. dev. =  5.5589572       accum. std. dev =  5.3700462    *
#   min/max. wt. =    0.00000             5.13849               *
#                                                               *
#*************   chi**2/iteration = 0.2320       ****************


#********** Integration by Vegas (iteration       4) ************
#                                                               *
#  integral  =  153.42028       accum. integral =  152.34124    *
#  std. dev. =  1.5364618       accum. std. dev =  1.4032348    *
#   min/max. wt. =  -0.237964E-10        0.710409               *
#                                                               *
#*************   chi**2/iteration =  2.958       ****************


#********** Integration by Vegas (iteration       5) ************
#                                                               *
#  integral  =  153.57304       accum. integral =  153.51758    *
#  std. dev. = 0.32283801       accum. std. dev = 0.30139405    *
#   min/max. wt. =    0.00000            0.132625               *
#                                                               *
#*************   chi**2/iteration =  2.345       ****************


#********** Integration by Vegas (iteration       6) ************
#                                                               *
#  integral  =  153.74782       accum. integral =  153.71001    *
#  std. dev. = 0.14000334       accum. std. dev = 0.12313191    *
#   min/max. wt. =  -0.773608E-11        0.264229E-01           *
#                                                               *
#*************   chi**2/iteration =  1.942       ****************


#********** Integration by Vegas (iteration       7) ************
#                                                               *
#  integral  =  153.76650       accum. integral =  153.74392    *
#  std. dev. = 0.10445255       accum. std. dev = 0.78293935E-01*
#   min/max. wt. =    0.00000            0.587223E-02           *
#                                                               *
#*************   chi**2/iteration =  1.621       ****************


#********** Integration by Vegas (iteration       8) ************
#                                                               *
#  integral  =  153.52272       accum. integral =  153.65088    *
#  std. dev. = 0.94828236E-01   accum. std. dev = 0.59836035E-01*
#   min/max. wt. =    0.00000            0.500651E-02           *
#                                                               *
#*************   chi**2/iteration =  1.854       ****************


#********** Integration by Vegas (iteration       9) ************
#                                                               *
#  integral  =  153.38544       accum. integral =  153.57049    *
#  std. dev. = 0.93230519E-01   accum. std. dev = 0.50111891E-01*
#   min/max. wt. =  -0.418466E-09        0.665467E-02           *
#                                                               *
#*************   chi**2/iteration =  2.353       ****************


#********** Integration by Vegas (iteration      10) ************
#                                                               *
#  integral  =  153.58131       accum. integral =  153.57306    *
#  std. dev. = 0.92059792E-01   accum. std. dev = 0.43871000E-01*
#   min/max. wt. =    0.00000            0.421205E-02           *
#                                                               *
#*************   chi**2/iteration =  2.082       ****************


#********** Integration by Vegas (iteration      11) ************
#                                                               *
#  integral  =  153.65748       accum. integral =  153.58922    *
#  std. dev. = 0.92227676E-01   accum. std. dev = 0.39531422E-01*
#   min/max. wt. =    0.00000            0.400533E-02           *
#                                                               *
#*************   chi**2/iteration =  1.936       ****************


#********** Integration by Vegas (iteration      12) ************
#                                                               *
#  integral  =  153.58519       accum. integral =  153.58858    *
#  std. dev. = 0.92612964E-01   accum. std. dev = 0.36305050E-01*
#   min/max. wt. =    0.00000            0.412692E-02           *
#                                                               *
#*************   chi**2/iteration =  1.754       ****************


#********** Integration by Vegas (iteration      13) ************
#                                                               *
#  integral  =  153.60685       accum. integral =  153.59107    *
#  std. dev. = 0.93060131E-01   accum. std. dev = 0.33787092E-01*
#   min/max. wt. =    0.00000            0.411943E-02           *
#                                                               *
#*************   chi**2/iteration =  1.606       ****************


#********** Integration by Vegas (iteration      14) ************
#                                                               *
#  integral  =  153.50872       accum. integral =  153.58132    *
#  std. dev. = 0.93734944E-01   accum. std. dev = 0.31762071E-01*
#   min/max. wt. =    0.00000            0.510640E-02           *
#                                                               *
#*************   chi**2/iteration =  1.533       ****************


#********** Integration by Vegas (iteration      15) ************
#                                                               *
#  integral  =  153.54995       accum. integral =  153.57810    *
#  std. dev. = 0.95410893E-01   accum. std. dev = 0.30120327E-01*
#   min/max. wt. =    0.00000            0.133931E-01           *
#                                                               *
#*************   chi**2/iteration =  1.428       ****************

 ****************************************************
 * Writing out vegas grid to ./data/output.grid                                                      
 ****************************************************

  Input parameters for vegas:  ndim=  9   ncall= 99999999.
                              it=    0    itmx=    2
                              acc=-1.00    
                              mds=  0     nd=  50
                              (xl,xu)= (  0.00000     ,  1.00000     )
                                       (  0.00000     ,  1.00000     )
                                       (  0.00000     ,  1.00000     )
                                       (  0.00000     ,  1.00000     )
                                       (  0.00000     ,  1.00000     )
                                       (  0.00000     ,  1.00000     )
                                       (  0.00000     ,  1.00000     )
                                       (  0.00000     ,  1.00000     )
                                       (  0.00000     ,  1.00000     )

#********** Integration by Vegas (iteration       1) ************
#                                                               *
#  integral  =  153.52372       accum. integral =  153.52372    *
#  std. dev. = 0.94280359E-01   accum. std. dev = 0.94280359E-01*
#   min/max. wt. =    0.00000            0.389800E-02           *
#                                                               *
#*************   chi**2/iteration =  0.000       ****************


#********** Integration by Vegas (iteration       2) ************
#                                                               *
#  integral  =  153.69256       accum. integral =  153.60721    *
#  std. dev. = 0.95429934E-01   accum. std. dev = 0.67069470E-01*
#   min/max. wt. =    0.00000            0.518233E-02           *
#                                                               *
#*************   chi**2/iteration =  1.583       ****************

 Done
