SLURM job running in:  /work-zfs/lhc/heshy/JHUGen/xsecs/JHUGen/JHUGenerator
LHAPDF 6.1.5 loading /work-zfs/lhc/cms/slc6_amd64_gcc493/external/lhapdf/6.1.5-kpegke3/share/LHAPDF/NNPDF30_lo_as_0130/NNPDF30_lo_as_0130_0000.dat
NNPDF30_lo_as_0130 PDF set, member #0, version 2; LHAPDF ID = 263000
 extending no. of histograms for vbf tests
 
  
  ***************************************************************************************
  *                                JHU Generator v7.0.2                                 *
  ***************************************************************************************
  *                                                                                     *
  *   Spin and parity determination of single-produced resonances at hadron colliders   *
  *                                                                                     *
  *          I. Anderson, S. Bolognesi, F. Caola, Y. Gao, A. Gritsan, Z. Guo,           *
  *        C. Martin, K. Melnikov, R. Rontsch, H. Roskes, U. Sarica, M. Schulze,        *
  *                   N. Tran, A. Whitbeck, M. Xiao, C. You, Y. Zhou                    *
  *              Phys.Rev. D81 (2010) 075022;  arXiv:1001.3396  [hep-ph],               *
  *              Phys.Rev. D86 (2012) 095031;  arXiv:1208.4018  [hep-ph],               *
  *              Phys.Rev. D89 (2014) 035007;  arXiv:1309.4819  [hep-ph],               *
  *              Phys.Rev. D94 (2016) 055023;  arXiv:1606.03107 [hep-ph].               *
  *                                                                                     *
  ***************************************************************************************
  
   
   Command line: ./JHUGen Unweighted=0 VegasNc0=99999999 VegasNc1=99999999 VegasNc2=99999999 LHAPDF=NNPDF30_lo_as_0130/NNPDF30_lo_as_0130.info MReso=386 Process=60 deltaRcut=0 ghz1=1,0 ghzgs2=0,0 pTjetcut=15
   
   Input Parameter:
    Collider: P-P, sqrt(s)=13000.00
    Resonance: spin=0, mass= 386.00 width=   0.00407
    Z-boson: mass=91.188, width=2.4952
    W-boson: mass=80.399, width=2.0850
    Jet cuts:
            pT >=    15.00 GeV
         |eta| <= Infinity
        DeltaR >=     0.00
           mJJ >=     0.00 GeV
    Random seed:    88576449
    To reproduce results using this seed, JHUGen should be compiled with the same compiler:
      GNU Fortran (GCC) 4.8.2
    
    WidthScheme:   2
    LHAPDF set NNPDF30_lo_as_0130/NNPDF30_lo_as_0130.info, member=  0
    Unweighted: F
    Intermediate off-shell photons: T
    
    spin-0-VV couplings: 
      generate_as=F
      ghg2=  0.10000000E+01  0.00000000E+00i
      ghz1=  0.10000000E+01  0.00000000E+00i
      Lambda=  1000.0
    
    LHE output: ./data/output.lhe
    Histogram output: ./data/output.dat
    Log file: ./data/output.log
    
  Running

  Input parameters for vegas:  ndim=  9   ncall= 99999999.
                              it=    0    itmx=   15
                              acc=-1.00    
                              mds=  0     nd=  50
                              (xl,xu)= (  0.00000     ,  1.00000     )
                                       (  0.00000     ,  1.00000     )
                                       (  0.00000     ,  1.00000     )
                                       (  0.00000     ,  1.00000     )
                                       (  0.00000     ,  1.00000     )
                                       (  0.00000     ,  1.00000     )
                                       (  0.00000     ,  1.00000     )
                                       (  0.00000     ,  1.00000     )
                                       (  0.00000     ,  1.00000     )

#********** Integration by Vegas (iteration       1) ************
#                                                               *
#  integral  =  91.226887       accum. integral =  91.226887    *
#  std. dev. =  5.1781713       accum. std. dev =  5.1781713    *
#   min/max. wt. =    0.00000             3.91263               *
#                                                               *
#*************   chi**2/iteration =  0.000       ****************


#********** Integration by Vegas (iteration       2) ************
#                                                               *
#  integral  =  123.98656       accum. integral =  97.260128    *
#  std. dev. =  14.812329       accum. std. dev =  5.5804310    *
#   min/max. wt. =    0.00000             14.4872               *
#                                                               *
#*************   chi**2/iteration =  5.173       ****************


#********** Integration by Vegas (iteration       3) ************
#                                                               *
#  integral  =  142.72172       accum. integral =  133.63461    *
#  std. dev. =  3.6572850       accum. std. dev =  2.7779769    *
#   min/max. wt. =    0.00000             2.22161               *
#                                                               *
#*************   chi**2/iteration =  23.49       ****************


#********** Integration by Vegas (iteration       4) ************
#                                                               *
#  integral  =  152.27286       accum. integral =  149.70211    *
#  std. dev. =  1.3961214       accum. std. dev =  1.1038075    *
#   min/max. wt. =  -0.284176E-14         1.08470               *
#                                                               *
#*************   chi**2/iteration =  24.98       ****************


#********** Integration by Vegas (iteration       5) ************
#                                                               *
#  integral  =  152.08774       accum. integral =  151.91125    *
#  std. dev. = 0.36595408       accum. std. dev = 0.31131357    *
#   min/max. wt. =    0.00000            0.948496E-01           *
#                                                               *
#*************   chi**2/iteration =  18.43       ****************


#********** Integration by Vegas (iteration       6) ************
#                                                               *
#  integral  =  152.09013       accum. integral =  152.06708    *
#  std. dev. = 0.13542953       accum. std. dev = 0.11431689    *
#   min/max. wt. =    0.00000            0.190210E-01           *
#                                                               *
#*************   chi**2/iteration =  14.15       ****************


#********** Integration by Vegas (iteration       7) ************
#                                                               *
#  integral  =  152.06453       accum. integral =  152.06554    *
#  std. dev. = 0.10300832       accum. std. dev = 0.73360790E-01*
#   min/max. wt. =    0.00000            0.436461E-02           *
#                                                               *
#*************   chi**2/iteration =  11.43       ****************


#********** Integration by Vegas (iteration       8) ************
#                                                               *
#  integral  =  151.92032       accum. integral =  152.00568    *
#  std. dev. = 0.95253065E-01   accum. std. dev = 0.56880458E-01*
#   min/max. wt. =    0.00000            0.669622E-02           *
#                                                               *
#*************   chi**2/iteration =  9.801       ****************


#********** Integration by Vegas (iteration       9) ************
#                                                               *
#  integral  =  151.93929       accum. integral =  151.98563    *
#  std. dev. = 0.92978961E-01   accum. std. dev = 0.47931096E-01*
#   min/max. wt. =    0.00000            0.947623E-02           *
#                                                               *
#*************   chi**2/iteration =  8.480       ****************


#********** Integration by Vegas (iteration      10) ************
#                                                               *
#  integral  =  151.89534       accum. integral =  151.96430    *
#  std. dev. = 0.91867595E-01   accum. std. dev = 0.42173894E-01*
#   min/max. wt. =    0.00000            0.603572E-02           *
#                                                               *
#*************   chi**2/iteration =  7.529       ****************


#********** Integration by Vegas (iteration      11) ************
#                                                               *
#  integral  =  151.92277       accum. integral =  151.95625    *
#  std. dev. = 0.91083174E-01   accum. std. dev = 0.38075717E-01*
#   min/max. wt. =    0.00000            0.381468E-02           *
#                                                               *
#*************   chi**2/iteration =  6.721       ****************


#********** Integration by Vegas (iteration      12) ************
#                                                               *
#  integral  =  152.03061       accum. integral =  151.96815    *
#  std. dev. = 0.91954646E-01   accum. std. dev = 0.35058433E-01*
#   min/max. wt. =    0.00000            0.652451E-02           *
#                                                               *
#*************   chi**2/iteration =  6.109       ****************


#********** Integration by Vegas (iteration      13) ************
#                                                               *
#  integral  =  152.07226       accum. integral =  151.98256    *
#  std. dev. = 0.91758028E-01   accum. std. dev = 0.32666981E-01*
#   min/max. wt. =    0.00000            0.234939E-02           *
#                                                               *
#*************   chi**2/iteration =  5.658       ****************


#********** Integration by Vegas (iteration      14) ************
#                                                               *
#  integral  =  152.09218       accum. integral =  151.99567    *
#  std. dev. = 0.92650307E-01   accum. std. dev = 0.30752704E-01*
#   min/max. wt. =    0.00000            0.339888E-02           *
#                                                               *
#*************   chi**2/iteration =  5.291       ****************


#********** Integration by Vegas (iteration      15) ************
#                                                               *
#  integral  =  151.89943       accum. integral =  151.98553    *
#  std. dev. = 0.93251026E-01   accum. std. dev = 0.29167813E-01*
#   min/max. wt. =    0.00000            0.547297E-02           *
#                                                               *
#*************   chi**2/iteration =  4.960       ****************

 ****************************************************
 * Writing out vegas grid to ./data/output.grid                                                      
 ****************************************************

  Input parameters for vegas:  ndim=  9   ncall= 99999999.
                              it=    0    itmx=    2
                              acc=-1.00    
                              mds=  0     nd=  50
                              (xl,xu)= (  0.00000     ,  1.00000     )
                                       (  0.00000     ,  1.00000     )
                                       (  0.00000     ,  1.00000     )
                                       (  0.00000     ,  1.00000     )
                                       (  0.00000     ,  1.00000     )
                                       (  0.00000     ,  1.00000     )
                                       (  0.00000     ,  1.00000     )
                                       (  0.00000     ,  1.00000     )
                                       (  0.00000     ,  1.00000     )

#********** Integration by Vegas (iteration       1) ************
#                                                               *
#  integral  =  151.84877       accum. integral =  151.84877    *
#  std. dev. = 0.94000899E-01   accum. std. dev = 0.94000899E-01*
#   min/max. wt. =    0.00000            0.440328E-02           *
#                                                               *
#*************   chi**2/iteration =  0.000       ****************


#********** Integration by Vegas (iteration       2) ************
#                                                               *
#  integral  =  151.97419       accum. integral =  151.91061    *
#  std. dev. = 0.95394115E-01   accum. std. dev = 0.66956221E-01*
#   min/max. wt. =    0.00000            0.536337E-02           *
#                                                               *
#*************   chi**2/iteration = 0.8762       ****************

 Done
