SLURM job running in:  /work-zfs/lhc/heshy/JHUGen/xsecs/JHUGen/JHUGenerator
LHAPDF 6.1.5 loading /work-zfs/lhc/cms/slc6_amd64_gcc493/external/lhapdf/6.1.5-kpegke3/share/LHAPDF/NNPDF30_lo_as_0130/NNPDF30_lo_as_0130_0000.dat
NNPDF30_lo_as_0130 PDF set, member #0, version 2; LHAPDF ID = 263000
 extending no. of histograms for vbf tests
 
  
  ***************************************************************************************
  *                                JHU Generator v7.0.2                                 *
  ***************************************************************************************
  *                                                                                     *
  *   Spin and parity determination of single-produced resonances at hadron colliders   *
  *                                                                                     *
  *          I. Anderson, S. Bolognesi, F. Caola, Y. Gao, A. Gritsan, Z. Guo,           *
  *        C. Martin, K. Melnikov, R. Rontsch, H. Roskes, U. Sarica, M. Schulze,        *
  *                   N. Tran, A. Whitbeck, M. Xiao, C. You, Y. Zhou                    *
  *              Phys.Rev. D81 (2010) 075022;  arXiv:1001.3396  [hep-ph],               *
  *              Phys.Rev. D86 (2012) 095031;  arXiv:1208.4018  [hep-ph],               *
  *              Phys.Rev. D89 (2014) 035007;  arXiv:1309.4819  [hep-ph],               *
  *              Phys.Rev. D94 (2016) 055023;  arXiv:1606.03107 [hep-ph].               *
  *                                                                                     *
  ***************************************************************************************
  
   
   Command line: ./JHUGen Unweighted=0 VegasNc0=99999999 VegasNc1=99999999 VegasNc2=99999999 LHAPDF=NNPDF30_lo_as_0130/NNPDF30_lo_as_0130.info MReso=446 Process=60 deltaRcut=0 ghz1=1,0 ghzgs2=0,0 pTjetcut=15
   
   Input Parameter:
    Collider: P-P, sqrt(s)=13000.00
    Resonance: spin=0, mass= 446.00 width=   0.00407
    Z-boson: mass=91.188, width=2.4952
    W-boson: mass=80.399, width=2.0850
    Jet cuts:
            pT >=    15.00 GeV
         |eta| <= Infinity
        DeltaR >=     0.00
           mJJ >=     0.00 GeV
    Random seed:   712250452
    To reproduce results using this seed, JHUGen should be compiled with the same compiler:
      GNU Fortran (GCC) 4.8.2
    
    WidthScheme:   2
    LHAPDF set NNPDF30_lo_as_0130/NNPDF30_lo_as_0130.info, member=  0
    Unweighted: F
    Intermediate off-shell photons: T
    
    spin-0-VV couplings: 
      generate_as=F
      ghg2=  0.10000000E+01  0.00000000E+00i
      ghz1=  0.10000000E+01  0.00000000E+00i
      Lambda=  1000.0
    
    LHE output: ./data/output.lhe
    Histogram output: ./data/output.dat
    Log file: ./data/output.log
    
  Running

  Input parameters for vegas:  ndim=  9   ncall= 99999999.
                              it=    0    itmx=   15
                              acc=-1.00    
                              mds=  0     nd=  50
                              (xl,xu)= (  0.00000     ,  1.00000     )
                                       (  0.00000     ,  1.00000     )
                                       (  0.00000     ,  1.00000     )
                                       (  0.00000     ,  1.00000     )
                                       (  0.00000     ,  1.00000     )
                                       (  0.00000     ,  1.00000     )
                                       (  0.00000     ,  1.00000     )
                                       (  0.00000     ,  1.00000     )
                                       (  0.00000     ,  1.00000     )

#********** Integration by Vegas (iteration       1) ************
#                                                               *
#  integral  =  64.625085       accum. integral =  64.625085    *
#  std. dev. =  3.1255653       accum. std. dev =  3.1255653    *
#   min/max. wt. =    0.00000             2.82062               *
#                                                               *
#*************   chi**2/iteration =  0.000       ****************


#********** Integration by Vegas (iteration       2) ************
#                                                               *
#  integral  =  84.325944       accum. integral =  75.020229    *
#  std. dev. =  3.8587644       accum. std. dev =  2.4971183    *
#   min/max. wt. =    0.00000             2.88709               *
#                                                               *
#*************   chi**2/iteration =  15.50       ****************


#********** Integration by Vegas (iteration       3) ************
#                                                               *
#  integral  =  131.51795       accum. integral =  77.018268    *
#  std. dev. =  22.831783       accum. std. dev =  3.1867202    *
#   min/max. wt. =    0.00000             18.1195               *
#                                                               *
#*************   chi**2/iteration =  9.951       ****************


#********** Integration by Vegas (iteration       4) ************
#                                                               *
#  integral  =  119.12600       accum. integral =  89.523281    *
#  std. dev. =  5.9837230       accum. std. dev =  2.8306903    *
#   min/max. wt. =    0.00000             5.66047               *
#                                                               *
#*************   chi**2/iteration =  21.31       ****************


#********** Integration by Vegas (iteration       5) ************
#                                                               *
#  integral  =  112.57921       accum. integral =  111.90843    *
#  std. dev. = 0.53344825       accum. std. dev = 0.49168385    *
#   min/max. wt. =    0.00000            0.140099               *
#                                                               *
#*************   chi**2/iteration =  30.93       ****************


#********** Integration by Vegas (iteration       6) ************
#                                                               *
#  integral  =  112.20981       accum. integral =  112.19645    *
#  std. dev. = 0.11284122       accum. std. dev = 0.10468820    *
#   min/max. wt. =    0.00000            0.119902E-01           *
#                                                               *
#*************   chi**2/iteration =  24.27       ****************


#********** Integration by Vegas (iteration       7) ************
#                                                               *
#  integral  =  112.38654       accum. integral =  112.32562    *
#  std. dev. = 0.75869835E-01   accum. std. dev = 0.59741620E-01*
#   min/max. wt. =  -0.967006E-14        0.386943E-02           *
#                                                               *
#*************   chi**2/iteration =  20.27       ****************


#********** Integration by Vegas (iteration       8) ************
#                                                               *
#  integral  =  112.11177       accum. integral =  112.22769    *
#  std. dev. = 0.67880762E-01   accum. std. dev = 0.44233504E-01*
#   min/max. wt. =    0.00000            0.464552E-02           *
#                                                               *
#*************   chi**2/iteration =  18.01       ****************


#********** Integration by Vegas (iteration       9) ************
#                                                               *
#  integral  =  112.21419       accum. integral =  112.22328    *
#  std. dev. = 0.65934545E-01   accum. std. dev = 0.36444885E-01*
#   min/max. wt. =    0.00000            0.358905E-02           *
#                                                               *
#*************   chi**2/iteration =  15.62       ****************


#********** Integration by Vegas (iteration      10) ************
#                                                               *
#  integral  =  112.14519       accum. integral =  112.20383    *
#  std. dev. = 0.65447556E-01   accum. std. dev = 0.31691787E-01*
#   min/max. wt. =    0.00000            0.269014E-02           *
#                                                               *
#*************   chi**2/iteration =  13.92       ****************


#********** Integration by Vegas (iteration      11) ************
#                                                               *
#  integral  =  112.31090       accum. integral =  112.22500    *
#  std. dev. = 0.65892720E-01   accum. std. dev = 0.28470751E-01*
#   min/max. wt. =    0.00000            0.584450E-02           *
#                                                               *
#*************   chi**2/iteration =  12.68       ****************


#********** Integration by Vegas (iteration      12) ************
#                                                               *
#  integral  =  112.17136       accum. integral =  112.21607    *
#  std. dev. = 0.65469960E-01   accum. std. dev = 0.26053606E-01*
#   min/max. wt. =    0.00000            0.309651E-02           *
#                                                               *
#*************   chi**2/iteration =  11.52       ****************


#********** Integration by Vegas (iteration      13) ************
#                                                               *
#  integral  =  112.18629       accum. integral =  112.21190    *
#  std. dev. = 0.66206098E-01   accum. std. dev = 0.24208328E-01*
#   min/max. wt. =    0.00000            0.881761E-02           *
#                                                               *
#*************   chi**2/iteration =  10.54       ****************


#********** Integration by Vegas (iteration      14) ************
#                                                               *
#  integral  =  112.11771       accum. integral =  112.20024    *
#  std. dev. = 0.65903693E-01   accum. std. dev = 0.22698939E-01*
#   min/max. wt. =    0.00000            0.331924E-02           *
#                                                               *
#*************   chi**2/iteration =  9.838       ****************


#********** Integration by Vegas (iteration      15) ************
#                                                               *
#  integral  =  112.31771       accum. integral =  112.21305    *
#  std. dev. = 0.66396660E-01   accum. std. dev = 0.21459581E-01*
#   min/max. wt. =    0.00000            0.424649E-02           *
#                                                               *
#*************   chi**2/iteration =  9.315       ****************

 ****************************************************
 * Writing out vegas grid to ./data/output.grid                                                      
 ****************************************************

  Input parameters for vegas:  ndim=  9   ncall= 99999999.
                              it=    0    itmx=    2
                              acc=-1.00    
                              mds=  0     nd=  50
                              (xl,xu)= (  0.00000     ,  1.00000     )
                                       (  0.00000     ,  1.00000     )
                                       (  0.00000     ,  1.00000     )
                                       (  0.00000     ,  1.00000     )
                                       (  0.00000     ,  1.00000     )
                                       (  0.00000     ,  1.00000     )
                                       (  0.00000     ,  1.00000     )
                                       (  0.00000     ,  1.00000     )
                                       (  0.00000     ,  1.00000     )

#********** Integration by Vegas (iteration       1) ************
#                                                               *
#  integral  =  112.27432       accum. integral =  112.27432    *
#  std. dev. = 0.67384099E-01   accum. std. dev = 0.67384099E-01*
#   min/max. wt. =    0.00000            0.630670E-02           *
#                                                               *
#*************   chi**2/iteration = -.4006E-06   ****************


#********** Integration by Vegas (iteration       2) ************
#                                                               *
#  integral  =  112.35681       accum. integral =  112.31557    *
#  std. dev. = 0.67423848E-01   accum. std. dev = 0.47661811E-01*
#   min/max. wt. =    0.00000            0.300903E-02           *
#                                                               *
#*************   chi**2/iteration = 0.7482       ****************

 Done
