SLURM job running in:  /work-zfs/lhc/heshy/JHUGen/xsecs/JHUGen/JHUGenerator
LHAPDF 6.1.5 loading /work-zfs/lhc/cms/slc6_amd64_gcc493/external/lhapdf/6.1.5-kpegke3/share/LHAPDF/NNPDF30_lo_as_0130/NNPDF30_lo_as_0130_0000.dat
NNPDF30_lo_as_0130 PDF set, member #0, version 2; LHAPDF ID = 263000
 extending no. of histograms for vbf tests
 
  
  ***************************************************************************************
  *                                JHU Generator v7.0.2                                 *
  ***************************************************************************************
  *                                                                                     *
  *   Spin and parity determination of single-produced resonances at hadron colliders   *
  *                                                                                     *
  *          I. Anderson, S. Bolognesi, F. Caola, Y. Gao, A. Gritsan, Z. Guo,           *
  *        C. Martin, K. Melnikov, R. Rontsch, H. Roskes, U. Sarica, M. Schulze,        *
  *                   N. Tran, A. Whitbeck, M. Xiao, C. You, Y. Zhou                    *
  *              Phys.Rev. D81 (2010) 075022;  arXiv:1001.3396  [hep-ph],               *
  *              Phys.Rev. D86 (2012) 095031;  arXiv:1208.4018  [hep-ph],               *
  *              Phys.Rev. D89 (2014) 035007;  arXiv:1309.4819  [hep-ph],               *
  *              Phys.Rev. D94 (2016) 055023;  arXiv:1606.03107 [hep-ph].               *
  *                                                                                     *
  ***************************************************************************************
  
   
   Command line: ./JHUGen Unweighted=0 VegasNc0=99999999 VegasNc1=99999999 VegasNc2=99999999 LHAPDF=NNPDF30_lo_as_0130/NNPDF30_lo_as_0130.info MReso=496 Process=60 deltaRcut=0 ghz1=1,0 ghzgs2=0,0 pTjetcut=15
   
   Input Parameter:
    Collider: P-P, sqrt(s)=13000.00
    Resonance: spin=0, mass= 496.00 width=   0.00407
    Z-boson: mass=91.188, width=2.4952
    W-boson: mass=80.399, width=2.0850
    Jet cuts:
            pT >=    15.00 GeV
         |eta| <= Infinity
        DeltaR >=     0.00
           mJJ >=     0.00 GeV
    Random seed:   109512737
    To reproduce results using this seed, JHUGen should be compiled with the same compiler:
      GNU Fortran (GCC) 4.8.2
    
    WidthScheme:   2
    LHAPDF set NNPDF30_lo_as_0130/NNPDF30_lo_as_0130.info, member=  0
    Unweighted: F
    Intermediate off-shell photons: T
    
    spin-0-VV couplings: 
      generate_as=F
      ghg2=  0.10000000E+01  0.00000000E+00i
      ghz1=  0.10000000E+01  0.00000000E+00i
      Lambda=  1000.0
    
    LHE output: ./data/output.lhe
    Histogram output: ./data/output.dat
    Log file: ./data/output.log
    
  Running

  Input parameters for vegas:  ndim=  9   ncall= 99999999.
                              it=    0    itmx=   15
                              acc=-1.00    
                              mds=  0     nd=  50
                              (xl,xu)= (  0.00000     ,  1.00000     )
                                       (  0.00000     ,  1.00000     )
                                       (  0.00000     ,  1.00000     )
                                       (  0.00000     ,  1.00000     )
                                       (  0.00000     ,  1.00000     )
                                       (  0.00000     ,  1.00000     )
                                       (  0.00000     ,  1.00000     )
                                       (  0.00000     ,  1.00000     )
                                       (  0.00000     ,  1.00000     )

#********** Integration by Vegas (iteration       1) ************
#                                                               *
#  integral  =  53.864575       accum. integral =  53.864575    *
#  std. dev. =  8.0862256       accum. std. dev =  8.0862256    *
#   min/max. wt. =    0.00000             8.08069               *
#                                                               *
#*************   chi**2/iteration =  0.000       ****************


#********** Integration by Vegas (iteration       2) ************
#                                                               *
#  integral  =  66.284799       accum. integral =  62.005841    *
#  std. dev. =  7.2140571       accum. std. dev =  5.3216529    *
#   min/max. wt. =    0.00000             6.17809               *
#                                                               *
#*************   chi**2/iteration =  1.229       ****************


#********** Integration by Vegas (iteration       3) ************
#                                                               *
#  integral  =  80.672668       accum. integral =  77.607201    *
#  std. dev. =  3.1509416       accum. std. dev =  2.4220792    *
#   min/max. wt. =  -0.284115E-11         2.41959               *
#                                                               *
#*************   chi**2/iteration =  4.561       ****************


#********** Integration by Vegas (iteration       4) ************
#                                                               *
#  integral  =  87.987043       accum. integral =  87.427997    *
#  std. dev. = 0.74959865       accum. std. dev = 0.60817696    *
#   min/max. wt. =    0.00000            0.263901               *
#                                                               *
#*************   chi**2/iteration =  7.544       ****************


#********** Integration by Vegas (iteration       5) ************
#                                                               *
#  integral  =  88.258163       accum. integral =  88.222152    *
#  std. dev. = 0.15574450       accum. std. dev = 0.13219991    *
#   min/max. wt. =    0.00000            0.269031E-01           *
#                                                               *
#*************   chi**2/iteration =  5.604       ****************


#********** Integration by Vegas (iteration       6) ************
#                                                               *
#  integral  =  88.487842       accum. integral =  88.443368    *
#  std. dev. = 0.68478507E-01   accum. std. dev = 0.55575067E-01*
#   min/max. wt. =    0.00000            0.794439E-02           *
#                                                               *
#*************   chi**2/iteration =  4.884       ****************


#********** Integration by Vegas (iteration       7) ************
#                                                               *
#  integral  =  88.465250       accum. integral =  88.455492    *
#  std. dev. = 0.56041931E-01   accum. std. dev = 0.37803800E-01*
#   min/max. wt. =    0.00000            0.301226E-02           *
#                                                               *
#*************   chi**2/iteration =  3.936       ****************


#********** Integration by Vegas (iteration       8) ************
#                                                               *
#  integral  =  88.463726       accum. integral =  88.458712    *
#  std. dev. = 0.52058471E-01   accum. std. dev = 0.29899561E-01*
#   min/max. wt. =    0.00000            0.227630E-02           *
#                                                               *
#*************   chi**2/iteration =  3.287       ****************


#********** Integration by Vegas (iteration       9) ************
#                                                               *
#  integral  =  88.501747       accum. integral =  88.471288    *
#  std. dev. = 0.50682862E-01   accum. std. dev = 0.25413353E-01*
#   min/max. wt. =    0.00000            0.198949E-02           *
#                                                               *
#*************   chi**2/iteration =  2.892       ****************


#********** Integration by Vegas (iteration      10) ************
#                                                               *
#  integral  =  88.586585       accum. integral =  88.497514    *
#  std. dev. = 0.50541100E-01   accum. std. dev = 0.22519862E-01*
#   min/max. wt. =    0.00000            0.330253E-02           *
#                                                               *
#*************   chi**2/iteration =  3.041       ****************


#********** Integration by Vegas (iteration      11) ************
#                                                               *
#  integral  =  88.481621       accum. integral =  88.494544    *
#  std. dev. = 0.50225638E-01   accum. std. dev = 0.20438816E-01*
#   min/max. wt. =    0.00000            0.212244E-02           *
#                                                               *
#*************   chi**2/iteration =  2.711       ****************


#********** Integration by Vegas (iteration      12) ************
#                                                               *
#  integral  =  88.521781       accum. integral =  88.498815    *
#  std. dev. = 0.50368906E-01   accum. std. dev = 0.18869022E-01*
#   min/max. wt. =    0.00000            0.254238E-02           *
#                                                               *
#*************   chi**2/iteration =  2.463       ****************


#********** Integration by Vegas (iteration      13) ************
#                                                               *
#  integral  =  88.574428       accum. integral =  88.508917    *
#  std. dev. = 0.50820306E-01   accum. std. dev = 0.17643296E-01*
#   min/max. wt. =    0.00000            0.201985E-02           *
#                                                               *
#*************   chi**2/iteration =  2.415       ****************


#********** Integration by Vegas (iteration      14) ************
#                                                               *
#  integral  =  88.543807       accum. integral =  88.512980    *
#  std. dev. = 0.51149687E-01   accum. std. dev = 0.16647914E-01*
#   min/max. wt. =    0.00000            0.435841E-02           *
#                                                               *
#*************   chi**2/iteration =  2.247       ****************


#********** Integration by Vegas (iteration      15) ************
#                                                               *
#  integral  =  88.533483       accum. integral =  88.515065    *
#  std. dev. = 0.51877821E-01   accum. std. dev = 0.15830923E-01*
#   min/max. wt. =    0.00000            0.318015E-02           *
#                                                               *
#*************   chi**2/iteration =  2.083       ****************

 ****************************************************
 * Writing out vegas grid to ./data/output.grid                                                      
 ****************************************************

  Input parameters for vegas:  ndim=  9   ncall= 99999999.
                              it=    0    itmx=    2
                              acc=-1.00    
                              mds=  0     nd=  50
                              (xl,xu)= (  0.00000     ,  1.00000     )
                                       (  0.00000     ,  1.00000     )
                                       (  0.00000     ,  1.00000     )
                                       (  0.00000     ,  1.00000     )
                                       (  0.00000     ,  1.00000     )
                                       (  0.00000     ,  1.00000     )
                                       (  0.00000     ,  1.00000     )
                                       (  0.00000     ,  1.00000     )
                                       (  0.00000     ,  1.00000     )

#********** Integration by Vegas (iteration       1) ************
#                                                               *
#  integral  =  88.614692       accum. integral =  88.614692    *
#  std. dev. = 0.52013188E-01   accum. std. dev = 0.52013188E-01*
#   min/max. wt. =    0.00000            0.294378E-02           *
#                                                               *
#*************   chi**2/iteration =  0.000       ****************


#********** Integration by Vegas (iteration       2) ************
#                                                               *
#  integral  =  88.483446       accum. integral =  88.549581    *
#  std. dev. = 0.52342755E-01   accum. std. dev = 0.36894673E-01*
#   min/max. wt. =    0.00000            0.393848E-02           *
#                                                               *
#*************   chi**2/iteration =  3.160       ****************

 Done
