SLURM job running in:  /work-zfs/lhc/heshy/JHUGen/xsecs/JHUGen/JHUGenerator
LHAPDF 6.1.5 loading /work-zfs/lhc/cms/slc6_amd64_gcc493/external/lhapdf/6.1.5-kpegke3/share/LHAPDF/NNPDF30_lo_as_0130/NNPDF30_lo_as_0130_0000.dat
NNPDF30_lo_as_0130 PDF set, member #0, version 2; LHAPDF ID = 263000
 extending no. of histograms for vbf tests
 
  
  ***************************************************************************************
  *                                JHU Generator v7.0.2                                 *
  ***************************************************************************************
  *                                                                                     *
  *   Spin and parity determination of single-produced resonances at hadron colliders   *
  *                                                                                     *
  *          I. Anderson, S. Bolognesi, F. Caola, Y. Gao, A. Gritsan, Z. Guo,           *
  *        C. Martin, K. Melnikov, R. Rontsch, H. Roskes, U. Sarica, M. Schulze,        *
  *                   N. Tran, A. Whitbeck, M. Xiao, C. You, Y. Zhou                    *
  *              Phys.Rev. D81 (2010) 075022;  arXiv:1001.3396  [hep-ph],               *
  *              Phys.Rev. D86 (2012) 095031;  arXiv:1208.4018  [hep-ph],               *
  *              Phys.Rev. D89 (2014) 035007;  arXiv:1309.4819  [hep-ph],               *
  *              Phys.Rev. D94 (2016) 055023;  arXiv:1606.03107 [hep-ph].               *
  *                                                                                     *
  ***************************************************************************************
  
   
   Command line: ./JHUGen Unweighted=0 VegasNc0=99999999 VegasNc1=99999999 VegasNc2=99999999 LHAPDF=NNPDF30_lo_as_0130/NNPDF30_lo_as_0130.info MReso=545 Process=60 deltaRcut=0 ghz1=1,0 ghzgs2=0,0 pTjetcut=15
   
   Input Parameter:
    Collider: P-P, sqrt(s)=13000.00
    Resonance: spin=0, mass= 545.00 width=   0.00407
    Z-boson: mass=91.188, width=2.4952
    W-boson: mass=80.399, width=2.0850
    Jet cuts:
            pT >=    15.00 GeV
         |eta| <= Infinity
        DeltaR >=     0.00
           mJJ >=     0.00 GeV
    Random seed:   357181566
    To reproduce results using this seed, JHUGen should be compiled with the same compiler:
      GNU Fortran (GCC) 4.8.2
    
    WidthScheme:   2
    LHAPDF set NNPDF30_lo_as_0130/NNPDF30_lo_as_0130.info, member=  0
    Unweighted: F
    Intermediate off-shell photons: T
    
    spin-0-VV couplings: 
      generate_as=F
      ghg2=  0.10000000E+01  0.00000000E+00i
      ghz1=  0.10000000E+01  0.00000000E+00i
      Lambda=  1000.0
    
    LHE output: ./data/output.lhe
    Histogram output: ./data/output.dat
    Log file: ./data/output.log
    
  Running

  Input parameters for vegas:  ndim=  9   ncall= 99999999.
                              it=    0    itmx=   15
                              acc=-1.00    
                              mds=  0     nd=  50
                              (xl,xu)= (  0.00000     ,  1.00000     )
                                       (  0.00000     ,  1.00000     )
                                       (  0.00000     ,  1.00000     )
                                       (  0.00000     ,  1.00000     )
                                       (  0.00000     ,  1.00000     )
                                       (  0.00000     ,  1.00000     )
                                       (  0.00000     ,  1.00000     )
                                       (  0.00000     ,  1.00000     )
                                       (  0.00000     ,  1.00000     )

#********** Integration by Vegas (iteration       1) ************
#                                                               *
#  integral  =  72.826900       accum. integral =  72.826900    *
#  std. dev. =  33.502173       accum. std. dev =  33.502173    *
#   min/max. wt. =    0.00000             33.4764               *
#                                                               *
#*************   chi**2/iteration =  0.000       ****************


#********** Integration by Vegas (iteration       2) ************
#                                                               *
#  integral  =  42.750094       accum. integral =  42.926173    *
#  std. dev. =  1.5091489       accum. std. dev =  2.1017944    *
#   min/max. wt. =    0.00000            0.661025               *
#                                                               *
#*************   chi**2/iteration =  1.191       ****************


#********** Integration by Vegas (iteration       3) ************
#                                                               *
#  integral  =  63.905779       accum. integral =  45.787472    *
#  std. dev. =  5.6602723       accum. std. dev =  1.9999748    *
#   min/max. wt. =    0.00000             4.98441               *
#                                                               *
#*************   chi**2/iteration =  7.045       ****************


#********** Integration by Vegas (iteration       4) ************
#                                                               *
#  integral  =  69.170218       accum. integral =  64.350537    *
#  std. dev. =  1.1528788       accum. std. dev = 0.93922317    *
#   min/max. wt. =    0.00000            0.555366               *
#                                                               *
#*************   chi**2/iteration =  38.19       ****************


#********** Integration by Vegas (iteration       5) ************
#                                                               *
#  integral  =  70.825218       accum. integral =  70.616739    *
#  std. dev. = 0.19184882       accum. std. dev = 0.17276442    *
#   min/max. wt. =    0.00000            0.816839E-01           *
#                                                               *
#*************   chi**2/iteration =  38.20       ****************


#********** Integration by Vegas (iteration       6) ************
#                                                               *
#  integral  =  70.973150       accum. integral =  70.934351    *
#  std. dev. = 0.66103060E-01   accum. std. dev = 0.57936879E-01*
#   min/max. wt. =    0.00000            0.796050E-02           *
#                                                               *
#*************   chi**2/iteration =  30.31       ****************


#********** Integration by Vegas (iteration       7) ************
#                                                               *
#  integral  =  70.998562       accum. integral =  70.975878    *
#  std. dev. = 0.46136659E-01   accum. std. dev = 0.34829378E-01*
#   min/max. wt. =    0.00000            0.515241E-02           *
#                                                               *
#*************   chi**2/iteration =  24.82       ****************


#********** Integration by Vegas (iteration       8) ************
#                                                               *
#  integral  =  71.024624       accum. integral =  70.997245    *
#  std. dev. = 0.42015031E-01   accum. std. dev = 0.26323084E-01*
#   min/max. wt. =    0.00000            0.194363E-02           *
#                                                               *
#*************   chi**2/iteration =  21.04       ****************


#********** Integration by Vegas (iteration       9) ************
#                                                               *
#  integral  =  70.938730       accum. integral =  70.978704    *
#  std. dev. = 0.40794596E-01   accum. std. dev = 0.21894015E-01*
#   min/max. wt. =    0.00000            0.260356E-02           *
#                                                               *
#*************   chi**2/iteration =  18.38       ****************


#********** Integration by Vegas (iteration      10) ************
#                                                               *
#  integral  =  70.934525       accum. integral =  70.967876    *
#  std. dev. = 0.40299291E-01   accum. std. dev = 0.19117587E-01*
#   min/max. wt. =    0.00000            0.230492E-02           *
#                                                               *
#*************   chi**2/iteration =  16.28       ****************


#********** Integration by Vegas (iteration      11) ************
#                                                               *
#  integral  =  70.998594       accum. integral =  70.973910    *
#  std. dev. = 0.40391186E-01   accum. std. dev = 0.17208381E-01*
#   min/max. wt. =    0.00000            0.169812E-02           *
#                                                               *
#*************   chi**2/iteration =  14.59       ****************


#********** Integration by Vegas (iteration      12) ************
#                                                               *
#  integral  =  70.910255       accum. integral =  70.963477    *
#  std. dev. = 0.40381890E-01   accum. std. dev = 0.15787163E-01*
#   min/max. wt. =    0.00000            0.137944E-02           *
#                                                               *
#*************   chi**2/iteration =  13.38       ****************


#********** Integration by Vegas (iteration      13) ************
#                                                               *
#  integral  =  70.963292       accum. integral =  70.963452    *
#  std. dev. = 0.40797988E-01   accum. std. dev = 0.14694534E-01*
#   min/max. wt. =    0.00000            0.308968E-02           *
#                                                               *
#*************   chi**2/iteration =  12.19       ****************


#********** Integration by Vegas (iteration      14) ************
#                                                               *
#  integral  =  70.908277       accum. integral =  70.956825    *
#  std. dev. = 0.41068101E-01   accum. std. dev = 0.13816412E-01*
#   min/max. wt. =    0.00000            0.192963E-02           *
#                                                               *
#*************   chi**2/iteration =  11.33       ****************


#********** Integration by Vegas (iteration      15) ************
#                                                               *
#  integral  =  70.919779       accum. integral =  70.952988    *
#  std. dev. = 0.41879716E-01   accum. std. dev = 0.13108191E-01*
#   min/max. wt. =  -0.147066E-13        0.541168E-02           *
#                                                               *
#*************   chi**2/iteration =  10.53       ****************

 ****************************************************
 * Writing out vegas grid to ./data/output.grid                                                      
 ****************************************************

  Input parameters for vegas:  ndim=  9   ncall= 99999999.
                              it=    0    itmx=    2
                              acc=-1.00    
                              mds=  0     nd=  50
                              (xl,xu)= (  0.00000     ,  1.00000     )
                                       (  0.00000     ,  1.00000     )
                                       (  0.00000     ,  1.00000     )
                                       (  0.00000     ,  1.00000     )
                                       (  0.00000     ,  1.00000     )
                                       (  0.00000     ,  1.00000     )
                                       (  0.00000     ,  1.00000     )
                                       (  0.00000     ,  1.00000     )
                                       (  0.00000     ,  1.00000     )

#********** Integration by Vegas (iteration       1) ************
#                                                               *
#  integral  =  71.024016       accum. integral =  71.024016    *
#  std. dev. = 0.42100151E-01   accum. std. dev = 0.42100151E-01*
#   min/max. wt. =    0.00000            0.407577E-02           *
#                                                               *
#*************   chi**2/iteration =  0.000       ****************


#********** Integration by Vegas (iteration       2) ************
#                                                               *
#  integral  =  70.933513       accum. integral =  70.978274    *
#  std. dev. = 0.41593610E-01   accum. std. dev = 0.29588815E-01*
#   min/max. wt. =    0.00000            0.205106E-02           *
#                                                               *
#*************   chi**2/iteration =  2.336       ****************

 Done
