SLURM job running in:  /work-zfs/lhc/heshy/JHUGen/xsecs/JHUGen/JHUGenerator
LHAPDF 6.1.5 loading /work-zfs/lhc/cms/slc6_amd64_gcc493/external/lhapdf/6.1.5-kpegke3/share/LHAPDF/NNPDF30_lo_as_0130/NNPDF30_lo_as_0130_0000.dat
NNPDF30_lo_as_0130 PDF set, member #0, version 2; LHAPDF ID = 263000
 extending no. of histograms for vbf tests
 
  
  ***************************************************************************************
  *                                JHU Generator v7.0.2                                 *
  ***************************************************************************************
  *                                                                                     *
  *   Spin and parity determination of single-produced resonances at hadron colliders   *
  *                                                                                     *
  *          I. Anderson, S. Bolognesi, F. Caola, Y. Gao, A. Gritsan, Z. Guo,           *
  *        C. Martin, K. Melnikov, R. Rontsch, H. Roskes, U. Sarica, M. Schulze,        *
  *                   N. Tran, A. Whitbeck, M. Xiao, C. You, Y. Zhou                    *
  *              Phys.Rev. D81 (2010) 075022;  arXiv:1001.3396  [hep-ph],               *
  *              Phys.Rev. D86 (2012) 095031;  arXiv:1208.4018  [hep-ph],               *
  *              Phys.Rev. D89 (2014) 035007;  arXiv:1309.4819  [hep-ph],               *
  *              Phys.Rev. D94 (2016) 055023;  arXiv:1606.03107 [hep-ph].               *
  *                                                                                     *
  ***************************************************************************************
  
   
   Command line: ./JHUGen Unweighted=0 VegasNc0=99999999 VegasNc1=99999999 VegasNc2=99999999 LHAPDF=NNPDF30_lo_as_0130/NNPDF30_lo_as_0130.info MReso=670 Process=60 deltaRcut=0 ghz1=1,0 ghzgs2=0,0 pTjetcut=15
   
   Input Parameter:
    Collider: P-P, sqrt(s)=13000.00
    Resonance: spin=0, mass= 670.00 width=   0.00407
    Z-boson: mass=91.188, width=2.4952
    W-boson: mass=80.399, width=2.0850
    Jet cuts:
            pT >=    15.00 GeV
         |eta| <= Infinity
        DeltaR >=     0.00
           mJJ >=     0.00 GeV
    Random seed:   966212122
    To reproduce results using this seed, JHUGen should be compiled with the same compiler:
      GNU Fortran (GCC) 4.8.2
    
    WidthScheme:   2
    LHAPDF set NNPDF30_lo_as_0130/NNPDF30_lo_as_0130.info, member=  0
    Unweighted: F
    Intermediate off-shell photons: T
    
    spin-0-VV couplings: 
      generate_as=F
      ghg2=  0.10000000E+01  0.00000000E+00i
      ghz1=  0.10000000E+01  0.00000000E+00i
      Lambda=  1000.0
    
    LHE output: ./data/output.lhe
    Histogram output: ./data/output.dat
    Log file: ./data/output.log
    
  Running

  Input parameters for vegas:  ndim=  9   ncall= 99999999.
                              it=    0    itmx=   15
                              acc=-1.00    
                              mds=  0     nd=  50
                              (xl,xu)= (  0.00000     ,  1.00000     )
                                       (  0.00000     ,  1.00000     )
                                       (  0.00000     ,  1.00000     )
                                       (  0.00000     ,  1.00000     )
                                       (  0.00000     ,  1.00000     )
                                       (  0.00000     ,  1.00000     )
                                       (  0.00000     ,  1.00000     )
                                       (  0.00000     ,  1.00000     )
                                       (  0.00000     ,  1.00000     )

#********** Integration by Vegas (iteration       1) ************
#                                                               *
#  integral  =  24.955985       accum. integral =  24.955985    *
#  std. dev. =  1.5800795       accum. std. dev =  1.5800795    *
#   min/max. wt. =    0.00000             1.00685               *
#                                                               *
#*************   chi**2/iteration = 0.4554E-10   ****************


#********** Integration by Vegas (iteration       2) ************
#                                                               *
#  integral  =  33.431353       accum. integral =  26.488100    *
#  std. dev. =  4.5060287       accum. std. dev =  1.6905306    *
#   min/max. wt. =    0.00000             4.24256               *
#                                                               *
#*************   chi**2/iteration =  3.719       ****************


#********** Integration by Vegas (iteration       3) ************
#                                                               *
#  integral  =  51.177203       accum. integral =  27.492180    *
#  std. dev. =  14.244123       accum. std. dev =  2.1396932    *
#   min/max. wt. =    0.00000             14.1883               *
#                                                               *
#*************   chi**2/iteration =  3.710       ****************


#********** Integration by Vegas (iteration       4) ************
#                                                               *
#  integral  =  43.180962       accum. integral =  40.611781    *
#  std. dev. =  1.0725563       accum. std. dev = 0.89599130    *
#   min/max. wt. =    0.00000            0.511271               *
#                                                               *
#*************   chi**2/iteration =  16.30       ****************


#********** Integration by Vegas (iteration       5) ************
#                                                               *
#  integral  =  42.253070       accum. integral =  42.217737    *
#  std. dev. = 0.14235429       accum. std. dev = 0.13338403    *
#   min/max. wt. =  -0.641218E-15        0.602461E-01           *
#                                                               *
#*************   chi**2/iteration =  12.67       ****************


#********** Integration by Vegas (iteration       6) ************
#                                                               *
#  integral  =  42.130056       accum. integral =  42.136999    *
#  std. dev. = 0.41173396E-01   accum. std. dev = 0.37870635E-01*
#   min/max. wt. =    0.00000            0.363746E-02           *
#                                                               *
#*************   chi**2/iteration =  10.04       ****************


#********** Integration by Vegas (iteration       7) ************
#                                                               *
#  integral  =  42.132913       accum. integral =  42.134230    *
#  std. dev. = 0.27239479E-01   accum. std. dev = 0.21630430E-01*
#   min/max. wt. =    0.00000            0.187432E-02           *
#                                                               *
#*************   chi**2/iteration =  8.262       ****************


#********** Integration by Vegas (iteration       8) ************
#                                                               *
#  integral  =  42.085010       accum. integral =  42.111979    *
#  std. dev. = 0.24662828E-01   accum. std. dev = 0.16083978E-01*
#   min/max. wt. =    0.00000            0.334863E-02           *
#                                                               *
#*************   chi**2/iteration =  7.350       ****************


#********** Integration by Vegas (iteration       9) ************
#                                                               *
#  integral  =  42.145704       accum. integral =  42.123141    *
#  std. dev. = 0.23610140E-01   accum. std. dev = 0.13203949E-01*
#   min/max. wt. =    0.00000            0.587748E-03           *
#                                                               *
#*************   chi**2/iteration =  6.565       ****************


#********** Integration by Vegas (iteration      10) ************
#                                                               *
#  integral  =  42.092567       accum. integral =  42.115443    *
#  std. dev. = 0.23385490E-01   accum. std. dev = 0.11453059E-01*
#   min/max. wt. =    0.00000            0.131824E-02           *
#                                                               *
#*************   chi**2/iteration =  5.953       ****************


#********** Integration by Vegas (iteration      11) ************
#                                                               *
#  integral  =  42.091925       accum. integral =  42.110729    *
#  std. dev. = 0.23434138E-01   accum. std. dev = 0.10264049E-01*
#   min/max. wt. =    0.00000            0.894605E-03           *
#                                                               *
#*************   chi**2/iteration =  5.417       ****************


#********** Integration by Vegas (iteration      12) ************
#                                                               *
#  integral  =  42.075499       accum. integral =  42.104818    *
#  std. dev. = 0.23360159E-01   accum. std. dev = 0.93807987E-02*
#   min/max. wt. =    0.00000            0.151004E-02           *
#                                                               *
#*************   chi**2/iteration =  5.086       ****************


#********** Integration by Vegas (iteration      13) ************
#                                                               *
#  integral  =  42.118150       accum. integral =  42.106705    *
#  std. dev. = 0.23592104E-01   accum. std. dev = 0.87060111E-02*
#   min/max. wt. =    0.00000            0.124684E-02           *
#                                                               *
#*************   chi**2/iteration =  4.671       ****************


#********** Integration by Vegas (iteration      14) ************
#                                                               *
#  integral  =  42.069117       accum. integral =  42.102082    *
#  std. dev. = 0.23669660E-01   accum. std. dev = 0.81637224E-02*
#   min/max. wt. =    0.00000            0.131489E-02           *
#                                                               *
#*************   chi**2/iteration =  4.476       ****************


#********** Integration by Vegas (iteration      15) ************
#                                                               *
#  integral  =  42.132393       accum. integral =  42.105321    *
#  std. dev. = 0.24032942E-01   accum. std. dev = 0.77246768E-02*
#   min/max. wt. =    0.00000            0.180755E-02           *
#                                                               *
#*************   chi**2/iteration =  4.251       ****************

 ****************************************************
 * Writing out vegas grid to ./data/output.grid                                                      
 ****************************************************

  Input parameters for vegas:  ndim=  9   ncall= 99999999.
                              it=    0    itmx=    2
                              acc=-1.00    
                              mds=  0     nd=  50
                              (xl,xu)= (  0.00000     ,  1.00000     )
                                       (  0.00000     ,  1.00000     )
                                       (  0.00000     ,  1.00000     )
                                       (  0.00000     ,  1.00000     )
                                       (  0.00000     ,  1.00000     )
                                       (  0.00000     ,  1.00000     )
                                       (  0.00000     ,  1.00000     )
                                       (  0.00000     ,  1.00000     )
                                       (  0.00000     ,  1.00000     )

#********** Integration by Vegas (iteration       1) ************
#                                                               *
#  integral  =  42.119126       accum. integral =  42.119126    *
#  std. dev. = 0.24156217E-01   accum. std. dev = 0.24156217E-01*
#   min/max. wt. =    0.00000            0.159422E-02           *
#                                                               *
#*************   chi**2/iteration =  0.000       ****************


#********** Integration by Vegas (iteration       2) ************
#                                                               *
#  integral  =  42.099821       accum. integral =  42.109527    *
#  std. dev. = 0.24278283E-01   accum. std. dev = 0.17123999E-01*
#   min/max. wt. =    0.00000            0.160269E-02           *
#                                                               *
#*************   chi**2/iteration = 0.3174       ****************

 Done
