SLURM job running in:  /work-zfs/lhc/heshy/JHUGen/xsecs/JHUGen/JHUGenerator
LHAPDF 6.1.5 loading /work-zfs/lhc/cms/slc6_amd64_gcc493/external/lhapdf/6.1.5-kpegke3/share/LHAPDF/NNPDF30_lo_as_0130/NNPDF30_lo_as_0130_0000.dat
NNPDF30_lo_as_0130 PDF set, member #0, version 2; LHAPDF ID = 263000
 
  
  ***************************************************************************************
  *                                JHU Generator v7.0.2                                 *
  ***************************************************************************************
  *                                                                                     *
  *   Spin and parity determination of single-produced resonances at hadron colliders   *
  *                                                                                     *
  *          I. Anderson, S. Bolognesi, F. Caola, Y. Gao, A. Gritsan, Z. Guo,           *
  *        C. Martin, K. Melnikov, R. Rontsch, H. Roskes, U. Sarica, M. Schulze,        *
  *                   N. Tran, A. Whitbeck, M. Xiao, C. You, Y. Zhou                    *
  *              Phys.Rev. D81 (2010) 075022;  arXiv:1001.3396  [hep-ph],               *
  *              Phys.Rev. D86 (2012) 095031;  arXiv:1208.4018  [hep-ph],               *
  *              Phys.Rev. D89 (2014) 035007;  arXiv:1309.4819  [hep-ph],               *
  *              Phys.Rev. D94 (2016) 055023;  arXiv:1606.03107 [hep-ph].               *
  *                                                                                     *
  ***************************************************************************************
  
   
   Command line: ./JHUGen Unweighted=0 VegasNc0=99999999 VegasNc1=99999999 VegasNc2=99999999 LHAPDF=NNPDF30_lo_as_0130/NNPDF30_lo_as_0130.info MReso=2700 DecayMode1=9 MPhotonCutoff=4 Process=50 ghz1=1,0 ghzgs2=0,0
   
   Input Parameter:
    Collider: P-P, sqrt(s)=13000.00
    Resonance: spin=0, mass=2700.00 width=   0.00407
    DecayMode1: 9
    Z-boson: mass=91.188, width=2.4952
    Jet cuts:
            pT >=     0.00 GeV
         |eta| <= Infinity
        DeltaR >=     0.00
           mJJ >=     0.00 GeV
    Lepton cuts:
            pT >=     0.00 GeV
         |eta| <= Infinity
    Random seed:   421448024
    To reproduce results using this seed, JHUGen should be compiled with the same compiler:
      GNU Fortran (GCC) 4.8.2
    
    WidthScheme:   2
    LHAPDF set NNPDF30_lo_as_0130/NNPDF30_lo_as_0130.info, member=  0
    Unweighted: F
    
    spin-0-VV couplings: 
      generate_as=F
      ghg2=  0.10000000E+01  0.00000000E+00i
      ghz1=  0.10000000E+01  0.00000000E+00i
      m(gammastar) >=     4.00 GeV
      Lambda=  1000.0
    
    LHE output: ./data/output.lhe
    Histogram output: ./data/output.dat
    Log file: ./data/output.log
    
  Running

  Input parameters for vegas:  ndim= 19   ncall= 99999999.
                              it=    0    itmx=    5
                              acc=-1.00    
                              mds=  0     nd=  50
                              (xl,xu)= (  0.00000     ,  1.00000     )
                                       (  0.00000     ,  1.00000     )
                                       (  0.00000     ,  1.00000     )
                                       (  0.00000     ,  1.00000     )
                                       (  0.00000     ,  1.00000     )
                                       (  0.00000     ,  1.00000     )
                                       (  0.00000     ,  1.00000     )
                                       (  0.00000     ,  1.00000     )
                                       (  0.00000     ,  1.00000     )
                                       (  0.00000     ,  1.00000     )
                                       (  0.00000     ,  1.00000     )
                                       (  0.00000     ,  1.00000     )
                                       (  0.00000     ,  1.00000     )
                                       (  0.00000     ,  1.00000     )
                                       (  0.00000     ,  1.00000     )
                                       (  0.00000     ,  1.00000     )
                                       (  0.00000     ,  1.00000     )
                                       (  0.00000     ,  1.00000     )
                                       (  0.00000     ,  1.00000     )

#********** Integration by Vegas (iteration       1) ************
#                                                               *
#  integral  = 0.30375481E-01   accum. integral = 0.30375481E-01*
#  std. dev. = 0.12061521E-04   accum. std. dev = 0.12061521E-04*
#   min/max. wt. =    0.00000            0.402214E-07           *
#                                                               *
#*************   chi**2/iteration =  0.000       ****************


#********** Integration by Vegas (iteration       2) ************
#                                                               *
#  integral  = 0.30381218E-01   accum. integral = 0.30380132E-01*
#  std. dev. = 0.58277894E-05   accum. std. dev = 0.52470678E-05*
#   min/max. wt. =    0.00000            0.182139E-07           *
#                                                               *
#*************   chi**2/iteration = 0.1832       ****************


#********** Integration by Vegas (iteration       3) ************
#                                                               *
#  integral  = 0.30381619E-01   accum. integral = 0.30380887E-01*
#  std. dev. = 0.51722117E-05   accum. std. dev = 0.36834175E-05*
#   min/max. wt. =    0.00000            0.151084E-07           *
#                                                               *
#*************   chi**2/iteration = 0.1120       ****************


#********** Integration by Vegas (iteration       4) ************
#                                                               *
#  integral  = 0.30380237E-01   accum. integral = 0.30380663E-01*
#  std. dev. = 0.50849030E-05   accum. std. dev = 0.29830002E-05*
#   min/max. wt. =    0.00000            0.232069E-07           *
#                                                               *
#*************   chi**2/iteration = 0.7824E-01   ****************


#********** Integration by Vegas (iteration       5) ************
#                                                               *
#  integral  = 0.30382829E-01   accum. integral = 0.30381219E-01*
#  std. dev. = 0.50801505E-05   accum. std. dev = 0.25723120E-05*
#   min/max. wt. =    0.00000            0.271399E-07           *
#                                                               *
#*************   chi**2/iteration = 0.9247E-01   ****************


  Input parameters for vegas:  ndim= 19   ncall= 99999999.
                              it=    0    itmx=    1
                              acc=-1.00    
                              mds=  0     nd=  50
                              (xl,xu)= (  0.00000     ,  1.00000     )
                                       (  0.00000     ,  1.00000     )
                                       (  0.00000     ,  1.00000     )
                                       (  0.00000     ,  1.00000     )
                                       (  0.00000     ,  1.00000     )
                                       (  0.00000     ,  1.00000     )
                                       (  0.00000     ,  1.00000     )
                                       (  0.00000     ,  1.00000     )
                                       (  0.00000     ,  1.00000     )
                                       (  0.00000     ,  1.00000     )
                                       (  0.00000     ,  1.00000     )
                                       (  0.00000     ,  1.00000     )
                                       (  0.00000     ,  1.00000     )
                                       (  0.00000     ,  1.00000     )
                                       (  0.00000     ,  1.00000     )
                                       (  0.00000     ,  1.00000     )
                                       (  0.00000     ,  1.00000     )
                                       (  0.00000     ,  1.00000     )
                                       (  0.00000     ,  1.00000     )

#********** Integration by Vegas (iteration       1) ************
#                                                               *
#  integral  = 0.30381893E-01   accum. integral = 0.30381893E-01*
#  std. dev. = 0.50713430E-05   accum. std. dev = 0.50713430E-05*
#   min/max. wt. =    0.00000            0.270527E-07           *
#                                                               *
#*************   chi**2/iteration = 0.4216E-05   ****************

 Done
