SLURM job running in:  /work-zfs/lhc/heshy/JHUGen/xsecs/JHUGen/JHUGenerator
LHAPDF 6.1.5 loading /work-zfs/lhc/cms/slc6_amd64_gcc493/external/lhapdf/6.1.5-kpegke3/share/LHAPDF/NNPDF30_lo_as_0130/NNPDF30_lo_as_0130_0000.dat
NNPDF30_lo_as_0130 PDF set, member #0, version 2; LHAPDF ID = 263000
 
  
  ***************************************************************************************
  *                                JHU Generator v7.0.2                                 *
  ***************************************************************************************
  *                                                                                     *
  *   Spin and parity determination of single-produced resonances at hadron colliders   *
  *                                                                                     *
  *          I. Anderson, S. Bolognesi, F. Caola, Y. Gao, A. Gritsan, Z. Guo,           *
  *        C. Martin, K. Melnikov, R. Rontsch, H. Roskes, U. Sarica, M. Schulze,        *
  *                   N. Tran, A. Whitbeck, M. Xiao, C. You, Y. Zhou                    *
  *              Phys.Rev. D81 (2010) 075022;  arXiv:1001.3396  [hep-ph],               *
  *              Phys.Rev. D86 (2012) 095031;  arXiv:1208.4018  [hep-ph],               *
  *              Phys.Rev. D89 (2014) 035007;  arXiv:1309.4819  [hep-ph],               *
  *              Phys.Rev. D94 (2016) 055023;  arXiv:1606.03107 [hep-ph].               *
  *                                                                                     *
  ***************************************************************************************
  
   
   Command line: ./JHUGen Unweighted=0 VegasNc0=99999999 VegasNc1=99999999 VegasNc2=99999999 LHAPDF=NNPDF30_lo_as_0130/NNPDF30_lo_as_0130.info MReso=238 DecayMode1=0 DecayMode2=0 Interf=0 MPhotonCutoff=4 Process=0 ghz1=1,0 ghzgs2=0,0
   
   Input Parameter:
    Collider: P-P, sqrt(s)=13000.00
    Resonance: spin=0, mass= 238.00 width=   0.00407
    DecayMode1: 0  DecayMode2: 0
    Z-boson: mass=91.188, width=2.4952
    Random seed:   929783591
    To reproduce results using this seed, JHUGen should be compiled with the same compiler:
      GNU Fortran (GCC) 4.8.2
    
    OffXVV: TTT
    WidthScheme:   2
    PChannel: 0
    LHAPDF set NNPDF30_lo_as_0130/NNPDF30_lo_as_0130.info, member=  0
    Unweighted: F
    Interference: F
    Intermediate off-shell photons: T
    
    spin-0-VV couplings: 
      generate_as=F
      ghg2=  0.10000000E+01  0.00000000E+00i
      ghz1=  0.10000000E+01  0.00000000E+00i
      m(gammastar) >=     4.00 GeV
      Lambda=  1000.0
    
    LHE output: ./data/output.lhe
    Histogram output: ./data/output.dat
    Log file: ./data/output.log
    
  Running

  Input parameters for vegas:  ndim= 11   ncall= 99999999.
                              it=    0    itmx=    5
                              acc=-1.00    
                              mds=  0     nd=  50
                              (xl,xu)= (  0.00000     ,  1.00000     )
                                       (  0.00000     ,  1.00000     )
                                       (  0.00000     ,  1.00000     )
                                       (  0.00000     ,  1.00000     )
                                       (  0.00000     ,  1.00000     )
                                       (  0.00000     ,  1.00000     )
                                       (  0.00000     ,  1.00000     )
                                       (  0.00000     ,  1.00000     )
                                       (  0.00000     ,  1.00000     )
                                       (  0.00000     ,  1.00000     )
                                       (  0.00000     ,  1.00000     )

#********** Integration by Vegas (iteration       1) ************
#                                                               *
#  integral  =  15784.694       accum. integral =  15784.694    *
#  std. dev. =  7.5354681       accum. std. dev =  7.5354681    *
#   min/max. wt. =    0.00000            0.298141E-01           *
#                                                               *
#*************   chi**2/iteration =  0.000       ****************


#********** Integration by Vegas (iteration       2) ************
#                                                               *
#  integral  =  15776.642       accum. integral =  15776.982    *
#  std. dev. =  1.5830819       accum. std. dev =  1.5496244    *
#   min/max. wt. =    0.00000            0.169189E-02           *
#                                                               *
#*************   chi**2/iteration =  1.093       ****************


#********** Integration by Vegas (iteration       3) ************
#                                                               *
#  integral  =  15776.854       accum. integral =  15776.888    *
#  std. dev. = 0.92449972       accum. std. dev = 0.79401937    *
#   min/max. wt. =    0.00000            0.739068E-03           *
#                                                               *
#*************   chi**2/iteration = 0.5494       ****************


#********** Integration by Vegas (iteration       4) ************
#                                                               *
#  integral  =  15776.331       accum. integral =  15776.628    *
#  std. dev. = 0.84977523       accum. std. dev = 0.58019124    *
#   min/max. wt. =    0.00000            0.138496E-02           *
#                                                               *
#*************   chi**2/iteration = 0.4426       ****************


#********** Integration by Vegas (iteration       5) ************
#                                                               *
#  integral  =  15778.308       accum. integral =  15777.166    *
#  std. dev. = 0.84574148       accum. std. dev = 0.47843454    *
#   min/max. wt. =    0.00000            0.181222E-02           *
#                                                               *
#*************   chi**2/iteration =  1.002       ****************

 ****************************************************
 * Writing out vegas grid to ./data/output.grid                                                      
 ****************************************************

  Input parameters for vegas:  ndim= 11   ncall= 99999999.
                              it=    0    itmx=    2
                              acc=-1.00    
                              mds=  0     nd=  50
                              (xl,xu)= (  0.00000     ,  1.00000     )
                                       (  0.00000     ,  1.00000     )
                                       (  0.00000     ,  1.00000     )
                                       (  0.00000     ,  1.00000     )
                                       (  0.00000     ,  1.00000     )
                                       (  0.00000     ,  1.00000     )
                                       (  0.00000     ,  1.00000     )
                                       (  0.00000     ,  1.00000     )
                                       (  0.00000     ,  1.00000     )
                                       (  0.00000     ,  1.00000     )
                                       (  0.00000     ,  1.00000     )

#********** Integration by Vegas (iteration       1) ************
#                                                               *
#  integral  =  15776.581       accum. integral =  15776.581    *
#  std. dev. = 0.84677392       accum. std. dev = 0.84677392    *
#   min/max. wt. =    0.00000            0.184793E-02           *
#                                                               *
#*************   chi**2/iteration = -.4156E-04   ****************


#********** Integration by Vegas (iteration       2) ************
#                                                               *
#  integral  =  15778.088       accum. integral =  15777.333    *
#  std. dev. = 0.84804004       accum. std. dev = 0.59920676    *
#   min/max. wt. =    0.00000            0.185520E-02           *
#                                                               *
#*************   chi**2/iteration =  1.580       ****************

 Done
