SLURM job running in:  /work-zfs/lhc/heshy/JHUGen/xsecs/JHUGen/JHUGenerator
LHAPDF 6.1.5 loading /work-zfs/lhc/cms/slc6_amd64_gcc493/external/lhapdf/6.1.5-kpegke3/share/LHAPDF/NNPDF30_lo_as_0130/NNPDF30_lo_as_0130_0000.dat
NNPDF30_lo_as_0130 PDF set, member #0, version 2; LHAPDF ID = 263000
 
  
  ***************************************************************************************
  *                                JHU Generator v7.0.2                                 *
  ***************************************************************************************
  *                                                                                     *
  *   Spin and parity determination of single-produced resonances at hadron colliders   *
  *                                                                                     *
  *          I. Anderson, S. Bolognesi, F. Caola, Y. Gao, A. Gritsan, Z. Guo,           *
  *        C. Martin, K. Melnikov, R. Rontsch, H. Roskes, U. Sarica, M. Schulze,        *
  *                   N. Tran, A. Whitbeck, M. Xiao, C. You, Y. Zhou                    *
  *              Phys.Rev. D81 (2010) 075022;  arXiv:1001.3396  [hep-ph],               *
  *              Phys.Rev. D86 (2012) 095031;  arXiv:1208.4018  [hep-ph],               *
  *              Phys.Rev. D89 (2014) 035007;  arXiv:1309.4819  [hep-ph],               *
  *              Phys.Rev. D94 (2016) 055023;  arXiv:1606.03107 [hep-ph].               *
  *                                                                                     *
  ***************************************************************************************
  
   
   Command line: ./JHUGen Unweighted=0 VegasNc0=99999999 VegasNc1=99999999 VegasNc2=99999999 LHAPDF=NNPDF30_lo_as_0130/NNPDF30_lo_as_0130.info MReso=496 DecayMode1=0 DecayMode2=0 Interf=0 MPhotonCutoff=4 Process=0 ghz1=1,0 ghzgs2=0,0
   
   Input Parameter:
    Collider: P-P, sqrt(s)=13000.00
    Resonance: spin=0, mass= 496.00 width=   0.00407
    DecayMode1: 0  DecayMode2: 0
    Z-boson: mass=91.188, width=2.4952
    Random seed:   310437861
    To reproduce results using this seed, JHUGen should be compiled with the same compiler:
      GNU Fortran (GCC) 4.8.2
    
    OffXVV: TTT
    WidthScheme:   2
    PChannel: 0
    LHAPDF set NNPDF30_lo_as_0130/NNPDF30_lo_as_0130.info, member=  0
    Unweighted: F
    Interference: F
    Intermediate off-shell photons: T
    
    spin-0-VV couplings: 
      generate_as=F
      ghg2=  0.10000000E+01  0.00000000E+00i
      ghz1=  0.10000000E+01  0.00000000E+00i
      m(gammastar) >=     4.00 GeV
      Lambda=  1000.0
    
    LHE output: ./data/output.lhe
    Histogram output: ./data/output.dat
    Log file: ./data/output.log
    
  Running

  Input parameters for vegas:  ndim= 11   ncall= 99999999.
                              it=    0    itmx=    5
                              acc=-1.00    
                              mds=  0     nd=  50
                              (xl,xu)= (  0.00000     ,  1.00000     )
                                       (  0.00000     ,  1.00000     )
                                       (  0.00000     ,  1.00000     )
                                       (  0.00000     ,  1.00000     )
                                       (  0.00000     ,  1.00000     )
                                       (  0.00000     ,  1.00000     )
                                       (  0.00000     ,  1.00000     )
                                       (  0.00000     ,  1.00000     )
                                       (  0.00000     ,  1.00000     )
                                       (  0.00000     ,  1.00000     )
                                       (  0.00000     ,  1.00000     )

#********** Integration by Vegas (iteration       1) ************
#                                                               *
#  integral  =  40566.455       accum. integral =  40566.455    *
#  std. dev. =  14.802074       accum. std. dev =  14.802074    *
#   min/max. wt. =    0.00000            0.203645E-01           *
#                                                               *
#*************   chi**2/iteration = -.2176E-05   ****************


#********** Integration by Vegas (iteration       2) ************
#                                                               *
#  integral  =  40565.652       accum. integral =  40565.707    *
#  std. dev. =  3.9915201       accum. std. dev =  3.8538926    *
#   min/max. wt. =    0.00000            0.201272E-02           *
#                                                               *
#*************   chi**2/iteration = 0.2742E-02   ****************


#********** Integration by Vegas (iteration       3) ************
#                                                               *
#  integral  =  40570.699       accum. integral =  40568.778    *
#  std. dev. =  3.0480723       accum. std. dev =  2.3906343    *
#   min/max. wt. =    0.00000            0.152838E-02           *
#                                                               *
#*************   chi**2/iteration = 0.5173       ****************


#********** Integration by Vegas (iteration       4) ************
#                                                               *
#  integral  =  40569.372       accum. integral =  40569.014    *
#  std. dev. =  2.9482406       accum. std. dev =  1.8568750    *
#   min/max. wt. =    0.00000            0.413053E-02           *
#                                                               *
#*************   chi**2/iteration = 0.3530       ****************


#********** Integration by Vegas (iteration       5) ************
#                                                               *
#  integral  =  40567.560       accum. integral =  40568.602    *
#  std. dev. =  2.9520929       accum. std. dev =  1.5717942    *
#   min/max. wt. =    0.00000            0.510014E-02           *
#                                                               *
#*************   chi**2/iteration = 0.3083       ****************

 ****************************************************
 * Writing out vegas grid to ./data/output.grid                                                      
 ****************************************************

  Input parameters for vegas:  ndim= 11   ncall= 99999999.
                              it=    0    itmx=    2
                              acc=-1.00    
                              mds=  0     nd=  50
                              (xl,xu)= (  0.00000     ,  1.00000     )
                                       (  0.00000     ,  1.00000     )
                                       (  0.00000     ,  1.00000     )
                                       (  0.00000     ,  1.00000     )
                                       (  0.00000     ,  1.00000     )
                                       (  0.00000     ,  1.00000     )
                                       (  0.00000     ,  1.00000     )
                                       (  0.00000     ,  1.00000     )
                                       (  0.00000     ,  1.00000     )
                                       (  0.00000     ,  1.00000     )
                                       (  0.00000     ,  1.00000     )

#********** Integration by Vegas (iteration       1) ************
#                                                               *
#  integral  =  40566.925       accum. integral =  40566.925    *
#  std. dev. =  2.9564344       accum. std. dev =  2.9564344    *
#   min/max. wt. =    0.00000            0.486298E-02           *
#                                                               *
#*************   chi**2/iteration = 0.2728E-04   ****************


#********** Integration by Vegas (iteration       2) ************
#                                                               *
#  integral  =  40563.730       accum. integral =  40565.329    *
#  std. dev. =  2.9592746       accum. std. dev =  2.0915182    *
#   min/max. wt. =    0.00000            0.490609E-02           *
#                                                               *
#*************   chi**2/iteration = 0.5828       ****************

 Done
