SLURM job running in:  /work-zfs/lhc/heshy/JHUGen/xsecs/JHUGen/JHUGenerator
LHAPDF 6.1.5 loading /work-zfs/lhc/cms/slc6_amd64_gcc493/external/lhapdf/6.1.5-kpegke3/share/LHAPDF/NNPDF30_lo_as_0130/NNPDF30_lo_as_0130_0000.dat
NNPDF30_lo_as_0130 PDF set, member #0, version 2; LHAPDF ID = 263000
 
  
  ***************************************************************************************
  *                                JHU Generator v7.0.2                                 *
  ***************************************************************************************
  *                                                                                     *
  *   Spin and parity determination of single-produced resonances at hadron colliders   *
  *                                                                                     *
  *          I. Anderson, S. Bolognesi, F. Caola, Y. Gao, A. Gritsan, Z. Guo,           *
  *        C. Martin, K. Melnikov, R. Rontsch, H. Roskes, U. Sarica, M. Schulze,        *
  *                   N. Tran, A. Whitbeck, M. Xiao, C. You, Y. Zhou                    *
  *              Phys.Rev. D81 (2010) 075022;  arXiv:1001.3396  [hep-ph],               *
  *              Phys.Rev. D86 (2012) 095031;  arXiv:1208.4018  [hep-ph],               *
  *              Phys.Rev. D89 (2014) 035007;  arXiv:1309.4819  [hep-ph],               *
  *              Phys.Rev. D94 (2016) 055023;  arXiv:1606.03107 [hep-ph].               *
  *                                                                                     *
  ***************************************************************************************
  
   
   Command line: ./JHUGen Unweighted=0 VegasNc0=99999999 VegasNc1=99999999 VegasNc2=99999999 LHAPDF=NNPDF30_lo_as_0130/NNPDF30_lo_as_0130.info MReso=535 DecayMode1=0 DecayMode2=0 Interf=0 MPhotonCutoff=4 Process=0 ghz1=1,0 ghzgs2=0,0
   
   Input Parameter:
    Collider: P-P, sqrt(s)=13000.00
    Resonance: spin=0, mass= 535.00 width=   0.00407
    DecayMode1: 0  DecayMode2: 0
    Z-boson: mass=91.188, width=2.4952
    Random seed:   245012422
    To reproduce results using this seed, JHUGen should be compiled with the same compiler:
      GNU Fortran (GCC) 4.8.2
    
    OffXVV: TTT
    WidthScheme:   2
    PChannel: 0
    LHAPDF set NNPDF30_lo_as_0130/NNPDF30_lo_as_0130.info, member=  0
    Unweighted: F
    Interference: F
    Intermediate off-shell photons: T
    
    spin-0-VV couplings: 
      generate_as=F
      ghg2=  0.10000000E+01  0.00000000E+00i
      ghz1=  0.10000000E+01  0.00000000E+00i
      m(gammastar) >=     4.00 GeV
      Lambda=  1000.0
    
    LHE output: ./data/output.lhe
    Histogram output: ./data/output.dat
    Log file: ./data/output.log
    
  Running

  Input parameters for vegas:  ndim= 11   ncall= 99999999.
                              it=    0    itmx=    5
                              acc=-1.00    
                              mds=  0     nd=  50
                              (xl,xu)= (  0.00000     ,  1.00000     )
                                       (  0.00000     ,  1.00000     )
                                       (  0.00000     ,  1.00000     )
                                       (  0.00000     ,  1.00000     )
                                       (  0.00000     ,  1.00000     )
                                       (  0.00000     ,  1.00000     )
                                       (  0.00000     ,  1.00000     )
                                       (  0.00000     ,  1.00000     )
                                       (  0.00000     ,  1.00000     )
                                       (  0.00000     ,  1.00000     )
                                       (  0.00000     ,  1.00000     )

#********** Integration by Vegas (iteration       1) ************
#                                                               *
#  integral  =  42001.048       accum. integral =  42001.048    *
#  std. dev. =  14.830176       accum. std. dev =  14.830176    *
#   min/max. wt. =    0.00000            0.187607E-01           *
#                                                               *
#*************   chi**2/iteration = -.1084E-05   ****************


#********** Integration by Vegas (iteration       2) ************
#                                                               *
#  integral  =  41983.193       accum. integral =  41984.474    *
#  std. dev. =  4.1226544       accum. std. dev =  3.9727564    *
#   min/max. wt. =    0.00000            0.205753E-02           *
#                                                               *
#*************   chi**2/iteration =  1.345       ****************


#********** Integration by Vegas (iteration       3) ************
#                                                               *
#  integral  =  41982.024       accum. integral =  41982.974    *
#  std. dev. =  3.1612196       accum. std. dev =  2.4738144    *
#   min/max. wt. =    0.00000            0.154588E-02           *
#                                                               *
#*************   chi**2/iteration = 0.7892       ****************


#********** Integration by Vegas (iteration       4) ************
#                                                               *
#  integral  =  41987.178       accum. integral =  41984.635    *
#  std. dev. =  3.0604252       accum. std. dev =  1.9238986    *
#   min/max. wt. =    0.00000            0.376707E-02           *
#                                                               *
#*************   chi**2/iteration = 0.9065       ****************


#********** Integration by Vegas (iteration       5) ************
#                                                               *
#  integral  =  41985.702       accum. integral =  41984.937    *
#  std. dev. =  3.0655460       accum. std. dev =  1.6295733    *
#   min/max. wt. =    0.00000            0.503295E-02           *
#                                                               *
#*************   chi**2/iteration = 0.7016       ****************

 ****************************************************
 * Writing out vegas grid to ./data/output.grid                                                      
 ****************************************************

  Input parameters for vegas:  ndim= 11   ncall= 99999999.
                              it=    0    itmx=    2
                              acc=-1.00    
                              mds=  0     nd=  50
                              (xl,xu)= (  0.00000     ,  1.00000     )
                                       (  0.00000     ,  1.00000     )
                                       (  0.00000     ,  1.00000     )
                                       (  0.00000     ,  1.00000     )
                                       (  0.00000     ,  1.00000     )
                                       (  0.00000     ,  1.00000     )
                                       (  0.00000     ,  1.00000     )
                                       (  0.00000     ,  1.00000     )
                                       (  0.00000     ,  1.00000     )
                                       (  0.00000     ,  1.00000     )
                                       (  0.00000     ,  1.00000     )

#********** Integration by Vegas (iteration       1) ************
#                                                               *
#  integral  =  41986.174       accum. integral =  41986.174    *
#  std. dev. =  3.0694416       accum. std. dev =  3.0694416    *
#   min/max. wt. =    0.00000            0.538804E-02           *
#                                                               *
#*************   chi**2/iteration =  0.000       ****************


#********** Integration by Vegas (iteration       2) ************
#                                                               *
#  integral  =  41984.782       accum. integral =  41985.479    *
#  std. dev. =  3.0730775       accum. std. dev =  2.1717073    *
#   min/max. wt. =    0.00000            0.512455E-02           *
#                                                               *
#*************   chi**2/iteration = 0.1026       ****************

 Done
