**** Following environment variables are going to be unset.
       UTM_XSD_DIR
       ROOT_TTREECACHE_PREFILL
       ROOT_TTREECACHE_SIZE
SLURM job running in:  /work-zfs/lhc/heshy/JHUGen/xsecs/JHUGen/JHUGenerator
LHAPDF 6.1.5 loading /work-zfs/lhc/cms/slc6_amd64_gcc493/external/lhapdf/6.1.5-kpegke3/share/LHAPDF/NNPDF30_lo_as_0130/NNPDF30_lo_as_0130_0000.dat
NNPDF30_lo_as_0130 PDF set, member #0, version 2; LHAPDF ID = 263000
 
  
  ***************************************************************************************
  *                                JHU Generator v7.0.2                                 *
  ***************************************************************************************
  *                                                                                     *
  *   Spin and parity determination of single-produced resonances at hadron colliders   *
  *                                                                                     *
  *          I. Anderson, S. Bolognesi, F. Caola, Y. Gao, A. Gritsan, Z. Guo,           *
  *        C. Martin, K. Melnikov, R. Rontsch, H. Roskes, U. Sarica, M. Schulze,        *
  *                   N. Tran, A. Whitbeck, M. Xiao, C. You, Y. Zhou                    *
  *              Phys.Rev. D81 (2010) 075022;  arXiv:1001.3396  [hep-ph],               *
  *              Phys.Rev. D86 (2012) 095031;  arXiv:1208.4018  [hep-ph],               *
  *              Phys.Rev. D89 (2014) 035007;  arXiv:1309.4819  [hep-ph],               *
  *              Phys.Rev. D94 (2016) 055023;  arXiv:1606.03107 [hep-ph].               *
  *                                                                                     *
  ***************************************************************************************
  
   
   Command line: ./JHUGen Unweighted=0 VegasNc0=99999999 VegasNc1=99999999 VegasNc2=99999999 LHAPDF=NNPDF30_lo_as_0130/NNPDF30_lo_as_0130.info MReso=8000 Process=61 ghg2=0,0 ghg4=1,0
   
   Input Parameter:
    Collider: P-P, sqrt(s)=13000.00
    Resonance: spin=0, mass=8000.00 width=   0.00407
    Jet cuts:
            pT >=    15.00 GeV
         |eta| <= Infinity
        DeltaR >=     0.30
           mJJ >=     0.00 GeV
    Random seed:   931063959
    To reproduce results using this seed, JHUGen should be compiled with the same compiler:
      GNU Fortran (GCC) 4.8.2
    
    WidthScheme:   2
    LHAPDF set NNPDF30_lo_as_0130/NNPDF30_lo_as_0130.info, member=  0
    Unweighted: F
    
    spin-0-VV couplings: 
      generate_as=F
      ghg4=  0.10000000E+01  0.00000000E+00i
      ghz1=  0.20000000E+01  0.00000000E+00i
      Lambda=  1000.0
    
    LHE output: ./data/output.lhe
    Histogram output: ./data/output.dat
    Log file: ./data/output.log
    
  Running

  Input parameters for vegas:  ndim=  9   ncall= 99999999.
                              it=    0    itmx=   15
                              acc=-1.00    
                              mds=  0     nd=  50
                              (xl,xu)= (  0.00000     ,  1.00000     )
                                       (  0.00000     ,  1.00000     )
                                       (  0.00000     ,  1.00000     )
                                       (  0.00000     ,  1.00000     )
                                       (  0.00000     ,  1.00000     )
                                       (  0.00000     ,  1.00000     )
                                       (  0.00000     ,  1.00000     )
                                       (  0.00000     ,  1.00000     )
                                       (  0.00000     ,  1.00000     )

#********** Integration by Vegas (iteration       1) ************
#                                                               *
#  integral  = 0.62525520E-05   accum. integral = 0.62525520E-05*
#  std. dev. = 0.23883069E-05   accum. std. dev = 0.23883069E-05*
#   min/max. wt. =    0.00000            0.228511E-05           *
#                                                               *
#*************   chi**2/iteration =  0.000       ****************


#********** Integration by Vegas (iteration       2) ************
#                                                               *
#  integral  = 0.44935424E-05   accum. integral = 0.46657867E-05*
#  std. dev. = 0.56550669E-06   accum. std. dev = 0.65077886E-06*
#   min/max. wt. =    0.00000            0.545601E-06           *
#                                                               *
#*************   chi**2/iteration = 0.6447       ****************


#********** Integration by Vegas (iteration       3) ************
#                                                               *
#  integral  = 0.46090300E-05   accum. integral = 0.46128247E-05*
#  std. dev. = 0.14746451E-06   accum. std. dev = 0.16012842E-06*
#   min/max. wt. =    0.00000            0.817478E-07           *
#                                                               *
#*************   chi**2/iteration = 0.3601       ****************


#********** Integration by Vegas (iteration       4) ************
#                                                               *
#  integral  = 0.47610616E-05   accum. integral = 0.47504418E-05*
#  std. dev. = 0.40876873E-07   accum. std. dev = 0.42018044E-07*
#   min/max. wt. =    0.00000            0.236512E-07           *
#                                                               *
#*************   chi**2/iteration = 0.5256       ****************


#********** Integration by Vegas (iteration       5) ************
#                                                               *
#  integral  = 0.48446207E-05   accum. integral = 0.48282357E-05*
#  std. dev. = 0.18392572E-07   accum. std. dev = 0.17367058E-07*
#   min/max. wt. =    0.00000            0.117492E-07           *
#                                                               *
#*************   chi**2/iteration =  1.458       ****************


#********** Integration by Vegas (iteration       6) ************
#                                                               *
#  integral  = 0.48275748E-05   accum. integral = 0.48276914E-05*
#  std. dev. = 0.77084434E-08   accum. std. dev = 0.72449008E-08*
#   min/max. wt. =    0.00000            0.336424E-08           *
#                                                               *
#*************   chi**2/iteration =  1.182       ****************


#********** Integration by Vegas (iteration       7) ************
#                                                               *
#  integral  = 0.48298472E-05   accum. integral = 0.48292289E-05*
#  std. dev. = 0.44385565E-08   accum. std. dev = 0.38615198E-08*
#   min/max. wt. =    0.00000            0.314450E-09           *
#                                                               *
#*************   chi**2/iteration =  1.005       ****************


#********** Integration by Vegas (iteration       8) ************
#                                                               *
#  integral  = 0.48317908E-05   accum. integral = 0.48306921E-05*
#  std. dev. = 0.32493777E-08   accum. std. dev = 0.25197789E-08*
#   min/max. wt. =    0.00000            0.220002E-09           *
#                                                               *
#*************   chi**2/iteration = 0.9041       ****************


#********** Integration by Vegas (iteration       9) ************
#                                                               *
#  integral  = 0.48322899E-05   accum. integral = 0.48313361E-05*
#  std. dev. = 0.29886957E-08   accum. std. dev = 0.19413814E-08*
#   min/max. wt. =    0.00000            0.128441E-09           *
#                                                               *
#*************   chi**2/iteration = 0.8159       ****************


#********** Integration by Vegas (iteration      10) ************
#                                                               *
#  integral  = 0.48284038E-05   accum. integral = 0.48304726E-05*
#  std. dev. = 0.29345894E-08   accum. std. dev = 0.16268854E-08*
#   min/max. wt. =    0.00000            0.108803E-09           *
#                                                               *
#*************   chi**2/iteration = 0.8036       ****************


#********** Integration by Vegas (iteration      11) ************
#                                                               *
#  integral  = 0.48306440E-05   accum. integral = 0.48305123E-05*
#  std. dev. = 0.29026840E-08   accum. std. dev = 0.14235178E-08*
#   min/max. wt. =    0.00000            0.143496E-09           *
#                                                               *
#*************   chi**2/iteration = 0.7262       ****************


#********** Integration by Vegas (iteration      12) ************
#                                                               *
#  integral  = 0.48302800E-05   accum. integral = 0.48304683E-05*
#  std. dev. = 0.28885797E-08   accum. std. dev = 0.12795847E-08*
#   min/max. wt. =    0.00000            0.167205E-09           *
#                                                               *
#*************   chi**2/iteration = 0.6627       ****************


#********** Integration by Vegas (iteration      13) ************
#                                                               *
#  integral  = 0.48298588E-05   accum. integral = 0.48303707E-05*
#  std. dev. = 0.28806729E-08   accum. std. dev = 0.11711959E-08*
#   min/max. wt. =    0.00000            0.110144E-09           *
#                                                               *
#*************   chi**2/iteration = 0.6122       ****************


#********** Integration by Vegas (iteration      14) ************
#                                                               *
#  integral  = 0.48260784E-05   accum. integral = 0.48297804E-05*
#  std. dev. = 0.28831324E-08   accum. std. dev = 0.10863687E-08*
#   min/max. wt. =    0.00000            0.143070E-09           *
#                                                               *
#*************   chi**2/iteration = 0.7089       ****************


#********** Integration by Vegas (iteration      15) ************
#                                                               *
#  integral  = 0.48355821E-05   accum. integral = 0.48304601E-05*
#  std. dev. = 0.29409109E-08   accum. std. dev = 0.10198119E-08*
#   min/max. wt. =    0.00000            0.217663E-09           *
#                                                               *
#*************   chi**2/iteration = 0.8986       ****************

 ****************************************************
 * Writing out vegas grid to ./data/output.grid                                                      
 ****************************************************

  Input parameters for vegas:  ndim=  9   ncall= 99999999.
                              it=    0    itmx=    2
                              acc=-1.00    
                              mds=  0     nd=  50
                              (xl,xu)= (  0.00000     ,  1.00000     )
                                       (  0.00000     ,  1.00000     )
                                       (  0.00000     ,  1.00000     )
                                       (  0.00000     ,  1.00000     )
                                       (  0.00000     ,  1.00000     )
                                       (  0.00000     ,  1.00000     )
                                       (  0.00000     ,  1.00000     )
                                       (  0.00000     ,  1.00000     )
                                       (  0.00000     ,  1.00000     )

#********** Integration by Vegas (iteration       1) ************
#                                                               *
#  integral  = 0.48207449E-05   accum. integral = 0.48207449E-05*
#  std. dev. = 0.29167080E-08   accum. std. dev = 0.29167080E-08*
#   min/max. wt. =    0.00000            0.120685E-09           *
#                                                               *
#*************   chi**2/iteration =  0.000       ****************


#********** Integration by Vegas (iteration       2) ************
#                                                               *
#  integral  = 0.48285056E-05   accum. integral = 0.48245468E-05*
#  std. dev. = 0.29810564E-08   accum. std. dev = 0.20848389E-08*
#   min/max. wt. =    0.00000            0.149946E-09           *
#                                                               *
#*************   chi**2/iteration =  3.459       ****************

 Done
