**** Following environment variables are going to be unset.
       UTM_XSD_DIR
       ROOT_TTREECACHE_PREFILL
       ROOT_TTREECACHE_SIZE
SLURM job running in:  /work-zfs/lhc/heshy/JHUGen/xsecs/JHUGen/JHUGenerator
LHAPDF 6.1.5 loading /work-zfs/lhc/cms/slc6_amd64_gcc493/external/lhapdf/6.1.5-kpegke3/share/LHAPDF/NNPDF30_lo_as_0130/NNPDF30_lo_as_0130_0000.dat
NNPDF30_lo_as_0130 PDF set, member #0, version 2; LHAPDF ID = 263000
 
  
  ***************************************************************************************
  *                                JHU Generator v7.0.2                                 *
  ***************************************************************************************
  *                                                                                     *
  *   Spin and parity determination of single-produced resonances at hadron colliders   *
  *                                                                                     *
  *          I. Anderson, S. Bolognesi, F. Caola, Y. Gao, A. Gritsan, Z. Guo,           *
  *        C. Martin, K. Melnikov, R. Rontsch, H. Roskes, U. Sarica, M. Schulze,        *
  *                   N. Tran, A. Whitbeck, M. Xiao, C. You, Y. Zhou                    *
  *              Phys.Rev. D81 (2010) 075022;  arXiv:1001.3396  [hep-ph],               *
  *              Phys.Rev. D86 (2012) 095031;  arXiv:1208.4018  [hep-ph],               *
  *              Phys.Rev. D89 (2014) 035007;  arXiv:1309.4819  [hep-ph],               *
  *              Phys.Rev. D94 (2016) 055023;  arXiv:1606.03107 [hep-ph].               *
  *                                                                                     *
  ***************************************************************************************
  
   
   Command line: ./JHUGen Unweighted=0 VegasNc0=99999999 VegasNc1=99999999 VegasNc2=99999999 LHAPDF=NNPDF30_lo_as_0130/NNPDF30_lo_as_0130.info MReso=9000 Process=61 ghg2=0,0 ghg4=1,0
   
   Input Parameter:
    Collider: P-P, sqrt(s)=13000.00
    Resonance: spin=0, mass=9000.00 width=   0.00407
    Jet cuts:
            pT >=    15.00 GeV
         |eta| <= Infinity
        DeltaR >=     0.30
           mJJ >=     0.00 GeV
    Random seed:   575689618
    To reproduce results using this seed, JHUGen should be compiled with the same compiler:
      GNU Fortran (GCC) 4.8.2
    
    WidthScheme:   2
    LHAPDF set NNPDF30_lo_as_0130/NNPDF30_lo_as_0130.info, member=  0
    Unweighted: F
    
    spin-0-VV couplings: 
      generate_as=F
      ghg4=  0.10000000E+01  0.00000000E+00i
      ghz1=  0.20000000E+01  0.00000000E+00i
      Lambda=  1000.0
    
    LHE output: ./data/output.lhe
    Histogram output: ./data/output.dat
    Log file: ./data/output.log
    
  Running

  Input parameters for vegas:  ndim=  9   ncall= 99999999.
                              it=    0    itmx=   15
                              acc=-1.00    
                              mds=  0     nd=  50
                              (xl,xu)= (  0.00000     ,  1.00000     )
                                       (  0.00000     ,  1.00000     )
                                       (  0.00000     ,  1.00000     )
                                       (  0.00000     ,  1.00000     )
                                       (  0.00000     ,  1.00000     )
                                       (  0.00000     ,  1.00000     )
                                       (  0.00000     ,  1.00000     )
                                       (  0.00000     ,  1.00000     )
                                       (  0.00000     ,  1.00000     )

#********** Integration by Vegas (iteration       1) ************
#                                                               *
#  integral  = 0.18146311E-06   accum. integral = 0.18146311E-06*
#  std. dev. = 0.10793448E-07   accum. std. dev = 0.10793448E-07*
#   min/max. wt. =    0.00000            0.754628E-08           *
#                                                               *
#*************   chi**2/iteration =  0.000       ****************


#********** Integration by Vegas (iteration       2) ************
#                                                               *
#  integral  = 0.24268909E-06   accum. integral = 0.23690291E-06*
#  std. dev. = 0.46634518E-08   accum. std. dev = 0.39180504E-08*
#   min/max. wt. =    0.00000            0.221125E-08           *
#                                                               *
#*************   chi**2/iteration =  20.88       ****************


#********** Integration by Vegas (iteration       3) ************
#                                                               *
#  integral  = 0.29025930E-06   accum. integral = 0.25653989E-06*
#  std. dev. = 0.69548668E-08   accum. std. dev = 0.35215833E-08*
#   min/max. wt. =    0.00000            0.466247E-08           *
#                                                               *
#*************   chi**2/iteration =  34.85       ****************


#********** Integration by Vegas (iteration       4) ************
#                                                               *
#  integral  = 0.29415672E-06   accum. integral = 0.28531930E-06*
#  std. dev. = 0.23694494E-08   accum. std. dev = 0.18052628E-08*
#   min/max. wt. =    0.00000            0.122926E-08           *
#                                                               *
#*************   chi**2/iteration =  46.78       ****************


#********** Integration by Vegas (iteration       5) ************
#                                                               *
#  integral  = 0.29417230E-06   accum. integral = 0.29285550E-06*
#  std. dev. = 0.86637078E-09   accum. std. dev = 0.71804157E-09*
#   min/max. wt. =    0.00000            0.412211E-09           *
#                                                               *
#*************   chi**2/iteration =  37.80       ****************


#********** Integration by Vegas (iteration       6) ************
#                                                               *
#  integral  = 0.29357665E-06   accum. integral = 0.29346440E-06*
#  std. dev. = 0.34250004E-09   accum. std. dev = 0.28875879E-09*
#   min/max. wt. =    0.00000            0.525964E-10           *
#                                                               *
#*************   chi**2/iteration =  29.27       ****************


#********** Integration by Vegas (iteration       7) ************
#                                                               *
#  integral  = 0.29357097E-06   accum. integral = 0.29353594E-06*
#  std. dev. = 0.22021806E-09   accum. std. dev = 0.16775797E-09*
#   min/max. wt. =    0.00000            0.361506E-10           *
#                                                               *
#*************   chi**2/iteration =  23.77       ****************


#********** Integration by Vegas (iteration       8) ************
#                                                               *
#  integral  = 0.29386172E-06   accum. integral = 0.29369427E-06*
#  std. dev. = 0.18574138E-09   accum. std. dev = 0.12146248E-09*
#   min/max. wt. =    0.00000            0.159869E-10           *
#                                                               *
#*************   chi**2/iteration =  20.23       ****************


#********** Integration by Vegas (iteration       9) ************
#                                                               *
#  integral  = 0.29355529E-06   accum. integral = 0.29364551E-06*
#  std. dev. = 0.17596395E-09   accum. std. dev = 0.98591796E-10*
#   min/max. wt. =    0.00000            0.995246E-11           *
#                                                               *
#*************   chi**2/iteration =  17.50       ****************


#********** Integration by Vegas (iteration      10) ************
#                                                               *
#  integral  = 0.29363597E-06   accum. integral = 0.29364293E-06*
#  std. dev. = 0.17110140E-09   accum. std. dev = 0.84690361E-10*
#   min/max. wt. =    0.00000            0.730584E-11           *
#                                                               *
#*************   chi**2/iteration =  15.38       ****************


#********** Integration by Vegas (iteration      11) ************
#                                                               *
#  integral  = 0.29357541E-06   accum. integral = 0.29362841E-06*
#  std. dev. = 0.17002850E-09   accum. std. dev = 0.75386983E-10*
#   min/max. wt. =    0.00000            0.924951E-11           *
#                                                               *
#*************   chi**2/iteration =  13.72       ****************


#********** Integration by Vegas (iteration      12) ************
#                                                               *
#  integral  = 0.29362997E-06   accum. integral = 0.29362869E-06*
#  std. dev. = 0.16884918E-09   accum. std. dev = 0.68571379E-10*
#   min/max. wt. =    0.00000            0.103236E-10           *
#                                                               *
#*************   chi**2/iteration =  12.38       ****************


#********** Integration by Vegas (iteration      13) ************
#                                                               *
#  integral  = 0.29341673E-06   accum. integral = 0.29359627E-06*
#  std. dev. = 0.16804223E-09   accum. std. dev = 0.63314348E-10*
#   min/max. wt. =    0.00000            0.522413E-11           *
#                                                               *
#*************   chi**2/iteration =  11.39       ****************


#********** Integration by Vegas (iteration      14) ************
#                                                               *
#  integral  = 0.29360255E-06   accum. integral = 0.29359708E-06*
#  std. dev. = 0.17028105E-09   accum. std. dev = 0.59228827E-10*
#   min/max. wt. =    0.00000            0.815878E-11           *
#                                                               *
#*************   chi**2/iteration =  10.46       ****************


#********** Integration by Vegas (iteration      15) ************
#                                                               *
#  integral  = 0.29398997E-06   accum. integral = 0.29364156E-06*
#  std. dev. = 0.17192902E-09   accum. std. dev = 0.55916208E-10*
#   min/max. wt. =    0.00000            0.102939E-10           *
#                                                               *
#*************   chi**2/iteration =  10.02       ****************

 ****************************************************
 * Writing out vegas grid to ./data/output.grid                                                      
 ****************************************************

  Input parameters for vegas:  ndim=  9   ncall= 99999999.
                              it=    0    itmx=    2
                              acc=-1.00    
                              mds=  0     nd=  50
                              (xl,xu)= (  0.00000     ,  1.00000     )
                                       (  0.00000     ,  1.00000     )
                                       (  0.00000     ,  1.00000     )
                                       (  0.00000     ,  1.00000     )
                                       (  0.00000     ,  1.00000     )
                                       (  0.00000     ,  1.00000     )
                                       (  0.00000     ,  1.00000     )
                                       (  0.00000     ,  1.00000     )
                                       (  0.00000     ,  1.00000     )

#********** Integration by Vegas (iteration       1) ************
#                                                               *
#  integral  = 0.29379473E-06   accum. integral = 0.29379473E-06*
#  std. dev. = 0.17274247E-09   accum. std. dev = 0.17274247E-09*
#   min/max. wt. =    0.00000            0.845067E-11           *
#                                                               *
#*************   chi**2/iteration = -.4230E-06   ****************


#********** Integration by Vegas (iteration       2) ************
#                                                               *
#  integral  = 0.29372501E-06   accum. integral = 0.29376002E-06*
#  std. dev. = 0.17344638E-09   accum. std. dev = 0.12239543E-09*
#   min/max. wt. =    0.00000            0.716575E-11           *
#                                                               *
#*************   chi**2/iteration = 0.8104E-01   ****************

 Done
