SLURM job running in:  /work-zfs/lhc/heshy/JHUGen/xsecs/JHUGen_new/JHUGenerator
LHAPDF 6.1.5 loading /work-zfs/lhc/cms/slc6_amd64_gcc493/external/lhapdf/6.1.5-kpegke3/share/LHAPDF/NNPDF30_lo_as_0130/NNPDF30_lo_as_0130_0000.dat
NNPDF30_lo_as_0130 PDF set, member #0, version 2; LHAPDF ID = 263000
 
                                                                                          
   ***************************************************************************************
   *                                JHU Generator v7.0.2                                 *
   ***************************************************************************************
   *                                                                                     *
   *   Spin and parity determination of single-produced resonances at hadron colliders   *
   *                                                                                     *
   *          I. Anderson, S. Bolognesi, F. Caola, Y. Gao, A. Gritsan, Z. Guo,           *
   *        C. Martin, K. Melnikov, R. Rontsch, H. Roskes, U. Sarica, M. Schulze,        *
   *                   N. Tran, A. Whitbeck, M. Xiao, C. You, Y. Zhou                    *
   *               Phys.Rev. D81 (2010) 075022;  arXiv:1001.3396  [hep-ph],              *
   *               Phys.Rev. D86 (2012) 095031;  arXiv:1208.4018  [hep-ph],              *
   *               Phys.Rev. D89 (2014) 035007;  arXiv:1309.4819  [hep-ph],              *
   *               Phys.Rev. D94 (2016) 055023;  arXiv:1606.03107 [hep-ph].              *
   *                                                                                     *
   ***************************************************************************************
                                                                                          
   
   Command line: ./JHUGen Unweighted=0 VegasNc0=99999999 VegasNc1=99999999 VegasNc2=99999999 LHAPDF=NNPDF30_lo_as_0130/NNPDF30_lo_as_0130.info MReso=120 DecayMode1=0 DecayMode2=0 Interf=0 Process=0 ghz1=0,0 ghz2=1,0
   
   Input Parameter:
    Collider: P-P, sqrt(s)=13000.00
    Resonance: spin=0, mass= 120.00 width=   0.00407
    DecayMode1: 0  DecayMode2: 0
    Z-boson: mass=91.188, width=2.4952
    Random seed:   800466301
    To reproduce results using this seed, JHUGen should be compiled with the same compiler:
      GNU Fortran (GCC) 4.9.3
    
    OffXVV: TTT
    WidthScheme:   2
    PChannel: 0
    LHAPDF set NNPDF30_lo_as_0130/NNPDF30_lo_as_0130.info, member=  0
    Unweighted: F
    Interference: F
    Intermediate off-shell photons: F
    
    spin-0-VV couplings: 
      generate_as=F
      ghg2=  0.10000000E+01  0.00000000E+00i
      ghz2=  0.10000000E+01  0.00000000E+00i
      Lambda=  1000.0
    
    LHE output: ./data/output.lhe
    Histogram output: ./data/output.dat
    Log file: ./data/output.log
    
  Running

  Input parameters for vegas:  ndim= 11   ncall= 99999999.
                              it=    0    itmx=    5
                              acc=-1.00    
                              mds=  0     nd=  50
                              (xl,xu)= (  0.00000     ,  1.00000     )
                                       (  0.00000     ,  1.00000     )
                                       (  0.00000     ,  1.00000     )
                                       (  0.00000     ,  1.00000     )
                                       (  0.00000     ,  1.00000     )
                                       (  0.00000     ,  1.00000     )
                                       (  0.00000     ,  1.00000     )
                                       (  0.00000     ,  1.00000     )
                                       (  0.00000     ,  1.00000     )
                                       (  0.00000     ,  1.00000     )
                                       (  0.00000     ,  1.00000     )

#********** Integration by Vegas (iteration       1) ************
#                                                               *
#  integral  =  1.1377994       accum. integral =  1.1377994    *
#  std. dev. = 0.98427595E-02   accum. std. dev = 0.98427595E-02*
#   min/max. wt. =    0.00000            0.190900E-02           *
#                                                               *
#*************   chi**2/iteration = -.2292E-08   ****************


#********** Integration by Vegas (iteration       2) ************
#                                                               *
#  integral  =  1.1303024       accum. integral =  1.1303339    *
#  std. dev. = 0.63508500E-03   accum. std. dev = 0.63585485E-03*
#   min/max. wt. =    0.00000            0.120562E-04           *
#                                                               *
#*************   chi**2/iteration = 0.5810       ****************


#********** Integration by Vegas (iteration       3) ************
#                                                               *
#  integral  =  1.1310291       accum. integral =  1.1310017    *
#  std. dev. = 0.12864152E-03   accum. std. dev = 0.12629882E-03*
#   min/max. wt. =    0.00000            0.244410E-06           *
#                                                               *
#*************   chi**2/iteration = 0.8660       ****************


#********** Integration by Vegas (iteration       4) ************
#                                                               *
#  integral  =  1.1310495       accum. integral =  1.1310357    *
#  std. dev. = 0.80033560E-04   accum. std. dev = 0.67658511E-04*
#   min/max. wt. =    0.00000            0.163985E-06           *
#                                                               *
#*************   chi**2/iteration = 0.6120       ****************


#********** Integration by Vegas (iteration       5) ************
#                                                               *
#  integral  =  1.1308967       accum. integral =  1.1309705    *
#  std. dev. = 0.71872588E-04   accum. std. dev = 0.49283637E-04*
#   min/max. wt. =    0.00000            0.213044E-06           *
#                                                               *
#*************   chi**2/iteration = 0.9548       ****************

 ****************************************************
 * Writing out vegas grid to ./data/output.grid                                                      
 ****************************************************

  Input parameters for vegas:  ndim= 11   ncall= 99999999.
                              it=    0    itmx=    2
                              acc=-1.00    
                              mds=  0     nd=  50
                              (xl,xu)= (  0.00000     ,  1.00000     )
                                       (  0.00000     ,  1.00000     )
                                       (  0.00000     ,  1.00000     )
                                       (  0.00000     ,  1.00000     )
                                       (  0.00000     ,  1.00000     )
                                       (  0.00000     ,  1.00000     )
                                       (  0.00000     ,  1.00000     )
                                       (  0.00000     ,  1.00000     )
                                       (  0.00000     ,  1.00000     )
                                       (  0.00000     ,  1.00000     )
                                       (  0.00000     ,  1.00000     )

#********** Integration by Vegas (iteration       1) ************
#                                                               *
#  integral  =  1.1309357       accum. integral =  1.1309357    *
#  std. dev. = 0.70314882E-04   accum. std. dev = 0.70314882E-04*
#   min/max. wt. =    0.00000            0.225888E-06           *
#                                                               *
#*************   chi**2/iteration =  0.000       ****************


#********** Integration by Vegas (iteration       2) ************
#                                                               *
#  integral  =  1.1309115       accum. integral =  1.1309236    *
#  std. dev. = 0.70084368E-04   accum. std. dev = 0.49638432E-04*
#   min/max. wt. =    0.00000            0.262547E-06           *
#                                                               *
#*************   chi**2/iteration = 0.5915E-01   ****************

 Done
