SLURM job running in:  /work-zfs/lhc/heshy/JHUGen/xsecs/JHUGen/JHUGenerator
LHAPDF 6.1.5 loading /work-zfs/lhc/cms/slc6_amd64_gcc493/external/lhapdf/6.1.5-kpegke3/share/LHAPDF/NNPDF30_lo_as_0130/NNPDF30_lo_as_0130_0000.dat
NNPDF30_lo_as_0130 PDF set, member #0, version 2; LHAPDF ID = 263000
 
                                                                                          
   ***************************************************************************************
   *                                JHU Generator v6.9.8                                 *
   ***************************************************************************************
   *                                                                                     *
   *   Spin and parity determination of single-produced resonances at hadron colliders   *
   *                                                                                     *
   *          I. Anderson, S. Bolognesi, F. Caola, Y. Gao, A. Gritsan, Z. Guo,           *
   *        C. Martin, K. Melnikov, R.Rontsch, H. Roskes, U. Sarica, M. Schulze,         *
   *                   N. Tran, A. Whitbeck, M. Xiao, C. You, Y. Zhou                    *
   *                Phys.Rev. D81 (2010) 075022;  arXiv:1001.3396 [hep-ph],              *
   *                Phys.Rev. D86 (2012) 095031;  arXiv:1208.4018 [hep-ph],              *
   *                Phys.Rev. D89 (2014) 035007;  arXiv:1309.4819 [hep-ph].              *
   *                                                                                     *
   ***************************************************************************************
                                                                                          
   
   Command line: ./JHUGen Unweighted=0 VegasNc0=99999999 VegasNc1=99999999 VegasNc2=99999999 LHAPDF=NNPDF30_lo_as_0130/NNPDF30_lo_as_0130.info MReso=1090 Process=2 a1=1,0 b5=1,0 Interf=0
   
   Input Parameter:
    Collider: P-P, sqrt(s)=13000.00
    Resonance: spin=2, mass=1090.00 width=   0.00407
    DecayMode1: 0  DecayMode2: 0
    Z-boson: mass=91.188, width=2.4952
    Random seed:   518436670
    To reproduce results using this seed, JHUGen should be compiled with the same compiler:
      GNU Fortran (GCC) 4.9.3
    
    OffXVV: TTT
    WidthScheme:   2
    PChannel: 2
    LHAPDF set NNPDF30_lo_as_0130/NNPDF30_lo_as_0130.info, member=  0
    Unweighted: F
    Interference: F
    Intermediate off-shell photons: F
    
    spin-2-VV couplings: 
      generate_bis=T
      use_dynamic_MG=T
      a1 =  0.10000000E+01  0.00000000E+00i
      a2 =  0.00000000E+00  0.00000000E+00i
      a3 =  0.00000000E+00  0.00000000E+00i
      a4 =  0.00000000E+00  0.00000000E+00i
      a5 =  0.00000000E+00  0.00000000E+00i
      b1 =  0.00000000E+00  0.00000000E+00i
      b2 =  0.00000000E+00  0.00000000E+00i
      b3 =  0.00000000E+00  0.00000000E+00i
      b4 =  0.00000000E+00  0.00000000E+00i
      b5 =  0.10000000E+01  0.00000000E+00i
      b6 =  0.00000000E+00  0.00000000E+00i
      b7 =  0.00000000E+00  0.00000000E+00i
      b8 =  0.00000000E+00  0.00000000E+00i
      b9 =  0.00000000E+00  0.00000000E+00i
      b10=  0.00000000E+00  0.00000000E+00i
      Lambda=  1000.0
    
    LHE output: ./data/output.lhe
    Histogram output: ./data/output.dat
    Log file: ./data/output.log
    
  Running

  Input parameters for vegas:  ndim= 12   ncall= 83886080.
                              it=    0    itmx=    5
                              acc=-1.00    
                              mds=  1     nd=  50
                              (xl,xu)= (  0.00000     ,  1.00000     )
                                       (  0.00000     ,  1.00000     )
                                       (  0.00000     ,  1.00000     )
                                       (  0.00000     ,  1.00000     )
                                       (  0.00000     ,  1.00000     )
                                       (  0.00000     ,  1.00000     )
                                       (  0.00000     ,  1.00000     )
                                       (  0.00000     ,  1.00000     )
                                       (  0.00000     ,  1.00000     )
                                       (  0.00000     ,  1.00000     )
                                       (  0.00000     ,  1.00000     )
                                       (  0.00000     ,  1.00000     )

#********** Integration by Vegas (iteration       1) ************
#                                                               *
#  integral  = 0.37156057E+09   accum. integral = 0.37156057E+09*
#  std. dev. =  307787.41       accum. std. dev =  307787.41    *
#   min/max. wt. =    0.00000             1377.82               *
#                                                               *
#*************   chi**2/iteration =  0.000       ****************


#********** Integration by Vegas (iteration       2) ************
#                                                               *
#  integral  = 0.37165166E+09   accum. integral = 0.37164945E+09*
#  std. dev. =  48510.536       accum. std. dev =  47913.419    *
#   min/max. wt. =    0.00000             139.398               *
#                                                               *
#*************   chi**2/iteration = 0.8536E-01   ****************


#********** Integration by Vegas (iteration       3) ************
#                                                               *
#  integral  = 0.37170645E+09   accum. integral = 0.37168200E+09*
#  std. dev. =  41541.693       accum. std. dev =  31385.166    *
#   min/max. wt. =    0.00000             214.976               *
#                                                               *
#*************   chi**2/iteration = 0.4465       ****************


#********** Integration by Vegas (iteration       4) ************
#                                                               *
#  integral  = 0.37160123E+09   accum. integral = 0.37165091E+09*
#  std. dev. =  39671.419       accum. std. dev =  24614.204    *
#   min/max. wt. =    0.00000             394.887               *
#                                                               *
#*************   chi**2/iteration =  1.147       ****************


#********** Integration by Vegas (iteration       5) ************
#                                                               *
#  integral  = 0.37167867E+09   accum. integral = 0.37165861E+09*
#  std. dev. =  39741.408       accum. std. dev =  20925.470    *
#   min/max. wt. =    0.00000             418.319               *
#                                                               *
#*************   chi**2/iteration = 0.9485       ****************


  Input parameters for vegas:  ndim= 12   ncall= 83886080.
                              it=    0    itmx=    2
                              acc=-1.00    
                              mds=  1     nd=  50
                              (xl,xu)= (  0.00000     ,  1.00000     )
                                       (  0.00000     ,  1.00000     )
                                       (  0.00000     ,  1.00000     )
                                       (  0.00000     ,  1.00000     )
                                       (  0.00000     ,  1.00000     )
                                       (  0.00000     ,  1.00000     )
                                       (  0.00000     ,  1.00000     )
                                       (  0.00000     ,  1.00000     )
                                       (  0.00000     ,  1.00000     )
                                       (  0.00000     ,  1.00000     )
                                       (  0.00000     ,  1.00000     )
                                       (  0.00000     ,  1.00000     )

#********** Integration by Vegas (iteration       1) ************
#                                                               *
#  integral  = 0.37172526E+09   accum. integral = 0.37172526E+09*
#  std. dev. =  39539.458       accum. std. dev =  39539.458    *
#   min/max. wt. =    0.00000             514.051               *
#                                                               *
#*************   chi**2/iteration =  0.000       ****************


#********** Integration by Vegas (iteration       2) ************
#                                                               *
#  integral  = 0.37166593E+09   accum. integral = 0.37169552E+09*
#  std. dev. =  39436.701       accum. std. dev =  27922.224    *
#   min/max. wt. =    0.00000             421.748               *
#                                                               *
#*************   chi**2/iteration =  1.128       ****************

 Done
