SLURM job running in:  /work-zfs/lhc/heshy/JHUGen/xsecs/JHUGen/JHUGenerator
LHAPDF 6.1.5 loading /work-zfs/lhc/cms/slc6_amd64_gcc493/external/lhapdf/6.1.5-kpegke3/share/LHAPDF/NNPDF30_lo_as_0130/NNPDF30_lo_as_0130_0000.dat
NNPDF30_lo_as_0130 PDF set, member #0, version 2; LHAPDF ID = 263000
 extending no. of histograms for vbf tests
 
                                                                                          
   ***************************************************************************************
   *                                JHU Generator v6.9.9                                 *
   ***************************************************************************************
   *                                                                                     *
   *   Spin and parity determination of single-produced resonances at hadron colliders   *
   *                                                                                     *
   *          I. Anderson, S. Bolognesi, F. Caola, Y. Gao, A. Gritsan, Z. Guo,           *
   *        C. Martin, K. Melnikov, R.Rontsch, H. Roskes, U. Sarica, M. Schulze,         *
   *                   N. Tran, A. Whitbeck, M. Xiao, C. You, Y. Zhou                    *
   *                Phys.Rev. D81 (2010) 075022;  arXiv:1001.3396 [hep-ph],              *
   *                Phys.Rev. D86 (2012) 095031;  arXiv:1208.4018 [hep-ph],              *
   *                Phys.Rev. D89 (2014) 035007;  arXiv:1309.4819 [hep-ph].              *
   *                                                                                     *
   ***************************************************************************************
                                                                                          
   
   Command line: ./JHUGen Unweighted=0 VegasNc0=99999999 VegasNc1=99999999 VegasNc2=99999999 LHAPDF=NNPDF30_lo_as_0130/NNPDF30_lo_as_0130.info MReso=110 ghz1=0,0 ghz4=1,0 Process=60 pTjetcut=0 deltaRcut=0 pTjetcut=25 etajetcut=4.7 pTlepcut=5 etalepcut=2.5
   
   Input Parameter:
    Collider: P-P, sqrt(s)=13000.00
    Resonance: spin=0, mass= 110.00 width=   0.00407
    Z-boson: mass=91.188, width=2.4952
    W-boson: mass=80.399, width=2.0850
    Jet cuts:
            pT >=    25.00 GeV
         |eta| <=     4.70
        DeltaR >=     0.00
           mJJ >=     0.00 GeV
           m4l_min/max      -1.00     -1.00 GeV
    Random seed:   747260557
    To reproduce results using this seed, JHUGen should be compiled with the same compiler:
      GNU Fortran (GCC) 4.8.2
    
    WidthScheme:   2
    LHAPDF set NNPDF30_lo_as_0130/NNPDF30_lo_as_0130.info, member=  0
    Unweighted: F
    Intermediate off-shell photons: F
    
    spin-0-VV couplings: 
      generate_as=F
      ghg2=  0.10000000E+01  0.00000000E+00i
      ghg3=  0.00000000E+00  0.00000000E+00i
      ghg4=  0.00000000E+00  0.00000000E+00i
      ghz1=  0.00000000E+00  0.00000000E+00i
      ghz2=  0.00000000E+00  0.00000000E+00i
      ghz3=  0.00000000E+00  0.00000000E+00i
      ghz4=  0.10000000E+01  0.00000000E+00i
      Lambda=  1000.0
    
    LHE output: ./data/output.lhe
    Histogram output: ./data/output.dat
    Log file: ./data/output.log
    
  Running

  Input parameters for vegas:  ndim=  9   ncall= 80707214.
                              it=    0    itmx=   15
                              acc=-1.00    
                              mds=  1     nd=  50
                              (xl,xu)= (  0.00000     ,  1.00000     )
                                       (  0.00000     ,  1.00000     )
                                       (  0.00000     ,  1.00000     )
                                       (  0.00000     ,  1.00000     )
                                       (  0.00000     ,  1.00000     )
                                       (  0.00000     ,  1.00000     )
                                       (  0.00000     ,  1.00000     )
                                       (  0.00000     ,  1.00000     )
                                       (  0.00000     ,  1.00000     )

#********** Integration by Vegas (iteration       1) ************
#                                                               *
#  integral  =  9128.8165       accum. integral =  9128.8165    *
#  std. dev. =  680.11709       accum. std. dev =  680.11709    *
#   min/max. wt. =    0.00000             499.606               *
#                                                               *
#*************   chi**2/iteration =  0.000       ****************


#********** Integration by Vegas (iteration       2) ************
#                                                               *
#  integral  =  10464.562       accum. integral =  10373.966    *
#  std. dev. =  210.29708       accum. std. dev =  190.52297    *
#   min/max. wt. =    0.00000             118.150               *
#                                                               *
#*************   chi**2/iteration =  3.105       ****************


#********** Integration by Vegas (iteration       3) ************
#                                                               *
#  integral  =  10822.744       accum. integral =  10761.646    *
#  std. dev. =  83.363982       accum. std. dev =  72.771889    *
#   min/max. wt. =    0.00000             67.8112               *
#                                                               *
#*************   chi**2/iteration =  3.685       ****************


#********** Integration by Vegas (iteration       4) ************
#                                                               *
#  integral  =  10738.824       accum. integral =  10740.401    *
#  std. dev. =  20.945306       accum. std. dev =  19.404333    *
#   min/max. wt. =    0.00000             3.55462               *
#                                                               *
#*************   chi**2/iteration =  2.417       ****************


#********** Integration by Vegas (iteration       5) ************
#                                                               *
#  integral  =  10763.819       accum. integral =  10761.214    *
#  std. dev. =  7.1665551       accum. std. dev =  6.5299537    *
#   min/max. wt. =    0.00000            0.861028               *
#                                                               *
#*************   chi**2/iteration =  2.099       ****************


#********** Integration by Vegas (iteration       6) ************
#                                                               *
#  integral  =  10760.941       accum. integral =  10761.050    *
#  std. dev. =  5.4965330       accum. std. dev =  4.1455750    *
#   min/max. wt. =    0.00000            0.768928               *
#                                                               *
#*************   chi**2/iteration =  1.660       ****************


#********** Integration by Vegas (iteration       7) ************
#                                                               *
#  integral  =  10755.451       accum. integral =  10758.610    *
#  std. dev. =  4.8496760       accum. std. dev =  3.1267907    *
#   min/max. wt. =    0.00000            0.292661               *
#                                                               *
#*************   chi**2/iteration =  1.504       ****************


#********** Integration by Vegas (iteration       8) ************
#                                                               *
#  integral  =  10761.386       accum. integral =  10759.487    *
#  std. dev. =  4.7154657       accum. std. dev =  2.5945174    *
#   min/max. wt. =    0.00000            0.261166               *
#                                                               *
#*************   chi**2/iteration =  1.316       ****************


#********** Integration by Vegas (iteration       9) ************
#                                                               *
#  integral  =  10760.574       accum. integral =  10759.752    *
#  std. dev. =  4.6626714       accum. std. dev =  2.2611563    *
#   min/max. wt. =    0.00000            0.256114               *
#                                                               *
#*************   chi**2/iteration =  1.152       ****************


#********** Integration by Vegas (iteration      10) ************
#                                                               *
#  integral  =  10752.847       accum. integral =  10758.425    *
#  std. dev. =  4.7192110       accum. std. dev =  2.0359854    *
#   min/max. wt. =    0.00000            0.912476               *
#                                                               *
#*************   chi**2/iteration =  1.218       ****************


#********** Integration by Vegas (iteration      11) ************
#                                                               *
#  integral  =  10758.947       accum. integral =  10758.512    *
#  std. dev. =  4.6451444       accum. std. dev =  1.8625381    *
#   min/max. wt. =    0.00000            0.217844               *
#                                                               *
#*************   chi**2/iteration =  1.094       ****************


#********** Integration by Vegas (iteration      12) ************
#                                                               *
#  integral  =  10762.309       accum. integral =  10759.054    *
#  std. dev. =  4.6321009       accum. std. dev =  1.7265756    *
#   min/max. wt. =    0.00000            0.215464               *
#                                                               *
#*************   chi**2/iteration =  1.046       ****************


#********** Integration by Vegas (iteration      13) ************
#                                                               *
#  integral  =  10756.245       accum. integral =  10758.704    *
#  std. dev. =  4.6382652       accum. std. dev =  1.6171166    *
#   min/max. wt. =    0.00000            0.281777               *
#                                                               *
#*************   chi**2/iteration = 0.9844       ****************


#********** Integration by Vegas (iteration      14) ************
#                                                               *
#  integral  =  10761.870       accum. integral =  10759.050    *
#  std. dev. =  4.6813922       accum. std. dev =  1.5277884    *
#   min/max. wt. =    0.00000            0.455159               *
#                                                               *
#*************   chi**2/iteration = 0.9391       ****************


#********** Integration by Vegas (iteration      15) ************
#                                                               *
#  integral  =  10772.082       accum. integral =  10760.337    *
#  std. dev. =  4.6750105       accum. std. dev =  1.4516415    *
#   min/max. wt. =    0.00000            0.234391               *
#                                                               *
#*************   chi**2/iteration =  1.383       ****************

 ****************************************************
 * Writing out vegas grid to ./data/output.grid                                                      
 ****************************************************

  Input parameters for vegas:  ndim=  9   ncall= 80707214.
                              it=    0    itmx=    2
                              acc=-1.00    
                              mds=  1     nd=  50
                              (xl,xu)= (  0.00000     ,  1.00000     )
                                       (  0.00000     ,  1.00000     )
                                       (  0.00000     ,  1.00000     )
                                       (  0.00000     ,  1.00000     )
                                       (  0.00000     ,  1.00000     )
                                       (  0.00000     ,  1.00000     )
                                       (  0.00000     ,  1.00000     )
                                       (  0.00000     ,  1.00000     )
                                       (  0.00000     ,  1.00000     )

#********** Integration by Vegas (iteration       1) ************
#                                                               *
#  integral  =  10764.614       accum. integral =  10764.614    *
#  std. dev. =  4.7463463       accum. std. dev =  4.7463463    *
#   min/max. wt. =    0.00000            0.387601               *
#                                                               *
#*************   chi**2/iteration =  0.000       ****************


#********** Integration by Vegas (iteration       2) ************
#                                                               *
#  integral  =  10765.647       accum. integral =  10765.127    *
#  std. dev. =  4.7804921       accum. std. dev =  3.3681823    *
#   min/max. wt. =    0.00000            0.390507               *
#                                                               *
#*************   chi**2/iteration = 0.2349E-01   ****************

 Done
