SLURM job running in:  /work-zfs/lhc/heshy/JHUGen/xsecs/JHUGen/JHUGenerator
LHAPDF 6.1.5 loading /work-zfs/lhc/cms/slc6_amd64_gcc493/external/lhapdf/6.1.5-kpegke3/share/LHAPDF/NNPDF30_lo_as_0130/NNPDF30_lo_as_0130_0000.dat
NNPDF30_lo_as_0130 PDF set, member #0, version 2; LHAPDF ID = 263000
 extending no. of histograms for vbf tests
 
                                                                                          
   ***************************************************************************************
   *                                JHU Generator v6.9.9                                 *
   ***************************************************************************************
   *                                                                                     *
   *   Spin and parity determination of single-produced resonances at hadron colliders   *
   *                                                                                     *
   *          I. Anderson, S. Bolognesi, F. Caola, Y. Gao, A. Gritsan, Z. Guo,           *
   *        C. Martin, K. Melnikov, R.Rontsch, H. Roskes, U. Sarica, M. Schulze,         *
   *                   N. Tran, A. Whitbeck, M. Xiao, C. You, Y. Zhou                    *
   *                Phys.Rev. D81 (2010) 075022;  arXiv:1001.3396 [hep-ph],              *
   *                Phys.Rev. D86 (2012) 095031;  arXiv:1208.4018 [hep-ph],              *
   *                Phys.Rev. D89 (2014) 035007;  arXiv:1309.4819 [hep-ph].              *
   *                                                                                     *
   ***************************************************************************************
                                                                                          
   
   Command line: ./JHUGen Unweighted=0 VegasNc0=99999999 VegasNc1=99999999 VegasNc2=99999999 LHAPDF=NNPDF30_lo_as_0130/NNPDF30_lo_as_0130.info MReso=1120 ghz1=0,0 ghz4=1,0 Process=60 pTjetcut=0 deltaRcut=0 pTjetcut=25 etajetcut=4.7 pTlepcut=5 etalepcut=2.5
   
   Input Parameter:
    Collider: P-P, sqrt(s)=13000.00
    Resonance: spin=0, mass=1120.00 width=   0.00407
    Z-boson: mass=91.188, width=2.4952
    W-boson: mass=80.399, width=2.0850
    Jet cuts:
            pT >=    25.00 GeV
         |eta| <=     4.70
        DeltaR >=     0.00
           mJJ >=     0.00 GeV
           m4l_min/max      -1.00     -1.00 GeV
    Random seed:   745205661
    To reproduce results using this seed, JHUGen should be compiled with the same compiler:
      GNU Fortran (GCC) 4.8.2
    
    WidthScheme:   2
    LHAPDF set NNPDF30_lo_as_0130/NNPDF30_lo_as_0130.info, member=  0
    Unweighted: F
    Intermediate off-shell photons: F
    
    spin-0-VV couplings: 
      generate_as=F
      ghg2=  0.10000000E+01  0.00000000E+00i
      ghg3=  0.00000000E+00  0.00000000E+00i
      ghg4=  0.00000000E+00  0.00000000E+00i
      ghz1=  0.00000000E+00  0.00000000E+00i
      ghz2=  0.00000000E+00  0.00000000E+00i
      ghz3=  0.00000000E+00  0.00000000E+00i
      ghz4=  0.10000000E+01  0.00000000E+00i
      Lambda=  1000.0
    
    LHE output: ./data/output.lhe
    Histogram output: ./data/output.dat
    Log file: ./data/output.log
    
  Running

  Input parameters for vegas:  ndim=  9   ncall= 80707214.
                              it=    0    itmx=   15
                              acc=-1.00    
                              mds=  1     nd=  50
                              (xl,xu)= (  0.00000     ,  1.00000     )
                                       (  0.00000     ,  1.00000     )
                                       (  0.00000     ,  1.00000     )
                                       (  0.00000     ,  1.00000     )
                                       (  0.00000     ,  1.00000     )
                                       (  0.00000     ,  1.00000     )
                                       (  0.00000     ,  1.00000     )
                                       (  0.00000     ,  1.00000     )
                                       (  0.00000     ,  1.00000     )

#********** Integration by Vegas (iteration       1) ************
#                                                               *
#  integral  =  535.57947       accum. integral =  535.57947    *
#  std. dev. =  30.073100       accum. std. dev =  30.073100    *
#   min/max. wt. =    0.00000             24.9733               *
#                                                               *
#*************   chi**2/iteration =  0.000       ****************


#********** Integration by Vegas (iteration       2) ************
#                                                               *
#  integral  =  745.62057       accum. integral =  680.26230    *
#  std. dev. =  28.139342       accum. std. dev =  20.332861    *
#   min/max. wt. =    0.00000             23.2485               *
#                                                               *
#*************   chi**2/iteration =  22.85       ****************


#********** Integration by Vegas (iteration       3) ************
#                                                               *
#  integral  =  828.85900       accum. integral =  821.17660    *
#  std. dev. =  6.0618323       accum. std. dev =  5.0857299    *
#   min/max. wt. =    0.00000             2.73971               *
#                                                               *
#*************   chi**2/iteration =  30.36       ****************


#********** Integration by Vegas (iteration       4) ************
#                                                               *
#  integral  =  834.85787       accum. integral =  834.40971    *
#  std. dev. =  1.0941937       accum. std. dev = 0.96174309    *
#   min/max. wt. =    0.00000            0.388423               *
#                                                               *
#*************   chi**2/iteration =  20.68       ****************


#********** Integration by Vegas (iteration       5) ************
#                                                               *
#  integral  =  834.51502       accum. integral =  834.50268    *
#  std. dev. = 0.39184301       accum. std. dev = 0.33733856    *
#   min/max. wt. =    0.00000            0.171764E-01           *
#                                                               *
#*************   chi**2/iteration =  14.77       ****************


#********** Integration by Vegas (iteration       6) ************
#                                                               *
#  integral  =  834.16004       accum. integral =  834.29491    *
#  std. dev. = 0.29651368       accum. std. dev = 0.21497357    *
#   min/max. wt. =    0.00000            0.203018E-01           *
#                                                               *
#*************   chi**2/iteration =  11.58       ****************


#********** Integration by Vegas (iteration       7) ************
#                                                               *
#  integral  =  834.37267       accum. integral =  834.32708    *
#  std. dev. = 0.27495966       accum. std. dev = 0.16641313    *
#   min/max. wt. =    0.00000            0.136403E-01           *
#                                                               *
#*************   chi**2/iteration =  9.449       ****************


#********** Integration by Vegas (iteration       8) ************
#                                                               *
#  integral  =  834.51031       accum. integral =  834.38257    *
#  std. dev. = 0.26836950       accum. std. dev = 0.14007082    *
#   min/max. wt. =    0.00000            0.970999E-02           *
#                                                               *
#*************   chi**2/iteration =  8.022       ****************


#********** Integration by Vegas (iteration       9) ************
#                                                               *
#  integral  =  834.71044       accum. integral =  834.45891    *
#  std. dev. = 0.26814216       accum. std. dev = 0.12344790    *
#   min/max. wt. =    0.00000            0.128645E-01           *
#                                                               *
#*************   chi**2/iteration =  7.090       ****************


#********** Integration by Vegas (iteration      10) ************
#                                                               *
#  integral  =  834.65560       accum. integral =  834.49596    *
#  std. dev. = 0.26854988       accum. std. dev = 0.11176024    *
#   min/max. wt. =    0.00000            0.893221E-02           *
#                                                               *
#*************   chi**2/iteration =  6.294       ****************


#********** Integration by Vegas (iteration      11) ************
#                                                               *
#  integral  =  835.02677       accum. integral =  834.57961    *
#  std. dev. = 0.26959610       accum. std. dev = 0.10298877    *
#   min/max. wt. =    0.00000            0.755993E-02           *
#                                                               *
#*************   chi**2/iteration =  5.972       ****************


#********** Integration by Vegas (iteration      12) ************
#                                                               *
#  integral  =  834.44962       accum. integral =  834.56203    *
#  std. dev. = 0.27044002       accum. std. dev = 0.96083947E-01*
#   min/max. wt. =    0.00000            0.117567E-01           *
#                                                               *
#*************   chi**2/iteration =  5.413       ****************


#********** Integration by Vegas (iteration      13) ************
#                                                               *
#  integral  =  834.85432       accum. integral =  834.59652    *
#  std. dev. = 0.27206091       accum. std. dev = 0.90488985E-01*
#   min/max. wt. =    0.00000            0.747383E-02           *
#                                                               *
#*************   chi**2/iteration =  5.025       ****************


#********** Integration by Vegas (iteration      14) ************
#                                                               *
#  integral  =  834.97808       accum. integral =  834.63558    *
#  std. dev. = 0.27676849       accum. std. dev = 0.85936872E-01*
#   min/max. wt. =    0.00000            0.276035E-01           *
#                                                               *
#*************   chi**2/iteration =  4.756       ****************


#********** Integration by Vegas (iteration      15) ************
#                                                               *
#  integral  =  834.59597       accum. integral =  834.63187    *
#  std. dev. = 0.27558358       accum. std. dev = 0.81986029E-01*
#   min/max. wt. =    0.00000            0.825427E-02           *
#                                                               *
#*************   chi**2/iteration =  4.400       ****************

 ****************************************************
 * Writing out vegas grid to ./data/output.grid                                                      
 ****************************************************

  Input parameters for vegas:  ndim=  9   ncall= 80707214.
                              it=    0    itmx=    2
                              acc=-1.00    
                              mds=  1     nd=  50
                              (xl,xu)= (  0.00000     ,  1.00000     )
                                       (  0.00000     ,  1.00000     )
                                       (  0.00000     ,  1.00000     )
                                       (  0.00000     ,  1.00000     )
                                       (  0.00000     ,  1.00000     )
                                       (  0.00000     ,  1.00000     )
                                       (  0.00000     ,  1.00000     )
                                       (  0.00000     ,  1.00000     )
                                       (  0.00000     ,  1.00000     )

#********** Integration by Vegas (iteration       1) ************
#                                                               *
#  integral  =  834.73219       accum. integral =  834.73219    *
#  std. dev. = 0.27797961       accum. std. dev = 0.27797961    *
#   min/max. wt. =    0.00000            0.136319E-01           *
#                                                               *
#*************   chi**2/iteration =  0.000       ****************


#********** Integration by Vegas (iteration       2) ************
#                                                               *
#  integral  =  835.18127       accum. integral =  834.95264    *
#  std. dev. = 0.28324057       accum. std. dev = 0.19839615    *
#   min/max. wt. =    0.00000            0.140859E-01           *
#                                                               *
#*************   chi**2/iteration =  1.279       ****************

 Done
