SLURM job running in:  /work-zfs/lhc/heshy/JHUGen/xsecs/JHUGen/JHUGenerator
LHAPDF 6.1.5 loading /work-zfs/lhc/cms/slc6_amd64_gcc493/external/lhapdf/6.1.5-kpegke3/share/LHAPDF/NNPDF30_lo_as_0130/NNPDF30_lo_as_0130_0000.dat
NNPDF30_lo_as_0130 PDF set, member #0, version 2; LHAPDF ID = 263000
 extending no. of histograms for vbf tests
 
                                                                                          
   ***************************************************************************************
   *                                JHU Generator v6.9.9                                 *
   ***************************************************************************************
   *                                                                                     *
   *   Spin and parity determination of single-produced resonances at hadron colliders   *
   *                                                                                     *
   *          I. Anderson, S. Bolognesi, F. Caola, Y. Gao, A. Gritsan, Z. Guo,           *
   *        C. Martin, K. Melnikov, R.Rontsch, H. Roskes, U. Sarica, M. Schulze,         *
   *                   N. Tran, A. Whitbeck, M. Xiao, C. You, Y. Zhou                    *
   *                Phys.Rev. D81 (2010) 075022;  arXiv:1001.3396 [hep-ph],              *
   *                Phys.Rev. D86 (2012) 095031;  arXiv:1208.4018 [hep-ph],              *
   *                Phys.Rev. D89 (2014) 035007;  arXiv:1309.4819 [hep-ph].              *
   *                                                                                     *
   ***************************************************************************************
                                                                                          
   
   Command line: ./JHUGen Unweighted=0 VegasNc0=99999999 VegasNc1=99999999 VegasNc2=99999999 LHAPDF=NNPDF30_lo_as_0130/NNPDF30_lo_as_0130.info MReso=1260 ghz1=0,0 ghz4=1,0 Process=60 pTjetcut=0 deltaRcut=0 pTjetcut=25 etajetcut=4.7 pTlepcut=5 etalepcut=2.5
   
   Input Parameter:
    Collider: P-P, sqrt(s)=13000.00
    Resonance: spin=0, mass=1260.00 width=   0.00407
    Z-boson: mass=91.188, width=2.4952
    W-boson: mass=80.399, width=2.0850
    Jet cuts:
            pT >=    25.00 GeV
         |eta| <=     4.70
        DeltaR >=     0.00
           mJJ >=     0.00 GeV
           m4l_min/max      -1.00     -1.00 GeV
    Random seed:   964201611
    To reproduce results using this seed, JHUGen should be compiled with the same compiler:
      GNU Fortran (GCC) 4.8.2
    
    WidthScheme:   2
    LHAPDF set NNPDF30_lo_as_0130/NNPDF30_lo_as_0130.info, member=  0
    Unweighted: F
    Intermediate off-shell photons: F
    
    spin-0-VV couplings: 
      generate_as=F
      ghg2=  0.10000000E+01  0.00000000E+00i
      ghg3=  0.00000000E+00  0.00000000E+00i
      ghg4=  0.00000000E+00  0.00000000E+00i
      ghz1=  0.00000000E+00  0.00000000E+00i
      ghz2=  0.00000000E+00  0.00000000E+00i
      ghz3=  0.00000000E+00  0.00000000E+00i
      ghz4=  0.10000000E+01  0.00000000E+00i
      Lambda=  1000.0
    
    LHE output: ./data/output.lhe
    Histogram output: ./data/output.dat
    Log file: ./data/output.log
    
  Running

  Input parameters for vegas:  ndim=  9   ncall= 80707214.
                              it=    0    itmx=   15
                              acc=-1.00    
                              mds=  1     nd=  50
                              (xl,xu)= (  0.00000     ,  1.00000     )
                                       (  0.00000     ,  1.00000     )
                                       (  0.00000     ,  1.00000     )
                                       (  0.00000     ,  1.00000     )
                                       (  0.00000     ,  1.00000     )
                                       (  0.00000     ,  1.00000     )
                                       (  0.00000     ,  1.00000     )
                                       (  0.00000     ,  1.00000     )
                                       (  0.00000     ,  1.00000     )

#********** Integration by Vegas (iteration       1) ************
#                                                               *
#  integral  =  437.88721       accum. integral =  437.88721    *
#  std. dev. =  37.679251       accum. std. dev =  37.679251    *
#   min/max. wt. =    0.00000             32.9943               *
#                                                               *
#*************   chi**2/iteration =  0.000       ****************


#********** Integration by Vegas (iteration       2) ************
#                                                               *
#  integral  =  621.65218       accum. integral =  567.86660    *
#  std. dev. =  34.409879       accum. std. dev =  25.030202    *
#   min/max. wt. =    0.00000             22.0386               *
#                                                               *
#*************   chi**2/iteration =  11.15       ****************


#********** Integration by Vegas (iteration       3) ************
#                                                               *
#  integral  =  652.86058       accum. integral =  628.25700    *
#  std. dev. =  19.398907       accum. std. dev =  14.492540    *
#   min/max. wt. =    0.00000             18.6692               *
#                                                               *
#*************   chi**2/iteration =  8.351       ****************


#********** Integration by Vegas (iteration       4) ************
#                                                               *
#  integral  =  629.69545       accum. integral =  629.67352    *
#  std. dev. =  1.9622621       accum. std. dev =  1.8300823    *
#   min/max. wt. =    0.00000            0.383909               *
#                                                               *
#*************   chi**2/iteration =  5.326       ****************


#********** Integration by Vegas (iteration       5) ************
#                                                               *
#  integral  =  631.47844       accum. integral =  631.41675    *
#  std. dev. = 0.36732617       accum. std. dev = 0.34297172    *
#   min/max. wt. =    0.00000            0.807840E-01           *
#                                                               *
#*************   chi**2/iteration =  4.115       ****************


#********** Integration by Vegas (iteration       6) ************
#                                                               *
#  integral  =  631.64155       accum. integral =  631.57451    *
#  std. dev. = 0.23539862       accum. std. dev = 0.18898701    *
#   min/max. wt. =    0.00000            0.104446E-01           *
#                                                               *
#*************   chi**2/iteration =  3.293       ****************


#********** Integration by Vegas (iteration       7) ************
#                                                               *
#  integral  =  631.92520       accum. integral =  631.73953    *
#  std. dev. = 0.20926873       accum. std. dev = 0.13839215    *
#   min/max. wt. =    0.00000            0.735169E-02           *
#                                                               *
#*************   chi**2/iteration =  2.976       ****************


#********** Integration by Vegas (iteration       8) ************
#                                                               *
#  integral  =  631.69032       accum. integral =  631.72303    *
#  std. dev. = 0.20205882       accum. std. dev = 0.11336183    *
#   min/max. wt. =    0.00000            0.102124E-01           *
#                                                               *
#*************   chi**2/iteration =  2.533       ****************


#********** Integration by Vegas (iteration       9) ************
#                                                               *
#  integral  =  631.68408       accum. integral =  631.71324    *
#  std. dev. = 0.20187143       accum. std. dev = 0.98434858E-01*
#   min/max. wt. =    0.00000            0.104900E-01           *
#                                                               *
#*************   chi**2/iteration =  2.205       ****************


#********** Integration by Vegas (iteration      10) ************
#                                                               *
#  integral  =  631.87201       accum. integral =  631.74507    *
#  std. dev. = 0.20220324       accum. std. dev = 0.88271596E-01*
#   min/max. wt. =    0.00000            0.661377E-02           *
#                                                               *
#*************   chi**2/iteration =  2.006       ****************


#********** Integration by Vegas (iteration      11) ************
#                                                               *
#  integral  =  631.32383       accum. integral =  631.67541    *
#  std. dev. = 0.20322486       accum. std. dev = 0.80827191E-01*
#   min/max. wt. =    0.00000            0.684242E-02           *
#                                                               *
#*************   chi**2/iteration =  2.172       ****************


#********** Integration by Vegas (iteration      12) ************
#                                                               *
#  integral  =  631.86485       accum. integral =  631.70190    *
#  std. dev. = 0.20516205       accum. std. dev = 0.75111565E-01*
#   min/max. wt. =    0.00000            0.897214E-02           *
#                                                               *
#*************   chi**2/iteration =  2.036       ****************


#********** Integration by Vegas (iteration      13) ************
#                                                               *
#  integral  =  631.78482       accum. integral =  631.71197    *
#  std. dev. = 0.20625055       accum. std. dev = 0.70516683E-01*
#   min/max. wt. =    0.00000            0.705621E-02           *
#                                                               *
#*************   chi**2/iteration =  1.873       ****************


#********** Integration by Vegas (iteration      14) ************
#                                                               *
#  integral  =  631.77265       accum. integral =  631.71852    *
#  std. dev. = 0.20670015       accum. std. dev = 0.66696810E-01*
#   min/max. wt. =    0.00000            0.881188E-02           *
#                                                               *
#*************   chi**2/iteration =  1.730       ****************


#********** Integration by Vegas (iteration      15) ************
#                                                               *
#  integral  =  631.54725       accum. integral =  631.70227    *
#  std. dev. = 0.20965544       accum. std. dev = 0.63529592E-01*
#   min/max. wt. =    0.00000            0.585570E-02           *
#                                                               *
#*************   chi**2/iteration =  1.647       ****************

 ****************************************************
 * Writing out vegas grid to ./data/output.grid                                                      
 ****************************************************

  Input parameters for vegas:  ndim=  9   ncall= 80707214.
                              it=    0    itmx=    2
                              acc=-1.00    
                              mds=  1     nd=  50
                              (xl,xu)= (  0.00000     ,  1.00000     )
                                       (  0.00000     ,  1.00000     )
                                       (  0.00000     ,  1.00000     )
                                       (  0.00000     ,  1.00000     )
                                       (  0.00000     ,  1.00000     )
                                       (  0.00000     ,  1.00000     )
                                       (  0.00000     ,  1.00000     )
                                       (  0.00000     ,  1.00000     )
                                       (  0.00000     ,  1.00000     )

#********** Integration by Vegas (iteration       1) ************
#                                                               *
#  integral  =  631.56455       accum. integral =  631.56455    *
#  std. dev. = 0.21214329       accum. std. dev = 0.21214329    *
#   min/max. wt. =    0.00000            0.125522E-01           *
#                                                               *
#*************   chi**2/iteration =  0.000       ****************


#********** Integration by Vegas (iteration       2) ************
#                                                               *
#  integral  =  631.97433       accum. integral =  631.76854    *
#  std. dev. = 0.21321421       accum. std. dev = 0.15038540    *
#   min/max. wt. =    0.00000            0.106656E-01           *
#                                                               *
#*************   chi**2/iteration =  1.854       ****************

 Done
