SLURM job running in:  /work-zfs/lhc/heshy/JHUGen/xsecs/JHUGen/JHUGenerator
LHAPDF 6.1.5 loading /work-zfs/lhc/cms/slc6_amd64_gcc493/external/lhapdf/6.1.5-kpegke3/share/LHAPDF/NNPDF30_lo_as_0130/NNPDF30_lo_as_0130_0000.dat
NNPDF30_lo_as_0130 PDF set, member #0, version 2; LHAPDF ID = 263000
 extending no. of histograms for vbf tests
 
                                                                                          
   ***************************************************************************************
   *                                JHU Generator v6.9.9                                 *
   ***************************************************************************************
   *                                                                                     *
   *   Spin and parity determination of single-produced resonances at hadron colliders   *
   *                                                                                     *
   *          I. Anderson, S. Bolognesi, F. Caola, Y. Gao, A. Gritsan, Z. Guo,           *
   *        C. Martin, K. Melnikov, R.Rontsch, H. Roskes, U. Sarica, M. Schulze,         *
   *                   N. Tran, A. Whitbeck, M. Xiao, C. You, Y. Zhou                    *
   *                Phys.Rev. D81 (2010) 075022;  arXiv:1001.3396 [hep-ph],              *
   *                Phys.Rev. D86 (2012) 095031;  arXiv:1208.4018 [hep-ph],              *
   *                Phys.Rev. D89 (2014) 035007;  arXiv:1309.4819 [hep-ph].              *
   *                                                                                     *
   ***************************************************************************************
                                                                                          
   
   Command line: ./JHUGen Unweighted=0 VegasNc0=99999999 VegasNc1=99999999 VegasNc2=99999999 LHAPDF=NNPDF30_lo_as_0130/NNPDF30_lo_as_0130.info MReso=130 ghz1=0,0 ghz4=1,0 Process=60 pTjetcut=0 deltaRcut=0 pTjetcut=25 etajetcut=4.7 pTlepcut=5 etalepcut=2.5
   
   Input Parameter:
    Collider: P-P, sqrt(s)=13000.00
    Resonance: spin=0, mass= 130.00 width=   0.00407
    Z-boson: mass=91.188, width=2.4952
    W-boson: mass=80.399, width=2.0850
    Jet cuts:
            pT >=    25.00 GeV
         |eta| <=     4.70
        DeltaR >=     0.00
           mJJ >=     0.00 GeV
           m4l_min/max      -1.00     -1.00 GeV
    Random seed:   861716110
    To reproduce results using this seed, JHUGen should be compiled with the same compiler:
      GNU Fortran (GCC) 4.8.2
    
    WidthScheme:   2
    LHAPDF set NNPDF30_lo_as_0130/NNPDF30_lo_as_0130.info, member=  0
    Unweighted: F
    Intermediate off-shell photons: F
    
    spin-0-VV couplings: 
      generate_as=F
      ghg2=  0.10000000E+01  0.00000000E+00i
      ghg3=  0.00000000E+00  0.00000000E+00i
      ghg4=  0.00000000E+00  0.00000000E+00i
      ghz1=  0.00000000E+00  0.00000000E+00i
      ghz2=  0.00000000E+00  0.00000000E+00i
      ghz3=  0.00000000E+00  0.00000000E+00i
      ghz4=  0.10000000E+01  0.00000000E+00i
      Lambda=  1000.0
    
    LHE output: ./data/output.lhe
    Histogram output: ./data/output.dat
    Log file: ./data/output.log
    
  Running

  Input parameters for vegas:  ndim=  9   ncall= 80707214.
                              it=    0    itmx=   15
                              acc=-1.00    
                              mds=  1     nd=  50
                              (xl,xu)= (  0.00000     ,  1.00000     )
                                       (  0.00000     ,  1.00000     )
                                       (  0.00000     ,  1.00000     )
                                       (  0.00000     ,  1.00000     )
                                       (  0.00000     ,  1.00000     )
                                       (  0.00000     ,  1.00000     )
                                       (  0.00000     ,  1.00000     )
                                       (  0.00000     ,  1.00000     )
                                       (  0.00000     ,  1.00000     )

#********** Integration by Vegas (iteration       1) ************
#                                                               *
#  integral  =  10173.562       accum. integral =  10173.562    *
#  std. dev. =  2448.7216       accum. std. dev =  2448.7216    *
#   min/max. wt. =    0.00000             2426.94               *
#                                                               *
#*************   chi**2/iteration =  0.000       ****************


#********** Integration by Vegas (iteration       2) ************
#                                                               *
#  integral  =  9347.7761       accum. integral =  9353.9785    *
#  std. dev. =  195.73049       accum. std. dev =  203.78905    *
#   min/max. wt. =    0.00000             65.3021               *
#                                                               *
#*************   chi**2/iteration = 0.1223       ****************


#********** Integration by Vegas (iteration       3) ************
#                                                               *
#  integral  =  10054.590       accum. integral =  10020.382    *
#  std. dev. =  47.519731       accum. std. dev =  45.472966    *
#   min/max. wt. =    0.00000             22.6354               *
#                                                               *
#*************   chi**2/iteration =  5.570       ****************


#********** Integration by Vegas (iteration       4) ************
#                                                               *
#  integral  =  10113.732       accum. integral =  10106.878    *
#  std. dev. =  13.123347       accum. std. dev =  12.400423    *
#   min/max. wt. =    0.00000             4.01241               *
#                                                               *
#*************   chi**2/iteration =  4.952       ****************


#********** Integration by Vegas (iteration       5) ************
#                                                               *
#  integral  =  10116.226       accum. integral =  10114.181    *
#  std. dev. =  6.6871674       accum. std. dev =  5.8226734    *
#   min/max. wt. =    0.00000             2.91301               *
#                                                               *
#*************   chi**2/iteration =  3.796       ****************


#********** Integration by Vegas (iteration       6) ************
#                                                               *
#  integral  =  10108.655       accum. integral =  10111.053    *
#  std. dev. =  5.1718837       accum. std. dev =  3.8451873    *
#   min/max. wt. =    0.00000            0.272708               *
#                                                               *
#*************   chi**2/iteration =  3.124       ****************


#********** Integration by Vegas (iteration       7) ************
#                                                               *
#  integral  =  10120.856       accum. integral =  10115.198    *
#  std. dev. =  4.5517657       accum. std. dev =  2.9268613    *
#   min/max. wt. =    0.00000            0.325187               *
#                                                               *
#*************   chi**2/iteration =  3.050       ****************


#********** Integration by Vegas (iteration       8) ************
#                                                               *
#  integral  =  10104.923       accum. integral =  10111.931    *
#  std. dev. =  4.3282389       accum. std. dev =  2.4201486    *
#   min/max. wt. =    0.00000            0.179763               *
#                                                               *
#*************   chi**2/iteration =  3.166       ****************


#********** Integration by Vegas (iteration       9) ************
#                                                               *
#  integral  =  10120.969       accum. integral =  10114.118    *
#  std. dev. =  4.3262431       accum. std. dev =  2.1094351    *
#   min/max. wt. =    0.00000            0.310727               *
#                                                               *
#*************   chi**2/iteration =  3.185       ****************


#********** Integration by Vegas (iteration      10) ************
#                                                               *
#  integral  =  10112.475       accum. integral =  10113.794    *
#  std. dev. =  4.2881237       accum. std. dev =  1.8913678    *
#   min/max. wt. =    0.00000            0.183822               *
#                                                               *
#*************   chi**2/iteration =  2.840       ****************


#********** Integration by Vegas (iteration      11) ************
#                                                               *
#  integral  =  10115.681       accum. integral =  10114.104    *
#  std. dev. =  4.2928937       accum. std. dev =  1.7298907    *
#   min/max. wt. =    0.00000            0.187546               *
#                                                               *
#*************   chi**2/iteration =  2.569       ****************


#********** Integration by Vegas (iteration      12) ************
#                                                               *
#  integral  =  10111.123       accum. integral =  10113.684    *
#  std. dev. =  4.2969950       accum. std. dev =  1.6041544    *
#   min/max. wt. =    0.00000            0.262602               *
#                                                               *
#*************   chi**2/iteration =  2.371       ****************


#********** Integration by Vegas (iteration      13) ************
#                                                               *
#  integral  =  10120.350       accum. integral =  10114.489    *
#  std. dev. =  4.3564412       accum. std. dev =  1.5049089    *
#   min/max. wt. =    0.00000            0.484099               *
#                                                               *
#*************   chi**2/iteration =  2.345       ****************


#********** Integration by Vegas (iteration      14) ************
#                                                               *
#  integral  =  10114.398       accum. integral =  10114.479    *
#  std. dev. =  4.3014744       accum. std. dev =  1.4201808    *
#   min/max. wt. =    0.00000            0.224987               *
#                                                               *
#*************   chi**2/iteration =  2.163       ****************


#********** Integration by Vegas (iteration      15) ************
#                                                               *
#  integral  =  10110.339       accum. integral =  10114.079    *
#  std. dev. =  4.3612419       accum. std. dev =  1.3501961    *
#   min/max. wt. =    0.00000            0.259269               *
#                                                               *
#*************   chi**2/iteration =  2.065       ****************

 ****************************************************
 * Writing out vegas grid to ./data/output.grid                                                      
 ****************************************************

  Input parameters for vegas:  ndim=  9   ncall= 80707214.
                              it=    0    itmx=    2
                              acc=-1.00    
                              mds=  1     nd=  50
                              (xl,xu)= (  0.00000     ,  1.00000     )
                                       (  0.00000     ,  1.00000     )
                                       (  0.00000     ,  1.00000     )
                                       (  0.00000     ,  1.00000     )
                                       (  0.00000     ,  1.00000     )
                                       (  0.00000     ,  1.00000     )
                                       (  0.00000     ,  1.00000     )
                                       (  0.00000     ,  1.00000     )
                                       (  0.00000     ,  1.00000     )

#********** Integration by Vegas (iteration       1) ************
#                                                               *
#  integral  =  10110.378       accum. integral =  10110.378    *
#  std. dev. =  4.3501522       accum. std. dev =  4.3501522    *
#   min/max. wt. =    0.00000            0.154231               *
#                                                               *
#*************   chi**2/iteration =  0.000       ****************


#********** Integration by Vegas (iteration       2) ************
#                                                               *
#  integral  =  10114.435       accum. integral =  10112.385    *
#  std. dev. =  4.3989029       accum. std. dev =  3.0931210    *
#   min/max. wt. =    0.00000            0.157194               *
#                                                               *
#*************   chi**2/iteration = 0.4297       ****************

 Done
