SLURM job running in:  /work-zfs/lhc/heshy/JHUGen/xsecs/JHUGen/JHUGenerator
LHAPDF 6.1.5 loading /work-zfs/lhc/cms/slc6_amd64_gcc493/external/lhapdf/6.1.5-kpegke3/share/LHAPDF/NNPDF30_lo_as_0130/NNPDF30_lo_as_0130_0000.dat
NNPDF30_lo_as_0130 PDF set, member #0, version 2; LHAPDF ID = 263000
 extending no. of histograms for vbf tests
 
                                                                                          
   ***************************************************************************************
   *                                JHU Generator v6.9.9                                 *
   ***************************************************************************************
   *                                                                                     *
   *   Spin and parity determination of single-produced resonances at hadron colliders   *
   *                                                                                     *
   *          I. Anderson, S. Bolognesi, F. Caola, Y. Gao, A. Gritsan, Z. Guo,           *
   *        C. Martin, K. Melnikov, R.Rontsch, H. Roskes, U. Sarica, M. Schulze,         *
   *                   N. Tran, A. Whitbeck, M. Xiao, C. You, Y. Zhou                    *
   *                Phys.Rev. D81 (2010) 075022;  arXiv:1001.3396 [hep-ph],              *
   *                Phys.Rev. D86 (2012) 095031;  arXiv:1208.4018 [hep-ph],              *
   *                Phys.Rev. D89 (2014) 035007;  arXiv:1309.4819 [hep-ph].              *
   *                                                                                     *
   ***************************************************************************************
                                                                                          
   
   Command line: ./JHUGen Unweighted=0 VegasNc0=99999999 VegasNc1=99999999 VegasNc2=99999999 LHAPDF=NNPDF30_lo_as_0130/NNPDF30_lo_as_0130.info MReso=1340 ghz1=0,0 ghz4=1,0 Process=60 pTjetcut=0 deltaRcut=0 pTjetcut=25 etajetcut=4.7 pTlepcut=5 etalepcut=2.5
   
   Input Parameter:
    Collider: P-P, sqrt(s)=13000.00
    Resonance: spin=0, mass=1340.00 width=   0.00407
    Z-boson: mass=91.188, width=2.4952
    W-boson: mass=80.399, width=2.0850
    Jet cuts:
            pT >=    25.00 GeV
         |eta| <=     4.70
        DeltaR >=     0.00
           mJJ >=     0.00 GeV
           m4l_min/max      -1.00     -1.00 GeV
    Random seed:   466574814
    To reproduce results using this seed, JHUGen should be compiled with the same compiler:
      GNU Fortran (GCC) 4.8.2
    
    WidthScheme:   2
    LHAPDF set NNPDF30_lo_as_0130/NNPDF30_lo_as_0130.info, member=  0
    Unweighted: F
    Intermediate off-shell photons: F
    
    spin-0-VV couplings: 
      generate_as=F
      ghg2=  0.10000000E+01  0.00000000E+00i
      ghg3=  0.00000000E+00  0.00000000E+00i
      ghg4=  0.00000000E+00  0.00000000E+00i
      ghz1=  0.00000000E+00  0.00000000E+00i
      ghz2=  0.00000000E+00  0.00000000E+00i
      ghz3=  0.00000000E+00  0.00000000E+00i
      ghz4=  0.10000000E+01  0.00000000E+00i
      Lambda=  1000.0
    
    LHE output: ./data/output.lhe
    Histogram output: ./data/output.dat
    Log file: ./data/output.log
    
  Running

  Input parameters for vegas:  ndim=  9   ncall= 80707214.
                              it=    0    itmx=   15
                              acc=-1.00    
                              mds=  1     nd=  50
                              (xl,xu)= (  0.00000     ,  1.00000     )
                                       (  0.00000     ,  1.00000     )
                                       (  0.00000     ,  1.00000     )
                                       (  0.00000     ,  1.00000     )
                                       (  0.00000     ,  1.00000     )
                                       (  0.00000     ,  1.00000     )
                                       (  0.00000     ,  1.00000     )
                                       (  0.00000     ,  1.00000     )
                                       (  0.00000     ,  1.00000     )

#********** Integration by Vegas (iteration       1) ************
#                                                               *
#  integral  =  367.36272       accum. integral =  367.36272    *
#  std. dev. =  39.723257       accum. std. dev =  39.723257    *
#   min/max. wt. =    0.00000             38.0284               *
#                                                               *
#*************   chi**2/iteration =  0.000       ****************


#********** Integration by Vegas (iteration       2) ************
#                                                               *
#  integral  =  537.34983       accum. integral =  451.77796    *
#  std. dev. =  58.500822       accum. std. dev =  35.311944    *
#   min/max. wt. =    0.00000             54.5726               *
#                                                               *
#*************   chi**2/iteration =  5.787       ****************


#********** Integration by Vegas (iteration       3) ************
#                                                               *
#  integral  =  535.09092       accum. integral =  533.57053    *
#  std. dev. =  5.5970044       accum. std. dev =  5.0420150    *
#   min/max. wt. =    0.00000             2.35166               *
#                                                               *
#*************   chi**2/iteration =  5.036       ****************


#********** Integration by Vegas (iteration       4) ************
#                                                               *
#  integral  =  540.38581       accum. integral =  540.23206    *
#  std. dev. = 0.85083735       accum. std. dev = 0.77911271    *
#   min/max. wt. =    0.00000            0.352248               *
#                                                               *
#*************   chi**2/iteration =  3.735       ****************


#********** Integration by Vegas (iteration       5) ************
#                                                               *
#  integral  =  540.43788       accum. integral =  540.42052    *
#  std. dev. = 0.25532317       accum. std. dev = 0.22999161    *
#   min/max. wt. =    0.00000            0.172898E-01           *
#                                                               *
#*************   chi**2/iteration =  2.727       ****************


#********** Integration by Vegas (iteration       6) ************
#                                                               *
#  integral  =  540.50299       accum. integral =  540.47112    *
#  std. dev. = 0.19393949       accum. std. dev = 0.14450751    *
#   min/max. wt. =    0.00000            0.113255E-01           *
#                                                               *
#*************   chi**2/iteration =  2.151       ****************


#********** Integration by Vegas (iteration       7) ************
#                                                               *
#  integral  =  541.05892       accum. integral =  540.72275    *
#  std. dev. = 0.17575990       accum. std. dev = 0.11011779    *
#   min/max. wt. =    0.00000            0.694799E-02           *
#                                                               *
#*************   chi**2/iteration =  2.928       ****************


#********** Integration by Vegas (iteration       8) ************
#                                                               *
#  integral  =  540.44459       accum. integral =  540.63577    *
#  std. dev. = 0.17029150       accum. std. dev = 0.91792238E-01*
#   min/max. wt. =    0.00000            0.801190E-02           *
#                                                               *
#*************   chi**2/iteration =  2.764       ****************


#********** Integration by Vegas (iteration       9) ************
#                                                               *
#  integral  =  540.81585       accum. integral =  540.67913    *
#  std. dev. = 0.16919799       accum. std. dev = 0.80324403E-01*
#   min/max. wt. =    0.00000            0.117651E-01           *
#                                                               *
#*************   chi**2/iteration =  2.513       ****************


#********** Integration by Vegas (iteration      10) ************
#                                                               *
#  integral  =  541.04924       accum. integral =  540.75062    *
#  std. dev. = 0.16977374       accum. std. dev = 0.72401225E-01*
#   min/max. wt. =    0.00000            0.787119E-02           *
#                                                               *
#*************   chi**2/iteration =  2.671       ****************


#********** Integration by Vegas (iteration      11) ************
#                                                               *
#  integral  =  540.98226       accum. integral =  540.78779    *
#  std. dev. = 0.17064135       accum. std. dev = 0.66524252E-01*
#   min/max. wt. =    0.00000            0.592165E-02           *
#                                                               *
#*************   chi**2/iteration =  2.554       ****************


#********** Integration by Vegas (iteration      12) ************
#                                                               *
#  integral  =  540.75701       accum. integral =  540.78358    *
#  std. dev. = 0.17164710       accum. std. dev = 0.61948569E-01*
#   min/max. wt. =    0.00000            0.825097E-02           *
#                                                               *
#*************   chi**2/iteration =  2.314       ****************


#********** Integration by Vegas (iteration      13) ************
#                                                               *
#  integral  =  540.58849       accum. integral =  540.76040    *
#  std. dev. = 0.17280559       accum. std. dev = 0.58261614E-01*
#   min/max. wt. =    0.00000            0.146133E-01           *
#                                                               *
#*************   chi**2/iteration =  2.211       ****************


#********** Integration by Vegas (iteration      14) ************
#                                                               *
#  integral  =  540.84756       accum. integral =  540.76954    *
#  std. dev. = 0.17405339       accum. std. dev = 0.55211018E-01*
#   min/max. wt. =    0.00000            0.918883E-02           *
#                                                               *
#*************   chi**2/iteration =  2.052       ****************


#********** Integration by Vegas (iteration      15) ************
#                                                               *
#  integral  =  540.62813       accum. integral =  540.75649    *
#  std. dev. = 0.17673399       accum. std. dev = 0.52674704E-01*
#   min/max. wt. =    0.00000            0.616093E-02           *
#                                                               *
#*************   chi**2/iteration =  1.943       ****************

 ****************************************************
 * Writing out vegas grid to ./data/output.grid                                                      
 ****************************************************

  Input parameters for vegas:  ndim=  9   ncall= 80707214.
                              it=    0    itmx=    2
                              acc=-1.00    
                              mds=  1     nd=  50
                              (xl,xu)= (  0.00000     ,  1.00000     )
                                       (  0.00000     ,  1.00000     )
                                       (  0.00000     ,  1.00000     )
                                       (  0.00000     ,  1.00000     )
                                       (  0.00000     ,  1.00000     )
                                       (  0.00000     ,  1.00000     )
                                       (  0.00000     ,  1.00000     )
                                       (  0.00000     ,  1.00000     )
                                       (  0.00000     ,  1.00000     )

#********** Integration by Vegas (iteration       1) ************
#                                                               *
#  integral  =  540.80459       accum. integral =  540.80459    *
#  std. dev. = 0.18057016       accum. std. dev = 0.18057016    *
#   min/max. wt. =    0.00000            0.618235E-02           *
#                                                               *
#*************   chi**2/iteration =  0.000       ****************


#********** Integration by Vegas (iteration       2) ************
#                                                               *
#  integral  =  540.82243       accum. integral =  540.81337    *
#  std. dev. = 0.18335327       accum. std. dev = 0.12865511    *
#   min/max. wt. =    0.00000            0.101104E-01           *
#                                                               *
#*************   chi**2/iteration = 0.4797E-02   ****************

 Done
