SLURM job running in:  /work-zfs/lhc/heshy/JHUGen/xsecs/JHUGen/JHUGenerator
LHAPDF 6.1.5 loading /work-zfs/lhc/cms/slc6_amd64_gcc493/external/lhapdf/6.1.5-kpegke3/share/LHAPDF/NNPDF30_lo_as_0130/NNPDF30_lo_as_0130_0000.dat
NNPDF30_lo_as_0130 PDF set, member #0, version 2; LHAPDF ID = 263000
 extending no. of histograms for vbf tests
 
                                                                                          
   ***************************************************************************************
   *                                JHU Generator v6.9.9                                 *
   ***************************************************************************************
   *                                                                                     *
   *   Spin and parity determination of single-produced resonances at hadron colliders   *
   *                                                                                     *
   *          I. Anderson, S. Bolognesi, F. Caola, Y. Gao, A. Gritsan, Z. Guo,           *
   *        C. Martin, K. Melnikov, R.Rontsch, H. Roskes, U. Sarica, M. Schulze,         *
   *                   N. Tran, A. Whitbeck, M. Xiao, C. You, Y. Zhou                    *
   *                Phys.Rev. D81 (2010) 075022;  arXiv:1001.3396 [hep-ph],              *
   *                Phys.Rev. D86 (2012) 095031;  arXiv:1208.4018 [hep-ph],              *
   *                Phys.Rev. D89 (2014) 035007;  arXiv:1309.4819 [hep-ph].              *
   *                                                                                     *
   ***************************************************************************************
                                                                                          
   
   Command line: ./JHUGen Unweighted=0 VegasNc0=99999999 VegasNc1=99999999 VegasNc2=99999999 LHAPDF=NNPDF30_lo_as_0130/NNPDF30_lo_as_0130.info MReso=140 ghz1=0,0 ghz4=1,0 Process=60 pTjetcut=0 deltaRcut=0 pTjetcut=25 etajetcut=4.7 pTlepcut=5 etalepcut=2.5
   
   Input Parameter:
    Collider: P-P, sqrt(s)=13000.00
    Resonance: spin=0, mass= 140.00 width=   0.00407
    Z-boson: mass=91.188, width=2.4952
    W-boson: mass=80.399, width=2.0850
    Jet cuts:
            pT >=    25.00 GeV
         |eta| <=     4.70
        DeltaR >=     0.00
           mJJ >=     0.00 GeV
           m4l_min/max      -1.00     -1.00 GeV
    Random seed:   149970491
    To reproduce results using this seed, JHUGen should be compiled with the same compiler:
      GNU Fortran (GCC) 4.8.2
    
    WidthScheme:   2
    LHAPDF set NNPDF30_lo_as_0130/NNPDF30_lo_as_0130.info, member=  0
    Unweighted: F
    Intermediate off-shell photons: F
    
    spin-0-VV couplings: 
      generate_as=F
      ghg2=  0.10000000E+01  0.00000000E+00i
      ghg3=  0.00000000E+00  0.00000000E+00i
      ghg4=  0.00000000E+00  0.00000000E+00i
      ghz1=  0.00000000E+00  0.00000000E+00i
      ghz2=  0.00000000E+00  0.00000000E+00i
      ghz3=  0.00000000E+00  0.00000000E+00i
      ghz4=  0.10000000E+01  0.00000000E+00i
      Lambda=  1000.0
    
    LHE output: ./data/output.lhe
    Histogram output: ./data/output.dat
    Log file: ./data/output.log
    
  Running

  Input parameters for vegas:  ndim=  9   ncall= 80707214.
                              it=    0    itmx=   15
                              acc=-1.00    
                              mds=  1     nd=  50
                              (xl,xu)= (  0.00000     ,  1.00000     )
                                       (  0.00000     ,  1.00000     )
                                       (  0.00000     ,  1.00000     )
                                       (  0.00000     ,  1.00000     )
                                       (  0.00000     ,  1.00000     )
                                       (  0.00000     ,  1.00000     )
                                       (  0.00000     ,  1.00000     )
                                       (  0.00000     ,  1.00000     )
                                       (  0.00000     ,  1.00000     )

#********** Integration by Vegas (iteration       1) ************
#                                                               *
#  integral  =  10982.966       accum. integral =  10982.966    *
#  std. dev. =  3169.7038       accum. std. dev =  3169.7038    *
#   min/max. wt. =    0.00000             3121.88               *
#                                                               *
#*************   chi**2/iteration = 0.5933E-11   ****************


#********** Integration by Vegas (iteration       2) ************
#                                                               *
#  integral  =  10302.710       accum. integral =  10339.418    *
#  std. dev. =  710.12604       accum. std. dev =  713.86751    *
#   min/max. wt. =    0.00000             499.361               *
#                                                               *
#*************   chi**2/iteration = 0.4631E-01   ****************


#********** Integration by Vegas (iteration       3) ************
#                                                               *
#  integral  =  9724.5993       accum. integral =  9730.6913    *
#  std. dev. =  65.219858       accum. std. dev =  69.066429    *
#   min/max. wt. =    0.00000             25.2842               *
#                                                               *
#*************   chi**2/iteration = 0.4130       ****************


#********** Integration by Vegas (iteration       4) ************
#                                                               *
#  integral  =  9783.6693       accum. integral =  9782.0127    *
#  std. dev. =  11.730522       accum. std. dev =  12.049962    *
#   min/max. wt. =    0.00000             2.44702               *
#                                                               *
#*************   chi**2/iteration = 0.4780       ****************


#********** Integration by Vegas (iteration       5) ************
#                                                               *
#  integral  =  9801.3555       accum. integral =  9797.3765    *
#  std. dev. =  5.8862398       accum. std. dev =  5.4221182    *
#   min/max. wt. =    0.00000            0.449481               *
#                                                               *
#*************   chi**2/iteration = 0.8840       ****************


#********** Integration by Vegas (iteration       6) ************
#                                                               *
#  integral  =  9797.6653       accum. integral =  9797.5340    *
#  std. dev. =  4.7875702       accum. std. dev =  3.6360428    *
#   min/max. wt. =    0.00000            0.673643               *
#                                                               *
#*************   chi**2/iteration = 0.7153       ****************


#********** Integration by Vegas (iteration       7) ************
#                                                               *
#  integral  =  9806.3255       accum. integral =  9800.9441    *
#  std. dev. =  4.4455160       accum. std. dev =  2.8340128    *
#   min/max. wt. =    0.00000            0.429625               *
#                                                               *
#*************   chi**2/iteration = 0.9813       ****************


#********** Integration by Vegas (iteration       8) ************
#                                                               *
#  integral  =  9804.3139       accum. integral =  9801.9420    *
#  std. dev. =  4.2677946       accum. std. dev =  2.3708318    *
#   min/max. wt. =    0.00000            0.315553               *
#                                                               *
#*************   chi**2/iteration = 0.9062       ****************


#********** Integration by Vegas (iteration       9) ************
#                                                               *
#  integral  =  9809.2983       accum. integral =  9803.6603    *
#  std. dev. =  4.2089634       accum. std. dev =  2.0710018    *
#   min/max. wt. =    0.00000            0.257147               *
#                                                               *
#*************   chi**2/iteration =  1.079       ****************


#********** Integration by Vegas (iteration      10) ************
#                                                               *
#  integral  =  9807.2316       accum. integral =  9804.3455    *
#  std. dev. =  4.1737056       accum. std. dev =  1.8584160    *
#   min/max. wt. =    0.00000            0.159057               *
#                                                               *
#*************   chi**2/iteration =  1.026       ****************


#********** Integration by Vegas (iteration      11) ************
#                                                               *
#  integral  =  9801.2982       accum. integral =  9803.8554    *
#  std. dev. =  4.1733255       accum. std. dev =  1.6998199    *
#   min/max. wt. =    0.00000            0.136174               *
#                                                               *
#*************   chi**2/iteration = 0.9695       ****************


#********** Integration by Vegas (iteration      12) ************
#                                                               *
#  integral  =  9807.3457       accum. integral =  9804.3328    *
#  std. dev. =  4.2071945       accum. std. dev =  1.5773627    *
#   min/max. wt. =    0.00000            0.288152               *
#                                                               *
#*************   chi**2/iteration = 0.9361       ****************


#********** Integration by Vegas (iteration      13) ************
#                                                               *
#  integral  =  9801.9622       accum. integral =  9804.0457    *
#  std. dev. =  4.1894098       accum. std. dev =  1.4771724    *
#   min/max. wt. =    0.00000            0.195230               *
#                                                               *
#*************   chi**2/iteration = 0.8828       ****************


#********** Integration by Vegas (iteration      14) ************
#                                                               *
#  integral  =  9795.3545       accum. integral =  9803.1134    *
#  std. dev. =  4.2031004       accum. std. dev =  1.3943414    *
#   min/max. wt. =    0.00000            0.161228               *
#                                                               *
#*************   chi**2/iteration =  1.103       ****************


#********** Integration by Vegas (iteration      15) ************
#                                                               *
#  integral  =  9808.3776       accum. integral =  9803.6117    *
#  std. dev. =  4.2626135       accum. std. dev =  1.3256932    *
#   min/max. wt. =    0.00000            0.174323               *
#                                                               *
#*************   chi**2/iteration =  1.122       ****************

 ****************************************************
 * Writing out vegas grid to ./data/output.grid                                                      
 ****************************************************

  Input parameters for vegas:  ndim=  9   ncall= 80707214.
                              it=    0    itmx=    2
                              acc=-1.00    
                              mds=  1     nd=  50
                              (xl,xu)= (  0.00000     ,  1.00000     )
                                       (  0.00000     ,  1.00000     )
                                       (  0.00000     ,  1.00000     )
                                       (  0.00000     ,  1.00000     )
                                       (  0.00000     ,  1.00000     )
                                       (  0.00000     ,  1.00000     )
                                       (  0.00000     ,  1.00000     )
                                       (  0.00000     ,  1.00000     )
                                       (  0.00000     ,  1.00000     )

#********** Integration by Vegas (iteration       1) ************
#                                                               *
#  integral  =  9802.8948       accum. integral =  9802.8948    *
#  std. dev. =  4.3298635       accum. std. dev =  4.3298635    *
#   min/max. wt. =    0.00000            0.304012               *
#                                                               *
#*************   chi**2/iteration =  0.000       ****************


#********** Integration by Vegas (iteration       2) ************
#                                                               *
#  integral  =  9799.2201       accum. integral =  9801.0575    *
#  std. dev. =  4.3282189       accum. std. dev =  3.0610944    *
#   min/max. wt. =    0.00000            0.333373               *
#                                                               *
#*************   chi**2/iteration = 0.3599       ****************

 Done
