SLURM job running in:  /work-zfs/lhc/heshy/JHUGen/xsecs/JHUGen/JHUGenerator
LHAPDF 6.1.5 loading /work-zfs/lhc/cms/slc6_amd64_gcc493/external/lhapdf/6.1.5-kpegke3/share/LHAPDF/NNPDF30_lo_as_0130/NNPDF30_lo_as_0130_0000.dat
NNPDF30_lo_as_0130 PDF set, member #0, version 2; LHAPDF ID = 263000
 extending no. of histograms for vbf tests
 
                                                                                          
   ***************************************************************************************
   *                                JHU Generator v6.9.9                                 *
   ***************************************************************************************
   *                                                                                     *
   *   Spin and parity determination of single-produced resonances at hadron colliders   *
   *                                                                                     *
   *          I. Anderson, S. Bolognesi, F. Caola, Y. Gao, A. Gritsan, Z. Guo,           *
   *        C. Martin, K. Melnikov, R.Rontsch, H. Roskes, U. Sarica, M. Schulze,         *
   *                   N. Tran, A. Whitbeck, M. Xiao, C. You, Y. Zhou                    *
   *                Phys.Rev. D81 (2010) 075022;  arXiv:1001.3396 [hep-ph],              *
   *                Phys.Rev. D86 (2012) 095031;  arXiv:1208.4018 [hep-ph],              *
   *                Phys.Rev. D89 (2014) 035007;  arXiv:1309.4819 [hep-ph].              *
   *                                                                                     *
   ***************************************************************************************
                                                                                          
   
   Command line: ./JHUGen Unweighted=0 VegasNc0=99999999 VegasNc1=99999999 VegasNc2=99999999 LHAPDF=NNPDF30_lo_as_0130/NNPDF30_lo_as_0130.info MReso=1410 ghz1=0,0 ghz4=1,0 Process=60 pTjetcut=0 deltaRcut=0 pTjetcut=25 etajetcut=4.7 pTlepcut=5 etalepcut=2.5
   
   Input Parameter:
    Collider: P-P, sqrt(s)=13000.00
    Resonance: spin=0, mass=1410.00 width=   0.00407
    Z-boson: mass=91.188, width=2.4952
    W-boson: mass=80.399, width=2.0850
    Jet cuts:
            pT >=    25.00 GeV
         |eta| <=     4.70
        DeltaR >=     0.00
           mJJ >=     0.00 GeV
           m4l_min/max      -1.00     -1.00 GeV
    Random seed:   178606563
    To reproduce results using this seed, JHUGen should be compiled with the same compiler:
      GNU Fortran (GCC) 4.8.2
    
    WidthScheme:   2
    LHAPDF set NNPDF30_lo_as_0130/NNPDF30_lo_as_0130.info, member=  0
    Unweighted: F
    Intermediate off-shell photons: F
    
    spin-0-VV couplings: 
      generate_as=F
      ghg2=  0.10000000E+01  0.00000000E+00i
      ghg3=  0.00000000E+00  0.00000000E+00i
      ghg4=  0.00000000E+00  0.00000000E+00i
      ghz1=  0.00000000E+00  0.00000000E+00i
      ghz2=  0.00000000E+00  0.00000000E+00i
      ghz3=  0.00000000E+00  0.00000000E+00i
      ghz4=  0.10000000E+01  0.00000000E+00i
      Lambda=  1000.0
    
    LHE output: ./data/output.lhe
    Histogram output: ./data/output.dat
    Log file: ./data/output.log
    
  Running

  Input parameters for vegas:  ndim=  9   ncall= 80707214.
                              it=    0    itmx=   15
                              acc=-1.00    
                              mds=  1     nd=  50
                              (xl,xu)= (  0.00000     ,  1.00000     )
                                       (  0.00000     ,  1.00000     )
                                       (  0.00000     ,  1.00000     )
                                       (  0.00000     ,  1.00000     )
                                       (  0.00000     ,  1.00000     )
                                       (  0.00000     ,  1.00000     )
                                       (  0.00000     ,  1.00000     )
                                       (  0.00000     ,  1.00000     )
                                       (  0.00000     ,  1.00000     )

#********** Integration by Vegas (iteration       1) ************
#                                                               *
#  integral  =  331.42624       accum. integral =  331.42624    *
#  std. dev. =  22.493483       accum. std. dev =  22.493483    *
#   min/max. wt. =    0.00000             13.9005               *
#                                                               *
#*************   chi**2/iteration =  0.000       ****************


#********** Integration by Vegas (iteration       2) ************
#                                                               *
#  integral  =  467.30258       accum. integral =  407.00924    *
#  std. dev. =  28.326349       accum. std. dev =  18.314574    *
#   min/max. wt. =    0.00000             21.1990               *
#                                                               *
#*************   chi**2/iteration =  13.57       ****************


#********** Integration by Vegas (iteration       3) ************
#                                                               *
#  integral  =  486.16988       accum. integral =  467.92521    *
#  std. dev. =  12.028822       accum. std. dev =  9.4155704    *
#   min/max. wt. =    0.00000             10.9759               *
#                                                               *
#*************   chi**2/iteration =  12.19       ****************


#********** Integration by Vegas (iteration       4) ************
#                                                               *
#  integral  =  472.17210       accum. integral =  472.13393    *
#  std. dev. = 0.97597804       accum. std. dev = 0.91302088    *
#   min/max. wt. =    0.00000            0.330805               *
#                                                               *
#*************   chi**2/iteration =  7.831       ****************


#********** Integration by Vegas (iteration       5) ************
#                                                               *
#  integral  =  472.86823       accum. integral =  472.82664    *
#  std. dev. = 0.23841169       accum. std. dev = 0.22021395    *
#   min/max. wt. =    0.00000            0.163178E-01           *
#                                                               *
#*************   chi**2/iteration =  5.867       ****************


#********** Integration by Vegas (iteration       6) ************
#                                                               *
#  integral  =  473.03739       accum. integral =  472.96534    *
#  std. dev. = 0.16695485       accum. std. dev = 0.12989652    *
#   min/max. wt. =    0.00000            0.121160E-01           *
#                                                               *
#*************   chi**2/iteration =  4.730       ****************


#********** Integration by Vegas (iteration       7) ************
#                                                               *
#  integral  =  473.00964       accum. integral =  472.98490    *
#  std. dev. = 0.15230841       accum. std. dev = 0.97672266E-01*
#   min/max. wt. =    0.00000            0.851427E-02           *
#                                                               *
#*************   chi**2/iteration =  3.902       ****************


#********** Integration by Vegas (iteration       8) ************
#                                                               *
#  integral  =  472.74826       accum. integral =  472.90982    *
#  std. dev. = 0.14837817       accum. std. dev = 0.81068140E-01*
#   min/max. wt. =    0.00000            0.765215E-02           *
#                                                               *
#*************   chi**2/iteration =  3.578       ****************


#********** Integration by Vegas (iteration       9) ************
#                                                               *
#  integral  =  473.13625       accum. integral =  472.96464    *
#  std. dev. = 0.14799762       accum. std. dev = 0.70828610E-01*
#   min/max. wt. =    0.00000            0.140924E-01           *
#                                                               *
#*************   chi**2/iteration =  3.343       ****************


#********** Integration by Vegas (iteration      10) ************
#                                                               *
#  integral  =  473.18109       accum. integral =  473.00745    *
#  std. dev. = 0.14668064       accum. std. dev = 0.63620767E-01*
#   min/max. wt. =    0.00000            0.524041E-02           *
#                                                               *
#*************   chi**2/iteration =  3.159       ****************


#********** Integration by Vegas (iteration      11) ************
#                                                               *
#  integral  =  472.91866       accum. integral =  472.99319    *
#  std. dev. = 0.14904860       accum. std. dev = 0.58421254E-01*
#   min/max. wt. =    0.00000            0.897578E-02           *
#                                                               *
#*************   chi**2/iteration =  2.861       ****************


#********** Integration by Vegas (iteration      12) ************
#                                                               *
#  integral  =  472.99264       accum. integral =  472.99311    *
#  std. dev. = 0.14965974       accum. std. dev = 0.54361389E-01*
#   min/max. wt. =    0.00000            0.334431E-02           *
#                                                               *
#*************   chi**2/iteration =  2.591       ****************


#********** Integration by Vegas (iteration      13) ************
#                                                               *
#  integral  =  472.98395       accum. integral =  472.99203    *
#  std. dev. = 0.15131334       accum. std. dev = 0.51120287E-01*
#   min/max. wt. =    0.00000            0.636337E-02           *
#                                                               *
#*************   chi**2/iteration =  2.368       ****************


#********** Integration by Vegas (iteration      14) ************
#                                                               *
#  integral  =  473.17831       accum. integral =  473.01117    *
#  std. dev. = 0.15396124       accum. std. dev = 0.48489464E-01*
#   min/max. wt. =    0.00000            0.588399E-02           *
#                                                               *
#*************   chi**2/iteration =  2.285       ****************


#********** Integration by Vegas (iteration      15) ************
#                                                               *
#  integral  =  473.22951       accum. integral =  473.03106    *
#  std. dev. = 0.15592576       accum. std. dev = 0.46284123E-01*
#   min/max. wt. =    0.00000            0.624633E-02           *
#                                                               *
#*************   chi**2/iteration =  2.248       ****************

 ****************************************************
 * Writing out vegas grid to ./data/output.grid                                                      
 ****************************************************

  Input parameters for vegas:  ndim=  9   ncall= 80707214.
                              it=    0    itmx=    2
                              acc=-1.00    
                              mds=  1     nd=  50
                              (xl,xu)= (  0.00000     ,  1.00000     )
                                       (  0.00000     ,  1.00000     )
                                       (  0.00000     ,  1.00000     )
                                       (  0.00000     ,  1.00000     )
                                       (  0.00000     ,  1.00000     )
                                       (  0.00000     ,  1.00000     )
                                       (  0.00000     ,  1.00000     )
                                       (  0.00000     ,  1.00000     )
                                       (  0.00000     ,  1.00000     )

#********** Integration by Vegas (iteration       1) ************
#                                                               *
#  integral  =  473.22929       accum. integral =  473.22929    *
#  std. dev. = 0.15834465       accum. std. dev = 0.15834465    *
#   min/max. wt. =    0.00000            0.539326E-02           *
#                                                               *
#*************   chi**2/iteration =  0.000       ****************


#********** Integration by Vegas (iteration       2) ************
#                                                               *
#  integral  =  473.39669       accum. integral =  473.31123    *
#  std. dev. = 0.16177113       accum. std. dev = 0.11315900    *
#   min/max. wt. =    0.00000            0.741868E-02           *
#                                                               *
#*************   chi**2/iteration = 0.5463       ****************

 Done
