SLURM job running in:  /work-zfs/lhc/heshy/JHUGen/xsecs/JHUGen/JHUGenerator
LHAPDF 6.1.5 loading /work-zfs/lhc/cms/slc6_amd64_gcc493/external/lhapdf/6.1.5-kpegke3/share/LHAPDF/NNPDF30_lo_as_0130/NNPDF30_lo_as_0130_0000.dat
NNPDF30_lo_as_0130 PDF set, member #0, version 2; LHAPDF ID = 263000
 extending no. of histograms for vbf tests
 
                                                                                          
   ***************************************************************************************
   *                                JHU Generator v6.9.9                                 *
   ***************************************************************************************
   *                                                                                     *
   *   Spin and parity determination of single-produced resonances at hadron colliders   *
   *                                                                                     *
   *          I. Anderson, S. Bolognesi, F. Caola, Y. Gao, A. Gritsan, Z. Guo,           *
   *        C. Martin, K. Melnikov, R.Rontsch, H. Roskes, U. Sarica, M. Schulze,         *
   *                   N. Tran, A. Whitbeck, M. Xiao, C. You, Y. Zhou                    *
   *                Phys.Rev. D81 (2010) 075022;  arXiv:1001.3396 [hep-ph],              *
   *                Phys.Rev. D86 (2012) 095031;  arXiv:1208.4018 [hep-ph],              *
   *                Phys.Rev. D89 (2014) 035007;  arXiv:1309.4819 [hep-ph].              *
   *                                                                                     *
   ***************************************************************************************
                                                                                          
   
   Command line: ./JHUGen Unweighted=0 VegasNc0=99999999 VegasNc1=99999999 VegasNc2=99999999 LHAPDF=NNPDF30_lo_as_0130/NNPDF30_lo_as_0130.info MReso=1420 ghz1=0,0 ghz4=1,0 Process=60 pTjetcut=0 deltaRcut=0 pTjetcut=25 etajetcut=4.7 pTlepcut=5 etalepcut=2.5
   
   Input Parameter:
    Collider: P-P, sqrt(s)=13000.00
    Resonance: spin=0, mass=1420.00 width=   0.00407
    Z-boson: mass=91.188, width=2.4952
    W-boson: mass=80.399, width=2.0850
    Jet cuts:
            pT >=    25.00 GeV
         |eta| <=     4.70
        DeltaR >=     0.00
           mJJ >=     0.00 GeV
           m4l_min/max      -1.00     -1.00 GeV
    Random seed:   939099811
    To reproduce results using this seed, JHUGen should be compiled with the same compiler:
      GNU Fortran (GCC) 4.8.2
    
    WidthScheme:   2
    LHAPDF set NNPDF30_lo_as_0130/NNPDF30_lo_as_0130.info, member=  0
    Unweighted: F
    Intermediate off-shell photons: F
    
    spin-0-VV couplings: 
      generate_as=F
      ghg2=  0.10000000E+01  0.00000000E+00i
      ghg3=  0.00000000E+00  0.00000000E+00i
      ghg4=  0.00000000E+00  0.00000000E+00i
      ghz1=  0.00000000E+00  0.00000000E+00i
      ghz2=  0.00000000E+00  0.00000000E+00i
      ghz3=  0.00000000E+00  0.00000000E+00i
      ghz4=  0.10000000E+01  0.00000000E+00i
      Lambda=  1000.0
    
    LHE output: ./data/output.lhe
    Histogram output: ./data/output.dat
    Log file: ./data/output.log
    
  Running

  Input parameters for vegas:  ndim=  9   ncall= 80707214.
                              it=    0    itmx=   15
                              acc=-1.00    
                              mds=  1     nd=  50
                              (xl,xu)= (  0.00000     ,  1.00000     )
                                       (  0.00000     ,  1.00000     )
                                       (  0.00000     ,  1.00000     )
                                       (  0.00000     ,  1.00000     )
                                       (  0.00000     ,  1.00000     )
                                       (  0.00000     ,  1.00000     )
                                       (  0.00000     ,  1.00000     )
                                       (  0.00000     ,  1.00000     )
                                       (  0.00000     ,  1.00000     )

#********** Integration by Vegas (iteration       1) ************
#                                                               *
#  integral  =  312.99535       accum. integral =  312.99535    *
#  std. dev. =  23.789637       accum. std. dev =  23.789637    *
#   min/max. wt. =    0.00000             20.4898               *
#                                                               *
#*************   chi**2/iteration =  0.000       ****************


#********** Integration by Vegas (iteration       2) ************
#                                                               *
#  integral  =  401.10682       accum. integral =  397.40961    *
#  std. dev. =  6.3802667       accum. std. dev =  5.6012105    *
#   min/max. wt. =    0.00000             2.44400               *
#                                                               *
#*************   chi**2/iteration =  9.938       ****************


#********** Integration by Vegas (iteration       3) ************
#                                                               *
#  integral  =  463.99949       accum. integral =  443.03288    *
#  std. dev. =  4.8973243       accum. std. dev =  3.4731771    *
#   min/max. wt. =    0.00000             3.24505               *
#                                                               *
#*************   chi**2/iteration =  43.70       ****************


#********** Integration by Vegas (iteration       4) ************
#                                                               *
#  integral  =  465.38158       accum. integral =  464.74000    *
#  std. dev. = 0.69897660       accum. std. dev = 0.61510901    *
#   min/max. wt. =    0.00000            0.136173               *
#                                                               *
#*************   chi**2/iteration =  38.93       ****************


#********** Integration by Vegas (iteration       5) ************
#                                                               *
#  integral  =  463.90153       accum. integral =  463.97568    *
#  std. dev. = 0.21387316       accum. std. dev = 0.18736513    *
#   min/max. wt. =    0.00000            0.137278E-01           *
#                                                               *
#*************   chi**2/iteration =  28.24       ****************


#********** Integration by Vegas (iteration       6) ************
#                                                               *
#  integral  =  464.15030       accum. integral =  464.08404    *
#  std. dev. = 0.15975743       accum. std. dev = 0.11721791    *
#   min/max. wt. =    0.00000            0.123138E-01           *
#                                                               *
#*************   chi**2/iteration =  22.00       ****************


#********** Integration by Vegas (iteration       7) ************
#                                                               *
#  integral  =  464.03406       accum. integral =  464.06314    *
#  std. dev. = 0.14838037       accum. std. dev = 0.90369728E-01*
#   min/max. wt. =    0.00000            0.490186E-02           *
#                                                               *
#*************   chi**2/iteration =  17.96       ****************


#********** Integration by Vegas (iteration       8) ************
#                                                               *
#  integral  =  464.23495       accum. integral =  464.11590    *
#  std. dev. = 0.14420483       accum. std. dev = 0.75826049E-01*
#   min/max. wt. =    0.00000            0.500127E-02           *
#                                                               *
#*************   chi**2/iteration =  15.31       ****************


#********** Integration by Vegas (iteration       9) ************
#                                                               *
#  integral  =  464.16054       accum. integral =  464.12657    *
#  std. dev. = 0.14256395       accum. std. dev = 0.66550058E-01*
#   min/max. wt. =    0.00000            0.534961E-02           *
#                                                               *
#*************   chi**2/iteration =  13.24       ****************


#********** Integration by Vegas (iteration      10) ************
#                                                               *
#  integral  =  464.36793       accum. integral =  464.17298    *
#  std. dev. = 0.14292216       accum. std. dev = 0.60102888E-01*
#   min/max. wt. =    0.00000            0.380079E-02           *
#                                                               *
#*************   chi**2/iteration =  11.93       ****************


#********** Integration by Vegas (iteration      11) ************
#                                                               *
#  integral  =  464.21941       accum. integral =  464.18031    *
#  std. dev. = 0.14473209       accum. std. dev = 0.55373635E-01*
#   min/max. wt. =    0.00000            0.852336E-02           *
#                                                               *
#*************   chi**2/iteration =  10.67       ****************


#********** Integration by Vegas (iteration      12) ************
#                                                               *
#  integral  =  464.24598       accum. integral =  464.18899    *
#  std. dev. = 0.14729560       accum. std. dev = 0.51750635E-01*
#   min/max. wt. =    0.00000            0.656470E-02           *
#                                                               *
#*************   chi**2/iteration =  9.651       ****************


#********** Integration by Vegas (iteration      13) ************
#                                                               *
#  integral  =  464.21819       accum. integral =  464.19232    *
#  std. dev. = 0.14936904       accum. std. dev = 0.48846761E-01*
#   min/max. wt. =    0.00000            0.466696E-02           *
#                                                               *
#*************   chi**2/iteration =  8.802       ****************


#********** Integration by Vegas (iteration      14) ************
#                                                               *
#  integral  =  463.93531       accum. integral =  464.16719    *
#  std. dev. = 0.15306691       accum. std. dev = 0.46503620E-01*
#   min/max. wt. =    0.00000            0.145027E-01           *
#                                                               *
#*************   chi**2/iteration =  8.295       ****************


#********** Integration by Vegas (iteration      15) ************
#                                                               *
#  integral  =  464.20752       accum. integral =  464.17080    *
#  std. dev. = 0.15277893       accum. std. dev = 0.44464107E-01*
#   min/max. wt. =    0.00000            0.508138E-02           *
#                                                               *
#*************   chi**2/iteration =  7.677       ****************

 ****************************************************
 * Writing out vegas grid to ./data/output.grid                                                      
 ****************************************************

  Input parameters for vegas:  ndim=  9   ncall= 80707214.
                              it=    0    itmx=    2
                              acc=-1.00    
                              mds=  1     nd=  50
                              (xl,xu)= (  0.00000     ,  1.00000     )
                                       (  0.00000     ,  1.00000     )
                                       (  0.00000     ,  1.00000     )
                                       (  0.00000     ,  1.00000     )
                                       (  0.00000     ,  1.00000     )
                                       (  0.00000     ,  1.00000     )
                                       (  0.00000     ,  1.00000     )
                                       (  0.00000     ,  1.00000     )
                                       (  0.00000     ,  1.00000     )

#********** Integration by Vegas (iteration       1) ************
#                                                               *
#  integral  =  464.50371       accum. integral =  464.50371    *
#  std. dev. = 0.15578652       accum. std. dev = 0.15578652    *
#   min/max. wt. =    0.00000            0.589683E-02           *
#                                                               *
#*************   chi**2/iteration =  0.000       ****************


#********** Integration by Vegas (iteration       2) ************
#                                                               *
#  integral  =  463.95346       accum. integral =  464.23334    *
#  std. dev. = 0.15831671       accum. std. dev = 0.11104039    *
#   min/max. wt. =    0.00000            0.127933E-01           *
#                                                               *
#*************   chi**2/iteration =  6.131       ****************

 Done
