SLURM job running in:  /work-zfs/lhc/heshy/JHUGen/xsecs/JHUGen/JHUGenerator
LHAPDF 6.1.5 loading /work-zfs/lhc/cms/slc6_amd64_gcc493/external/lhapdf/6.1.5-kpegke3/share/LHAPDF/NNPDF30_lo_as_0130/NNPDF30_lo_as_0130_0000.dat
NNPDF30_lo_as_0130 PDF set, member #0, version 2; LHAPDF ID = 263000
 extending no. of histograms for vbf tests
 
                                                                                          
   ***************************************************************************************
   *                                JHU Generator v6.9.9                                 *
   ***************************************************************************************
   *                                                                                     *
   *   Spin and parity determination of single-produced resonances at hadron colliders   *
   *                                                                                     *
   *          I. Anderson, S. Bolognesi, F. Caola, Y. Gao, A. Gritsan, Z. Guo,           *
   *        C. Martin, K. Melnikov, R.Rontsch, H. Roskes, U. Sarica, M. Schulze,         *
   *                   N. Tran, A. Whitbeck, M. Xiao, C. You, Y. Zhou                    *
   *                Phys.Rev. D81 (2010) 075022;  arXiv:1001.3396 [hep-ph],              *
   *                Phys.Rev. D86 (2012) 095031;  arXiv:1208.4018 [hep-ph],              *
   *                Phys.Rev. D89 (2014) 035007;  arXiv:1309.4819 [hep-ph].              *
   *                                                                                     *
   ***************************************************************************************
                                                                                          
   
   Command line: ./JHUGen Unweighted=0 VegasNc0=99999999 VegasNc1=99999999 VegasNc2=99999999 LHAPDF=NNPDF30_lo_as_0130/NNPDF30_lo_as_0130.info MReso=154 ghz1=0,0 ghz4=1,0 Process=60 pTjetcut=0 deltaRcut=0 pTjetcut=25 etajetcut=4.7 pTlepcut=5 etalepcut=2.5
   
   Input Parameter:
    Collider: P-P, sqrt(s)=13000.00
    Resonance: spin=0, mass= 154.00 width=   0.00407
    Z-boson: mass=91.188, width=2.4952
    W-boson: mass=80.399, width=2.0850
    Jet cuts:
            pT >=    25.00 GeV
         |eta| <=     4.70
        DeltaR >=     0.00
           mJJ >=     0.00 GeV
           m4l_min/max      -1.00     -1.00 GeV
    Random seed:   600197550
    To reproduce results using this seed, JHUGen should be compiled with the same compiler:
      GNU Fortran (GCC) 4.8.2
    
    WidthScheme:   2
    LHAPDF set NNPDF30_lo_as_0130/NNPDF30_lo_as_0130.info, member=  0
    Unweighted: F
    Intermediate off-shell photons: F
    
    spin-0-VV couplings: 
      generate_as=F
      ghg2=  0.10000000E+01  0.00000000E+00i
      ghg3=  0.00000000E+00  0.00000000E+00i
      ghg4=  0.00000000E+00  0.00000000E+00i
      ghz1=  0.00000000E+00  0.00000000E+00i
      ghz2=  0.00000000E+00  0.00000000E+00i
      ghz3=  0.00000000E+00  0.00000000E+00i
      ghz4=  0.10000000E+01  0.00000000E+00i
      Lambda=  1000.0
    
    LHE output: ./data/output.lhe
    Histogram output: ./data/output.dat
    Log file: ./data/output.log
    
  Running

  Input parameters for vegas:  ndim=  9   ncall= 80707214.
                              it=    0    itmx=   15
                              acc=-1.00    
                              mds=  1     nd=  50
                              (xl,xu)= (  0.00000     ,  1.00000     )
                                       (  0.00000     ,  1.00000     )
                                       (  0.00000     ,  1.00000     )
                                       (  0.00000     ,  1.00000     )
                                       (  0.00000     ,  1.00000     )
                                       (  0.00000     ,  1.00000     )
                                       (  0.00000     ,  1.00000     )
                                       (  0.00000     ,  1.00000     )
                                       (  0.00000     ,  1.00000     )

#********** Integration by Vegas (iteration       1) ************
#                                                               *
#  integral  =  7860.9387       accum. integral =  7860.9387    *
#  std. dev. =  463.69618       accum. std. dev =  463.69618    *
#   min/max. wt. =    0.00000             231.528               *
#                                                               *
#*************   chi**2/iteration = 0.1040E-09   ****************


#********** Integration by Vegas (iteration       2) ************
#                                                               *
#  integral  =  8999.7584       accum. integral =  8865.6160    *
#  std. dev. =  193.98123       accum. std. dev =  171.06004    *
#   min/max. wt. =    0.00000             148.075               *
#                                                               *
#*************   chi**2/iteration =  4.601       ****************


#********** Integration by Vegas (iteration       3) ************
#                                                               *
#  integral  =  9308.5905       accum. integral =  9295.8953    *
#  std. dev. =  32.370083       accum. std. dev =  29.972264    *
#   min/max. wt. =    0.00000             14.2966               *
#                                                               *
#*************   chi**2/iteration =  5.187       ****************


#********** Integration by Vegas (iteration       4) ************
#                                                               *
#  integral  =  9383.8980       accum. integral =  9374.4390    *
#  std. dev. =  11.160808       accum. std. dev =  10.010601    *
#   min/max. wt. =    0.00000             4.69924               *
#                                                               *
#*************   chi**2/iteration =  5.803       ****************


#********** Integration by Vegas (iteration       5) ************
#                                                               *
#  integral  =  9385.7102       accum. integral =  9383.1154    *
#  std. dev. =  5.7673499       accum. std. dev =  4.8556831    *
#   min/max. wt. =    0.00000            0.426198               *
#                                                               *
#*************   chi**2/iteration =  4.498       ****************


#********** Integration by Vegas (iteration       6) ************
#                                                               *
#  integral  =  9385.0999       accum. integral =  9384.1683    *
#  std. dev. =  4.7592369       accum. std. dev =  3.3505478    *
#   min/max. wt. =    0.00000             1.62629               *
#                                                               *
#*************   chi**2/iteration =  3.565       ****************


#********** Integration by Vegas (iteration       7) ************
#                                                               *
#  integral  =  9382.8839       accum. integral =  9383.6614    *
#  std. dev. =  4.2919718       accum. std. dev =  2.6197526    *
#   min/max. wt. =    0.00000            0.250884               *
#                                                               *
#*************   chi**2/iteration =  2.951       ****************


#********** Integration by Vegas (iteration       8) ************
#                                                               *
#  integral  =  9383.8127       accum. integral =  9383.7084    *
#  std. dev. =  4.0152528       accum. std. dev =  2.1828710    *
#   min/max. wt. =    0.00000            0.159336               *
#                                                               *
#*************   chi**2/iteration =  2.511       ****************


#********** Integration by Vegas (iteration       9) ************
#                                                               *
#  integral  =  9385.6879       accum. integral =  9384.1865    *
#  std. dev. =  3.9681864       accum. std. dev =  1.9066039    *
#   min/max. wt. =    0.00000            0.206950               *
#                                                               *
#*************   chi**2/iteration =  2.209       ****************


#********** Integration by Vegas (iteration      10) ************
#                                                               *
#  integral  =  9381.4428       accum. integral =  9383.6528    *
#  std. dev. =  3.9663109       accum. std. dev =  1.7149982    *
#   min/max. wt. =    0.00000            0.499356               *
#                                                               *
#*************   chi**2/iteration =  2.000       ****************


#********** Integration by Vegas (iteration      11) ************
#                                                               *
#  integral  =  9381.1548       accum. integral =  9383.2426    *
#  std. dev. =  3.9465020       accum. std. dev =  1.5707530    *
#   min/max. wt. =    0.00000            0.140703               *
#                                                               *
#*************   chi**2/iteration =  1.828       ****************


#********** Integration by Vegas (iteration      12) ************
#                                                               *
#  integral  =  9380.8371       accum. integral =  9382.9047    *
#  std. dev. =  3.9561663       accum. std. dev =  1.4584900    *
#   min/max. wt. =    0.00000            0.194269               *
#                                                               *
#*************   chi**2/iteration =  1.686       ****************


#********** Integration by Vegas (iteration      13) ************
#                                                               *
#  integral  =  9387.6051       accum. integral =  9383.4768    *
#  std. dev. =  3.9855052       accum. std. dev =  1.3686791    *
#   min/max. wt. =    0.00000            0.271532               *
#                                                               *
#*************   chi**2/iteration =  1.647       ****************


#********** Integration by Vegas (iteration      14) ************
#                                                               *
#  integral  =  9384.3375       accum. integral =  9383.5696    *
#  std. dev. =  3.9986523       accum. std. dev =  1.2942456    *
#   min/max. wt. =    0.00000            0.243426               *
#                                                               *
#*************   chi**2/iteration =  1.520       ****************


#********** Integration by Vegas (iteration      15) ************
#                                                               *
#  integral  =  9373.8242       accum. integral =  9382.6359    *
#  std. dev. =  4.0289214       accum. std. dev =  1.2317844    *
#   min/max. wt. =    0.00000            0.319966               *
#                                                               *
#*************   chi**2/iteration =  1.796       ****************

 ****************************************************
 * Writing out vegas grid to ./data/output.grid                                                      
 ****************************************************

  Input parameters for vegas:  ndim=  9   ncall= 80707214.
                              it=    0    itmx=    2
                              acc=-1.00    
                              mds=  1     nd=  50
                              (xl,xu)= (  0.00000     ,  1.00000     )
                                       (  0.00000     ,  1.00000     )
                                       (  0.00000     ,  1.00000     )
                                       (  0.00000     ,  1.00000     )
                                       (  0.00000     ,  1.00000     )
                                       (  0.00000     ,  1.00000     )
                                       (  0.00000     ,  1.00000     )
                                       (  0.00000     ,  1.00000     )
                                       (  0.00000     ,  1.00000     )

#********** Integration by Vegas (iteration       1) ************
#                                                               *
#  integral  =  9385.8647       accum. integral =  9385.8647    *
#  std. dev. =  4.0534873       accum. std. dev =  4.0534873    *
#   min/max. wt. =    0.00000            0.229328               *
#                                                               *
#*************   chi**2/iteration =  0.000       ****************


#********** Integration by Vegas (iteration       2) ************
#                                                               *
#  integral  =  9380.0429       accum. integral =  9382.9644    *
#  std. dev. =  4.0657770       accum. std. dev =  2.8705809    *
#   min/max. wt. =    0.00000            0.441482               *
#                                                               *
#*************   chi**2/iteration =  1.027       ****************

 Done
