SLURM job running in:  /work-zfs/lhc/heshy/JHUGen/xsecs/JHUGen/JHUGenerator
LHAPDF 6.1.5 loading /work-zfs/lhc/cms/slc6_amd64_gcc493/external/lhapdf/6.1.5-kpegke3/share/LHAPDF/NNPDF30_lo_as_0130/NNPDF30_lo_as_0130_0000.dat
NNPDF30_lo_as_0130 PDF set, member #0, version 2; LHAPDF ID = 263000
 extending no. of histograms for vbf tests
 
                                                                                          
   ***************************************************************************************
   *                                JHU Generator v6.9.9                                 *
   ***************************************************************************************
   *                                                                                     *
   *   Spin and parity determination of single-produced resonances at hadron colliders   *
   *                                                                                     *
   *          I. Anderson, S. Bolognesi, F. Caola, Y. Gao, A. Gritsan, Z. Guo,           *
   *        C. Martin, K. Melnikov, R.Rontsch, H. Roskes, U. Sarica, M. Schulze,         *
   *                   N. Tran, A. Whitbeck, M. Xiao, C. You, Y. Zhou                    *
   *                Phys.Rev. D81 (2010) 075022;  arXiv:1001.3396 [hep-ph],              *
   *                Phys.Rev. D86 (2012) 095031;  arXiv:1208.4018 [hep-ph],              *
   *                Phys.Rev. D89 (2014) 035007;  arXiv:1309.4819 [hep-ph].              *
   *                                                                                     *
   ***************************************************************************************
                                                                                          
   
   Command line: ./JHUGen Unweighted=0 VegasNc0=99999999 VegasNc1=99999999 VegasNc2=99999999 LHAPDF=NNPDF30_lo_as_0130/NNPDF30_lo_as_0130.info MReso=1900 ghz1=0,0 ghz4=1,0 Process=60 pTjetcut=0 deltaRcut=0 pTjetcut=25 etajetcut=4.7 pTlepcut=5 etalepcut=2.5
   
   Input Parameter:
    Collider: P-P, sqrt(s)=13000.00
    Resonance: spin=0, mass=1900.00 width=   0.00407
    Z-boson: mass=91.188, width=2.4952
    W-boson: mass=80.399, width=2.0850
    Jet cuts:
            pT >=    25.00 GeV
         |eta| <=     4.70
        DeltaR >=     0.00
           mJJ >=     0.00 GeV
           m4l_min/max      -1.00     -1.00 GeV
    Random seed:   947700564
    To reproduce results using this seed, JHUGen should be compiled with the same compiler:
      GNU Fortran (GCC) 4.8.2
    
    WidthScheme:   2
    LHAPDF set NNPDF30_lo_as_0130/NNPDF30_lo_as_0130.info, member=  0
    Unweighted: F
    Intermediate off-shell photons: F
    
    spin-0-VV couplings: 
      generate_as=F
      ghg2=  0.10000000E+01  0.00000000E+00i
      ghg3=  0.00000000E+00  0.00000000E+00i
      ghg4=  0.00000000E+00  0.00000000E+00i
      ghz1=  0.00000000E+00  0.00000000E+00i
      ghz2=  0.00000000E+00  0.00000000E+00i
      ghz3=  0.00000000E+00  0.00000000E+00i
      ghz4=  0.10000000E+01  0.00000000E+00i
      Lambda=  1000.0
    
    LHE output: ./data/output.lhe
    Histogram output: ./data/output.dat
    Log file: ./data/output.log
    
  Running

  Input parameters for vegas:  ndim=  9   ncall= 80707214.
                              it=    0    itmx=   15
                              acc=-1.00    
                              mds=  1     nd=  50
                              (xl,xu)= (  0.00000     ,  1.00000     )
                                       (  0.00000     ,  1.00000     )
                                       (  0.00000     ,  1.00000     )
                                       (  0.00000     ,  1.00000     )
                                       (  0.00000     ,  1.00000     )
                                       (  0.00000     ,  1.00000     )
                                       (  0.00000     ,  1.00000     )
                                       (  0.00000     ,  1.00000     )
                                       (  0.00000     ,  1.00000     )

#********** Integration by Vegas (iteration       1) ************
#                                                               *
#  integral  =  127.92004       accum. integral =  127.92004    *
#  std. dev. =  8.9618190       accum. std. dev =  8.9618190    *
#   min/max. wt. =    0.00000             6.80354               *
#                                                               *
#*************   chi**2/iteration =  0.000       ****************


#********** Integration by Vegas (iteration       2) ************
#                                                               *
#  integral  =  174.19756       accum. integral =  161.00877    *
#  std. dev. =  7.7048114       accum. std. dev =  5.7155382    *
#   min/max. wt. =    0.00000             6.31805               *
#                                                               *
#*************   chi**2/iteration =  13.35       ****************


#********** Integration by Vegas (iteration       3) ************
#                                                               *
#  integral  =  191.40208       accum. integral =  190.21258    *
#  std. dev. =  1.4447188       accum. std. dev =  1.2332229    *
#   min/max. wt. =    0.00000            0.467524               *
#                                                               *
#*************   chi**2/iteration =  17.03       ****************


#********** Integration by Vegas (iteration       4) ************
#                                                               *
#  integral  =  193.30263       accum. integral =  193.24296    *
#  std. dev. = 0.20070482       accum. std. dev = 0.17861799    *
#   min/max. wt. =    0.00000            0.382760E-01           *
#                                                               *
#*************   chi**2/iteration =  12.34       ****************


#********** Integration by Vegas (iteration       5) ************
#                                                               *
#  integral  =  193.20740       accum. integral =  193.21202    *
#  std. dev. = 0.76802131E-01   accum. std. dev = 0.65917124E-01*
#   min/max. wt. =    0.00000            0.795238E-02           *
#                                                               *
#*************   chi**2/iteration =  8.846       ****************


#********** Integration by Vegas (iteration       6) ************
#                                                               *
#  integral  =  193.04937       accum. integral =  193.11845    *
#  std. dev. = 0.61500051E-01   accum. std. dev = 0.43594533E-01*
#   min/max. wt. =    0.00000            0.397923E-02           *
#                                                               *
#*************   chi**2/iteration =  7.552       ****************


#********** Integration by Vegas (iteration       7) ************
#                                                               *
#  integral  =  193.17837       accum. integral =  193.14196    *
#  std. dev. = 0.58087985E-01   accum. std. dev = 0.34336030E-01*
#   min/max. wt. =    0.00000            0.343051E-02           *
#                                                               *
#*************   chi**2/iteration =  6.285       ****************


#********** Integration by Vegas (iteration       8) ************
#                                                               *
#  integral  =  193.11364       accum. integral =  193.13381    *
#  std. dev. = 0.57222140E-01   accum. std. dev = 0.29197770E-01*
#   min/max. wt. =    0.00000            0.217604E-02           *
#                                                               *
#*************   chi**2/iteration =  5.334       ****************


#********** Integration by Vegas (iteration       9) ************
#                                                               *
#  integral  =  193.12647       accum. integral =  193.13218    *
#  std. dev. = 0.57374359E-01   accum. std. dev = 0.25894638E-01*
#   min/max. wt. =    0.00000            0.292529E-02           *
#                                                               *
#*************   chi**2/iteration =  4.615       ****************


#********** Integration by Vegas (iteration      10) ************
#                                                               *
#  integral  =  193.21214       accum. integral =  193.14674    *
#  std. dev. = 0.57382681E-01   accum. std. dev = 0.23527342E-01*
#   min/max. wt. =    0.00000            0.182611E-02           *
#                                                               *
#*************   chi**2/iteration =  4.255       ****************


#********** Integration by Vegas (iteration      11) ************
#                                                               *
#  integral  =  193.22588       accum. integral =  193.15876    *
#  std. dev. = 0.57876761E-01   accum. std. dev = 0.21749437E-01*
#   min/max. wt. =    0.00000            0.283678E-02           *
#                                                               *
#*************   chi**2/iteration =  3.972       ****************


#********** Integration by Vegas (iteration      12) ************
#                                                               *
#  integral  =  193.18573       accum. integral =  193.16230    *
#  std. dev. = 0.58060880E-01   accum. std. dev = 0.20337240E-01*
#   min/max. wt. =    0.00000            0.671966E-02           *
#                                                               *
#*************   chi**2/iteration =  3.606       ****************


#********** Integration by Vegas (iteration      13) ************
#                                                               *
#  integral  =  193.13001       accum. integral =  193.15860    *
#  std. dev. = 0.58447922E-01   accum. std. dev = 0.19187617E-01*
#   min/max. wt. =    0.00000            0.179722E-02           *
#                                                               *
#*************   chi**2/iteration =  3.313       ****************


#********** Integration by Vegas (iteration      14) ************
#                                                               *
#  integral  =  193.12423       accum. integral =  193.15517    *
#  std. dev. = 0.59401215E-01   accum. std. dev = 0.18245688E-01*
#   min/max. wt. =    0.00000            0.366190E-02           *
#                                                               *
#*************   chi**2/iteration =  3.069       ****************


#********** Integration by Vegas (iteration      15) ************
#                                                               *
#  integral  =  193.14359       accum. integral =  193.15406    *
#  std. dev. = 0.57671000E-01   accum. std. dev = 0.17383708E-01*
#   min/max. wt. =    0.00000            0.142535E-02           *
#                                                               *
#*************   chi**2/iteration =  2.841       ****************

 ****************************************************
 * Writing out vegas grid to ./data/output.grid                                                      
 ****************************************************

  Input parameters for vegas:  ndim=  9   ncall= 80707214.
                              it=    0    itmx=    2
                              acc=-1.00    
                              mds=  1     nd=  50
                              (xl,xu)= (  0.00000     ,  1.00000     )
                                       (  0.00000     ,  1.00000     )
                                       (  0.00000     ,  1.00000     )
                                       (  0.00000     ,  1.00000     )
                                       (  0.00000     ,  1.00000     )
                                       (  0.00000     ,  1.00000     )
                                       (  0.00000     ,  1.00000     )
                                       (  0.00000     ,  1.00000     )
                                       (  0.00000     ,  1.00000     )

#********** Integration by Vegas (iteration       1) ************
#                                                               *
#  integral  =  193.18725       accum. integral =  193.18725    *
#  std. dev. = 0.59749826E-01   accum. std. dev = 0.59749826E-01*
#   min/max. wt. =    0.00000            0.217809E-02           *
#                                                               *
#*************   chi**2/iteration =  0.000       ****************


#********** Integration by Vegas (iteration       2) ************
#                                                               *
#  integral  =  193.06336       accum. integral =  193.12629    *
#  std. dev. = 0.60670277E-01   accum. std. dev = 0.42570996E-01*
#   min/max. wt. =    0.00000            0.415830E-02           *
#                                                               *
#*************   chi**2/iteration =  2.115       ****************

 Done
