SLURM job running in:  /work-zfs/lhc/heshy/JHUGen/xsecs/JHUGen/JHUGenerator
LHAPDF 6.1.5 loading /work-zfs/lhc/cms/slc6_amd64_gcc493/external/lhapdf/6.1.5-kpegke3/share/LHAPDF/NNPDF30_lo_as_0130/NNPDF30_lo_as_0130_0000.dat
NNPDF30_lo_as_0130 PDF set, member #0, version 2; LHAPDF ID = 263000
 extending no. of histograms for vbf tests
 
                                                                                          
   ***************************************************************************************
   *                                JHU Generator v6.9.9                                 *
   ***************************************************************************************
   *                                                                                     *
   *   Spin and parity determination of single-produced resonances at hadron colliders   *
   *                                                                                     *
   *          I. Anderson, S. Bolognesi, F. Caola, Y. Gao, A. Gritsan, Z. Guo,           *
   *        C. Martin, K. Melnikov, R.Rontsch, H. Roskes, U. Sarica, M. Schulze,         *
   *                   N. Tran, A. Whitbeck, M. Xiao, C. You, Y. Zhou                    *
   *                Phys.Rev. D81 (2010) 075022;  arXiv:1001.3396 [hep-ph],              *
   *                Phys.Rev. D86 (2012) 095031;  arXiv:1208.4018 [hep-ph],              *
   *                Phys.Rev. D89 (2014) 035007;  arXiv:1309.4819 [hep-ph].              *
   *                                                                                     *
   ***************************************************************************************
                                                                                          
   
   Command line: ./JHUGen Unweighted=0 VegasNc0=99999999 VegasNc1=99999999 VegasNc2=99999999 LHAPDF=NNPDF30_lo_as_0130/NNPDF30_lo_as_0130.info MReso=196 ghz1=0,0 ghz4=1,0 Process=60 pTjetcut=0 deltaRcut=0 pTjetcut=25 etajetcut=4.7 pTlepcut=5 etalepcut=2.5
   
   Input Parameter:
    Collider: P-P, sqrt(s)=13000.00
    Resonance: spin=0, mass= 196.00 width=   0.00407
    Z-boson: mass=91.188, width=2.4952
    W-boson: mass=80.399, width=2.0850
    Jet cuts:
            pT >=    25.00 GeV
         |eta| <=     4.70
        DeltaR >=     0.00
           mJJ >=     0.00 GeV
           m4l_min/max      -1.00     -1.00 GeV
    Random seed:   182659386
    To reproduce results using this seed, JHUGen should be compiled with the same compiler:
      GNU Fortran (GCC) 4.8.2
    
    WidthScheme:   2
    LHAPDF set NNPDF30_lo_as_0130/NNPDF30_lo_as_0130.info, member=  0
    Unweighted: F
    Intermediate off-shell photons: F
    
    spin-0-VV couplings: 
      generate_as=F
      ghg2=  0.10000000E+01  0.00000000E+00i
      ghg3=  0.00000000E+00  0.00000000E+00i
      ghg4=  0.00000000E+00  0.00000000E+00i
      ghz1=  0.00000000E+00  0.00000000E+00i
      ghz2=  0.00000000E+00  0.00000000E+00i
      ghz3=  0.00000000E+00  0.00000000E+00i
      ghz4=  0.10000000E+01  0.00000000E+00i
      Lambda=  1000.0
    
    LHE output: ./data/output.lhe
    Histogram output: ./data/output.dat
    Log file: ./data/output.log
    
  Running

  Input parameters for vegas:  ndim=  9   ncall= 80707214.
                              it=    0    itmx=   15
                              acc=-1.00    
                              mds=  1     nd=  50
                              (xl,xu)= (  0.00000     ,  1.00000     )
                                       (  0.00000     ,  1.00000     )
                                       (  0.00000     ,  1.00000     )
                                       (  0.00000     ,  1.00000     )
                                       (  0.00000     ,  1.00000     )
                                       (  0.00000     ,  1.00000     )
                                       (  0.00000     ,  1.00000     )
                                       (  0.00000     ,  1.00000     )
                                       (  0.00000     ,  1.00000     )

#********** Integration by Vegas (iteration       1) ************
#                                                               *
#  integral  =  9952.1160       accum. integral =  9952.1160    *
#  std. dev. =  3365.1689       accum. std. dev =  3365.1689    *
#   min/max. wt. =    0.00000             3347.88               *
#                                                               *
#*************   chi**2/iteration =  0.000       ****************


#********** Integration by Vegas (iteration       2) ************
#                                                               *
#  integral  =  7429.1910       accum. integral =  7447.2679    *
#  std. dev. =  213.40499       accum. std. dev =  251.35154    *
#   min/max. wt. =    0.00000             126.618               *
#                                                               *
#*************   chi**2/iteration = 0.7160       ****************


#********** Integration by Vegas (iteration       3) ************
#                                                               *
#  integral  =  8124.4814       accum. integral =  8091.7066    *
#  std. dev. =  52.441682       accum. std. dev =  53.951193    *
#   min/max. wt. =    0.00000             34.3977               *
#                                                               *
#*************   chi**2/iteration =  4.003       ****************


#********** Integration by Vegas (iteration       4) ************
#                                                               *
#  integral  =  8243.2221       accum. integral =  8234.4634    *
#  std. dev. =  12.856647       accum. std. dev =  12.850325    *
#   min/max. wt. =    0.00000             5.64000               *
#                                                               *
#*************   chi**2/iteration =  5.243       ****************


#********** Integration by Vegas (iteration       5) ************
#                                                               *
#  integral  =  8239.9950       accum. integral =  8239.2292    *
#  std. dev. =  5.0005825       accum. std. dev =  4.7537067    *
#   min/max. wt. =    0.00000            0.358392               *
#                                                               *
#*************   chi**2/iteration =  4.018       ****************


#********** Integration by Vegas (iteration       6) ************
#                                                               *
#  integral  =  8220.0045       accum. integral =  8227.9010    *
#  std. dev. =  3.8658250       accum. std. dev =  3.0335812    *
#   min/max. wt. =    0.00000            0.598283               *
#                                                               *
#*************   chi**2/iteration =  5.186       ****************


#********** Integration by Vegas (iteration       7) ************
#                                                               *
#  integral  =  8232.5929       accum. integral =  8229.8122    *
#  std. dev. =  3.5849046       accum. std. dev =  2.3286672    *
#   min/max. wt. =    0.00000            0.330219               *
#                                                               *
#*************   chi**2/iteration =  4.510       ****************


#********** Integration by Vegas (iteration       8) ************
#                                                               *
#  integral  =  8225.2108       accum. integral =  8228.4189    *
#  std. dev. =  3.4687557       accum. std. dev =  1.9399857    *
#   min/max. wt. =    0.00000            0.369975               *
#                                                               *
#*************   chi**2/iteration =  4.053       ****************


#********** Integration by Vegas (iteration       9) ************
#                                                               *
#  integral  =  8226.2262       accum. integral =  8227.8942    *
#  std. dev. =  3.4036497       accum. std. dev =  1.6890424    *
#   min/max. wt. =    0.00000            0.963710E-01           *
#                                                               *
#*************   chi**2/iteration =  3.598       ****************


#********** Integration by Vegas (iteration      10) ************
#                                                               *
#  integral  =  8231.9965       accum. integral =  8228.6781    *
#  std. dev. =  3.4281309       accum. std. dev =  1.5170763    *
#   min/max. wt. =    0.00000            0.271382               *
#                                                               *
#*************   chi**2/iteration =  3.332       ****************


#********** Integration by Vegas (iteration      11) ************
#                                                               *
#  integral  =  8218.6834       accum. integral =  8227.0543    *
#  std. dev. =  3.3970044       accum. std. dev =  1.3866538    *
#   min/max. wt. =    0.00000            0.128382               *
#                                                               *
#*************   chi**2/iteration =  3.713       ****************


#********** Integration by Vegas (iteration      12) ************
#                                                               *
#  integral  =  8222.2556       accum. integral =  8226.3879    *
#  std. dev. =  3.4108476       accum. std. dev =  1.2854681    *
#   min/max. wt. =    0.00000            0.135029               *
#                                                               *
#*************   chi**2/iteration =  3.534       ****************


#********** Integration by Vegas (iteration      13) ************
#                                                               *
#  integral  =  8218.7540       accum. integral =  8225.4657    *
#  std. dev. =  3.4278484       accum. std. dev =  1.2042627    *
#   min/max. wt. =    0.00000            0.260311               *
#                                                               *
#*************   chi**2/iteration =  3.601       ****************


#********** Integration by Vegas (iteration      14) ************
#                                                               *
#  integral  =  8224.1250       accum. integral =  8225.3219    *
#  std. dev. =  3.4392579       accum. std. dev =  1.1370302    *
#   min/max. wt. =    0.00000            0.128179               *
#                                                               *
#*************   chi**2/iteration =  3.339       ****************


#********** Integration by Vegas (iteration      15) ************
#                                                               *
#  integral  =  8231.5218       accum. integral =  8225.9117    *
#  std. dev. =  3.4770040       accum. std. dev =  1.0809857    *
#   min/max. wt. =    0.00000            0.266413               *
#                                                               *
#*************   chi**2/iteration =  3.306       ****************

 ****************************************************
 * Writing out vegas grid to ./data/output.grid                                                      
 ****************************************************

  Input parameters for vegas:  ndim=  9   ncall= 80707214.
                              it=    0    itmx=    2
                              acc=-1.00    
                              mds=  1     nd=  50
                              (xl,xu)= (  0.00000     ,  1.00000     )
                                       (  0.00000     ,  1.00000     )
                                       (  0.00000     ,  1.00000     )
                                       (  0.00000     ,  1.00000     )
                                       (  0.00000     ,  1.00000     )
                                       (  0.00000     ,  1.00000     )
                                       (  0.00000     ,  1.00000     )
                                       (  0.00000     ,  1.00000     )
                                       (  0.00000     ,  1.00000     )

#********** Integration by Vegas (iteration       1) ************
#                                                               *
#  integral  =  8224.7122       accum. integral =  8224.7122    *
#  std. dev. =  3.4833939       accum. std. dev =  3.4833939    *
#   min/max. wt. =    0.00000            0.233751               *
#                                                               *
#*************   chi**2/iteration =  0.000       ****************


#********** Integration by Vegas (iteration       2) ************
#                                                               *
#  integral  =  8224.5848       accum. integral =  8224.6488    *
#  std. dev. =  3.4980541       accum. std. dev =  2.4682982    *
#   min/max. wt. =    0.00000            0.876990E-01           *
#                                                               *
#*************   chi**2/iteration = 0.6648E-03   ****************

 Done
