SLURM job running in:  /work-zfs/lhc/heshy/JHUGen/xsecs/JHUGen/JHUGenerator
LHAPDF 6.1.5 loading /work-zfs/lhc/cms/slc6_amd64_gcc493/external/lhapdf/6.1.5-kpegke3/share/LHAPDF/NNPDF30_lo_as_0130/NNPDF30_lo_as_0130_0000.dat
NNPDF30_lo_as_0130 PDF set, member #0, version 2; LHAPDF ID = 263000
 extending no. of histograms for vbf tests
 
                                                                                          
   ***************************************************************************************
   *                                JHU Generator v6.9.9                                 *
   ***************************************************************************************
   *                                                                                     *
   *   Spin and parity determination of single-produced resonances at hadron colliders   *
   *                                                                                     *
   *          I. Anderson, S. Bolognesi, F. Caola, Y. Gao, A. Gritsan, Z. Guo,           *
   *        C. Martin, K. Melnikov, R.Rontsch, H. Roskes, U. Sarica, M. Schulze,         *
   *                   N. Tran, A. Whitbeck, M. Xiao, C. You, Y. Zhou                    *
   *                Phys.Rev. D81 (2010) 075022;  arXiv:1001.3396 [hep-ph],              *
   *                Phys.Rev. D86 (2012) 095031;  arXiv:1208.4018 [hep-ph],              *
   *                Phys.Rev. D89 (2014) 035007;  arXiv:1309.4819 [hep-ph].              *
   *                                                                                     *
   ***************************************************************************************
                                                                                          
   
   Command line: ./JHUGen Unweighted=0 VegasNc0=99999999 VegasNc1=99999999 VegasNc2=99999999 LHAPDF=NNPDF30_lo_as_0130/NNPDF30_lo_as_0130.info MReso=236 ghz1=0,0 ghz4=1,0 Process=60 pTjetcut=0 deltaRcut=0 pTjetcut=25 etajetcut=4.7 pTlepcut=5 etalepcut=2.5
   
   Input Parameter:
    Collider: P-P, sqrt(s)=13000.00
    Resonance: spin=0, mass= 236.00 width=   0.00407
    Z-boson: mass=91.188, width=2.4952
    W-boson: mass=80.399, width=2.0850
    Jet cuts:
            pT >=    25.00 GeV
         |eta| <=     4.70
        DeltaR >=     0.00
           mJJ >=     0.00 GeV
           m4l_min/max      -1.00     -1.00 GeV
    Random seed:   593543354
    To reproduce results using this seed, JHUGen should be compiled with the same compiler:
      GNU Fortran (GCC) 4.8.2
    
    WidthScheme:   2
    LHAPDF set NNPDF30_lo_as_0130/NNPDF30_lo_as_0130.info, member=  0
    Unweighted: F
    Intermediate off-shell photons: F
    
    spin-0-VV couplings: 
      generate_as=F
      ghg2=  0.10000000E+01  0.00000000E+00i
      ghg3=  0.00000000E+00  0.00000000E+00i
      ghg4=  0.00000000E+00  0.00000000E+00i
      ghz1=  0.00000000E+00  0.00000000E+00i
      ghz2=  0.00000000E+00  0.00000000E+00i
      ghz3=  0.00000000E+00  0.00000000E+00i
      ghz4=  0.10000000E+01  0.00000000E+00i
      Lambda=  1000.0
    
    LHE output: ./data/output.lhe
    Histogram output: ./data/output.dat
    Log file: ./data/output.log
    
  Running

  Input parameters for vegas:  ndim=  9   ncall= 80707214.
                              it=    0    itmx=   15
                              acc=-1.00    
                              mds=  1     nd=  50
                              (xl,xu)= (  0.00000     ,  1.00000     )
                                       (  0.00000     ,  1.00000     )
                                       (  0.00000     ,  1.00000     )
                                       (  0.00000     ,  1.00000     )
                                       (  0.00000     ,  1.00000     )
                                       (  0.00000     ,  1.00000     )
                                       (  0.00000     ,  1.00000     )
                                       (  0.00000     ,  1.00000     )
                                       (  0.00000     ,  1.00000     )

#********** Integration by Vegas (iteration       1) ************
#                                                               *
#  integral  =  12451.857       accum. integral =  12451.857    *
#  std. dev. =  6127.2015       accum. std. dev =  6127.2015    *
#   min/max. wt. =    0.00000             6071.20               *
#                                                               *
#*************   chi**2/iteration =  0.000       ****************


#********** Integration by Vegas (iteration       2) ************
#                                                               *
#  integral  =  7602.5280       accum. integral =  7659.5972    *
#  std. dev. =  408.24093       accum. std. dev =  550.68954    *
#   min/max. wt. =    0.00000             233.884               *
#                                                               *
#*************   chi**2/iteration = 0.9009       ****************


#********** Integration by Vegas (iteration       3) ************
#                                                               *
#  integral  =  7325.4352       accum. integral =  7341.0712    *
#  std. dev. =  86.638851       accum. std. dev =  108.83500    *
#   min/max. wt. =    0.00000             54.4207               *
#                                                               *
#*************   chi**2/iteration = 0.7500       ****************


#********** Integration by Vegas (iteration       4) ************
#                                                               *
#  integral  =  7264.2300       accum. integral =  7266.2672    *
#  std. dev. =  13.842770       accum. std. dev =  16.797833    *
#   min/max. wt. =    0.00000             2.08214               *
#                                                               *
#*************   chi**2/iteration = 0.7366       ****************


#********** Integration by Vegas (iteration       5) ************
#                                                               *
#  integral  =  7267.8284       accum. integral =  7267.6796    *
#  std. dev. =  4.4347883       accum. std. dev =  5.0068828    *
#   min/max. wt. =    0.00000            0.624592               *
#                                                               *
#*************   chi**2/iteration = 0.5947       ****************


#********** Integration by Vegas (iteration       6) ************
#                                                               *
#  integral  =  7265.5394       accum. integral =  7266.3751    *
#  std. dev. =  3.3748517       accum. std. dev =  3.0518164    *
#   min/max. wt. =    0.00000            0.172608               *
#                                                               *
#*************   chi**2/iteration = 0.5234       ****************


#********** Integration by Vegas (iteration       7) ************
#                                                               *
#  integral  =  7264.0168       accum. integral =  7265.3967    *
#  std. dev. =  3.1286113       accum. std. dev =  2.2915736    *
#   min/max. wt. =    0.00000            0.407111               *
#                                                               *
#*************   chi**2/iteration = 0.4955       ****************


#********** Integration by Vegas (iteration       8) ************
#                                                               *
#  integral  =  7270.4722       accum. integral =  7266.9555    *
#  std. dev. =  3.0293529       accum. std. dev =  1.8804171    *
#   min/max. wt. =    0.00000            0.216898               *
#                                                               *
#*************   chi**2/iteration = 0.6585       ****************


#********** Integration by Vegas (iteration       9) ************
#                                                               *
#  integral  =  7264.1141       accum. integral =  7266.2806    *
#  std. dev. =  3.0051540       accum. std. dev =  1.6232126    *
#   min/max. wt. =    0.00000            0.339976               *
#                                                               *
#*************   chi**2/iteration = 0.6589       ****************


#********** Integration by Vegas (iteration      10) ************
#                                                               *
#  integral  =  7262.5309       accum. integral =  7265.5464    *
#  std. dev. =  2.9676908       accum. std. dev =  1.4420371    *
#   min/max. wt. =    0.00000            0.916234E-01           *
#                                                               *
#*************   chi**2/iteration = 0.7151       ****************


#********** Integration by Vegas (iteration      11) ************
#                                                               *
#  integral  =  7266.0178       accum. integral =  7265.6237    *
#  std. dev. =  2.9656360       accum. std. dev =  1.3082259    *
#   min/max. wt. =    0.00000            0.132878               *
#                                                               *
#*************   chi**2/iteration = 0.6555       ****************


#********** Integration by Vegas (iteration      12) ************
#                                                               *
#  integral  =  7264.5561       accum. integral =  7265.4744    *
#  std. dev. =  2.9786822       accum. std. dev =  1.2053422    *
#   min/max. wt. =    0.00000            0.101049               *
#                                                               *
#*************   chi**2/iteration = 0.6124       ****************


#********** Integration by Vegas (iteration      13) ************
#                                                               *
#  integral  =  7263.7195       accum. integral =  7265.2628    *
#  std. dev. =  3.0075083       accum. std. dev =  1.1239530    *
#   min/max. wt. =    0.00000            0.164215               *
#                                                               *
#*************   chi**2/iteration = 0.5893       ****************


#********** Integration by Vegas (iteration      14) ************
#                                                               *
#  integral  =  7261.9104       accum. integral =  7264.9066    *
#  std. dev. =  3.0284409       accum. std. dev =  1.0573595    *
#   min/max. wt. =    0.00000            0.123939               *
#                                                               *
#*************   chi**2/iteration = 0.6228       ****************


#********** Integration by Vegas (iteration      15) ************
#                                                               *
#  integral  =  7264.3837       accum. integral =  7264.8565    *
#  std. dev. =  3.0345722       accum. std. dev =  1.0011716    *
#   min/max. wt. =    0.00000            0.200317               *
#                                                               *
#*************   chi**2/iteration = 0.5849       ****************

 ****************************************************
 * Writing out vegas grid to ./data/output.grid                                                      
 ****************************************************

  Input parameters for vegas:  ndim=  9   ncall= 80707214.
                              it=    0    itmx=    2
                              acc=-1.00    
                              mds=  1     nd=  50
                              (xl,xu)= (  0.00000     ,  1.00000     )
                                       (  0.00000     ,  1.00000     )
                                       (  0.00000     ,  1.00000     )
                                       (  0.00000     ,  1.00000     )
                                       (  0.00000     ,  1.00000     )
                                       (  0.00000     ,  1.00000     )
                                       (  0.00000     ,  1.00000     )
                                       (  0.00000     ,  1.00000     )
                                       (  0.00000     ,  1.00000     )

#********** Integration by Vegas (iteration       1) ************
#                                                               *
#  integral  =  7262.3204       accum. integral =  7262.3204    *
#  std. dev. =  3.0330041       accum. std. dev =  3.0330041    *
#   min/max. wt. =    0.00000            0.122414               *
#                                                               *
#*************   chi**2/iteration =  0.000       ****************


#********** Integration by Vegas (iteration       2) ************
#                                                               *
#  integral  =  7265.0907       accum. integral =  7263.6864    *
#  std. dev. =  3.0763547       accum. std. dev =  2.1598272    *
#   min/max. wt. =    0.00000            0.137238               *
#                                                               *
#*************   chi**2/iteration = 0.4108       ****************

 Done
