SLURM job running in:  /work-zfs/lhc/heshy/JHUGen/xsecs/JHUGen/JHUGenerator
LHAPDF 6.1.5 loading /work-zfs/lhc/cms/slc6_amd64_gcc493/external/lhapdf/6.1.5-kpegke3/share/LHAPDF/NNPDF30_lo_as_0130/NNPDF30_lo_as_0130_0000.dat
NNPDF30_lo_as_0130 PDF set, member #0, version 2; LHAPDF ID = 263000
 extending no. of histograms for vbf tests
 
                                                                                          
   ***************************************************************************************
   *                                JHU Generator v6.9.9                                 *
   ***************************************************************************************
   *                                                                                     *
   *   Spin and parity determination of single-produced resonances at hadron colliders   *
   *                                                                                     *
   *          I. Anderson, S. Bolognesi, F. Caola, Y. Gao, A. Gritsan, Z. Guo,           *
   *        C. Martin, K. Melnikov, R.Rontsch, H. Roskes, U. Sarica, M. Schulze,         *
   *                   N. Tran, A. Whitbeck, M. Xiao, C. You, Y. Zhou                    *
   *                Phys.Rev. D81 (2010) 075022;  arXiv:1001.3396 [hep-ph],              *
   *                Phys.Rev. D86 (2012) 095031;  arXiv:1208.4018 [hep-ph],              *
   *                Phys.Rev. D89 (2014) 035007;  arXiv:1309.4819 [hep-ph].              *
   *                                                                                     *
   ***************************************************************************************
                                                                                          
   
   Command line: ./JHUGen Unweighted=0 VegasNc0=99999999 VegasNc1=99999999 VegasNc2=99999999 LHAPDF=NNPDF30_lo_as_0130/NNPDF30_lo_as_0130.info MReso=300 ghz1=0,0 ghz4=1,0 Process=60 pTjetcut=0 deltaRcut=0 pTjetcut=25 etajetcut=4.7 pTlepcut=5 etalepcut=2.5
   
   Input Parameter:
    Collider: P-P, sqrt(s)=13000.00
    Resonance: spin=0, mass= 300.00 width=   0.00407
    Z-boson: mass=91.188, width=2.4952
    W-boson: mass=80.399, width=2.0850
    Jet cuts:
            pT >=    25.00 GeV
         |eta| <=     4.70
        DeltaR >=     0.00
           mJJ >=     0.00 GeV
           m4l_min/max      -1.00     -1.00 GeV
    Random seed:   185916979
    To reproduce results using this seed, JHUGen should be compiled with the same compiler:
      GNU Fortran (GCC) 4.8.2
    
    WidthScheme:   2
    LHAPDF set NNPDF30_lo_as_0130/NNPDF30_lo_as_0130.info, member=  0
    Unweighted: F
    Intermediate off-shell photons: F
    
    spin-0-VV couplings: 
      generate_as=F
      ghg2=  0.10000000E+01  0.00000000E+00i
      ghg3=  0.00000000E+00  0.00000000E+00i
      ghg4=  0.00000000E+00  0.00000000E+00i
      ghz1=  0.00000000E+00  0.00000000E+00i
      ghz2=  0.00000000E+00  0.00000000E+00i
      ghz3=  0.00000000E+00  0.00000000E+00i
      ghz4=  0.10000000E+01  0.00000000E+00i
      Lambda=  1000.0
    
    LHE output: ./data/output.lhe
    Histogram output: ./data/output.dat
    Log file: ./data/output.log
    
  Running

  Input parameters for vegas:  ndim=  9   ncall= 80707214.
                              it=    0    itmx=   15
                              acc=-1.00    
                              mds=  1     nd=  50
                              (xl,xu)= (  0.00000     ,  1.00000     )
                                       (  0.00000     ,  1.00000     )
                                       (  0.00000     ,  1.00000     )
                                       (  0.00000     ,  1.00000     )
                                       (  0.00000     ,  1.00000     )
                                       (  0.00000     ,  1.00000     )
                                       (  0.00000     ,  1.00000     )
                                       (  0.00000     ,  1.00000     )
                                       (  0.00000     ,  1.00000     )

#********** Integration by Vegas (iteration       1) ************
#                                                               *
#  integral  =  5032.5543       accum. integral =  5032.5543    *
#  std. dev. =  550.27762       accum. std. dev =  550.27762    *
#   min/max. wt. =    0.00000             488.866               *
#                                                               *
#*************   chi**2/iteration =  0.000       ****************


#********** Integration by Vegas (iteration       2) ************
#                                                               *
#  integral  =  6062.7777       accum. integral =  5715.2844    *
#  std. dev. =  472.94828       accum. std. dev =  353.81420    *
#   min/max. wt. =    0.00000             457.632               *
#                                                               *
#*************   chi**2/iteration =  1.893       ****************


#********** Integration by Vegas (iteration       3) ************
#                                                               *
#  integral  =  5997.6309       accum. integral =  5984.0760    *
#  std. dev. =  85.530578       accum. std. dev =  79.548782    *
#   min/max. wt. =    0.00000             76.2927               *
#                                                               *
#*************   chi**2/iteration =  1.187       ****************


#********** Integration by Vegas (iteration       4) ************
#                                                               *
#  integral  =  5968.8239       accum. integral =  5969.3069    *
#  std. dev. =  15.019819       accum. std. dev =  14.315101    *
#   min/max. wt. =    0.00000             8.36166               *
#                                                               *
#*************   chi**2/iteration = 0.7858       ****************


#********** Integration by Vegas (iteration       5) ************
#                                                               *
#  integral  =  5997.4197       accum. integral =  5995.3369    *
#  std. dev. =  4.2008359       accum. std. dev =  3.9259990    *
#   min/max. wt. =    0.00000            0.653638               *
#                                                               *
#*************   chi**2/iteration =  1.460       ****************


#********** Integration by Vegas (iteration       6) ************
#                                                               *
#  integral  =  5987.5763       accum. integral =  5990.1870    *
#  std. dev. =  2.8732968       accum. std. dev =  2.2877897    *
#   min/max. wt. =    0.00000            0.643340               *
#                                                               *
#*************   chi**2/iteration =  1.671       ****************


#********** Integration by Vegas (iteration       7) ************
#                                                               *
#  integral  =  5983.1745       accum. integral =  5986.9266    *
#  std. dev. =  2.5091153       accum. std. dev =  1.6788667    *
#   min/max. wt. =    0.00000            0.130746               *
#                                                               *
#*************   chi**2/iteration =  2.106       ****************


#********** Integration by Vegas (iteration       8) ************
#                                                               *
#  integral  =  5989.6310       accum. integral =  5987.8355    *
#  std. dev. =  2.4072191       accum. std. dev =  1.3714331    *
#   min/max. wt. =    0.00000            0.994549E-01           *
#                                                               *
#*************   chi**2/iteration =  1.920       ****************


#********** Integration by Vegas (iteration       9) ************
#                                                               *
#  integral  =  5986.9076       accum. integral =  5987.6009    *
#  std. dev. =  2.3976159       accum. std. dev =  1.1876829    *
#   min/max. wt. =    0.00000            0.204768               *
#                                                               *
#*************   chi**2/iteration =  1.688       ****************


#********** Integration by Vegas (iteration      10) ************
#                                                               *
#  integral  =  5986.9041       accum. integral =  5987.4592    *
#  std. dev. =  2.3870012       accum. std. dev =  1.0617392    *
#   min/max. wt. =    0.00000            0.765316E-01           *
#                                                               *
#*************   chi**2/iteration =  1.504       ****************


#********** Integration by Vegas (iteration      11) ************
#                                                               *
#  integral  =  5989.3971       accum. integral =  5987.7837    *
#  std. dev. =  2.4007925       accum. std. dev = 0.97002660    *
#   min/max. wt. =    0.00000            0.885753E-01           *
#                                                               *
#*************   chi**2/iteration =  1.406       ****************


#********** Integration by Vegas (iteration      12) ************
#                                                               *
#  integral  =  5984.8962       accum. integral =  5987.3707    *
#  std. dev. =  2.4028629       accum. std. dev = 0.89888220    *
#   min/max. wt. =    0.00000            0.135480               *
#                                                               *
#*************   chi**2/iteration =  1.390       ****************


#********** Integration by Vegas (iteration      13) ************
#                                                               *
#  integral  =  5983.5132       accum. integral =  5986.8944    *
#  std. dev. =  2.4204962       accum. std. dev = 0.84225144    *
#   min/max. wt. =    0.00000            0.174261               *
#                                                               *
#*************   chi**2/iteration =  1.462       ****************


#********** Integration by Vegas (iteration      14) ************
#                                                               *
#  integral  =  5981.3644       accum. integral =  5986.2992    *
#  std. dev. =  2.4483300       accum. std. dev = 0.79618025    *
#   min/max. wt. =    0.00000            0.108961               *
#                                                               *
#*************   chi**2/iteration =  1.704       ****************


#********** Integration by Vegas (iteration      15) ************
#                                                               *
#  integral  =  5982.7182       accum. integral =  5985.9536    *
#  std. dev. =  2.4580777       accum. std. dev = 0.75724341    *
#   min/max. wt. =    0.00000            0.612269E-01           *
#                                                               *
#*************   chi**2/iteration =  1.719       ****************

 ****************************************************
 * Writing out vegas grid to ./data/output.grid                                                      
 ****************************************************

  Input parameters for vegas:  ndim=  9   ncall= 80707214.
                              it=    0    itmx=    2
                              acc=-1.00    
                              mds=  1     nd=  50
                              (xl,xu)= (  0.00000     ,  1.00000     )
                                       (  0.00000     ,  1.00000     )
                                       (  0.00000     ,  1.00000     )
                                       (  0.00000     ,  1.00000     )
                                       (  0.00000     ,  1.00000     )
                                       (  0.00000     ,  1.00000     )
                                       (  0.00000     ,  1.00000     )
                                       (  0.00000     ,  1.00000     )
                                       (  0.00000     ,  1.00000     )

#********** Integration by Vegas (iteration       1) ************
#                                                               *
#  integral  =  5984.2081       accum. integral =  5984.2081    *
#  std. dev. =  2.4917472       accum. std. dev =  2.4917472    *
#   min/max. wt. =    0.00000            0.117085               *
#                                                               *
#*************   chi**2/iteration =  0.000       ****************


#********** Integration by Vegas (iteration       2) ************
#                                                               *
#  integral  =  5983.8134       accum. integral =  5984.0139    *
#  std. dev. =  2.5314741       accum. std. dev =  1.7758094    *
#   min/max. wt. =    0.00000            0.204263               *
#                                                               *
#*************   chi**2/iteration = 0.1234E-01   ****************

 Done
