SLURM job running in:  /work-zfs/lhc/heshy/JHUGen/xsecs/JHUGen/JHUGenerator
LHAPDF 6.1.5 loading /work-zfs/lhc/cms/slc6_amd64_gcc493/external/lhapdf/6.1.5-kpegke3/share/LHAPDF/NNPDF30_lo_as_0130/NNPDF30_lo_as_0130_0000.dat
NNPDF30_lo_as_0130 PDF set, member #0, version 2; LHAPDF ID = 263000
 extending no. of histograms for vbf tests
 
                                                                                          
   ***************************************************************************************
   *                                JHU Generator v6.9.9                                 *
   ***************************************************************************************
   *                                                                                     *
   *   Spin and parity determination of single-produced resonances at hadron colliders   *
   *                                                                                     *
   *          I. Anderson, S. Bolognesi, F. Caola, Y. Gao, A. Gritsan, Z. Guo,           *
   *        C. Martin, K. Melnikov, R.Rontsch, H. Roskes, U. Sarica, M. Schulze,         *
   *                   N. Tran, A. Whitbeck, M. Xiao, C. You, Y. Zhou                    *
   *                Phys.Rev. D81 (2010) 075022;  arXiv:1001.3396 [hep-ph],              *
   *                Phys.Rev. D86 (2012) 095031;  arXiv:1208.4018 [hep-ph],              *
   *                Phys.Rev. D89 (2014) 035007;  arXiv:1309.4819 [hep-ph].              *
   *                                                                                     *
   ***************************************************************************************
                                                                                          
   
   Command line: ./JHUGen Unweighted=0 VegasNc0=99999999 VegasNc1=99999999 VegasNc2=99999999 LHAPDF=NNPDF30_lo_as_0130/NNPDF30_lo_as_0130.info MReso=320 ghz1=0,0 ghz4=1,0 Process=60 pTjetcut=0 deltaRcut=0 pTjetcut=25 etajetcut=4.7 pTlepcut=5 etalepcut=2.5
   
   Input Parameter:
    Collider: P-P, sqrt(s)=13000.00
    Resonance: spin=0, mass= 320.00 width=   0.00407
    Z-boson: mass=91.188, width=2.4952
    W-boson: mass=80.399, width=2.0850
    Jet cuts:
            pT >=    25.00 GeV
         |eta| <=     4.70
        DeltaR >=     0.00
           mJJ >=     0.00 GeV
           m4l_min/max      -1.00     -1.00 GeV
    Random seed:   174951074
    To reproduce results using this seed, JHUGen should be compiled with the same compiler:
      GNU Fortran (GCC) 4.8.2
    
    WidthScheme:   2
    LHAPDF set NNPDF30_lo_as_0130/NNPDF30_lo_as_0130.info, member=  0
    Unweighted: F
    Intermediate off-shell photons: F
    
    spin-0-VV couplings: 
      generate_as=F
      ghg2=  0.10000000E+01  0.00000000E+00i
      ghg3=  0.00000000E+00  0.00000000E+00i
      ghg4=  0.00000000E+00  0.00000000E+00i
      ghz1=  0.00000000E+00  0.00000000E+00i
      ghz2=  0.00000000E+00  0.00000000E+00i
      ghz3=  0.00000000E+00  0.00000000E+00i
      ghz4=  0.10000000E+01  0.00000000E+00i
      Lambda=  1000.0
    
    LHE output: ./data/output.lhe
    Histogram output: ./data/output.dat
    Log file: ./data/output.log
    
  Running

  Input parameters for vegas:  ndim=  9   ncall= 80707214.
                              it=    0    itmx=   15
                              acc=-1.00    
                              mds=  1     nd=  50
                              (xl,xu)= (  0.00000     ,  1.00000     )
                                       (  0.00000     ,  1.00000     )
                                       (  0.00000     ,  1.00000     )
                                       (  0.00000     ,  1.00000     )
                                       (  0.00000     ,  1.00000     )
                                       (  0.00000     ,  1.00000     )
                                       (  0.00000     ,  1.00000     )
                                       (  0.00000     ,  1.00000     )
                                       (  0.00000     ,  1.00000     )

#********** Integration by Vegas (iteration       1) ************
#                                                               *
#  integral  =  4435.8736       accum. integral =  4435.8736    *
#  std. dev. =  374.85070       accum. std. dev =  374.85070    *
#   min/max. wt. =    0.00000             327.134               *
#                                                               *
#*************   chi**2/iteration =  0.000       ****************


#********** Integration by Vegas (iteration       2) ************
#                                                               *
#  integral  =  5286.3335       accum. integral =  5241.6690    *
#  std. dev. =  105.17257       accum. std. dev =  94.498211    *
#   min/max. wt. =    0.00000             67.0987               *
#                                                               *
#*************   chi**2/iteration =  4.026       ****************


#********** Integration by Vegas (iteration       3) ************
#                                                               *
#  integral  =  5589.3649       accum. integral =  5571.6880    *
#  std. dev. =  25.051239       accum. std. dev =  22.387896    *
#   min/max. wt. =    0.00000             9.78159               *
#                                                               *
#*************   chi**2/iteration =  7.641       ****************


#********** Integration by Vegas (iteration       4) ************
#                                                               *
#  integral  =  5646.5599       accum. integral =  5640.9369    *
#  std. dev. =  7.0258377       accum. std. dev =  6.2964686    *
#   min/max. wt. =    0.00000             2.77322               *
#                                                               *
#*************   chi**2/iteration =  8.110       ****************


#********** Integration by Vegas (iteration       5) ************
#                                                               *
#  integral  =  5644.0278       accum. integral =  5643.4940    *
#  std. dev. =  3.0856092       accum. std. dev =  2.6556157    *
#   min/max. wt. =    0.00000            0.235601               *
#                                                               *
#*************   chi**2/iteration =  5.954       ****************


#********** Integration by Vegas (iteration       6) ************
#                                                               *
#  integral  =  5642.6125       accum. integral =  5642.9971    *
#  std. dev. =  2.4684712       accum. std. dev =  1.7710229    *
#   min/max. wt. =    0.00000            0.265656               *
#                                                               *
#*************   chi**2/iteration =  4.685       ****************


#********** Integration by Vegas (iteration       7) ************
#                                                               *
#  integral  =  5641.2844       accum. integral =  5642.3238    *
#  std. dev. =  2.3021532       accum. std. dev =  1.3889531    *
#   min/max. wt. =    0.00000            0.125822               *
#                                                               *
#*************   chi**2/iteration =  3.913       ****************


#********** Integration by Vegas (iteration       8) ************
#                                                               *
#  integral  =  5637.5289       accum. integral =  5640.9118    *
#  std. dev. =  2.2326854       accum. std. dev =  1.1723604    *
#   min/max. wt. =    0.00000            0.759445E-01           *
#                                                               *
#*************   chi**2/iteration =  3.817       ****************


#********** Integration by Vegas (iteration       9) ************
#                                                               *
#  integral  =  5646.0980       accum. integral =  5642.0866    *
#  std. dev. =  2.2422803       accum. std. dev =  1.0351396    *
#   min/max. wt. =    0.00000            0.136644               *
#                                                               *
#*************   chi**2/iteration =  3.864       ****************


#********** Integration by Vegas (iteration      10) ************
#                                                               *
#  integral  =  5640.4654       accum. integral =  5641.7892    *
#  std. dev. =  2.2494689       accum. std. dev = 0.93823708    *
#   min/max. wt. =    0.00000            0.213610               *
#                                                               *
#*************   chi**2/iteration =  3.463       ****************


#********** Integration by Vegas (iteration      11) ************
#                                                               *
#  integral  =  5641.4823       accum. integral =  5641.7418    *
#  std. dev. =  2.2551431       accum. std. dev = 0.86492290    *
#   min/max. wt. =    0.00000            0.113270               *
#                                                               *
#*************   chi**2/iteration =  3.103       ****************


#********** Integration by Vegas (iteration      12) ************
#                                                               *
#  integral  =  5639.7861       accum. integral =  5641.4864    *
#  std. dev. =  2.2856127       accum. std. dev = 0.80811444    *
#   min/max. wt. =    0.00000            0.326767               *
#                                                               *
#*************   chi**2/iteration =  2.870       ****************


#********** Integration by Vegas (iteration      13) ************
#                                                               *
#  integral  =  5642.5349       accum. integral =  5641.6075    *
#  std. dev. =  2.2874834       accum. std. dev = 0.76137451    *
#   min/max. wt. =    0.00000            0.735940E-01           *
#                                                               *
#*************   chi**2/iteration =  2.638       ****************


#********** Integration by Vegas (iteration      14) ************
#                                                               *
#  integral  =  5642.9457       accum. integral =  5641.7471    *
#  std. dev. =  2.2776500       accum. std. dev = 0.72165685    *
#   min/max. wt. =    0.00000            0.129374               *
#                                                               *
#*************   chi**2/iteration =  2.452       ****************


#********** Integration by Vegas (iteration      15) ************
#                                                               *
#  integral  =  5644.3682       accum. integral =  5641.9870    *
#  std. dev. =  2.3181301       accum. std. dev = 0.68874556    *
#   min/max. wt. =    0.00000            0.252488               *
#                                                               *
#*************   chi**2/iteration =  2.357       ****************

 ****************************************************
 * Writing out vegas grid to ./data/output.grid                                                      
 ****************************************************

  Input parameters for vegas:  ndim=  9   ncall= 80707214.
                              it=    0    itmx=    2
                              acc=-1.00    
                              mds=  1     nd=  50
                              (xl,xu)= (  0.00000     ,  1.00000     )
                                       (  0.00000     ,  1.00000     )
                                       (  0.00000     ,  1.00000     )
                                       (  0.00000     ,  1.00000     )
                                       (  0.00000     ,  1.00000     )
                                       (  0.00000     ,  1.00000     )
                                       (  0.00000     ,  1.00000     )
                                       (  0.00000     ,  1.00000     )
                                       (  0.00000     ,  1.00000     )

#********** Integration by Vegas (iteration       1) ************
#                                                               *
#  integral  =  5640.2832       accum. integral =  5640.2832    *
#  std. dev. =  2.3320408       accum. std. dev =  2.3320408    *
#   min/max. wt. =    0.00000            0.179066               *
#                                                               *
#*************   chi**2/iteration =  0.000       ****************


#********** Integration by Vegas (iteration       2) ************
#                                                               *
#  integral  =  5643.4035       accum. integral =  5641.8154    *
#  std. dev. =  2.3755327       accum. std. dev =  1.6641740    *
#   min/max. wt. =    0.00000            0.162822               *
#                                                               *
#*************   chi**2/iteration = 0.8778       ****************

 Done
