SLURM job running in:  /work-zfs/lhc/heshy/JHUGen/xsecs/JHUGen/JHUGenerator
LHAPDF 6.1.5 loading /work-zfs/lhc/cms/slc6_amd64_gcc493/external/lhapdf/6.1.5-kpegke3/share/LHAPDF/NNPDF30_lo_as_0130/NNPDF30_lo_as_0130_0000.dat
NNPDF30_lo_as_0130 PDF set, member #0, version 2; LHAPDF ID = 263000
 extending no. of histograms for vbf tests
 
                                                                                          
   ***************************************************************************************
   *                                JHU Generator v6.9.9                                 *
   ***************************************************************************************
   *                                                                                     *
   *   Spin and parity determination of single-produced resonances at hadron colliders   *
   *                                                                                     *
   *          I. Anderson, S. Bolognesi, F. Caola, Y. Gao, A. Gritsan, Z. Guo,           *
   *        C. Martin, K. Melnikov, R.Rontsch, H. Roskes, U. Sarica, M. Schulze,         *
   *                   N. Tran, A. Whitbeck, M. Xiao, C. You, Y. Zhou                    *
   *                Phys.Rev. D81 (2010) 075022;  arXiv:1001.3396 [hep-ph],              *
   *                Phys.Rev. D86 (2012) 095031;  arXiv:1208.4018 [hep-ph],              *
   *                Phys.Rev. D89 (2014) 035007;  arXiv:1309.4819 [hep-ph].              *
   *                                                                                     *
   ***************************************************************************************
                                                                                          
   
   Command line: ./JHUGen Unweighted=0 VegasNc0=99999999 VegasNc1=99999999 VegasNc2=99999999 LHAPDF=NNPDF30_lo_as_0130/NNPDF30_lo_as_0130.info MReso=332 ghz1=0,0 ghz4=1,0 Process=60 pTjetcut=0 deltaRcut=0 pTjetcut=25 etajetcut=4.7 pTlepcut=5 etalepcut=2.5
   
   Input Parameter:
    Collider: P-P, sqrt(s)=13000.00
    Resonance: spin=0, mass= 332.00 width=   0.00407
    Z-boson: mass=91.188, width=2.4952
    W-boson: mass=80.399, width=2.0850
    Jet cuts:
            pT >=    25.00 GeV
         |eta| <=     4.70
        DeltaR >=     0.00
           mJJ >=     0.00 GeV
           m4l_min/max      -1.00     -1.00 GeV
    Random seed:    87807810
    To reproduce results using this seed, JHUGen should be compiled with the same compiler:
      GNU Fortran (GCC) 4.8.2
    
    WidthScheme:   2
    LHAPDF set NNPDF30_lo_as_0130/NNPDF30_lo_as_0130.info, member=  0
    Unweighted: F
    Intermediate off-shell photons: F
    
    spin-0-VV couplings: 
      generate_as=F
      ghg2=  0.10000000E+01  0.00000000E+00i
      ghg3=  0.00000000E+00  0.00000000E+00i
      ghg4=  0.00000000E+00  0.00000000E+00i
      ghz1=  0.00000000E+00  0.00000000E+00i
      ghz2=  0.00000000E+00  0.00000000E+00i
      ghz3=  0.00000000E+00  0.00000000E+00i
      ghz4=  0.10000000E+01  0.00000000E+00i
      Lambda=  1000.0
    
    LHE output: ./data/output.lhe
    Histogram output: ./data/output.dat
    Log file: ./data/output.log
    
  Running

  Input parameters for vegas:  ndim=  9   ncall= 80707214.
                              it=    0    itmx=   15
                              acc=-1.00    
                              mds=  1     nd=  50
                              (xl,xu)= (  0.00000     ,  1.00000     )
                                       (  0.00000     ,  1.00000     )
                                       (  0.00000     ,  1.00000     )
                                       (  0.00000     ,  1.00000     )
                                       (  0.00000     ,  1.00000     )
                                       (  0.00000     ,  1.00000     )
                                       (  0.00000     ,  1.00000     )
                                       (  0.00000     ,  1.00000     )
                                       (  0.00000     ,  1.00000     )

#********** Integration by Vegas (iteration       1) ************
#                                                               *
#  integral  =  4819.3970       accum. integral =  4819.3970    *
#  std. dev. =  638.03700       accum. std. dev =  638.03700    *
#   min/max. wt. =    0.00000             567.155               *
#                                                               *
#*************   chi**2/iteration =  0.000       ****************


#********** Integration by Vegas (iteration       2) ************
#                                                               *
#  integral  =  5133.4389       accum. integral =  5122.2606    *
#  std. dev. =  130.56481       accum. std. dev =  124.35991    *
#   min/max. wt. =    0.00000             78.9243               *
#                                                               *
#*************   chi**2/iteration = 0.2187       ****************


#********** Integration by Vegas (iteration       3) ************
#                                                               *
#  integral  =  5470.9908       accum. integral =  5412.9292    *
#  std. dev. =  61.074335       accum. std. dev =  52.468512    *
#   min/max. wt. =    0.00000             54.7330               *
#                                                               *
#*************   chi**2/iteration =  3.166       ****************


#********** Integration by Vegas (iteration       4) ************
#                                                               *
#  integral  =  5457.1540       accum. integral =  5455.3144    *
#  std. dev. =  11.586981       accum. std. dev =  10.865268    *
#   min/max. wt. =    0.00000             2.89283               *
#                                                               *
#*************   chi**2/iteration =  2.268       ****************


#********** Integration by Vegas (iteration       5) ************
#                                                               *
#  integral  =  5450.2716       accum. integral =  5450.6519    *
#  std. dev. =  3.2356358       accum. std. dev =  3.0097558    *
#   min/max. wt. =    0.00000            0.330252               *
#                                                               *
#*************   chi**2/iteration =  1.721       ****************


#********** Integration by Vegas (iteration       6) ************
#                                                               *
#  integral  =  5444.5635       accum. integral =  5446.8548    *
#  std. dev. =  2.4142623       accum. std. dev =  1.8565351    *
#   min/max. wt. =    0.00000            0.269758               *
#                                                               *
#*************   chi**2/iteration =  1.866       ****************


#********** Integration by Vegas (iteration       7) ************
#                                                               *
#  integral  =  5448.1379       accum. integral =  5447.3958    *
#  std. dev. =  2.2343681       accum. std. dev =  1.4175087    *
#   min/max. wt. =    0.00000            0.128654               *
#                                                               *
#*************   chi**2/iteration =  1.576       ****************


#********** Integration by Vegas (iteration       8) ************
#                                                               *
#  integral  =  5449.8152       accum. integral =  5448.1470    *
#  std. dev. =  2.1629133       accum. std. dev =  1.1806200    *
#   min/max. wt. =    0.00000            0.218935               *
#                                                               *
#*************   chi**2/iteration =  1.471       ****************


#********** Integration by Vegas (iteration       9) ************
#                                                               *
#  integral  =  5446.3260       accum. integral =  5447.7109    *
#  std. dev. =  2.1465173       accum. std. dev =  1.0319422    *
#   min/max. wt. =    0.00000            0.100129               *
#                                                               *
#*************   chi**2/iteration =  1.353       ****************


#********** Integration by Vegas (iteration      10) ************
#                                                               *
#  integral  =  5445.2708       accum. integral =  5447.2372    *
#  std. dev. =  2.1394787       accum. std. dev = 0.92801237    *
#   min/max. wt. =    0.00000            0.686503E-01           *
#                                                               *
#*************   chi**2/iteration =  1.318       ****************


#********** Integration by Vegas (iteration      11) ************
#                                                               *
#  integral  =  5451.0171       accum. integral =  5447.8362    *
#  std. dev. =  2.1747615       accum. std. dev = 0.85263474    *
#   min/max. wt. =    0.00000            0.229192               *
#                                                               *
#*************   chi**2/iteration =  1.445       ****************


#********** Integration by Vegas (iteration      12) ************
#                                                               *
#  integral  =  5444.7793       accum. integral =  5447.4171    *
#  std. dev. =  2.1696059       accum. std. dev = 0.79298548    *
#   min/max. wt. =    0.00000            0.134764               *
#                                                               *
#*************   chi**2/iteration =  1.470       ****************


#********** Integration by Vegas (iteration      13) ************
#                                                               *
#  integral  =  5447.9082       accum. integral =  5447.4759    *
#  std. dev. =  2.1797461       accum. std. dev = 0.74479893    *
#   min/max. wt. =    0.00000            0.100680               *
#                                                               *
#*************   chi**2/iteration =  1.349       ****************


#********** Integration by Vegas (iteration      14) ************
#                                                               *
#  integral  =  5445.3144       accum. integral =  5447.2497    *
#  std. dev. =  2.2047356       accum. std. dev = 0.70535958    *
#   min/max. wt. =    0.00000            0.139836               *
#                                                               *
#*************   chi**2/iteration =  1.310       ****************


#********** Integration by Vegas (iteration      15) ************
#                                                               *
#  integral  =  5446.1559       accum. integral =  5447.1481    *
#  std. dev. =  2.2284315       accum. std. dev = 0.67229004    *
#   min/max. wt. =    0.00000            0.885911E-01           *
#                                                               *
#*************   chi**2/iteration =  1.231       ****************

 ****************************************************
 * Writing out vegas grid to ./data/output.grid                                                      
 ****************************************************

  Input parameters for vegas:  ndim=  9   ncall= 80707214.
                              it=    0    itmx=    2
                              acc=-1.00    
                              mds=  1     nd=  50
                              (xl,xu)= (  0.00000     ,  1.00000     )
                                       (  0.00000     ,  1.00000     )
                                       (  0.00000     ,  1.00000     )
                                       (  0.00000     ,  1.00000     )
                                       (  0.00000     ,  1.00000     )
                                       (  0.00000     ,  1.00000     )
                                       (  0.00000     ,  1.00000     )
                                       (  0.00000     ,  1.00000     )
                                       (  0.00000     ,  1.00000     )

#********** Integration by Vegas (iteration       1) ************
#                                                               *
#  integral  =  5449.3992       accum. integral =  5449.3992    *
#  std. dev. =  2.2837797       accum. std. dev =  2.2837797    *
#   min/max. wt. =    0.00000            0.182286               *
#                                                               *
#*************   chi**2/iteration =  0.000       ****************


#********** Integration by Vegas (iteration       2) ************
#                                                               *
#  integral  =  5447.0553       accum. integral =  5448.2382    *
#  std. dev. =  2.3042208       accum. std. dev =  1.6220517    *
#   min/max. wt. =    0.00000            0.107172               *
#                                                               *
#*************   chi**2/iteration = 0.5215       ****************

 Done
