SLURM job running in:  /work-zfs/lhc/heshy/JHUGen/xsecs/JHUGen/JHUGenerator
LHAPDF 6.1.5 loading /work-zfs/lhc/cms/slc6_amd64_gcc493/external/lhapdf/6.1.5-kpegke3/share/LHAPDF/NNPDF30_lo_as_0130/NNPDF30_lo_as_0130_0000.dat
NNPDF30_lo_as_0130 PDF set, member #0, version 2; LHAPDF ID = 263000
 extending no. of histograms for vbf tests
 
                                                                                          
   ***************************************************************************************
   *                                JHU Generator v6.9.9                                 *
   ***************************************************************************************
   *                                                                                     *
   *   Spin and parity determination of single-produced resonances at hadron colliders   *
   *                                                                                     *
   *          I. Anderson, S. Bolognesi, F. Caola, Y. Gao, A. Gritsan, Z. Guo,           *
   *        C. Martin, K. Melnikov, R.Rontsch, H. Roskes, U. Sarica, M. Schulze,         *
   *                   N. Tran, A. Whitbeck, M. Xiao, C. You, Y. Zhou                    *
   *                Phys.Rev. D81 (2010) 075022;  arXiv:1001.3396 [hep-ph],              *
   *                Phys.Rev. D86 (2012) 095031;  arXiv:1208.4018 [hep-ph],              *
   *                Phys.Rev. D89 (2014) 035007;  arXiv:1309.4819 [hep-ph].              *
   *                                                                                     *
   ***************************************************************************************
                                                                                          
   
   Command line: ./JHUGen Unweighted=0 VegasNc0=99999999 VegasNc1=99999999 VegasNc2=99999999 LHAPDF=NNPDF30_lo_as_0130/NNPDF30_lo_as_0130.info MReso=422 ghz1=0,0 ghz4=1,0 Process=60 pTjetcut=0 deltaRcut=0 pTjetcut=25 etajetcut=4.7 pTlepcut=5 etalepcut=2.5
   
   Input Parameter:
    Collider: P-P, sqrt(s)=13000.00
    Resonance: spin=0, mass= 422.00 width=   0.00407
    Z-boson: mass=91.188, width=2.4952
    W-boson: mass=80.399, width=2.0850
    Jet cuts:
            pT >=    25.00 GeV
         |eta| <=     4.70
        DeltaR >=     0.00
           mJJ >=     0.00 GeV
           m4l_min/max      -1.00     -1.00 GeV
    Random seed:   703803289
    To reproduce results using this seed, JHUGen should be compiled with the same compiler:
      GNU Fortran (GCC) 4.8.2
    
    WidthScheme:   2
    LHAPDF set NNPDF30_lo_as_0130/NNPDF30_lo_as_0130.info, member=  0
    Unweighted: F
    Intermediate off-shell photons: F
    
    spin-0-VV couplings: 
      generate_as=F
      ghg2=  0.10000000E+01  0.00000000E+00i
      ghg3=  0.00000000E+00  0.00000000E+00i
      ghg4=  0.00000000E+00  0.00000000E+00i
      ghz1=  0.00000000E+00  0.00000000E+00i
      ghz2=  0.00000000E+00  0.00000000E+00i
      ghz3=  0.00000000E+00  0.00000000E+00i
      ghz4=  0.10000000E+01  0.00000000E+00i
      Lambda=  1000.0
    
    LHE output: ./data/output.lhe
    Histogram output: ./data/output.dat
    Log file: ./data/output.log
    
  Running

  Input parameters for vegas:  ndim=  9   ncall= 80707214.
                              it=    0    itmx=   15
                              acc=-1.00    
                              mds=  1     nd=  50
                              (xl,xu)= (  0.00000     ,  1.00000     )
                                       (  0.00000     ,  1.00000     )
                                       (  0.00000     ,  1.00000     )
                                       (  0.00000     ,  1.00000     )
                                       (  0.00000     ,  1.00000     )
                                       (  0.00000     ,  1.00000     )
                                       (  0.00000     ,  1.00000     )
                                       (  0.00000     ,  1.00000     )
                                       (  0.00000     ,  1.00000     )

#********** Integration by Vegas (iteration       1) ************
#                                                               *
#  integral  =  3083.7161       accum. integral =  3083.7161    *
#  std. dev. =  167.15266       accum. std. dev =  167.15266    *
#   min/max. wt. =    0.00000             132.778               *
#                                                               *
#*************   chi**2/iteration =  0.000       ****************


#********** Integration by Vegas (iteration       2) ************
#                                                               *
#  integral  =  3920.6238       accum. integral =  3803.3860    *
#  std. dev. =  85.775111       accum. std. dev =  71.556549    *
#   min/max. wt. =    0.00000             66.0498               *
#                                                               *
#*************   chi**2/iteration =  16.46       ****************


#********** Integration by Vegas (iteration       3) ************
#                                                               *
#  integral  =  4242.8932       accum. integral =  4183.1213    *
#  std. dev. =  34.151051       accum. std. dev =  28.286557    *
#   min/max. wt. =    0.00000             25.7916               *
#                                                               *
#*************   chi**2/iteration =  21.34       ****************


#********** Integration by Vegas (iteration       4) ************
#                                                               *
#  integral  =  4213.7059       accum. integral =  4212.5872    *
#  std. dev. =  6.1425602       accum. std. dev =  5.5710455    *
#   min/max. wt. =    0.00000            0.617362               *
#                                                               *
#*************   chi**2/iteration =  13.77       ****************


#********** Integration by Vegas (iteration       5) ************
#                                                               *
#  integral  =  4221.7076       accum. integral =  4220.5648    *
#  std. dev. =  2.2863014       accum. std. dev =  2.0063920    *
#   min/max. wt. =    0.00000            0.199875               *
#                                                               *
#*************   chi**2/iteration =  10.55       ****************


#********** Integration by Vegas (iteration       6) ************
#                                                               *
#  integral  =  4221.8878       accum. integral =  4221.3447    *
#  std. dev. =  1.7843767       accum. std. dev =  1.2999590    *
#   min/max. wt. =    0.00000            0.132846               *
#                                                               *
#*************   chi**2/iteration =  8.300       ****************


#********** Integration by Vegas (iteration       7) ************
#                                                               *
#  integral  =  4221.0134       accum. integral =  4221.2118    *
#  std. dev. =  1.6734136       accum. std. dev =  1.0138286    *
#   min/max. wt. =    0.00000            0.117632               *
#                                                               *
#*************   chi**2/iteration =  6.814       ****************


#********** Integration by Vegas (iteration       8) ************
#                                                               *
#  integral  =  4227.6047       accum. integral =  4223.0891    *
#  std. dev. =  1.6465069       accum. std. dev = 0.85719446    *
#   min/max. wt. =    0.00000            0.112728               *
#                                                               *
#*************   chi**2/iteration =  7.419       ****************


#********** Integration by Vegas (iteration       9) ************
#                                                               *
#  integral  =  4219.2835       accum. integral =  4222.2150    *
#  std. dev. =  1.6308081       accum. std. dev = 0.75564629    *
#   min/max. wt. =    0.00000            0.913124E-01           *
#                                                               *
#*************   chi**2/iteration =  6.996       ****************


#********** Integration by Vegas (iteration      10) ************
#                                                               *
#  integral  =  4220.9511       accum. integral =  4221.9803    *
#  std. dev. =  1.6373022       accum. std. dev = 0.68429090    *
#   min/max. wt. =    0.00000            0.674344E-01           *
#                                                               *
#*************   chi**2/iteration =  6.233       ****************


#********** Integration by Vegas (iteration      11) ************
#                                                               *
#  integral  =  4220.0302       accum. integral =  4221.6765    *
#  std. dev. =  1.6420501       accum. std. dev = 0.63052016    *
#   min/max. wt. =    0.00000            0.480642E-01           *
#                                                               *
#*************   chi**2/iteration =  5.703       ****************


#********** Integration by Vegas (iteration      12) ************
#                                                               *
#  integral  =  4219.3990       accum. integral =  4221.3764    *
#  std. dev. =  1.6632359       accum. std. dev = 0.58887979    *
#   min/max. wt. =    0.00000            0.888027E-01           *
#                                                               *
#*************   chi**2/iteration =  5.316       ****************


#********** Integration by Vegas (iteration      13) ************
#                                                               *
#  integral  =  4220.7851       accum. integral =  4221.3087    *
#  std. dev. =  1.6806794       accum. std. dev = 0.55528652    *
#   min/max. wt. =    0.00000            0.569981E-01           *
#                                                               *
#*************   chi**2/iteration =  4.864       ****************


#********** Integration by Vegas (iteration      14) ************
#                                                               *
#  integral  =  4222.3006       accum. integral =  4221.4098    *
#  std. dev. =  1.6883641       accum. std. dev = 0.52715582    *
#   min/max. wt. =    0.00000            0.543405E-01           *
#                                                               *
#*************   chi**2/iteration =  4.499       ****************


#********** Integration by Vegas (iteration      15) ************
#                                                               *
#  integral  =  4224.6168       accum. integral =  4221.6983    *
#  std. dev. =  1.7147722       accum. std. dev = 0.50365517    *
#   min/max. wt. =    0.00000            0.580089E-01           *
#                                                               *
#*************   chi**2/iteration =  4.402       ****************

 ****************************************************
 * Writing out vegas grid to ./data/output.grid                                                      
 ****************************************************

  Input parameters for vegas:  ndim=  9   ncall= 80707214.
                              it=    0    itmx=    2
                              acc=-1.00    
                              mds=  1     nd=  50
                              (xl,xu)= (  0.00000     ,  1.00000     )
                                       (  0.00000     ,  1.00000     )
                                       (  0.00000     ,  1.00000     )
                                       (  0.00000     ,  1.00000     )
                                       (  0.00000     ,  1.00000     )
                                       (  0.00000     ,  1.00000     )
                                       (  0.00000     ,  1.00000     )
                                       (  0.00000     ,  1.00000     )
                                       (  0.00000     ,  1.00000     )

#********** Integration by Vegas (iteration       1) ************
#                                                               *
#  integral  =  4222.2693       accum. integral =  4222.2693    *
#  std. dev. =  1.7352819       accum. std. dev =  1.7352819    *
#   min/max. wt. =    0.00000            0.736659E-01           *
#                                                               *
#*************   chi**2/iteration =  0.000       ****************


#********** Integration by Vegas (iteration       2) ************
#                                                               *
#  integral  =  4224.4110       accum. integral =  4223.3157    *
#  std. dev. =  1.7761755       accum. std. dev =  1.2412424    *
#   min/max. wt. =    0.00000            0.120872               *
#                                                               *
#*************   chi**2/iteration = 0.7431       ****************

 Done
