SLURM job running in:  /work-zfs/lhc/heshy/JHUGen/xsecs/JHUGen/JHUGenerator
LHAPDF 6.1.5 loading /work-zfs/lhc/cms/slc6_amd64_gcc493/external/lhapdf/6.1.5-kpegke3/share/LHAPDF/NNPDF30_lo_as_0130/NNPDF30_lo_as_0130_0000.dat
NNPDF30_lo_as_0130 PDF set, member #0, version 2; LHAPDF ID = 263000
 extending no. of histograms for vbf tests
 
                                                                                          
   ***************************************************************************************
   *                                JHU Generator v6.9.9                                 *
   ***************************************************************************************
   *                                                                                     *
   *   Spin and parity determination of single-produced resonances at hadron colliders   *
   *                                                                                     *
   *          I. Anderson, S. Bolognesi, F. Caola, Y. Gao, A. Gritsan, Z. Guo,           *
   *        C. Martin, K. Melnikov, R.Rontsch, H. Roskes, U. Sarica, M. Schulze,         *
   *                   N. Tran, A. Whitbeck, M. Xiao, C. You, Y. Zhou                    *
   *                Phys.Rev. D81 (2010) 075022;  arXiv:1001.3396 [hep-ph],              *
   *                Phys.Rev. D86 (2012) 095031;  arXiv:1208.4018 [hep-ph],              *
   *                Phys.Rev. D89 (2014) 035007;  arXiv:1309.4819 [hep-ph].              *
   *                                                                                     *
   ***************************************************************************************
                                                                                          
   
   Command line: ./JHUGen Unweighted=0 VegasNc0=99999999 VegasNc1=99999999 VegasNc2=99999999 LHAPDF=NNPDF30_lo_as_0130/NNPDF30_lo_as_0130.info MReso=438 ghz1=0,0 ghz4=1,0 Process=60 pTjetcut=0 deltaRcut=0 pTjetcut=25 etajetcut=4.7 pTlepcut=5 etalepcut=2.5
   
   Input Parameter:
    Collider: P-P, sqrt(s)=13000.00
    Resonance: spin=0, mass= 438.00 width=   0.00407
    Z-boson: mass=91.188, width=2.4952
    W-boson: mass=80.399, width=2.0850
    Jet cuts:
            pT >=    25.00 GeV
         |eta| <=     4.70
        DeltaR >=     0.00
           mJJ >=     0.00 GeV
           m4l_min/max      -1.00     -1.00 GeV
    Random seed:   859231524
    To reproduce results using this seed, JHUGen should be compiled with the same compiler:
      GNU Fortran (GCC) 4.8.2
    
    WidthScheme:   2
    LHAPDF set NNPDF30_lo_as_0130/NNPDF30_lo_as_0130.info, member=  0
    Unweighted: F
    Intermediate off-shell photons: F
    
    spin-0-VV couplings: 
      generate_as=F
      ghg2=  0.10000000E+01  0.00000000E+00i
      ghg3=  0.00000000E+00  0.00000000E+00i
      ghg4=  0.00000000E+00  0.00000000E+00i
      ghz1=  0.00000000E+00  0.00000000E+00i
      ghz2=  0.00000000E+00  0.00000000E+00i
      ghz3=  0.00000000E+00  0.00000000E+00i
      ghz4=  0.10000000E+01  0.00000000E+00i
      Lambda=  1000.0
    
    LHE output: ./data/output.lhe
    Histogram output: ./data/output.dat
    Log file: ./data/output.log
    
  Running

  Input parameters for vegas:  ndim=  9   ncall= 80707214.
                              it=    0    itmx=   15
                              acc=-1.00    
                              mds=  1     nd=  50
                              (xl,xu)= (  0.00000     ,  1.00000     )
                                       (  0.00000     ,  1.00000     )
                                       (  0.00000     ,  1.00000     )
                                       (  0.00000     ,  1.00000     )
                                       (  0.00000     ,  1.00000     )
                                       (  0.00000     ,  1.00000     )
                                       (  0.00000     ,  1.00000     )
                                       (  0.00000     ,  1.00000     )
                                       (  0.00000     ,  1.00000     )

#********** Integration by Vegas (iteration       1) ************
#                                                               *
#  integral  =  3066.9960       accum. integral =  3066.9960    *
#  std. dev. =  222.92504       accum. std. dev =  222.92504    *
#   min/max. wt. =    0.00000             189.491               *
#                                                               *
#*************   chi**2/iteration =  0.000       ****************


#********** Integration by Vegas (iteration       2) ************
#                                                               *
#  integral  =  3736.3174       accum. integral =  3666.8423    *
#  std. dev. =  92.423871       accum. std. dev =  80.043330    *
#   min/max. wt. =    0.00000             75.6445               *
#                                                               *
#*************   chi**2/iteration =  6.498       ****************


#********** Integration by Vegas (iteration       3) ************
#                                                               *
#  integral  =  4074.2868       accum. integral =  3997.3210    *
#  std. dev. =  46.043850       accum. std. dev =  37.148746    *
#   min/max. wt. =    0.00000             42.0815               *
#                                                               *
#*************   chi**2/iteration =  12.06       ****************


#********** Integration by Vegas (iteration       4) ************
#                                                               *
#  integral  =  4043.0699       accum. integral =  4041.1383    *
#  std. dev. =  8.6398576       accum. std. dev =  7.8469545    *
#   min/max. wt. =    0.00000             1.17466               *
#                                                               *
#*************   chi**2/iteration =  8.069       ****************


#********** Integration by Vegas (iteration       5) ************
#                                                               *
#  integral  =  4038.8609       accum. integral =  4039.0370    *
#  std. dev. =  2.4455467       accum. std. dev =  2.2166434    *
#   min/max. wt. =    0.00000            0.501464               *
#                                                               *
#*************   chi**2/iteration =  5.885       ****************


#********** Integration by Vegas (iteration       6) ************
#                                                               *
#  integral  =  4037.3935       accum. integral =  4037.9825    *
#  std. dev. =  1.7550147       accum. std. dev =  1.3404581    *
#   min/max. wt. =    0.00000            0.135951               *
#                                                               *
#*************   chi**2/iteration =  4.683       ****************


#********** Integration by Vegas (iteration       7) ************
#                                                               *
#  integral  =  4042.7471       accum. integral =  4040.0739    *
#  std. dev. =  1.5914649       accum. std. dev =  1.0114014    *
#   min/max. wt. =    0.00000            0.898231E-01           *
#                                                               *
#*************   chi**2/iteration =  4.757       ****************


#********** Integration by Vegas (iteration       8) ************
#                                                               *
#  integral  =  4040.2003       accum. integral =  4040.1141    *
#  std. dev. =  1.5419217       accum. std. dev = 0.83948693    *
#   min/max. wt. =    0.00000            0.675123E-01           *
#                                                               *
#*************   chi**2/iteration =  4.035       ****************


#********** Integration by Vegas (iteration       9) ************
#                                                               *
#  integral  =  4041.2583       accum. integral =  4040.3933    *
#  std. dev. =  1.5317199       accum. std. dev = 0.73293158    *
#   min/max. wt. =    0.00000            0.759723E-01           *
#                                                               *
#*************   chi**2/iteration =  3.558       ****************


#********** Integration by Vegas (iteration      10) ************
#                                                               *
#  integral  =  4039.9345       accum. integral =  4040.3041    *
#  std. dev. =  1.5394447       accum. std. dev = 0.65995356    *
#   min/max. wt. =    0.00000            0.803443E-01           *
#                                                               *
#*************   chi**2/iteration =  3.151       ****************


#********** Integration by Vegas (iteration      11) ************
#                                                               *
#  integral  =  4041.4134       accum. integral =  4040.4828    *
#  std. dev. =  1.5498818       accum. std. dev = 0.60608879    *
#   min/max. wt. =    0.00000            0.109727               *
#                                                               *
#*************   chi**2/iteration =  2.866       ****************


#********** Integration by Vegas (iteration      12) ************
#                                                               *
#  integral  =  4042.2468       accum. integral =  4040.7233    *
#  std. dev. =  1.5659341       accum. std. dev = 0.56452071    *
#   min/max. wt. =    0.00000            0.850607E-01           *
#                                                               *
#*************   chi**2/iteration =  2.698       ****************


#********** Integration by Vegas (iteration      13) ************
#                                                               *
#  integral  =  4041.1259       accum. integral =  4040.7713    *
#  std. dev. =  1.5712097       accum. std. dev = 0.53079178    *
#   min/max. wt. =    0.00000            0.606743E-01           *
#                                                               *
#*************   chi**2/iteration =  2.469       ****************


#********** Integration by Vegas (iteration      14) ************
#                                                               *
#  integral  =  4040.5267       accum. integral =  4040.7454    *
#  std. dev. =  1.5785345       accum. std. dev = 0.50277641    *
#   min/max. wt. =    0.00000            0.117366               *
#                                                               *
#*************   chi**2/iteration =  2.274       ****************


#********** Integration by Vegas (iteration      15) ************
#                                                               *
#  integral  =  4040.9076       accum. integral =  4040.7604    *
#  std. dev. =  1.6094600       accum. std. dev = 0.47968653    *
#   min/max. wt. =    0.00000            0.109876               *
#                                                               *
#*************   chi**2/iteration =  2.106       ****************

 ****************************************************
 * Writing out vegas grid to ./data/output.grid                                                      
 ****************************************************

  Input parameters for vegas:  ndim=  9   ncall= 80707214.
                              it=    0    itmx=    2
                              acc=-1.00    
                              mds=  1     nd=  50
                              (xl,xu)= (  0.00000     ,  1.00000     )
                                       (  0.00000     ,  1.00000     )
                                       (  0.00000     ,  1.00000     )
                                       (  0.00000     ,  1.00000     )
                                       (  0.00000     ,  1.00000     )
                                       (  0.00000     ,  1.00000     )
                                       (  0.00000     ,  1.00000     )
                                       (  0.00000     ,  1.00000     )
                                       (  0.00000     ,  1.00000     )

#********** Integration by Vegas (iteration       1) ************
#                                                               *
#  integral  =  4040.6431       accum. integral =  4040.6431    *
#  std. dev. =  1.6203679       accum. std. dev =  1.6203679    *
#   min/max. wt. =    0.00000            0.605336E-01           *
#                                                               *
#*************   chi**2/iteration = -.7094E-06   ****************


#********** Integration by Vegas (iteration       2) ************
#                                                               *
#  integral  =  4044.3264       accum. integral =  4042.4673    *
#  std. dev. =  1.6372988       accum. std. dev =  1.1517179    *
#   min/max. wt. =    0.00000            0.532393E-01           *
#                                                               *
#*************   chi**2/iteration =  2.554       ****************

 Done
