SLURM job running in:  /work-zfs/lhc/heshy/JHUGen/xsecs/JHUGen/JHUGenerator
LHAPDF 6.1.5 loading /work-zfs/lhc/cms/slc6_amd64_gcc493/external/lhapdf/6.1.5-kpegke3/share/LHAPDF/NNPDF30_lo_as_0130/NNPDF30_lo_as_0130_0000.dat
NNPDF30_lo_as_0130 PDF set, member #0, version 2; LHAPDF ID = 263000
 extending no. of histograms for vbf tests
 
                                                                                          
   ***************************************************************************************
   *                                JHU Generator v6.9.9                                 *
   ***************************************************************************************
   *                                                                                     *
   *   Spin and parity determination of single-produced resonances at hadron colliders   *
   *                                                                                     *
   *          I. Anderson, S. Bolognesi, F. Caola, Y. Gao, A. Gritsan, Z. Guo,           *
   *        C. Martin, K. Melnikov, R.Rontsch, H. Roskes, U. Sarica, M. Schulze,         *
   *                   N. Tran, A. Whitbeck, M. Xiao, C. You, Y. Zhou                    *
   *                Phys.Rev. D81 (2010) 075022;  arXiv:1001.3396 [hep-ph],              *
   *                Phys.Rev. D86 (2012) 095031;  arXiv:1208.4018 [hep-ph],              *
   *                Phys.Rev. D89 (2014) 035007;  arXiv:1309.4819 [hep-ph].              *
   *                                                                                     *
   ***************************************************************************************
                                                                                          
   
   Command line: ./JHUGen Unweighted=0 VegasNc0=99999999 VegasNc1=99999999 VegasNc2=99999999 LHAPDF=NNPDF30_lo_as_0130/NNPDF30_lo_as_0130.info MReso=486 ghz1=0,0 ghz4=1,0 Process=60 pTjetcut=0 deltaRcut=0 pTjetcut=25 etajetcut=4.7 pTlepcut=5 etalepcut=2.5
   
   Input Parameter:
    Collider: P-P, sqrt(s)=13000.00
    Resonance: spin=0, mass= 486.00 width=   0.00407
    Z-boson: mass=91.188, width=2.4952
    W-boson: mass=80.399, width=2.0850
    Jet cuts:
            pT >=    25.00 GeV
         |eta| <=     4.70
        DeltaR >=     0.00
           mJJ >=     0.00 GeV
           m4l_min/max      -1.00     -1.00 GeV
    Random seed:   861795559
    To reproduce results using this seed, JHUGen should be compiled with the same compiler:
      GNU Fortran (GCC) 4.8.2
    
    WidthScheme:   2
    LHAPDF set NNPDF30_lo_as_0130/NNPDF30_lo_as_0130.info, member=  0
    Unweighted: F
    Intermediate off-shell photons: F
    
    spin-0-VV couplings: 
      generate_as=F
      ghg2=  0.10000000E+01  0.00000000E+00i
      ghg3=  0.00000000E+00  0.00000000E+00i
      ghg4=  0.00000000E+00  0.00000000E+00i
      ghz1=  0.00000000E+00  0.00000000E+00i
      ghz2=  0.00000000E+00  0.00000000E+00i
      ghz3=  0.00000000E+00  0.00000000E+00i
      ghz4=  0.10000000E+01  0.00000000E+00i
      Lambda=  1000.0
    
    LHE output: ./data/output.lhe
    Histogram output: ./data/output.dat
    Log file: ./data/output.log
    
  Running

  Input parameters for vegas:  ndim=  9   ncall= 80707214.
                              it=    0    itmx=   15
                              acc=-1.00    
                              mds=  1     nd=  50
                              (xl,xu)= (  0.00000     ,  1.00000     )
                                       (  0.00000     ,  1.00000     )
                                       (  0.00000     ,  1.00000     )
                                       (  0.00000     ,  1.00000     )
                                       (  0.00000     ,  1.00000     )
                                       (  0.00000     ,  1.00000     )
                                       (  0.00000     ,  1.00000     )
                                       (  0.00000     ,  1.00000     )
                                       (  0.00000     ,  1.00000     )

#********** Integration by Vegas (iteration       1) ************
#                                                               *
#  integral  =  2697.9372       accum. integral =  2697.9372    *
#  std. dev. =  217.90132       accum. std. dev =  217.90132    *
#   min/max. wt. =    0.00000             168.114               *
#                                                               *
#*************   chi**2/iteration = 0.1961E-10   ****************


#********** Integration by Vegas (iteration       2) ************
#                                                               *
#  integral  =  4044.2408       accum. integral =  3187.9627    *
#  std. dev. =  431.78053       accum. std. dev =  221.42386    *
#   min/max. wt. =    0.00000             372.527               *
#                                                               *
#*************   chi**2/iteration =  8.550       ****************


#********** Integration by Vegas (iteration       3) ************
#                                                               *
#  integral  =  3557.0685       accum. integral =  3549.9761    *
#  std. dev. =  32.069372       accum. std. dev =  31.052954    *
#   min/max. wt. =    0.00000             11.8697               *
#                                                               *
#*************   chi**2/iteration =  5.509       ****************


#********** Integration by Vegas (iteration       4) ************
#                                                               *
#  integral  =  3545.2859       accum. integral =  3545.3758    *
#  std. dev. =  4.4256632       accum. std. dev =  4.3207066    *
#   min/max. wt. =    0.00000            0.671751               *
#                                                               *
#*************   chi**2/iteration =  3.645       ****************


#********** Integration by Vegas (iteration       5) ************
#                                                               *
#  integral  =  3554.6219       accum. integral =  3553.1822    *
#  std. dev. =  1.8872419       accum. std. dev =  1.7108192    *
#   min/max. wt. =    0.00000            0.189371               *
#                                                               *
#*************   chi**2/iteration =  3.675       ****************


#********** Integration by Vegas (iteration       6) ************
#                                                               *
#  integral  =  3553.0209       accum. integral =  3553.0882    *
#  std. dev. =  1.4666898       accum. std. dev =  1.1075419    *
#   min/max. wt. =    0.00000            0.999867E-01           *
#                                                               *
#*************   chi**2/iteration =  2.928       ****************


#********** Integration by Vegas (iteration       7) ************
#                                                               *
#  integral  =  3553.3702       accum. integral =  3553.2000    *
#  std. dev. =  1.3814420       accum. std. dev = 0.86175394    *
#   min/max. wt. =    0.00000            0.768432E-01           *
#                                                               *
#*************   chi**2/iteration =  2.437       ****************


#********** Integration by Vegas (iteration       8) ************
#                                                               *
#  integral  =  3554.8699       accum. integral =  3553.6852    *
#  std. dev. =  1.3598380       accum. std. dev = 0.72674122    *
#   min/max. wt. =    0.00000            0.115861               *
#                                                               *
#*************   chi**2/iteration =  2.239       ****************


#********** Integration by Vegas (iteration       9) ************
#                                                               *
#  integral  =  3552.0136       accum. integral =  3553.2958    *
#  std. dev. =  1.3290371       accum. std. dev = 0.63704496    *
#   min/max. wt. =    0.00000            0.611705E-01           *
#                                                               *
#*************   chi**2/iteration =  2.110       ****************


#********** Integration by Vegas (iteration      10) ************
#                                                               *
#  integral  =  3553.1377       accum. integral =  3553.2662    *
#  std. dev. =  1.3370469       accum. std. dev = 0.57474903    *
#   min/max. wt. =    0.00000            0.164376               *
#                                                               *
#*************   chi**2/iteration =  1.874       ****************


#********** Integration by Vegas (iteration      11) ************
#                                                               *
#  integral  =  3553.2494       accum. integral =  3553.2636    *
#  std. dev. =  1.3328403       accum. std. dev = 0.52754238    *
#   min/max. wt. =    0.00000            0.451082E-01           *
#                                                               *
#*************   chi**2/iteration =  1.684       ****************


#********** Integration by Vegas (iteration      12) ************
#                                                               *
#  integral  =  3549.7037       accum. integral =  3552.7790    *
#  std. dev. =  1.3355788       accum. std. dev = 0.49052845    *
#   min/max. wt. =    0.00000            0.561461E-01           *
#                                                               *
#*************   chi**2/iteration =  2.093       ****************


#********** Integration by Vegas (iteration      13) ************
#                                                               *
#  integral  =  3552.5943       accum. integral =  3552.7573    *
#  std. dev. =  1.3512093       accum. std. dev = 0.46098782    *
#   min/max. wt. =    0.00000            0.660808E-01           *
#                                                               *
#*************   chi**2/iteration =  1.918       ****************


#********** Integration by Vegas (iteration      14) ************
#                                                               *
#  integral  =  3550.9778       accum. integral =  3552.5734    *
#  std. dev. =  1.3640558       accum. std. dev = 0.43666161    *
#   min/max. wt. =    0.00000            0.597461E-01           *
#                                                               *
#*************   chi**2/iteration =  1.888       ****************


#********** Integration by Vegas (iteration      15) ************
#                                                               *
#  integral  =  3554.6843       accum. integral =  3552.7662    *
#  std. dev. =  1.3844979       accum. std. dev = 0.41638868    *
#   min/max. wt. =    0.00000            0.599945E-01           *
#                                                               *
#*************   chi**2/iteration =  1.904       ****************

 ****************************************************
 * Writing out vegas grid to ./data/output.grid                                                      
 ****************************************************

  Input parameters for vegas:  ndim=  9   ncall= 80707214.
                              it=    0    itmx=    2
                              acc=-1.00    
                              mds=  1     nd=  50
                              (xl,xu)= (  0.00000     ,  1.00000     )
                                       (  0.00000     ,  1.00000     )
                                       (  0.00000     ,  1.00000     )
                                       (  0.00000     ,  1.00000     )
                                       (  0.00000     ,  1.00000     )
                                       (  0.00000     ,  1.00000     )
                                       (  0.00000     ,  1.00000     )
                                       (  0.00000     ,  1.00000     )
                                       (  0.00000     ,  1.00000     )

#********** Integration by Vegas (iteration       1) ************
#                                                               *
#  integral  =  3552.1614       accum. integral =  3552.1614    *
#  std. dev. =  1.4004131       accum. std. dev =  1.4004131    *
#   min/max. wt. =    0.00000            0.589164E-01           *
#                                                               *
#*************   chi**2/iteration =  0.000       ****************


#********** Integration by Vegas (iteration       2) ************
#                                                               *
#  integral  =  3553.5473       accum. integral =  3552.8415    *
#  std. dev. =  1.4272300       accum. std. dev = 0.99959165    *
#   min/max. wt. =    0.00000            0.893458E-01           *
#                                                               *
#*************   chi**2/iteration = 0.4799       ****************

 Done
