SLURM job running in:  /work-zfs/lhc/heshy/JHUGen/xsecs/JHUGen/JHUGenerator
LHAPDF 6.1.5 loading /work-zfs/lhc/cms/slc6_amd64_gcc493/external/lhapdf/6.1.5-kpegke3/share/LHAPDF/NNPDF30_lo_as_0130/NNPDF30_lo_as_0130_0000.dat
NNPDF30_lo_as_0130 PDF set, member #0, version 2; LHAPDF ID = 263000
 extending no. of histograms for vbf tests
 
                                                                                          
   ***************************************************************************************
   *                                JHU Generator v6.9.9                                 *
   ***************************************************************************************
   *                                                                                     *
   *   Spin and parity determination of single-produced resonances at hadron colliders   *
   *                                                                                     *
   *          I. Anderson, S. Bolognesi, F. Caola, Y. Gao, A. Gritsan, Z. Guo,           *
   *        C. Martin, K. Melnikov, R.Rontsch, H. Roskes, U. Sarica, M. Schulze,         *
   *                   N. Tran, A. Whitbeck, M. Xiao, C. You, Y. Zhou                    *
   *                Phys.Rev. D81 (2010) 075022;  arXiv:1001.3396 [hep-ph],              *
   *                Phys.Rev. D86 (2012) 095031;  arXiv:1208.4018 [hep-ph],              *
   *                Phys.Rev. D89 (2014) 035007;  arXiv:1309.4819 [hep-ph].              *
   *                                                                                     *
   ***************************************************************************************
                                                                                          
   
   Command line: ./JHUGen Unweighted=0 VegasNc0=99999999 VegasNc1=99999999 VegasNc2=99999999 LHAPDF=NNPDF30_lo_as_0130/NNPDF30_lo_as_0130.info MReso=488 ghz1=0,0 ghz4=1,0 Process=60 pTjetcut=0 deltaRcut=0 pTjetcut=25 etajetcut=4.7 pTlepcut=5 etalepcut=2.5
   
   Input Parameter:
    Collider: P-P, sqrt(s)=13000.00
    Resonance: spin=0, mass= 488.00 width=   0.00407
    Z-boson: mass=91.188, width=2.4952
    W-boson: mass=80.399, width=2.0850
    Jet cuts:
            pT >=    25.00 GeV
         |eta| <=     4.70
        DeltaR >=     0.00
           mJJ >=     0.00 GeV
           m4l_min/max      -1.00     -1.00 GeV
    Random seed:   145839136
    To reproduce results using this seed, JHUGen should be compiled with the same compiler:
      GNU Fortran (GCC) 4.8.2
    
    WidthScheme:   2
    LHAPDF set NNPDF30_lo_as_0130/NNPDF30_lo_as_0130.info, member=  0
    Unweighted: F
    Intermediate off-shell photons: F
    
    spin-0-VV couplings: 
      generate_as=F
      ghg2=  0.10000000E+01  0.00000000E+00i
      ghg3=  0.00000000E+00  0.00000000E+00i
      ghg4=  0.00000000E+00  0.00000000E+00i
      ghz1=  0.00000000E+00  0.00000000E+00i
      ghz2=  0.00000000E+00  0.00000000E+00i
      ghz3=  0.00000000E+00  0.00000000E+00i
      ghz4=  0.10000000E+01  0.00000000E+00i
      Lambda=  1000.0
    
    LHE output: ./data/output.lhe
    Histogram output: ./data/output.dat
    Log file: ./data/output.log
    
  Running

  Input parameters for vegas:  ndim=  9   ncall= 80707214.
                              it=    0    itmx=   15
                              acc=-1.00    
                              mds=  1     nd=  50
                              (xl,xu)= (  0.00000     ,  1.00000     )
                                       (  0.00000     ,  1.00000     )
                                       (  0.00000     ,  1.00000     )
                                       (  0.00000     ,  1.00000     )
                                       (  0.00000     ,  1.00000     )
                                       (  0.00000     ,  1.00000     )
                                       (  0.00000     ,  1.00000     )
                                       (  0.00000     ,  1.00000     )
                                       (  0.00000     ,  1.00000     )

#********** Integration by Vegas (iteration       1) ************
#                                                               *
#  integral  =  3429.2294       accum. integral =  3429.2294    *
#  std. dev. =  441.99177       accum. std. dev =  441.99177    *
#   min/max. wt. =    0.00000             251.764               *
#                                                               *
#*************   chi**2/iteration =  0.000       ****************


#********** Integration by Vegas (iteration       2) ************
#                                                               *
#  integral  =  3501.0775       accum. integral =  3494.1299    *
#  std. dev. =  147.64302       accum. std. dev =  138.89076    *
#   min/max. wt. =    0.00000             96.6796               *
#                                                               *
#*************   chi**2/iteration = 0.2335E-01   ****************


#********** Integration by Vegas (iteration       3) ************
#                                                               *
#  integral  =  3498.7065       accum. integral =  3498.6462    *
#  std. dev. =  16.208176       accum. std. dev =  15.998775    *
#   min/max. wt. =    0.00000             7.89978               *
#                                                               *
#*************   chi**2/iteration = 0.1214E-01   ****************


#********** Integration by Vegas (iteration       4) ************
#                                                               *
#  integral  =  3534.7494       accum. integral =  3533.0019    *
#  std. dev. =  3.6687123       accum. std. dev =  3.5346811    *
#   min/max. wt. =    0.00000            0.852069               *
#                                                               *
#*************   chi**2/iteration =  1.609       ****************


#********** Integration by Vegas (iteration       5) ************
#                                                               *
#  integral  =  3533.9180       accum. integral =  3533.7408    *
#  std. dev. =  1.7524293       accum. std. dev =  1.5585824    *
#   min/max. wt. =    0.00000            0.118621               *
#                                                               *
#*************   chi**2/iteration =  1.215       ****************


#********** Integration by Vegas (iteration       6) ************
#                                                               *
#  integral  =  3533.5714       accum. integral =  3533.6501    *
#  std. dev. =  1.4668495       accum. std. dev =  1.0644372    *
#   min/max. wt. =    0.00000            0.183600               *
#                                                               *
#*************   chi**2/iteration = 0.9698       ****************


#********** Integration by Vegas (iteration       7) ************
#                                                               *
#  integral  =  3534.9007       accum. integral =  3534.1314    *
#  std. dev. =  1.3569906       accum. std. dev = 0.83584132    *
#   min/max. wt. =    0.00000            0.790818E-01           *
#                                                               *
#*************   chi**2/iteration = 0.8946       ****************


#********** Integration by Vegas (iteration       8) ************
#                                                               *
#  integral  =  3533.2140       accum. integral =  3533.8722    *
#  std. dev. =  1.3405960       accum. std. dev = 0.70853630    *
#   min/max. wt. =    0.00000            0.783196E-01           *
#                                                               *
#*************   chi**2/iteration = 0.8141       ****************


#********** Integration by Vegas (iteration       9) ************
#                                                               *
#  integral  =  3532.7755       accum. integral =  3533.6254    *
#  std. dev. =  1.3225635       accum. std. dev = 0.62415478    *
#   min/max. wt. =    0.00000            0.622162E-01           *
#                                                               *
#*************   chi**2/iteration = 0.7787       ****************


#********** Integration by Vegas (iteration      10) ************
#                                                               *
#  integral  =  3532.1273       accum. integral =  3533.3504    *
#  std. dev. =  1.3227911       accum. std. dev = 0.56424478    *
#   min/max. wt. =    0.00000            0.559103E-01           *
#                                                               *
#*************   chi**2/iteration = 0.8089       ****************


#********** Integration by Vegas (iteration      11) ************
#                                                               *
#  integral  =  3533.3893       accum. integral =  3533.3564    *
#  std. dev. =  1.3319645       accum. std. dev = 0.51939763    *
#   min/max. wt. =    0.00000            0.542785E-01           *
#                                                               *
#*************   chi**2/iteration = 0.7274       ****************


#********** Integration by Vegas (iteration      12) ************
#                                                               *
#  integral  =  3534.4313       accum. integral =  3533.4982    *
#  std. dev. =  1.3383038       accum. std. dev = 0.48410267    *
#   min/max. wt. =    0.00000            0.533046E-01           *
#                                                               *
#*************   chi**2/iteration = 0.7121       ****************


#********** Integration by Vegas (iteration      13) ************
#                                                               *
#  integral  =  3532.2526       accum. integral =  3533.3557    *
#  std. dev. =  1.3517249       accum. std. dev = 0.45569517    *
#   min/max. wt. =    0.00000            0.714635E-01           *
#                                                               *
#*************   chi**2/iteration = 0.7155       ****************


#********** Integration by Vegas (iteration      14) ************
#                                                               *
#  integral  =  3533.1681       accum. integral =  3533.3368    *
#  std. dev. =  1.3657251       accum. std. dev = 0.43222238    *
#   min/max. wt. =    0.00000            0.521528E-01           *
#                                                               *
#*************   chi**2/iteration = 0.6614       ****************


#********** Integration by Vegas (iteration      15) ************
#                                                               *
#  integral  =  3531.4588       accum. integral =  3533.1708    *
#  std. dev. =  1.3920006       accum. std. dev = 0.41275624    *
#   min/max. wt. =    0.00000            0.129817               *
#                                                               *
#*************   chi**2/iteration = 0.7331       ****************

 ****************************************************
 * Writing out vegas grid to ./data/output.grid                                                      
 ****************************************************

  Input parameters for vegas:  ndim=  9   ncall= 80707214.
                              it=    0    itmx=    2
                              acc=-1.00    
                              mds=  1     nd=  50
                              (xl,xu)= (  0.00000     ,  1.00000     )
                                       (  0.00000     ,  1.00000     )
                                       (  0.00000     ,  1.00000     )
                                       (  0.00000     ,  1.00000     )
                                       (  0.00000     ,  1.00000     )
                                       (  0.00000     ,  1.00000     )
                                       (  0.00000     ,  1.00000     )
                                       (  0.00000     ,  1.00000     )
                                       (  0.00000     ,  1.00000     )

#********** Integration by Vegas (iteration       1) ************
#                                                               *
#  integral  =  3533.0735       accum. integral =  3533.0735    *
#  std. dev. =  1.3981996       accum. std. dev =  1.3981996    *
#   min/max. wt. =    0.00000            0.549125E-01           *
#                                                               *
#*************   chi**2/iteration = 0.1906E-05   ****************


#********** Integration by Vegas (iteration       2) ************
#                                                               *
#  integral  =  3535.9317       accum. integral =  3534.4631    *
#  std. dev. =  1.4385501       accum. std. dev =  1.0026497    *
#   min/max. wt. =    0.00000            0.207573               *
#                                                               *
#*************   chi**2/iteration =  2.028       ****************

 Done
