SLURM job running in:  /work-zfs/lhc/heshy/JHUGen/xsecs/JHUGen/JHUGenerator
LHAPDF 6.1.5 loading /work-zfs/lhc/cms/slc6_amd64_gcc493/external/lhapdf/6.1.5-kpegke3/share/LHAPDF/NNPDF30_lo_as_0130/NNPDF30_lo_as_0130_0000.dat
NNPDF30_lo_as_0130 PDF set, member #0, version 2; LHAPDF ID = 263000
 extending no. of histograms for vbf tests
 
                                                                                          
   ***************************************************************************************
   *                                JHU Generator v6.9.9                                 *
   ***************************************************************************************
   *                                                                                     *
   *   Spin and parity determination of single-produced resonances at hadron colliders   *
   *                                                                                     *
   *          I. Anderson, S. Bolognesi, F. Caola, Y. Gao, A. Gritsan, Z. Guo,           *
   *        C. Martin, K. Melnikov, R.Rontsch, H. Roskes, U. Sarica, M. Schulze,         *
   *                   N. Tran, A. Whitbeck, M. Xiao, C. You, Y. Zhou                    *
   *                Phys.Rev. D81 (2010) 075022;  arXiv:1001.3396 [hep-ph],              *
   *                Phys.Rev. D86 (2012) 095031;  arXiv:1208.4018 [hep-ph],              *
   *                Phys.Rev. D89 (2014) 035007;  arXiv:1309.4819 [hep-ph].              *
   *                                                                                     *
   ***************************************************************************************
                                                                                          
   
   Command line: ./JHUGen Unweighted=0 VegasNc0=99999999 VegasNc1=99999999 VegasNc2=99999999 LHAPDF=NNPDF30_lo_as_0130/NNPDF30_lo_as_0130.info MReso=496 ghz1=0,0 ghz4=1,0 Process=60 pTjetcut=0 deltaRcut=0 pTjetcut=25 etajetcut=4.7 pTlepcut=5 etalepcut=2.5
   
   Input Parameter:
    Collider: P-P, sqrt(s)=13000.00
    Resonance: spin=0, mass= 496.00 width=   0.00407
    Z-boson: mass=91.188, width=2.4952
    W-boson: mass=80.399, width=2.0850
    Jet cuts:
            pT >=    25.00 GeV
         |eta| <=     4.70
        DeltaR >=     0.00
           mJJ >=     0.00 GeV
           m4l_min/max      -1.00     -1.00 GeV
    Random seed:   585029492
    To reproduce results using this seed, JHUGen should be compiled with the same compiler:
      GNU Fortran (GCC) 4.8.2
    
    WidthScheme:   2
    LHAPDF set NNPDF30_lo_as_0130/NNPDF30_lo_as_0130.info, member=  0
    Unweighted: F
    Intermediate off-shell photons: F
    
    spin-0-VV couplings: 
      generate_as=F
      ghg2=  0.10000000E+01  0.00000000E+00i
      ghg3=  0.00000000E+00  0.00000000E+00i
      ghg4=  0.00000000E+00  0.00000000E+00i
      ghz1=  0.00000000E+00  0.00000000E+00i
      ghz2=  0.00000000E+00  0.00000000E+00i
      ghz3=  0.00000000E+00  0.00000000E+00i
      ghz4=  0.10000000E+01  0.00000000E+00i
      Lambda=  1000.0
    
    LHE output: ./data/output.lhe
    Histogram output: ./data/output.dat
    Log file: ./data/output.log
    
  Running

  Input parameters for vegas:  ndim=  9   ncall= 80707214.
                              it=    0    itmx=   15
                              acc=-1.00    
                              mds=  1     nd=  50
                              (xl,xu)= (  0.00000     ,  1.00000     )
                                       (  0.00000     ,  1.00000     )
                                       (  0.00000     ,  1.00000     )
                                       (  0.00000     ,  1.00000     )
                                       (  0.00000     ,  1.00000     )
                                       (  0.00000     ,  1.00000     )
                                       (  0.00000     ,  1.00000     )
                                       (  0.00000     ,  1.00000     )
                                       (  0.00000     ,  1.00000     )

#********** Integration by Vegas (iteration       1) ************
#                                                               *
#  integral  =  3071.9607       accum. integral =  3071.9607    *
#  std. dev. =  504.40745       accum. std. dev =  504.40745    *
#   min/max. wt. =    0.00000             350.978               *
#                                                               *
#*************   chi**2/iteration =  0.000       ****************


#********** Integration by Vegas (iteration       2) ************
#                                                               *
#  integral  =  3084.0086       accum. integral =  3083.8173    *
#  std. dev. =  64.329298       accum. std. dev =  63.691889    *
#   min/max. wt. =    0.00000             31.7138               *
#                                                               *
#*************   chi**2/iteration = 0.5587E-03   ****************


#********** Integration by Vegas (iteration       3) ************
#                                                               *
#  integral  =  3408.4280       accum. integral =  3393.6790    *
#  std. dev. =  15.387530       accum. std. dev =  14.079004    *
#   min/max. wt. =    0.00000             5.70656               *
#                                                               *
#*************   chi**2/iteration =  11.52       ****************


#********** Integration by Vegas (iteration       4) ************
#                                                               *
#  integral  =  3462.4091       accum. integral =  3458.0929    *
#  std. dev. =  3.9532928       accum. std. dev =  3.6052508    *
#   min/max. wt. =    0.00000             1.26626               *
#                                                               *
#*************   chi**2/iteration =  14.49       ****************


#********** Integration by Vegas (iteration       5) ************
#                                                               *
#  integral  =  3460.3328       accum. integral =  3459.9303    *
#  std. dev. =  1.7901518       accum. std. dev =  1.5473332    *
#   min/max. wt. =    0.00000            0.884008E-01           *
#                                                               *
#*************   chi**2/iteration =  10.68       ****************


#********** Integration by Vegas (iteration       6) ************
#                                                               *
#  integral  =  3457.5929       accum. integral =  3458.5868    *
#  std. dev. =  1.3934401       accum. std. dev =  1.0170550    *
#   min/max. wt. =    0.00000            0.573633E-01           *
#                                                               *
#*************   chi**2/iteration =  8.665       ****************


#********** Integration by Vegas (iteration       7) ************
#                                                               *
#  integral  =  3461.2371       accum. integral =  3459.6086    *
#  std. dev. =  1.3351276       accum. std. dev = 0.80186404    *
#   min/max. wt. =    0.00000            0.146526               *
#                                                               *
#*************   chi**2/iteration =  7.569       ****************


#********** Integration by Vegas (iteration       8) ************
#                                                               *
#  integral  =  3460.2032       accum. integral =  3459.7806    *
#  std. dev. =  1.2986816       accum. std. dev = 0.67883058    *
#   min/max. wt. =    0.00000            0.560810E-01           *
#                                                               *
#*************   chi**2/iteration =  6.456       ****************


#********** Integration by Vegas (iteration       9) ************
#                                                               *
#  integral  =  3459.7567       accum. integral =  3459.7752    *
#  std. dev. =  1.2908703       accum. std. dev = 0.59897442    *
#   min/max. wt. =    0.00000            0.644642E-01           *
#                                                               *
#*************   chi**2/iteration =  5.612       ****************


#********** Integration by Vegas (iteration      10) ************
#                                                               *
#  integral  =  3458.4380       accum. integral =  3459.5279    *
#  std. dev. =  1.2891237       accum. std. dev = 0.54213281    *
#   min/max. wt. =    0.00000            0.675277E-01           *
#                                                               *
#*************   chi**2/iteration =  5.065       ****************


#********** Integration by Vegas (iteration      11) ************
#                                                               *
#  integral  =  3460.8606       accum. integral =  3459.7336    *
#  std. dev. =  1.2984287       accum. std. dev = 0.49960035    *
#   min/max. wt. =    0.00000            0.787351E-01           *
#                                                               *
#*************   chi**2/iteration =  4.632       ****************


#********** Integration by Vegas (iteration      12) ************
#                                                               *
#  integral  =  3462.3458       accum. integral =  3460.0821    *
#  std. dev. =  1.3009212       accum. std. dev = 0.46593200    *
#   min/max. wt. =    0.00000            0.737272E-01           *
#                                                               *
#*************   chi**2/iteration =  4.526       ****************


#********** Integration by Vegas (iteration      13) ************
#                                                               *
#  integral  =  3459.0253       accum. integral =  3459.9604    *
#  std. dev. =  1.3159071       accum. std. dev = 0.43892656    *
#   min/max. wt. =    0.00000            0.810809E-01           *
#                                                               *
#*************   chi**2/iteration =  4.186       ****************


#********** Integration by Vegas (iteration      14) ************
#                                                               *
#  integral  =  3461.1206       accum. integral =  3460.0801    *
#  std. dev. =  1.3174246       accum. std. dev = 0.41620894    *
#   min/max. wt. =    0.00000            0.819993E-01           *
#                                                               *
#*************   chi**2/iteration =  3.909       ****************


#********** Integration by Vegas (iteration      15) ************
#                                                               *
#  integral  =  3461.8853       accum. integral =  3460.2426    *
#  std. dev. =  1.3453221       accum. std. dev = 0.39747602    *
#   min/max. wt. =    0.00000            0.178675               *
#                                                               *
#*************   chi**2/iteration =  3.743       ****************

 ****************************************************
 * Writing out vegas grid to ./data/output.grid                                                      
 ****************************************************

  Input parameters for vegas:  ndim=  9   ncall= 80707214.
                              it=    0    itmx=    2
                              acc=-1.00    
                              mds=  1     nd=  50
                              (xl,xu)= (  0.00000     ,  1.00000     )
                                       (  0.00000     ,  1.00000     )
                                       (  0.00000     ,  1.00000     )
                                       (  0.00000     ,  1.00000     )
                                       (  0.00000     ,  1.00000     )
                                       (  0.00000     ,  1.00000     )
                                       (  0.00000     ,  1.00000     )
                                       (  0.00000     ,  1.00000     )
                                       (  0.00000     ,  1.00000     )

#********** Integration by Vegas (iteration       1) ************
#                                                               *
#  integral  =  3457.4886       accum. integral =  3457.4886    *
#  std. dev. =  1.3219701       accum. std. dev =  1.3219701    *
#   min/max. wt. =    0.00000            0.608108E-01           *
#                                                               *
#*************   chi**2/iteration =  0.000       ****************


#********** Integration by Vegas (iteration       2) ************
#                                                               *
#  integral  =  3460.7924       accum. integral =  3459.1217    *
#  std. dev. =  1.3383757       accum. std. dev = 0.94052617    *
#   min/max. wt. =    0.00000            0.441769E-01           *
#                                                               *
#*************   chi**2/iteration =  3.081       ****************

 Done
