SLURM job running in:  /work-zfs/lhc/heshy/JHUGen/xsecs/JHUGen/JHUGenerator
LHAPDF 6.1.5 loading /work-zfs/lhc/cms/slc6_amd64_gcc493/external/lhapdf/6.1.5-kpegke3/share/LHAPDF/NNPDF30_lo_as_0130/NNPDF30_lo_as_0130_0000.dat
NNPDF30_lo_as_0130 PDF set, member #0, version 2; LHAPDF ID = 263000
 extending no. of histograms for vbf tests
 
                                                                                          
   ***************************************************************************************
   *                                JHU Generator v6.9.9                                 *
   ***************************************************************************************
   *                                                                                     *
   *   Spin and parity determination of single-produced resonances at hadron colliders   *
   *                                                                                     *
   *          I. Anderson, S. Bolognesi, F. Caola, Y. Gao, A. Gritsan, Z. Guo,           *
   *        C. Martin, K. Melnikov, R.Rontsch, H. Roskes, U. Sarica, M. Schulze,         *
   *                   N. Tran, A. Whitbeck, M. Xiao, C. You, Y. Zhou                    *
   *                Phys.Rev. D81 (2010) 075022;  arXiv:1001.3396 [hep-ph],              *
   *                Phys.Rev. D86 (2012) 095031;  arXiv:1208.4018 [hep-ph],              *
   *                Phys.Rev. D89 (2014) 035007;  arXiv:1309.4819 [hep-ph].              *
   *                                                                                     *
   ***************************************************************************************
                                                                                          
   
   Command line: ./JHUGen Unweighted=0 VegasNc0=99999999 VegasNc1=99999999 VegasNc2=99999999 LHAPDF=NNPDF30_lo_as_0130/NNPDF30_lo_as_0130.info MReso=605 ghz1=0,0 ghz4=1,0 Process=60 pTjetcut=0 deltaRcut=0 pTjetcut=25 etajetcut=4.7 pTlepcut=5 etalepcut=2.5
   
   Input Parameter:
    Collider: P-P, sqrt(s)=13000.00
    Resonance: spin=0, mass= 605.00 width=   0.00407
    Z-boson: mass=91.188, width=2.4952
    W-boson: mass=80.399, width=2.0850
    Jet cuts:
            pT >=    25.00 GeV
         |eta| <=     4.70
        DeltaR >=     0.00
           mJJ >=     0.00 GeV
           m4l_min/max      -1.00     -1.00 GeV
    Random seed:   925814900
    To reproduce results using this seed, JHUGen should be compiled with the same compiler:
      GNU Fortran (GCC) 4.8.2
    
    WidthScheme:   2
    LHAPDF set NNPDF30_lo_as_0130/NNPDF30_lo_as_0130.info, member=  0
    Unweighted: F
    Intermediate off-shell photons: F
    
    spin-0-VV couplings: 
      generate_as=F
      ghg2=  0.10000000E+01  0.00000000E+00i
      ghg3=  0.00000000E+00  0.00000000E+00i
      ghg4=  0.00000000E+00  0.00000000E+00i
      ghz1=  0.00000000E+00  0.00000000E+00i
      ghz2=  0.00000000E+00  0.00000000E+00i
      ghz3=  0.00000000E+00  0.00000000E+00i
      ghz4=  0.10000000E+01  0.00000000E+00i
      Lambda=  1000.0
    
    LHE output: ./data/output.lhe
    Histogram output: ./data/output.dat
    Log file: ./data/output.log
    
  Running

  Input parameters for vegas:  ndim=  9   ncall= 80707214.
                              it=    0    itmx=   15
                              acc=-1.00    
                              mds=  1     nd=  50
                              (xl,xu)= (  0.00000     ,  1.00000     )
                                       (  0.00000     ,  1.00000     )
                                       (  0.00000     ,  1.00000     )
                                       (  0.00000     ,  1.00000     )
                                       (  0.00000     ,  1.00000     )
                                       (  0.00000     ,  1.00000     )
                                       (  0.00000     ,  1.00000     )
                                       (  0.00000     ,  1.00000     )
                                       (  0.00000     ,  1.00000     )

#********** Integration by Vegas (iteration       1) ************
#                                                               *
#  integral  =  2195.9903       accum. integral =  2195.9903    *
#  std. dev. =  308.71732       accum. std. dev =  308.71732    *
#   min/max. wt. =    0.00000             257.541               *
#                                                               *
#*************   chi**2/iteration =  0.000       ****************


#********** Integration by Vegas (iteration       2) ************
#                                                               *
#  integral  =  2563.6069       accum. integral =  2534.1146    *
#  std. dev. =  106.43831       accum. std. dev =  95.042739    *
#   min/max. wt. =    0.00000             62.0860               *
#                                                               *
#*************   chi**2/iteration =  1.103       ****************


#********** Integration by Vegas (iteration       3) ************
#                                                               *
#  integral  =  2605.8416       accum. integral =  2603.6402    *
#  std. dev. =  18.463479       accum. std. dev =  17.174769    *
#   min/max. wt. =    0.00000             8.58296               *
#                                                               *
#*************   chi**2/iteration = 0.7778       ****************


#********** Integration by Vegas (iteration       4) ************
#                                                               *
#  integral  =  2622.6373       accum. integral =  2621.9528    *
#  std. dev. =  3.5373066       accum. std. dev =  3.3147607    *
#   min/max. wt. =    0.00000            0.942463               *
#                                                               *
#*************   chi**2/iteration = 0.8819       ****************


#********** Integration by Vegas (iteration       5) ************
#                                                               *
#  integral  =  2620.9099       accum. integral =  2621.0451    *
#  std. dev. =  1.3392599       accum. std. dev =  1.2047624    *
#   min/max. wt. =    0.00000            0.944425E-01           *
#                                                               *
#*************   chi**2/iteration = 0.6701       ****************


#********** Integration by Vegas (iteration       6) ************
#                                                               *
#  integral  =  2618.7809       accum. integral =  2619.7203    *
#  std. dev. =  1.0513547       accum. std. dev = 0.78080374    *
#   min/max. wt. =    0.00000            0.823663E-01           *
#                                                               *
#*************   chi**2/iteration = 0.9378       ****************


#********** Integration by Vegas (iteration       7) ************
#                                                               *
#  integral  =  2620.2938       accum. integral =  2619.9527    *
#  std. dev. = 0.97494686       accum. std. dev = 0.60485637    *
#   min/max. wt. =    0.00000            0.404879E-01           *
#                                                               *
#*************   chi**2/iteration = 0.8108       ****************


#********** Integration by Vegas (iteration       8) ************
#                                                               *
#  integral  =  2620.7371       accum. integral =  2620.1802    *
#  std. dev. = 0.97106962       accum. std. dev = 0.51132914    *
#   min/max. wt. =    0.00000            0.930618E-01           *
#                                                               *
#*************   chi**2/iteration = 0.7596       ****************


#********** Integration by Vegas (iteration       9) ************
#                                                               *
#  integral  =  2619.9935       accum. integral =  2620.1370    *
#  std. dev. = 0.95204133       accum. std. dev = 0.44932295    *
#   min/max. wt. =    0.00000            0.363864E-01           *
#                                                               *
#*************   chi**2/iteration = 0.6652       ****************


#********** Integration by Vegas (iteration      10) ************
#                                                               *
#  integral  =  2620.6592       accum. integral =  2620.2345    *
#  std. dev. = 0.95617674       accum. std. dev = 0.40599477    *
#   min/max. wt. =    0.00000            0.774552E-01           *
#                                                               *
#*************   chi**2/iteration = 0.6168       ****************


#********** Integration by Vegas (iteration      11) ************
#                                                               *
#  integral  =  2619.0079       accum. integral =  2620.0410    *
#  std. dev. = 0.95451552       accum. std. dev = 0.37319549    *
#   min/max. wt. =    0.00000            0.362251E-01           *
#                                                               *
#*************   chi**2/iteration = 0.6969       ****************


#********** Integration by Vegas (iteration      12) ************
#                                                               *
#  integral  =  2619.3800       accum. integral =  2619.9527    *
#  std. dev. = 0.96550611       accum. std. dev = 0.34783606    *
#   min/max. wt. =    0.00000            0.526116E-01           *
#                                                               *
#*************   chi**2/iteration = 0.6698       ****************


#********** Integration by Vegas (iteration      13) ************
#                                                               *
#  integral  =  2621.1099       accum. integral =  2620.0836    *
#  std. dev. = 0.98901941       accum. std. dev = 0.32796671    *
#   min/max. wt. =    0.00000            0.129987               *
#                                                               *
#*************   chi**2/iteration = 0.7166       ****************


#********** Integration by Vegas (iteration      14) ************
#                                                               *
#  integral  =  2621.4775       accum. integral =  2620.2249    *
#  std. dev. = 0.99034218       accum. std. dev = 0.31121646    *
#   min/max. wt. =    0.00000            0.314777E-01           *
#                                                               *
#*************   chi**2/iteration = 0.8007       ****************


#********** Integration by Vegas (iteration      15) ************
#                                                               *
#  integral  =  2621.7402       accum. integral =  2620.3614    *
#  std. dev. =  1.0021424       accum. std. dev = 0.29712976    *
#   min/max. wt. =    0.00000            0.403239E-01           *
#                                                               *
#*************   chi**2/iteration = 0.8945       ****************

 ****************************************************
 * Writing out vegas grid to ./data/output.grid                                                      
 ****************************************************

  Input parameters for vegas:  ndim=  9   ncall= 80707214.
                              it=    0    itmx=    2
                              acc=-1.00    
                              mds=  1     nd=  50
                              (xl,xu)= (  0.00000     ,  1.00000     )
                                       (  0.00000     ,  1.00000     )
                                       (  0.00000     ,  1.00000     )
                                       (  0.00000     ,  1.00000     )
                                       (  0.00000     ,  1.00000     )
                                       (  0.00000     ,  1.00000     )
                                       (  0.00000     ,  1.00000     )
                                       (  0.00000     ,  1.00000     )
                                       (  0.00000     ,  1.00000     )

#********** Integration by Vegas (iteration       1) ************
#                                                               *
#  integral  =  2618.5805       accum. integral =  2618.5805    *
#  std. dev. =  1.0144695       accum. std. dev =  1.0144695    *
#   min/max. wt. =    0.00000            0.543450E-01           *
#                                                               *
#*************   chi**2/iteration = 0.9049E-06   ****************


#********** Integration by Vegas (iteration       2) ************
#                                                               *
#  integral  =  2621.0959       accum. integral =  2619.8317    *
#  std. dev. =  1.0207026       accum. std. dev = 0.71953400    *
#   min/max. wt. =    0.00000            0.456264E-01           *
#                                                               *
#*************   chi**2/iteration =  3.052       ****************

 Done
