SLURM job running in:  /work-zfs/lhc/heshy/JHUGen/xsecs/JHUGen/JHUGenerator
LHAPDF 6.1.5 loading /work-zfs/lhc/cms/slc6_amd64_gcc493/external/lhapdf/6.1.5-kpegke3/share/LHAPDF/NNPDF30_lo_as_0130/NNPDF30_lo_as_0130_0000.dat
NNPDF30_lo_as_0130 PDF set, member #0, version 2; LHAPDF ID = 263000
 extending no. of histograms for vbf tests
 
                                                                                          
   ***************************************************************************************
   *                                JHU Generator v6.9.9                                 *
   ***************************************************************************************
   *                                                                                     *
   *   Spin and parity determination of single-produced resonances at hadron colliders   *
   *                                                                                     *
   *          I. Anderson, S. Bolognesi, F. Caola, Y. Gao, A. Gritsan, Z. Guo,           *
   *        C. Martin, K. Melnikov, R.Rontsch, H. Roskes, U. Sarica, M. Schulze,         *
   *                   N. Tran, A. Whitbeck, M. Xiao, C. You, Y. Zhou                    *
   *                Phys.Rev. D81 (2010) 075022;  arXiv:1001.3396 [hep-ph],              *
   *                Phys.Rev. D86 (2012) 095031;  arXiv:1208.4018 [hep-ph],              *
   *                Phys.Rev. D89 (2014) 035007;  arXiv:1309.4819 [hep-ph].              *
   *                                                                                     *
   ***************************************************************************************
                                                                                          
   
   Command line: ./JHUGen Unweighted=0 VegasNc0=99999999 VegasNc1=99999999 VegasNc2=99999999 LHAPDF=NNPDF30_lo_as_0130/NNPDF30_lo_as_0130.info MReso=615 ghz1=0,0 ghz4=1,0 Process=60 pTjetcut=0 deltaRcut=0 pTjetcut=25 etajetcut=4.7 pTlepcut=5 etalepcut=2.5
   
   Input Parameter:
    Collider: P-P, sqrt(s)=13000.00
    Resonance: spin=0, mass= 615.00 width=   0.00407
    Z-boson: mass=91.188, width=2.4952
    W-boson: mass=80.399, width=2.0850
    Jet cuts:
            pT >=    25.00 GeV
         |eta| <=     4.70
        DeltaR >=     0.00
           mJJ >=     0.00 GeV
           m4l_min/max      -1.00     -1.00 GeV
    Random seed:   783111349
    To reproduce results using this seed, JHUGen should be compiled with the same compiler:
      GNU Fortran (GCC) 4.8.2
    
    WidthScheme:   2
    LHAPDF set NNPDF30_lo_as_0130/NNPDF30_lo_as_0130.info, member=  0
    Unweighted: F
    Intermediate off-shell photons: F
    
    spin-0-VV couplings: 
      generate_as=F
      ghg2=  0.10000000E+01  0.00000000E+00i
      ghg3=  0.00000000E+00  0.00000000E+00i
      ghg4=  0.00000000E+00  0.00000000E+00i
      ghz1=  0.00000000E+00  0.00000000E+00i
      ghz2=  0.00000000E+00  0.00000000E+00i
      ghz3=  0.00000000E+00  0.00000000E+00i
      ghz4=  0.10000000E+01  0.00000000E+00i
      Lambda=  1000.0
    
    LHE output: ./data/output.lhe
    Histogram output: ./data/output.dat
    Log file: ./data/output.log
    
  Running

  Input parameters for vegas:  ndim=  9   ncall= 80707214.
                              it=    0    itmx=   15
                              acc=-1.00    
                              mds=  1     nd=  50
                              (xl,xu)= (  0.00000     ,  1.00000     )
                                       (  0.00000     ,  1.00000     )
                                       (  0.00000     ,  1.00000     )
                                       (  0.00000     ,  1.00000     )
                                       (  0.00000     ,  1.00000     )
                                       (  0.00000     ,  1.00000     )
                                       (  0.00000     ,  1.00000     )
                                       (  0.00000     ,  1.00000     )
                                       (  0.00000     ,  1.00000     )

#********** Integration by Vegas (iteration       1) ************
#                                                               *
#  integral  =  2045.5247       accum. integral =  2045.5247    *
#  std. dev. =  230.50255       accum. std. dev =  230.50255    *
#   min/max. wt. =    0.00000             198.942               *
#                                                               *
#*************   chi**2/iteration = 0.8764E-11   ****************


#********** Integration by Vegas (iteration       2) ************
#                                                               *
#  integral  =  2619.7726       accum. integral =  2364.2500    *
#  std. dev. =  264.32669       accum. std. dev =  176.66504    *
#   min/max. wt. =    0.00000             257.688               *
#                                                               *
#*************   chi**2/iteration =  2.607       ****************


#********** Integration by Vegas (iteration       3) ************
#                                                               *
#  integral  =  2653.6889       accum. integral =  2627.3397    *
#  std. dev. =  63.127306       accum. std. dev =  55.691993    *
#   min/max. wt. =    0.00000             33.1939               *
#                                                               *
#*************   chi**2/iteration =  2.312       ****************


#********** Integration by Vegas (iteration       4) ************
#                                                               *
#  integral  =  2560.9194       accum. integral =  2561.5148    *
#  std. dev. =  5.5240993       accum. std. dev =  5.3305103    *
#   min/max. wt. =    0.00000             2.12468               *
#                                                               *
#*************   chi**2/iteration =  1.968       ****************


#********** Integration by Vegas (iteration       5) ************
#                                                               *
#  integral  =  2556.2060       accum. integral =  2556.5457    *
#  std. dev. =  1.4350267       accum. std. dev =  1.3563598    *
#   min/max. wt. =    0.00000            0.140191               *
#                                                               *
#*************   chi**2/iteration =  1.688       ****************


#********** Integration by Vegas (iteration       6) ************
#                                                               *
#  integral  =  2555.7971       accum. integral =  2556.0624    *
#  std. dev. =  1.0283800       accum. std. dev = 0.81059004    *
#   min/max. wt. =    0.00000            0.718911E-01           *
#                                                               *
#*************   chi**2/iteration =  1.379       ****************


#********** Integration by Vegas (iteration       7) ************
#                                                               *
#  integral  =  2556.5728       accum. integral =  2556.2817    *
#  std. dev. = 0.95211769       accum. std. dev = 0.61384479    *
#   min/max. wt. =    0.00000            0.337741E-01           *
#                                                               *
#*************   chi**2/iteration =  1.171       ****************


#********** Integration by Vegas (iteration       8) ************
#                                                               *
#  integral  =  2557.3788       accum. integral =  2556.6179    *
#  std. dev. = 0.93933425       accum. std. dev = 0.51231783    *
#   min/max. wt. =    0.00000            0.328356E-01           *
#                                                               *
#*************   chi**2/iteration =  1.138       ****************


#********** Integration by Vegas (iteration       9) ************
#                                                               *
#  integral  =  2554.4699       accum. integral =  2556.1099    *
#  std. dev. = 0.93318213       accum. std. dev = 0.44834229    *
#   min/max. wt. =    0.00000            0.375637E-01           *
#                                                               *
#*************   chi**2/iteration =  1.511       ****************


#********** Integration by Vegas (iteration      10) ************
#                                                               *
#  integral  =  2554.3861       accum. integral =  2555.7771    *
#  std. dev. = 0.92790779       accum. std. dev = 0.40324851    *
#   min/max. wt. =    0.00000            0.388780E-01           *
#                                                               *
#*************   chi**2/iteration =  1.656       ****************


#********** Integration by Vegas (iteration      11) ************
#                                                               *
#  integral  =  2556.0997       accum. integral =  2555.8291    *
#  std. dev. = 0.93149487       accum. std. dev = 0.36977159    *
#   min/max. wt. =    0.00000            0.539310E-01           *
#                                                               *
#*************   chi**2/iteration =  1.498       ****************


#********** Integration by Vegas (iteration      12) ************
#                                                               *
#  integral  =  2555.7044       accum. integral =  2555.8119    *
#  std. dev. = 0.93436525       accum. std. dev = 0.34363932    *
#   min/max. wt. =    0.00000            0.375902E-01           *
#                                                               *
#*************   chi**2/iteration =  1.360       ****************


#********** Integration by Vegas (iteration      13) ************
#                                                               *
#  integral  =  2555.5248       accum. integral =  2555.7775    *
#  std. dev. = 0.94139765       accum. std. dev = 0.32268058    *
#   min/max. wt. =    0.00000            0.293135E-01           *
#                                                               *
#*************   chi**2/iteration =  1.252       ****************


#********** Integration by Vegas (iteration      14) ************
#                                                               *
#  integral  =  2554.8090       accum. integral =  2555.6764    *
#  std. dev. = 0.95275277       accum. std. dev = 0.30554625    *
#   min/max. wt. =    0.00000            0.225495E-01           *
#                                                               *
#*************   chi**2/iteration =  1.227       ****************


#********** Integration by Vegas (iteration      15) ************
#                                                               *
#  integral  =  2557.4558       accum. integral =  2555.8390    *
#  std. dev. = 0.97209292       accum. std. dev = 0.29142618    *
#   min/max. wt. =    0.00000            0.718566E-01           *
#                                                               *
#*************   chi**2/iteration =  1.359       ****************

 ****************************************************
 * Writing out vegas grid to ./data/output.grid                                                      
 ****************************************************

  Input parameters for vegas:  ndim=  9   ncall= 80707214.
                              it=    0    itmx=    2
                              acc=-1.00    
                              mds=  1     nd=  50
                              (xl,xu)= (  0.00000     ,  1.00000     )
                                       (  0.00000     ,  1.00000     )
                                       (  0.00000     ,  1.00000     )
                                       (  0.00000     ,  1.00000     )
                                       (  0.00000     ,  1.00000     )
                                       (  0.00000     ,  1.00000     )
                                       (  0.00000     ,  1.00000     )
                                       (  0.00000     ,  1.00000     )
                                       (  0.00000     ,  1.00000     )

#********** Integration by Vegas (iteration       1) ************
#                                                               *
#  integral  =  2556.7141       accum. integral =  2556.7141    *
#  std. dev. = 0.98053882       accum. std. dev = 0.98053882    *
#   min/max. wt. =    0.00000            0.343288E-01           *
#                                                               *
#*************   chi**2/iteration =  0.000       ****************


#********** Integration by Vegas (iteration       2) ************
#                                                               *
#  integral  =  2555.5732       accum. integral =  2556.1562    *
#  std. dev. =  1.0017956       accum. std. dev = 0.70073682    *
#   min/max. wt. =    0.00000            0.760678E-01           *
#                                                               *
#*************   chi**2/iteration = 0.6617       ****************

 Done
