SLURM job running in:  /work-zfs/lhc/heshy/JHUGen/xsecs/JHUGen/JHUGenerator
LHAPDF 6.1.5 loading /work-zfs/lhc/cms/slc6_amd64_gcc493/external/lhapdf/6.1.5-kpegke3/share/LHAPDF/NNPDF30_lo_as_0130/NNPDF30_lo_as_0130_0000.dat
NNPDF30_lo_as_0130 PDF set, member #0, version 2; LHAPDF ID = 263000
 extending no. of histograms for vbf tests
 
                                                                                          
   ***************************************************************************************
   *                                JHU Generator v6.9.9                                 *
   ***************************************************************************************
   *                                                                                     *
   *   Spin and parity determination of single-produced resonances at hadron colliders   *
   *                                                                                     *
   *          I. Anderson, S. Bolognesi, F. Caola, Y. Gao, A. Gritsan, Z. Guo,           *
   *        C. Martin, K. Melnikov, R.Rontsch, H. Roskes, U. Sarica, M. Schulze,         *
   *                   N. Tran, A. Whitbeck, M. Xiao, C. You, Y. Zhou                    *
   *                Phys.Rev. D81 (2010) 075022;  arXiv:1001.3396 [hep-ph],              *
   *                Phys.Rev. D86 (2012) 095031;  arXiv:1208.4018 [hep-ph],              *
   *                Phys.Rev. D89 (2014) 035007;  arXiv:1309.4819 [hep-ph].              *
   *                                                                                     *
   ***************************************************************************************
                                                                                          
   
   Command line: ./JHUGen Unweighted=0 VegasNc0=99999999 VegasNc1=99999999 VegasNc2=99999999 LHAPDF=NNPDF30_lo_as_0130/NNPDF30_lo_as_0130.info MReso=645 ghz1=0,0 ghz4=1,0 Process=60 pTjetcut=0 deltaRcut=0 pTjetcut=25 etajetcut=4.7 pTlepcut=5 etalepcut=2.5
   
   Input Parameter:
    Collider: P-P, sqrt(s)=13000.00
    Resonance: spin=0, mass= 645.00 width=   0.00407
    Z-boson: mass=91.188, width=2.4952
    W-boson: mass=80.399, width=2.0850
    Jet cuts:
            pT >=    25.00 GeV
         |eta| <=     4.70
        DeltaR >=     0.00
           mJJ >=     0.00 GeV
           m4l_min/max      -1.00     -1.00 GeV
    Random seed:   882349772
    To reproduce results using this seed, JHUGen should be compiled with the same compiler:
      GNU Fortran (GCC) 4.8.2
    
    WidthScheme:   2
    LHAPDF set NNPDF30_lo_as_0130/NNPDF30_lo_as_0130.info, member=  0
    Unweighted: F
    Intermediate off-shell photons: F
    
    spin-0-VV couplings: 
      generate_as=F
      ghg2=  0.10000000E+01  0.00000000E+00i
      ghg3=  0.00000000E+00  0.00000000E+00i
      ghg4=  0.00000000E+00  0.00000000E+00i
      ghz1=  0.00000000E+00  0.00000000E+00i
      ghz2=  0.00000000E+00  0.00000000E+00i
      ghz3=  0.00000000E+00  0.00000000E+00i
      ghz4=  0.10000000E+01  0.00000000E+00i
      Lambda=  1000.0
    
    LHE output: ./data/output.lhe
    Histogram output: ./data/output.dat
    Log file: ./data/output.log
    
  Running

  Input parameters for vegas:  ndim=  9   ncall= 80707214.
                              it=    0    itmx=   15
                              acc=-1.00    
                              mds=  1     nd=  50
                              (xl,xu)= (  0.00000     ,  1.00000     )
                                       (  0.00000     ,  1.00000     )
                                       (  0.00000     ,  1.00000     )
                                       (  0.00000     ,  1.00000     )
                                       (  0.00000     ,  1.00000     )
                                       (  0.00000     ,  1.00000     )
                                       (  0.00000     ,  1.00000     )
                                       (  0.00000     ,  1.00000     )
                                       (  0.00000     ,  1.00000     )

#********** Integration by Vegas (iteration       1) ************
#                                                               *
#  integral  =  1680.1614       accum. integral =  1680.1614    *
#  std. dev. =  147.64921       accum. std. dev =  147.64921    *
#   min/max. wt. =    0.00000             128.969               *
#                                                               *
#*************   chi**2/iteration =  0.000       ****************


#********** Integration by Vegas (iteration       2) ************
#                                                               *
#  integral  =  2193.9506       accum. integral =  2122.8644    *
#  std. dev. =  77.257973       accum. std. dev =  63.871698    *
#   min/max. wt. =    0.00000             69.7524               *
#                                                               *
#*************   chi**2/iteration =  7.706       ****************


#********** Integration by Vegas (iteration       3) ************
#                                                               *
#  integral  =  2425.4963       accum. integral =  2366.6624    *
#  std. dev. =  38.947497       accum. std. dev =  30.595295    *
#   min/max. wt. =    0.00000             31.3856               *
#                                                               *
#*************   chi**2/iteration =  10.92       ****************


#********** Integration by Vegas (iteration       4) ************
#                                                               *
#  integral  =  2373.4141       accum. integral =  2373.3038    *
#  std. dev. =  4.4093579       accum. std. dev =  4.0318646    *
#   min/max. wt. =    0.00000            0.893597               *
#                                                               *
#*************   chi**2/iteration =  6.870       ****************


#********** Integration by Vegas (iteration       5) ************
#                                                               *
#  integral  =  2375.0828       accum. integral =  2374.9502    *
#  std. dev. =  1.2421305       accum. std. dev =  1.1203342    *
#   min/max. wt. =    0.00000            0.157090               *
#                                                               *
#*************   chi**2/iteration =  5.019       ****************


#********** Integration by Vegas (iteration       6) ************
#                                                               *
#  integral  =  2374.8405       accum. integral =  2374.8817    *
#  std. dev. = 0.92750120       accum. std. dev = 0.69481022    *
#   min/max. wt. =    0.00000            0.308736E-01           *
#                                                               *
#*************   chi**2/iteration =  3.927       ****************


#********** Integration by Vegas (iteration       7) ************
#                                                               *
#  integral  =  2375.4013       accum. integral =  2375.0971    *
#  std. dev. = 0.87075331       accum. std. dev = 0.53585131    *
#   min/max. wt. =    0.00000            0.506687E-01           *
#                                                               *
#*************   chi**2/iteration =  3.259       ****************


#********** Integration by Vegas (iteration       8) ************
#                                                               *
#  integral  =  2375.2353       accum. integral =  2375.1391    *
#  std. dev. = 0.84915669       accum. std. dev = 0.44981555    *
#   min/max. wt. =    0.00000            0.575989E-01           *
#                                                               *
#*************   chi**2/iteration =  2.764       ****************


#********** Integration by Vegas (iteration       9) ************
#                                                               *
#  integral  =  2374.5515       accum. integral =  2375.0026    *
#  std. dev. = 0.85037227       accum. std. dev = 0.39590480    *
#   min/max. wt. =    0.00000            0.471992E-01           *
#                                                               *
#*************   chi**2/iteration =  2.446       ****************


#********** Integration by Vegas (iteration      10) ************
#                                                               *
#  integral  =  2375.9976       accum. integral =  2375.1913    *
#  std. dev. = 0.84774615       accum. std. dev = 0.35769357    *
#   min/max. wt. =    0.00000            0.234132E-01           *
#                                                               *
#*************   chi**2/iteration =  2.290       ****************


#********** Integration by Vegas (iteration      11) ************
#                                                               *
#  integral  =  2375.4741       accum. integral =  2375.2364    *
#  std. dev. = 0.84757539       accum. std. dev = 0.32891241    *
#   min/max. wt. =    0.00000            0.435942E-01           *
#                                                               *
#*************   chi**2/iteration =  2.059       ****************


#********** Integration by Vegas (iteration      12) ************
#                                                               *
#  integral  =  2375.3434       accum. integral =  2375.2509    *
#  std. dev. = 0.85423439       accum. std. dev = 0.30653851    *
#   min/max. wt. =    0.00000            0.228196E-01           *
#                                                               *
#*************   chi**2/iteration =  1.864       ****************


#********** Integration by Vegas (iteration      13) ************
#                                                               *
#  integral  =  2375.4975       accum. integral =  2375.2795    *
#  std. dev. = 0.86818223       accum. std. dev = 0.28879007    *
#   min/max. wt. =    0.00000            0.103682               *
#                                                               *
#*************   chi**2/iteration =  1.708       ****************


#********** Integration by Vegas (iteration      14) ************
#                                                               *
#  integral  =  2373.4966       accum. integral =  2375.0924    *
#  std. dev. = 0.86313969       accum. std. dev = 0.27367916    *
#   min/max. wt. =    0.00000            0.319562E-01           *
#                                                               *
#*************   chi**2/iteration =  1.878       ****************


#********** Integration by Vegas (iteration      15) ************
#                                                               *
#  integral  =  2375.0947       accum. integral =  2375.0926    *
#  std. dev. = 0.86310253       accum. std. dev = 0.26073340    *
#   min/max. wt. =    0.00000            0.251901E-01           *
#                                                               *
#*************   chi**2/iteration =  1.739       ****************

 ****************************************************
 * Writing out vegas grid to ./data/output.grid                                                      
 ****************************************************

  Input parameters for vegas:  ndim=  9   ncall= 80707214.
                              it=    0    itmx=    2
                              acc=-1.00    
                              mds=  1     nd=  50
                              (xl,xu)= (  0.00000     ,  1.00000     )
                                       (  0.00000     ,  1.00000     )
                                       (  0.00000     ,  1.00000     )
                                       (  0.00000     ,  1.00000     )
                                       (  0.00000     ,  1.00000     )
                                       (  0.00000     ,  1.00000     )
                                       (  0.00000     ,  1.00000     )
                                       (  0.00000     ,  1.00000     )
                                       (  0.00000     ,  1.00000     )

#********** Integration by Vegas (iteration       1) ************
#                                                               *
#  integral  =  2378.3301       accum. integral =  2378.3301    *
#  std. dev. = 0.88023512       accum. std. dev = 0.88023512    *
#   min/max. wt. =    0.00000            0.258221E-01           *
#                                                               *
#*************   chi**2/iteration = -.1202E-05   ****************


#********** Integration by Vegas (iteration       2) ************
#                                                               *
#  integral  =  2375.5217       accum. integral =  2376.9489    *
#  std. dev. = 0.89373200       accum. std. dev = 0.62713200    *
#   min/max. wt. =    0.00000            0.362054E-01           *
#                                                               *
#*************   chi**2/iteration =  5.007       ****************

 Done
