SLURM job running in:  /work-zfs/lhc/heshy/JHUGen/xsecs/JHUGen/JHUGenerator
LHAPDF 6.1.5 loading /work-zfs/lhc/cms/slc6_amd64_gcc493/external/lhapdf/6.1.5-kpegke3/share/LHAPDF/NNPDF30_lo_as_0130/NNPDF30_lo_as_0130_0000.dat
NNPDF30_lo_as_0130 PDF set, member #0, version 2; LHAPDF ID = 263000
 extending no. of histograms for vbf tests
 
                                                                                          
   ***************************************************************************************
   *                                JHU Generator v6.9.9                                 *
   ***************************************************************************************
   *                                                                                     *
   *   Spin and parity determination of single-produced resonances at hadron colliders   *
   *                                                                                     *
   *          I. Anderson, S. Bolognesi, F. Caola, Y. Gao, A. Gritsan, Z. Guo,           *
   *        C. Martin, K. Melnikov, R.Rontsch, H. Roskes, U. Sarica, M. Schulze,         *
   *                   N. Tran, A. Whitbeck, M. Xiao, C. You, Y. Zhou                    *
   *                Phys.Rev. D81 (2010) 075022;  arXiv:1001.3396 [hep-ph],              *
   *                Phys.Rev. D86 (2012) 095031;  arXiv:1208.4018 [hep-ph],              *
   *                Phys.Rev. D89 (2014) 035007;  arXiv:1309.4819 [hep-ph].              *
   *                                                                                     *
   ***************************************************************************************
                                                                                          
   
   Command line: ./JHUGen Unweighted=0 VegasNc0=99999999 VegasNc1=99999999 VegasNc2=99999999 LHAPDF=NNPDF30_lo_as_0130/NNPDF30_lo_as_0130.info MReso=850 ghz1=0,0 ghz4=1,0 Process=60 pTjetcut=0 deltaRcut=0 pTjetcut=25 etajetcut=4.7 pTlepcut=5 etalepcut=2.5
   
   Input Parameter:
    Collider: P-P, sqrt(s)=13000.00
    Resonance: spin=0, mass= 850.00 width=   0.00407
    Z-boson: mass=91.188, width=2.4952
    W-boson: mass=80.399, width=2.0850
    Jet cuts:
            pT >=    25.00 GeV
         |eta| <=     4.70
        DeltaR >=     0.00
           mJJ >=     0.00 GeV
           m4l_min/max      -1.00     -1.00 GeV
    Random seed:   834222424
    To reproduce results using this seed, JHUGen should be compiled with the same compiler:
      GNU Fortran (GCC) 4.8.2
    
    WidthScheme:   2
    LHAPDF set NNPDF30_lo_as_0130/NNPDF30_lo_as_0130.info, member=  0
    Unweighted: F
    Intermediate off-shell photons: F
    
    spin-0-VV couplings: 
      generate_as=F
      ghg2=  0.10000000E+01  0.00000000E+00i
      ghg3=  0.00000000E+00  0.00000000E+00i
      ghg4=  0.00000000E+00  0.00000000E+00i
      ghz1=  0.00000000E+00  0.00000000E+00i
      ghz2=  0.00000000E+00  0.00000000E+00i
      ghz3=  0.00000000E+00  0.00000000E+00i
      ghz4=  0.10000000E+01  0.00000000E+00i
      Lambda=  1000.0
    
    LHE output: ./data/output.lhe
    Histogram output: ./data/output.dat
    Log file: ./data/output.log
    
  Running

  Input parameters for vegas:  ndim=  9   ncall= 80707214.
                              it=    0    itmx=   15
                              acc=-1.00    
                              mds=  1     nd=  50
                              (xl,xu)= (  0.00000     ,  1.00000     )
                                       (  0.00000     ,  1.00000     )
                                       (  0.00000     ,  1.00000     )
                                       (  0.00000     ,  1.00000     )
                                       (  0.00000     ,  1.00000     )
                                       (  0.00000     ,  1.00000     )
                                       (  0.00000     ,  1.00000     )
                                       (  0.00000     ,  1.00000     )
                                       (  0.00000     ,  1.00000     )

#********** Integration by Vegas (iteration       1) ************
#                                                               *
#  integral  =  1475.8985       accum. integral =  1475.8985    *
#  std. dev. =  411.06131       accum. std. dev =  411.06131    *
#   min/max. wt. =    0.00000             401.704               *
#                                                               *
#*************   chi**2/iteration = -.2756E-11   ****************


#********** Integration by Vegas (iteration       2) ************
#                                                               *
#  integral  =  1309.6361       accum. integral =  1313.7498    *
#  std. dev. =  58.097570       accum. std. dev =  61.124863    *
#   min/max. wt. =    0.00000             47.6559               *
#                                                               *
#*************   chi**2/iteration = 0.1783       ****************


#********** Integration by Vegas (iteration       3) ************
#                                                               *
#  integral  =  1445.4730       accum. integral =  1442.6793    *
#  std. dev. =  9.3216666       accum. std. dev =  9.0099152    *
#   min/max. wt. =    0.00000             4.90692               *
#                                                               *
#*************   chi**2/iteration =  2.305       ****************


#********** Integration by Vegas (iteration       4) ************
#                                                               *
#  integral  =  1479.3409       accum. integral =  1477.7922    *
#  std. dev. =  1.9822158       accum. std. dev =  1.8742383    *
#   min/max. wt. =    0.00000            0.797477               *
#                                                               *
#*************   chi**2/iteration =  6.659       ****************


#********** Integration by Vegas (iteration       5) ************
#                                                               *
#  integral  =  1478.9325       accum. integral =  1478.7678    *
#  std. dev. = 0.79678747       accum. std. dev = 0.71727870    *
#   min/max. wt. =    0.00000            0.271944               *
#                                                               *
#*************   chi**2/iteration =  5.003       ****************


#********** Integration by Vegas (iteration       6) ************
#                                                               *
#  integral  =  1477.6855       accum. integral =  1478.0837    *
#  std. dev. = 0.56178748       accum. std. dev = 0.43701273    *
#   min/max. wt. =    0.00000            0.126538E-01           *
#                                                               *
#*************   chi**2/iteration =  4.252       ****************


#********** Integration by Vegas (iteration       7) ************
#                                                               *
#  integral  =  1477.2828       accum. integral =  1477.7484    *
#  std. dev. = 0.52614824       accum. std. dev = 0.33424121    *
#   min/max. wt. =    0.00000            0.624643E-01           *
#                                                               *
#*************   chi**2/iteration =  3.754       ****************


#********** Integration by Vegas (iteration       8) ************
#                                                               *
#  integral  =  1478.3326       accum. integral =  1477.9268    *
#  std. dev. = 0.51368663       accum. std. dev = 0.27922426    *
#   min/max. wt. =    0.00000            0.266548E-01           *
#                                                               *
#*************   chi**2/iteration =  3.335       ****************


#********** Integration by Vegas (iteration       9) ************
#                                                               *
#  integral  =  1478.0549       accum. integral =  1477.9577    *
#  std. dev. = 0.50426183       accum. std. dev = 0.24377232    *
#   min/max. wt. =    0.00000            0.285225E-01           *
#                                                               *
#*************   chi**2/iteration =  2.914       ****************


#********** Integration by Vegas (iteration      10) ************
#                                                               *
#  integral  =  1477.5796       accum. integral =  1477.8838    *
#  std. dev. = 0.50187590       accum. std. dev = 0.21898646    *
#   min/max. wt. =    0.00000            0.372383E-01           *
#                                                               *
#*************   chi**2/iteration =  2.634       ****************


#********** Integration by Vegas (iteration      11) ************
#                                                               *
#  integral  =  1478.1479       accum. integral =  1477.9273    *
#  std. dev. = 0.49994229       accum. std. dev = 0.20039947    *
#   min/max. wt. =    0.00000            0.143554E-01           *
#                                                               *
#*************   chi**2/iteration =  2.389       ****************


#********** Integration by Vegas (iteration      12) ************
#                                                               *
#  integral  =  1477.6337       accum. integral =  1477.8859    *
#  std. dev. = 0.50089498       accum. std. dev = 0.18594108    *
#   min/max. wt. =    0.00000            0.183283E-01           *
#                                                               *
#*************   chi**2/iteration =  2.195       ****************


#********** Integration by Vegas (iteration      13) ************
#                                                               *
#  integral  =  1477.9218       accum. integral =  1477.8903    *
#  std. dev. = 0.50335242       accum. std. dev = 0.17433808    *
#   min/max. wt. =    0.00000            0.188323E-01           *
#                                                               *
#*************   chi**2/iteration =  2.009       ****************


#********** Integration by Vegas (iteration      14) ************
#                                                               *
#  integral  =  1477.4800       accum. integral =  1477.8461    *
#  std. dev. = 0.50652928       accum. std. dev = 0.16479144    *
#   min/max. wt. =    0.00000            0.213029E-01           *
#                                                               *
#*************   chi**2/iteration =  1.898       ****************


#********** Integration by Vegas (iteration      15) ************
#                                                               *
#  integral  =  1478.3275       accum. integral =  1477.8913    *
#  std. dev. = 0.51696983       accum. std. dev = 0.15696864    *
#   min/max. wt. =    0.00000            0.181128E-01           *
#                                                               *
#*************   chi**2/iteration =  1.817       ****************

 ****************************************************
 * Writing out vegas grid to ./data/output.grid                                                      
 ****************************************************

  Input parameters for vegas:  ndim=  9   ncall= 80707214.
                              it=    0    itmx=    2
                              acc=-1.00    
                              mds=  1     nd=  50
                              (xl,xu)= (  0.00000     ,  1.00000     )
                                       (  0.00000     ,  1.00000     )
                                       (  0.00000     ,  1.00000     )
                                       (  0.00000     ,  1.00000     )
                                       (  0.00000     ,  1.00000     )
                                       (  0.00000     ,  1.00000     )
                                       (  0.00000     ,  1.00000     )
                                       (  0.00000     ,  1.00000     )
                                       (  0.00000     ,  1.00000     )

#********** Integration by Vegas (iteration       1) ************
#                                                               *
#  integral  =  1477.9726       accum. integral =  1477.9726    *
#  std. dev. = 0.52853155       accum. std. dev = 0.52853155    *
#   min/max. wt. =    0.00000            0.133116E-01           *
#                                                               *
#*************   chi**2/iteration =  0.000       ****************


#********** Integration by Vegas (iteration       2) ************
#                                                               *
#  integral  =  1478.5339       accum. integral =  1478.2487    *
#  std. dev. = 0.53738012       accum. std. dev = 0.37681892    *
#   min/max. wt. =    0.00000            0.209235E-01           *
#                                                               *
#*************   chi**2/iteration = 0.5539       ****************

 Done
