SLURM job running in:  /work-zfs/lhc/heshy/JHUGen/xsecs/JHUGen/JHUGenerator
LHAPDF 6.1.5 loading /work-zfs/lhc/cms/slc6_amd64_gcc493/external/lhapdf/6.1.5-kpegke3/share/LHAPDF/NNPDF30_lo_as_0130/NNPDF30_lo_as_0130_0000.dat
NNPDF30_lo_as_0130 PDF set, member #0, version 2; LHAPDF ID = 263000
 extending no. of histograms for vbf tests
 
                                                                                          
   ***************************************************************************************
   *                                JHU Generator v6.9.9                                 *
   ***************************************************************************************
   *                                                                                     *
   *   Spin and parity determination of single-produced resonances at hadron colliders   *
   *                                                                                     *
   *          I. Anderson, S. Bolognesi, F. Caola, Y. Gao, A. Gritsan, Z. Guo,           *
   *        C. Martin, K. Melnikov, R.Rontsch, H. Roskes, U. Sarica, M. Schulze,         *
   *                   N. Tran, A. Whitbeck, M. Xiao, C. You, Y. Zhou                    *
   *                Phys.Rev. D81 (2010) 075022;  arXiv:1001.3396 [hep-ph],              *
   *                Phys.Rev. D86 (2012) 095031;  arXiv:1208.4018 [hep-ph],              *
   *                Phys.Rev. D89 (2014) 035007;  arXiv:1309.4819 [hep-ph].              *
   *                                                                                     *
   ***************************************************************************************
                                                                                          
   
   Command line: ./JHUGen Unweighted=0 VegasNc0=99999999 VegasNc1=99999999 VegasNc2=99999999 LHAPDF=NNPDF30_lo_as_0130/NNPDF30_lo_as_0130.info MReso=865 ghz1=0,0 ghz4=1,0 Process=60 pTjetcut=0 deltaRcut=0 pTjetcut=25 etajetcut=4.7 pTlepcut=5 etalepcut=2.5
   
   Input Parameter:
    Collider: P-P, sqrt(s)=13000.00
    Resonance: spin=0, mass= 865.00 width=   0.00407
    Z-boson: mass=91.188, width=2.4952
    W-boson: mass=80.399, width=2.0850
    Jet cuts:
            pT >=    25.00 GeV
         |eta| <=     4.70
        DeltaR >=     0.00
           mJJ >=     0.00 GeV
           m4l_min/max      -1.00     -1.00 GeV
    Random seed:   363067399
    To reproduce results using this seed, JHUGen should be compiled with the same compiler:
      GNU Fortran (GCC) 4.8.2
    
    WidthScheme:   2
    LHAPDF set NNPDF30_lo_as_0130/NNPDF30_lo_as_0130.info, member=  0
    Unweighted: F
    Intermediate off-shell photons: F
    
    spin-0-VV couplings: 
      generate_as=F
      ghg2=  0.10000000E+01  0.00000000E+00i
      ghg3=  0.00000000E+00  0.00000000E+00i
      ghg4=  0.00000000E+00  0.00000000E+00i
      ghz1=  0.00000000E+00  0.00000000E+00i
      ghz2=  0.00000000E+00  0.00000000E+00i
      ghz3=  0.00000000E+00  0.00000000E+00i
      ghz4=  0.10000000E+01  0.00000000E+00i
      Lambda=  1000.0
    
    LHE output: ./data/output.lhe
    Histogram output: ./data/output.dat
    Log file: ./data/output.log
    
  Running

  Input parameters for vegas:  ndim=  9   ncall= 80707214.
                              it=    0    itmx=   15
                              acc=-1.00    
                              mds=  1     nd=  50
                              (xl,xu)= (  0.00000     ,  1.00000     )
                                       (  0.00000     ,  1.00000     )
                                       (  0.00000     ,  1.00000     )
                                       (  0.00000     ,  1.00000     )
                                       (  0.00000     ,  1.00000     )
                                       (  0.00000     ,  1.00000     )
                                       (  0.00000     ,  1.00000     )
                                       (  0.00000     ,  1.00000     )
                                       (  0.00000     ,  1.00000     )

#********** Integration by Vegas (iteration       1) ************
#                                                               *
#  integral  =  1191.4624       accum. integral =  1191.4624    *
#  std. dev. =  98.861386       accum. std. dev =  98.861386    *
#   min/max. wt. =    0.00000             61.6266               *
#                                                               *
#*************   chi**2/iteration =  0.000       ****************


#********** Integration by Vegas (iteration       2) ************
#                                                               *
#  integral  =  1339.7336       accum. integral =  1327.1729    *
#  std. dev. =  33.819345       accum. std. dev =  30.617143    *
#   min/max. wt. =    0.00000             16.0499               *
#                                                               *
#*************   chi**2/iteration =  1.817       ****************


#********** Integration by Vegas (iteration       3) ************
#                                                               *
#  integral  =  1453.0603       accum. integral =  1432.8698    *
#  std. dev. =  15.337376       accum. std. dev =  12.886690    *
#   min/max. wt. =    0.00000             11.2779               *
#                                                               *
#*************   chi**2/iteration =  7.245       ****************


#********** Integration by Vegas (iteration       4) ************
#                                                               *
#  integral  =  1428.9956       accum. integral =  1429.0819    *
#  std. dev. =  2.0858362       accum. std. dev =  1.9588460    *
#   min/max. wt. =    0.00000            0.831793               *
#                                                               *
#*************   chi**2/iteration =  4.684       ****************


#********** Integration by Vegas (iteration       5) ************
#                                                               *
#  integral  =  1429.9440       accum. integral =  1429.8500    *
#  std. dev. = 0.72210625       accum. std. dev = 0.65399585    *
#   min/max. wt. =    0.00000            0.344685E-01           *
#                                                               *
#*************   chi**2/iteration =  3.480       ****************


#********** Integration by Vegas (iteration       6) ************
#                                                               *
#  integral  =  1429.6541       accum. integral =  1429.7305    *
#  std. dev. = 0.54517764       accum. std. dev = 0.41146346    *
#   min/max. wt. =    0.00000            0.313281E-01           *
#                                                               *
#*************   chi**2/iteration =  2.756       ****************


#********** Integration by Vegas (iteration       7) ************
#                                                               *
#  integral  =  1430.2990       accum. integral =  1429.9685    *
#  std. dev. = 0.50200260       accum. std. dev = 0.31535373    *
#   min/max. wt. =    0.00000            0.436330E-01           *
#                                                               *
#*************   chi**2/iteration =  2.405       ****************


#********** Integration by Vegas (iteration       8) ************
#                                                               *
#  integral  =  1430.9833       accum. integral =  1430.2802    *
#  std. dev. = 0.48799824       accum. std. dev = 0.26350079    *
#   min/max. wt. =    0.00000            0.291166E-01           *
#                                                               *
#*************   chi**2/iteration =  2.497       ****************


#********** Integration by Vegas (iteration       9) ************
#                                                               *
#  integral  =  1429.6882       accum. integral =  1430.1372    *
#  std. dev. = 0.47891160       accum. std. dev = 0.23014876    *
#   min/max. wt. =    0.00000            0.243171E-01           *
#                                                               *
#*************   chi**2/iteration =  2.324       ****************


#********** Integration by Vegas (iteration      10) ************
#                                                               *
#  integral  =  1429.9586       accum. integral =  1430.1030    *
#  std. dev. = 0.48344295       accum. std. dev = 0.20740066    *
#   min/max. wt. =    0.00000            0.239768E-01           *
#                                                               *
#*************   chi**2/iteration =  2.069       ****************


#********** Integration by Vegas (iteration      11) ************
#                                                               *
#  integral  =  1429.6746       accum. integral =  1430.0336    *
#  std. dev. = 0.48135805       accum. std. dev = 0.19021911    *
#   min/max. wt. =    0.00000            0.259989E-01           *
#                                                               *
#*************   chi**2/iteration =  1.924       ****************


#********** Integration by Vegas (iteration      12) ************
#                                                               *
#  integral  =  1429.8788       accum. integral =  1430.0123    *
#  std. dev. = 0.48497294       accum. std. dev = 0.17692063    *
#   min/max. wt. =    0.00000            0.184287E-01           *
#                                                               *
#*************   chi**2/iteration =  1.752       ****************


#********** Integration by Vegas (iteration      13) ************
#                                                               *
#  integral  =  1428.6802       accum. integral =  1429.8535    *
#  std. dev. = 0.48851534       accum. std. dev = 0.16624312    *
#   min/max. wt. =    0.00000            0.161122E-01           *
#                                                               *
#*************   chi**2/iteration =  2.164       ****************


#********** Integration by Vegas (iteration      14) ************
#                                                               *
#  integral  =  1429.2311       accum. integral =  1429.7888    *
#  std. dev. = 0.49583732       accum. std. dev = 0.15754883    *
#   min/max. wt. =    0.00000            0.183280E-01           *
#                                                               *
#*************   chi**2/iteration =  2.105       ****************


#********** Integration by Vegas (iteration      15) ************
#                                                               *
#  integral  =  1429.5038       accum. integral =  1429.7623    *
#  std. dev. = 0.49892051       accum. std. dev = 0.15018467    *
#   min/max. wt. =    0.00000            0.250724E-01           *
#                                                               *
#*************   chi**2/iteration =  1.972       ****************

 ****************************************************
 * Writing out vegas grid to ./data/output.grid                                                      
 ****************************************************

  Input parameters for vegas:  ndim=  9   ncall= 80707214.
                              it=    0    itmx=    2
                              acc=-1.00    
                              mds=  1     nd=  50
                              (xl,xu)= (  0.00000     ,  1.00000     )
                                       (  0.00000     ,  1.00000     )
                                       (  0.00000     ,  1.00000     )
                                       (  0.00000     ,  1.00000     )
                                       (  0.00000     ,  1.00000     )
                                       (  0.00000     ,  1.00000     )
                                       (  0.00000     ,  1.00000     )
                                       (  0.00000     ,  1.00000     )
                                       (  0.00000     ,  1.00000     )

#********** Integration by Vegas (iteration       1) ************
#                                                               *
#  integral  =  1429.9412       accum. integral =  1429.9412    *
#  std. dev. = 0.50410509       accum. std. dev = 0.50410509    *
#   min/max. wt. =    0.00000            0.155319E-01           *
#                                                               *
#*************   chi**2/iteration =  0.000       ****************


#********** Integration by Vegas (iteration       2) ************
#                                                               *
#  integral  =  1429.6901       accum. integral =  1429.8166    *
#  std. dev. = 0.50796419       accum. std. dev = 0.35781248    *
#   min/max. wt. =    0.00000            0.116130E-01           *
#                                                               *
#*************   chi**2/iteration = 0.1230       ****************

 Done
