SLURM job running in:  /work-zfs/lhc/heshy/JHUGen/xsecs/JHUGen_new/JHUGenerator
LHAPDF 6.1.5 loading /work-zfs/lhc/cms/slc6_amd64_gcc493/external/lhapdf/6.1.5-kpegke3/share/LHAPDF/NNPDF30_lo_as_0130/NNPDF30_lo_as_0130_0000.dat
NNPDF30_lo_as_0130 PDF set, member #0, version 2; LHAPDF ID = 263000
 
                                                                                          
   ***************************************************************************************
   *                                JHU Generator v7.0.2                                 *
   ***************************************************************************************
   *                                                                                     *
   *   Spin and parity determination of single-produced resonances at hadron colliders   *
   *                                                                                     *
   *          I. Anderson, S. Bolognesi, F. Caola, Y. Gao, A. Gritsan, Z. Guo,           *
   *        C. Martin, K. Melnikov, R. Rontsch, H. Roskes, U. Sarica, M. Schulze,        *
   *                   N. Tran, A. Whitbeck, M. Xiao, C. You, Y. Zhou                    *
   *               Phys.Rev. D81 (2010) 075022;  arXiv:1001.3396  [hep-ph],              *
   *               Phys.Rev. D86 (2012) 095031;  arXiv:1208.4018  [hep-ph],              *
   *               Phys.Rev. D89 (2014) 035007;  arXiv:1309.4819  [hep-ph],              *
   *               Phys.Rev. D94 (2016) 055023;  arXiv:1606.03107 [hep-ph].              *
   *                                                                                     *
   ***************************************************************************************
                                                                                          
   
   Command line: ./JHUGen Unweighted=0 VegasNc0=99999999 VegasNc1=99999999 VegasNc2=99999999 LHAPDF=NNPDF30_lo_as_0130/NNPDF30_lo_as_0130.info MReso=386 DecayMode1=0 DecayMode2=0 Interf=0 Process=0 ghz1=0,0 ghz1_prime2=1,0
   
   Input Parameter:
    Collider: P-P, sqrt(s)=13000.00
    Resonance: spin=0, mass= 386.00 width=   0.00407
    DecayMode1: 0  DecayMode2: 0
    Z-boson: mass=91.188, width=2.4952
    Random seed:   500659677
    To reproduce results using this seed, JHUGen should be compiled with the same compiler:
      GNU Fortran (GCC) 4.9.3
    
    OffXVV: TTT
    WidthScheme:   2
    PChannel: 0
    LHAPDF set NNPDF30_lo_as_0130/NNPDF30_lo_as_0130.info, member=  0
    Unweighted: F
    Interference: F
    Intermediate off-shell photons: F
    
    spin-0-VV couplings: 
      generate_as=F
      ghg2=  0.10000000E+01  0.00000000E+00i
      ghz1_prime2=  0.10000000E+01  0.00000000E+00i,    Lambda_z1=  1.0000E+04
      Lambda=  1000.0
    
    LHE output: ./data/output.lhe
    Histogram output: ./data/output.dat
    Log file: ./data/output.log
    
  Running

  Input parameters for vegas:  ndim= 11   ncall= 99999999.
                              it=    0    itmx=    5
                              acc=-1.00    
                              mds=  0     nd=  50
                              (xl,xu)= (  0.00000     ,  1.00000     )
                                       (  0.00000     ,  1.00000     )
                                       (  0.00000     ,  1.00000     )
                                       (  0.00000     ,  1.00000     )
                                       (  0.00000     ,  1.00000     )
                                       (  0.00000     ,  1.00000     )
                                       (  0.00000     ,  1.00000     )
                                       (  0.00000     ,  1.00000     )
                                       (  0.00000     ,  1.00000     )
                                       (  0.00000     ,  1.00000     )
                                       (  0.00000     ,  1.00000     )

#********** Integration by Vegas (iteration       1) ************
#                                                               *
#  integral  = 0.93137235E-03   accum. integral = 0.93137235E-03*
#  std. dev. = 0.38213386E-06   accum. std. dev = 0.38213386E-06*
#   min/max. wt. =    0.00000            0.107270E-08           *
#                                                               *
#*************   chi**2/iteration =  0.000       ****************


#********** Integration by Vegas (iteration       2) ************
#                                                               *
#  integral  = 0.93043862E-03   accum. integral = 0.93049190E-03*
#  std. dev. = 0.93910366E-07   accum. std. dev = 0.91237404E-07*
#   min/max. wt. =    0.00000            0.784306E-10           *
#                                                               *
#*************   chi**2/iteration =  5.630       ****************


#********** Integration by Vegas (iteration       3) ************
#                                                               *
#  integral  = 0.93036034E-03   accum. integral = 0.93040885E-03*
#  std. dev. = 0.69689392E-07   accum. std. dev = 0.55391528E-07*
#   min/max. wt. =    0.00000            0.463099E-10           *
#                                                               *
#*************   chi**2/iteration =  3.474       ****************


#********** Integration by Vegas (iteration       4) ************
#                                                               *
#  integral  = 0.93032668E-03   accum. integral = 0.93037553E-03*
#  std. dev. = 0.67041219E-07   accum. std. dev = 0.42704569E-07*
#   min/max. wt. =    0.00000            0.982462E-10           *
#                                                               *
#*************   chi**2/iteration =  2.614       ****************


#********** Integration by Vegas (iteration       5) ************
#                                                               *
#  integral  = 0.93030904E-03   accum. integral = 0.93035637E-03*
#  std. dev. = 0.67098181E-07   accum. std. dev = 0.36027886E-07*
#   min/max. wt. =    0.00000            0.135933E-09           *
#                                                               *
#*************   chi**2/iteration =  2.136       ****************

 ****************************************************
 * Writing out vegas grid to ./data/output.grid                                                      
 ****************************************************

  Input parameters for vegas:  ndim= 11   ncall= 99999999.
                              it=    0    itmx=    2
                              acc=-1.00    
                              mds=  0     nd=  50
                              (xl,xu)= (  0.00000     ,  1.00000     )
                                       (  0.00000     ,  1.00000     )
                                       (  0.00000     ,  1.00000     )
                                       (  0.00000     ,  1.00000     )
                                       (  0.00000     ,  1.00000     )
                                       (  0.00000     ,  1.00000     )
                                       (  0.00000     ,  1.00000     )
                                       (  0.00000     ,  1.00000     )
                                       (  0.00000     ,  1.00000     )
                                       (  0.00000     ,  1.00000     )
                                       (  0.00000     ,  1.00000     )

#********** Integration by Vegas (iteration       1) ************
#                                                               *
#  integral  = 0.93036197E-03   accum. integral = 0.93036197E-03*
#  std. dev. = 0.67205133E-07   accum. std. dev = 0.67205133E-07*
#   min/max. wt. =    0.00000            0.127909E-09           *
#                                                               *
#*************   chi**2/iteration = 0.4689E-04   ****************


#********** Integration by Vegas (iteration       2) ************
#                                                               *
#  integral  = 0.93036431E-03   accum. integral = 0.93036314E-03*
#  std. dev. = 0.67292417E-07   accum. std. dev = 0.47552035E-07*
#   min/max. wt. =    0.00000            0.138940E-09           *
#                                                               *
#*************   chi**2/iteration = 0.6045E-03   ****************

 Done
