SLURM job running in:  /work-zfs/lhc/heshy/JHUGen/xsecs/JHUGen_new/JHUGenerator
LHAPDF 6.1.5 loading /work-zfs/lhc/cms/slc6_amd64_gcc493/external/lhapdf/6.1.5-kpegke3/share/LHAPDF/NNPDF30_lo_as_0130/NNPDF30_lo_as_0130_0000.dat
NNPDF30_lo_as_0130 PDF set, member #0, version 2; LHAPDF ID = 263000
 
                                                                                          
   ***************************************************************************************
   *                                JHU Generator v7.0.2                                 *
   ***************************************************************************************
   *                                                                                     *
   *   Spin and parity determination of single-produced resonances at hadron colliders   *
   *                                                                                     *
   *          I. Anderson, S. Bolognesi, F. Caola, Y. Gao, A. Gritsan, Z. Guo,           *
   *        C. Martin, K. Melnikov, R. Rontsch, H. Roskes, U. Sarica, M. Schulze,        *
   *                   N. Tran, A. Whitbeck, M. Xiao, C. You, Y. Zhou                    *
   *               Phys.Rev. D81 (2010) 075022;  arXiv:1001.3396  [hep-ph],              *
   *               Phys.Rev. D86 (2012) 095031;  arXiv:1208.4018  [hep-ph],              *
   *               Phys.Rev. D89 (2014) 035007;  arXiv:1309.4819  [hep-ph],              *
   *               Phys.Rev. D94 (2016) 055023;  arXiv:1606.03107 [hep-ph].              *
   *                                                                                     *
   ***************************************************************************************
                                                                                          
   
   Command line: ./JHUGen Unweighted=0 VegasNc0=99999999 VegasNc1=99999999 VegasNc2=99999999 LHAPDF=NNPDF30_lo_as_0130/NNPDF30_lo_as_0130.info MReso=70 DecayMode1=0 DecayMode2=0 Interf=0 Process=0 ghz1=0,0 ghz1_prime2=1,0
   
   Input Parameter:
    Collider: P-P, sqrt(s)=13000.00
    Resonance: spin=0, mass=  70.00 width=   0.00407
    DecayMode1: 0  DecayMode2: 0
    Z-boson: mass=91.188, width=2.4952
    Random seed:   480853043
    To reproduce results using this seed, JHUGen should be compiled with the same compiler:
      GNU Fortran (GCC) 4.9.3
    
    OffXVV: TTT
    WidthScheme:   2
    PChannel: 0
    LHAPDF set NNPDF30_lo_as_0130/NNPDF30_lo_as_0130.info, member=  0
    Unweighted: F
    Interference: F
    Intermediate off-shell photons: F
    
    spin-0-VV couplings: 
      generate_as=F
      ghg2=  0.10000000E+01  0.00000000E+00i
      ghz1_prime2=  0.10000000E+01  0.00000000E+00i,    Lambda_z1=  1.0000E+04
      Lambda=  1000.0
    
    LHE output: ./data/output.lhe
    Histogram output: ./data/output.dat
    Log file: ./data/output.log
    
  Running

  Input parameters for vegas:  ndim= 11   ncall= 99999999.
                              it=    0    itmx=    5
                              acc=-1.00    
                              mds=  0     nd=  50
                              (xl,xu)= (  0.00000     ,  1.00000     )
                                       (  0.00000     ,  1.00000     )
                                       (  0.00000     ,  1.00000     )
                                       (  0.00000     ,  1.00000     )
                                       (  0.00000     ,  1.00000     )
                                       (  0.00000     ,  1.00000     )
                                       (  0.00000     ,  1.00000     )
                                       (  0.00000     ,  1.00000     )
                                       (  0.00000     ,  1.00000     )
                                       (  0.00000     ,  1.00000     )
                                       (  0.00000     ,  1.00000     )

#********** Integration by Vegas (iteration       1) ************
#                                                               *
#  integral  = 0.66421579E-11   accum. integral = 0.66421579E-11*
#  std. dev. = 0.96412164E-14   accum. std. dev = 0.96412164E-14*
#   min/max. wt. =    0.00000            0.208571E-15           *
#                                                               *
#*************   chi**2/iteration =  0.000       ****************


#********** Integration by Vegas (iteration       2) ************
#                                                               *
#  integral  = 0.66375417E-11   accum. integral = 0.66376451E-11*
#  std. dev. = 0.14581575E-14   accum. std. dev = 0.14422402E-14*
#   min/max. wt. =    0.00000            0.390126E-17           *
#                                                               *
#*************   chi**2/iteration = 0.2240       ****************


#********** Integration by Vegas (iteration       3) ************
#                                                               *
#  integral  = 0.66366272E-11   accum. integral = 0.66367267E-11*
#  std. dev. = 0.47444241E-15   accum. std. dev = 0.45080765E-15*
#   min/max. wt. =    0.00000            0.637829E-18           *
#                                                               *
#*************   chi**2/iteration = 0.3368       ****************


#********** Integration by Vegas (iteration       4) ************
#                                                               *
#  integral  = 0.66374252E-11   accum. integral = 0.66371377E-11*
#  std. dev. = 0.37692918E-15   accum. std. dev = 0.28918828E-15*
#   min/max. wt. =    0.00000            0.105982E-17           *
#                                                               *
#*************   chi**2/iteration = 0.6953       ****************


#********** Integration by Vegas (iteration       5) ************
#                                                               *
#  integral  = 0.66366009E-11   accum. integral = 0.66369338E-11*
#  std. dev. = 0.36947404E-15   accum. std. dev = 0.22773818E-15*
#   min/max. wt. =    0.00000            0.139503E-17           *
#                                                               *
#*************   chi**2/iteration = 0.8487       ****************

 ****************************************************
 * Writing out vegas grid to ./data/output.grid                                                      
 ****************************************************

  Input parameters for vegas:  ndim= 11   ncall= 99999999.
                              it=    0    itmx=    2
                              acc=-1.00    
                              mds=  0     nd=  50
                              (xl,xu)= (  0.00000     ,  1.00000     )
                                       (  0.00000     ,  1.00000     )
                                       (  0.00000     ,  1.00000     )
                                       (  0.00000     ,  1.00000     )
                                       (  0.00000     ,  1.00000     )
                                       (  0.00000     ,  1.00000     )
                                       (  0.00000     ,  1.00000     )
                                       (  0.00000     ,  1.00000     )
                                       (  0.00000     ,  1.00000     )
                                       (  0.00000     ,  1.00000     )
                                       (  0.00000     ,  1.00000     )

#********** Integration by Vegas (iteration       1) ************
#                                                               *
#  integral  = 0.66368381E-11   accum. integral = 0.66368381E-11*
#  std. dev. = 0.36942055E-15   accum. std. dev = 0.36942055E-15*
#   min/max. wt. =    0.00000            0.179666E-17           *
#                                                               *
#*************   chi**2/iteration = 0.1292E-03   ****************


#********** Integration by Vegas (iteration       2) ************
#                                                               *
#  integral  = 0.66369141E-11   accum. integral = 0.66368761E-11*
#  std. dev. = 0.36979950E-15   accum. std. dev = 0.26135366E-15*
#   min/max. wt. =    0.00000            0.228698E-17           *
#                                                               *
#*************   chi**2/iteration = 0.2115E-01   ****************

 Done
