SLURM job running in:  /work-zfs/lhc/heshy/JHUGen/xsecs/JHUGen_new/JHUGenerator
LHAPDF 6.1.5 loading /work-zfs/lhc/cms/slc6_amd64_gcc493/external/lhapdf/6.1.5-kpegke3/share/LHAPDF/NNPDF30_lo_as_0130/NNPDF30_lo_as_0130_0000.dat
NNPDF30_lo_as_0130 PDF set, member #0, version 2; LHAPDF ID = 263000
 
                                                                                          
   ***************************************************************************************
   *                                JHU Generator v7.0.2                                 *
   ***************************************************************************************
   *                                                                                     *
   *   Spin and parity determination of single-produced resonances at hadron colliders   *
   *                                                                                     *
   *          I. Anderson, S. Bolognesi, F. Caola, Y. Gao, A. Gritsan, Z. Guo,           *
   *        C. Martin, K. Melnikov, R. Rontsch, H. Roskes, U. Sarica, M. Schulze,        *
   *                   N. Tran, A. Whitbeck, M. Xiao, C. You, Y. Zhou                    *
   *               Phys.Rev. D81 (2010) 075022;  arXiv:1001.3396  [hep-ph],              *
   *               Phys.Rev. D86 (2012) 095031;  arXiv:1208.4018  [hep-ph],              *
   *               Phys.Rev. D89 (2014) 035007;  arXiv:1309.4819  [hep-ph],              *
   *               Phys.Rev. D94 (2016) 055023;  arXiv:1606.03107 [hep-ph].              *
   *                                                                                     *
   ***************************************************************************************
                                                                                          
   
   Command line: ./JHUGen Unweighted=0 VegasNc0=99999999 VegasNc1=99999999 VegasNc2=99999999 LHAPDF=NNPDF30_lo_as_0130/NNPDF30_lo_as_0130.info MReso=645 DecayMode1=0 DecayMode2=0 Interf=0 Process=0 ghz1=0,0 ghz1_prime2=1,0
   
   Input Parameter:
    Collider: P-P, sqrt(s)=13000.00
    Resonance: spin=0, mass= 645.00 width=   0.00407
    DecayMode1: 0  DecayMode2: 0
    Z-boson: mass=91.188, width=2.4952
    Random seed:   497681509
    To reproduce results using this seed, JHUGen should be compiled with the same compiler:
      GNU Fortran (GCC) 4.9.3
    
    OffXVV: TTT
    WidthScheme:   2
    PChannel: 0
    LHAPDF set NNPDF30_lo_as_0130/NNPDF30_lo_as_0130.info, member=  0
    Unweighted: F
    Interference: F
    Intermediate off-shell photons: F
    
    spin-0-VV couplings: 
      generate_as=F
      ghg2=  0.10000000E+01  0.00000000E+00i
      ghz1_prime2=  0.10000000E+01  0.00000000E+00i,    Lambda_z1=  1.0000E+04
      Lambda=  1000.0
    
    LHE output: ./data/output.lhe
    Histogram output: ./data/output.dat
    Log file: ./data/output.log
    
  Running

  Input parameters for vegas:  ndim= 11   ncall= 99999999.
                              it=    0    itmx=    5
                              acc=-1.00    
                              mds=  0     nd=  50
                              (xl,xu)= (  0.00000     ,  1.00000     )
                                       (  0.00000     ,  1.00000     )
                                       (  0.00000     ,  1.00000     )
                                       (  0.00000     ,  1.00000     )
                                       (  0.00000     ,  1.00000     )
                                       (  0.00000     ,  1.00000     )
                                       (  0.00000     ,  1.00000     )
                                       (  0.00000     ,  1.00000     )
                                       (  0.00000     ,  1.00000     )
                                       (  0.00000     ,  1.00000     )
                                       (  0.00000     ,  1.00000     )

#********** Integration by Vegas (iteration       1) ************
#                                                               *
#  integral  = 0.12175802E-02   accum. integral = 0.12175802E-02*
#  std. dev. = 0.40258598E-06   accum. std. dev = 0.40258598E-06*
#   min/max. wt. =    0.00000            0.108112E-08           *
#                                                               *
#*************   chi**2/iteration =  0.000       ****************


#********** Integration by Vegas (iteration       2) ************
#                                                               *
#  integral  = 0.12179773E-02   accum. integral = 0.12179445E-02*
#  std. dev. = 0.12090825E-06   accum. std. dev = 0.11578285E-06*
#   min/max. wt. =    0.00000            0.100142E-09           *
#                                                               *
#*************   chi**2/iteration = 0.8915       ****************


#********** Integration by Vegas (iteration       3) ************
#                                                               *
#  integral  = 0.12178966E-02   accum. integral = 0.12179155E-02*
#  std. dev. = 0.93570977E-07   accum. std. dev = 0.72774192E-07*
#   min/max. wt. =    0.00000            0.668379E-10           *
#                                                               *
#*************   chi**2/iteration = 0.4977       ****************


#********** Integration by Vegas (iteration       4) ************
#                                                               *
#  integral  = 0.12178942E-02   accum. integral = 0.12179072E-02*
#  std. dev. = 0.90759123E-07   accum. std. dev = 0.56775631E-07*
#   min/max. wt. =    0.00000            0.140637E-09           *
#                                                               *
#*************   chi**2/iteration = 0.3430       ****************


#********** Integration by Vegas (iteration       5) ************
#                                                               *
#  integral  = 0.12179057E-02   accum. integral = 0.12179068E-02*
#  std. dev. = 0.90933698E-07   accum. std. dev = 0.48159204E-07*
#   min/max. wt. =    0.00000            0.191483E-09           *
#                                                               *
#*************   chi**2/iteration = 0.2573       ****************

 ****************************************************
 * Writing out vegas grid to ./data/output.grid                                                      
 ****************************************************

  Input parameters for vegas:  ndim= 11   ncall= 99999999.
                              it=    0    itmx=    2
                              acc=-1.00    
                              mds=  0     nd=  50
                              (xl,xu)= (  0.00000     ,  1.00000     )
                                       (  0.00000     ,  1.00000     )
                                       (  0.00000     ,  1.00000     )
                                       (  0.00000     ,  1.00000     )
                                       (  0.00000     ,  1.00000     )
                                       (  0.00000     ,  1.00000     )
                                       (  0.00000     ,  1.00000     )
                                       (  0.00000     ,  1.00000     )
                                       (  0.00000     ,  1.00000     )
                                       (  0.00000     ,  1.00000     )
                                       (  0.00000     ,  1.00000     )

#********** Integration by Vegas (iteration       1) ************
#                                                               *
#  integral  = 0.12178523E-02   accum. integral = 0.12178523E-02*
#  std. dev. = 0.91079835E-07   accum. std. dev = 0.91079835E-07*
#   min/max. wt. =    0.00000            0.180676E-09           *
#                                                               *
#*************   chi**2/iteration = 0.2553E-04   ****************


#********** Integration by Vegas (iteration       2) ************
#                                                               *
#  integral  = 0.12178585E-02   accum. integral = 0.12178554E-02*
#  std. dev. = 0.91211345E-07   accum. std. dev = 0.64449614E-07*
#   min/max. wt. =    0.00000            0.185485E-09           *
#                                                               *
#*************   chi**2/iteration = 0.2344E-02   ****************

 Done
