SLURM job running in:  /work-zfs/lhc/heshy/JHUGen/xsecs/JHUGen/JHUGenerator
LHAPDF 6.1.5 loading /work-zfs/lhc/cms/slc6_amd64_gcc493/external/lhapdf/6.1.5-kpegke3/share/LHAPDF/NNPDF30_lo_as_0130/NNPDF30_lo_as_0130_0000.dat
NNPDF30_lo_as_0130 PDF set, member #0, version 2; LHAPDF ID = 263000
 
                                                                                          
   ***************************************************************************************
   *                                JHU Generator v6.9.9                                 *
   ***************************************************************************************
   *                                                                                     *
   *   Spin and parity determination of single-produced resonances at hadron colliders   *
   *                                                                                     *
   *          I. Anderson, S. Bolognesi, F. Caola, Y. Gao, A. Gritsan, Z. Guo,           *
   *        C. Martin, K. Melnikov, R.Rontsch, H. Roskes, U. Sarica, M. Schulze,         *
   *                   N. Tran, A. Whitbeck, M. Xiao, C. You, Y. Zhou                    *
   *                Phys.Rev. D81 (2010) 075022;  arXiv:1001.3396 [hep-ph],              *
   *                Phys.Rev. D86 (2012) 095031;  arXiv:1208.4018 [hep-ph],              *
   *                Phys.Rev. D89 (2014) 035007;  arXiv:1309.4819 [hep-ph].              *
   *                                                                                     *
   ***************************************************************************************
                                                                                          
   
   Command line: ./JHUGen Unweighted=0 VegasNc0=99999999 VegasNc1=99999999 VegasNc2=99999999 LHAPDF=NNPDF30_lo_as_0130/NNPDF30_lo_as_0130.info MReso=100 Process=61 ghg2=1,0 pTjetcut=25 etajetcut=4.7 pTlepcut=5 etalepcut=2.5
   
   Input Parameter:
    Collider: P-P, sqrt(s)=13000.00
    Resonance: spin=0, mass= 100.00 width=   0.00407
    Jet cuts:
            pT >=    25.00 GeV
         |eta| <=     4.70
        DeltaR >=     0.30
           mJJ >=     0.00 GeV
           m4l_min/max      -1.00     -1.00 GeV
    Random seed:    12512865
    To reproduce results using this seed, JHUGen should be compiled with the same compiler:
      GNU Fortran (GCC) 4.8.2
    
    WidthScheme:   2
    LHAPDF set NNPDF30_lo_as_0130/NNPDF30_lo_as_0130.info, member=  0
    Unweighted: F
    
    spin-0-VV couplings: 
      generate_as=F
      ghg2=  0.10000000E+01  0.00000000E+00i
      ghg3=  0.00000000E+00  0.00000000E+00i
      ghg4=  0.00000000E+00  0.00000000E+00i
      ghz1=  0.20000000E+01  0.00000000E+00i
      ghz2=  0.00000000E+00  0.00000000E+00i
      ghz3=  0.00000000E+00  0.00000000E+00i
      ghz4=  0.00000000E+00  0.00000000E+00i
      Lambda=  1000.0
    
    LHE output: ./data/output.lhe
    Histogram output: ./data/output.dat
    Log file: ./data/output.log
    
  Running

  Input parameters for vegas:  ndim=  9   ncall= 80707214.
                              it=    0    itmx=   15
                              acc=-1.00    
                              mds=  1     nd=  50
                              (xl,xu)= (  0.00000     ,  1.00000     )
                                       (  0.00000     ,  1.00000     )
                                       (  0.00000     ,  1.00000     )
                                       (  0.00000     ,  1.00000     )
                                       (  0.00000     ,  1.00000     )
                                       (  0.00000     ,  1.00000     )
                                       (  0.00000     ,  1.00000     )
                                       (  0.00000     ,  1.00000     )
                                       (  0.00000     ,  1.00000     )

#********** Integration by Vegas (iteration       1) ************
#                                                               *
#  integral  =  8277.8339       accum. integral =  8277.8339    *
#  std. dev. =  361.65221       accum. std. dev =  361.65221    *
#   min/max. wt. =    0.00000             206.500               *
#                                                               *
#*************   chi**2/iteration =  0.000       ****************


#********** Integration by Vegas (iteration       2) ************
#                                                               *
#  integral  =  9384.1580       accum. integral =  9305.1492    *
#  std. dev. =  113.69873       accum. std. dev =  103.30730    *
#   min/max. wt. =    0.00000             93.7171               *
#                                                               *
#*************   chi**2/iteration =  7.598       ****************


#********** Integration by Vegas (iteration       3) ************
#                                                               *
#  integral  =  9288.4509       accum. integral =  9289.6221    *
#  std. dev. =  29.783858       accum. std. dev =  27.820477    *
#   min/max. wt. =    0.00000             8.21598               *
#                                                               *
#*************   chi**2/iteration =  3.688       ****************


#********** Integration by Vegas (iteration       4) ************
#                                                               *
#  integral  =  9376.6898       accum. integral =  9361.7038    *
#  std. dev. =  13.219865       accum. std. dev =  11.665484    *
#   min/max. wt. =    0.00000             7.71523               *
#                                                               *
#*************   chi**2/iteration =  5.052       ****************


#********** Integration by Vegas (iteration       5) ************
#                                                               *
#  integral  =  9360.8130       accum. integral =  9361.1197    *
#  std. dev. =  8.7007388       accum. std. dev =  6.8852832    *
#   min/max. wt. =    0.00000             2.92041               *
#                                                               *
#*************   chi**2/iteration =  3.746       ****************


#********** Integration by Vegas (iteration       6) ************
#                                                               *
#  integral  =  9365.2599       accum. integral =  9363.6848    *
#  std. dev. =  5.5237635       accum. std. dev =  4.2638662    *
#   min/max. wt. =    0.00000             1.04957               *
#                                                               *
#*************   chi**2/iteration =  3.017       ****************


#********** Integration by Vegas (iteration       7) ************
#                                                               *
#  integral  =  9356.6512       accum. integral =  9360.3941    *
#  std. dev. =  4.6326672       accum. std. dev =  3.1188084    *
#   min/max. wt. =    0.00000            0.532845               *
#                                                               *
#*************   chi**2/iteration =  2.712       ****************


#********** Integration by Vegas (iteration       8) ************
#                                                               *
#  integral  =  9362.3334       accum. integral =  9361.0386    *
#  std. dev. =  4.4939187       accum. std. dev =  2.5537033    *
#   min/max. wt. =    0.00000            0.688159               *
#                                                               *
#*************   chi**2/iteration =  2.333       ****************


#********** Integration by Vegas (iteration       9) ************
#                                                               *
#  integral  =  9360.1868       accum. integral =  9360.8465    *
#  std. dev. =  4.8007470       accum. std. dev =  2.2510443    *
#   min/max. wt. =    0.00000             1.82805               *
#                                                               *
#*************   chi**2/iteration =  2.038       ****************


#********** Integration by Vegas (iteration      10) ************
#                                                               *
#  integral  =  9352.7910       accum. integral =  9359.2723    *
#  std. dev. =  4.6216422       accum. std. dev =  2.0215507    *
#   min/max. wt. =    0.00000            0.751729               *
#                                                               *
#*************   chi**2/iteration =  2.085       ****************


#********** Integration by Vegas (iteration      11) ************
#                                                               *
#  integral  =  9356.0500       accum. integral =  9358.7049    *
#  std. dev. =  4.4211002       accum. std. dev =  1.8368110    *
#   min/max. wt. =    0.00000            0.837626               *
#                                                               *
#*************   chi**2/iteration =  1.917       ****************


#********** Integration by Vegas (iteration      12) ************
#                                                               *
#  integral  =  9359.9876       accum. integral =  9358.9030    *
#  std. dev. =  4.3434064       accum. std. dev =  1.6905448    *
#   min/max. wt. =    0.00000            0.362231               *
#                                                               *
#*************   chi**2/iteration =  1.747       ****************


#********** Integration by Vegas (iteration      13) ************
#                                                               *
#  integral  =  9353.5012       accum. integral =  9358.1691    *
#  std. dev. =  4.3014906       accum. std. dev =  1.5726009    *
#   min/max. wt. =    0.00000            0.534637               *
#                                                               *
#*************   chi**2/iteration =  1.714       ****************


#********** Integration by Vegas (iteration      14) ************
#                                                               *
#  integral  =  9355.9432       accum. integral =  9357.8995    *
#  std. dev. =  4.2712411       accum. std. dev =  1.4751564    *
#   min/max. wt. =    0.00000            0.520130               *
#                                                               *
#*************   chi**2/iteration =  1.599       ****************


#********** Integration by Vegas (iteration      15) ************
#                                                               *
#  integral  =  9356.2857       accum. integral =  9357.7378    *
#  std. dev. =  4.4559977       accum. std. dev =  1.4000594    *
#   min/max. wt. =    0.00000             1.26133               *
#                                                               *
#*************   chi**2/iteration =  1.492       ****************

 ****************************************************
 * Writing out vegas grid to ./data/output.grid                                                      
 ****************************************************

  Input parameters for vegas:  ndim=  9   ncall= 80707214.
                              it=    0    itmx=    2
                              acc=-1.00    
                              mds=  1     nd=  50
                              (xl,xu)= (  0.00000     ,  1.00000     )
                                       (  0.00000     ,  1.00000     )
                                       (  0.00000     ,  1.00000     )
                                       (  0.00000     ,  1.00000     )
                                       (  0.00000     ,  1.00000     )
                                       (  0.00000     ,  1.00000     )
                                       (  0.00000     ,  1.00000     )
                                       (  0.00000     ,  1.00000     )
                                       (  0.00000     ,  1.00000     )

#********** Integration by Vegas (iteration       1) ************
#                                                               *
#  integral  =  9357.8467       accum. integral =  9357.8467    *
#  std. dev. =  4.3928443       accum. std. dev =  4.3928443    *
#   min/max. wt. =    0.00000            0.458734               *
#                                                               *
#*************   chi**2/iteration =  0.000       ****************


#********** Integration by Vegas (iteration       2) ************
#                                                               *
#  integral  =  9358.9059       accum. integral =  9358.3887    *
#  std. dev. =  4.2919135       accum. std. dev =  3.0698995    *
#   min/max. wt. =    0.00000            0.339079               *
#                                                               *
#*************   chi**2/iteration = 0.2971E-01   ****************

 Done
