SLURM job running in:  /work-zfs/lhc/heshy/JHUGen/xsecs/JHUGen/JHUGenerator
LHAPDF 6.1.5 loading /work-zfs/lhc/cms/slc6_amd64_gcc493/external/lhapdf/6.1.5-kpegke3/share/LHAPDF/NNPDF30_lo_as_0130/NNPDF30_lo_as_0130_0000.dat
NNPDF30_lo_as_0130 PDF set, member #0, version 2; LHAPDF ID = 263000
 
                                                                                          
   ***************************************************************************************
   *                                JHU Generator v6.9.9                                 *
   ***************************************************************************************
   *                                                                                     *
   *   Spin and parity determination of single-produced resonances at hadron colliders   *
   *                                                                                     *
   *          I. Anderson, S. Bolognesi, F. Caola, Y. Gao, A. Gritsan, Z. Guo,           *
   *        C. Martin, K. Melnikov, R.Rontsch, H. Roskes, U. Sarica, M. Schulze,         *
   *                   N. Tran, A. Whitbeck, M. Xiao, C. You, Y. Zhou                    *
   *                Phys.Rev. D81 (2010) 075022;  arXiv:1001.3396 [hep-ph],              *
   *                Phys.Rev. D86 (2012) 095031;  arXiv:1208.4018 [hep-ph],              *
   *                Phys.Rev. D89 (2014) 035007;  arXiv:1309.4819 [hep-ph].              *
   *                                                                                     *
   ***************************************************************************************
                                                                                          
   
   Command line: ./JHUGen Unweighted=0 VegasNc0=99999999 VegasNc1=99999999 VegasNc2=99999999 LHAPDF=NNPDF30_lo_as_0130/NNPDF30_lo_as_0130.info MReso=116 Process=61 ghg2=1,0 pTjetcut=25 etajetcut=4.7 pTlepcut=5 etalepcut=2.5
   
   Input Parameter:
    Collider: P-P, sqrt(s)=13000.00
    Resonance: spin=0, mass= 116.00 width=   0.00407
    Jet cuts:
            pT >=    25.00 GeV
         |eta| <=     4.70
        DeltaR >=     0.30
           mJJ >=     0.00 GeV
           m4l_min/max      -1.00     -1.00 GeV
    Random seed:   606509390
    To reproduce results using this seed, JHUGen should be compiled with the same compiler:
      GNU Fortran (GCC) 4.8.2
    
    WidthScheme:   2
    LHAPDF set NNPDF30_lo_as_0130/NNPDF30_lo_as_0130.info, member=  0
    Unweighted: F
    
    spin-0-VV couplings: 
      generate_as=F
      ghg2=  0.10000000E+01  0.00000000E+00i
      ghg3=  0.00000000E+00  0.00000000E+00i
      ghg4=  0.00000000E+00  0.00000000E+00i
      ghz1=  0.20000000E+01  0.00000000E+00i
      ghz2=  0.00000000E+00  0.00000000E+00i
      ghz3=  0.00000000E+00  0.00000000E+00i
      ghz4=  0.00000000E+00  0.00000000E+00i
      Lambda=  1000.0
    
    LHE output: ./data/output.lhe
    Histogram output: ./data/output.dat
    Log file: ./data/output.log
    
  Running

  Input parameters for vegas:  ndim=  9   ncall= 80707214.
                              it=    0    itmx=   15
                              acc=-1.00    
                              mds=  1     nd=  50
                              (xl,xu)= (  0.00000     ,  1.00000     )
                                       (  0.00000     ,  1.00000     )
                                       (  0.00000     ,  1.00000     )
                                       (  0.00000     ,  1.00000     )
                                       (  0.00000     ,  1.00000     )
                                       (  0.00000     ,  1.00000     )
                                       (  0.00000     ,  1.00000     )
                                       (  0.00000     ,  1.00000     )
                                       (  0.00000     ,  1.00000     )

#********** Integration by Vegas (iteration       1) ************
#                                                               *
#  integral  =  7006.6791       accum. integral =  7006.6791    *
#  std. dev. =  372.18455       accum. std. dev =  372.18455    *
#   min/max. wt. =    0.00000             226.365               *
#                                                               *
#*************   chi**2/iteration = -.5379E-10   ****************


#********** Integration by Vegas (iteration       2) ************
#                                                               *
#  integral  =  7565.8597       accum. integral =  7557.9836    *
#  std. dev. =  48.035824       accum. std. dev =  45.967553    *
#   min/max. wt. =    0.00000             17.7984               *
#                                                               *
#*************   chi**2/iteration =  2.053       ****************


#********** Integration by Vegas (iteration       3) ************
#                                                               *
#  integral  =  7657.9484       accum. integral =  7589.3867    *
#  std. dev. =  71.333475       accum. std. dev =  38.716741    *
#   min/max. wt. =    0.00000             68.3945               *
#                                                               *
#*************   chi**2/iteration =  1.711       ****************


#********** Integration by Vegas (iteration       4) ************
#                                                               *
#  integral  =  7591.8619       accum. integral =  7591.0416    *
#  std. dev. =  27.906079       accum. std. dev =  22.422173    *
#   min/max. wt. =    0.00000             8.30817               *
#                                                               *
#*************   chi**2/iteration =  1.128       ****************


#********** Integration by Vegas (iteration       5) ************
#                                                               *
#  integral  =  7595.9704       accum. integral =  7595.6757    *
#  std. dev. =  5.7575420       accum. std. dev =  5.5030462    *
#   min/max. wt. =    0.00000            0.759337               *
#                                                               *
#*************   chi**2/iteration = 0.8512       ****************


#********** Integration by Vegas (iteration       6) ************
#                                                               *
#  integral  =  7602.9036       accum. integral =  7600.1732    *
#  std. dev. =  4.3537643       accum. std. dev =  3.3909933    *
#   min/max. wt. =    0.00000            0.863008               *
#                                                               *
#*************   chi**2/iteration = 0.8910       ****************


#********** Integration by Vegas (iteration       7) ************
#                                                               *
#  integral  =  7603.7009       accum. integral =  7601.7431    *
#  std. dev. =  3.8356331       accum. std. dev =  2.5308563    *
#   min/max. wt. =    0.00000            0.485060               *
#                                                               *
#*************   chi**2/iteration = 0.8197       ****************


#********** Integration by Vegas (iteration       8) ************
#                                                               *
#  integral  =  7603.4353       accum. integral =  7602.3029    *
#  std. dev. =  3.6392752       accum. std. dev =  2.0732245    *
#   min/max. wt. =    0.00000            0.287067               *
#                                                               *
#*************   chi**2/iteration = 0.7218       ****************


#********** Integration by Vegas (iteration       9) ************
#                                                               *
#  integral  =  7607.0002       accum. integral =  7603.3929    *
#  std. dev. =  3.8096392       accum. std. dev =  1.8188759    *
#   min/max. wt. =    0.00000            0.786975               *
#                                                               *
#*************   chi**2/iteration = 0.7787       ****************


#********** Integration by Vegas (iteration      10) ************
#                                                               *
#  integral  =  7603.4130       accum. integral =  7603.3970    *
#  std. dev. =  3.6222714       accum. std. dev =  1.6240647    *
#   min/max. wt. =    0.00000            0.294047               *
#                                                               *
#*************   chi**2/iteration = 0.6910       ****************


#********** Integration by Vegas (iteration      11) ************
#                                                               *
#  integral  =  7606.0064       accum. integral =  7603.8380    *
#  std. dev. =  3.6299233       accum. std. dev =  1.4815573    *
#   min/max. wt. =    0.00000            0.716199               *
#                                                               *
#*************   chi**2/iteration = 0.6646       ****************


#********** Integration by Vegas (iteration      12) ************
#                                                               *
#  integral  =  7606.2016       accum. integral =  7604.1613    *
#  std. dev. =  3.7484355       accum. std. dev =  1.3773205    *
#   min/max. wt. =    0.00000             1.29046               *
#                                                               *
#*************   chi**2/iteration = 0.6351       ****************


#********** Integration by Vegas (iteration      13) ************
#                                                               *
#  integral  =  7594.8755       accum. integral =  7602.9755    *
#  std. dev. =  3.6181590       accum. std. dev =  1.2868819    *
#   min/max. wt. =    0.00000            0.185445               *
#                                                               *
#*************   chi**2/iteration =  1.065       ****************


#********** Integration by Vegas (iteration      14) ************
#                                                               *
#  integral  =  7606.6807       accum. integral =  7603.4006    *
#  std. dev. =  3.5971890       accum. std. dev =  1.2113574    *
#   min/max. wt. =    0.00000            0.412857               *
#                                                               *
#*************   chi**2/iteration =  1.055       ****************


#********** Integration by Vegas (iteration      15) ************
#                                                               *
#  integral  =  7605.6157       accum. integral =  7603.6300    *
#  std. dev. =  3.5845135       accum. std. dev =  1.1473630    *
#   min/max. wt. =    0.00000            0.292068               *
#                                                               *
#*************   chi**2/iteration =  1.004       ****************

 ****************************************************
 * Writing out vegas grid to ./data/output.grid                                                      
 ****************************************************

  Input parameters for vegas:  ndim=  9   ncall= 80707214.
                              it=    0    itmx=    2
                              acc=-1.00    
                              mds=  1     nd=  50
                              (xl,xu)= (  0.00000     ,  1.00000     )
                                       (  0.00000     ,  1.00000     )
                                       (  0.00000     ,  1.00000     )
                                       (  0.00000     ,  1.00000     )
                                       (  0.00000     ,  1.00000     )
                                       (  0.00000     ,  1.00000     )
                                       (  0.00000     ,  1.00000     )
                                       (  0.00000     ,  1.00000     )
                                       (  0.00000     ,  1.00000     )

#********** Integration by Vegas (iteration       1) ************
#                                                               *
#  integral  =  7603.7867       accum. integral =  7603.7867    *
#  std. dev. =  3.5800799       accum. std. dev =  3.5800799    *
#   min/max. wt. =    0.00000            0.720304               *
#                                                               *
#*************   chi**2/iteration =  0.000       ****************


#********** Integration by Vegas (iteration       2) ************
#                                                               *
#  integral  =  7612.9195       accum. integral =  7608.2384    *
#  std. dev. =  3.6755395       accum. std. dev =  2.5646233    *
#   min/max. wt. =    0.00000            0.453621               *
#                                                               *
#*************   chi**2/iteration =  3.165       ****************

 Done
