SLURM job running in:  /work-zfs/lhc/heshy/JHUGen/xsecs/JHUGen/JHUGenerator
LHAPDF 6.1.5 loading /work-zfs/lhc/cms/slc6_amd64_gcc493/external/lhapdf/6.1.5-kpegke3/share/LHAPDF/NNPDF30_lo_as_0130/NNPDF30_lo_as_0130_0000.dat
NNPDF30_lo_as_0130 PDF set, member #0, version 2; LHAPDF ID = 263000
 
                                                                                          
   ***************************************************************************************
   *                                JHU Generator v6.9.9                                 *
   ***************************************************************************************
   *                                                                                     *
   *   Spin and parity determination of single-produced resonances at hadron colliders   *
   *                                                                                     *
   *          I. Anderson, S. Bolognesi, F. Caola, Y. Gao, A. Gritsan, Z. Guo,           *
   *        C. Martin, K. Melnikov, R.Rontsch, H. Roskes, U. Sarica, M. Schulze,         *
   *                   N. Tran, A. Whitbeck, M. Xiao, C. You, Y. Zhou                    *
   *                Phys.Rev. D81 (2010) 075022;  arXiv:1001.3396 [hep-ph],              *
   *                Phys.Rev. D86 (2012) 095031;  arXiv:1208.4018 [hep-ph],              *
   *                Phys.Rev. D89 (2014) 035007;  arXiv:1309.4819 [hep-ph].              *
   *                                                                                     *
   ***************************************************************************************
                                                                                          
   
   Command line: ./JHUGen Unweighted=0 VegasNc0=99999999 VegasNc1=99999999 VegasNc2=99999999 LHAPDF=NNPDF30_lo_as_0130/NNPDF30_lo_as_0130.info MReso=1260 Process=61 ghg2=1,0 pTjetcut=25 etajetcut=4.7 pTlepcut=5 etalepcut=2.5
   
   Input Parameter:
    Collider: P-P, sqrt(s)=13000.00
    Resonance: spin=0, mass=1260.00 width=   0.00407
    Jet cuts:
            pT >=    25.00 GeV
         |eta| <=     4.70
        DeltaR >=     0.30
           mJJ >=     0.00 GeV
           m4l_min/max      -1.00     -1.00 GeV
    Random seed:   335856936
    To reproduce results using this seed, JHUGen should be compiled with the same compiler:
      GNU Fortran (GCC) 4.8.2
    
    WidthScheme:   2
    LHAPDF set NNPDF30_lo_as_0130/NNPDF30_lo_as_0130.info, member=  0
    Unweighted: F
    
    spin-0-VV couplings: 
      generate_as=F
      ghg2=  0.10000000E+01  0.00000000E+00i
      ghg3=  0.00000000E+00  0.00000000E+00i
      ghg4=  0.00000000E+00  0.00000000E+00i
      ghz1=  0.20000000E+01  0.00000000E+00i
      ghz2=  0.00000000E+00  0.00000000E+00i
      ghz3=  0.00000000E+00  0.00000000E+00i
      ghz4=  0.00000000E+00  0.00000000E+00i
      Lambda=  1000.0
    
    LHE output: ./data/output.lhe
    Histogram output: ./data/output.dat
    Log file: ./data/output.log
    
  Running

  Input parameters for vegas:  ndim=  9   ncall= 80707214.
                              it=    0    itmx=   15
                              acc=-1.00    
                              mds=  1     nd=  50
                              (xl,xu)= (  0.00000     ,  1.00000     )
                                       (  0.00000     ,  1.00000     )
                                       (  0.00000     ,  1.00000     )
                                       (  0.00000     ,  1.00000     )
                                       (  0.00000     ,  1.00000     )
                                       (  0.00000     ,  1.00000     )
                                       (  0.00000     ,  1.00000     )
                                       (  0.00000     ,  1.00000     )
                                       (  0.00000     ,  1.00000     )

#********** Integration by Vegas (iteration       1) ************
#                                                               *
#  integral  =  34.875198       accum. integral =  34.875198    *
#  std. dev. =  7.5732415       accum. std. dev =  7.5732415    *
#   min/max. wt. =    0.00000             6.84290               *
#                                                               *
#*************   chi**2/iteration =  0.000       ****************


#********** Integration by Vegas (iteration       2) ************
#                                                               *
#  integral  =  38.382015       accum. integral =  37.414504    *
#  std. dev. =  5.1447392       accum. std. dev =  4.1826736    *
#   min/max. wt. =    0.00000             5.01501               *
#                                                               *
#*************   chi**2/iteration = 0.1403       ****************


#********** Integration by Vegas (iteration       3) ************
#                                                               *
#  integral  =  32.477218       accum. integral =  32.503730    *
#  std. dev. = 0.27218288       accum. std. dev = 0.29527953    *
#   min/max. wt. =    0.00000            0.641119E-01           *
#                                                               *
#*************   chi**2/iteration = 0.8219       ****************


#********** Integration by Vegas (iteration       4) ************
#                                                               *
#  integral  =  32.746525       accum. integral =  32.732629    *
#  std. dev. = 0.67436688E-01   accum. std. dev = 0.69386023E-01*
#   min/max. wt. =    0.00000            0.198689E-01           *
#                                                               *
#*************   chi**2/iteration = 0.7881       ****************


#********** Integration by Vegas (iteration       5) ************
#                                                               *
#  integral  =  32.938266       accum. integral =  32.791283    *
#  std. dev. = 0.10426030       accum. std. dev = 0.58078081E-01*
#   min/max. wt. =    0.00000            0.982954E-01           *
#                                                               *
#*************   chi**2/iteration =  1.242       ****************


#********** Integration by Vegas (iteration       6) ************
#                                                               *
#  integral  =  32.951985       accum. integral =  32.854560    *
#  std. dev. = 0.69121060E-01   accum. std. dev = 0.44918046E-01*
#   min/max. wt. =    0.00000            0.249399E-01           *
#                                                               *
#*************   chi**2/iteration =  1.618       ****************


#********** Integration by Vegas (iteration       7) ************
#                                                               *
#  integral  =  32.843928       accum. integral =  32.846470    *
#  std. dev. = 0.24231487E-01   accum. std. dev = 0.21846417E-01*
#   min/max. wt. =    0.00000            0.223459E-02           *
#                                                               *
#*************   chi**2/iteration =  1.370       ****************


#********** Integration by Vegas (iteration       8) ************
#                                                               *
#  integral  =  32.771643       accum. integral =  32.805306    *
#  std. dev. = 0.19073061E-01   accum. std. dev = 0.14590764E-01*
#   min/max. wt. =    0.00000            0.172476E-02           *
#                                                               *
#*************   chi**2/iteration =  2.114       ****************


#********** Integration by Vegas (iteration       9) ************
#                                                               *
#  integral  =  32.794547       accum. integral =  32.801344    *
#  std. dev. = 0.18542095E-01   accum. std. dev = 0.11559342E-01*
#   min/max. wt. =    0.00000            0.171813E-02           *
#                                                               *
#*************   chi**2/iteration =  1.887       ****************


#********** Integration by Vegas (iteration      10) ************
#                                                               *
#  integral  =  32.856621       accum. integral =  32.817055    *
#  std. dev. = 0.17890257E-01   accum. std. dev = 0.97557467E-02*
#   min/max. wt. =    0.00000            0.884756E-03           *
#                                                               *
#*************   chi**2/iteration =  2.411       ****************


#********** Integration by Vegas (iteration      11) ************
#                                                               *
#  integral  =  32.829416       accum. integral =  32.819737    *
#  std. dev. = 0.18102267E-01   accum. std. dev = 0.86146154E-02*
#   min/max. wt. =    0.00000            0.187575E-02           *
#                                                               *
#*************   chi**2/iteration =  2.214       ****************


#********** Integration by Vegas (iteration      12) ************
#                                                               *
#  integral  =  32.790512       accum. integral =  32.814371    *
#  std. dev. = 0.17759172E-01   accum. std. dev = 0.77692874E-02*
#   min/max. wt. =    0.00000            0.140667E-02           *
#                                                               *
#*************   chi**2/iteration =  2.213       ****************


#********** Integration by Vegas (iteration      13) ************
#                                                               *
#  integral  =  32.781712       accum. integral =  32.809366    *
#  std. dev. = 0.17883373E-01   accum. std. dev = 0.71379149E-02*
#   min/max. wt. =    0.00000            0.106489E-02           *
#                                                               *
#*************   chi**2/iteration =  2.262       ****************


#********** Integration by Vegas (iteration      14) ************
#                                                               *
#  integral  =  32.839578       accum. integral =  32.813338    *
#  std. dev. = 0.18023974E-01   accum. std. dev = 0.66438515E-02*
#   min/max. wt. =    0.00000            0.138180E-02           *
#                                                               *
#*************   chi**2/iteration =  2.274       ****************


#********** Integration by Vegas (iteration      15) ************
#                                                               *
#  integral  =  32.825491       accum. integral =  32.814709    *
#  std. dev. = 0.18324674E-01   accum. std. dev = 0.62511295E-02*
#   min/max. wt. =    0.00000            0.367298E-02           *
#                                                               *
#*************   chi**2/iteration =  2.144       ****************

 ****************************************************
 * Writing out vegas grid to ./data/output.grid                                                      
 ****************************************************

  Input parameters for vegas:  ndim=  9   ncall= 80707214.
                              it=    0    itmx=    2
                              acc=-1.00    
                              mds=  1     nd=  50
                              (xl,xu)= (  0.00000     ,  1.00000     )
                                       (  0.00000     ,  1.00000     )
                                       (  0.00000     ,  1.00000     )
                                       (  0.00000     ,  1.00000     )
                                       (  0.00000     ,  1.00000     )
                                       (  0.00000     ,  1.00000     )
                                       (  0.00000     ,  1.00000     )
                                       (  0.00000     ,  1.00000     )
                                       (  0.00000     ,  1.00000     )

#********** Integration by Vegas (iteration       1) ************
#                                                               *
#  integral  =  32.788396       accum. integral =  32.788396    *
#  std. dev. = 0.17756233E-01   accum. std. dev = 0.17756233E-01*
#   min/max. wt. =    0.00000            0.809389E-03           *
#                                                               *
#*************   chi**2/iteration =  0.000       ****************


#********** Integration by Vegas (iteration       2) ************
#                                                               *
#  integral  =  32.823990       accum. integral =  32.805635    *
#  std. dev. = 0.18342072E-01   accum. std. dev = 0.12757861E-01*
#   min/max. wt. =    0.00000            0.196009E-02           *
#                                                               *
#*************   chi**2/iteration =  1.942       ****************

 Done
