SLURM job running in:  /work-zfs/lhc/heshy/JHUGen/xsecs/JHUGen/JHUGenerator
LHAPDF 6.1.5 loading /work-zfs/lhc/cms/slc6_amd64_gcc493/external/lhapdf/6.1.5-kpegke3/share/LHAPDF/NNPDF30_lo_as_0130/NNPDF30_lo_as_0130_0000.dat
NNPDF30_lo_as_0130 PDF set, member #0, version 2; LHAPDF ID = 263000
 
                                                                                          
   ***************************************************************************************
   *                                JHU Generator v6.9.9                                 *
   ***************************************************************************************
   *                                                                                     *
   *   Spin and parity determination of single-produced resonances at hadron colliders   *
   *                                                                                     *
   *          I. Anderson, S. Bolognesi, F. Caola, Y. Gao, A. Gritsan, Z. Guo,           *
   *        C. Martin, K. Melnikov, R.Rontsch, H. Roskes, U. Sarica, M. Schulze,         *
   *                   N. Tran, A. Whitbeck, M. Xiao, C. You, Y. Zhou                    *
   *                Phys.Rev. D81 (2010) 075022;  arXiv:1001.3396 [hep-ph],              *
   *                Phys.Rev. D86 (2012) 095031;  arXiv:1208.4018 [hep-ph],              *
   *                Phys.Rev. D89 (2014) 035007;  arXiv:1309.4819 [hep-ph].              *
   *                                                                                     *
   ***************************************************************************************
                                                                                          
   
   Command line: ./JHUGen Unweighted=0 VegasNc0=99999999 VegasNc1=99999999 VegasNc2=99999999 LHAPDF=NNPDF30_lo_as_0130/NNPDF30_lo_as_0130.info MReso=1380 Process=61 ghg2=1,0 pTjetcut=25 etajetcut=4.7 pTlepcut=5 etalepcut=2.5
   
   Input Parameter:
    Collider: P-P, sqrt(s)=13000.00
    Resonance: spin=0, mass=1380.00 width=   0.00407
    Jet cuts:
            pT >=    25.00 GeV
         |eta| <=     4.70
        DeltaR >=     0.30
           mJJ >=     0.00 GeV
           m4l_min/max      -1.00     -1.00 GeV
    Random seed:    73039806
    To reproduce results using this seed, JHUGen should be compiled with the same compiler:
      GNU Fortran (GCC) 4.8.2
    
    WidthScheme:   2
    LHAPDF set NNPDF30_lo_as_0130/NNPDF30_lo_as_0130.info, member=  0
    Unweighted: F
    
    spin-0-VV couplings: 
      generate_as=F
      ghg2=  0.10000000E+01  0.00000000E+00i
      ghg3=  0.00000000E+00  0.00000000E+00i
      ghg4=  0.00000000E+00  0.00000000E+00i
      ghz1=  0.20000000E+01  0.00000000E+00i
      ghz2=  0.00000000E+00  0.00000000E+00i
      ghz3=  0.00000000E+00  0.00000000E+00i
      ghz4=  0.00000000E+00  0.00000000E+00i
      Lambda=  1000.0
    
    LHE output: ./data/output.lhe
    Histogram output: ./data/output.dat
    Log file: ./data/output.log
    
  Running

  Input parameters for vegas:  ndim=  9   ncall= 80707214.
                              it=    0    itmx=   15
                              acc=-1.00    
                              mds=  1     nd=  50
                              (xl,xu)= (  0.00000     ,  1.00000     )
                                       (  0.00000     ,  1.00000     )
                                       (  0.00000     ,  1.00000     )
                                       (  0.00000     ,  1.00000     )
                                       (  0.00000     ,  1.00000     )
                                       (  0.00000     ,  1.00000     )
                                       (  0.00000     ,  1.00000     )
                                       (  0.00000     ,  1.00000     )
                                       (  0.00000     ,  1.00000     )

#********** Integration by Vegas (iteration       1) ************
#                                                               *
#  integral  =  18.049888       accum. integral =  18.049888    *
#  std. dev. =  1.2032922       accum. std. dev =  1.2032922    *
#   min/max. wt. =    0.00000            0.744450               *
#                                                               *
#*************   chi**2/iteration =  0.000       ****************


#********** Integration by Vegas (iteration       2) ************
#                                                               *
#  integral  =  23.391866       accum. integral =  22.634613    *
#  std. dev. = 0.63376068       accum. std. dev = 0.52438787    *
#   min/max. wt. =    0.00000            0.446119               *
#                                                               *
#*************   chi**2/iteration =  12.61       ****************


#********** Integration by Vegas (iteration       3) ************
#                                                               *
#  integral  =  23.289963       accum. integral =  23.077470    *
#  std. dev. = 0.40492556       accum. std. dev = 0.31044206    *
#   min/max. wt. =    0.00000            0.388400               *
#                                                               *
#*************   chi**2/iteration =  6.325       ****************


#********** Integration by Vegas (iteration       4) ************
#                                                               *
#  integral  =  23.230485       accum. integral =  23.215141    *
#  std. dev. = 0.11084295       accum. std. dev = 0.10005841    *
#   min/max. wt. =    0.00000            0.590060E-01           *
#                                                               *
#*************   chi**2/iteration =  4.142       ****************


#********** Integration by Vegas (iteration       5) ************
#                                                               *
#  integral  =  23.163972       accum. integral =  23.167471    *
#  std. dev. = 0.28406106E-01   accum. std. dev = 0.26422326E-01*
#   min/max. wt. =    0.00000            0.402124E-02           *
#                                                               *
#*************   chi**2/iteration =  3.107       ****************


#********** Integration by Vegas (iteration       6) ************
#                                                               *
#  integral  =  23.213073       accum. integral =  23.200631    *
#  std. dev. = 0.16829851E-01   accum. std. dev = 0.13894528E-01*
#   min/max. wt. =    0.00000            0.256455E-02           *
#                                                               *
#*************   chi**2/iteration =  2.879       ****************


#********** Integration by Vegas (iteration       7) ************
#                                                               *
#  integral  =  23.216182       accum. integral =  23.208675    *
#  std. dev. = 0.13866833E-01   accum. std. dev = 0.97002673E-02*
#   min/max. wt. =    0.00000            0.740090E-03           *
#                                                               *
#*************   chi**2/iteration =  2.484       ****************


#********** Integration by Vegas (iteration       8) ************
#                                                               *
#  integral  =  23.194133       accum. integral =  23.203504    *
#  std. dev. = 0.13412844E-01   accum. std. dev = 0.78136572E-02*
#   min/max. wt. =    0.00000            0.305604E-02           *
#                                                               *
#*************   chi**2/iteration =  2.228       ****************


#********** Integration by Vegas (iteration       9) ************
#                                                               *
#  integral  =  23.192615       accum. integral =  23.200540    *
#  std. dev. = 0.13077504E-01   accum. std. dev = 0.66835455E-02*
#   min/max. wt. =    0.00000            0.204596E-02           *
#                                                               *
#*************   chi**2/iteration =  2.005       ****************


#********** Integration by Vegas (iteration      10) ************
#                                                               *
#  integral  =  23.220922       accum. integral =  23.205072    *
#  std. dev. = 0.12775514E-01   accum. std. dev = 0.59070188E-02*
#   min/max. wt. =    0.00000            0.724859E-03           *
#                                                               *
#*************   chi**2/iteration =  2.003       ****************


#********** Integration by Vegas (iteration      11) ************
#                                                               *
#  integral  =  23.223575       accum. integral =  23.208407    *
#  std. dev. = 0.12849339E-01   accum. std. dev = 0.53580780E-02*
#   min/max. wt. =    0.00000            0.128981E-02           *
#                                                               *
#*************   chi**2/iteration =  1.972       ****************


#********** Integration by Vegas (iteration      12) ************
#                                                               *
#  integral  =  23.225720       accum. integral =  23.211115    *
#  std. dev. = 0.12667594E-01   accum. std. dev = 0.49286338E-02*
#   min/max. wt. =    0.00000            0.609373E-03           *
#                                                               *
#*************   chi**2/iteration =  1.936       ****************


#********** Integration by Vegas (iteration      13) ************
#                                                               *
#  integral  =  23.220317       accum. integral =  23.212312    *
#  std. dev. = 0.12956167E-01   accum. std. dev = 0.46028296E-02*
#   min/max. wt. =    0.00000            0.117272E-02           *
#                                                               *
#*************   chi**2/iteration =  1.807       ****************


#********** Integration by Vegas (iteration      14) ************
#                                                               *
#  integral  =  23.192380       accum. integral =  23.209945    *
#  std. dev. = 0.12712011E-01   accum. std. dev = 0.43251801E-02*
#   min/max. wt. =    0.00000            0.103660E-02           *
#                                                               *
#*************   chi**2/iteration =  1.836       ****************


#********** Integration by Vegas (iteration      15) ************
#                                                               *
#  integral  =  23.210384       accum. integral =  23.209990    *
#  std. dev. = 0.12910976E-01   accum. std. dev = 0.40992462E-02*
#   min/max. wt. =    0.00000            0.105540E-02           *
#                                                               *
#*************   chi**2/iteration =  1.702       ****************

 ****************************************************
 * Writing out vegas grid to ./data/output.grid                                                      
 ****************************************************

  Input parameters for vegas:  ndim=  9   ncall= 80707214.
                              it=    0    itmx=    2
                              acc=-1.00    
                              mds=  1     nd=  50
                              (xl,xu)= (  0.00000     ,  1.00000     )
                                       (  0.00000     ,  1.00000     )
                                       (  0.00000     ,  1.00000     )
                                       (  0.00000     ,  1.00000     )
                                       (  0.00000     ,  1.00000     )
                                       (  0.00000     ,  1.00000     )
                                       (  0.00000     ,  1.00000     )
                                       (  0.00000     ,  1.00000     )
                                       (  0.00000     ,  1.00000     )

#********** Integration by Vegas (iteration       1) ************
#                                                               *
#  integral  =  23.202212       accum. integral =  23.202212    *
#  std. dev. = 0.13025251E-01   accum. std. dev = 0.13025251E-01*
#   min/max. wt. =    0.00000            0.844681E-03           *
#                                                               *
#*************   chi**2/iteration =  0.000       ****************


#********** Integration by Vegas (iteration       2) ************
#                                                               *
#  integral  =  23.235598       accum. integral =  23.219104    *
#  std. dev. = 0.12889374E-01   accum. std. dev = 0.91617570E-02*
#   min/max. wt. =    0.00000            0.128203E-02           *
#                                                               *
#*************   chi**2/iteration =  3.316       ****************

 Done
