SLURM job running in:  /work-zfs/lhc/heshy/JHUGen/xsecs/JHUGen/JHUGenerator
LHAPDF 6.1.5 loading /work-zfs/lhc/cms/slc6_amd64_gcc493/external/lhapdf/6.1.5-kpegke3/share/LHAPDF/NNPDF30_lo_as_0130/NNPDF30_lo_as_0130_0000.dat
NNPDF30_lo_as_0130 PDF set, member #0, version 2; LHAPDF ID = 263000
 
                                                                                          
   ***************************************************************************************
   *                                JHU Generator v6.9.9                                 *
   ***************************************************************************************
   *                                                                                     *
   *   Spin and parity determination of single-produced resonances at hadron colliders   *
   *                                                                                     *
   *          I. Anderson, S. Bolognesi, F. Caola, Y. Gao, A. Gritsan, Z. Guo,           *
   *        C. Martin, K. Melnikov, R.Rontsch, H. Roskes, U. Sarica, M. Schulze,         *
   *                   N. Tran, A. Whitbeck, M. Xiao, C. You, Y. Zhou                    *
   *                Phys.Rev. D81 (2010) 075022;  arXiv:1001.3396 [hep-ph],              *
   *                Phys.Rev. D86 (2012) 095031;  arXiv:1208.4018 [hep-ph],              *
   *                Phys.Rev. D89 (2014) 035007;  arXiv:1309.4819 [hep-ph].              *
   *                                                                                     *
   ***************************************************************************************
                                                                                          
   
   Command line: ./JHUGen Unweighted=0 VegasNc0=99999999 VegasNc1=99999999 VegasNc2=99999999 LHAPDF=NNPDF30_lo_as_0130/NNPDF30_lo_as_0130.info MReso=168 Process=61 ghg2=1,0 pTjetcut=25 etajetcut=4.7 pTlepcut=5 etalepcut=2.5
   
   Input Parameter:
    Collider: P-P, sqrt(s)=13000.00
    Resonance: spin=0, mass= 168.00 width=   0.00407
    Jet cuts:
            pT >=    25.00 GeV
         |eta| <=     4.70
        DeltaR >=     0.30
           mJJ >=     0.00 GeV
           m4l_min/max      -1.00     -1.00 GeV
    Random seed:   907897595
    To reproduce results using this seed, JHUGen should be compiled with the same compiler:
      GNU Fortran (GCC) 4.8.2
    
    WidthScheme:   2
    LHAPDF set NNPDF30_lo_as_0130/NNPDF30_lo_as_0130.info, member=  0
    Unweighted: F
    
    spin-0-VV couplings: 
      generate_as=F
      ghg2=  0.10000000E+01  0.00000000E+00i
      ghg3=  0.00000000E+00  0.00000000E+00i
      ghg4=  0.00000000E+00  0.00000000E+00i
      ghz1=  0.20000000E+01  0.00000000E+00i
      ghz2=  0.00000000E+00  0.00000000E+00i
      ghz3=  0.00000000E+00  0.00000000E+00i
      ghz4=  0.00000000E+00  0.00000000E+00i
      Lambda=  1000.0
    
    LHE output: ./data/output.lhe
    Histogram output: ./data/output.dat
    Log file: ./data/output.log
    
  Running

  Input parameters for vegas:  ndim=  9   ncall= 80707214.
                              it=    0    itmx=   15
                              acc=-1.00    
                              mds=  1     nd=  50
                              (xl,xu)= (  0.00000     ,  1.00000     )
                                       (  0.00000     ,  1.00000     )
                                       (  0.00000     ,  1.00000     )
                                       (  0.00000     ,  1.00000     )
                                       (  0.00000     ,  1.00000     )
                                       (  0.00000     ,  1.00000     )
                                       (  0.00000     ,  1.00000     )
                                       (  0.00000     ,  1.00000     )
                                       (  0.00000     ,  1.00000     )

#********** Integration by Vegas (iteration       1) ************
#                                                               *
#  integral  =  3956.0703       accum. integral =  3956.0703    *
#  std. dev. =  177.41658       accum. std. dev =  177.41658    *
#   min/max. wt. =    0.00000             104.065               *
#                                                               *
#*************   chi**2/iteration =  0.000       ****************


#********** Integration by Vegas (iteration       2) ************
#                                                               *
#  integral  =  4805.0211       accum. integral =  4070.7241    *
#  std. dev. =  545.33957       accum. std. dev =  183.56185    *
#   min/max. wt. =    0.00000             544.480               *
#                                                               *
#*************   chi**2/iteration =  2.496       ****************


#********** Integration by Vegas (iteration       3) ************
#                                                               *
#  integral  =  4368.0813       accum. integral =  4325.6902    *
#  std. dev. =  74.286862       accum. std. dev =  69.134902    *
#   min/max. wt. =    0.00000             54.9708               *
#                                                               *
#*************   chi**2/iteration =  2.385       ****************


#********** Integration by Vegas (iteration       4) ************
#                                                               *
#  integral  =  4336.8857       accum. integral =  4336.6688    *
#  std. dev. =  9.5994057       accum. std. dev =  9.5935756    *
#   min/max. wt. =    0.00000             1.80304               *
#                                                               *
#*************   chi**2/iteration =  1.609       ****************


#********** Integration by Vegas (iteration       5) ************
#                                                               *
#  integral  =  4330.0872       accum. integral =  4330.8582    *
#  std. dev. =  3.4574637       accum. std. dev =  3.2767229    *
#   min/max. wt. =    0.00000             1.25957               *
#                                                               *
#*************   chi**2/iteration =  1.316       ****************


#********** Integration by Vegas (iteration       6) ************
#                                                               *
#  integral  =  4329.9055       accum. integral =  4330.2857    *
#  std. dev. =  2.6471495       accum. std. dev =  2.0669652    *
#   min/max. wt. =    0.00000            0.391242               *
#                                                               *
#*************   chi**2/iteration =  1.066       ****************


#********** Integration by Vegas (iteration       7) ************
#                                                               *
#  integral  =  4332.2840       accum. integral =  4331.1129    *
#  std. dev. =  2.4429003       accum. std. dev =  1.5808092    *
#   min/max. wt. =    0.00000            0.660271               *
#                                                               *
#*************   chi**2/iteration = 0.9547       ****************


#********** Integration by Vegas (iteration       8) ************
#                                                               *
#  integral  =  4327.7542       accum. integral =  4329.9767    *
#  std. dev. =  2.1959347       accum. std. dev =  1.2848281    *
#   min/max. wt. =    0.00000            0.165011               *
#                                                               *
#*************   chi**2/iteration =  1.038       ****************


#********** Integration by Vegas (iteration       9) ************
#                                                               *
#  integral  =  4332.2381       accum. integral =  4330.5851    *
#  std. dev. =  2.1074359       accum. std. dev =  1.0978822    *
#   min/max. wt. =    0.00000            0.249194               *
#                                                               *
#*************   chi**2/iteration =  1.014       ****************


#********** Integration by Vegas (iteration      10) ************
#                                                               *
#  integral  =  4328.8697       accum. integral =  4330.2113    *
#  std. dev. =  2.0694689       accum. std. dev = 0.97044606    *
#   min/max. wt. =    0.00000            0.285476               *
#                                                               *
#*************   chi**2/iteration = 0.9612       ****************


#********** Integration by Vegas (iteration      11) ************
#                                                               *
#  integral  =  4332.2329       accum. integral =  4330.5629    *
#  std. dev. =  2.1068326       accum. std. dev = 0.88171813    *
#   min/max. wt. =    0.00000            0.488513               *
#                                                               *
#*************   chi**2/iteration = 0.9412       ****************


#********** Integration by Vegas (iteration      12) ************
#                                                               *
#  integral  =  4331.4604       accum. integral =  4330.6879    *
#  std. dev. =  2.1846061       accum. std. dev = 0.81780434    *
#   min/max. wt. =    0.00000            0.646456               *
#                                                               *
#*************   chi**2/iteration = 0.8693       ****************


#********** Integration by Vegas (iteration      13) ************
#                                                               *
#  integral  =  4328.4569       accum. integral =  4330.3939    *
#  std. dev. =  2.0905718       accum. std. dev = 0.76177682    *
#   min/max. wt. =    0.00000            0.996990E-01           *
#                                                               *
#*************   chi**2/iteration = 0.8791       ****************


#********** Integration by Vegas (iteration      14) ************
#                                                               *
#  integral  =  4331.3906       accum. integral =  4330.5130    *
#  std. dev. =  2.0611916       accum. std. dev = 0.71464564    *
#   min/max. wt. =    0.00000            0.298720               *
#                                                               *
#*************   chi**2/iteration = 0.8276       ****************


#********** Integration by Vegas (iteration      15) ************
#                                                               *
#  integral  =  4330.6438       accum. integral =  4330.5223    *
#  std. dev. =  2.5681753       accum. std. dev = 0.68849726    *
#   min/max. wt. =    0.00000             1.54517               *
#                                                               *
#*************   chi**2/iteration = 0.7690       ****************

 ****************************************************
 * Writing out vegas grid to ./data/output.grid                                                      
 ****************************************************

  Input parameters for vegas:  ndim=  9   ncall= 80707214.
                              it=    0    itmx=    2
                              acc=-1.00    
                              mds=  1     nd=  50
                              (xl,xu)= (  0.00000     ,  1.00000     )
                                       (  0.00000     ,  1.00000     )
                                       (  0.00000     ,  1.00000     )
                                       (  0.00000     ,  1.00000     )
                                       (  0.00000     ,  1.00000     )
                                       (  0.00000     ,  1.00000     )
                                       (  0.00000     ,  1.00000     )
                                       (  0.00000     ,  1.00000     )
                                       (  0.00000     ,  1.00000     )

#********** Integration by Vegas (iteration       1) ************
#                                                               *
#  integral  =  4332.0011       accum. integral =  4332.0011    *
#  std. dev. =  2.4899499       accum. std. dev =  2.4899499    *
#   min/max. wt. =    0.00000            0.948338E-01           *
#                                                               *
#*************   chi**2/iteration =  0.000       ****************


#********** Integration by Vegas (iteration       2) ************
#                                                               *
#  integral  =  4332.7120       accum. integral =  4332.4157    *
#  std. dev. =  2.1052284       accum. std. dev =  1.6076065    *
#   min/max. wt. =    0.00000            0.365831               *
#                                                               *
#*************   chi**2/iteration = 0.4748E-01   ****************

 Done
