SLURM job running in:  /work-zfs/lhc/heshy/JHUGen/xsecs/JHUGen/JHUGenerator
LHAPDF 6.1.5 loading /work-zfs/lhc/cms/slc6_amd64_gcc493/external/lhapdf/6.1.5-kpegke3/share/LHAPDF/NNPDF30_lo_as_0130/NNPDF30_lo_as_0130_0000.dat
NNPDF30_lo_as_0130 PDF set, member #0, version 2; LHAPDF ID = 263000
 
                                                                                          
   ***************************************************************************************
   *                                JHU Generator v6.9.9                                 *
   ***************************************************************************************
   *                                                                                     *
   *   Spin and parity determination of single-produced resonances at hadron colliders   *
   *                                                                                     *
   *          I. Anderson, S. Bolognesi, F. Caola, Y. Gao, A. Gritsan, Z. Guo,           *
   *        C. Martin, K. Melnikov, R.Rontsch, H. Roskes, U. Sarica, M. Schulze,         *
   *                   N. Tran, A. Whitbeck, M. Xiao, C. You, Y. Zhou                    *
   *                Phys.Rev. D81 (2010) 075022;  arXiv:1001.3396 [hep-ph],              *
   *                Phys.Rev. D86 (2012) 095031;  arXiv:1208.4018 [hep-ph],              *
   *                Phys.Rev. D89 (2014) 035007;  arXiv:1309.4819 [hep-ph].              *
   *                                                                                     *
   ***************************************************************************************
                                                                                          
   
   Command line: ./JHUGen Unweighted=0 VegasNc0=99999999 VegasNc1=99999999 VegasNc2=99999999 LHAPDF=NNPDF30_lo_as_0130/NNPDF30_lo_as_0130.info MReso=186 Process=61 ghg2=1,0 pTjetcut=25 etajetcut=4.7 pTlepcut=5 etalepcut=2.5
   
   Input Parameter:
    Collider: P-P, sqrt(s)=13000.00
    Resonance: spin=0, mass= 186.00 width=   0.00407
    Jet cuts:
            pT >=    25.00 GeV
         |eta| <=     4.70
        DeltaR >=     0.30
           mJJ >=     0.00 GeV
           m4l_min/max      -1.00     -1.00 GeV
    Random seed:   249349018
    To reproduce results using this seed, JHUGen should be compiled with the same compiler:
      GNU Fortran (GCC) 4.8.2
    
    WidthScheme:   2
    LHAPDF set NNPDF30_lo_as_0130/NNPDF30_lo_as_0130.info, member=  0
    Unweighted: F
    
    spin-0-VV couplings: 
      generate_as=F
      ghg2=  0.10000000E+01  0.00000000E+00i
      ghg3=  0.00000000E+00  0.00000000E+00i
      ghg4=  0.00000000E+00  0.00000000E+00i
      ghz1=  0.20000000E+01  0.00000000E+00i
      ghz2=  0.00000000E+00  0.00000000E+00i
      ghz3=  0.00000000E+00  0.00000000E+00i
      ghz4=  0.00000000E+00  0.00000000E+00i
      Lambda=  1000.0
    
    LHE output: ./data/output.lhe
    Histogram output: ./data/output.dat
    Log file: ./data/output.log
    
  Running

  Input parameters for vegas:  ndim=  9   ncall= 80707214.
                              it=    0    itmx=   15
                              acc=-1.00    
                              mds=  1     nd=  50
                              (xl,xu)= (  0.00000     ,  1.00000     )
                                       (  0.00000     ,  1.00000     )
                                       (  0.00000     ,  1.00000     )
                                       (  0.00000     ,  1.00000     )
                                       (  0.00000     ,  1.00000     )
                                       (  0.00000     ,  1.00000     )
                                       (  0.00000     ,  1.00000     )
                                       (  0.00000     ,  1.00000     )
                                       (  0.00000     ,  1.00000     )

#********** Integration by Vegas (iteration       1) ************
#                                                               *
#  integral  =  3532.1659       accum. integral =  3532.1659    *
#  std. dev. =  283.85850       accum. std. dev =  283.85850    *
#   min/max. wt. =    0.00000             242.036               *
#                                                               *
#*************   chi**2/iteration = -.4623E-10   ****************


#********** Integration by Vegas (iteration       2) ************
#                                                               *
#  integral  =  3669.0137       accum. integral =  3665.6513    *
#  std. dev. =  46.797621       accum. std. dev =  45.365355    *
#   min/max. wt. =    0.00000             38.8231               *
#                                                               *
#*************   chi**2/iteration = 0.2179       ****************


#********** Integration by Vegas (iteration       3) ************
#                                                               *
#  integral  =  3660.3594       accum. integral =  3660.6513    *
#  std. dev. =  11.140233       accum. std. dev =  10.712394    *
#   min/max. wt. =    0.00000             4.91849               *
#                                                               *
#*************   chi**2/iteration = 0.1142       ****************


#********** Integration by Vegas (iteration       4) ************
#                                                               *
#  integral  =  3662.8793       accum. integral =  3662.6287    *
#  std. dev. =  3.8574010       accum. std. dev =  3.6029402    *
#   min/max. wt. =    0.00000             1.39322               *
#                                                               *
#*************   chi**2/iteration = 0.8840E-01   ****************


#********** Integration by Vegas (iteration       5) ************
#                                                               *
#  integral  =  3659.3947       accum. integral =  3660.3026    *
#  std. dev. =  2.2681184       accum. std. dev =  1.9118960    *
#   min/max. wt. =    0.00000            0.218130               *
#                                                               *
#*************   chi**2/iteration = 0.2105       ****************


#********** Integration by Vegas (iteration       6) ************
#                                                               *
#  integral  =  3671.3866       accum. integral =  3662.6658    *
#  std. dev. =  3.7073227       accum. std. dev =  1.6985465    *
#   min/max. wt. =    0.00000             2.82004               *
#                                                               *
#*************   chi**2/iteration =  1.596       ****************


#********** Integration by Vegas (iteration       7) ************
#                                                               *
#  integral  =  3663.1510       accum. integral =  3662.7683    *
#  std. dev. =  3.2999973       accum. std. dev =  1.5096749    *
#   min/max. wt. =    0.00000            0.119684               *
#                                                               *
#*************   chi**2/iteration =  1.331       ****************


#********** Integration by Vegas (iteration       8) ************
#                                                               *
#  integral  =  3662.8114       accum. integral =  3662.7846    *
#  std. dev. =  1.9438414       accum. std. dev =  1.1909204    *
#   min/max. wt. =    0.00000            0.231715               *
#                                                               *
#*************   chi**2/iteration =  1.140       ****************


#********** Integration by Vegas (iteration       9) ************
#                                                               *
#  integral  =  3662.5521       accum. integral =  3662.7112    *
#  std. dev. =  1.7602574       accum. std. dev = 0.98557522    *
#   min/max. wt. =    0.00000            0.217688               *
#                                                               *
#*************   chi**2/iteration = 0.9978       ****************


#********** Integration by Vegas (iteration      10) ************
#                                                               *
#  integral  =  3664.3645       accum. integral =  3663.1090    *
#  std. dev. =  1.7581445       accum. std. dev = 0.85922277    *
#   min/max. wt. =    0.00000            0.305070               *
#                                                               *
#*************   chi**2/iteration = 0.9614       ****************


#********** Integration by Vegas (iteration      11) ************
#                                                               *
#  integral  =  3664.3762       accum. integral =  3663.3554    *
#  std. dev. =  1.7550035       accum. std. dev = 0.77141104    *
#   min/max. wt. =    0.00000            0.419387               *
#                                                               *
#*************   chi**2/iteration = 0.9069       ****************


#********** Integration by Vegas (iteration      12) ************
#                                                               *
#  integral  =  3665.5448       accum. integral =  3663.7105    *
#  std. dev. =  1.7596073       accum. std. dev = 0.70629971    *
#   min/max. wt. =    0.00000            0.287378               *
#                                                               *
#*************   chi**2/iteration = 0.9427       ****************


#********** Integration by Vegas (iteration      13) ************
#                                                               *
#  integral  =  3665.2143       accum. integral =  3663.9254    *
#  std. dev. =  1.7354264       accum. std. dev = 0.65405575    *
#   min/max. wt. =    0.00000            0.208279               *
#                                                               *
#*************   chi**2/iteration = 0.9177       ****************


#********** Integration by Vegas (iteration      14) ************
#                                                               *
#  integral  =  3664.3211       accum. integral =  3663.9757    *
#  std. dev. =  1.7178652       accum. std. dev = 0.61115786    *
#   min/max. wt. =    0.00000            0.138193               *
#                                                               *
#*************   chi**2/iteration = 0.8503       ****************


#********** Integration by Vegas (iteration      15) ************
#                                                               *
#  integral  =  3667.1117       accum. integral =  3664.2465    *
#  std. dev. =  1.9945812       accum. std. dev = 0.58430501    *
#   min/max. wt. =    0.00000            0.877361               *
#                                                               *
#*************   chi**2/iteration = 0.9515       ****************

 ****************************************************
 * Writing out vegas grid to ./data/output.grid                                                      
 ****************************************************

  Input parameters for vegas:  ndim=  9   ncall= 80707214.
                              it=    0    itmx=    2
                              acc=-1.00    
                              mds=  1     nd=  50
                              (xl,xu)= (  0.00000     ,  1.00000     )
                                       (  0.00000     ,  1.00000     )
                                       (  0.00000     ,  1.00000     )
                                       (  0.00000     ,  1.00000     )
                                       (  0.00000     ,  1.00000     )
                                       (  0.00000     ,  1.00000     )
                                       (  0.00000     ,  1.00000     )
                                       (  0.00000     ,  1.00000     )
                                       (  0.00000     ,  1.00000     )

#********** Integration by Vegas (iteration       1) ************
#                                                               *
#  integral  =  3664.3546       accum. integral =  3664.3546    *
#  std. dev. =  1.9248300       accum. std. dev =  1.9248300    *
#   min/max. wt. =    0.00000            0.121351               *
#                                                               *
#*************   chi**2/iteration =  0.000       ****************


#********** Integration by Vegas (iteration       2) ************
#                                                               *
#  integral  =  3663.7363       accum. integral =  3664.0153    *
#  std. dev. =  1.7449103       accum. std. dev =  1.2927883    *
#   min/max. wt. =    0.00000            0.123376               *
#                                                               *
#*************   chi**2/iteration = 0.5659E-01   ****************

 Done
