SLURM job running in:  /work-zfs/lhc/heshy/JHUGen/xsecs/JHUGen/JHUGenerator
LHAPDF 6.1.5 loading /work-zfs/lhc/cms/slc6_amd64_gcc493/external/lhapdf/6.1.5-kpegke3/share/LHAPDF/NNPDF30_lo_as_0130/NNPDF30_lo_as_0130_0000.dat
NNPDF30_lo_as_0130 PDF set, member #0, version 2; LHAPDF ID = 263000
 
                                                                                          
   ***************************************************************************************
   *                                JHU Generator v6.9.9                                 *
   ***************************************************************************************
   *                                                                                     *
   *   Spin and parity determination of single-produced resonances at hadron colliders   *
   *                                                                                     *
   *          I. Anderson, S. Bolognesi, F. Caola, Y. Gao, A. Gritsan, Z. Guo,           *
   *        C. Martin, K. Melnikov, R.Rontsch, H. Roskes, U. Sarica, M. Schulze,         *
   *                   N. Tran, A. Whitbeck, M. Xiao, C. You, Y. Zhou                    *
   *                Phys.Rev. D81 (2010) 075022;  arXiv:1001.3396 [hep-ph],              *
   *                Phys.Rev. D86 (2012) 095031;  arXiv:1208.4018 [hep-ph],              *
   *                Phys.Rev. D89 (2014) 035007;  arXiv:1309.4819 [hep-ph].              *
   *                                                                                     *
   ***************************************************************************************
                                                                                          
   
   Command line: ./JHUGen Unweighted=0 VegasNc0=99999999 VegasNc1=99999999 VegasNc2=99999999 LHAPDF=NNPDF30_lo_as_0130/NNPDF30_lo_as_0130.info MReso=216 Process=61 ghg2=1,0 pTjetcut=25 etajetcut=4.7 pTlepcut=5 etalepcut=2.5
   
   Input Parameter:
    Collider: P-P, sqrt(s)=13000.00
    Resonance: spin=0, mass= 216.00 width=   0.00407
    Jet cuts:
            pT >=    25.00 GeV
         |eta| <=     4.70
        DeltaR >=     0.30
           mJJ >=     0.00 GeV
           m4l_min/max      -1.00     -1.00 GeV
    Random seed:   314160713
    To reproduce results using this seed, JHUGen should be compiled with the same compiler:
      GNU Fortran (GCC) 4.8.2
    
    WidthScheme:   2
    LHAPDF set NNPDF30_lo_as_0130/NNPDF30_lo_as_0130.info, member=  0
    Unweighted: F
    
    spin-0-VV couplings: 
      generate_as=F
      ghg2=  0.10000000E+01  0.00000000E+00i
      ghg3=  0.00000000E+00  0.00000000E+00i
      ghg4=  0.00000000E+00  0.00000000E+00i
      ghz1=  0.20000000E+01  0.00000000E+00i
      ghz2=  0.00000000E+00  0.00000000E+00i
      ghz3=  0.00000000E+00  0.00000000E+00i
      ghz4=  0.00000000E+00  0.00000000E+00i
      Lambda=  1000.0
    
    LHE output: ./data/output.lhe
    Histogram output: ./data/output.dat
    Log file: ./data/output.log
    
  Running

  Input parameters for vegas:  ndim=  9   ncall= 80707214.
                              it=    0    itmx=   15
                              acc=-1.00    
                              mds=  1     nd=  50
                              (xl,xu)= (  0.00000     ,  1.00000     )
                                       (  0.00000     ,  1.00000     )
                                       (  0.00000     ,  1.00000     )
                                       (  0.00000     ,  1.00000     )
                                       (  0.00000     ,  1.00000     )
                                       (  0.00000     ,  1.00000     )
                                       (  0.00000     ,  1.00000     )
                                       (  0.00000     ,  1.00000     )
                                       (  0.00000     ,  1.00000     )

#********** Integration by Vegas (iteration       1) ************
#                                                               *
#  integral  =  2560.1151       accum. integral =  2560.1151    *
#  std. dev. =  148.98019       accum. std. dev =  148.98019    *
#   min/max. wt. =    0.00000             86.7572               *
#                                                               *
#*************   chi**2/iteration =  0.000       ****************


#********** Integration by Vegas (iteration       2) ************
#                                                               *
#  integral  =  2763.7170       accum. integral =  2760.9101    *
#  std. dev. =  19.015003       accum. std. dev =  18.201204    *
#   min/max. wt. =    0.00000             9.26375               *
#                                                               *
#*************   chi**2/iteration =  1.700       ****************


#********** Integration by Vegas (iteration       3) ************
#                                                               *
#  integral  =  2828.5811       accum. integral =  2817.0728    *
#  std. dev. =  8.7486080       accum. std. dev =  7.6637657    *
#   min/max. wt. =    0.00000             5.48713               *
#                                                               *
#*************   chi**2/iteration =  6.315       ****************


#********** Integration by Vegas (iteration       4) ************
#                                                               *
#  integral  =  2837.7484       accum. integral =  2834.2829    *
#  std. dev. =  3.5880390       accum. std. dev =  3.1721236    *
#   min/max. wt. =    0.00000            0.761349               *
#                                                               *
#*************   chi**2/iteration =  6.095       ****************


#********** Integration by Vegas (iteration       5) ************
#                                                               *
#  integral  =  2834.9946       accum. integral =  2834.7823    *
#  std. dev. =  2.1322679       accum. std. dev =  1.7433581    *
#   min/max. wt. =    0.00000            0.643341               *
#                                                               *
#*************   chi**2/iteration =  4.523       ****************


#********** Integration by Vegas (iteration       6) ************
#                                                               *
#  integral  =  2836.5124       accum. integral =  2835.2628    *
#  std. dev. =  2.8817538       accum. std. dev =  1.4878487    *
#   min/max. wt. =    0.00000             2.33089               *
#                                                               *
#*************   chi**2/iteration =  3.643       ****************


#********** Integration by Vegas (iteration       7) ************
#                                                               *
#  integral  =  2841.2101       accum. integral =  2836.8689    *
#  std. dev. =  2.5011594       accum. std. dev =  1.2752999    *
#   min/max. wt. =    0.00000            0.190904               *
#                                                               *
#*************   chi**2/iteration =  3.730       ****************


#********** Integration by Vegas (iteration       8) ************
#                                                               *
#  integral  =  2835.7352       accum. integral =  2836.3919    *
#  std. dev. =  1.5222615       accum. std. dev = 0.97275863    *
#   min/max. wt. =    0.00000            0.117538               *
#                                                               *
#*************   chi**2/iteration =  3.231       ****************


#********** Integration by Vegas (iteration       9) ************
#                                                               *
#  integral  =  2835.4348       accum. integral =  2836.0629    *
#  std. dev. =  1.3641062       accum. std. dev = 0.78934189    *
#   min/max. wt. =    0.00000            0.171448               *
#                                                               *
#*************   chi**2/iteration =  2.859       ****************


#********** Integration by Vegas (iteration      10) ************
#                                                               *
#  integral  =  2835.6786       accum. integral =  2835.9641    *
#  std. dev. =  1.3591798       accum. std. dev = 0.68120055    *
#   min/max. wt. =    0.00000            0.320442               *
#                                                               *
#*************   chi**2/iteration =  2.542       ****************


#********** Integration by Vegas (iteration      11) ************
#                                                               *
#  integral  =  2835.3408       accum. integral =  2835.8360    *
#  std. dev. =  1.3550561       accum. std. dev = 0.60782409    *
#   min/max. wt. =    0.00000            0.209956               *
#                                                               *
#*************   chi**2/iteration =  2.300       ****************


#********** Integration by Vegas (iteration      12) ************
#                                                               *
#  integral  =  2838.3761       accum. integral =  2836.2510    *
#  std. dev. =  1.3917059       accum. std. dev = 0.55650925    *
#   min/max. wt. =    0.00000            0.376291               *
#                                                               *
#*************   chi**2/iteration =  2.345       ****************


#********** Integration by Vegas (iteration      13) ************
#                                                               *
#  integral  =  2837.7739       accum. integral =  2836.4746    *
#  std. dev. =  1.3555752       accum. std. dev = 0.51444655    *
#   min/max. wt. =    0.00000            0.938877E-01           *
#                                                               *
#*************   chi**2/iteration =  2.238       ****************


#********** Integration by Vegas (iteration      14) ************
#                                                               *
#  integral  =  2836.2300       accum. integral =  2836.4454    *
#  std. dev. =  1.4101803       accum. std. dev = 0.48308552    *
#   min/max. wt. =    0.00000            0.455543               *
#                                                               *
#*************   chi**2/iteration =  2.065       ****************


#********** Integration by Vegas (iteration      15) ************
#                                                               *
#  integral  =  2835.2456       accum. integral =  2836.3096    *
#  std. dev. =  1.3632623       accum. std. dev = 0.45517372    *
#   min/max. wt. =    0.00000            0.577709E-01           *
#                                                               *
#*************   chi**2/iteration =  1.965       ****************

 ****************************************************
 * Writing out vegas grid to ./data/output.grid                                                      
 ****************************************************

  Input parameters for vegas:  ndim=  9   ncall= 80707214.
                              it=    0    itmx=    2
                              acc=-1.00    
                              mds=  1     nd=  50
                              (xl,xu)= (  0.00000     ,  1.00000     )
                                       (  0.00000     ,  1.00000     )
                                       (  0.00000     ,  1.00000     )
                                       (  0.00000     ,  1.00000     )
                                       (  0.00000     ,  1.00000     )
                                       (  0.00000     ,  1.00000     )
                                       (  0.00000     ,  1.00000     )
                                       (  0.00000     ,  1.00000     )
                                       (  0.00000     ,  1.00000     )

#********** Integration by Vegas (iteration       1) ************
#                                                               *
#  integral  =  2835.7703       accum. integral =  2835.7703    *
#  std. dev. =  1.3456290       accum. std. dev =  1.3456290    *
#   min/max. wt. =    0.00000            0.134735               *
#                                                               *
#*************   chi**2/iteration =  0.000       ****************


#********** Integration by Vegas (iteration       2) ************
#                                                               *
#  integral  =  2837.4016       accum. integral =  2836.5775    *
#  std. dev. =  1.3604240       accum. std. dev = 0.95669432    *
#   min/max. wt. =    0.00000            0.145903               *
#                                                               *
#*************   chi**2/iteration = 0.7261       ****************

 Done
