SLURM job running in:  /work-zfs/lhc/heshy/JHUGen/xsecs/JHUGen/JHUGenerator
LHAPDF 6.1.5 loading /work-zfs/lhc/cms/slc6_amd64_gcc493/external/lhapdf/6.1.5-kpegke3/share/LHAPDF/NNPDF30_lo_as_0130/NNPDF30_lo_as_0130_0000.dat
NNPDF30_lo_as_0130 PDF set, member #0, version 2; LHAPDF ID = 263000
 
                                                                                          
   ***************************************************************************************
   *                                JHU Generator v6.9.9                                 *
   ***************************************************************************************
   *                                                                                     *
   *   Spin and parity determination of single-produced resonances at hadron colliders   *
   *                                                                                     *
   *          I. Anderson, S. Bolognesi, F. Caola, Y. Gao, A. Gritsan, Z. Guo,           *
   *        C. Martin, K. Melnikov, R.Rontsch, H. Roskes, U. Sarica, M. Schulze,         *
   *                   N. Tran, A. Whitbeck, M. Xiao, C. You, Y. Zhou                    *
   *                Phys.Rev. D81 (2010) 075022;  arXiv:1001.3396 [hep-ph],              *
   *                Phys.Rev. D86 (2012) 095031;  arXiv:1208.4018 [hep-ph],              *
   *                Phys.Rev. D89 (2014) 035007;  arXiv:1309.4819 [hep-ph].              *
   *                                                                                     *
   ***************************************************************************************
                                                                                          
   
   Command line: ./JHUGen Unweighted=0 VegasNc0=99999999 VegasNc1=99999999 VegasNc2=99999999 LHAPDF=NNPDF30_lo_as_0130/NNPDF30_lo_as_0130.info MReso=2200 Process=61 ghg2=1,0 pTjetcut=25 etajetcut=4.7 pTlepcut=5 etalepcut=2.5
   
   Input Parameter:
    Collider: P-P, sqrt(s)=13000.00
    Resonance: spin=0, mass=2200.00 width=   0.00407
    Jet cuts:
            pT >=    25.00 GeV
         |eta| <=     4.70
        DeltaR >=     0.30
           mJJ >=     0.00 GeV
           m4l_min/max      -1.00     -1.00 GeV
    Random seed:   778793164
    To reproduce results using this seed, JHUGen should be compiled with the same compiler:
      GNU Fortran (GCC) 4.8.2
    
    WidthScheme:   2
    LHAPDF set NNPDF30_lo_as_0130/NNPDF30_lo_as_0130.info, member=  0
    Unweighted: F
    
    spin-0-VV couplings: 
      generate_as=F
      ghg2=  0.10000000E+01  0.00000000E+00i
      ghg3=  0.00000000E+00  0.00000000E+00i
      ghg4=  0.00000000E+00  0.00000000E+00i
      ghz1=  0.20000000E+01  0.00000000E+00i
      ghz2=  0.00000000E+00  0.00000000E+00i
      ghz3=  0.00000000E+00  0.00000000E+00i
      ghz4=  0.00000000E+00  0.00000000E+00i
      Lambda=  1000.0
    
    LHE output: ./data/output.lhe
    Histogram output: ./data/output.dat
    Log file: ./data/output.log
    
  Running

  Input parameters for vegas:  ndim=  9   ncall= 80707214.
                              it=    0    itmx=   15
                              acc=-1.00    
                              mds=  1     nd=  50
                              (xl,xu)= (  0.00000     ,  1.00000     )
                                       (  0.00000     ,  1.00000     )
                                       (  0.00000     ,  1.00000     )
                                       (  0.00000     ,  1.00000     )
                                       (  0.00000     ,  1.00000     )
                                       (  0.00000     ,  1.00000     )
                                       (  0.00000     ,  1.00000     )
                                       (  0.00000     ,  1.00000     )
                                       (  0.00000     ,  1.00000     )

#********** Integration by Vegas (iteration       1) ************
#                                                               *
#  integral  =  2.8544168       accum. integral =  2.8544168    *
#  std. dev. = 0.72716593       accum. std. dev = 0.72716593    *
#   min/max. wt. =    0.00000            0.699204               *
#                                                               *
#*************   chi**2/iteration =  0.000       ****************


#********** Integration by Vegas (iteration       2) ************
#                                                               *
#  integral  =  2.4585841       accum. integral =  2.4629724    *
#  std. dev. = 0.66314830E-01   accum. std. dev = 0.71452381E-01*
#   min/max. wt. =    0.00000            0.304043E-01           *
#                                                               *
#*************   chi**2/iteration = 0.3361       ****************


#********** Integration by Vegas (iteration       3) ************
#                                                               *
#  integral  =  2.7732219       accum. integral =  2.6644899    *
#  std. dev. = 0.54640159E-01   accum. std. dev = 0.42886619E-01*
#   min/max. wt. =    0.00000            0.481497E-01           *
#                                                               *
#*************   chi**2/iteration =  6.117       ****************


#********** Integration by Vegas (iteration       4) ************
#                                                               *
#  integral  =  2.8013461       accum. integral =  2.7528614    *
#  std. dev. = 0.32948922E-01   accum. std. dev = 0.25767386E-01*
#   min/max. wt. =    0.00000            0.211325E-01           *
#                                                               *
#*************   chi**2/iteration =  6.153       ****************


#********** Integration by Vegas (iteration       5) ************
#                                                               *
#  integral  =  2.7749797       accum. integral =  2.7730628    *
#  std. dev. = 0.80792347E-02   accum. std. dev = 0.76130126E-02*
#   min/max. wt. =    0.00000            0.178452E-02           *
#                                                               *
#*************   chi**2/iteration =  4.749       ****************


#********** Integration by Vegas (iteration       6) ************
#                                                               *
#  integral  =  2.7823527       accum. integral =  2.7812977    *
#  std. dev. = 0.27710274E-02   accum. std. dev = 0.25728449E-02*
#   min/max. wt. =    0.00000            0.410279E-03           *
#                                                               *
#*************   chi**2/iteration =  4.041       ****************


#********** Integration by Vegas (iteration       7) ************
#                                                               *
#  integral  =  2.7851775       accum. integral =  2.7836787    *
#  std. dev. = 0.20720578E-02   accum. std. dev = 0.16025931E-02*
#   min/max. wt. =    0.00000            0.408437E-03           *
#                                                               *
#*************   chi**2/iteration =  3.584       ****************


#********** Integration by Vegas (iteration       8) ************
#                                                               *
#  integral  =  2.7825646       accum. integral =  2.7831706    *
#  std. dev. = 0.17711590E-02   accum. std. dev = 0.11837506E-02*
#   min/max. wt. =    0.00000            0.131261E-03           *
#                                                               *
#*************   chi**2/iteration =  3.095       ****************


#********** Integration by Vegas (iteration       9) ************
#                                                               *
#  integral  =  2.7860945       accum. integral =  2.7841506    *
#  std. dev. = 0.16867338E-02   accum. std. dev = 0.96646954E-03*
#   min/max. wt. =    0.00000            0.400529E-03           *
#                                                               *
#*************   chi**2/iteration =  2.956       ****************


#********** Integration by Vegas (iteration      10) ************
#                                                               *
#  integral  =  2.7835036       accum. integral =  2.7839849    *
#  std. dev. = 0.16629835E-02   accum. std. dev = 0.83440136E-03*
#   min/max. wt. =    0.00000            0.239619E-03           *
#                                                               *
#*************   chi**2/iteration =  2.635       ****************


#********** Integration by Vegas (iteration      11) ************
#                                                               *
#  integral  =  2.7866916       accum. integral =  2.7845783    *
#  std. dev. = 0.15898703E-02   accum. std. dev = 0.73794040E-03*
#   min/max. wt. =    0.00000            0.153392E-03           *
#                                                               *
#*************   chi**2/iteration =  2.598       ****************


#********** Integration by Vegas (iteration      12) ************
#                                                               *
#  integral  =  2.7883117       accum. integral =  2.7852242    *
#  std. dev. = 0.16283415E-02   accum. std. dev = 0.67159348E-03*
#   min/max. wt. =    0.00000            0.134518E-03           *
#                                                               *
#*************   chi**2/iteration =  2.760       ****************


#********** Integration by Vegas (iteration      13) ************
#                                                               *
#  integral  =  2.7847339       accum. integral =  2.7851518    *
#  std. dev. = 0.16251018E-02   accum. std. dev = 0.62036940E-03*
#   min/max. wt. =    0.00000            0.315959E-03           *
#                                                               *
#*************   chi**2/iteration =  2.534       ****************


#********** Integration by Vegas (iteration      14) ************
#                                                               *
#  integral  =  2.7849036       accum. integral =  2.7851183    *
#  std. dev. = 0.15809405E-02   accum. std. dev = 0.57725661E-03*
#   min/max. wt. =    0.00000            0.764336E-04           *
#                                                               *
#*************   chi**2/iteration =  2.338       ****************


#********** Integration by Vegas (iteration      15) ************
#                                                               *
#  integral  =  2.7870254       accum. integral =  2.7853416    *
#  std. dev. = 0.15961629E-02   accum. std. dev = 0.54265977E-03*
#   min/max. wt. =    0.00000            0.142471E-03           *
#                                                               *
#*************   chi**2/iteration =  2.260       ****************

 ****************************************************
 * Writing out vegas grid to ./data/output.grid                                                      
 ****************************************************

  Input parameters for vegas:  ndim=  9   ncall= 80707214.
                              it=    0    itmx=    2
                              acc=-1.00    
                              mds=  1     nd=  50
                              (xl,xu)= (  0.00000     ,  1.00000     )
                                       (  0.00000     ,  1.00000     )
                                       (  0.00000     ,  1.00000     )
                                       (  0.00000     ,  1.00000     )
                                       (  0.00000     ,  1.00000     )
                                       (  0.00000     ,  1.00000     )
                                       (  0.00000     ,  1.00000     )
                                       (  0.00000     ,  1.00000     )
                                       (  0.00000     ,  1.00000     )

#********** Integration by Vegas (iteration       1) ************
#                                                               *
#  integral  =  2.7851339       accum. integral =  2.7851339    *
#  std. dev. = 0.15731435E-02   accum. std. dev = 0.15731435E-02*
#   min/max. wt. =    0.00000            0.100016E-03           *
#                                                               *
#*************   chi**2/iteration = 0.3589E-06   ****************


#********** Integration by Vegas (iteration       2) ************
#                                                               *
#  integral  =  2.7848028       accum. integral =  2.7849739    *
#  std. dev. = 0.16268095E-02   accum. std. dev = 0.11308747E-02*
#   min/max. wt. =    0.00000            0.138257E-03           *
#                                                               *
#*************   chi**2/iteration = 0.2139E-01   ****************

 Done
