SLURM job running in:  /work-zfs/lhc/heshy/JHUGen/xsecs/JHUGen/JHUGenerator
LHAPDF 6.1.5 loading /work-zfs/lhc/cms/slc6_amd64_gcc493/external/lhapdf/6.1.5-kpegke3/share/LHAPDF/NNPDF30_lo_as_0130/NNPDF30_lo_as_0130_0000.dat
NNPDF30_lo_as_0130 PDF set, member #0, version 2; LHAPDF ID = 263000
 
                                                                                          
   ***************************************************************************************
   *                                JHU Generator v6.9.9                                 *
   ***************************************************************************************
   *                                                                                     *
   *   Spin and parity determination of single-produced resonances at hadron colliders   *
   *                                                                                     *
   *          I. Anderson, S. Bolognesi, F. Caola, Y. Gao, A. Gritsan, Z. Guo,           *
   *        C. Martin, K. Melnikov, R.Rontsch, H. Roskes, U. Sarica, M. Schulze,         *
   *                   N. Tran, A. Whitbeck, M. Xiao, C. You, Y. Zhou                    *
   *                Phys.Rev. D81 (2010) 075022;  arXiv:1001.3396 [hep-ph],              *
   *                Phys.Rev. D86 (2012) 095031;  arXiv:1208.4018 [hep-ph],              *
   *                Phys.Rev. D89 (2014) 035007;  arXiv:1309.4819 [hep-ph].              *
   *                                                                                     *
   ***************************************************************************************
                                                                                          
   
   Command line: ./JHUGen Unweighted=0 VegasNc0=99999999 VegasNc1=99999999 VegasNc2=99999999 LHAPDF=NNPDF30_lo_as_0130/NNPDF30_lo_as_0130.info MReso=260 Process=61 ghg2=1,0 pTjetcut=25 etajetcut=4.7 pTlepcut=5 etalepcut=2.5
   
   Input Parameter:
    Collider: P-P, sqrt(s)=13000.00
    Resonance: spin=0, mass= 260.00 width=   0.00407
    Jet cuts:
            pT >=    25.00 GeV
         |eta| <=     4.70
        DeltaR >=     0.30
           mJJ >=     0.00 GeV
           m4l_min/max      -1.00     -1.00 GeV
    Random seed:   608511744
    To reproduce results using this seed, JHUGen should be compiled with the same compiler:
      GNU Fortran (GCC) 4.8.2
    
    WidthScheme:   2
    LHAPDF set NNPDF30_lo_as_0130/NNPDF30_lo_as_0130.info, member=  0
    Unweighted: F
    
    spin-0-VV couplings: 
      generate_as=F
      ghg2=  0.10000000E+01  0.00000000E+00i
      ghg3=  0.00000000E+00  0.00000000E+00i
      ghg4=  0.00000000E+00  0.00000000E+00i
      ghz1=  0.20000000E+01  0.00000000E+00i
      ghz2=  0.00000000E+00  0.00000000E+00i
      ghz3=  0.00000000E+00  0.00000000E+00i
      ghz4=  0.00000000E+00  0.00000000E+00i
      Lambda=  1000.0
    
    LHE output: ./data/output.lhe
    Histogram output: ./data/output.dat
    Log file: ./data/output.log
    
  Running

  Input parameters for vegas:  ndim=  9   ncall= 80707214.
                              it=    0    itmx=   15
                              acc=-1.00    
                              mds=  1     nd=  50
                              (xl,xu)= (  0.00000     ,  1.00000     )
                                       (  0.00000     ,  1.00000     )
                                       (  0.00000     ,  1.00000     )
                                       (  0.00000     ,  1.00000     )
                                       (  0.00000     ,  1.00000     )
                                       (  0.00000     ,  1.00000     )
                                       (  0.00000     ,  1.00000     )
                                       (  0.00000     ,  1.00000     )
                                       (  0.00000     ,  1.00000     )

#********** Integration by Vegas (iteration       1) ************
#                                                               *
#  integral  =  2010.6308       accum. integral =  2010.6308    *
#  std. dev. =  132.22138       accum. std. dev =  132.22138    *
#   min/max. wt. =    0.00000             56.6189               *
#                                                               *
#*************   chi**2/iteration =  0.000       ****************


#********** Integration by Vegas (iteration       2) ************
#                                                               *
#  integral  =  1973.1423       accum. integral =  1973.6073    *
#  std. dev. =  14.541161       accum. std. dev =  14.588627    *
#   min/max. wt. =    0.00000             7.71228               *
#                                                               *
#*************   chi**2/iteration = 0.8080E-01   ****************


#********** Integration by Vegas (iteration       3) ************
#                                                               *
#  integral  =  2025.2719       accum. integral =  2016.8192    *
#  std. dev. =  6.5600762       accum. std. dev =  5.9339128    *
#   min/max. wt. =    0.00000             2.42489               *
#                                                               *
#*************   chi**2/iteration =  5.224       ****************


#********** Integration by Vegas (iteration       4) ************
#                                                               *
#  integral  =  2024.2403       accum. integral =  2023.0100    *
#  std. dev. =  2.6731364       accum. std. dev =  2.4224575    *
#   min/max. wt. =    0.00000            0.829665               *
#                                                               *
#*************   chi**2/iteration =  3.897       ****************


#********** Integration by Vegas (iteration       5) ************
#                                                               *
#  integral  =  2027.5132       accum. integral =  2025.7233    *
#  std. dev. =  1.9862701       accum. std. dev =  1.5301838    *
#   min/max. wt. =    0.00000             1.31960               *
#                                                               *
#*************   chi**2/iteration =  3.431       ****************


#********** Integration by Vegas (iteration       6) ************
#                                                               *
#  integral  =  2025.2382       accum. integral =  2025.4804    *
#  std. dev. =  1.5377278       accum. std. dev =  1.0823515    *
#   min/max. wt. =    0.00000            0.126200               *
#                                                               *
#*************   chi**2/iteration =  2.749       ****************


#********** Integration by Vegas (iteration       7) ************
#                                                               *
#  integral  =  2025.4192       accum. integral =  2025.4505    *
#  std. dev. =  1.1130541       accum. std. dev = 0.77451533    *
#   min/max. wt. =    0.00000            0.182498               *
#                                                               *
#*************   chi**2/iteration =  2.287       ****************


#********** Integration by Vegas (iteration       8) ************
#                                                               *
#  integral  =  2025.7534       accum. integral =  2025.5638    *
#  std. dev. =  1.0067839       accum. std. dev = 0.61314776    *
#   min/max. wt. =    0.00000            0.105806               *
#                                                               *
#*************   chi**2/iteration =  1.966       ****************


#********** Integration by Vegas (iteration       9) ************
#                                                               *
#  integral  =  2024.8147       accum. integral =  2025.3497    *
#  std. dev. = 0.97309165       accum. std. dev = 0.51841726    *
#   min/max. wt. =    0.00000            0.113044               *
#                                                               *
#*************   chi**2/iteration =  1.772       ****************


#********** Integration by Vegas (iteration      10) ************
#                                                               *
#  integral  =  2026.6286       accum. integral =  2025.6412    *
#  std. dev. = 0.95828481       accum. std. dev = 0.45572579    *
#   min/max. wt. =    0.00000            0.116836               *
#                                                               *
#*************   chi**2/iteration =  1.728       ****************


#********** Integration by Vegas (iteration      11) ************
#                                                               *
#  integral  =  2026.6159       accum. integral =  2025.8204    *
#  std. dev. = 0.96368886       accum. std. dev = 0.41183779    *
#   min/max. wt. =    0.00000            0.959920E-01           *
#                                                               *
#*************   chi**2/iteration =  1.638       ****************


#********** Integration by Vegas (iteration      12) ************
#                                                               *
#  integral  =  2025.5319       accum. integral =  2025.7774    *
#  std. dev. = 0.98585637       accum. std. dev = 0.37993962    *
#   min/max. wt. =    0.00000            0.162571               *
#                                                               *
#*************   chi**2/iteration =  1.495       ****************


#********** Integration by Vegas (iteration      13) ************
#                                                               *
#  integral  =  2027.3718       accum. integral =  2025.9887    *
#  std. dev. = 0.97536526       accum. std. dev = 0.35395835    *
#   min/max. wt. =    0.00000            0.102804               *
#                                                               *
#*************   chi**2/iteration =  1.564       ****************


#********** Integration by Vegas (iteration      14) ************
#                                                               *
#  integral  =  2027.6187       accum. integral =  2026.1748    *
#  std. dev. = 0.98948374       accum. std. dev = 0.33322828    *
#   min/max. wt. =    0.00000            0.143850               *
#                                                               *
#*************   chi**2/iteration =  1.629       ****************


#********** Integration by Vegas (iteration      15) ************
#                                                               *
#  integral  =  2025.9171       accum. integral =  2026.1471    *
#  std. dev. = 0.96335323       accum. std. dev = 0.31489063    *
#   min/max. wt. =    0.00000            0.624685E-01           *
#                                                               *
#*************   chi**2/iteration =  1.517       ****************

 ****************************************************
 * Writing out vegas grid to ./data/output.grid                                                      
 ****************************************************

  Input parameters for vegas:  ndim=  9   ncall= 80707214.
                              it=    0    itmx=    2
                              acc=-1.00    
                              mds=  1     nd=  50
                              (xl,xu)= (  0.00000     ,  1.00000     )
                                       (  0.00000     ,  1.00000     )
                                       (  0.00000     ,  1.00000     )
                                       (  0.00000     ,  1.00000     )
                                       (  0.00000     ,  1.00000     )
                                       (  0.00000     ,  1.00000     )
                                       (  0.00000     ,  1.00000     )
                                       (  0.00000     ,  1.00000     )
                                       (  0.00000     ,  1.00000     )

#********** Integration by Vegas (iteration       1) ************
#                                                               *
#  integral  =  2027.0407       accum. integral =  2027.0407    *
#  std. dev. = 0.99358079       accum. std. dev = 0.99358079    *
#   min/max. wt. =    0.00000            0.169858               *
#                                                               *
#*************   chi**2/iteration =  0.000       ****************


#********** Integration by Vegas (iteration       2) ************
#                                                               *
#  integral  =  2026.0524       accum. integral =  2026.5457    *
#  std. dev. = 0.99138899       accum. std. dev = 0.70179189    *
#   min/max. wt. =    0.00000            0.890443E-01           *
#                                                               *
#*************   chi**2/iteration = 0.4954       ****************

 Done
