SLURM job running in:  /work-zfs/lhc/heshy/JHUGen/xsecs/JHUGen/JHUGenerator
LHAPDF 6.1.5 loading /work-zfs/lhc/cms/slc6_amd64_gcc493/external/lhapdf/6.1.5-kpegke3/share/LHAPDF/NNPDF30_lo_as_0130/NNPDF30_lo_as_0130_0000.dat
NNPDF30_lo_as_0130 PDF set, member #0, version 2; LHAPDF ID = 263000
 
                                                                                          
   ***************************************************************************************
   *                                JHU Generator v6.9.9                                 *
   ***************************************************************************************
   *                                                                                     *
   *   Spin and parity determination of single-produced resonances at hadron colliders   *
   *                                                                                     *
   *          I. Anderson, S. Bolognesi, F. Caola, Y. Gao, A. Gritsan, Z. Guo,           *
   *        C. Martin, K. Melnikov, R.Rontsch, H. Roskes, U. Sarica, M. Schulze,         *
   *                   N. Tran, A. Whitbeck, M. Xiao, C. You, Y. Zhou                    *
   *                Phys.Rev. D81 (2010) 075022;  arXiv:1001.3396 [hep-ph],              *
   *                Phys.Rev. D86 (2012) 095031;  arXiv:1208.4018 [hep-ph],              *
   *                Phys.Rev. D89 (2014) 035007;  arXiv:1309.4819 [hep-ph].              *
   *                                                                                     *
   ***************************************************************************************
                                                                                          
   
   Command line: ./JHUGen Unweighted=0 VegasNc0=99999999 VegasNc1=99999999 VegasNc2=99999999 LHAPDF=NNPDF30_lo_as_0130/NNPDF30_lo_as_0130.info MReso=270 Process=61 ghg2=1,0 pTjetcut=25 etajetcut=4.7 pTlepcut=5 etalepcut=2.5
   
   Input Parameter:
    Collider: P-P, sqrt(s)=13000.00
    Resonance: spin=0, mass= 270.00 width=   0.00407
    Jet cuts:
            pT >=    25.00 GeV
         |eta| <=     4.70
        DeltaR >=     0.30
           mJJ >=     0.00 GeV
           m4l_min/max      -1.00     -1.00 GeV
    Random seed:   833365185
    To reproduce results using this seed, JHUGen should be compiled with the same compiler:
      GNU Fortran (GCC) 4.8.2
    
    WidthScheme:   2
    LHAPDF set NNPDF30_lo_as_0130/NNPDF30_lo_as_0130.info, member=  0
    Unweighted: F
    
    spin-0-VV couplings: 
      generate_as=F
      ghg2=  0.10000000E+01  0.00000000E+00i
      ghg3=  0.00000000E+00  0.00000000E+00i
      ghg4=  0.00000000E+00  0.00000000E+00i
      ghz1=  0.20000000E+01  0.00000000E+00i
      ghz2=  0.00000000E+00  0.00000000E+00i
      ghz3=  0.00000000E+00  0.00000000E+00i
      ghz4=  0.00000000E+00  0.00000000E+00i
      Lambda=  1000.0
    
    LHE output: ./data/output.lhe
    Histogram output: ./data/output.dat
    Log file: ./data/output.log
    
  Running

  Input parameters for vegas:  ndim=  9   ncall= 80707214.
                              it=    0    itmx=   15
                              acc=-1.00    
                              mds=  1     nd=  50
                              (xl,xu)= (  0.00000     ,  1.00000     )
                                       (  0.00000     ,  1.00000     )
                                       (  0.00000     ,  1.00000     )
                                       (  0.00000     ,  1.00000     )
                                       (  0.00000     ,  1.00000     )
                                       (  0.00000     ,  1.00000     )
                                       (  0.00000     ,  1.00000     )
                                       (  0.00000     ,  1.00000     )
                                       (  0.00000     ,  1.00000     )

#********** Integration by Vegas (iteration       1) ************
#                                                               *
#  integral  =  1592.1002       accum. integral =  1592.1002    *
#  std. dev. =  59.073705       accum. std. dev =  59.073705    *
#   min/max. wt. =    0.00000             18.3933               *
#                                                               *
#*************   chi**2/iteration =  0.000       ****************


#********** Integration by Vegas (iteration       2) ************
#                                                               *
#  integral  =  1833.2720       accum. integral =  1827.0314    *
#  std. dev. =  11.086406       accum. std. dev =  10.247610    *
#   min/max. wt. =    0.00000             3.63043               *
#                                                               *
#*************   chi**2/iteration =  13.95       ****************


#********** Integration by Vegas (iteration       3) ************
#                                                               *
#  integral  =  1892.8135       accum. integral =  1843.8030    *
#  std. dev. =  19.312395       accum. std. dev =  9.1573308    *
#   min/max. wt. =    0.00000             18.8142               *
#                                                               *
#*************   chi**2/iteration =  11.41       ****************


#********** Integration by Vegas (iteration       4) ************
#                                                               *
#  integral  =  1891.0551       accum. integral =  1871.7714    *
#  std. dev. =  8.0896075       accum. std. dev =  5.9456126    *
#   min/max. wt. =    0.00000             5.37673               *
#                                                               *
#*************   chi**2/iteration =  12.45       ****************


#********** Integration by Vegas (iteration       5) ************
#                                                               *
#  integral  =  1888.5448       accum. integral =  1886.7960    *
#  std. dev. =  2.1205691       accum. std. dev =  1.9375812    *
#   min/max. wt. =    0.00000            0.276774               *
#                                                               *
#*************   chi**2/iteration =  10.92       ****************


#********** Integration by Vegas (iteration       6) ************
#                                                               *
#  integral  =  1887.4716       accum. integral =  1887.2948    *
#  std. dev. =  1.1941553       accum. std. dev = 0.99707152    *
#   min/max. wt. =    0.00000            0.436251               *
#                                                               *
#*************   chi**2/iteration =  8.648       ****************


#********** Integration by Vegas (iteration       7) ************
#                                                               *
#  integral  =  1888.9173       accum. integral =  1888.0669    *
#  std. dev. =  1.0777314       accum. std. dev = 0.72498522    *
#   min/max. wt. =    0.00000            0.320865               *
#                                                               *
#*************   chi**2/iteration =  7.353       ****************


#********** Integration by Vegas (iteration       8) ************
#                                                               *
#  integral  =  1886.4269       accum. integral =  1887.4598    *
#  std. dev. = 0.96850047       accum. std. dev = 0.57712163    *
#   min/max. wt. =    0.00000            0.600574E-01           *
#                                                               *
#*************   chi**2/iteration =  6.533       ****************


#********** Integration by Vegas (iteration       9) ************
#                                                               *
#  integral  =  1887.6371       accum. integral =  1887.5090    *
#  std. dev. = 0.95203040       accum. std. dev = 0.49183737    *
#   min/max. wt. =    0.00000            0.228921               *
#                                                               *
#*************   chi**2/iteration =  5.692       ****************


#********** Integration by Vegas (iteration      10) ************
#                                                               *
#  integral  =  1889.7010       accum. integral =  1888.0013    *
#  std. dev. = 0.93238824       accum. std. dev = 0.43398179    *
#   min/max. wt. =    0.00000            0.990390E-01           *
#                                                               *
#*************   chi**2/iteration =  5.533       ****************


#********** Integration by Vegas (iteration      11) ************
#                                                               *
#  integral  =  1888.0793       accum. integral =  1888.0164    *
#  std. dev. = 0.90256849       accum. std. dev = 0.39045945    *
#   min/max. wt. =    0.00000            0.853357E-01           *
#                                                               *
#*************   chi**2/iteration =  4.965       ****************


#********** Integration by Vegas (iteration      12) ************
#                                                               *
#  integral  =  1888.7053       accum. integral =  1888.1298    *
#  std. dev. = 0.89368596       accum. std. dev = 0.35735637    *
#   min/max. wt. =    0.00000            0.696248E-01           *
#                                                               *
#*************   chi**2/iteration =  4.548       ****************


#********** Integration by Vegas (iteration      13) ************
#                                                               *
#  integral  =  1887.4403       accum. integral =  1888.0368    *
#  std. dev. = 0.91805385       accum. std. dev = 0.33276083    *
#   min/max. wt. =    0.00000            0.138420               *
#                                                               *
#*************   chi**2/iteration =  4.201       ****************


#********** Integration by Vegas (iteration      14) ************
#                                                               *
#  integral  =  1888.6456       accum. integral =  1888.1105    *
#  std. dev. = 0.90886000       accum. std. dev = 0.31227657    *
#   min/max. wt. =    0.00000            0.584957E-01           *
#                                                               *
#*************   chi**2/iteration =  3.902       ****************


#********** Integration by Vegas (iteration      15) ************
#                                                               *
#  integral  =  1888.5109       accum. integral =  1888.1542    *
#  std. dev. = 0.90335537       accum. std. dev = 0.29499139    *
#   min/max. wt. =    0.00000            0.606284E-01           *
#                                                               *
#*************   chi**2/iteration =  3.630       ****************

 ****************************************************
 * Writing out vegas grid to ./data/output.grid                                                      
 ****************************************************

  Input parameters for vegas:  ndim=  9   ncall= 80707214.
                              it=    0    itmx=    2
                              acc=-1.00    
                              mds=  1     nd=  50
                              (xl,xu)= (  0.00000     ,  1.00000     )
                                       (  0.00000     ,  1.00000     )
                                       (  0.00000     ,  1.00000     )
                                       (  0.00000     ,  1.00000     )
                                       (  0.00000     ,  1.00000     )
                                       (  0.00000     ,  1.00000     )
                                       (  0.00000     ,  1.00000     )
                                       (  0.00000     ,  1.00000     )
                                       (  0.00000     ,  1.00000     )

#********** Integration by Vegas (iteration       1) ************
#                                                               *
#  integral  =  1888.3611       accum. integral =  1888.3611    *
#  std. dev. = 0.90208857       accum. std. dev = 0.90208857    *
#   min/max. wt. =    0.00000            0.520902E-01           *
#                                                               *
#*************   chi**2/iteration =  0.000       ****************


#********** Integration by Vegas (iteration       2) ************
#                                                               *
#  integral  =  1888.2793       accum. integral =  1888.3218    *
#  std. dev. = 0.93687491       accum. std. dev = 0.64982234    *
#   min/max. wt. =    0.00000            0.134585               *
#                                                               *
#*************   chi**2/iteration = 0.3947E-02   ****************

 Done
