SLURM job running in:  /work-zfs/lhc/heshy/JHUGen/xsecs/JHUGen/JHUGenerator
LHAPDF 6.1.5 loading /work-zfs/lhc/cms/slc6_amd64_gcc493/external/lhapdf/6.1.5-kpegke3/share/LHAPDF/NNPDF30_lo_as_0130/NNPDF30_lo_as_0130_0000.dat
NNPDF30_lo_as_0130 PDF set, member #0, version 2; LHAPDF ID = 263000
 
                                                                                          
   ***************************************************************************************
   *                                JHU Generator v6.9.9                                 *
   ***************************************************************************************
   *                                                                                     *
   *   Spin and parity determination of single-produced resonances at hadron colliders   *
   *                                                                                     *
   *          I. Anderson, S. Bolognesi, F. Caola, Y. Gao, A. Gritsan, Z. Guo,           *
   *        C. Martin, K. Melnikov, R.Rontsch, H. Roskes, U. Sarica, M. Schulze,         *
   *                   N. Tran, A. Whitbeck, M. Xiao, C. You, Y. Zhou                    *
   *                Phys.Rev. D81 (2010) 075022;  arXiv:1001.3396 [hep-ph],              *
   *                Phys.Rev. D86 (2012) 095031;  arXiv:1208.4018 [hep-ph],              *
   *                Phys.Rev. D89 (2014) 035007;  arXiv:1309.4819 [hep-ph].              *
   *                                                                                     *
   ***************************************************************************************
                                                                                          
   
   Command line: ./JHUGen Unweighted=0 VegasNc0=99999999 VegasNc1=99999999 VegasNc2=99999999 LHAPDF=NNPDF30_lo_as_0130/NNPDF30_lo_as_0130.info MReso=280 Process=61 ghg2=1,0 pTjetcut=25 etajetcut=4.7 pTlepcut=5 etalepcut=2.5
   
   Input Parameter:
    Collider: P-P, sqrt(s)=13000.00
    Resonance: spin=0, mass= 280.00 width=   0.00407
    Jet cuts:
            pT >=    25.00 GeV
         |eta| <=     4.70
        DeltaR >=     0.30
           mJJ >=     0.00 GeV
           m4l_min/max      -1.00     -1.00 GeV
    Random seed:    89282662
    To reproduce results using this seed, JHUGen should be compiled with the same compiler:
      GNU Fortran (GCC) 4.8.2
    
    WidthScheme:   2
    LHAPDF set NNPDF30_lo_as_0130/NNPDF30_lo_as_0130.info, member=  0
    Unweighted: F
    
    spin-0-VV couplings: 
      generate_as=F
      ghg2=  0.10000000E+01  0.00000000E+00i
      ghg3=  0.00000000E+00  0.00000000E+00i
      ghg4=  0.00000000E+00  0.00000000E+00i
      ghz1=  0.20000000E+01  0.00000000E+00i
      ghz2=  0.00000000E+00  0.00000000E+00i
      ghz3=  0.00000000E+00  0.00000000E+00i
      ghz4=  0.00000000E+00  0.00000000E+00i
      Lambda=  1000.0
    
    LHE output: ./data/output.lhe
    Histogram output: ./data/output.dat
    Log file: ./data/output.log
    
  Running

  Input parameters for vegas:  ndim=  9   ncall= 80707214.
                              it=    0    itmx=   15
                              acc=-1.00    
                              mds=  1     nd=  50
                              (xl,xu)= (  0.00000     ,  1.00000     )
                                       (  0.00000     ,  1.00000     )
                                       (  0.00000     ,  1.00000     )
                                       (  0.00000     ,  1.00000     )
                                       (  0.00000     ,  1.00000     )
                                       (  0.00000     ,  1.00000     )
                                       (  0.00000     ,  1.00000     )
                                       (  0.00000     ,  1.00000     )
                                       (  0.00000     ,  1.00000     )

#********** Integration by Vegas (iteration       1) ************
#                                                               *
#  integral  =  1618.7195       accum. integral =  1618.7195    *
#  std. dev. =  97.807394       accum. std. dev =  97.807394    *
#   min/max. wt. =    0.00000             50.4750               *
#                                                               *
#*************   chi**2/iteration =  0.000       ****************


#********** Integration by Vegas (iteration       2) ************
#                                                               *
#  integral  =  1731.0951       accum. integral =  1728.5285    *
#  std. dev. =  15.991094       accum. std. dev =  15.302955    *
#   min/max. wt. =    0.00000             8.40243               *
#                                                               *
#*************   chi**2/iteration =  1.202       ****************


#********** Integration by Vegas (iteration       3) ************
#                                                               *
#  integral  =  1749.0450       accum. integral =  1748.0387    *
#  std. dev. =  3.6273551       accum. std. dev =  3.4392932    *
#   min/max. wt. =    0.00000            0.901998               *
#                                                               *
#*************   chi**2/iteration =  1.414       ****************


#********** Integration by Vegas (iteration       4) ************
#                                                               *
#  integral  =  1763.4586       accum. integral =  1755.0277    *
#  std. dev. =  3.9170858       accum. std. dev =  2.5669372    *
#   min/max. wt. =    0.00000             2.51703               *
#                                                               *
#*************   chi**2/iteration =  3.905       ****************


#********** Integration by Vegas (iteration       5) ************
#                                                               *
#  integral  =  1761.8966       accum. integral =  1758.4039    *
#  std. dev. =  2.6798472       accum. std. dev =  1.8402016    *
#   min/max. wt. =    0.00000            0.379826               *
#                                                               *
#*************   chi**2/iteration =  3.768       ****************


#********** Integration by Vegas (iteration       6) ************
#                                                               *
#  integral  =  1763.5284       accum. integral =  1761.6500    *
#  std. dev. =  1.4305570       accum. std. dev =  1.1182468    *
#   min/max. wt. =    0.00000            0.893925               *
#                                                               *
#*************   chi**2/iteration =  3.968       ****************


#********** Integration by Vegas (iteration       7) ************
#                                                               *
#  integral  =  1758.7923       accum. integral =  1760.2257    *
#  std. dev. =  1.1390969       accum. std. dev = 0.79372507    *
#   min/max. wt. =    0.00000            0.740668E-01           *
#                                                               *
#*************   chi**2/iteration =  3.832       ****************


#********** Integration by Vegas (iteration       8) ************
#                                                               *
#  integral  =  1759.7170       accum. integral =  1760.0063    *
#  std. dev. = 0.92404205       accum. std. dev = 0.59962946    *
#   min/max. wt. =    0.00000            0.145674               *
#                                                               *
#*************   chi**2/iteration =  3.299       ****************


#********** Integration by Vegas (iteration       9) ************
#                                                               *
#  integral  =  1760.9060       accum. integral =  1760.2938    *
#  std. dev. = 0.88608659       accum. std. dev = 0.49533113    *
#   min/max. wt. =    0.00000            0.192564               *
#                                                               *
#*************   chi**2/iteration =  2.968       ****************


#********** Integration by Vegas (iteration      10) ************
#                                                               *
#  integral  =  1760.9257       accum. integral =  1760.4517    *
#  std. dev. = 0.86768742       accum. std. dev = 0.42946717    *
#   min/max. wt. =    0.00000            0.130229               *
#                                                               *
#*************   chi**2/iteration =  2.677       ****************


#********** Integration by Vegas (iteration      11) ************
#                                                               *
#  integral  =  1760.8191       accum. integral =  1760.5283    *
#  std. dev. = 0.84556196       accum. std. dev = 0.38246905    *
#   min/max. wt. =    0.00000            0.759352E-01           *
#                                                               *
#*************   chi**2/iteration =  2.420       ****************


#********** Integration by Vegas (iteration      12) ************
#                                                               *
#  integral  =  1761.1915       accum. integral =  1760.6424    *
#  std. dev. = 0.84658241       accum. std. dev = 0.34826862    *
#   min/max. wt. =    0.00000            0.589597E-01           *
#                                                               *
#*************   chi**2/iteration =  2.244       ****************


#********** Integration by Vegas (iteration      13) ************
#                                                               *
#  integral  =  1761.3573       accum. integral =  1760.7420    *
#  std. dev. = 0.87321112       accum. std. dev = 0.32332011    *
#   min/max. wt. =    0.00000            0.144988               *
#                                                               *
#*************   chi**2/iteration =  2.103       ****************


#********** Integration by Vegas (iteration      14) ************
#                                                               *
#  integral  =  1762.0712       accum. integral =  1760.9065    *
#  std. dev. = 0.86747971       accum. std. dev = 0.30283289    *
#   min/max. wt. =    0.00000            0.169731               *
#                                                               *
#*************   chi**2/iteration =  2.100       ****************


#********** Integration by Vegas (iteration      15) ************
#                                                               *
#  integral  =  1760.8853       accum. integral =  1760.9042    *
#  std. dev. = 0.86549267       accum. std. dev = 0.28575450    *
#   min/max. wt. =    0.00000            0.110866               *
#                                                               *
#*************   chi**2/iteration =  1.948       ****************

 ****************************************************
 * Writing out vegas grid to ./data/output.grid                                                      
 ****************************************************

  Input parameters for vegas:  ndim=  9   ncall= 80707214.
                              it=    0    itmx=    2
                              acc=-1.00    
                              mds=  1     nd=  50
                              (xl,xu)= (  0.00000     ,  1.00000     )
                                       (  0.00000     ,  1.00000     )
                                       (  0.00000     ,  1.00000     )
                                       (  0.00000     ,  1.00000     )
                                       (  0.00000     ,  1.00000     )
                                       (  0.00000     ,  1.00000     )
                                       (  0.00000     ,  1.00000     )
                                       (  0.00000     ,  1.00000     )
                                       (  0.00000     ,  1.00000     )

#********** Integration by Vegas (iteration       1) ************
#                                                               *
#  integral  =  1759.1483       accum. integral =  1759.1483    *
#  std. dev. = 0.85548633       accum. std. dev = 0.85548633    *
#   min/max. wt. =    0.00000            0.532588E-01           *
#                                                               *
#*************   chi**2/iteration =  0.000       ****************


#********** Integration by Vegas (iteration       2) ************
#                                                               *
#  integral  =  1761.1076       accum. integral =  1760.1018    *
#  std. dev. = 0.87958059       accum. std. dev = 0.61327085    *
#   min/max. wt. =    0.00000            0.129072               *
#                                                               *
#*************   chi**2/iteration =  2.547       ****************

 Done
