SLURM job running in:  /work-zfs/lhc/heshy/JHUGen/xsecs/JHUGen/JHUGenerator
LHAPDF 6.1.5 loading /work-zfs/lhc/cms/slc6_amd64_gcc493/external/lhapdf/6.1.5-kpegke3/share/LHAPDF/NNPDF30_lo_as_0130/NNPDF30_lo_as_0130_0000.dat
NNPDF30_lo_as_0130 PDF set, member #0, version 2; LHAPDF ID = 263000
 
                                                                                          
   ***************************************************************************************
   *                                JHU Generator v6.9.9                                 *
   ***************************************************************************************
   *                                                                                     *
   *   Spin and parity determination of single-produced resonances at hadron colliders   *
   *                                                                                     *
   *          I. Anderson, S. Bolognesi, F. Caola, Y. Gao, A. Gritsan, Z. Guo,           *
   *        C. Martin, K. Melnikov, R.Rontsch, H. Roskes, U. Sarica, M. Schulze,         *
   *                   N. Tran, A. Whitbeck, M. Xiao, C. You, Y. Zhou                    *
   *                Phys.Rev. D81 (2010) 075022;  arXiv:1001.3396 [hep-ph],              *
   *                Phys.Rev. D86 (2012) 095031;  arXiv:1208.4018 [hep-ph],              *
   *                Phys.Rev. D89 (2014) 035007;  arXiv:1309.4819 [hep-ph].              *
   *                                                                                     *
   ***************************************************************************************
                                                                                          
   
   Command line: ./JHUGen Unweighted=0 VegasNc0=99999999 VegasNc1=99999999 VegasNc2=99999999 LHAPDF=NNPDF30_lo_as_0130/NNPDF30_lo_as_0130.info MReso=2950 Process=61 ghg2=1,0 pTjetcut=25 etajetcut=4.7 pTlepcut=5 etalepcut=2.5
   
   Input Parameter:
    Collider: P-P, sqrt(s)=13000.00
    Resonance: spin=0, mass=2950.00 width=   0.00407
    Jet cuts:
            pT >=    25.00 GeV
         |eta| <=     4.70
        DeltaR >=     0.30
           mJJ >=     0.00 GeV
           m4l_min/max      -1.00     -1.00 GeV
    Random seed:   378401120
    To reproduce results using this seed, JHUGen should be compiled with the same compiler:
      GNU Fortran (GCC) 4.8.2
    
    WidthScheme:   2
    LHAPDF set NNPDF30_lo_as_0130/NNPDF30_lo_as_0130.info, member=  0
    Unweighted: F
    
    spin-0-VV couplings: 
      generate_as=F
      ghg2=  0.10000000E+01  0.00000000E+00i
      ghg3=  0.00000000E+00  0.00000000E+00i
      ghg4=  0.00000000E+00  0.00000000E+00i
      ghz1=  0.20000000E+01  0.00000000E+00i
      ghz2=  0.00000000E+00  0.00000000E+00i
      ghz3=  0.00000000E+00  0.00000000E+00i
      ghz4=  0.00000000E+00  0.00000000E+00i
      Lambda=  1000.0
    
    LHE output: ./data/output.lhe
    Histogram output: ./data/output.dat
    Log file: ./data/output.log
    
  Running

  Input parameters for vegas:  ndim=  9   ncall= 80707214.
                              it=    0    itmx=   15
                              acc=-1.00    
                              mds=  1     nd=  50
                              (xl,xu)= (  0.00000     ,  1.00000     )
                                       (  0.00000     ,  1.00000     )
                                       (  0.00000     ,  1.00000     )
                                       (  0.00000     ,  1.00000     )
                                       (  0.00000     ,  1.00000     )
                                       (  0.00000     ,  1.00000     )
                                       (  0.00000     ,  1.00000     )
                                       (  0.00000     ,  1.00000     )
                                       (  0.00000     ,  1.00000     )

#********** Integration by Vegas (iteration       1) ************
#                                                               *
#  integral  = 0.45522873       accum. integral = 0.45522873    *
#  std. dev. = 0.60756599E-01   accum. std. dev = 0.60756599E-01*
#   min/max. wt. =    0.00000            0.445761E-01           *
#                                                               *
#*************   chi**2/iteration =  0.000       ****************


#********** Integration by Vegas (iteration       2) ************
#                                                               *
#  integral  = 0.44195038       accum. integral = 0.44233971    *
#  std. dev. = 0.10251466E-01   accum. std. dev = 0.10252908E-01*
#   min/max. wt. =    0.00000            0.564782E-02           *
#                                                               *
#*************   chi**2/iteration = 0.4769E-01   ****************


#********** Integration by Vegas (iteration       3) ************
#                                                               *
#  integral  = 0.47410746       accum. integral = 0.46896291    *
#  std. dev. = 0.47628881E-02   accum. std. dev = 0.42055070E-02*
#   min/max. wt. =    0.00000            0.300366E-02           *
#                                                               *
#*************   chi**2/iteration =  3.893       ****************


#********** Integration by Vegas (iteration       4) ************
#                                                               *
#  integral  = 0.48574236       accum. integral = 0.48159363    *
#  std. dev. = 0.25602379E-02   accum. std. dev = 0.21244403E-02*
#   min/max. wt. =    0.00000            0.128566E-02           *
#                                                               *
#*************   chi**2/iteration =  6.384       ****************


#********** Integration by Vegas (iteration       5) ************
#                                                               *
#  integral  = 0.48091935       accum. integral = 0.48100005    *
#  std. dev. = 0.81088893E-03   accum. std. dev = 0.74019193E-03*
#   min/max. wt. =    0.00000            0.117832E-03           *
#                                                               *
#*************   chi**2/iteration =  4.743       ****************


#********** Integration by Vegas (iteration       6) ************
#                                                               *
#  integral  = 0.48266556       accum. integral = 0.48227040    *
#  std. dev. = 0.42587449E-03   accum. std. dev = 0.36246752E-03*
#   min/max. wt. =    0.00000            0.954825E-04           *
#                                                               *
#*************   chi**2/iteration =  4.518       ****************


#********** Integration by Vegas (iteration       7) ************
#                                                               *
#  integral  = 0.48230846       accum. integral = 0.48229065    *
#  std. dev. = 0.34852421E-03   accum. std. dev = 0.24884917E-03*
#   min/max. wt. =    0.00000            0.987338E-04           *
#                                                               *
#*************   chi**2/iteration =  3.739       ****************


#********** Integration by Vegas (iteration       8) ************
#                                                               *
#  integral  = 0.48266557       accum. integral = 0.48244202    *
#  std. dev. = 0.30918753E-03   accum. std. dev = 0.19269999E-03*
#   min/max. wt. =    0.00000            0.182835E-04           *
#                                                               *
#*************   chi**2/iteration =  3.317       ****************


#********** Integration by Vegas (iteration       9) ************
#                                                               *
#  integral  = 0.48204304       accum. integral = 0.48231535    *
#  std. dev. = 0.28768331E-03   accum. std. dev = 0.15952369E-03*
#   min/max. wt. =    0.00000            0.212013E-04           *
#                                                               *
#*************   chi**2/iteration =  3.060       ****************


#********** Integration by Vegas (iteration      10) ************
#                                                               *
#  integral  = 0.48219293       accum. integral = 0.48228534    *
#  std. dev. = 0.28449731E-03   accum. std. dev = 0.13882386E-03*
#   min/max. wt. =    0.00000            0.171010E-04           *
#                                                               *
#*************   chi**2/iteration =  2.727       ****************


#********** Integration by Vegas (iteration      11) ************
#                                                               *
#  integral  = 0.48239467       accum. integral = 0.48230682    *
#  std. dev. = 0.28498622E-03   accum. std. dev = 0.12461239E-03*
#   min/max. wt. =    0.00000            0.254171E-04           *
#                                                               *
#*************   chi**2/iteration =  2.460       ****************


#********** Integration by Vegas (iteration      12) ************
#                                                               *
#  integral  = 0.48233351       accum. integral = 0.48231110    *
#  std. dev. = 0.28891613E-03   accum. std. dev = 0.11430802E-03*
#   min/max. wt. =    0.00000            0.175533E-04           *
#                                                               *
#*************   chi**2/iteration =  2.232       ****************


#********** Integration by Vegas (iteration      13) ************
#                                                               *
#  integral  = 0.48266733       accum. integral = 0.48236138    *
#  std. dev. = 0.28570444E-03   accum. std. dev = 0.10604326E-03*
#   min/max. wt. =    0.00000            0.131337E-04           *
#                                                               *
#*************   chi**2/iteration =  2.155       ****************


#********** Integration by Vegas (iteration      14) ************
#                                                               *
#  integral  = 0.48260729       accum. integral = 0.48239191    *
#  std. dev. = 0.28502819E-03   accum. std. dev = 0.99327481E-04*
#   min/max. wt. =    0.00000            0.185029E-04           *
#                                                               *
#*************   chi**2/iteration =  2.038       ****************


#********** Integration by Vegas (iteration      15) ************
#                                                               *
#  integral  = 0.48262247       accum. integral = 0.48241669    *
#  std. dev. = 0.28946269E-03   accum. std. dev = 0.93909374E-04*
#   min/max. wt. =    0.00000            0.274674E-04           *
#                                                               *
#*************   chi**2/iteration =  1.930       ****************

 ****************************************************
 * Writing out vegas grid to ./data/output.grid                                                      
 ****************************************************

  Input parameters for vegas:  ndim=  9   ncall= 80707214.
                              it=    0    itmx=    2
                              acc=-1.00    
                              mds=  1     nd=  50
                              (xl,xu)= (  0.00000     ,  1.00000     )
                                       (  0.00000     ,  1.00000     )
                                       (  0.00000     ,  1.00000     )
                                       (  0.00000     ,  1.00000     )
                                       (  0.00000     ,  1.00000     )
                                       (  0.00000     ,  1.00000     )
                                       (  0.00000     ,  1.00000     )
                                       (  0.00000     ,  1.00000     )
                                       (  0.00000     ,  1.00000     )

#********** Integration by Vegas (iteration       1) ************
#                                                               *
#  integral  = 0.48246975       accum. integral = 0.48246975    *
#  std. dev. = 0.29089746E-03   accum. std. dev = 0.29089746E-03*
#   min/max. wt. =    0.00000            0.396852E-04           *
#                                                               *
#*************   chi**2/iteration = -.6560E-06   ****************


#********** Integration by Vegas (iteration       2) ************
#                                                               *
#  integral  = 0.48239075       accum. integral = 0.48243007    *
#  std. dev. = 0.28954015E-03   accum. std. dev = 0.20521408E-03*
#   min/max. wt. =    0.00000            0.193838E-04           *
#                                                               *
#*************   chi**2/iteration = 0.3701E-01   ****************

 Done
