SLURM job running in:  /work-zfs/lhc/heshy/JHUGen/xsecs/JHUGen/JHUGenerator
LHAPDF 6.1.5 loading /work-zfs/lhc/cms/slc6_amd64_gcc493/external/lhapdf/6.1.5-kpegke3/share/LHAPDF/NNPDF30_lo_as_0130/NNPDF30_lo_as_0130_0000.dat
NNPDF30_lo_as_0130 PDF set, member #0, version 2; LHAPDF ID = 263000
 
                                                                                          
   ***************************************************************************************
   *                                JHU Generator v6.9.9                                 *
   ***************************************************************************************
   *                                                                                     *
   *   Spin and parity determination of single-produced resonances at hadron colliders   *
   *                                                                                     *
   *          I. Anderson, S. Bolognesi, F. Caola, Y. Gao, A. Gritsan, Z. Guo,           *
   *        C. Martin, K. Melnikov, R.Rontsch, H. Roskes, U. Sarica, M. Schulze,         *
   *                   N. Tran, A. Whitbeck, M. Xiao, C. You, Y. Zhou                    *
   *                Phys.Rev. D81 (2010) 075022;  arXiv:1001.3396 [hep-ph],              *
   *                Phys.Rev. D86 (2012) 095031;  arXiv:1208.4018 [hep-ph],              *
   *                Phys.Rev. D89 (2014) 035007;  arXiv:1309.4819 [hep-ph].              *
   *                                                                                     *
   ***************************************************************************************
                                                                                          
   
   Command line: ./JHUGen Unweighted=0 VegasNc0=99999999 VegasNc1=99999999 VegasNc2=99999999 LHAPDF=NNPDF30_lo_as_0130/NNPDF30_lo_as_0130.info MReso=320 Process=61 ghg2=1,0 pTjetcut=25 etajetcut=4.7 pTlepcut=5 etalepcut=2.5
   
   Input Parameter:
    Collider: P-P, sqrt(s)=13000.00
    Resonance: spin=0, mass= 320.00 width=   0.00407
    Jet cuts:
            pT >=    25.00 GeV
         |eta| <=     4.70
        DeltaR >=     0.30
           mJJ >=     0.00 GeV
           m4l_min/max      -1.00     -1.00 GeV
    Random seed:   265748435
    To reproduce results using this seed, JHUGen should be compiled with the same compiler:
      GNU Fortran (GCC) 4.8.2
    
    WidthScheme:   2
    LHAPDF set NNPDF30_lo_as_0130/NNPDF30_lo_as_0130.info, member=  0
    Unweighted: F
    
    spin-0-VV couplings: 
      generate_as=F
      ghg2=  0.10000000E+01  0.00000000E+00i
      ghg3=  0.00000000E+00  0.00000000E+00i
      ghg4=  0.00000000E+00  0.00000000E+00i
      ghz1=  0.20000000E+01  0.00000000E+00i
      ghz2=  0.00000000E+00  0.00000000E+00i
      ghz3=  0.00000000E+00  0.00000000E+00i
      ghz4=  0.00000000E+00  0.00000000E+00i
      Lambda=  1000.0
    
    LHE output: ./data/output.lhe
    Histogram output: ./data/output.dat
    Log file: ./data/output.log
    
  Running

  Input parameters for vegas:  ndim=  9   ncall= 80707214.
                              it=    0    itmx=   15
                              acc=-1.00    
                              mds=  1     nd=  50
                              (xl,xu)= (  0.00000     ,  1.00000     )
                                       (  0.00000     ,  1.00000     )
                                       (  0.00000     ,  1.00000     )
                                       (  0.00000     ,  1.00000     )
                                       (  0.00000     ,  1.00000     )
                                       (  0.00000     ,  1.00000     )
                                       (  0.00000     ,  1.00000     )
                                       (  0.00000     ,  1.00000     )
                                       (  0.00000     ,  1.00000     )

#********** Integration by Vegas (iteration       1) ************
#                                                               *
#  integral  =  1153.6414       accum. integral =  1153.6414    *
#  std. dev. =  57.151967       accum. std. dev =  57.151967    *
#   min/max. wt. =    0.00000             30.9258               *
#                                                               *
#*************   chi**2/iteration =  0.000       ****************


#********** Integration by Vegas (iteration       2) ************
#                                                               *
#  integral  =  1329.7642       accum. integral =  1323.9761    *
#  std. dev. =  12.143675       accum. std. dev =  11.179604    *
#   min/max. wt. =    0.00000             7.62550               *
#                                                               *
#*************   chi**2/iteration =  7.880       ****************


#********** Integration by Vegas (iteration       3) ************
#                                                               *
#  integral  =  1360.5928       accum. integral =  1353.5266    *
#  std. dev. =  5.9752512       accum. std. dev =  5.0679178    *
#   min/max. wt. =    0.00000             4.06721               *
#                                                               *
#*************   chi**2/iteration =  7.765       ****************


#********** Integration by Vegas (iteration       4) ************
#                                                               *
#  integral  =  1349.7092       accum. integral =  1350.2668    *
#  std. dev. =  2.2021296       accum. std. dev =  1.9617816    *
#   min/max. wt. =    0.00000            0.361137               *
#                                                               *
#*************   chi**2/iteration =  5.204       ****************


#********** Integration by Vegas (iteration       5) ************
#                                                               *
#  integral  =  1353.6283       accum. integral =  1352.9165    *
#  std. dev. =  1.0577558       accum. std. dev = 0.91011445    *
#   min/max. wt. =    0.00000            0.270216               *
#                                                               *
#*************   chi**2/iteration =  4.409       ****************


#********** Integration by Vegas (iteration       6) ************
#                                                               *
#  integral  =  1353.5527       accum. integral =  1353.2239    *
#  std. dev. = 0.97112434       accum. std. dev = 0.65777108    *
#   min/max. wt. =    0.00000            0.541382               *
#                                                               *
#*************   chi**2/iteration =  3.536       ****************


#********** Integration by Vegas (iteration       7) ************
#                                                               *
#  integral  =  1353.7447       accum. integral =  1353.4281    *
#  std. dev. = 0.84080471       accum. std. dev = 0.51484131    *
#   min/max. wt. =    0.00000            0.868946E-01           *
#                                                               *
#*************   chi**2/iteration =  2.965       ****************


#********** Integration by Vegas (iteration       8) ************
#                                                               *
#  integral  =  1353.7941       accum. integral =  1353.5593    *
#  std. dev. = 0.70417483       accum. std. dev = 0.41351632    *
#   min/max. wt. =    0.00000            0.988353E-01           *
#                                                               *
#*************   chi**2/iteration =  2.553       ****************


#********** Integration by Vegas (iteration       9) ************
#                                                               *
#  integral  =  1353.7795       accum. integral =  1353.6212    *
#  std. dev. = 0.67462390       accum. std. dev = 0.35143252    *
#   min/max. wt. =    0.00000            0.121134               *
#                                                               *
#*************   chi**2/iteration =  2.234       ****************


#********** Integration by Vegas (iteration      10) ************
#                                                               *
#  integral  =  1353.9913       accum. integral =  1353.7044    *
#  std. dev. = 0.66422585       accum. std. dev = 0.30998425    *
#   min/max. wt. =    0.00000            0.568470E-01           *
#                                                               *
#*************   chi**2/iteration =  2.007       ****************


#********** Integration by Vegas (iteration      11) ************
#                                                               *
#  integral  =  1355.4426       accum. integral =  1354.0195    *
#  std. dev. = 0.66982211       accum. std. dev = 0.28091259    *
#   min/max. wt. =    0.00000            0.118799               *
#                                                               *
#*************   chi**2/iteration =  2.369       ****************


#********** Integration by Vegas (iteration      12) ************
#                                                               *
#  integral  =  1354.0183       accum. integral =  1354.0193    *
#  std. dev. = 0.65808330       accum. std. dev = 0.25809770    *
#   min/max. wt. =    0.00000            0.506859E-01           *
#                                                               *
#*************   chi**2/iteration =  2.148       ****************


#********** Integration by Vegas (iteration      13) ************
#                                                               *
#  integral  =  1353.8074       accum. integral =  1353.9908    *
#  std. dev. = 0.66258438       accum. std. dev = 0.24032584    *
#   min/max. wt. =    0.00000            0.103691               *
#                                                               *
#*************   chi**2/iteration =  1.973       ****************


#********** Integration by Vegas (iteration      14) ************
#                                                               *
#  integral  =  1354.3876       accum. integral =  1354.0353    *
#  std. dev. = 0.68468577       accum. std. dev = 0.22665563    *
#   min/max. wt. =    0.00000            0.154252               *
#                                                               *
#*************   chi**2/iteration =  1.841       ****************


#********** Integration by Vegas (iteration      15) ************
#                                                               *
#  integral  =  1353.7291       accum. integral =  1354.0027    *
#  std. dev. = 0.66475090       accum. std. dev = 0.21444034    *
#   min/max. wt. =    0.00000            0.542917E-01           *
#                                                               *
#*************   chi**2/iteration =  1.721       ****************

 ****************************************************
 * Writing out vegas grid to ./data/output.grid                                                      
 ****************************************************

  Input parameters for vegas:  ndim=  9   ncall= 80707214.
                              it=    0    itmx=    2
                              acc=-1.00    
                              mds=  1     nd=  50
                              (xl,xu)= (  0.00000     ,  1.00000     )
                                       (  0.00000     ,  1.00000     )
                                       (  0.00000     ,  1.00000     )
                                       (  0.00000     ,  1.00000     )
                                       (  0.00000     ,  1.00000     )
                                       (  0.00000     ,  1.00000     )
                                       (  0.00000     ,  1.00000     )
                                       (  0.00000     ,  1.00000     )
                                       (  0.00000     ,  1.00000     )

#********** Integration by Vegas (iteration       1) ************
#                                                               *
#  integral  =  1354.6637       accum. integral =  1354.6637    *
#  std. dev. = 0.67338239       accum. std. dev = 0.67338239    *
#   min/max. wt. =    0.00000            0.992534E-01           *
#                                                               *
#*************   chi**2/iteration = 0.5135E-06   ****************


#********** Integration by Vegas (iteration       2) ************
#                                                               *
#  integral  =  1354.1261       accum. integral =  1354.3897    *
#  std. dev. = 0.66010849       accum. std. dev = 0.47139202    *
#   min/max. wt. =    0.00000            0.542384E-01           *
#                                                               *
#*************   chi**2/iteration = 0.3247       ****************

 Done
