SLURM job running in:  /work-zfs/lhc/heshy/JHUGen/xsecs/JHUGen/JHUGenerator
LHAPDF 6.1.5 loading /work-zfs/lhc/cms/slc6_amd64_gcc493/external/lhapdf/6.1.5-kpegke3/share/LHAPDF/NNPDF30_lo_as_0130/NNPDF30_lo_as_0130_0000.dat
NNPDF30_lo_as_0130 PDF set, member #0, version 2; LHAPDF ID = 263000
 
                                                                                          
   ***************************************************************************************
   *                                JHU Generator v6.9.9                                 *
   ***************************************************************************************
   *                                                                                     *
   *   Spin and parity determination of single-produced resonances at hadron colliders   *
   *                                                                                     *
   *          I. Anderson, S. Bolognesi, F. Caola, Y. Gao, A. Gritsan, Z. Guo,           *
   *        C. Martin, K. Melnikov, R.Rontsch, H. Roskes, U. Sarica, M. Schulze,         *
   *                   N. Tran, A. Whitbeck, M. Xiao, C. You, Y. Zhou                    *
   *                Phys.Rev. D81 (2010) 075022;  arXiv:1001.3396 [hep-ph],              *
   *                Phys.Rev. D86 (2012) 095031;  arXiv:1208.4018 [hep-ph],              *
   *                Phys.Rev. D89 (2014) 035007;  arXiv:1309.4819 [hep-ph].              *
   *                                                                                     *
   ***************************************************************************************
                                                                                          
   
   Command line: ./JHUGen Unweighted=0 VegasNc0=99999999 VegasNc1=99999999 VegasNc2=99999999 LHAPDF=NNPDF30_lo_as_0130/NNPDF30_lo_as_0130.info MReso=366 Process=61 ghg2=1,0 pTjetcut=25 etajetcut=4.7 pTlepcut=5 etalepcut=2.5
   
   Input Parameter:
    Collider: P-P, sqrt(s)=13000.00
    Resonance: spin=0, mass= 366.00 width=   0.00407
    Jet cuts:
            pT >=    25.00 GeV
         |eta| <=     4.70
        DeltaR >=     0.30
           mJJ >=     0.00 GeV
           m4l_min/max      -1.00     -1.00 GeV
    Random seed:   576504943
    To reproduce results using this seed, JHUGen should be compiled with the same compiler:
      GNU Fortran (GCC) 4.8.2
    
    WidthScheme:   2
    LHAPDF set NNPDF30_lo_as_0130/NNPDF30_lo_as_0130.info, member=  0
    Unweighted: F
    
    spin-0-VV couplings: 
      generate_as=F
      ghg2=  0.10000000E+01  0.00000000E+00i
      ghg3=  0.00000000E+00  0.00000000E+00i
      ghg4=  0.00000000E+00  0.00000000E+00i
      ghz1=  0.20000000E+01  0.00000000E+00i
      ghz2=  0.00000000E+00  0.00000000E+00i
      ghz3=  0.00000000E+00  0.00000000E+00i
      ghz4=  0.00000000E+00  0.00000000E+00i
      Lambda=  1000.0
    
    LHE output: ./data/output.lhe
    Histogram output: ./data/output.dat
    Log file: ./data/output.log
    
  Running

  Input parameters for vegas:  ndim=  9   ncall= 80707214.
                              it=    0    itmx=   15
                              acc=-1.00    
                              mds=  1     nd=  50
                              (xl,xu)= (  0.00000     ,  1.00000     )
                                       (  0.00000     ,  1.00000     )
                                       (  0.00000     ,  1.00000     )
                                       (  0.00000     ,  1.00000     )
                                       (  0.00000     ,  1.00000     )
                                       (  0.00000     ,  1.00000     )
                                       (  0.00000     ,  1.00000     )
                                       (  0.00000     ,  1.00000     )
                                       (  0.00000     ,  1.00000     )

#********** Integration by Vegas (iteration       1) ************
#                                                               *
#  integral  =  827.59870       accum. integral =  827.59870    *
#  std. dev. =  36.311499       accum. std. dev =  36.311499    *
#   min/max. wt. =    0.00000             19.2618               *
#                                                               *
#*************   chi**2/iteration =  0.000       ****************


#********** Integration by Vegas (iteration       2) ************
#                                                               *
#  integral  =  993.84427       accum. integral =  989.88874    *
#  std. dev. =  6.8076794       accum. std. dev =  6.1892593    *
#   min/max. wt. =    0.00000             3.84424               *
#                                                               *
#*************   chi**2/iteration =  16.74       ****************


#********** Integration by Vegas (iteration       3) ************
#                                                               *
#  integral  =  1020.6194       accum. integral =  1017.2496    *
#  std. dev. =  2.4241331       accum. std. dev =  2.1317696    *
#   min/max. wt. =    0.00000            0.931632               *
#                                                               *
#*************   chi**2/iteration =  17.88       ****************


#********** Integration by Vegas (iteration       4) ************
#                                                               *
#  integral  =  1025.9734       accum. integral =  1023.4922    *
#  std. dev. =  1.4496263       accum. std. dev =  1.1598813    *
#   min/max. wt. =    0.00000            0.518348               *
#                                                               *
#*************   chi**2/iteration =  15.29       ****************


#********** Integration by Vegas (iteration       5) ************
#                                                               *
#  integral  =  1026.4106       accum. integral =  1025.4243    *
#  std. dev. = 0.87652793       accum. std. dev = 0.68225078    *
#   min/max. wt. =    0.00000            0.162967               *
#                                                               *
#*************   chi**2/iteration =  12.23       ****************


#********** Integration by Vegas (iteration       6) ************
#                                                               *
#  integral  =  1026.0756       accum. integral =  1025.7962    *
#  std. dev. = 0.61799344       accum. std. dev = 0.45028100    *
#   min/max. wt. =    0.00000            0.183744               *
#                                                               *
#*************   chi**2/iteration =  9.736       ****************


#********** Integration by Vegas (iteration       7) ************
#                                                               *
#  integral  =  1026.3062       accum. integral =  1026.0068    *
#  std. dev. = 0.55694180       accum. std. dev = 0.34687850    *
#   min/max. wt. =    0.00000            0.116680               *
#                                                               *
#*************   chi**2/iteration =  8.114       ****************


#********** Integration by Vegas (iteration       8) ************
#                                                               *
#  integral  =  1026.6431       accum. integral =  1026.1987    *
#  std. dev. = 0.54478786       accum. std. dev = 0.29106676    *
#   min/max. wt. =    0.00000            0.107109               *
#                                                               *
#*************   chi**2/iteration =  7.043       ****************


#********** Integration by Vegas (iteration       9) ************
#                                                               *
#  integral  =  1026.0194       accum. integral =  1026.1575    *
#  std. dev. = 0.54797997       accum. std. dev = 0.25628907    *
#   min/max. wt. =    0.00000            0.195191               *
#                                                               *
#*************   chi**2/iteration =  6.136       ****************


#********** Integration by Vegas (iteration      10) ************
#                                                               *
#  integral  =  1025.8358       accum. integral =  1026.0923    *
#  std. dev. = 0.52056072       accum. std. dev = 0.22940728    *
#   min/max. wt. =    0.00000            0.308591E-01           *
#                                                               *
#*************   chi**2/iteration =  5.463       ****************


#********** Integration by Vegas (iteration      11) ************
#                                                               *
#  integral  =  1026.3552       accum. integral =  1026.1375    *
#  std. dev. = 0.51494811       accum. std. dev = 0.20920748    *
#   min/max. wt. =    0.00000            0.718835E-01           *
#                                                               *
#*************   chi**2/iteration =  4.919       ****************


#********** Integration by Vegas (iteration      12) ************
#                                                               *
#  integral  =  1025.4302       accum. integral =  1026.0338    *
#  std. dev. = 0.51447954       accum. std. dev = 0.19358071    *
#   min/max. wt. =    0.00000            0.964770E-01           *
#                                                               *
#*************   chi**2/iteration =  4.610       ****************


#********** Integration by Vegas (iteration      13) ************
#                                                               *
#  integral  =  1026.3401       accum. integral =  1026.0733    *
#  std. dev. = 0.51235505       accum. std. dev = 0.18092677    *
#   min/max. wt. =    0.00000            0.478482E-01           *
#                                                               *
#*************   chi**2/iteration =  4.240       ****************


#********** Integration by Vegas (iteration      14) ************
#                                                               *
#  integral  =  1025.1811       accum. integral =  1025.9692    *
#  std. dev. = 0.50557516       accum. std. dev = 0.17023434    *
#   min/max. wt. =    0.00000            0.383285E-01           *
#                                                               *
#*************   chi**2/iteration =  4.123       ****************


#********** Integration by Vegas (iteration      15) ************
#                                                               *
#  integral  =  1025.1797       accum. integral =  1025.8887    *
#  std. dev. = 0.51250578       accum. std. dev = 0.16147799    *
#   min/max. wt. =    0.00000            0.433548E-01           *
#                                                               *
#*************   chi**2/iteration =  3.978       ****************

 ****************************************************
 * Writing out vegas grid to ./data/output.grid                                                      
 ****************************************************

  Input parameters for vegas:  ndim=  9   ncall= 80707214.
                              it=    0    itmx=    2
                              acc=-1.00    
                              mds=  1     nd=  50
                              (xl,xu)= (  0.00000     ,  1.00000     )
                                       (  0.00000     ,  1.00000     )
                                       (  0.00000     ,  1.00000     )
                                       (  0.00000     ,  1.00000     )
                                       (  0.00000     ,  1.00000     )
                                       (  0.00000     ,  1.00000     )
                                       (  0.00000     ,  1.00000     )
                                       (  0.00000     ,  1.00000     )
                                       (  0.00000     ,  1.00000     )

#********** Integration by Vegas (iteration       1) ************
#                                                               *
#  integral  =  1025.2634       accum. integral =  1025.2634    *
#  std. dev. = 0.50532695       accum. std. dev = 0.50532695    *
#   min/max. wt. =    0.00000            0.377270E-01           *
#                                                               *
#*************   chi**2/iteration =  0.000       ****************


#********** Integration by Vegas (iteration       2) ************
#                                                               *
#  integral  =  1025.7463       accum. integral =  1025.4954    *
#  std. dev. = 0.52583686       accum. std. dev = 0.36435858    *
#   min/max. wt. =    0.00000            0.640905E-01           *
#                                                               *
#*************   chi**2/iteration = 0.4379       ****************

 Done
