SLURM job running in:  /work-zfs/lhc/heshy/JHUGen/xsecs/JHUGen/JHUGenerator
LHAPDF 6.1.5 loading /work-zfs/lhc/cms/slc6_amd64_gcc493/external/lhapdf/6.1.5-kpegke3/share/LHAPDF/NNPDF30_lo_as_0130/NNPDF30_lo_as_0130_0000.dat
NNPDF30_lo_as_0130 PDF set, member #0, version 2; LHAPDF ID = 263000
 
                                                                                          
   ***************************************************************************************
   *                                JHU Generator v6.9.9                                 *
   ***************************************************************************************
   *                                                                                     *
   *   Spin and parity determination of single-produced resonances at hadron colliders   *
   *                                                                                     *
   *          I. Anderson, S. Bolognesi, F. Caola, Y. Gao, A. Gritsan, Z. Guo,           *
   *        C. Martin, K. Melnikov, R.Rontsch, H. Roskes, U. Sarica, M. Schulze,         *
   *                   N. Tran, A. Whitbeck, M. Xiao, C. You, Y. Zhou                    *
   *                Phys.Rev. D81 (2010) 075022;  arXiv:1001.3396 [hep-ph],              *
   *                Phys.Rev. D86 (2012) 095031;  arXiv:1208.4018 [hep-ph],              *
   *                Phys.Rev. D89 (2014) 035007;  arXiv:1309.4819 [hep-ph].              *
   *                                                                                     *
   ***************************************************************************************
                                                                                          
   
   Command line: ./JHUGen Unweighted=0 VegasNc0=99999999 VegasNc1=99999999 VegasNc2=99999999 LHAPDF=NNPDF30_lo_as_0130/NNPDF30_lo_as_0130.info MReso=368 Process=61 ghg2=1,0 pTjetcut=25 etajetcut=4.7 pTlepcut=5 etalepcut=2.5
   
   Input Parameter:
    Collider: P-P, sqrt(s)=13000.00
    Resonance: spin=0, mass= 368.00 width=   0.00407
    Jet cuts:
            pT >=    25.00 GeV
         |eta| <=     4.70
        DeltaR >=     0.30
           mJJ >=     0.00 GeV
           m4l_min/max      -1.00     -1.00 GeV
    Random seed:   657690613
    To reproduce results using this seed, JHUGen should be compiled with the same compiler:
      GNU Fortran (GCC) 4.8.2
    
    WidthScheme:   2
    LHAPDF set NNPDF30_lo_as_0130/NNPDF30_lo_as_0130.info, member=  0
    Unweighted: F
    
    spin-0-VV couplings: 
      generate_as=F
      ghg2=  0.10000000E+01  0.00000000E+00i
      ghg3=  0.00000000E+00  0.00000000E+00i
      ghg4=  0.00000000E+00  0.00000000E+00i
      ghz1=  0.20000000E+01  0.00000000E+00i
      ghz2=  0.00000000E+00  0.00000000E+00i
      ghz3=  0.00000000E+00  0.00000000E+00i
      ghz4=  0.00000000E+00  0.00000000E+00i
      Lambda=  1000.0
    
    LHE output: ./data/output.lhe
    Histogram output: ./data/output.dat
    Log file: ./data/output.log
    
  Running

  Input parameters for vegas:  ndim=  9   ncall= 80707214.
                              it=    0    itmx=   15
                              acc=-1.00    
                              mds=  1     nd=  50
                              (xl,xu)= (  0.00000     ,  1.00000     )
                                       (  0.00000     ,  1.00000     )
                                       (  0.00000     ,  1.00000     )
                                       (  0.00000     ,  1.00000     )
                                       (  0.00000     ,  1.00000     )
                                       (  0.00000     ,  1.00000     )
                                       (  0.00000     ,  1.00000     )
                                       (  0.00000     ,  1.00000     )
                                       (  0.00000     ,  1.00000     )

#********** Integration by Vegas (iteration       1) ************
#                                                               *
#  integral  =  981.43329       accum. integral =  981.43329    *
#  std. dev. =  163.57604       accum. std. dev =  163.57604    *
#   min/max. wt. =    0.00000             159.604               *
#                                                               *
#*************   chi**2/iteration = -.4351E-11   ****************


#********** Integration by Vegas (iteration       2) ************
#                                                               *
#  integral  =  982.72325       accum. integral =  982.71393    *
#  std. dev. =  13.969622       accum. std. dev =  13.909955    *
#   min/max. wt. =    0.00000             5.57890               *
#                                                               *
#*************   chi**2/iteration = 0.6160E-04   ****************


#********** Integration by Vegas (iteration       3) ************
#                                                               *
#  integral  =  1009.6634       accum. integral =  1008.2962    *
#  std. dev. =  3.3060606       accum. std. dev =  3.1627076    *
#   min/max. wt. =    0.00000             1.37793               *
#                                                               *
#*************   chi**2/iteration =  1.748       ****************


#********** Integration by Vegas (iteration       4) ************
#                                                               *
#  integral  =  1012.2854       accum. integral =  1011.6198    *
#  std. dev. =  1.4451027       accum. std. dev =  1.2986666    *
#   min/max. wt. =    0.00000            0.619941               *
#                                                               *
#*************   chi**2/iteration =  1.590       ****************


#********** Integration by Vegas (iteration       5) ************
#                                                               *
#  integral  =  1014.1552       accum. integral =  1012.7797    *
#  std. dev. =  1.4391870       accum. std. dev = 0.95996092    *
#   min/max. wt. =    0.00000             1.22556               *
#                                                               *
#*************   chi**2/iteration =  1.617       ****************


#********** Integration by Vegas (iteration       6) ************
#                                                               *
#  integral  =  1013.9796       accum. integral =  1013.3144    *
#  std. dev. =  1.0855545       accum. std. dev = 0.71642326    *
#   min/max. wt. =    0.00000            0.742091E-01           *
#                                                               *
#*************   chi**2/iteration =  1.426       ****************


#********** Integration by Vegas (iteration       7) ************
#                                                               *
#  integral  =  1012.9729       accum. integral =  1013.1136    *
#  std. dev. = 0.60605403       accum. std. dev = 0.46057951    *
#   min/max. wt. =    0.00000            0.187846               *
#                                                               *
#*************   chi**2/iteration =  1.207       ****************


#********** Integration by Vegas (iteration       8) ************
#                                                               *
#  integral  =  1014.0849       accum. integral =  1013.5043    *
#  std. dev. = 0.56712796       accum. std. dev = 0.35654919    *
#   min/max. wt. =    0.00000            0.182021               *
#                                                               *
#*************   chi**2/iteration =  1.287       ****************


#********** Integration by Vegas (iteration       9) ************
#                                                               *
#  integral  =  1013.1945       accum. integral =  1013.4053    *
#  std. dev. = 0.52452790       accum. std. dev = 0.29439656    *
#   min/max. wt. =    0.00000            0.582588E-01           *
#                                                               *
#*************   chi**2/iteration =  1.154       ****************


#********** Integration by Vegas (iteration      10) ************
#                                                               *
#  integral  =  1013.3426       accum. integral =  1013.3892    *
#  std. dev. = 0.50434571       accum. std. dev = 0.25396998    *
#   min/max. wt. =    0.00000            0.817043E-01           *
#                                                               *
#*************   chi**2/iteration =  1.026       ****************


#********** Integration by Vegas (iteration      11) ************
#                                                               *
#  integral  =  1014.2655       accum. integral =  1013.5702    *
#  std. dev. = 0.50151025       accum. std. dev = 0.22638487    *
#   min/max. wt. =    0.00000            0.416278E-01           *
#                                                               *
#*************   chi**2/iteration =  1.167       ****************


#********** Integration by Vegas (iteration      12) ************
#                                                               *
#  integral  =  1013.8846       accum. integral =  1013.6246    *
#  std. dev. = 0.49768702       accum. std. dev = 0.20595314    *
#   min/max. wt. =    0.00000            0.386322E-01           *
#                                                               *
#*************   chi**2/iteration =  1.091       ****************


#********** Integration by Vegas (iteration      13) ************
#                                                               *
#  integral  =  1014.0294       accum. integral =  1013.6843    *
#  std. dev. = 0.49818193       accum. std. dev = 0.19025211    *
#   min/max. wt. =    0.00000            0.520499E-01           *
#                                                               *
#*************   chi**2/iteration =  1.046       ****************


#********** Integration by Vegas (iteration      14) ************
#                                                               *
#  integral  =  1014.2936       accum. integral =  1013.7617    *
#  std. dev. = 0.50185407       accum. std. dev = 0.17784249    *
#   min/max. wt. =    0.00000            0.555945E-01           *
#                                                               *
#*************   chi**2/iteration =  1.065       ****************


#********** Integration by Vegas (iteration      15) ************
#                                                               *
#  integral  =  1014.0913       accum. integral =  1013.7986    *
#  std. dev. = 0.50339055       accum. std. dev = 0.16764743    *
#   min/max. wt. =    0.00000            0.359904E-01           *
#                                                               *
#*************   chi**2/iteration =  1.016       ****************

 ****************************************************
 * Writing out vegas grid to ./data/output.grid                                                      
 ****************************************************

  Input parameters for vegas:  ndim=  9   ncall= 80707214.
                              it=    0    itmx=    2
                              acc=-1.00    
                              mds=  1     nd=  50
                              (xl,xu)= (  0.00000     ,  1.00000     )
                                       (  0.00000     ,  1.00000     )
                                       (  0.00000     ,  1.00000     )
                                       (  0.00000     ,  1.00000     )
                                       (  0.00000     ,  1.00000     )
                                       (  0.00000     ,  1.00000     )
                                       (  0.00000     ,  1.00000     )
                                       (  0.00000     ,  1.00000     )
                                       (  0.00000     ,  1.00000     )

#********** Integration by Vegas (iteration       1) ************
#                                                               *
#  integral  =  1014.0158       accum. integral =  1014.0158    *
#  std. dev. = 0.50007168       accum. std. dev = 0.50007168    *
#   min/max. wt. =    0.00000            0.405097E-01           *
#                                                               *
#*************   chi**2/iteration =  0.000       ****************


#********** Integration by Vegas (iteration       2) ************
#                                                               *
#  integral  =  1013.4318       accum. integral =  1013.7258    *
#  std. dev. = 0.50333798       accum. std. dev = 0.35475258    *
#   min/max. wt. =    0.00000            0.435596E-01           *
#                                                               *
#*************   chi**2/iteration = 0.6769       ****************

 Done
