SLURM job running in:  /work-zfs/lhc/heshy/JHUGen/xsecs/JHUGen/JHUGenerator
LHAPDF 6.1.5 loading /work-zfs/lhc/cms/slc6_amd64_gcc493/external/lhapdf/6.1.5-kpegke3/share/LHAPDF/NNPDF30_lo_as_0130/NNPDF30_lo_as_0130_0000.dat
NNPDF30_lo_as_0130 PDF set, member #0, version 2; LHAPDF ID = 263000
 
                                                                                          
   ***************************************************************************************
   *                                JHU Generator v6.9.9                                 *
   ***************************************************************************************
   *                                                                                     *
   *   Spin and parity determination of single-produced resonances at hadron colliders   *
   *                                                                                     *
   *          I. Anderson, S. Bolognesi, F. Caola, Y. Gao, A. Gritsan, Z. Guo,           *
   *        C. Martin, K. Melnikov, R.Rontsch, H. Roskes, U. Sarica, M. Schulze,         *
   *                   N. Tran, A. Whitbeck, M. Xiao, C. You, Y. Zhou                    *
   *                Phys.Rev. D81 (2010) 075022;  arXiv:1001.3396 [hep-ph],              *
   *                Phys.Rev. D86 (2012) 095031;  arXiv:1208.4018 [hep-ph],              *
   *                Phys.Rev. D89 (2014) 035007;  arXiv:1309.4819 [hep-ph].              *
   *                                                                                     *
   ***************************************************************************************
                                                                                          
   
   Command line: ./JHUGen Unweighted=0 VegasNc0=99999999 VegasNc1=99999999 VegasNc2=99999999 LHAPDF=NNPDF30_lo_as_0130/NNPDF30_lo_as_0130.info MReso=380 Process=61 ghg2=1,0 pTjetcut=25 etajetcut=4.7 pTlepcut=5 etalepcut=2.5
   
   Input Parameter:
    Collider: P-P, sqrt(s)=13000.00
    Resonance: spin=0, mass= 380.00 width=   0.00407
    Jet cuts:
            pT >=    25.00 GeV
         |eta| <=     4.70
        DeltaR >=     0.30
           mJJ >=     0.00 GeV
           m4l_min/max      -1.00     -1.00 GeV
    Random seed:   106880624
    To reproduce results using this seed, JHUGen should be compiled with the same compiler:
      GNU Fortran (GCC) 4.8.2
    
    WidthScheme:   2
    LHAPDF set NNPDF30_lo_as_0130/NNPDF30_lo_as_0130.info, member=  0
    Unweighted: F
    
    spin-0-VV couplings: 
      generate_as=F
      ghg2=  0.10000000E+01  0.00000000E+00i
      ghg3=  0.00000000E+00  0.00000000E+00i
      ghg4=  0.00000000E+00  0.00000000E+00i
      ghz1=  0.20000000E+01  0.00000000E+00i
      ghz2=  0.00000000E+00  0.00000000E+00i
      ghz3=  0.00000000E+00  0.00000000E+00i
      ghz4=  0.00000000E+00  0.00000000E+00i
      Lambda=  1000.0
    
    LHE output: ./data/output.lhe
    Histogram output: ./data/output.dat
    Log file: ./data/output.log
    
  Running

  Input parameters for vegas:  ndim=  9   ncall= 80707214.
                              it=    0    itmx=   15
                              acc=-1.00    
                              mds=  1     nd=  50
                              (xl,xu)= (  0.00000     ,  1.00000     )
                                       (  0.00000     ,  1.00000     )
                                       (  0.00000     ,  1.00000     )
                                       (  0.00000     ,  1.00000     )
                                       (  0.00000     ,  1.00000     )
                                       (  0.00000     ,  1.00000     )
                                       (  0.00000     ,  1.00000     )
                                       (  0.00000     ,  1.00000     )
                                       (  0.00000     ,  1.00000     )

#********** Integration by Vegas (iteration       1) ************
#                                                               *
#  integral  =  853.74808       accum. integral =  853.74808    *
#  std. dev. =  74.990618       accum. std. dev =  74.990618    *
#   min/max. wt. =    0.00000             61.3844               *
#                                                               *
#*************   chi**2/iteration =  0.000       ****************


#********** Integration by Vegas (iteration       2) ************
#                                                               *
#  integral  =  931.38001       accum. integral =  929.52681    *
#  std. dev. =  12.793557       accum. std. dev =  12.124603    *
#   min/max. wt. =    0.00000             5.74868               *
#                                                               *
#*************   chi**2/iteration = 0.9543       ****************


#********** Integration by Vegas (iteration       3) ************
#                                                               *
#  integral  =  943.75580       accum. integral =  942.68249    *
#  std. dev. =  3.6583329       accum. std. dev =  3.3936970    *
#   min/max. wt. =    0.00000             1.61070               *
#                                                               *
#*************   chi**2/iteration =  1.072       ****************


#********** Integration by Vegas (iteration       4) ************
#                                                               *
#  integral  =  947.05209       accum. integral =  946.52851    *
#  std. dev. =  1.3024270       accum. std. dev =  1.1867126    *
#   min/max. wt. =    0.00000            0.293956               *
#                                                               *
#*************   chi**2/iteration =  1.177       ****************


#********** Integration by Vegas (iteration       5) ************
#                                                               *
#  integral  =  947.21870       accum. integral =  946.93279    *
#  std. dev. =  1.0277453       accum. std. dev = 0.76840275    *
#   min/max. wt. =    0.00000            0.640898               *
#                                                               *
#*************   chi**2/iteration = 0.9213       ****************


#********** Integration by Vegas (iteration       6) ************
#                                                               *
#  integral  =  947.03735       accum. integral =  946.98666    *
#  std. dev. = 0.76289400       accum. std. dev = 0.53713937    *
#   min/max. wt. =    0.00000            0.512246E-01           *
#                                                               *
#*************   chi**2/iteration = 0.7332       ****************


#********** Integration by Vegas (iteration       7) ************
#                                                               *
#  integral  =  946.50310       accum. integral =  946.73648    *
#  std. dev. = 0.52858142       accum. std. dev = 0.37417427    *
#   min/max. wt. =    0.00000            0.916553E-01           *
#                                                               *
#*************   chi**2/iteration = 0.6772       ****************


#********** Integration by Vegas (iteration       8) ************
#                                                               *
#  integral  =  946.98262       accum. integral =  946.83125    *
#  std. dev. = 0.48074043       accum. std. dev = 0.29404145    *
#   min/max. wt. =    0.00000            0.540989E-01           *
#                                                               *
#*************   chi**2/iteration = 0.6017       ****************


#********** Integration by Vegas (iteration       9) ************
#                                                               *
#  integral  =  946.75917       accum. integral =  946.81146    *
#  std. dev. = 0.48478359       accum. std. dev = 0.25084405    *
#   min/max. wt. =    0.00000            0.790842E-01           *
#                                                               *
#*************   chi**2/iteration = 0.5269       ****************


#********** Integration by Vegas (iteration      10) ************
#                                                               *
#  integral  =  946.14933       accum. integral =  946.65885    *
#  std. dev. = 0.46384007       accum. std. dev = 0.22031086    *
#   min/max. wt. =    0.00000            0.249240E-01           *
#                                                               *
#*************   chi**2/iteration = 0.6452       ****************


#********** Integration by Vegas (iteration      11) ************
#                                                               *
#  integral  =  947.94315       accum. integral =  946.89683    *
#  std. dev. = 0.46781070       accum. std. dev = 0.19908471    *
#   min/max. wt. =    0.00000            0.480143E-01           *
#                                                               *
#*************   chi**2/iteration =  1.208       ****************


#********** Integration by Vegas (iteration      12) ************
#                                                               *
#  integral  =  946.91181       accum. integral =  946.89925    *
#  std. dev. = 0.45901302       accum. std. dev = 0.18250234    *
#   min/max. wt. =    0.00000            0.321410E-01           *
#                                                               *
#*************   chi**2/iteration =  1.096       ****************


#********** Integration by Vegas (iteration      13) ************
#                                                               *
#  integral  =  945.86592       accum. integral =  946.75489    *
#  std. dev. = 0.45669510       accum. std. dev = 0.16938476    *
#   min/max. wt. =    0.00000            0.371785E-01           *
#                                                               *
#*************   chi**2/iteration =  1.376       ****************


#********** Integration by Vegas (iteration      14) ************
#                                                               *
#  integral  =  947.38771       accum. integral =  946.83127    *
#  std. dev. = 0.46146432       accum. std. dev = 0.15894037    *
#   min/max. wt. =    0.00000            0.317985E-01           *
#                                                               *
#*************   chi**2/iteration =  1.398       ****************


#********** Integration by Vegas (iteration      15) ************
#                                                               *
#  integral  =  947.13688       accum. integral =  946.86379    *
#  std. dev. = 0.46446280       accum. std. dev = 0.15033063    *
#   min/max. wt. =    0.00000            0.375936E-01           *
#                                                               *
#*************   chi**2/iteration =  1.325       ****************

 ****************************************************
 * Writing out vegas grid to ./data/output.grid                                                      
 ****************************************************

  Input parameters for vegas:  ndim=  9   ncall= 80707214.
                              it=    0    itmx=    2
                              acc=-1.00    
                              mds=  1     nd=  50
                              (xl,xu)= (  0.00000     ,  1.00000     )
                                       (  0.00000     ,  1.00000     )
                                       (  0.00000     ,  1.00000     )
                                       (  0.00000     ,  1.00000     )
                                       (  0.00000     ,  1.00000     )
                                       (  0.00000     ,  1.00000     )
                                       (  0.00000     ,  1.00000     )
                                       (  0.00000     ,  1.00000     )
                                       (  0.00000     ,  1.00000     )

#********** Integration by Vegas (iteration       1) ************
#                                                               *
#  integral  =  946.82082       accum. integral =  946.82082    *
#  std. dev. = 0.46151482       accum. std. dev = 0.46151482    *
#   min/max. wt. =    0.00000            0.345461E-01           *
#                                                               *
#*************   chi**2/iteration =  0.000       ****************


#********** Integration by Vegas (iteration       2) ************
#                                                               *
#  integral  =  946.69766       accum. integral =  946.75910    *
#  std. dev. = 0.46042639       accum. std. dev = 0.32595481    *
#   min/max. wt. =    0.00000            0.264296E-01           *
#                                                               *
#*************   chi**2/iteration = 0.3566E-01   ****************

 Done
