SLURM job running in:  /work-zfs/lhc/heshy/JHUGen/xsecs/JHUGen/JHUGenerator
LHAPDF 6.1.5 loading /work-zfs/lhc/cms/slc6_amd64_gcc493/external/lhapdf/6.1.5-kpegke3/share/LHAPDF/NNPDF30_lo_as_0130/NNPDF30_lo_as_0130_0000.dat
NNPDF30_lo_as_0130 PDF set, member #0, version 2; LHAPDF ID = 263000
 
                                                                                          
   ***************************************************************************************
   *                                JHU Generator v6.9.9                                 *
   ***************************************************************************************
   *                                                                                     *
   *   Spin and parity determination of single-produced resonances at hadron colliders   *
   *                                                                                     *
   *          I. Anderson, S. Bolognesi, F. Caola, Y. Gao, A. Gritsan, Z. Guo,           *
   *        C. Martin, K. Melnikov, R.Rontsch, H. Roskes, U. Sarica, M. Schulze,         *
   *                   N. Tran, A. Whitbeck, M. Xiao, C. You, Y. Zhou                    *
   *                Phys.Rev. D81 (2010) 075022;  arXiv:1001.3396 [hep-ph],              *
   *                Phys.Rev. D86 (2012) 095031;  arXiv:1208.4018 [hep-ph],              *
   *                Phys.Rev. D89 (2014) 035007;  arXiv:1309.4819 [hep-ph].              *
   *                                                                                     *
   ***************************************************************************************
                                                                                          
   
   Command line: ./JHUGen Unweighted=0 VegasNc0=99999999 VegasNc1=99999999 VegasNc2=99999999 LHAPDF=NNPDF30_lo_as_0130/NNPDF30_lo_as_0130.info MReso=404 Process=61 ghg2=1,0 pTjetcut=25 etajetcut=4.7 pTlepcut=5 etalepcut=2.5
   
   Input Parameter:
    Collider: P-P, sqrt(s)=13000.00
    Resonance: spin=0, mass= 404.00 width=   0.00407
    Jet cuts:
            pT >=    25.00 GeV
         |eta| <=     4.70
        DeltaR >=     0.30
           mJJ >=     0.00 GeV
           m4l_min/max      -1.00     -1.00 GeV
    Random seed:   438194703
    To reproduce results using this seed, JHUGen should be compiled with the same compiler:
      GNU Fortran (GCC) 4.8.2
    
    WidthScheme:   2
    LHAPDF set NNPDF30_lo_as_0130/NNPDF30_lo_as_0130.info, member=  0
    Unweighted: F
    
    spin-0-VV couplings: 
      generate_as=F
      ghg2=  0.10000000E+01  0.00000000E+00i
      ghg3=  0.00000000E+00  0.00000000E+00i
      ghg4=  0.00000000E+00  0.00000000E+00i
      ghz1=  0.20000000E+01  0.00000000E+00i
      ghz2=  0.00000000E+00  0.00000000E+00i
      ghz3=  0.00000000E+00  0.00000000E+00i
      ghz4=  0.00000000E+00  0.00000000E+00i
      Lambda=  1000.0
    
    LHE output: ./data/output.lhe
    Histogram output: ./data/output.dat
    Log file: ./data/output.log
    
  Running

  Input parameters for vegas:  ndim=  9   ncall= 80707214.
                              it=    0    itmx=   15
                              acc=-1.00    
                              mds=  1     nd=  50
                              (xl,xu)= (  0.00000     ,  1.00000     )
                                       (  0.00000     ,  1.00000     )
                                       (  0.00000     ,  1.00000     )
                                       (  0.00000     ,  1.00000     )
                                       (  0.00000     ,  1.00000     )
                                       (  0.00000     ,  1.00000     )
                                       (  0.00000     ,  1.00000     )
                                       (  0.00000     ,  1.00000     )
                                       (  0.00000     ,  1.00000     )

#********** Integration by Vegas (iteration       1) ************
#                                                               *
#  integral  =  710.42097       accum. integral =  710.42097    *
#  std. dev. =  39.326370       accum. std. dev =  39.326370    *
#   min/max. wt. =    0.00000             22.4156               *
#                                                               *
#*************   chi**2/iteration =  0.000       ****************


#********** Integration by Vegas (iteration       2) ************
#                                                               *
#  integral  =  803.23687       accum. integral =  801.38047    *
#  std. dev. =  6.3521797       accum. std. dev =  5.9361472    *
#   min/max. wt. =    0.00000             4.10046               *
#                                                               *
#*************   chi**2/iteration =  4.787       ****************


#********** Integration by Vegas (iteration       3) ************
#                                                               *
#  integral  =  826.29055       accum. integral =  823.23321    *
#  std. dev. =  2.4195997       accum. std. dev =  2.1436531    *
#   min/max. wt. =    0.00000            0.901507               *
#                                                               *
#*************   chi**2/iteration =  9.520       ****************


#********** Integration by Vegas (iteration       4) ************
#                                                               *
#  integral  =  827.10788       accum. integral =  826.52479    *
#  std. dev. = 0.95478353       accum. std. dev = 0.84395167    *
#   min/max. wt. =    0.00000            0.164850               *
#                                                               *
#*************   chi**2/iteration =  7.061       ****************


#********** Integration by Vegas (iteration       5) ************
#                                                               *
#  integral  =  829.55857       accum. integral =  828.50294    *
#  std. dev. = 0.64476319       accum. std. dev = 0.50247495    *
#   min/max. wt. =    0.00000            0.182879               *
#                                                               *
#*************   chi**2/iteration =  7.266       ****************


#********** Integration by Vegas (iteration       6) ************
#                                                               *
#  integral  =  827.02274       accum. integral =  827.75728    *
#  std. dev. = 0.51516597       accum. std. dev = 0.35593945    *
#   min/max. wt. =    0.00000            0.122193               *
#                                                               *
#*************   chi**2/iteration =  6.613       ****************


#********** Integration by Vegas (iteration       7) ************
#                                                               *
#  integral  =  828.60238       accum. integral =  828.09407    *
#  std. dev. = 0.45005695       accum. std. dev = 0.27721525    *
#   min/max. wt. =    0.00000            0.389497E-01           *
#                                                               *
#*************   chi**2/iteration =  5.836       ****************


#********** Integration by Vegas (iteration       8) ************
#                                                               *
#  integral  =  829.24669       accum. integral =  828.43505    *
#  std. dev. = 0.43868241       accum. std. dev = 0.23338010    *
#   min/max. wt. =    0.00000            0.779082E-01           *
#                                                               *
#*************   chi**2/iteration =  5.696       ****************


#********** Integration by Vegas (iteration       9) ************
#                                                               *
#  integral  =  828.84963       accum. integral =  828.53914    *
#  std. dev. = 0.41191081       accum. std. dev = 0.20246659    *
#   min/max. wt. =    0.00000            0.202382E-01           *
#                                                               *
#*************   chi**2/iteration =  5.058       ****************


#********** Integration by Vegas (iteration      10) ************
#                                                               *
#  integral  =  828.73647       accum. integral =  828.57724    *
#  std. dev. = 0.42183522       accum. std. dev = 0.18222343    *
#   min/max. wt. =    0.00000            0.108567               *
#                                                               *
#*************   chi**2/iteration =  4.499       ****************


#********** Integration by Vegas (iteration      11) ************
#                                                               *
#  integral  =  829.41388       accum. integral =  828.71602    *
#  std. dev. = 0.41601656       accum. std. dev = 0.16670104    *
#   min/max. wt. =    0.00000            0.583032E-01           *
#                                                               *
#*************   chi**2/iteration =  4.384       ****************


#********** Integration by Vegas (iteration      12) ************
#                                                               *
#  integral  =  828.59018       accum. integral =  828.69733    *
#  std. dev. = 0.40519655       accum. std. dev = 0.15401781    *
#   min/max. wt. =    0.00000            0.307104E-01           *
#                                                               *
#*************   chi**2/iteration =  3.983       ****************


#********** Integration by Vegas (iteration      13) ************
#                                                               *
#  integral  =  829.44130       accum. integral =  828.79303    *
#  std. dev. = 0.40690910       accum. std. dev = 0.14393872    *
#   min/max. wt. =    0.00000            0.542694E-01           *
#                                                               *
#*************   chi**2/iteration =  3.892       ****************


#********** Integration by Vegas (iteration      14) ************
#                                                               *
#  integral  =  829.26614       accum. integral =  828.84454    *
#  std. dev. = 0.41744336       accum. std. dev = 0.13601117    *
#   min/max. wt. =    0.00000            0.718868E-01           *
#                                                               *
#*************   chi**2/iteration =  3.676       ****************


#********** Integration by Vegas (iteration      15) ************
#                                                               *
#  integral  =  828.74663       accum. integral =  828.83455    *
#  std. dev. = 0.40823343       accum. std. dev = 0.12898576    *
#   min/max. wt. =    0.00000            0.247579E-01           *
#                                                               *
#*************   chi**2/iteration =  3.412       ****************

 ****************************************************
 * Writing out vegas grid to ./data/output.grid                                                      
 ****************************************************

  Input parameters for vegas:  ndim=  9   ncall= 80707214.
                              it=    0    itmx=    2
                              acc=-1.00    
                              mds=  1     nd=  50
                              (xl,xu)= (  0.00000     ,  1.00000     )
                                       (  0.00000     ,  1.00000     )
                                       (  0.00000     ,  1.00000     )
                                       (  0.00000     ,  1.00000     )
                                       (  0.00000     ,  1.00000     )
                                       (  0.00000     ,  1.00000     )
                                       (  0.00000     ,  1.00000     )
                                       (  0.00000     ,  1.00000     )
                                       (  0.00000     ,  1.00000     )

#********** Integration by Vegas (iteration       1) ************
#                                                               *
#  integral  =  829.49380       accum. integral =  829.49380    *
#  std. dev. = 0.43328474       accum. std. dev = 0.43328474    *
#   min/max. wt. =    0.00000            0.144155               *
#                                                               *
#*************   chi**2/iteration =  0.000       ****************


#********** Integration by Vegas (iteration       2) ************
#                                                               *
#  integral  =  828.37836       accum. integral =  828.91853    *
#  std. dev. = 0.41929304       accum. std. dev = 0.30131666    *
#   min/max. wt. =    0.00000            0.205772E-01           *
#                                                               *
#*************   chi**2/iteration =  3.419       ****************

 Done
