SLURM job running in:  /work-zfs/lhc/heshy/JHUGen/xsecs/JHUGen/JHUGenerator
LHAPDF 6.1.5 loading /work-zfs/lhc/cms/slc6_amd64_gcc493/external/lhapdf/6.1.5-kpegke3/share/LHAPDF/NNPDF30_lo_as_0130/NNPDF30_lo_as_0130_0000.dat
NNPDF30_lo_as_0130 PDF set, member #0, version 2; LHAPDF ID = 263000
 
                                                                                          
   ***************************************************************************************
   *                                JHU Generator v6.9.9                                 *
   ***************************************************************************************
   *                                                                                     *
   *   Spin and parity determination of single-produced resonances at hadron colliders   *
   *                                                                                     *
   *          I. Anderson, S. Bolognesi, F. Caola, Y. Gao, A. Gritsan, Z. Guo,           *
   *        C. Martin, K. Melnikov, R.Rontsch, H. Roskes, U. Sarica, M. Schulze,         *
   *                   N. Tran, A. Whitbeck, M. Xiao, C. You, Y. Zhou                    *
   *                Phys.Rev. D81 (2010) 075022;  arXiv:1001.3396 [hep-ph],              *
   *                Phys.Rev. D86 (2012) 095031;  arXiv:1208.4018 [hep-ph],              *
   *                Phys.Rev. D89 (2014) 035007;  arXiv:1309.4819 [hep-ph].              *
   *                                                                                     *
   ***************************************************************************************
                                                                                          
   
   Command line: ./JHUGen Unweighted=0 VegasNc0=99999999 VegasNc1=99999999 VegasNc2=99999999 LHAPDF=NNPDF30_lo_as_0130/NNPDF30_lo_as_0130.info MReso=420 Process=61 ghg2=1,0 pTjetcut=25 etajetcut=4.7 pTlepcut=5 etalepcut=2.5
   
   Input Parameter:
    Collider: P-P, sqrt(s)=13000.00
    Resonance: spin=0, mass= 420.00 width=   0.00407
    Jet cuts:
            pT >=    25.00 GeV
         |eta| <=     4.70
        DeltaR >=     0.30
           mJJ >=     0.00 GeV
           m4l_min/max      -1.00     -1.00 GeV
    Random seed:   666944397
    To reproduce results using this seed, JHUGen should be compiled with the same compiler:
      GNU Fortran (GCC) 4.8.2
    
    WidthScheme:   2
    LHAPDF set NNPDF30_lo_as_0130/NNPDF30_lo_as_0130.info, member=  0
    Unweighted: F
    
    spin-0-VV couplings: 
      generate_as=F
      ghg2=  0.10000000E+01  0.00000000E+00i
      ghg3=  0.00000000E+00  0.00000000E+00i
      ghg4=  0.00000000E+00  0.00000000E+00i
      ghz1=  0.20000000E+01  0.00000000E+00i
      ghz2=  0.00000000E+00  0.00000000E+00i
      ghz3=  0.00000000E+00  0.00000000E+00i
      ghz4=  0.00000000E+00  0.00000000E+00i
      Lambda=  1000.0
    
    LHE output: ./data/output.lhe
    Histogram output: ./data/output.dat
    Log file: ./data/output.log
    
  Running

  Input parameters for vegas:  ndim=  9   ncall= 80707214.
                              it=    0    itmx=   15
                              acc=-1.00    
                              mds=  1     nd=  50
                              (xl,xu)= (  0.00000     ,  1.00000     )
                                       (  0.00000     ,  1.00000     )
                                       (  0.00000     ,  1.00000     )
                                       (  0.00000     ,  1.00000     )
                                       (  0.00000     ,  1.00000     )
                                       (  0.00000     ,  1.00000     )
                                       (  0.00000     ,  1.00000     )
                                       (  0.00000     ,  1.00000     )
                                       (  0.00000     ,  1.00000     )

#********** Integration by Vegas (iteration       1) ************
#                                                               *
#  integral  =  840.20467       accum. integral =  840.20467    *
#  std. dev. =  124.75701       accum. std. dev =  124.75701    *
#   min/max. wt. =    0.00000             100.012               *
#                                                               *
#*************   chi**2/iteration =  0.000       ****************


#********** Integration by Vegas (iteration       2) ************
#                                                               *
#  integral  =  752.14036       accum. integral =  753.76762    *
#  std. dev. =  15.323452       accum. std. dev =  16.094521    *
#   min/max. wt. =    0.00000             9.21693               *
#                                                               *
#*************   chi**2/iteration = 0.5425       ****************


#********** Integration by Vegas (iteration       3) ************
#                                                               *
#  integral  =  759.77752       accum. integral =  759.25130    *
#  std. dev. =  4.7504953       accum. std. dev =  4.6887133    *
#   min/max. wt. =    0.00000             3.51963               *
#                                                               *
#*************   chi**2/iteration = 0.3456       ****************


#********** Integration by Vegas (iteration       4) ************
#                                                               *
#  integral  =  759.16647       accum. integral =  759.17336    *
#  std. dev. =  1.3483097       accum. std. dev =  1.3255656    *
#   min/max. wt. =    0.00000            0.316016               *
#                                                               *
#*************   chi**2/iteration = 0.2343       ****************


#********** Integration by Vegas (iteration       5) ************
#                                                               *
#  integral  =  762.15264       accum. integral =  761.04461    *
#  std. dev. = 0.99839986       accum. std. dev = 0.80499228    *
#   min/max. wt. =    0.00000            0.557836               *
#                                                               *
#*************   chi**2/iteration = 0.9769       ****************


#********** Integration by Vegas (iteration       6) ************
#                                                               *
#  integral  =  760.93528       accum. integral =  760.99335    *
#  std. dev. = 0.84084846       accum. std. dev = 0.58487391    *
#   min/max. wt. =    0.00000            0.424347               *
#                                                               *
#*************   chi**2/iteration = 0.7882       ****************


#********** Integration by Vegas (iteration       7) ************
#                                                               *
#  integral  =  760.11350       accum. integral =  760.48565    *
#  std. dev. = 0.49239941       accum. std. dev = 0.37947994    *
#   min/max. wt. =    0.00000            0.316903E-01           *
#                                                               *
#*************   chi**2/iteration = 0.8786       ****************


#********** Integration by Vegas (iteration       8) ************
#                                                               *
#  integral  =  760.97740       accum. integral =  760.70817    *
#  std. dev. = 0.41189372       accum. std. dev = 0.28032599    *
#   min/max. wt. =    0.00000            0.568153E-01           *
#                                                               *
#*************   chi**2/iteration = 0.8645       ****************


#********** Integration by Vegas (iteration       9) ************
#                                                               *
#  integral  =  760.34933       accum. integral =  760.58384    *
#  std. dev. = 0.38022405       accum. std. dev = 0.22630806    *
#   min/max. wt. =    0.00000            0.499605E-01           *
#                                                               *
#*************   chi**2/iteration = 0.8297       ****************


#********** Integration by Vegas (iteration      10) ************
#                                                               *
#  integral  =  761.50129       accum. integral =  760.82579    *
#  std. dev. = 0.37452237       accum. std. dev = 0.19400257    *
#   min/max. wt. =    0.00000            0.208917E-01           *
#                                                               *
#*************   chi**2/iteration =  1.221       ****************


#********** Integration by Vegas (iteration      11) ************
#                                                               *
#  integral  =  760.02376       accum. integral =  760.65843    *
#  std. dev. = 0.37380813       accum. std. dev = 0.17241321    *
#   min/max. wt. =    0.00000            0.379619E-01           *
#                                                               *
#*************   chi**2/iteration =  1.459       ****************


#********** Integration by Vegas (iteration      12) ************
#                                                               *
#  integral  =  760.26497       accum. integral =  760.59095    *
#  std. dev. = 0.37543399       accum. std. dev = 0.15681290    *
#   min/max. wt. =    0.00000            0.426884E-01           *
#                                                               *
#*************   chi**2/iteration =  1.409       ****************


#********** Integration by Vegas (iteration      13) ************
#                                                               *
#  integral  =  761.28299       accum. integral =  760.69157    *
#  std. dev. = 0.37744037       accum. std. dev = 0.14488513    *
#   min/max. wt. =    0.00000            0.335895E-01           *
#                                                               *
#*************   chi**2/iteration =  1.530       ****************


#********** Integration by Vegas (iteration      14) ************
#                                                               *
#  integral  =  760.40351       accum. integral =  760.65446    *
#  std. dev. = 0.37381253       accum. std. dev = 0.13515503    *
#   min/max. wt. =    0.00000            0.242903E-01           *
#                                                               *
#*************   chi**2/iteration =  1.453       ****************


#********** Integration by Vegas (iteration      15) ************
#                                                               *
#  integral  =  761.05751       accum. integral =  760.69849    *
#  std. dev. = 0.38349200       accum. std. dev = 0.12750581    *
#   min/max. wt. =    0.00000            0.699461E-01           *
#                                                               *
#*************   chi**2/iteration =  1.420       ****************

 ****************************************************
 * Writing out vegas grid to ./data/output.grid                                                      
 ****************************************************

  Input parameters for vegas:  ndim=  9   ncall= 80707214.
                              it=    0    itmx=    2
                              acc=-1.00    
                              mds=  1     nd=  50
                              (xl,xu)= (  0.00000     ,  1.00000     )
                                       (  0.00000     ,  1.00000     )
                                       (  0.00000     ,  1.00000     )
                                       (  0.00000     ,  1.00000     )
                                       (  0.00000     ,  1.00000     )
                                       (  0.00000     ,  1.00000     )
                                       (  0.00000     ,  1.00000     )
                                       (  0.00000     ,  1.00000     )
                                       (  0.00000     ,  1.00000     )

#********** Integration by Vegas (iteration       1) ************
#                                                               *
#  integral  =  760.23721       accum. integral =  760.23721    *
#  std. dev. = 0.37903989       accum. std. dev = 0.37903989    *
#   min/max. wt. =    0.00000            0.331557E-01           *
#                                                               *
#*************   chi**2/iteration = -.8103E-06   ****************


#********** Integration by Vegas (iteration       2) ************
#                                                               *
#  integral  =  760.25384       accum. integral =  760.24553    *
#  std. dev. = 0.37880001       accum. std. dev = 0.26793682    *
#   min/max. wt. =    0.00000            0.285985E-01           *
#                                                               *
#*************   chi**2/iteration = 0.9624E-03   ****************

 Done
