SLURM job running in:  /work-zfs/lhc/heshy/JHUGen/xsecs/JHUGen/JHUGenerator
LHAPDF 6.1.5 loading /work-zfs/lhc/cms/slc6_amd64_gcc493/external/lhapdf/6.1.5-kpegke3/share/LHAPDF/NNPDF30_lo_as_0130/NNPDF30_lo_as_0130_0000.dat
NNPDF30_lo_as_0130 PDF set, member #0, version 2; LHAPDF ID = 263000
 
                                                                                          
   ***************************************************************************************
   *                                JHU Generator v6.9.9                                 *
   ***************************************************************************************
   *                                                                                     *
   *   Spin and parity determination of single-produced resonances at hadron colliders   *
   *                                                                                     *
   *          I. Anderson, S. Bolognesi, F. Caola, Y. Gao, A. Gritsan, Z. Guo,           *
   *        C. Martin, K. Melnikov, R.Rontsch, H. Roskes, U. Sarica, M. Schulze,         *
   *                   N. Tran, A. Whitbeck, M. Xiao, C. You, Y. Zhou                    *
   *                Phys.Rev. D81 (2010) 075022;  arXiv:1001.3396 [hep-ph],              *
   *                Phys.Rev. D86 (2012) 095031;  arXiv:1208.4018 [hep-ph],              *
   *                Phys.Rev. D89 (2014) 035007;  arXiv:1309.4819 [hep-ph].              *
   *                                                                                     *
   ***************************************************************************************
                                                                                          
   
   Command line: ./JHUGen Unweighted=0 VegasNc0=99999999 VegasNc1=99999999 VegasNc2=99999999 LHAPDF=NNPDF30_lo_as_0130/NNPDF30_lo_as_0130.info MReso=478 Process=61 ghg2=1,0 pTjetcut=25 etajetcut=4.7 pTlepcut=5 etalepcut=2.5
   
   Input Parameter:
    Collider: P-P, sqrt(s)=13000.00
    Resonance: spin=0, mass= 478.00 width=   0.00407
    Jet cuts:
            pT >=    25.00 GeV
         |eta| <=     4.70
        DeltaR >=     0.30
           mJJ >=     0.00 GeV
           m4l_min/max      -1.00     -1.00 GeV
    Random seed:   249754162
    To reproduce results using this seed, JHUGen should be compiled with the same compiler:
      GNU Fortran (GCC) 4.8.2
    
    WidthScheme:   2
    LHAPDF set NNPDF30_lo_as_0130/NNPDF30_lo_as_0130.info, member=  0
    Unweighted: F
    
    spin-0-VV couplings: 
      generate_as=F
      ghg2=  0.10000000E+01  0.00000000E+00i
      ghg3=  0.00000000E+00  0.00000000E+00i
      ghg4=  0.00000000E+00  0.00000000E+00i
      ghz1=  0.20000000E+01  0.00000000E+00i
      ghz2=  0.00000000E+00  0.00000000E+00i
      ghz3=  0.00000000E+00  0.00000000E+00i
      ghz4=  0.00000000E+00  0.00000000E+00i
      Lambda=  1000.0
    
    LHE output: ./data/output.lhe
    Histogram output: ./data/output.dat
    Log file: ./data/output.log
    
  Running

  Input parameters for vegas:  ndim=  9   ncall= 80707214.
                              it=    0    itmx=   15
                              acc=-1.00    
                              mds=  1     nd=  50
                              (xl,xu)= (  0.00000     ,  1.00000     )
                                       (  0.00000     ,  1.00000     )
                                       (  0.00000     ,  1.00000     )
                                       (  0.00000     ,  1.00000     )
                                       (  0.00000     ,  1.00000     )
                                       (  0.00000     ,  1.00000     )
                                       (  0.00000     ,  1.00000     )
                                       (  0.00000     ,  1.00000     )
                                       (  0.00000     ,  1.00000     )

#********** Integration by Vegas (iteration       1) ************
#                                                               *
#  integral  =  490.01207       accum. integral =  490.01207    *
#  std. dev. =  24.207595       accum. std. dev =  24.207595    *
#   min/max. wt. =    0.00000             9.88157               *
#                                                               *
#*************   chi**2/iteration = -.4966E-10   ****************


#********** Integration by Vegas (iteration       2) ************
#                                                               *
#  integral  =  554.31327       accum. integral =  552.55092    *
#  std. dev. =  4.5969697       accum. std. dev =  4.2786746    *
#   min/max. wt. =    0.00000             1.72925               *
#                                                               *
#*************   chi**2/iteration =  6.014       ****************


#********** Integration by Vegas (iteration       3) ************
#                                                               *
#  integral  =  566.36718       accum. integral =  562.94061    *
#  std. dev. =  2.6601625       accum. std. dev =  2.1910493    *
#   min/max. wt. =    0.00000             1.66606               *
#                                                               *
#*************   chi**2/iteration =  6.552       ****************


#********** Integration by Vegas (iteration       4) ************
#                                                               *
#  integral  =  564.59953       accum. integral =  564.36868    *
#  std. dev. = 0.92457875       accum. std. dev = 0.82764951    *
#   min/max. wt. =    0.00000            0.132430               *
#                                                               *
#*************   chi**2/iteration =  4.421       ****************


#********** Integration by Vegas (iteration       5) ************
#                                                               *
#  integral  =  565.75026       accum. integral =  565.43776    *
#  std. dev. = 0.46474107       accum. std. dev = 0.39671063    *
#   min/max. wt. =    0.00000            0.150725               *
#                                                               *
#*************   chi**2/iteration =  3.795       ****************


#********** Integration by Vegas (iteration       6) ************
#                                                               *
#  integral  =  566.34846       accum. integral =  565.92537    *
#  std. dev. = 0.38121271       accum. std. dev = 0.27184047    *
#   min/max. wt. =    0.00000            0.137472               *
#                                                               *
#*************   chi**2/iteration =  3.562       ****************


#********** Integration by Vegas (iteration       7) ************
#                                                               *
#  integral  =  565.86749       accum. integral =  565.90069    *
#  std. dev. = 0.32323462       accum. std. dev = 0.20662794    *
#   min/max. wt. =    0.00000            0.206985E-01           *
#                                                               *
#*************   chi**2/iteration =  2.950       ****************


#********** Integration by Vegas (iteration       8) ************
#                                                               *
#  integral  =  565.66499       accum. integral =  565.82171    *
#  std. dev. = 0.29721999       accum. std. dev = 0.16893743    *
#   min/max. wt. =    0.00000            0.431453E-01           *
#                                                               *
#*************   chi**2/iteration =  2.577       ****************


#********** Integration by Vegas (iteration       9) ************
#                                                               *
#  integral  =  565.35348       accum. integral =  565.69745    *
#  std. dev. = 0.28610486       accum. std. dev = 0.14508654    *
#   min/max. wt. =    0.00000            0.261166E-01           *
#                                                               *
#*************   chi**2/iteration =  2.500       ****************


#********** Integration by Vegas (iteration      10) ************
#                                                               *
#  integral  =  565.71546       accum. integral =  565.70095    *
#  std. dev. = 0.30046305       accum. std. dev = 0.13045933    *
#   min/max. wt. =    0.00000            0.629872E-01           *
#                                                               *
#*************   chi**2/iteration =  2.215       ****************


#********** Integration by Vegas (iteration      11) ************
#                                                               *
#  integral  =  566.11448       accum. integral =  565.77290    *
#  std. dev. = 0.28865371       accum. std. dev = 0.11873564    *
#   min/max. wt. =    0.00000            0.259374E-01           *
#                                                               *
#*************   chi**2/iteration =  2.162       ****************


#********** Integration by Vegas (iteration      12) ************
#                                                               *
#  integral  =  565.64149       accum. integral =  565.75321    *
#  std. dev. = 0.28654500       accum. std. dev = 0.10959927    *
#   min/max. wt. =    0.00000            0.395908E-01           *
#                                                               *
#*************   chi**2/iteration =  1.978       ****************


#********** Integration by Vegas (iteration      13) ************
#                                                               *
#  integral  =  565.23166       accum. integral =  565.68389    *
#  std. dev. = 0.28312247       accum. std. dev = 0.10214604    *
#   min/max. wt. =    0.00000            0.430178E-01           *
#                                                               *
#*************   chi**2/iteration =  2.060       ****************


#********** Integration by Vegas (iteration      14) ************
#                                                               *
#  integral  =  566.22614       accum. integral =  565.74737    *
#  std. dev. = 0.28396319       accum. std. dev = 0.96065557E-01*
#   min/max. wt. =    0.00000            0.360833E-01           *
#                                                               *
#*************   chi**2/iteration =  2.152       ****************


#********** Integration by Vegas (iteration      15) ************
#                                                               *
#  integral  =  565.85861       accum. integral =  565.75897    *
#  std. dev. = 0.28455457       accum. std. dev = 0.90983711E-01*
#   min/max. wt. =    0.00000            0.259390E-01           *
#                                                               *
#*************   chi**2/iteration =  2.005       ****************

 ****************************************************
 * Writing out vegas grid to ./data/output.grid                                                      
 ****************************************************

  Input parameters for vegas:  ndim=  9   ncall= 80707214.
                              it=    0    itmx=    2
                              acc=-1.00    
                              mds=  1     nd=  50
                              (xl,xu)= (  0.00000     ,  1.00000     )
                                       (  0.00000     ,  1.00000     )
                                       (  0.00000     ,  1.00000     )
                                       (  0.00000     ,  1.00000     )
                                       (  0.00000     ,  1.00000     )
                                       (  0.00000     ,  1.00000     )
                                       (  0.00000     ,  1.00000     )
                                       (  0.00000     ,  1.00000     )
                                       (  0.00000     ,  1.00000     )

#********** Integration by Vegas (iteration       1) ************
#                                                               *
#  integral  =  565.80295       accum. integral =  565.80295    *
#  std. dev. = 0.28221958       accum. std. dev = 0.28221958    *
#   min/max. wt. =    0.00000            0.198563E-01           *
#                                                               *
#*************   chi**2/iteration =  0.000       ****************


#********** Integration by Vegas (iteration       2) ************
#                                                               *
#  integral  =  565.57730       accum. integral =  565.69037    *
#  std. dev. = 0.28271328       accum. std. dev = 0.19973363    *
#   min/max. wt. =    0.00000            0.258413E-01           *
#                                                               *
#*************   chi**2/iteration = 0.3188       ****************

 Done
