SLURM job running in:  /work-zfs/lhc/heshy/JHUGen/xsecs/JHUGen/JHUGenerator
LHAPDF 6.1.5 loading /work-zfs/lhc/cms/slc6_amd64_gcc493/external/lhapdf/6.1.5-kpegke3/share/LHAPDF/NNPDF30_lo_as_0130/NNPDF30_lo_as_0130_0000.dat
NNPDF30_lo_as_0130 PDF set, member #0, version 2; LHAPDF ID = 263000
 
                                                                                          
   ***************************************************************************************
   *                                JHU Generator v6.9.9                                 *
   ***************************************************************************************
   *                                                                                     *
   *   Spin and parity determination of single-produced resonances at hadron colliders   *
   *                                                                                     *
   *          I. Anderson, S. Bolognesi, F. Caola, Y. Gao, A. Gritsan, Z. Guo,           *
   *        C. Martin, K. Melnikov, R.Rontsch, H. Roskes, U. Sarica, M. Schulze,         *
   *                   N. Tran, A. Whitbeck, M. Xiao, C. You, Y. Zhou                    *
   *                Phys.Rev. D81 (2010) 075022;  arXiv:1001.3396 [hep-ph],              *
   *                Phys.Rev. D86 (2012) 095031;  arXiv:1208.4018 [hep-ph],              *
   *                Phys.Rev. D89 (2014) 035007;  arXiv:1309.4819 [hep-ph].              *
   *                                                                                     *
   ***************************************************************************************
                                                                                          
   
   Command line: ./JHUGen Unweighted=0 VegasNc0=99999999 VegasNc1=99999999 VegasNc2=99999999 LHAPDF=NNPDF30_lo_as_0130/NNPDF30_lo_as_0130.info MReso=530 Process=61 ghg2=1,0 pTjetcut=25 etajetcut=4.7 pTlepcut=5 etalepcut=2.5
   
   Input Parameter:
    Collider: P-P, sqrt(s)=13000.00
    Resonance: spin=0, mass= 530.00 width=   0.00407
    Jet cuts:
            pT >=    25.00 GeV
         |eta| <=     4.70
        DeltaR >=     0.30
           mJJ >=     0.00 GeV
           m4l_min/max      -1.00     -1.00 GeV
    Random seed:    29098027
    To reproduce results using this seed, JHUGen should be compiled with the same compiler:
      GNU Fortran (GCC) 4.8.2
    
    WidthScheme:   2
    LHAPDF set NNPDF30_lo_as_0130/NNPDF30_lo_as_0130.info, member=  0
    Unweighted: F
    
    spin-0-VV couplings: 
      generate_as=F
      ghg2=  0.10000000E+01  0.00000000E+00i
      ghg3=  0.00000000E+00  0.00000000E+00i
      ghg4=  0.00000000E+00  0.00000000E+00i
      ghz1=  0.20000000E+01  0.00000000E+00i
      ghz2=  0.00000000E+00  0.00000000E+00i
      ghz3=  0.00000000E+00  0.00000000E+00i
      ghz4=  0.00000000E+00  0.00000000E+00i
      Lambda=  1000.0
    
    LHE output: ./data/output.lhe
    Histogram output: ./data/output.dat
    Log file: ./data/output.log
    
  Running

  Input parameters for vegas:  ndim=  9   ncall= 80707214.
                              it=    0    itmx=   15
                              acc=-1.00    
                              mds=  1     nd=  50
                              (xl,xu)= (  0.00000     ,  1.00000     )
                                       (  0.00000     ,  1.00000     )
                                       (  0.00000     ,  1.00000     )
                                       (  0.00000     ,  1.00000     )
                                       (  0.00000     ,  1.00000     )
                                       (  0.00000     ,  1.00000     )
                                       (  0.00000     ,  1.00000     )
                                       (  0.00000     ,  1.00000     )
                                       (  0.00000     ,  1.00000     )

#********** Integration by Vegas (iteration       1) ************
#                                                               *
#  integral  =  500.27318       accum. integral =  500.27318    *
#  std. dev. =  157.56338       accum. std. dev =  157.56338    *
#   min/max. wt. =    0.00000             157.015               *
#                                                               *
#*************   chi**2/iteration =  0.000       ****************


#********** Integration by Vegas (iteration       2) ************
#                                                               *
#  integral  =  475.12292       accum. integral =  477.71912    *
#  std. dev. =  50.770389       accum. std. dev =  49.367486    *
#   min/max. wt. =    0.00000             50.2965               *
#                                                               *
#*************   chi**2/iteration = 0.2400E-01   ****************


#********** Integration by Vegas (iteration       3) ************
#                                                               *
#  integral  =  451.17306       accum. integral =  452.57814    *
#  std. dev. =  10.793145       accum. std. dev =  11.080341    *
#   min/max. wt. =    0.00000             9.93858               *
#                                                               *
#*************   chi**2/iteration = 0.1564       ****************


#********** Integration by Vegas (iteration       4) ************
#                                                               *
#  integral  =  439.05544       accum. integral =  439.48529    *
#  std. dev. =  1.8520707       accum. std. dev =  1.9383711    *
#   min/max. wt. =    0.00000            0.392055               *
#                                                               *
#*************   chi**2/iteration = 0.6075       ****************


#********** Integration by Vegas (iteration       5) ************
#                                                               *
#  integral  =  441.17573       accum. integral =  441.09439    *
#  std. dev. = 0.41170360       accum. std. dev = 0.42058902    *
#   min/max. wt. =    0.00000            0.618393E-01           *
#                                                               *
#*************   chi**2/iteration = 0.6506       ****************


#********** Integration by Vegas (iteration       6) ************
#                                                               *
#  integral  =  442.14911       accum. integral =  441.69099    *
#  std. dev. = 0.35275999       accum. std. dev = 0.27524555    *
#   min/max. wt. =    0.00000            0.170182               *
#                                                               *
#*************   chi**2/iteration =  1.249       ****************


#********** Integration by Vegas (iteration       7) ************
#                                                               *
#  integral  =  441.65180       accum. integral =  441.67356    *
#  std. dev. = 0.29607712       accum. std. dev = 0.20401787    *
#   min/max. wt. =    0.00000            0.275473E-01           *
#                                                               *
#*************   chi**2/iteration =  1.054       ****************


#********** Integration by Vegas (iteration       8) ************
#                                                               *
#  integral  =  441.98333       accum. integral =  441.79938    *
#  std. dev. = 0.23893773       accum. std. dev = 0.15660743    *
#   min/max. wt. =    0.00000            0.234324E-01           *
#                                                               *
#*************   chi**2/iteration =  1.045       ****************


#********** Integration by Vegas (iteration       9) ************
#                                                               *
#  integral  =  442.02322       accum. integral =  441.86468    *
#  std. dev. = 0.23728913       accum. std. dev = 0.13139934    *
#   min/max. wt. =    0.00000            0.552919E-01           *
#                                                               *
#*************   chi**2/iteration = 0.9948       ****************


#********** Integration by Vegas (iteration      10) ************
#                                                               *
#  integral  =  441.66337       accum. integral =  441.81762    *
#  std. dev. = 0.23184963       accum. std. dev = 0.11473098    *
#   min/max. wt. =    0.00000            0.368599E-01           *
#                                                               *
#*************   chi**2/iteration = 0.9500       ****************


#********** Integration by Vegas (iteration      11) ************
#                                                               *
#  integral  =  441.28782       accum. integral =  441.71143    *
#  std. dev. = 0.22369653       accum. std. dev = 0.10237066    *
#   min/max. wt. =    0.00000            0.196545E-01           *
#                                                               *
#*************   chi**2/iteration =  1.288       ****************


#********** Integration by Vegas (iteration      12) ************
#                                                               *
#  integral  =  441.94421       accum. integral =  441.74790    *
#  std. dev. = 0.23268867       accum. std. dev = 0.93851954E-01*
#   min/max. wt. =    0.00000            0.529455E-01           *
#                                                               *
#*************   chi**2/iteration =  1.249       ****************


#********** Integration by Vegas (iteration      13) ************
#                                                               *
#  integral  =  441.53437       accum. integral =  441.71797    *
#  std. dev. = 0.22789763       accum. std. dev = 0.86895885E-01*
#   min/max. wt. =    0.00000            0.310084E-01           *
#                                                               *
#*************   chi**2/iteration =  1.209       ****************


#********** Integration by Vegas (iteration      14) ************
#                                                               *
#  integral  =  441.51264       accum. integral =  441.69170    *
#  std. dev. = 0.22278834       accum. std. dev = 0.81044212E-01*
#   min/max. wt. =    0.00000            0.233197E-01           *
#                                                               *
#*************   chi**2/iteration =  1.174       ****************


#********** Integration by Vegas (iteration      15) ************
#                                                               *
#  integral  =  441.65663       accum. integral =  441.68765    *
#  std. dev. = 0.22050791       accum. std. dev = 0.76134529E-01*
#   min/max. wt. =    0.00000            0.110103E-01           *
#                                                               *
#*************   chi**2/iteration =  1.094       ****************

 ****************************************************
 * Writing out vegas grid to ./data/output.grid                                                      
 ****************************************************

  Input parameters for vegas:  ndim=  9   ncall= 80707214.
                              it=    0    itmx=    2
                              acc=-1.00    
                              mds=  1     nd=  50
                              (xl,xu)= (  0.00000     ,  1.00000     )
                                       (  0.00000     ,  1.00000     )
                                       (  0.00000     ,  1.00000     )
                                       (  0.00000     ,  1.00000     )
                                       (  0.00000     ,  1.00000     )
                                       (  0.00000     ,  1.00000     )
                                       (  0.00000     ,  1.00000     )
                                       (  0.00000     ,  1.00000     )
                                       (  0.00000     ,  1.00000     )

#********** Integration by Vegas (iteration       1) ************
#                                                               *
#  integral  =  442.03975       accum. integral =  442.03975    *
#  std. dev. = 0.22511487       accum. std. dev = 0.22511487    *
#   min/max. wt. =    0.00000            0.204328E-01           *
#                                                               *
#*************   chi**2/iteration =  0.000       ****************


#********** Integration by Vegas (iteration       2) ************
#                                                               *
#  integral  =  441.74266       accum. integral =  441.89143    *
#  std. dev. = 0.22530633       accum. std. dev = 0.15924785    *
#   min/max. wt. =    0.00000            0.252786E-01           *
#                                                               *
#*************   chi**2/iteration = 0.8692       ****************

 Done
