SLURM job running in:  /work-zfs/lhc/heshy/JHUGen/xsecs/JHUGen/JHUGenerator
LHAPDF 6.1.5 loading /work-zfs/lhc/cms/slc6_amd64_gcc493/external/lhapdf/6.1.5-kpegke3/share/LHAPDF/NNPDF30_lo_as_0130/NNPDF30_lo_as_0130_0000.dat
NNPDF30_lo_as_0130 PDF set, member #0, version 2; LHAPDF ID = 263000
 
                                                                                          
   ***************************************************************************************
   *                                JHU Generator v6.9.9                                 *
   ***************************************************************************************
   *                                                                                     *
   *   Spin and parity determination of single-produced resonances at hadron colliders   *
   *                                                                                     *
   *          I. Anderson, S. Bolognesi, F. Caola, Y. Gao, A. Gritsan, Z. Guo,           *
   *        C. Martin, K. Melnikov, R.Rontsch, H. Roskes, U. Sarica, M. Schulze,         *
   *                   N. Tran, A. Whitbeck, M. Xiao, C. You, Y. Zhou                    *
   *                Phys.Rev. D81 (2010) 075022;  arXiv:1001.3396 [hep-ph],              *
   *                Phys.Rev. D86 (2012) 095031;  arXiv:1208.4018 [hep-ph],              *
   *                Phys.Rev. D89 (2014) 035007;  arXiv:1309.4819 [hep-ph].              *
   *                                                                                     *
   ***************************************************************************************
                                                                                          
   
   Command line: ./JHUGen Unweighted=0 VegasNc0=99999999 VegasNc1=99999999 VegasNc2=99999999 LHAPDF=NNPDF30_lo_as_0130/NNPDF30_lo_as_0130.info MReso=580 Process=61 ghg2=1,0 pTjetcut=25 etajetcut=4.7 pTlepcut=5 etalepcut=2.5
   
   Input Parameter:
    Collider: P-P, sqrt(s)=13000.00
    Resonance: spin=0, mass= 580.00 width=   0.00407
    Jet cuts:
            pT >=    25.00 GeV
         |eta| <=     4.70
        DeltaR >=     0.30
           mJJ >=     0.00 GeV
           m4l_min/max      -1.00     -1.00 GeV
    Random seed:   919795024
    To reproduce results using this seed, JHUGen should be compiled with the same compiler:
      GNU Fortran (GCC) 4.8.2
    
    WidthScheme:   2
    LHAPDF set NNPDF30_lo_as_0130/NNPDF30_lo_as_0130.info, member=  0
    Unweighted: F
    
    spin-0-VV couplings: 
      generate_as=F
      ghg2=  0.10000000E+01  0.00000000E+00i
      ghg3=  0.00000000E+00  0.00000000E+00i
      ghg4=  0.00000000E+00  0.00000000E+00i
      ghz1=  0.20000000E+01  0.00000000E+00i
      ghz2=  0.00000000E+00  0.00000000E+00i
      ghz3=  0.00000000E+00  0.00000000E+00i
      ghz4=  0.00000000E+00  0.00000000E+00i
      Lambda=  1000.0
    
    LHE output: ./data/output.lhe
    Histogram output: ./data/output.dat
    Log file: ./data/output.log
    
  Running

  Input parameters for vegas:  ndim=  9   ncall= 80707214.
                              it=    0    itmx=   15
                              acc=-1.00    
                              mds=  1     nd=  50
                              (xl,xu)= (  0.00000     ,  1.00000     )
                                       (  0.00000     ,  1.00000     )
                                       (  0.00000     ,  1.00000     )
                                       (  0.00000     ,  1.00000     )
                                       (  0.00000     ,  1.00000     )
                                       (  0.00000     ,  1.00000     )
                                       (  0.00000     ,  1.00000     )
                                       (  0.00000     ,  1.00000     )
                                       (  0.00000     ,  1.00000     )

#********** Integration by Vegas (iteration       1) ************
#                                                               *
#  integral  =  301.13889       accum. integral =  301.13889    *
#  std. dev. =  28.015377       accum. std. dev =  28.015377    *
#   min/max. wt. =    0.00000             21.3034               *
#                                                               *
#*************   chi**2/iteration =  0.000       ****************


#********** Integration by Vegas (iteration       2) ************
#                                                               *
#  integral  =  349.25378       accum. integral =  348.46954    *
#  std. dev. =  4.1823722       accum. std. dev =  3.8729677    *
#   min/max. wt. =    0.00000             2.10898               *
#                                                               *
#*************   chi**2/iteration =  2.472       ****************


#********** Integration by Vegas (iteration       3) ************
#                                                               *
#  integral  =  350.83458       accum. integral =  350.62678    *
#  std. dev. =  1.2932559       accum. std. dev =  1.1777643    *
#   min/max. wt. =    0.00000            0.810064               *
#                                                               *
#*************   chi**2/iteration =  1.336       ****************


#********** Integration by Vegas (iteration       4) ************
#                                                               *
#  integral  =  352.76068       accum. integral =  352.36778    *
#  std. dev. = 0.58997303       accum. std. dev = 0.51239195    *
#   min/max. wt. =    0.00000            0.202231               *
#                                                               *
#*************   chi**2/iteration =  1.735       ****************


#********** Integration by Vegas (iteration       5) ************
#                                                               *
#  integral  =  353.11021       accum. integral =  352.93004    *
#  std. dev. = 0.30196477       accum. std. dev = 0.25452540    *
#   min/max. wt. =    0.00000            0.387661E-01           *
#                                                               *
#*************   chi**2/iteration =  1.671       ****************


#********** Integration by Vegas (iteration       6) ************
#                                                               *
#  integral  =  352.50322       accum. integral =  352.69737    *
#  std. dev. = 0.23963876       accum. std. dev = 0.17255406    *
#   min/max. wt. =    0.00000            0.625550E-01           *
#                                                               *
#*************   chi**2/iteration =  1.626       ****************


#********** Integration by Vegas (iteration       7) ************
#                                                               *
#  integral  =  352.41133       accum. integral =  352.57629    *
#  std. dev. = 0.20645697       accum. std. dev = 0.13151254    *
#   min/max. wt. =    0.00000            0.266199E-01           *
#                                                               *
#*************   chi**2/iteration =  1.538       ****************


#********** Integration by Vegas (iteration       8) ************
#                                                               *
#  integral  =  352.86286       accum. integral =  352.67325    *
#  std. dev. = 0.18808197       accum. std. dev = 0.10728141    *
#   min/max. wt. =    0.00000            0.196107E-01           *
#                                                               *
#*************   chi**2/iteration =  1.539       ****************


#********** Integration by Vegas (iteration       9) ************
#                                                               *
#  integral  =  352.72055       accum. integral =  352.68548    *
#  std. dev. = 0.18516165       accum. std. dev = 0.92573854E-01*
#   min/max. wt. =    0.00000            0.288520E-01           *
#                                                               *
#*************   chi**2/iteration =  1.347       ****************


#********** Integration by Vegas (iteration      10) ************
#                                                               *
#  integral  =  352.69413       accum. integral =  352.68727    *
#  std. dev. = 0.18403257       accum. std. dev = 0.82555754E-01*
#   min/max. wt. =    0.00000            0.267412E-01           *
#                                                               *
#*************   chi**2/iteration =  1.193       ****************


#********** Integration by Vegas (iteration      11) ************
#                                                               *
#  integral  =  353.09270       accum. integral =  352.76035    *
#  std. dev. = 0.17895515       accum. std. dev = 0.74858676E-01*
#   min/max. wt. =    0.00000            0.111739E-01           *
#                                                               *
#*************   chi**2/iteration =  1.504       ****************


#********** Integration by Vegas (iteration      12) ************
#                                                               *
#  integral  =  352.95838       accum. integral =  352.79056    *
#  std. dev. = 0.17901716       accum. std. dev = 0.68997424E-01*
#   min/max. wt. =    0.00000            0.204764E-01           *
#                                                               *
#*************   chi**2/iteration =  1.461       ****************


#********** Integration by Vegas (iteration      13) ************
#                                                               *
#  integral  =  352.78157       accum. integral =  352.78939    *
#  std. dev. = 0.18097290       accum. std. dev = 0.64429234E-01*
#   min/max. wt. =    0.00000            0.201017E-01           *
#                                                               *
#*************   chi**2/iteration =  1.337       ****************


#********** Integration by Vegas (iteration      14) ************
#                                                               *
#  integral  =  352.86318       accum. integral =  352.79760    *
#  std. dev. = 0.18433105       accum. std. dev = 0.60793444E-01*
#   min/max. wt. =    0.00000            0.373233E-01           *
#                                                               *
#*************   chi**2/iteration =  1.243       ****************


#********** Integration by Vegas (iteration      15) ************
#                                                               *
#  integral  =  352.92480       accum. integral =  352.81083    *
#  std. dev. = 0.18046843       accum. std. dev = 0.57589272E-01*
#   min/max. wt. =    0.00000            0.115945E-01           *
#                                                               *
#*************   chi**2/iteration =  1.185       ****************

 ****************************************************
 * Writing out vegas grid to ./data/output.grid                                                      
 ****************************************************

  Input parameters for vegas:  ndim=  9   ncall= 80707214.
                              it=    0    itmx=    2
                              acc=-1.00    
                              mds=  1     nd=  50
                              (xl,xu)= (  0.00000     ,  1.00000     )
                                       (  0.00000     ,  1.00000     )
                                       (  0.00000     ,  1.00000     )
                                       (  0.00000     ,  1.00000     )
                                       (  0.00000     ,  1.00000     )
                                       (  0.00000     ,  1.00000     )
                                       (  0.00000     ,  1.00000     )
                                       (  0.00000     ,  1.00000     )
                                       (  0.00000     ,  1.00000     )

#********** Integration by Vegas (iteration       1) ************
#                                                               *
#  integral  =  352.46498       accum. integral =  352.46498    *
#  std. dev. = 0.18497086       accum. std. dev = 0.18497086    *
#   min/max. wt. =    0.00000            0.274318E-01           *
#                                                               *
#*************   chi**2/iteration = -.1276E-05   ****************


#********** Integration by Vegas (iteration       2) ************
#                                                               *
#  integral  =  352.77849       accum. integral =  352.62591    *
#  std. dev. = 0.18026787       accum. std. dev = 0.12909780    *
#   min/max. wt. =    0.00000            0.125888E-01           *
#                                                               *
#*************   chi**2/iteration =  1.472       ****************

 Done
