SLURM job running in:  /work-zfs/lhc/heshy/JHUGen/xsecs/JHUGen/JHUGenerator
LHAPDF 6.1.5 loading /work-zfs/lhc/cms/slc6_amd64_gcc493/external/lhapdf/6.1.5-kpegke3/share/LHAPDF/NNPDF30_lo_as_0130/NNPDF30_lo_as_0130_0000.dat
NNPDF30_lo_as_0130 PDF set, member #0, version 2; LHAPDF ID = 263000
 
                                                                                          
   ***************************************************************************************
   *                                JHU Generator v6.9.9                                 *
   ***************************************************************************************
   *                                                                                     *
   *   Spin and parity determination of single-produced resonances at hadron colliders   *
   *                                                                                     *
   *          I. Anderson, S. Bolognesi, F. Caola, Y. Gao, A. Gritsan, Z. Guo,           *
   *        C. Martin, K. Melnikov, R.Rontsch, H. Roskes, U. Sarica, M. Schulze,         *
   *                   N. Tran, A. Whitbeck, M. Xiao, C. You, Y. Zhou                    *
   *                Phys.Rev. D81 (2010) 075022;  arXiv:1001.3396 [hep-ph],              *
   *                Phys.Rev. D86 (2012) 095031;  arXiv:1208.4018 [hep-ph],              *
   *                Phys.Rev. D89 (2014) 035007;  arXiv:1309.4819 [hep-ph].              *
   *                                                                                     *
   ***************************************************************************************
                                                                                          
   
   Command line: ./JHUGen Unweighted=0 VegasNc0=99999999 VegasNc1=99999999 VegasNc2=99999999 LHAPDF=NNPDF30_lo_as_0130/NNPDF30_lo_as_0130.info MReso=605 Process=61 ghg2=1,0 pTjetcut=25 etajetcut=4.7 pTlepcut=5 etalepcut=2.5
   
   Input Parameter:
    Collider: P-P, sqrt(s)=13000.00
    Resonance: spin=0, mass= 605.00 width=   0.00407
    Jet cuts:
            pT >=    25.00 GeV
         |eta| <=     4.70
        DeltaR >=     0.30
           mJJ >=     0.00 GeV
           m4l_min/max      -1.00     -1.00 GeV
    Random seed:   553404530
    To reproduce results using this seed, JHUGen should be compiled with the same compiler:
      GNU Fortran (GCC) 4.8.2
    
    WidthScheme:   2
    LHAPDF set NNPDF30_lo_as_0130/NNPDF30_lo_as_0130.info, member=  0
    Unweighted: F
    
    spin-0-VV couplings: 
      generate_as=F
      ghg2=  0.10000000E+01  0.00000000E+00i
      ghg3=  0.00000000E+00  0.00000000E+00i
      ghg4=  0.00000000E+00  0.00000000E+00i
      ghz1=  0.20000000E+01  0.00000000E+00i
      ghz2=  0.00000000E+00  0.00000000E+00i
      ghz3=  0.00000000E+00  0.00000000E+00i
      ghz4=  0.00000000E+00  0.00000000E+00i
      Lambda=  1000.0
    
    LHE output: ./data/output.lhe
    Histogram output: ./data/output.dat
    Log file: ./data/output.log
    
  Running

  Input parameters for vegas:  ndim=  9   ncall= 80707214.
                              it=    0    itmx=   15
                              acc=-1.00    
                              mds=  1     nd=  50
                              (xl,xu)= (  0.00000     ,  1.00000     )
                                       (  0.00000     ,  1.00000     )
                                       (  0.00000     ,  1.00000     )
                                       (  0.00000     ,  1.00000     )
                                       (  0.00000     ,  1.00000     )
                                       (  0.00000     ,  1.00000     )
                                       (  0.00000     ,  1.00000     )
                                       (  0.00000     ,  1.00000     )
                                       (  0.00000     ,  1.00000     )

#********** Integration by Vegas (iteration       1) ************
#                                                               *
#  integral  =  281.55566       accum. integral =  281.55566    *
#  std. dev. =  19.322553       accum. std. dev =  19.322553    *
#   min/max. wt. =    0.00000             13.8349               *
#                                                               *
#*************   chi**2/iteration =  0.000       ****************


#********** Integration by Vegas (iteration       2) ************
#                                                               *
#  integral  =  312.23699       accum. integral =  311.17664    *
#  std. dev. =  4.0542438       accum. std. dev =  3.7929045    *
#   min/max. wt. =    0.00000             1.80411               *
#                                                               *
#*************   chi**2/iteration =  2.181       ****************


#********** Integration by Vegas (iteration       3) ************
#                                                               *
#  integral  =  319.12636       accum. integral =  316.65656    *
#  std. dev. =  2.7333437       accum. std. dev =  2.1670971    *
#   min/max. wt. =    0.00000             2.26417               *
#                                                               *
#*************   chi**2/iteration =  2.479       ****************


#********** Integration by Vegas (iteration       4) ************
#                                                               *
#  integral  =  316.18077       accum. integral =  316.24708    *
#  std. dev. = 0.90481128       accum. std. dev = 0.81672850    *
#   min/max. wt. =    0.00000            0.449262               *
#                                                               *
#*************   chi**2/iteration =  1.635       ****************


#********** Integration by Vegas (iteration       5) ************
#                                                               *
#  integral  =  316.57631       accum. integral =  316.53174    *
#  std. dev. = 0.33256120       accum. std. dev = 0.30227151    *
#   min/max. wt. =    0.00000            0.853077E-01           *
#                                                               *
#*************   chi**2/iteration =  1.247       ****************


#********** Integration by Vegas (iteration       6) ************
#                                                               *
#  integral  =  316.62876       accum. integral =  316.59731    *
#  std. dev. = 0.21422176       accum. std. dev = 0.17278348    *
#   min/max. wt. =    0.00000            0.217868E-01           *
#                                                               *
#*************   chi**2/iteration =  1.004       ****************


#********** Integration by Vegas (iteration       7) ************
#                                                               *
#  integral  =  316.66723       accum. integral =  316.62997    *
#  std. dev. = 0.18811188       accum. std. dev = 0.12648009    *
#   min/max. wt. =    0.00000            0.430191E-01           *
#                                                               *
#*************   chi**2/iteration = 0.8445       ****************


#********** Integration by Vegas (iteration       8) ************
#                                                               *
#  integral  =  316.52981       accum. integral =  316.59391    *
#  std. dev. = 0.17135523       accum. std. dev = 0.10138985    *
#   min/max. wt. =    0.00000            0.142556E-01           *
#                                                               *
#*************   chi**2/iteration = 0.7530       ****************


#********** Integration by Vegas (iteration       9) ************
#                                                               *
#  integral  =  316.93527       accum. integral =  316.68466    *
#  std. dev. = 0.17107449       accum. std. dev = 0.87023067E-01*
#   min/max. wt. =    0.00000            0.289001E-01           *
#                                                               *
#*************   chi**2/iteration =  1.032       ****************


#********** Integration by Vegas (iteration      10) ************
#                                                               *
#  integral  =  316.30185       accum. integral =  316.59724    *
#  std. dev. = 0.16182094       accum. std. dev = 0.76533046E-01*
#   min/max. wt. =    0.00000            0.113573E-01           *
#                                                               *
#*************   chi**2/iteration =  1.405       ****************


#********** Integration by Vegas (iteration      11) ************
#                                                               *
#  integral  =  316.29696       accum. integral =  316.54068    *
#  std. dev. = 0.16050294       accum. std. dev = 0.69013760E-01*
#   min/max. wt. =    0.00000            0.139914E-01           *
#                                                               *
#*************   chi**2/iteration =  1.552       ****************


#********** Integration by Vegas (iteration      12) ************
#                                                               *
#  integral  =  316.48934       accum. integral =  316.53354    *
#  std. dev. = 0.17342580       accum. std. dev = 0.64088633E-01*
#   min/max. wt. =    0.00000            0.552148E-01           *
#                                                               *
#*************   chi**2/iteration =  1.415       ****************


#********** Integration by Vegas (iteration      13) ************
#                                                               *
#  integral  =  316.55730       accum. integral =  316.53666    *
#  std. dev. = 0.16641559       accum. std. dev = 0.59777470E-01*
#   min/max. wt. =    0.00000            0.823001E-02           *
#                                                               *
#*************   chi**2/iteration =  1.297       ****************


#********** Integration by Vegas (iteration      14) ************
#                                                               *
#  integral  =  316.31106       accum. integral =  316.50958    *
#  std. dev. = 0.16315239       accum. std. dev = 0.56107868E-01*
#   min/max. wt. =    0.00000            0.125671E-01           *
#                                                               *
#*************   chi**2/iteration =  1.327       ****************


#********** Integration by Vegas (iteration      15) ************
#                                                               *
#  integral  =  316.52415       accum. integral =  316.51113    *
#  std. dev. = 0.16419192       accum. std. dev = 0.53077376E-01*
#   min/max. wt. =    0.00000            0.224893E-01           *
#                                                               *
#*************   chi**2/iteration =  1.231       ****************

 ****************************************************
 * Writing out vegas grid to ./data/output.grid                                                      
 ****************************************************

  Input parameters for vegas:  ndim=  9   ncall= 80707214.
                              it=    0    itmx=    2
                              acc=-1.00    
                              mds=  1     nd=  50
                              (xl,xu)= (  0.00000     ,  1.00000     )
                                       (  0.00000     ,  1.00000     )
                                       (  0.00000     ,  1.00000     )
                                       (  0.00000     ,  1.00000     )
                                       (  0.00000     ,  1.00000     )
                                       (  0.00000     ,  1.00000     )
                                       (  0.00000     ,  1.00000     )
                                       (  0.00000     ,  1.00000     )
                                       (  0.00000     ,  1.00000     )

#********** Integration by Vegas (iteration       1) ************
#                                                               *
#  integral  =  316.52511       accum. integral =  316.52511    *
#  std. dev. = 0.16262279       accum. std. dev = 0.16262279    *
#   min/max. wt. =    0.00000            0.993774E-02           *
#                                                               *
#*************   chi**2/iteration =  0.000       ****************


#********** Integration by Vegas (iteration       2) ************
#                                                               *
#  integral  =  316.57050       accum. integral =  316.54247    *
#  std. dev. = 0.20665955       accum. std. dev = 0.12780107    *
#   min/max. wt. =    0.00000            0.125799               *
#                                                               *
#*************   chi**2/iteration = 0.2977E-01   ****************

 Done
