SLURM job running in:  /work-zfs/lhc/heshy/JHUGen/xsecs/JHUGen/JHUGenerator
LHAPDF 6.1.5 loading /work-zfs/lhc/cms/slc6_amd64_gcc493/external/lhapdf/6.1.5-kpegke3/share/LHAPDF/NNPDF30_lo_as_0130/NNPDF30_lo_as_0130_0000.dat
NNPDF30_lo_as_0130 PDF set, member #0, version 2; LHAPDF ID = 263000
 
                                                                                          
   ***************************************************************************************
   *                                JHU Generator v6.9.9                                 *
   ***************************************************************************************
   *                                                                                     *
   *   Spin and parity determination of single-produced resonances at hadron colliders   *
   *                                                                                     *
   *          I. Anderson, S. Bolognesi, F. Caola, Y. Gao, A. Gritsan, Z. Guo,           *
   *        C. Martin, K. Melnikov, R.Rontsch, H. Roskes, U. Sarica, M. Schulze,         *
   *                   N. Tran, A. Whitbeck, M. Xiao, C. You, Y. Zhou                    *
   *                Phys.Rev. D81 (2010) 075022;  arXiv:1001.3396 [hep-ph],              *
   *                Phys.Rev. D86 (2012) 095031;  arXiv:1208.4018 [hep-ph],              *
   *                Phys.Rev. D89 (2014) 035007;  arXiv:1309.4819 [hep-ph].              *
   *                                                                                     *
   ***************************************************************************************
                                                                                          
   
   Command line: ./JHUGen Unweighted=0 VegasNc0=99999999 VegasNc1=99999999 VegasNc2=99999999 LHAPDF=NNPDF30_lo_as_0130/NNPDF30_lo_as_0130.info MReso=710 Process=61 ghg2=1,0 pTjetcut=25 etajetcut=4.7 pTlepcut=5 etalepcut=2.5
   
   Input Parameter:
    Collider: P-P, sqrt(s)=13000.00
    Resonance: spin=0, mass= 710.00 width=   0.00407
    Jet cuts:
            pT >=    25.00 GeV
         |eta| <=     4.70
        DeltaR >=     0.30
           mJJ >=     0.00 GeV
           m4l_min/max      -1.00     -1.00 GeV
    Random seed:   962329793
    To reproduce results using this seed, JHUGen should be compiled with the same compiler:
      GNU Fortran (GCC) 4.8.2
    
    WidthScheme:   2
    LHAPDF set NNPDF30_lo_as_0130/NNPDF30_lo_as_0130.info, member=  0
    Unweighted: F
    
    spin-0-VV couplings: 
      generate_as=F
      ghg2=  0.10000000E+01  0.00000000E+00i
      ghg3=  0.00000000E+00  0.00000000E+00i
      ghg4=  0.00000000E+00  0.00000000E+00i
      ghz1=  0.20000000E+01  0.00000000E+00i
      ghz2=  0.00000000E+00  0.00000000E+00i
      ghz3=  0.00000000E+00  0.00000000E+00i
      ghz4=  0.00000000E+00  0.00000000E+00i
      Lambda=  1000.0
    
    LHE output: ./data/output.lhe
    Histogram output: ./data/output.dat
    Log file: ./data/output.log
    
  Running

  Input parameters for vegas:  ndim=  9   ncall= 80707214.
                              it=    0    itmx=   15
                              acc=-1.00    
                              mds=  1     nd=  50
                              (xl,xu)= (  0.00000     ,  1.00000     )
                                       (  0.00000     ,  1.00000     )
                                       (  0.00000     ,  1.00000     )
                                       (  0.00000     ,  1.00000     )
                                       (  0.00000     ,  1.00000     )
                                       (  0.00000     ,  1.00000     )
                                       (  0.00000     ,  1.00000     )
                                       (  0.00000     ,  1.00000     )
                                       (  0.00000     ,  1.00000     )

#********** Integration by Vegas (iteration       1) ************
#                                                               *
#  integral  =  190.50289       accum. integral =  190.50289    *
#  std. dev. =  12.658213       accum. std. dev =  12.658213    *
#   min/max. wt. =    0.00000             8.04328               *
#                                                               *
#*************   chi**2/iteration = -.4541E-10   ****************


#********** Integration by Vegas (iteration       2) ************
#                                                               *
#  integral  =  199.83029       accum. integral =  199.61831    *
#  std. dev. =  2.0248688       accum. std. dev =  1.9555680    *
#   min/max. wt. =    0.00000            0.972476               *
#                                                               *
#*************   chi**2/iteration = 0.5048       ****************


#********** Integration by Vegas (iteration       3) ************
#                                                               *
#  integral  =  205.41296       accum. integral =  204.78045    *
#  std. dev. = 0.72026110       accum. std. dev = 0.65752402    *
#   min/max. wt. =    0.00000            0.287679               *
#                                                               *
#*************   chi**2/iteration =  4.018       ****************


#********** Integration by Vegas (iteration       4) ************
#                                                               *
#  integral  =  205.99119       accum. integral =  205.74056    *
#  std. dev. = 0.34831031       accum. std. dev = 0.30194936    *
#   min/max. wt. =    0.00000            0.209182               *
#                                                               *
#*************   chi**2/iteration =  3.509       ****************


#********** Integration by Vegas (iteration       5) ************
#                                                               *
#  integral  =  205.98753       accum. integral =  205.91235    *
#  std. dev. = 0.20519269       accum. std. dev = 0.16751614    *
#   min/max. wt. =    0.00000            0.366614E-01           *
#                                                               *
#*************   chi**2/iteration =  2.719       ****************


#********** Integration by Vegas (iteration       6) ************
#                                                               *
#  integral  =  205.89379       accum. integral =  205.90082    *
#  std. dev. = 0.13351971       accum. std. dev = 0.10344026    *
#   min/max. wt. =    0.00000            0.186929E-01           *
#                                                               *
#*************   chi**2/iteration =  2.161       ****************


#********** Integration by Vegas (iteration       7) ************
#                                                               *
#  integral  =  206.08369       accum. integral =  205.98145    *
#  std. dev. = 0.11862905       accum. std. dev = 0.77549801E-01*
#   min/max. wt. =    0.00000            0.186064E-01           *
#                                                               *
#*************   chi**2/iteration =  2.020       ****************


#********** Integration by Vegas (iteration       8) ************
#                                                               *
#  integral  =  206.22102       accum. integral =  206.06161    *
#  std. dev. = 0.11115676       accum. std. dev = 0.63389790E-01*
#   min/max. wt. =    0.00000            0.921582E-02           *
#                                                               *
#*************   chi**2/iteration =  2.178       ****************


#********** Integration by Vegas (iteration       9) ************
#                                                               *
#  integral  =  205.98136       accum. integral =  206.04062    *
#  std. dev. = 0.10793205       accum. std. dev = 0.54555292E-01*
#   min/max. wt. =    0.00000            0.131112E-01           *
#                                                               *
#*************   chi**2/iteration =  1.953       ****************


#********** Integration by Vegas (iteration      10) ************
#                                                               *
#  integral  =  206.01596       accum. integral =  206.03560    *
#  std. dev. = 0.10910133       accum. std. dev = 0.48737042E-01*
#   min/max. wt. =    0.00000            0.109387E-01           *
#                                                               *
#*************   chi**2/iteration =  1.736       ****************


#********** Integration by Vegas (iteration      11) ************
#                                                               *
#  integral  =  206.02409       accum. integral =  206.03360    *
#  std. dev. = 0.10743251       accum. std. dev = 0.44345620E-01*
#   min/max. wt. =    0.00000            0.140629E-01           *
#                                                               *
#*************   chi**2/iteration =  1.561       ****************


#********** Integration by Vegas (iteration      12) ************
#                                                               *
#  integral  =  206.27200       accum. integral =  206.06914    *
#  std. dev. = 0.10709332       accum. std. dev = 0.40943657E-01*
#   min/max. wt. =    0.00000            0.118365E-01           *
#                                                               *
#*************   chi**2/iteration =  1.807       ****************


#********** Integration by Vegas (iteration      13) ************
#                                                               *
#  integral  =  206.02434       accum. integral =  206.06325    *
#  std. dev. = 0.10616690       accum. std. dev = 0.38183633E-01*
#   min/max. wt. =    0.00000            0.723293E-02           *
#                                                               *
#*************   chi**2/iteration =  1.667       ****************


#********** Integration by Vegas (iteration      14) ************
#                                                               *
#  integral  =  206.02280       accum. integral =  206.05947    *
#  std. dev. = 0.11982582       accum. std. dev = 0.36375028E-01*
#   min/max. wt. =    0.00000            0.490527E-01           *
#                                                               *
#*************   chi**2/iteration =  1.545       ****************


#********** Integration by Vegas (iteration      15) ************
#                                                               *
#  integral  =  206.24474       accum. integral =  206.07600    *
#  std. dev. = 0.11722706       accum. std. dev = 0.34734645E-01*
#   min/max. wt. =    0.00000            0.809128E-02           *
#                                                               *
#*************   chi**2/iteration =  1.599       ****************

 ****************************************************
 * Writing out vegas grid to ./data/output.grid                                                      
 ****************************************************

  Input parameters for vegas:  ndim=  9   ncall= 80707214.
                              it=    0    itmx=    2
                              acc=-1.00    
                              mds=  1     nd=  50
                              (xl,xu)= (  0.00000     ,  1.00000     )
                                       (  0.00000     ,  1.00000     )
                                       (  0.00000     ,  1.00000     )
                                       (  0.00000     ,  1.00000     )
                                       (  0.00000     ,  1.00000     )
                                       (  0.00000     ,  1.00000     )
                                       (  0.00000     ,  1.00000     )
                                       (  0.00000     ,  1.00000     )
                                       (  0.00000     ,  1.00000     )

#********** Integration by Vegas (iteration       1) ************
#                                                               *
#  integral  =  206.03959       accum. integral =  206.03959    *
#  std. dev. = 0.10868925       accum. std. dev = 0.10868925    *
#   min/max. wt. =    0.00000            0.114456E-01           *
#                                                               *
#*************   chi**2/iteration = 0.6159E-06   ****************


#********** Integration by Vegas (iteration       2) ************
#                                                               *
#  integral  =  206.16273       accum. integral =  206.10115    *
#  std. dev. = 0.10877530       accum. std. dev = 0.76885330E-01*
#   min/max. wt. =    0.00000            0.859632E-02           *
#                                                               *
#*************   chi**2/iteration = 0.6406       ****************

 Done
