SLURM job running in:  /work-zfs/lhc/heshy/JHUGen/xsecs/JHUGen/JHUGenerator
LHAPDF 6.1.5 loading /work-zfs/lhc/cms/slc6_amd64_gcc493/external/lhapdf/6.1.5-kpegke3/share/LHAPDF/NNPDF30_lo_as_0130/NNPDF30_lo_as_0130_0000.dat
NNPDF30_lo_as_0130 PDF set, member #0, version 2; LHAPDF ID = 263000
 
                                                                                          
   ***************************************************************************************
   *                                JHU Generator v6.9.9                                 *
   ***************************************************************************************
   *                                                                                     *
   *   Spin and parity determination of single-produced resonances at hadron colliders   *
   *                                                                                     *
   *          I. Anderson, S. Bolognesi, F. Caola, Y. Gao, A. Gritsan, Z. Guo,           *
   *        C. Martin, K. Melnikov, R.Rontsch, H. Roskes, U. Sarica, M. Schulze,         *
   *                   N. Tran, A. Whitbeck, M. Xiao, C. You, Y. Zhou                    *
   *                Phys.Rev. D81 (2010) 075022;  arXiv:1001.3396 [hep-ph],              *
   *                Phys.Rev. D86 (2012) 095031;  arXiv:1208.4018 [hep-ph],              *
   *                Phys.Rev. D89 (2014) 035007;  arXiv:1309.4819 [hep-ph].              *
   *                                                                                     *
   ***************************************************************************************
                                                                                          
   
   Command line: ./JHUGen Unweighted=0 VegasNc0=99999999 VegasNc1=99999999 VegasNc2=99999999 LHAPDF=NNPDF30_lo_as_0130/NNPDF30_lo_as_0130.info MReso=74 Process=61 ghg2=1,0 pTjetcut=25 etajetcut=4.7 pTlepcut=5 etalepcut=2.5
   
   Input Parameter:
    Collider: P-P, sqrt(s)=13000.00
    Resonance: spin=0, mass=  74.00 width=   0.00407
    Jet cuts:
            pT >=    25.00 GeV
         |eta| <=     4.70
        DeltaR >=     0.30
           mJJ >=     0.00 GeV
           m4l_min/max      -1.00     -1.00 GeV
    Random seed:   331570239
    To reproduce results using this seed, JHUGen should be compiled with the same compiler:
      GNU Fortran (GCC) 4.8.2
    
    WidthScheme:   2
    LHAPDF set NNPDF30_lo_as_0130/NNPDF30_lo_as_0130.info, member=  0
    Unweighted: F
    
    spin-0-VV couplings: 
      generate_as=F
      ghg2=  0.10000000E+01  0.00000000E+00i
      ghg3=  0.00000000E+00  0.00000000E+00i
      ghg4=  0.00000000E+00  0.00000000E+00i
      ghz1=  0.20000000E+01  0.00000000E+00i
      ghz2=  0.00000000E+00  0.00000000E+00i
      ghz3=  0.00000000E+00  0.00000000E+00i
      ghz4=  0.00000000E+00  0.00000000E+00i
      Lambda=  1000.0
    
    LHE output: ./data/output.lhe
    Histogram output: ./data/output.dat
    Log file: ./data/output.log
    
  Running

  Input parameters for vegas:  ndim=  9   ncall= 80707214.
                              it=    0    itmx=   15
                              acc=-1.00    
                              mds=  1     nd=  50
                              (xl,xu)= (  0.00000     ,  1.00000     )
                                       (  0.00000     ,  1.00000     )
                                       (  0.00000     ,  1.00000     )
                                       (  0.00000     ,  1.00000     )
                                       (  0.00000     ,  1.00000     )
                                       (  0.00000     ,  1.00000     )
                                       (  0.00000     ,  1.00000     )
                                       (  0.00000     ,  1.00000     )
                                       (  0.00000     ,  1.00000     )

#********** Integration by Vegas (iteration       1) ************
#                                                               *
#  integral  =  12668.019       accum. integral =  12668.019    *
#  std. dev. =  573.96670       accum. std. dev =  573.96670    *
#   min/max. wt. =    0.00000             263.666               *
#                                                               *
#*************   chi**2/iteration =  0.000       ****************


#********** Integration by Vegas (iteration       2) ************
#                                                               *
#  integral  =  13745.518       accum. integral =  13722.654    *
#  std. dev. =  91.700218       accum. std. dev =  87.238742    *
#   min/max. wt. =    0.00000             38.0600               *
#                                                               *
#*************   chi**2/iteration =  3.165       ****************


#********** Integration by Vegas (iteration       3) ************
#                                                               *
#  integral  =  13819.748       accum. integral =  13810.142    *
#  std. dev. =  30.222996       accum. std. dev =  27.862173    *
#   min/max. wt. =    0.00000             13.3269               *
#                                                               *
#*************   chi**2/iteration =  2.077       ****************


#********** Integration by Vegas (iteration       4) ************
#                                                               *
#  integral  =  13859.125       accum. integral =  13846.844    *
#  std. dev. =  16.642633       accum. std. dev =  14.066191    *
#   min/max. wt. =    0.00000             8.90214               *
#                                                               *
#*************   chi**2/iteration =  2.121       ****************


#********** Integration by Vegas (iteration       5) ************
#                                                               *
#  integral  =  13882.996       accum. integral =  13870.006    *
#  std. dev. =  10.806763       accum. std. dev =  8.4757013    *
#   min/max. wt. =    0.00000             2.88212               *
#                                                               *
#*************   chi**2/iteration =  2.621       ****************


#********** Integration by Vegas (iteration       6) ************
#                                                               *
#  integral  =  13859.832       accum. integral =  13865.465    *
#  std. dev. =  9.6175133       accum. std. dev =  6.3264757    *
#   min/max. wt. =    0.00000             6.27719               *
#                                                               *
#*************   chi**2/iteration =  2.212       ****************


#********** Integration by Vegas (iteration       7) ************
#                                                               *
#  integral  =  13868.667       accum. integral =  13866.595    *
#  std. dev. =  8.7039658       accum. std. dev =  5.1005825    *
#   min/max. wt. =    0.00000            0.556890               *
#                                                               *
#*************   chi**2/iteration =  1.850       ****************


#********** Integration by Vegas (iteration       8) ************
#                                                               *
#  integral  =  13884.413       accum. integral =  13867.196    *
#  std. dev. =  27.713388       accum. std. dev =  5.0233460    *
#   min/max. wt. =    0.00000             26.9039               *
#                                                               *
#*************   chi**2/iteration =  1.638       ****************


#********** Integration by Vegas (iteration       9) ************
#                                                               *
#  integral  =  13907.043       accum. integral =  13868.946    *
#  std. dev. =  23.785390       accum. std. dev =  4.9199373    *
#   min/max. wt. =    0.00000             1.61374               *
#                                                               *
#*************   chi**2/iteration =  1.773       ****************


#********** Integration by Vegas (iteration      10) ************
#                                                               *
#  integral  =  13876.222       accum. integral =  13870.958    *
#  std. dev. =  8.0433663       accum. std. dev =  4.1891649    *
#   min/max. wt. =    0.00000            0.908190               *
#                                                               *
#*************   chi**2/iteration =  1.639       ****************


#********** Integration by Vegas (iteration      11) ************
#                                                               *
#  integral  =  13851.815       accum. integral =  13865.439    *
#  std. dev. =  6.6343812       accum. std. dev =  3.5366221    *
#   min/max. wt. =    0.00000            0.943916               *
#                                                               *
#*************   chi**2/iteration =  2.074       ****************


#********** Integration by Vegas (iteration      12) ************
#                                                               *
#  integral  =  13872.024       accum. integral =  13866.902    *
#  std. dev. =  6.6741933       accum. std. dev =  3.1212847    *
#   min/max. wt. =    0.00000             1.89017               *
#                                                               *
#*************   chi**2/iteration =  1.953       ****************


#********** Integration by Vegas (iteration      13) ************
#                                                               *
#  integral  =  13871.787       accum. integral =  13867.852    *
#  std. dev. =  6.4063270       accum. std. dev =  2.8033821    *
#   min/max. wt. =    0.00000            0.493953               *
#                                                               *
#*************   chi**2/iteration =  1.828       ****************


#********** Integration by Vegas (iteration      14) ************
#                                                               *
#  integral  =  13851.395       accum. integral =  13865.591    *
#  std. dev. =  7.0663522       accum. std. dev =  2.6048185    *
#   min/max. wt. =    0.00000             3.03379               *
#                                                               *
#*************   chi**2/iteration =  2.049       ****************


#********** Integration by Vegas (iteration      15) ************
#                                                               *
#  integral  =  13863.456       accum. integral =  13865.315    *
#  std. dev. =  6.8004135       accum. std. dev =  2.4315334    *
#   min/max. wt. =    0.00000            0.440607               *
#                                                               *
#*************   chi**2/iteration =  1.908       ****************

 ****************************************************
 * Writing out vegas grid to ./data/output.grid                                                      
 ****************************************************

  Input parameters for vegas:  ndim=  9   ncall= 80707214.
                              it=    0    itmx=    2
                              acc=-1.00    
                              mds=  1     nd=  50
                              (xl,xu)= (  0.00000     ,  1.00000     )
                                       (  0.00000     ,  1.00000     )
                                       (  0.00000     ,  1.00000     )
                                       (  0.00000     ,  1.00000     )
                                       (  0.00000     ,  1.00000     )
                                       (  0.00000     ,  1.00000     )
                                       (  0.00000     ,  1.00000     )
                                       (  0.00000     ,  1.00000     )
                                       (  0.00000     ,  1.00000     )

#********** Integration by Vegas (iteration       1) ************
#                                                               *
#  integral  =  13864.868       accum. integral =  13864.868    *
#  std. dev. =  6.5040770       accum. std. dev =  6.5040770    *
#   min/max. wt. =    0.00000             1.30797               *
#                                                               *
#*************   chi**2/iteration =  0.000       ****************


#********** Integration by Vegas (iteration       2) ************
#                                                               *
#  integral  =  13859.115       accum. integral =  13861.898    *
#  std. dev. =  6.2942097       accum. std. dev =  4.5230837    *
#   min/max. wt. =    0.00000            0.546560               *
#                                                               *
#*************   chi**2/iteration = 0.4036       ****************

 Done
