SLURM job running in:  /work-zfs/lhc/heshy/JHUGen/xsecs/JHUGen/JHUGenerator
LHAPDF 6.1.5 loading /work-zfs/lhc/cms/slc6_amd64_gcc493/external/lhapdf/6.1.5-kpegke3/share/LHAPDF/NNPDF30_lo_as_0130/NNPDF30_lo_as_0130_0000.dat
NNPDF30_lo_as_0130 PDF set, member #0, version 2; LHAPDF ID = 263000
 
                                                                                          
   ***************************************************************************************
   *                                JHU Generator v6.9.9                                 *
   ***************************************************************************************
   *                                                                                     *
   *   Spin and parity determination of single-produced resonances at hadron colliders   *
   *                                                                                     *
   *          I. Anderson, S. Bolognesi, F. Caola, Y. Gao, A. Gritsan, Z. Guo,           *
   *        C. Martin, K. Melnikov, R.Rontsch, H. Roskes, U. Sarica, M. Schulze,         *
   *                   N. Tran, A. Whitbeck, M. Xiao, C. You, Y. Zhou                    *
   *                Phys.Rev. D81 (2010) 075022;  arXiv:1001.3396 [hep-ph],              *
   *                Phys.Rev. D86 (2012) 095031;  arXiv:1208.4018 [hep-ph],              *
   *                Phys.Rev. D89 (2014) 035007;  arXiv:1309.4819 [hep-ph].              *
   *                                                                                     *
   ***************************************************************************************
                                                                                          
   
   Command line: ./JHUGen Unweighted=0 VegasNc0=99999999 VegasNc1=99999999 VegasNc2=99999999 LHAPDF=NNPDF30_lo_as_0130/NNPDF30_lo_as_0130.info MReso=770 Process=61 ghg2=1,0 pTjetcut=25 etajetcut=4.7 pTlepcut=5 etalepcut=2.5
   
   Input Parameter:
    Collider: P-P, sqrt(s)=13000.00
    Resonance: spin=0, mass= 770.00 width=   0.00407
    Jet cuts:
            pT >=    25.00 GeV
         |eta| <=     4.70
        DeltaR >=     0.30
           mJJ >=     0.00 GeV
           m4l_min/max      -1.00     -1.00 GeV
    Random seed:   824320923
    To reproduce results using this seed, JHUGen should be compiled with the same compiler:
      GNU Fortran (GCC) 4.8.2
    
    WidthScheme:   2
    LHAPDF set NNPDF30_lo_as_0130/NNPDF30_lo_as_0130.info, member=  0
    Unweighted: F
    
    spin-0-VV couplings: 
      generate_as=F
      ghg2=  0.10000000E+01  0.00000000E+00i
      ghg3=  0.00000000E+00  0.00000000E+00i
      ghg4=  0.00000000E+00  0.00000000E+00i
      ghz1=  0.20000000E+01  0.00000000E+00i
      ghz2=  0.00000000E+00  0.00000000E+00i
      ghz3=  0.00000000E+00  0.00000000E+00i
      ghz4=  0.00000000E+00  0.00000000E+00i
      Lambda=  1000.0
    
    LHE output: ./data/output.lhe
    Histogram output: ./data/output.dat
    Log file: ./data/output.log
    
  Running

  Input parameters for vegas:  ndim=  9   ncall= 80707214.
                              it=    0    itmx=   15
                              acc=-1.00    
                              mds=  1     nd=  50
                              (xl,xu)= (  0.00000     ,  1.00000     )
                                       (  0.00000     ,  1.00000     )
                                       (  0.00000     ,  1.00000     )
                                       (  0.00000     ,  1.00000     )
                                       (  0.00000     ,  1.00000     )
                                       (  0.00000     ,  1.00000     )
                                       (  0.00000     ,  1.00000     )
                                       (  0.00000     ,  1.00000     )
                                       (  0.00000     ,  1.00000     )

#********** Integration by Vegas (iteration       1) ************
#                                                               *
#  integral  =  136.45195       accum. integral =  136.45195    *
#  std. dev. =  8.1075808       accum. std. dev =  8.1075808    *
#   min/max. wt. =    0.00000             3.99866               *
#                                                               *
#*************   chi**2/iteration =  0.000       ****************


#********** Integration by Vegas (iteration       2) ************
#                                                               *
#  integral  =  161.58179       accum. integral =  159.01141    *
#  std. dev. =  3.2406958       accum. std. dev =  2.8417715    *
#   min/max. wt. =    0.00000             2.65327               *
#                                                               *
#*************   chi**2/iteration =  7.173       ****************


#********** Integration by Vegas (iteration       3) ************
#                                                               *
#  integral  =  166.74635       accum. integral =  163.17526    *
#  std. dev. =  2.9344323       accum. std. dev =  2.0076670    *
#   min/max. wt. =    0.00000             2.70744               *
#                                                               *
#*************   chi**2/iteration =  5.163       ****************


#********** Integration by Vegas (iteration       4) ************
#                                                               *
#  integral  =  163.80169       accum. integral =  163.74975    *
#  std. dev. = 0.63596659       accum. std. dev = 0.58600587    *
#   min/max. wt. =    0.00000            0.367835               *
#                                                               *
#*************   chi**2/iteration =  3.379       ****************


#********** Integration by Vegas (iteration       5) ************
#                                                               *
#  integral  =  163.83276       accum. integral =  163.82585    *
#  std. dev. = 0.18362932       accum. std. dev = 0.17049275    *
#   min/max. wt. =    0.00000            0.507128E-01           *
#                                                               *
#*************   chi**2/iteration =  2.499       ****************


#********** Integration by Vegas (iteration       6) ************
#                                                               *
#  integral  =  163.73755       accum. integral =  163.76381    *
#  std. dev. = 0.11431842       accum. std. dev = 0.93457268E-01*
#   min/max. wt. =    0.00000            0.181083E-01           *
#                                                               *
#*************   chi**2/iteration =  2.016       ****************


#********** Integration by Vegas (iteration       7) ************
#                                                               *
#  integral  =  163.84849       accum. integral =  163.80717    *
#  std. dev. = 0.93608843E-01   accum. std. dev = 0.65529940E-01*
#   min/max. wt. =    0.00000            0.853096E-02           *
#                                                               *
#*************   chi**2/iteration =  1.737       ****************


#********** Integration by Vegas (iteration       8) ************
#                                                               *
#  integral  =  163.92074       accum. integral =  163.84142    *
#  std. dev. = 0.10198464       accum. std. dev = 0.54921634E-01*
#   min/max. wt. =    0.00000            0.484815E-01           *
#                                                               *
#*************   chi**2/iteration =  1.609       ****************


#********** Integration by Vegas (iteration       9) ************
#                                                               *
#  integral  =  163.76851       accum. integral =  163.82301    *
#  std. dev. = 0.96266444E-01   accum. std. dev = 0.47583554E-01*
#   min/max. wt. =    0.00000            0.442233E-02           *
#                                                               *
#*************   chi**2/iteration =  1.458       ****************


#********** Integration by Vegas (iteration      10) ************
#                                                               *
#  integral  =  163.72089       accum. integral =  163.79923    *
#  std. dev. = 0.87774169E-01   accum. std. dev = 0.41745010E-01*
#   min/max. wt. =    0.00000            0.997813E-02           *
#                                                               *
#*************   chi**2/iteration =  1.410       ****************


#********** Integration by Vegas (iteration      11) ************
#                                                               *
#  integral  =  163.88508       accum. integral =  163.81169    *
#  std. dev. = 0.10287884       accum. std. dev = 0.38651127E-01*
#   min/max. wt. =    0.00000            0.567315E-01           *
#                                                               *
#*************   chi**2/iteration =  1.327       ****************


#********** Integration by Vegas (iteration      12) ************
#                                                               *
#  integral  =  163.84135       accum. integral =  163.81560    *
#  std. dev. = 0.10057450       accum. std. dev = 0.36055718E-01*
#   min/max. wt. =    0.00000            0.383402E-02           *
#                                                               *
#*************   chi**2/iteration =  1.210       ****************


#********** Integration by Vegas (iteration      13) ************
#                                                               *
#  integral  =  163.84703       accum. integral =  163.82030    *
#  std. dev. = 0.87122599E-01   accum. std. dev = 0.33285767E-01*
#   min/max. wt. =    0.00000            0.100378E-01           *
#                                                               *
#*************   chi**2/iteration =  1.117       ****************


#********** Integration by Vegas (iteration      14) ************
#                                                               *
#  integral  =  163.85359       accum. integral =  163.82462    *
#  std. dev. = 0.87158768E-01   accum. std. dev = 0.31074717E-01*
#   min/max. wt. =    0.00000            0.103294E-01           *
#                                                               *
#*************   chi**2/iteration =  1.039       ****************


#********** Integration by Vegas (iteration      15) ************
#                                                               *
#  integral  =  163.91004       accum. integral =  163.83460    *
#  std. dev. = 0.86440744E-01   accum. std. dev = 0.29226665E-01*
#   min/max. wt. =    0.00000            0.625683E-02           *
#                                                               *
#*************   chi**2/iteration =  1.026       ****************

 ****************************************************
 * Writing out vegas grid to ./data/output.grid                                                      
 ****************************************************

  Input parameters for vegas:  ndim=  9   ncall= 80707214.
                              it=    0    itmx=    2
                              acc=-1.00    
                              mds=  1     nd=  50
                              (xl,xu)= (  0.00000     ,  1.00000     )
                                       (  0.00000     ,  1.00000     )
                                       (  0.00000     ,  1.00000     )
                                       (  0.00000     ,  1.00000     )
                                       (  0.00000     ,  1.00000     )
                                       (  0.00000     ,  1.00000     )
                                       (  0.00000     ,  1.00000     )
                                       (  0.00000     ,  1.00000     )
                                       (  0.00000     ,  1.00000     )

#********** Integration by Vegas (iteration       1) ************
#                                                               *
#  integral  =  163.93045       accum. integral =  163.93045    *
#  std. dev. = 0.85611404E-01   accum. std. dev = 0.85611404E-01*
#   min/max. wt. =    0.00000            0.640473E-02           *
#                                                               *
#*************   chi**2/iteration =  0.000       ****************


#********** Integration by Vegas (iteration       2) ************
#                                                               *
#  integral  =  163.69160       accum. integral =  163.81145    *
#  std. dev. = 0.85788013E-01   accum. std. dev = 0.60598657E-01*
#   min/max. wt. =    0.00000            0.520475E-02           *
#                                                               *
#*************   chi**2/iteration =  3.880       ****************

 Done
