SLURM job running in:  /work-zfs/lhc/heshy/JHUGen/xsecs/JHUGen/JHUGenerator
LHAPDF 6.1.5 loading /work-zfs/lhc/cms/slc6_amd64_gcc493/external/lhapdf/6.1.5-kpegke3/share/LHAPDF/NNPDF30_lo_as_0130/NNPDF30_lo_as_0130_0000.dat
NNPDF30_lo_as_0130 PDF set, member #0, version 2; LHAPDF ID = 263000
 
                                                                                          
   ***************************************************************************************
   *                                JHU Generator v6.9.9                                 *
   ***************************************************************************************
   *                                                                                     *
   *   Spin and parity determination of single-produced resonances at hadron colliders   *
   *                                                                                     *
   *          I. Anderson, S. Bolognesi, F. Caola, Y. Gao, A. Gritsan, Z. Guo,           *
   *        C. Martin, K. Melnikov, R.Rontsch, H. Roskes, U. Sarica, M. Schulze,         *
   *                   N. Tran, A. Whitbeck, M. Xiao, C. You, Y. Zhou                    *
   *                Phys.Rev. D81 (2010) 075022;  arXiv:1001.3396 [hep-ph],              *
   *                Phys.Rev. D86 (2012) 095031;  arXiv:1208.4018 [hep-ph],              *
   *                Phys.Rev. D89 (2014) 035007;  arXiv:1309.4819 [hep-ph].              *
   *                                                                                     *
   ***************************************************************************************
                                                                                          
   
   Command line: ./JHUGen Unweighted=0 VegasNc0=99999999 VegasNc1=99999999 VegasNc2=99999999 LHAPDF=NNPDF30_lo_as_0130/NNPDF30_lo_as_0130.info MReso=815 Process=61 ghg2=1,0 pTjetcut=25 etajetcut=4.7 pTlepcut=5 etalepcut=2.5
   
   Input Parameter:
    Collider: P-P, sqrt(s)=13000.00
    Resonance: spin=0, mass= 815.00 width=   0.00407
    Jet cuts:
            pT >=    25.00 GeV
         |eta| <=     4.70
        DeltaR >=     0.30
           mJJ >=     0.00 GeV
           m4l_min/max      -1.00     -1.00 GeV
    Random seed:   171889336
    To reproduce results using this seed, JHUGen should be compiled with the same compiler:
      GNU Fortran (GCC) 4.8.2
    
    WidthScheme:   2
    LHAPDF set NNPDF30_lo_as_0130/NNPDF30_lo_as_0130.info, member=  0
    Unweighted: F
    
    spin-0-VV couplings: 
      generate_as=F
      ghg2=  0.10000000E+01  0.00000000E+00i
      ghg3=  0.00000000E+00  0.00000000E+00i
      ghg4=  0.00000000E+00  0.00000000E+00i
      ghz1=  0.20000000E+01  0.00000000E+00i
      ghz2=  0.00000000E+00  0.00000000E+00i
      ghz3=  0.00000000E+00  0.00000000E+00i
      ghz4=  0.00000000E+00  0.00000000E+00i
      Lambda=  1000.0
    
    LHE output: ./data/output.lhe
    Histogram output: ./data/output.dat
    Log file: ./data/output.log
    
  Running

  Input parameters for vegas:  ndim=  9   ncall= 80707214.
                              it=    0    itmx=   15
                              acc=-1.00    
                              mds=  1     nd=  50
                              (xl,xu)= (  0.00000     ,  1.00000     )
                                       (  0.00000     ,  1.00000     )
                                       (  0.00000     ,  1.00000     )
                                       (  0.00000     ,  1.00000     )
                                       (  0.00000     ,  1.00000     )
                                       (  0.00000     ,  1.00000     )
                                       (  0.00000     ,  1.00000     )
                                       (  0.00000     ,  1.00000     )
                                       (  0.00000     ,  1.00000     )

#********** Integration by Vegas (iteration       1) ************
#                                                               *
#  integral  =  127.23847       accum. integral =  127.23847    *
#  std. dev. =  13.413476       accum. std. dev =  13.413476    *
#   min/max. wt. =    0.00000             10.8216               *
#                                                               *
#*************   chi**2/iteration = -.3033E-10   ****************


#********** Integration by Vegas (iteration       2) ************
#                                                               *
#  integral  =  138.28746       accum. integral =  137.81036    *
#  std. dev. =  3.0969264       accum. std. dev =  2.9108235    *
#   min/max. wt. =    0.00000             2.57797               *
#                                                               *
#*************   chi**2/iteration = 0.5947       ****************


#********** Integration by Vegas (iteration       3) ************
#                                                               *
#  integral  =  137.45051       accum. integral =  137.46620    *
#  std. dev. = 0.64287914       accum. std. dev = 0.61484373    *
#   min/max. wt. =    0.00000            0.385289               *
#                                                               *
#*************   chi**2/iteration = 0.2978       ****************


#********** Integration by Vegas (iteration       4) ************
#                                                               *
#  integral  =  139.17608       accum. integral =  138.93730    *
#  std. dev. = 0.25647856       accum. std. dev = 0.23182543    *
#   min/max. wt. =    0.00000            0.115968               *
#                                                               *
#*************   chi**2/iteration =  2.373       ****************


#********** Integration by Vegas (iteration       5) ************
#                                                               *
#  integral  =  138.67759       accum. integral =  138.75682    *
#  std. dev. = 0.15706569       accum. std. dev = 0.12863069    *
#   min/max. wt. =    0.00000            0.894137E-01           *
#                                                               *
#*************   chi**2/iteration =  1.980       ****************


#********** Integration by Vegas (iteration       6) ************
#                                                               *
#  integral  =  138.73664       accum. integral =  138.74478    *
#  std. dev. = 0.10771752       accum. std. dev = 0.81952972E-01*
#   min/max. wt. =    0.00000            0.735385E-02           *
#                                                               *
#*************   chi**2/iteration =  1.577       ****************


#********** Integration by Vegas (iteration       7) ************
#                                                               *
#  integral  =  138.67369       accum. integral =  138.70803    *
#  std. dev. = 0.80374992E-01   accum. std. dev = 0.57074741E-01*
#   min/max. wt. =    0.00000            0.662440E-02           *
#                                                               *
#*************   chi**2/iteration =  1.373       ****************


#********** Integration by Vegas (iteration       8) ************
#                                                               *
#  integral  =  138.87848       accum. integral =  138.76824    *
#  std. dev. = 0.78317696E-01   accum. std. dev = 0.45981762E-01*
#   min/max. wt. =    0.00000            0.163811E-01           *
#                                                               *
#*************   chi**2/iteration =  1.622       ****************


#********** Integration by Vegas (iteration       9) ************
#                                                               *
#  integral  =  138.68303       accum. integral =  138.74413    *
#  std. dev. = 0.73989887E-01   accum. std. dev = 0.38983339E-01*
#   min/max. wt. =    0.00000            0.683514E-02           *
#                                                               *
#*************   chi**2/iteration =  1.537       ****************


#********** Integration by Vegas (iteration      10) ************
#                                                               *
#  integral  =  138.65960       accum. integral =  138.72524    *
#  std. dev. = 0.73373097E-01   accum. std. dev = 0.34386816E-01*
#   min/max. wt. =    0.00000            0.625232E-02           *
#                                                               *
#*************   chi**2/iteration =  1.480       ****************


#********** Integration by Vegas (iteration      11) ************
#                                                               *
#  integral  =  138.77780       accum. integral =  138.73481    *
#  std. dev. = 0.73596015E-01   accum. std. dev = 0.31128108E-01*
#   min/max. wt. =    0.00000            0.734817E-02           *
#                                                               *
#*************   chi**2/iteration =  1.372       ****************


#********** Integration by Vegas (iteration      12) ************
#                                                               *
#  integral  =  138.75065       accum. integral =  138.73732    *
#  std. dev. = 0.72281483E-01   accum. std. dev = 0.28572263E-01*
#   min/max. wt. =    0.00000            0.487382E-02           *
#                                                               *
#*************   chi**2/iteration =  1.249       ****************


#********** Integration by Vegas (iteration      13) ************
#                                                               *
#  integral  =  138.79216       accum. integral =  138.74457    *
#  std. dev. = 0.73755925E-01   accum. std. dev = 0.26631637E-01*
#   min/max. wt. =    0.00000            0.747759E-02           *
#                                                               *
#*************   chi**2/iteration =  1.184       ****************


#********** Integration by Vegas (iteration      14) ************
#                                                               *
#  integral  =  138.71350       accum. integral =  138.74082    *
#  std. dev. = 0.72320943E-01   accum. std. dev = 0.24982978E-01*
#   min/max. wt. =    0.00000            0.438703E-02           *
#                                                               *
#*************   chi**2/iteration =  1.105       ****************


#********** Integration by Vegas (iteration      15) ************
#                                                               *
#  integral  =  138.91375       accum. integral =  138.75699    *
#  std. dev. = 0.78387355E-01   accum. std. dev = 0.23798585E-01*
#   min/max. wt. =    0.00000            0.170010E-01           *
#                                                               *
#*************   chi**2/iteration =  1.344       ****************

 ****************************************************
 * Writing out vegas grid to ./data/output.grid                                                      
 ****************************************************

  Input parameters for vegas:  ndim=  9   ncall= 80707214.
                              it=    0    itmx=    2
                              acc=-1.00    
                              mds=  1     nd=  50
                              (xl,xu)= (  0.00000     ,  1.00000     )
                                       (  0.00000     ,  1.00000     )
                                       (  0.00000     ,  1.00000     )
                                       (  0.00000     ,  1.00000     )
                                       (  0.00000     ,  1.00000     )
                                       (  0.00000     ,  1.00000     )
                                       (  0.00000     ,  1.00000     )
                                       (  0.00000     ,  1.00000     )
                                       (  0.00000     ,  1.00000     )

#********** Integration by Vegas (iteration       1) ************
#                                                               *
#  integral  =  138.74340       accum. integral =  138.74340    *
#  std. dev. = 0.74344481E-01   accum. std. dev = 0.74344481E-01*
#   min/max. wt. =    0.00000            0.102687E-01           *
#                                                               *
#*************   chi**2/iteration =  0.000       ****************


#********** Integration by Vegas (iteration       2) ************
#                                                               *
#  integral  =  138.80954       accum. integral =  138.77719    *
#  std. dev. = 0.72791175E-01   accum. std. dev = 0.52011352E-01*
#   min/max. wt. =    0.00000            0.477464E-02           *
#                                                               *
#*************   chi**2/iteration = 0.4037       ****************

 Done
