SLURM job running in:  /work-zfs/lhc/heshy/JHUGen/xsecs/JHUGen/JHUGenerator
LHAPDF 6.1.5 loading /work-zfs/lhc/cms/slc6_amd64_gcc493/external/lhapdf/6.1.5-kpegke3/share/LHAPDF/NNPDF30_lo_as_0130/NNPDF30_lo_as_0130_0000.dat
NNPDF30_lo_as_0130 PDF set, member #0, version 2; LHAPDF ID = 263000
 
                                                                                          
   ***************************************************************************************
   *                                JHU Generator v6.9.9                                 *
   ***************************************************************************************
   *                                                                                     *
   *   Spin and parity determination of single-produced resonances at hadron colliders   *
   *                                                                                     *
   *          I. Anderson, S. Bolognesi, F. Caola, Y. Gao, A. Gritsan, Z. Guo,           *
   *        C. Martin, K. Melnikov, R.Rontsch, H. Roskes, U. Sarica, M. Schulze,         *
   *                   N. Tran, A. Whitbeck, M. Xiao, C. You, Y. Zhou                    *
   *                Phys.Rev. D81 (2010) 075022;  arXiv:1001.3396 [hep-ph],              *
   *                Phys.Rev. D86 (2012) 095031;  arXiv:1208.4018 [hep-ph],              *
   *                Phys.Rev. D89 (2014) 035007;  arXiv:1309.4819 [hep-ph].              *
   *                                                                                     *
   ***************************************************************************************
                                                                                          
   
   Command line: ./JHUGen Unweighted=0 VegasNc0=99999999 VegasNc1=99999999 VegasNc2=99999999 LHAPDF=NNPDF30_lo_as_0130/NNPDF30_lo_as_0130.info MReso=865 Process=61 ghg2=1,0 pTjetcut=25 etajetcut=4.7 pTlepcut=5 etalepcut=2.5
   
   Input Parameter:
    Collider: P-P, sqrt(s)=13000.00
    Resonance: spin=0, mass= 865.00 width=   0.00407
    Jet cuts:
            pT >=    25.00 GeV
         |eta| <=     4.70
        DeltaR >=     0.30
           mJJ >=     0.00 GeV
           m4l_min/max      -1.00     -1.00 GeV
    Random seed:   552564530
    To reproduce results using this seed, JHUGen should be compiled with the same compiler:
      GNU Fortran (GCC) 4.8.2
    
    WidthScheme:   2
    LHAPDF set NNPDF30_lo_as_0130/NNPDF30_lo_as_0130.info, member=  0
    Unweighted: F
    
    spin-0-VV couplings: 
      generate_as=F
      ghg2=  0.10000000E+01  0.00000000E+00i
      ghg3=  0.00000000E+00  0.00000000E+00i
      ghg4=  0.00000000E+00  0.00000000E+00i
      ghz1=  0.20000000E+01  0.00000000E+00i
      ghz2=  0.00000000E+00  0.00000000E+00i
      ghz3=  0.00000000E+00  0.00000000E+00i
      ghz4=  0.00000000E+00  0.00000000E+00i
      Lambda=  1000.0
    
    LHE output: ./data/output.lhe
    Histogram output: ./data/output.dat
    Log file: ./data/output.log
    
  Running

  Input parameters for vegas:  ndim=  9   ncall= 80707214.
                              it=    0    itmx=   15
                              acc=-1.00    
                              mds=  1     nd=  50
                              (xl,xu)= (  0.00000     ,  1.00000     )
                                       (  0.00000     ,  1.00000     )
                                       (  0.00000     ,  1.00000     )
                                       (  0.00000     ,  1.00000     )
                                       (  0.00000     ,  1.00000     )
                                       (  0.00000     ,  1.00000     )
                                       (  0.00000     ,  1.00000     )
                                       (  0.00000     ,  1.00000     )
                                       (  0.00000     ,  1.00000     )

#********** Integration by Vegas (iteration       1) ************
#                                                               *
#  integral  =  93.026834       accum. integral =  93.026834    *
#  std. dev. =  6.1352420       accum. std. dev =  6.1352420    *
#   min/max. wt. =    0.00000             2.88223               *
#                                                               *
#*************   chi**2/iteration =  0.000       ****************


#********** Integration by Vegas (iteration       2) ************
#                                                               *
#  integral  =  115.06715       accum. integral =  110.93071    *
#  std. dev. =  3.6476628       accum. std. dev =  2.9893714    *
#   min/max. wt. =    0.00000             3.47878               *
#                                                               *
#*************   chi**2/iteration =  8.279       ****************


#********** Integration by Vegas (iteration       3) ************
#                                                               *
#  integral  =  115.89214       accum. integral =  115.59978    *
#  std. dev. = 0.82856815       accum. std. dev = 0.75260822    *
#   min/max. wt. =    0.00000            0.348806               *
#                                                               *
#*************   chi**2/iteration =  5.055       ****************


#********** Integration by Vegas (iteration       4) ************
#                                                               *
#  integral  =  115.71057       accum. integral =  115.70468    *
#  std. dev. = 0.19021820       accum. std. dev = 0.17652591    *
#   min/max. wt. =    0.00000            0.366504E-01           *
#                                                               *
#*************   chi**2/iteration =  3.265       ****************


#********** Integration by Vegas (iteration       5) ************
#                                                               *
#  integral  =  115.88364       accum. integral =  115.84009    *
#  std. dev. = 0.10512410       accum. std. dev = 0.87971020E-01*
#   min/max. wt. =    0.00000            0.219929E-01           *
#                                                               *
#*************   chi**2/iteration =  2.590       ****************


#********** Integration by Vegas (iteration       6) ************
#                                                               *
#  integral  =  115.96920       accum. integral =  115.91273    *
#  std. dev. = 0.80675394E-01   accum. std. dev = 0.58572146E-01*
#   min/max. wt. =    0.00000            0.165604E-01           *
#                                                               *
#*************   chi**2/iteration =  2.284       ****************


#********** Integration by Vegas (iteration       7) ************
#                                                               *
#  integral  =  115.98259       accum. integral =  115.94321    *
#  std. dev. = 0.68789132E-01   accum. std. dev = 0.44186721E-01*
#   min/max. wt. =    0.00000            0.772733E-02           *
#                                                               *
#*************   chi**2/iteration =  1.987       ****************


#********** Integration by Vegas (iteration       8) ************
#                                                               *
#  integral  =  116.10260       accum. integral =  115.99760    *
#  std. dev. = 0.63199033E-01   accum. std. dev = 0.35997167E-01*
#   min/max. wt. =    0.00000            0.492592E-02           *
#                                                               *
#*************   chi**2/iteration =  2.320       ****************


#********** Integration by Vegas (iteration       9) ************
#                                                               *
#  integral  =  115.95748       accum. integral =  115.98762    *
#  std. dev. = 0.64073075E-01   accum. std. dev = 0.31284993E-01*
#   min/max. wt. =    0.00000            0.859399E-02           *
#                                                               *
#*************   chi**2/iteration =  2.058       ****************


#********** Integration by Vegas (iteration      10) ************
#                                                               *
#  integral  =  116.01827       accum. integral =  115.99397    *
#  std. dev. = 0.62535433E-01   accum. std. dev = 0.27917039E-01*
#   min/max. wt. =    0.00000            0.701169E-02           *
#                                                               *
#*************   chi**2/iteration =  1.843       ****************


#********** Integration by Vegas (iteration      11) ************
#                                                               *
#  integral  =  116.13882       accum. integral =  116.01893    *
#  std. dev. = 0.62464396E-01   accum. std. dev = 0.25447053E-01*
#   min/max. wt. =    0.00000            0.703563E-02           *
#                                                               *
#*************   chi**2/iteration =  2.114       ****************


#********** Integration by Vegas (iteration      12) ************
#                                                               *
#  integral  =  116.17581       accum. integral =  116.04202    *
#  std. dev. = 0.62437051E-01   accum. std. dev = 0.23538141E-01*
#   min/max. wt. =    0.00000            0.735219E-02           *
#                                                               *
#*************   chi**2/iteration =  2.423       ****************


#********** Integration by Vegas (iteration      13) ************
#                                                               *
#  integral  =  115.99505       accum. integral =  116.03594    *
#  std. dev. = 0.62032411E-01   accum. std. dev = 0.21989794E-01*
#   min/max. wt. =    0.00000            0.816995E-02           *
#                                                               *
#*************   chi**2/iteration =  2.258       ****************


#********** Integration by Vegas (iteration      14) ************
#                                                               *
#  integral  =  116.03836       accum. integral =  116.03621    *
#  std. dev. = 0.62359343E-01   accum. std. dev = 0.20725855E-01*
#   min/max. wt. =    0.00000            0.117850E-01           *
#                                                               *
#*************   chi**2/iteration =  2.080       ****************


#********** Integration by Vegas (iteration      15) ************
#                                                               *
#  integral  =  116.05508       accum. integral =  116.03813    *
#  std. dev. = 0.62491936E-01   accum. std. dev = 0.19663074E-01*
#   min/max. wt. =    0.00000            0.413491E-02           *
#                                                               *
#*************   chi**2/iteration =  1.934       ****************

 ****************************************************
 * Writing out vegas grid to ./data/output.grid                                                      
 ****************************************************

  Input parameters for vegas:  ndim=  9   ncall= 80707214.
                              it=    0    itmx=    2
                              acc=-1.00    
                              mds=  1     nd=  50
                              (xl,xu)= (  0.00000     ,  1.00000     )
                                       (  0.00000     ,  1.00000     )
                                       (  0.00000     ,  1.00000     )
                                       (  0.00000     ,  1.00000     )
                                       (  0.00000     ,  1.00000     )
                                       (  0.00000     ,  1.00000     )
                                       (  0.00000     ,  1.00000     )
                                       (  0.00000     ,  1.00000     )
                                       (  0.00000     ,  1.00000     )

#********** Integration by Vegas (iteration       1) ************
#                                                               *
#  integral  =  116.00159       accum. integral =  116.00159    *
#  std. dev. = 0.61741298E-01   accum. std. dev = 0.61741298E-01*
#   min/max. wt. =    0.00000            0.436835E-02           *
#                                                               *
#*************   chi**2/iteration =  0.000       ****************


#********** Integration by Vegas (iteration       2) ************
#                                                               *
#  integral  =  116.09175       accum. integral =  116.04637    *
#  std. dev. = 0.62202564E-01   accum. std. dev = 0.43819989E-01*
#   min/max. wt. =    0.00000            0.536609E-02           *
#                                                               *
#*************   chi**2/iteration =  1.057       ****************

 Done
