SLURM job running in:  /work-zfs/lhc/heshy/JHUGen/xsecs/JHUGen/JHUGenerator
LHAPDF 6.1.5 loading /work-zfs/lhc/cms/slc6_amd64_gcc493/external/lhapdf/6.1.5-kpegke3/share/LHAPDF/NNPDF30_lo_as_0130/NNPDF30_lo_as_0130_0000.dat
NNPDF30_lo_as_0130 PDF set, member #0, version 2; LHAPDF ID = 263000
 
                                                                                          
   ***************************************************************************************
   *                                JHU Generator v6.9.9                                 *
   ***************************************************************************************
   *                                                                                     *
   *   Spin and parity determination of single-produced resonances at hadron colliders   *
   *                                                                                     *
   *          I. Anderson, S. Bolognesi, F. Caola, Y. Gao, A. Gritsan, Z. Guo,           *
   *        C. Martin, K. Melnikov, R.Rontsch, H. Roskes, U. Sarica, M. Schulze,         *
   *                   N. Tran, A. Whitbeck, M. Xiao, C. You, Y. Zhou                    *
   *                Phys.Rev. D81 (2010) 075022;  arXiv:1001.3396 [hep-ph],              *
   *                Phys.Rev. D86 (2012) 095031;  arXiv:1208.4018 [hep-ph],              *
   *                Phys.Rev. D89 (2014) 035007;  arXiv:1309.4819 [hep-ph].              *
   *                                                                                     *
   ***************************************************************************************
                                                                                          
   
   Command line: ./JHUGen Unweighted=0 VegasNc0=99999999 VegasNc1=99999999 VegasNc2=99999999 LHAPDF=NNPDF30_lo_as_0130/NNPDF30_lo_as_0130.info MReso=900 Process=61 ghg2=1,0 pTjetcut=25 etajetcut=4.7 pTlepcut=5 etalepcut=2.5
   
   Input Parameter:
    Collider: P-P, sqrt(s)=13000.00
    Resonance: spin=0, mass= 900.00 width=   0.00407
    Jet cuts:
            pT >=    25.00 GeV
         |eta| <=     4.70
        DeltaR >=     0.30
           mJJ >=     0.00 GeV
           m4l_min/max      -1.00     -1.00 GeV
    Random seed:   989939658
    To reproduce results using this seed, JHUGen should be compiled with the same compiler:
      GNU Fortran (GCC) 4.8.2
    
    WidthScheme:   2
    LHAPDF set NNPDF30_lo_as_0130/NNPDF30_lo_as_0130.info, member=  0
    Unweighted: F
    
    spin-0-VV couplings: 
      generate_as=F
      ghg2=  0.10000000E+01  0.00000000E+00i
      ghg3=  0.00000000E+00  0.00000000E+00i
      ghg4=  0.00000000E+00  0.00000000E+00i
      ghz1=  0.20000000E+01  0.00000000E+00i
      ghz2=  0.00000000E+00  0.00000000E+00i
      ghz3=  0.00000000E+00  0.00000000E+00i
      ghz4=  0.00000000E+00  0.00000000E+00i
      Lambda=  1000.0
    
    LHE output: ./data/output.lhe
    Histogram output: ./data/output.dat
    Log file: ./data/output.log
    
  Running

  Input parameters for vegas:  ndim=  9   ncall= 80707214.
                              it=    0    itmx=   15
                              acc=-1.00    
                              mds=  1     nd=  50
                              (xl,xu)= (  0.00000     ,  1.00000     )
                                       (  0.00000     ,  1.00000     )
                                       (  0.00000     ,  1.00000     )
                                       (  0.00000     ,  1.00000     )
                                       (  0.00000     ,  1.00000     )
                                       (  0.00000     ,  1.00000     )
                                       (  0.00000     ,  1.00000     )
                                       (  0.00000     ,  1.00000     )
                                       (  0.00000     ,  1.00000     )

#********** Integration by Vegas (iteration       1) ************
#                                                               *
#  integral  =  181.54554       accum. integral =  181.54554    *
#  std. dev. =  45.716282       accum. std. dev =  45.716282    *
#   min/max. wt. =    0.00000             34.3174               *
#                                                               *
#*************   chi**2/iteration =  0.000       ****************


#********** Integration by Vegas (iteration       2) ************
#                                                               *
#  integral  =  99.903973       accum. integral =  100.09882    *
#  std. dev. =  1.2304915       accum. std. dev =  1.8025650    *
#   min/max. wt. =    0.00000            0.492770               *
#                                                               *
#*************   chi**2/iteration =  4.879       ****************


#********** Integration by Vegas (iteration       3) ************
#                                                               *
#  integral  =  102.97254       accum. integral =  102.49376    *
#  std. dev. = 0.56639344       accum. std. dev = 0.67082999    *
#   min/max. wt. =    0.00000            0.259295               *
#                                                               *
#*************   chi**2/iteration =  4.210       ****************


#********** Integration by Vegas (iteration       4) ************
#                                                               *
#  integral  =  102.51076       accum. integral =  102.50912    *
#  std. dev. = 0.16839286       accum. std. dev = 0.19756535    *
#   min/max. wt. =    0.00000            0.311218E-01           *
#                                                               *
#*************   chi**2/iteration =  3.129       ****************


#********** Integration by Vegas (iteration       5) ************
#                                                               *
#  integral  =  102.79737       accum. integral =  102.68343    *
#  std. dev. = 0.12975815       accum. std. dev = 0.11991355    *
#   min/max. wt. =    0.00000            0.923089E-01           *
#                                                               *
#*************   chi**2/iteration =  2.863       ****************


#********** Integration by Vegas (iteration       6) ************
#                                                               *
#  integral  =  102.81493       accum. integral =  102.75472    *
#  std. dev. = 0.92743106E-01   accum. std. dev = 0.79141729E-01*
#   min/max. wt. =    0.00000            0.721837E-02           *
#                                                               *
#*************   chi**2/iteration =  2.545       ****************


#********** Integration by Vegas (iteration       7) ************
#                                                               *
#  integral  =  102.74217       accum. integral =  102.74790    *
#  std. dev. = 0.62564428E-01   accum. std. dev = 0.52494169E-01*
#   min/max. wt. =    0.00000            0.759767E-02           *
#                                                               *
#*************   chi**2/iteration =  2.204       ****************


#********** Integration by Vegas (iteration       8) ************
#                                                               *
#  integral  =  102.74536       accum. integral =  102.74691    *
#  std. dev. = 0.57349561E-01   accum. std. dev = 0.40320589E-01*
#   min/max. wt. =    0.00000            0.442512E-02           *
#                                                               *
#*************   chi**2/iteration =  1.945       ****************


#********** Integration by Vegas (iteration       9) ************
#                                                               *
#  integral  =  102.73482       accum. integral =  102.74333    *
#  std. dev. = 0.55439992E-01   accum. std. dev = 0.33445763E-01*
#   min/max. wt. =    0.00000            0.395510E-02           *
#                                                               *
#*************   chi**2/iteration =  1.745       ****************


#********** Integration by Vegas (iteration      10) ************
#                                                               *
#  integral  =  102.59187       accum. integral =  102.70904    *
#  std. dev. = 0.55666990E-01   accum. std. dev = 0.29137618E-01*
#   min/max. wt. =    0.00000            0.855250E-02           *
#                                                               *
#*************   chi**2/iteration =  2.107       ****************


#********** Integration by Vegas (iteration      11) ************
#                                                               *
#  integral  =  102.84211       accum. integral =  102.73366    *
#  std. dev. = 0.55728515E-01   accum. std. dev = 0.26101121E-01*
#   min/max. wt. =    0.00000            0.655016E-02           *
#                                                               *
#*************   chi**2/iteration =  2.317       ****************


#********** Integration by Vegas (iteration      12) ************
#                                                               *
#  integral  =  102.75456       accum. integral =  102.73702    *
#  std. dev. = 0.54762231E-01   accum. std. dev = 0.23756209E-01*
#   min/max. wt. =    0.00000            0.443599E-02           *
#                                                               *
#*************   chi**2/iteration =  2.144       ****************


#********** Integration by Vegas (iteration      13) ************
#                                                               *
#  integral  =  102.87009       accum. integral =  102.75485    *
#  std. dev. = 0.55834276E-01   accum. std. dev = 0.21983205E-01*
#   min/max. wt. =    0.00000            0.105709E-01           *
#                                                               *
#*************   chi**2/iteration =  2.342       ****************


#********** Integration by Vegas (iteration      14) ************
#                                                               *
#  integral  =  102.72945       accum. integral =  102.75170    *
#  std. dev. = 0.54198434E-01   accum. std. dev = 0.20470929E-01*
#   min/max. wt. =    0.00000            0.301603E-02           *
#                                                               *
#*************   chi**2/iteration =  2.197       ****************


#********** Integration by Vegas (iteration      15) ************
#                                                               *
#  integral  =  102.76959       accum. integral =  102.75369    *
#  std. dev. = 0.53939110E-01   accum. std. dev = 0.19212800E-01*
#   min/max. wt. =    0.00000            0.642431E-02           *
#                                                               *
#*************   chi**2/iteration =  2.063       ****************

 ****************************************************
 * Writing out vegas grid to ./data/output.grid                                                      
 ****************************************************

  Input parameters for vegas:  ndim=  9   ncall= 80707214.
                              it=    0    itmx=    2
                              acc=-1.00    
                              mds=  1     nd=  50
                              (xl,xu)= (  0.00000     ,  1.00000     )
                                       (  0.00000     ,  1.00000     )
                                       (  0.00000     ,  1.00000     )
                                       (  0.00000     ,  1.00000     )
                                       (  0.00000     ,  1.00000     )
                                       (  0.00000     ,  1.00000     )
                                       (  0.00000     ,  1.00000     )
                                       (  0.00000     ,  1.00000     )
                                       (  0.00000     ,  1.00000     )

#********** Integration by Vegas (iteration       1) ************
#                                                               *
#  integral  =  102.65682       accum. integral =  102.65682    *
#  std. dev. = 0.54252987E-01   accum. std. dev = 0.54252987E-01*
#   min/max. wt. =    0.00000            0.505539E-02           *
#                                                               *
#*************   chi**2/iteration =  0.000       ****************


#********** Integration by Vegas (iteration       2) ************
#                                                               *
#  integral  =  102.79574       accum. integral =  102.72573    *
#  std. dev. = 0.54757603E-01   accum. std. dev = 0.38540066E-01*
#   min/max. wt. =    0.00000            0.732159E-02           *
#                                                               *
#*************   chi**2/iteration =  3.245       ****************

 Done
