SLURM job running in:  /work-zfs/lhc/heshy/JHUGen/xsecs/JHUGen/JHUGenerator
LHAPDF 6.1.5 loading /work-zfs/lhc/cms/slc6_amd64_gcc493/external/lhapdf/6.1.5-kpegke3/share/LHAPDF/NNPDF30_lo_as_0130/NNPDF30_lo_as_0130_0000.dat
NNPDF30_lo_as_0130 PDF set, member #0, version 2; LHAPDF ID = 263000
 
                                                                                          
   ***************************************************************************************
   *                                JHU Generator v6.9.9                                 *
   ***************************************************************************************
   *                                                                                     *
   *   Spin and parity determination of single-produced resonances at hadron colliders   *
   *                                                                                     *
   *          I. Anderson, S. Bolognesi, F. Caola, Y. Gao, A. Gritsan, Z. Guo,           *
   *        C. Martin, K. Melnikov, R.Rontsch, H. Roskes, U. Sarica, M. Schulze,         *
   *                   N. Tran, A. Whitbeck, M. Xiao, C. You, Y. Zhou                    *
   *                Phys.Rev. D81 (2010) 075022;  arXiv:1001.3396 [hep-ph],              *
   *                Phys.Rev. D86 (2012) 095031;  arXiv:1208.4018 [hep-ph],              *
   *                Phys.Rev. D89 (2014) 035007;  arXiv:1309.4819 [hep-ph].              *
   *                                                                                     *
   ***************************************************************************************
                                                                                          
   
   Command line: ./JHUGen Unweighted=0 VegasNc0=99999999 VegasNc1=99999999 VegasNc2=99999999 LHAPDF=NNPDF30_lo_as_0130/NNPDF30_lo_as_0130.info MReso=92 Process=61 ghg2=1,0 pTjetcut=25 etajetcut=4.7 pTlepcut=5 etalepcut=2.5
   
   Input Parameter:
    Collider: P-P, sqrt(s)=13000.00
    Resonance: spin=0, mass=  92.00 width=   0.00407
    Jet cuts:
            pT >=    25.00 GeV
         |eta| <=     4.70
        DeltaR >=     0.30
           mJJ >=     0.00 GeV
           m4l_min/max      -1.00     -1.00 GeV
    Random seed:   462672519
    To reproduce results using this seed, JHUGen should be compiled with the same compiler:
      GNU Fortran (GCC) 4.8.2
    
    WidthScheme:   2
    LHAPDF set NNPDF30_lo_as_0130/NNPDF30_lo_as_0130.info, member=  0
    Unweighted: F
    
    spin-0-VV couplings: 
      generate_as=F
      ghg2=  0.10000000E+01  0.00000000E+00i
      ghg3=  0.00000000E+00  0.00000000E+00i
      ghg4=  0.00000000E+00  0.00000000E+00i
      ghz1=  0.20000000E+01  0.00000000E+00i
      ghz2=  0.00000000E+00  0.00000000E+00i
      ghz3=  0.00000000E+00  0.00000000E+00i
      ghz4=  0.00000000E+00  0.00000000E+00i
      Lambda=  1000.0
    
    LHE output: ./data/output.lhe
    Histogram output: ./data/output.dat
    Log file: ./data/output.log
    
  Running

  Input parameters for vegas:  ndim=  9   ncall= 80707214.
                              it=    0    itmx=   15
                              acc=-1.00    
                              mds=  1     nd=  50
                              (xl,xu)= (  0.00000     ,  1.00000     )
                                       (  0.00000     ,  1.00000     )
                                       (  0.00000     ,  1.00000     )
                                       (  0.00000     ,  1.00000     )
                                       (  0.00000     ,  1.00000     )
                                       (  0.00000     ,  1.00000     )
                                       (  0.00000     ,  1.00000     )
                                       (  0.00000     ,  1.00000     )
                                       (  0.00000     ,  1.00000     )

#********** Integration by Vegas (iteration       1) ************
#                                                               *
#  integral  =  9848.6621       accum. integral =  9848.6621    *
#  std. dev. =  970.43669       accum. std. dev =  970.43669    *
#   min/max. wt. =    0.00000             896.499               *
#                                                               *
#*************   chi**2/iteration = 0.1582E-10   ****************


#********** Integration by Vegas (iteration       2) ************
#                                                               *
#  integral  =  10301.355       accum. integral =  10298.606    *
#  std. dev. =  79.331832       accum. std. dev =  77.372342    *
#   min/max. wt. =    0.00000             23.0622               *
#                                                               *
#*************   chi**2/iteration = 0.2064       ****************


#********** Integration by Vegas (iteration       3) ************
#                                                               *
#  integral  =  10425.037       accum. integral =  10415.140    *
#  std. dev. =  23.326562       accum. std. dev =  21.900074    *
#   min/max. wt. =    0.00000             10.0164               *
#                                                               *
#*************   chi**2/iteration =  1.303       ****************


#********** Integration by Vegas (iteration       4) ************
#                                                               *
#  integral  =  10451.665       accum. integral =  10440.561    *
#  std. dev. =  14.839132       accum. std. dev =  12.152053    *
#   min/max. wt. =    0.00000             7.59464               *
#                                                               *
#*************   chi**2/iteration =  1.495       ****************


#********** Integration by Vegas (iteration       5) ************
#                                                               *
#  integral  =  10458.119       accum. integral =  10452.663    *
#  std. dev. =  8.3175313       accum. std. dev =  6.8006033    *
#   min/max. wt. =    0.00000             1.30146               *
#                                                               *
#*************   chi**2/iteration =  1.469       ****************


#********** Integration by Vegas (iteration       6) ************
#                                                               *
#  integral  =  10514.784       accum. integral =  10454.568    *
#  std. dev. =  39.031668       accum. std. dev =  6.7190289    *
#   min/max. wt. =    0.00000             38.4122               *
#                                                               *
#*************   chi**2/iteration =  1.675       ****************


#********** Integration by Vegas (iteration       7) ************
#                                                               *
#  integral  =  10481.102       accum. integral =  10456.096    *
#  std. dev. =  27.560935       accum. std. dev =  6.5358482    *
#   min/max. wt. =    0.00000             3.83830               *
#                                                               *
#*************   chi**2/iteration =  1.540       ****************


#********** Integration by Vegas (iteration       8) ************
#                                                               *
#  integral  =  10467.851       accum. integral =  10461.936    *
#  std. dev. =  6.6484466       accum. std. dev =  4.6425597    *
#   min/max. wt. =    0.00000            0.503065               *
#                                                               *
#*************   chi**2/iteration =  1.545       ****************


#********** Integration by Vegas (iteration       9) ************
#                                                               *
#  integral  =  10475.678       accum. integral =  10467.636    *
#  std. dev. =  5.5704242       accum. std. dev =  3.5555658    *
#   min/max. wt. =    0.00000             1.87867               *
#                                                               *
#*************   chi**2/iteration =  1.802       ****************


#********** Integration by Vegas (iteration      10) ************
#                                                               *
#  integral  =  10469.226       accum. integral =  10468.172    *
#  std. dev. =  5.0275866       accum. std. dev =  2.8972960    *
#   min/max. wt. =    0.00000            0.576795               *
#                                                               *
#*************   chi**2/iteration =  1.607       ****************


#********** Integration by Vegas (iteration      11) ************
#                                                               *
#  integral  =  10464.619       accum. integral =  10467.214    *
#  std. dev. =  4.8022784       accum. std. dev =  2.4776818    *
#   min/max. wt. =    0.00000            0.531255               *
#                                                               *
#*************   chi**2/iteration =  1.485       ****************


#********** Integration by Vegas (iteration      12) ************
#                                                               *
#  integral  =  10470.175       accum. integral =  10467.842    *
#  std. dev. =  4.8079131       accum. std. dev =  2.2004899    *
#   min/max. wt. =    0.00000            0.584300               *
#                                                               *
#*************   chi**2/iteration =  1.376       ****************


#********** Integration by Vegas (iteration      13) ************
#                                                               *
#  integral  =  10470.972       accum. integral =  10468.350    *
#  std. dev. =  5.0317982       accum. std. dev =  2.0150408    *
#   min/max. wt. =    0.00000             1.10441               *
#                                                               *
#*************   chi**2/iteration =  1.287       ****************


#********** Integration by Vegas (iteration      14) ************
#                                                               *
#  integral  =  10478.473       accum. integral =  10469.837    *
#  std. dev. =  4.8886211       accum. std. dev =  1.8620659    *
#   min/max. wt. =    0.00000            0.292783               *
#                                                               *
#*************   chi**2/iteration =  1.472       ****************


#********** Integration by Vegas (iteration      15) ************
#                                                               *
#  integral  =  10472.881       accum. integral =  10470.233    *
#  std. dev. =  4.8459248       accum. std. dev =  1.7375510    *
#   min/max. wt. =    0.00000            0.395049               *
#                                                               *
#*************   chi**2/iteration =  1.390       ****************

 ****************************************************
 * Writing out vegas grid to ./data/output.grid                                                      
 ****************************************************

  Input parameters for vegas:  ndim=  9   ncall= 80707214.
                              it=    0    itmx=    2
                              acc=-1.00    
                              mds=  1     nd=  50
                              (xl,xu)= (  0.00000     ,  1.00000     )
                                       (  0.00000     ,  1.00000     )
                                       (  0.00000     ,  1.00000     )
                                       (  0.00000     ,  1.00000     )
                                       (  0.00000     ,  1.00000     )
                                       (  0.00000     ,  1.00000     )
                                       (  0.00000     ,  1.00000     )
                                       (  0.00000     ,  1.00000     )
                                       (  0.00000     ,  1.00000     )

#********** Integration by Vegas (iteration       1) ************
#                                                               *
#  integral  =  10456.859       accum. integral =  10456.859    *
#  std. dev. =  4.7453001       accum. std. dev =  4.7453001    *
#   min/max. wt. =    0.00000            0.310557               *
#                                                               *
#*************   chi**2/iteration =  0.000       ****************


#********** Integration by Vegas (iteration       2) ************
#                                                               *
#  integral  =  10469.036       accum. integral =  10462.718    *
#  std. dev. =  4.9334864       accum. std. dev =  3.4201051    *
#   min/max. wt. =    0.00000            0.819620               *
#                                                               *
#*************   chi**2/iteration =  3.162       ****************

 Done
