SLURM job running in:  /work-zfs/lhc/heshy/JHUGen/xsecs/JHUGen/JHUGenerator
LHAPDF 6.1.5 loading /work-zfs/lhc/cms/slc6_amd64_gcc493/external/lhapdf/6.1.5-kpegke3/share/LHAPDF/NNPDF30_lo_as_0130/NNPDF30_lo_as_0130_0000.dat
NNPDF30_lo_as_0130 PDF set, member #0, version 2; LHAPDF ID = 263000
 
                                                                                          
   ***************************************************************************************
   *                                JHU Generator v6.9.9                                 *
   ***************************************************************************************
   *                                                                                     *
   *   Spin and parity determination of single-produced resonances at hadron colliders   *
   *                                                                                     *
   *          I. Anderson, S. Bolognesi, F. Caola, Y. Gao, A. Gritsan, Z. Guo,           *
   *        C. Martin, K. Melnikov, R.Rontsch, H. Roskes, U. Sarica, M. Schulze,         *
   *                   N. Tran, A. Whitbeck, M. Xiao, C. You, Y. Zhou                    *
   *                Phys.Rev. D81 (2010) 075022;  arXiv:1001.3396 [hep-ph],              *
   *                Phys.Rev. D86 (2012) 095031;  arXiv:1208.4018 [hep-ph],              *
   *                Phys.Rev. D89 (2014) 035007;  arXiv:1309.4819 [hep-ph].              *
   *                                                                                     *
   ***************************************************************************************
                                                                                          
   
   Command line: ./JHUGen Unweighted=0 VegasNc0=99999999 VegasNc1=99999999 VegasNc2=99999999 LHAPDF=NNPDF30_lo_as_0130/NNPDF30_lo_as_0130.info MReso=965 Process=61 ghg2=1,0 pTjetcut=25 etajetcut=4.7 pTlepcut=5 etalepcut=2.5
   
   Input Parameter:
    Collider: P-P, sqrt(s)=13000.00
    Resonance: spin=0, mass= 965.00 width=   0.00407
    Jet cuts:
            pT >=    25.00 GeV
         |eta| <=     4.70
        DeltaR >=     0.30
           mJJ >=     0.00 GeV
           m4l_min/max      -1.00     -1.00 GeV
    Random seed:   180552663
    To reproduce results using this seed, JHUGen should be compiled with the same compiler:
      GNU Fortran (GCC) 4.8.2
    
    WidthScheme:   2
    LHAPDF set NNPDF30_lo_as_0130/NNPDF30_lo_as_0130.info, member=  0
    Unweighted: F
    
    spin-0-VV couplings: 
      generate_as=F
      ghg2=  0.10000000E+01  0.00000000E+00i
      ghg3=  0.00000000E+00  0.00000000E+00i
      ghg4=  0.00000000E+00  0.00000000E+00i
      ghz1=  0.20000000E+01  0.00000000E+00i
      ghz2=  0.00000000E+00  0.00000000E+00i
      ghz3=  0.00000000E+00  0.00000000E+00i
      ghz4=  0.00000000E+00  0.00000000E+00i
      Lambda=  1000.0
    
    LHE output: ./data/output.lhe
    Histogram output: ./data/output.dat
    Log file: ./data/output.log
    
  Running

  Input parameters for vegas:  ndim=  9   ncall= 80707214.
                              it=    0    itmx=   15
                              acc=-1.00    
                              mds=  1     nd=  50
                              (xl,xu)= (  0.00000     ,  1.00000     )
                                       (  0.00000     ,  1.00000     )
                                       (  0.00000     ,  1.00000     )
                                       (  0.00000     ,  1.00000     )
                                       (  0.00000     ,  1.00000     )
                                       (  0.00000     ,  1.00000     )
                                       (  0.00000     ,  1.00000     )
                                       (  0.00000     ,  1.00000     )
                                       (  0.00000     ,  1.00000     )

#********** Integration by Vegas (iteration       1) ************
#                                                               *
#  integral  =  71.560504       accum. integral =  71.560504    *
#  std. dev. =  10.867681       accum. std. dev =  10.867681    *
#   min/max. wt. =    0.00000             10.5033               *
#                                                               *
#*************   chi**2/iteration =  0.000       ****************


#********** Integration by Vegas (iteration       2) ************
#                                                               *
#  integral  =  83.337205       accum. integral =  82.864883    *
#  std. dev. =  2.5870121       accum. std. dev =  2.3623140    *
#   min/max. wt. =    0.00000             2.23717               *
#                                                               *
#*************   chi**2/iteration = 0.9558       ****************


#********** Integration by Vegas (iteration       3) ************
#                                                               *
#  integral  =  82.661082       accum. integral =  82.670968    *
#  std. dev. = 0.56763604       accum. std. dev = 0.53165367    *
#   min/max. wt. =    0.00000            0.300832               *
#                                                               *
#*************   chi**2/iteration = 0.4613       ****************


#********** Integration by Vegas (iteration       4) ************
#                                                               *
#  integral  =  82.395044       accum. integral =  82.431411    *
#  std. dev. = 0.21504178       accum. std. dev = 0.19487887    *
#   min/max. wt. =    0.00000            0.159086               *
#                                                               *
#*************   chi**2/iteration = 0.3782       ****************


#********** Integration by Vegas (iteration       5) ************
#                                                               *
#  integral  =  82.440098       accum. integral =  82.437952    *
#  std. dev. = 0.11481794       accum. std. dev = 0.97414209E-01*
#   min/max. wt. =    0.00000            0.411117E-01           *
#                                                               *
#*************   chi**2/iteration = 0.2807       ****************


#********** Integration by Vegas (iteration       6) ************
#                                                               *
#  integral  =  82.363640       accum. integral =  82.382781    *
#  std. dev. = 0.58630868E-01   accum. std. dev = 0.49620608E-01*
#   min/max. wt. =    0.00000            0.871068E-02           *
#                                                               *
#*************   chi**2/iteration = 0.3087       ****************


#********** Integration by Vegas (iteration       7) ************
#                                                               *
#  integral  =  82.439169       accum. integral =  82.413029    *
#  std. dev. = 0.47006472E-01   accum. std. dev = 0.33877482E-01*
#   min/max. wt. =    0.00000            0.440376E-02           *
#                                                               *
#*************   chi**2/iteration = 0.3707       ****************


#********** Integration by Vegas (iteration       8) ************
#                                                               *
#  integral  =  82.446028       accum. integral =  82.425124    *
#  std. dev. = 0.45265429E-01   accum. std. dev = 0.27019049E-01*
#   min/max. wt. =    0.00000            0.366272E-02           *
#                                                               *
#*************   chi**2/iteration = 0.3659       ****************


#********** Integration by Vegas (iteration       9) ************
#                                                               *
#  integral  =  82.385889       accum. integral =  82.414639    *
#  std. dev. = 0.45347603E-01   accum. std. dev = 0.23163983E-01*
#   min/max. wt. =    0.00000            0.837133E-02           *
#                                                               *
#*************   chi**2/iteration = 0.3894       ****************


#********** Integration by Vegas (iteration      10) ************
#                                                               *
#  integral  =  82.458821       accum. integral =  82.424014    *
#  std. dev. = 0.45209772E-01   accum. std. dev = 0.20586809E-01*
#   min/max. wt. =    0.00000            0.675467E-02           *
#                                                               *
#*************   chi**2/iteration = 0.4308       ****************


#********** Integration by Vegas (iteration      11) ************
#                                                               *
#  integral  =  82.431375       accum. integral =  82.425373    *
#  std. dev. = 0.43743288E-01   accum. std. dev = 0.18608092E-01*
#   min/max. wt. =    0.00000            0.273253E-02           *
#                                                               *
#*************   chi**2/iteration = 0.3893       ****************


#********** Integration by Vegas (iteration      12) ************
#                                                               *
#  integral  =  82.391653       accum. integral =  82.420283    *
#  std. dev. = 0.44560127E-01   accum. std. dev = 0.17160149E-01*
#   min/max. wt. =    0.00000            0.917175E-02           *
#                                                               *
#*************   chi**2/iteration = 0.3983       ****************


#********** Integration by Vegas (iteration      13) ************
#                                                               *
#  integral  =  82.388446       accum. integral =  82.416093    *
#  std. dev. = 0.44471521E-01   accum. std. dev = 0.16002141E-01*
#   min/max. wt. =    0.00000            0.825558E-02           *
#                                                               *
#*************   chi**2/iteration = 0.4023       ****************


#********** Integration by Vegas (iteration      14) ************
#                                                               *
#  integral  =  82.409324       accum. integral =  82.415286    *
#  std. dev. = 0.43852473E-01   accum. std. dev = 0.15026712E-01*
#   min/max. wt. =    0.00000            0.404003E-02           *
#                                                               *
#*************   chi**2/iteration = 0.3726       ****************


#********** Integration by Vegas (iteration      15) ************
#                                                               *
#  integral  =  82.354991       accum. integral =  82.408928    *
#  std. dev. = 0.44079033E-01   accum. std. dev = 0.14219146E-01*
#   min/max. wt. =    0.00000            0.530883E-02           *
#                                                               *
#*************   chi**2/iteration = 0.4668       ****************

 ****************************************************
 * Writing out vegas grid to ./data/output.grid                                                      
 ****************************************************

  Input parameters for vegas:  ndim=  9   ncall= 80707214.
                              it=    0    itmx=    2
                              acc=-1.00    
                              mds=  1     nd=  50
                              (xl,xu)= (  0.00000     ,  1.00000     )
                                       (  0.00000     ,  1.00000     )
                                       (  0.00000     ,  1.00000     )
                                       (  0.00000     ,  1.00000     )
                                       (  0.00000     ,  1.00000     )
                                       (  0.00000     ,  1.00000     )
                                       (  0.00000     ,  1.00000     )
                                       (  0.00000     ,  1.00000     )
                                       (  0.00000     ,  1.00000     )

#********** Integration by Vegas (iteration       1) ************
#                                                               *
#  integral  =  82.401056       accum. integral =  82.401056    *
#  std. dev. = 0.44598406E-01   accum. std. dev = 0.44598406E-01*
#   min/max. wt. =    0.00000            0.756467E-02           *
#                                                               *
#*************   chi**2/iteration =  0.000       ****************


#********** Integration by Vegas (iteration       2) ************
#                                                               *
#  integral  =  82.341679       accum. integral =  82.371161    *
#  std. dev. = 0.44258246E-01   accum. std. dev = 0.31414967E-01*
#   min/max. wt. =    0.00000            0.421190E-02           *
#                                                               *
#*************   chi**2/iteration = 0.8921       ****************

 Done
